<?xml version="1.0" encoding="UTF-8"?>
<testsuite xmlns:xsi="http://www.w3.org/2001/XMLSchema-instance" xsi:noNamespaceSchemaLocation="https://maven.apache.org/surefire/maven-surefire-plugin/xsd/surefire-test-report-3.0.xsd" version="3.0" name="com.ejercicio2.TestRunner" time="81.427" tests="25" errors="0" skipped="0" failures="25">
  <properties>
    <property name="java.specification.version" value="17"/>
    <property name="sun.cpu.isalist" value="amd64"/>
    <property name="sun.jnu.encoding" value="Cp1252"/>
    <property name="java.class.path" value="C:\Users\aromero\OneDrive - RED TRANSACCIONAL COOPERATIVA RTC COONECTA\Escritorio\PRUEBA - TATA\Karate-EJERCICIO2\target\test-classes;C:\Users\aromero\OneDrive - RED TRANSACCIONAL COOPERATIVA RTC COONECTA\Escritorio\PRUEBA - TATA\Karate-EJERCICIO2\target\classes;C:\Users\aromero\.m2\repository\com\intuit\karate\karate-junit5\1.4.0\karate-junit5-1.4.0.jar;C:\Users\aromero\.m2\repository\com\intuit\karate\karate-core\1.4.0\karate-core-1.4.0.jar;C:\Users\aromero\.m2\repository\org\graalvm\js\js-scriptengine\22.3.0\js-scriptengine-22.3.0.jar;C:\Users\aromero\.m2\repository\org\graalvm\sdk\graal-sdk\22.3.0\graal-sdk-22.3.0.jar;C:\Users\aromero\.m2\repository\org\graalvm\js\js\22.3.0\js-22.3.0.jar;C:\Users\aromero\.m2\repository\org\graalvm\regex\regex\22.3.0\regex-22.3.0.jar;C:\Users\aromero\.m2\repository\org\graalvm\truffle\truffle-api\22.3.0\truffle-api-22.3.0.jar;C:\Users\aromero\.m2\repository\com\ibm\icu\icu4j\71.1\icu4j-71.1.jar;C:\Users\aromero\.m2\repository\org\thymeleaf\thymeleaf\3.0.14.RELEASE\thymeleaf-3.0.14.RELEASE.jar;C:\Users\aromero\.m2\repository\ognl\ognl\3.1.26\ognl-3.1.26.jar;C:\Users\aromero\.m2\repository\org\javassist\javassist\3.20.0-GA\javassist-3.20.0-GA.jar;C:\Users\aromero\.m2\repository\org\attoparser\attoparser\2.0.5.RELEASE\attoparser-2.0.5.RELEASE.jar;C:\Users\aromero\.m2\repository\org\unbescape\unbescape\1.1.6.RELEASE\unbescape-1.1.6.RELEASE.jar;C:\Users\aromero\.m2\repository\org\slf4j\slf4j-api\1.7.25\slf4j-api-1.7.25.jar;C:\Users\aromero\.m2\repository\com\linecorp\armeria\armeria\1.22.0\armeria-1.22.0.jar;C:\Users\aromero\.m2\repository\com\fasterxml\jackson\core\jackson-core\2.14.2\jackson-core-2.14.2.jar;C:\Users\aromero\.m2\repository\com\fasterxml\jackson\core\jackson-annotations\2.14.2\jackson-annotations-2.14.2.jar;C:\Users\aromero\.m2\repository\com\fasterxml\jackson\core\jackson-databind\2.14.2\jackson-databind-2.14.2.jar;C:\Users\aromero\.m2\repository\com\fasterxml\jackson\datatype\jackson-datatype-jdk8\2.14.2\jackson-datatype-jdk8-2.14.2.jar;C:\Users\aromero\.m2\repository\com\fasterxml\jackson\datatype\jackson-datatype-jsr310\2.14.2\jackson-datatype-jsr310-2.14.2.jar;C:\Users\aromero\.m2\repository\io\micrometer\micrometer-core\1.10.3\micrometer-core-1.10.3.jar;C:\Users\aromero\.m2\repository\io\micrometer\micrometer-commons\1.10.3\micrometer-commons-1.10.3.jar;C:\Users\aromero\.m2\repository\io\micrometer\micrometer-observation\1.10.3\micrometer-observation-1.10.3.jar;C:\Users\aromero\.m2\repository\org\hdrhistogram\HdrHistogram\2.1.12\HdrHistogram-2.1.12.jar;C:\Users\aromero\.m2\repository\org\latencyutils\LatencyUtils\2.0.3\LatencyUtils-2.0.3.jar;C:\Users\aromero\.m2\repository\io\netty\netty-transport\4.1.87.Final\netty-transport-4.1.87.Final.jar;C:\Users\aromero\.m2\repository\io\netty\netty-common\4.1.87.Final\netty-common-4.1.87.Final.jar;C:\Users\aromero\.m2\repository\io\netty\netty-buffer\4.1.87.Final\netty-buffer-4.1.87.Final.jar;C:\Users\aromero\.m2\repository\io\netty\netty-resolver\4.1.87.Final\netty-resolver-4.1.87.Final.jar;C:\Users\aromero\.m2\repository\io\netty\netty-codec-haproxy\4.1.87.Final\netty-codec-haproxy-4.1.87.Final.jar;C:\Users\aromero\.m2\repository\io\netty\netty-codec\4.1.87.Final\netty-codec-4.1.87.Final.jar;C:\Users\aromero\.m2\repository\io\netty\netty-codec-http2\4.1.87.Final\netty-codec-http2-4.1.87.Final.jar;C:\Users\aromero\.m2\repository\io\netty\netty-handler\4.1.87.Final\netty-handler-4.1.87.Final.jar;C:\Users\aromero\.m2\repository\io\netty\netty-codec-http\4.1.87.Final\netty-codec-http-4.1.87.Final.jar;C:\Users\aromero\.m2\repository\io\netty\netty-resolver-dns\4.1.87.Final\netty-resolver-dns-4.1.87.Final.jar;C:\Users\aromero\.m2\repository\io\netty\netty-codec-dns\4.1.87.Final\netty-codec-dns-4.1.87.Final.jar;C:\Users\aromero\.m2\repository\org\reactivestreams\reactive-streams\1.0.4\reactive-streams-1.0.4.jar;C:\Users\aromero\.m2\repository\com\google\code\findbugs\jsr305\3.0.2\jsr305-3.0.2.jar;C:\Users\aromero\.m2\repository\io\netty\netty-transport-native-unix-common\4.1.87.Final\netty-transport-native-unix-common-4.1.87.Final-linux-x86_64.jar;C:\Users\aromero\.m2\repository\io\netty\netty-transport-native-epoll\4.1.87.Final\netty-transport-native-epoll-4.1.87.Final-linux-x86_64.jar;C:\Users\aromero\.m2\repository\io\netty\netty-transport-native-unix-common\4.1.87.Final\netty-transport-native-unix-common-4.1.87.Final.jar;C:\Users\aromero\.m2\repository\io\netty\netty-transport-classes-epoll\4.1.87.Final\netty-transport-classes-epoll-4.1.87.Final.jar;C:\Users\aromero\.m2\repository\io\netty\netty-resolver-dns-native-macos\4.1.87.Final\netty-resolver-dns-native-macos-4.1.87.Final-osx-x86_64.jar;C:\Users\aromero\.m2\repository\io\netty\netty-resolver-dns-classes-macos\4.1.87.Final\netty-resolver-dns-classes-macos-4.1.87.Final.jar;C:\Users\aromero\.m2\repository\io\netty\netty-resolver-dns-native-macos\4.1.87.Final\netty-resolver-dns-native-macos-4.1.87.Final-osx-aarch_64.jar;C:\Users\aromero\.m2\repository\io\netty\netty-tcnative-boringssl-static\2.0.56.Final\netty-tcnative-boringssl-static-2.0.56.Final-linux-x86_64.jar;C:\Users\aromero\.m2\repository\io\netty\netty-tcnative-classes\2.0.56.Final\netty-tcnative-classes-2.0.56.Final.jar;C:\Users\aromero\.m2\repository\io\netty\netty-tcnative-boringssl-static\2.0.56.Final\netty-tcnative-boringssl-static-2.0.56.Final-linux-aarch_64.jar;C:\Users\aromero\.m2\repository\io\netty\netty-tcnative-boringssl-static\2.0.56.Final\netty-tcnative-boringssl-static-2.0.56.Final-osx-x86_64.jar;C:\Users\aromero\.m2\repository\io\netty\netty-tcnative-boringssl-static\2.0.56.Final\netty-tcnative-boringssl-static-2.0.56.Final-osx-aarch_64.jar;C:\Users\aromero\.m2\repository\io\netty\netty-tcnative-boringssl-static\2.0.56.Final\netty-tcnative-boringssl-static-2.0.56.Final-windows-x86_64.jar;C:\Users\aromero\.m2\repository\io\netty\netty-handler-proxy\4.1.87.Final\netty-handler-proxy-4.1.87.Final.jar;C:\Users\aromero\.m2\repository\io\netty\netty-codec-socks\4.1.87.Final\netty-codec-socks-4.1.87.Final.jar;C:\Users\aromero\.m2\repository\com\aayushatharva\brotli4j\brotli4j\1.9.0\brotli4j-1.9.0.jar;C:\Users\aromero\.m2\repository\org\apache\httpcomponents\httpclient\4.5.14\httpclient-4.5.14.jar;C:\Users\aromero\.m2\repository\org\apache\httpcomponents\httpcore\4.4.16\httpcore-4.4.16.jar;C:\Users\aromero\.m2\repository\commons-codec\commons-codec\1.11\commons-codec-1.11.jar;C:\Users\aromero\.m2\repository\ch\qos\logback\logback-classic\1.2.9\logback-classic-1.2.9.jar;C:\Users\aromero\.m2\repository\ch\qos\logback\logback-core\1.2.9\logback-core-1.2.9.jar;C:\Users\aromero\.m2\repository\org\slf4j\jcl-over-slf4j\1.7.32\jcl-over-slf4j-1.7.32.jar;C:\Users\aromero\.m2\repository\org\antlr\antlr4-runtime\4.11.1\antlr4-runtime-4.11.1.jar;C:\Users\aromero\.m2\repository\com\jayway\jsonpath\json-path\2.8.0\json-path-2.8.0.jar;C:\Users\aromero\.m2\repository\net\minidev\json-smart\2.4.10\json-smart-2.4.10.jar;C:\Users\aromero\.m2\repository\net\minidev\accessors-smart\2.4.9\accessors-smart-2.4.9.jar;C:\Users\aromero\.m2\repository\org\ow2\asm\asm\9.3\asm-9.3.jar;C:\Users\aromero\.m2\repository\org\yaml\snakeyaml\2.0\snakeyaml-2.0.jar;C:\Users\aromero\.m2\repository\de\siegmar\fastcsv\2.2.1\fastcsv-2.2.1.jar;C:\Users\aromero\.m2\repository\info\picocli\picocli\4.7.1\picocli-4.7.1.jar;C:\Users\aromero\.m2\repository\io\github\classgraph\classgraph\4.8.152\classgraph-4.8.152.jar;C:\Users\aromero\.m2\repository\io\github\t12y\resemble\1.0.2\resemble-1.0.2.jar;C:\Users\aromero\.m2\repository\io\github\t12y\ssim\1.0.0\ssim-1.0.0.jar;C:\Users\aromero\.m2\repository\org\junit\jupiter\junit-jupiter-api\5.9.1\junit-jupiter-api-5.9.1.jar;C:\Users\aromero\.m2\repository\org\opentest4j\opentest4j\1.2.0\opentest4j-1.2.0.jar;C:\Users\aromero\.m2\repository\org\junit\platform\junit-platform-commons\1.9.1\junit-platform-commons-1.9.1.jar;C:\Users\aromero\.m2\repository\org\apiguardian\apiguardian-api\1.1.2\apiguardian-api-1.1.2.jar;C:\Users\aromero\.m2\repository\org\junit\jupiter\junit-jupiter-engine\5.9.1\junit-jupiter-engine-5.9.1.jar;C:\Users\aromero\.m2\repository\org\junit\platform\junit-platform-engine\1.9.1\junit-platform-engine-1.9.1.jar;"/>
    <property name="java.vm.vendor" value="Oracle Corporation"/>
    <property name="sun.arch.data.model" value="64"/>
    <property name="user.variant" value=""/>
    <property name="java.vendor.url" value="https://java.oracle.com/"/>
    <property name="user.timezone" value="America/Guayaquil"/>
    <property name="os.name" value="Windows 11"/>
    <property name="java.vm.specification.version" value="17"/>
    <property name="sun.java.launcher" value="SUN_STANDARD"/>
    <property name="user.country" value="EC"/>
    <property name="sun.boot.library.path" value="C:\Program Files\Java\jdk-17\bin"/>
    <property name="sun.java.command" value="C:\Users\aromero\AppData\Local\Temp\surefire13680408267766476612\surefirebooter-20251022141409747_3.jar C:\Users\aromero\AppData\Local\Temp\surefire13680408267766476612 2025-10-22T14-14-09_374-jvmRun1 surefire-20251022141409747_1tmp surefire_0-20251022141409747_2tmp"/>
    <property name="jdk.debug" value="release"/>
    <property name="surefire.test.class.path" value="C:\Users\aromero\OneDrive - RED TRANSACCIONAL COOPERATIVA RTC COONECTA\Escritorio\PRUEBA - TATA\Karate-EJERCICIO2\target\test-classes;C:\Users\aromero\OneDrive - RED TRANSACCIONAL COOPERATIVA RTC COONECTA\Escritorio\PRUEBA - TATA\Karate-EJERCICIO2\target\classes;C:\Users\aromero\.m2\repository\com\intuit\karate\karate-junit5\1.4.0\karate-junit5-1.4.0.jar;C:\Users\aromero\.m2\repository\com\intuit\karate\karate-core\1.4.0\karate-core-1.4.0.jar;C:\Users\aromero\.m2\repository\org\graalvm\js\js-scriptengine\22.3.0\js-scriptengine-22.3.0.jar;C:\Users\aromero\.m2\repository\org\graalvm\sdk\graal-sdk\22.3.0\graal-sdk-22.3.0.jar;C:\Users\aromero\.m2\repository\org\graalvm\js\js\22.3.0\js-22.3.0.jar;C:\Users\aromero\.m2\repository\org\graalvm\regex\regex\22.3.0\regex-22.3.0.jar;C:\Users\aromero\.m2\repository\org\graalvm\truffle\truffle-api\22.3.0\truffle-api-22.3.0.jar;C:\Users\aromero\.m2\repository\com\ibm\icu\icu4j\71.1\icu4j-71.1.jar;C:\Users\aromero\.m2\repository\org\thymeleaf\thymeleaf\3.0.14.RELEASE\thymeleaf-3.0.14.RELEASE.jar;C:\Users\aromero\.m2\repository\ognl\ognl\3.1.26\ognl-3.1.26.jar;C:\Users\aromero\.m2\repository\org\javassist\javassist\3.20.0-GA\javassist-3.20.0-GA.jar;C:\Users\aromero\.m2\repository\org\attoparser\attoparser\2.0.5.RELEASE\attoparser-2.0.5.RELEASE.jar;C:\Users\aromero\.m2\repository\org\unbescape\unbescape\1.1.6.RELEASE\unbescape-1.1.6.RELEASE.jar;C:\Users\aromero\.m2\repository\org\slf4j\slf4j-api\1.7.25\slf4j-api-1.7.25.jar;C:\Users\aromero\.m2\repository\com\linecorp\armeria\armeria\1.22.0\armeria-1.22.0.jar;C:\Users\aromero\.m2\repository\com\fasterxml\jackson\core\jackson-core\2.14.2\jackson-core-2.14.2.jar;C:\Users\aromero\.m2\repository\com\fasterxml\jackson\core\jackson-annotations\2.14.2\jackson-annotations-2.14.2.jar;C:\Users\aromero\.m2\repository\com\fasterxml\jackson\core\jackson-databind\2.14.2\jackson-databind-2.14.2.jar;C:\Users\aromero\.m2\repository\com\fasterxml\jackson\datatype\jackson-datatype-jdk8\2.14.2\jackson-datatype-jdk8-2.14.2.jar;C:\Users\aromero\.m2\repository\com\fasterxml\jackson\datatype\jackson-datatype-jsr310\2.14.2\jackson-datatype-jsr310-2.14.2.jar;C:\Users\aromero\.m2\repository\io\micrometer\micrometer-core\1.10.3\micrometer-core-1.10.3.jar;C:\Users\aromero\.m2\repository\io\micrometer\micrometer-commons\1.10.3\micrometer-commons-1.10.3.jar;C:\Users\aromero\.m2\repository\io\micrometer\micrometer-observation\1.10.3\micrometer-observation-1.10.3.jar;C:\Users\aromero\.m2\repository\org\hdrhistogram\HdrHistogram\2.1.12\HdrHistogram-2.1.12.jar;C:\Users\aromero\.m2\repository\org\latencyutils\LatencyUtils\2.0.3\LatencyUtils-2.0.3.jar;C:\Users\aromero\.m2\repository\io\netty\netty-transport\4.1.87.Final\netty-transport-4.1.87.Final.jar;C:\Users\aromero\.m2\repository\io\netty\netty-common\4.1.87.Final\netty-common-4.1.87.Final.jar;C:\Users\aromero\.m2\repository\io\netty\netty-buffer\4.1.87.Final\netty-buffer-4.1.87.Final.jar;C:\Users\aromero\.m2\repository\io\netty\netty-resolver\4.1.87.Final\netty-resolver-4.1.87.Final.jar;C:\Users\aromero\.m2\repository\io\netty\netty-codec-haproxy\4.1.87.Final\netty-codec-haproxy-4.1.87.Final.jar;C:\Users\aromero\.m2\repository\io\netty\netty-codec\4.1.87.Final\netty-codec-4.1.87.Final.jar;C:\Users\aromero\.m2\repository\io\netty\netty-codec-http2\4.1.87.Final\netty-codec-http2-4.1.87.Final.jar;C:\Users\aromero\.m2\repository\io\netty\netty-handler\4.1.87.Final\netty-handler-4.1.87.Final.jar;C:\Users\aromero\.m2\repository\io\netty\netty-codec-http\4.1.87.Final\netty-codec-http-4.1.87.Final.jar;C:\Users\aromero\.m2\repository\io\netty\netty-resolver-dns\4.1.87.Final\netty-resolver-dns-4.1.87.Final.jar;C:\Users\aromero\.m2\repository\io\netty\netty-codec-dns\4.1.87.Final\netty-codec-dns-4.1.87.Final.jar;C:\Users\aromero\.m2\repository\org\reactivestreams\reactive-streams\1.0.4\reactive-streams-1.0.4.jar;C:\Users\aromero\.m2\repository\com\google\code\findbugs\jsr305\3.0.2\jsr305-3.0.2.jar;C:\Users\aromero\.m2\repository\io\netty\netty-transport-native-unix-common\4.1.87.Final\netty-transport-native-unix-common-4.1.87.Final-linux-x86_64.jar;C:\Users\aromero\.m2\repository\io\netty\netty-transport-native-epoll\4.1.87.Final\netty-transport-native-epoll-4.1.87.Final-linux-x86_64.jar;C:\Users\aromero\.m2\repository\io\netty\netty-transport-native-unix-common\4.1.87.Final\netty-transport-native-unix-common-4.1.87.Final.jar;C:\Users\aromero\.m2\repository\io\netty\netty-transport-classes-epoll\4.1.87.Final\netty-transport-classes-epoll-4.1.87.Final.jar;C:\Users\aromero\.m2\repository\io\netty\netty-resolver-dns-native-macos\4.1.87.Final\netty-resolver-dns-native-macos-4.1.87.Final-osx-x86_64.jar;C:\Users\aromero\.m2\repository\io\netty\netty-resolver-dns-classes-macos\4.1.87.Final\netty-resolver-dns-classes-macos-4.1.87.Final.jar;C:\Users\aromero\.m2\repository\io\netty\netty-resolver-dns-native-macos\4.1.87.Final\netty-resolver-dns-native-macos-4.1.87.Final-osx-aarch_64.jar;C:\Users\aromero\.m2\repository\io\netty\netty-tcnative-boringssl-static\2.0.56.Final\netty-tcnative-boringssl-static-2.0.56.Final-linux-x86_64.jar;C:\Users\aromero\.m2\repository\io\netty\netty-tcnative-classes\2.0.56.Final\netty-tcnative-classes-2.0.56.Final.jar;C:\Users\aromero\.m2\repository\io\netty\netty-tcnative-boringssl-static\2.0.56.Final\netty-tcnative-boringssl-static-2.0.56.Final-linux-aarch_64.jar;C:\Users\aromero\.m2\repository\io\netty\netty-tcnative-boringssl-static\2.0.56.Final\netty-tcnative-boringssl-static-2.0.56.Final-osx-x86_64.jar;C:\Users\aromero\.m2\repository\io\netty\netty-tcnative-boringssl-static\2.0.56.Final\netty-tcnative-boringssl-static-2.0.56.Final-osx-aarch_64.jar;C:\Users\aromero\.m2\repository\io\netty\netty-tcnative-boringssl-static\2.0.56.Final\netty-tcnative-boringssl-static-2.0.56.Final-windows-x86_64.jar;C:\Users\aromero\.m2\repository\io\netty\netty-handler-proxy\4.1.87.Final\netty-handler-proxy-4.1.87.Final.jar;C:\Users\aromero\.m2\repository\io\netty\netty-codec-socks\4.1.87.Final\netty-codec-socks-4.1.87.Final.jar;C:\Users\aromero\.m2\repository\com\aayushatharva\brotli4j\brotli4j\1.9.0\brotli4j-1.9.0.jar;C:\Users\aromero\.m2\repository\org\apache\httpcomponents\httpclient\4.5.14\httpclient-4.5.14.jar;C:\Users\aromero\.m2\repository\org\apache\httpcomponents\httpcore\4.4.16\httpcore-4.4.16.jar;C:\Users\aromero\.m2\repository\commons-codec\commons-codec\1.11\commons-codec-1.11.jar;C:\Users\aromero\.m2\repository\ch\qos\logback\logback-classic\1.2.9\logback-classic-1.2.9.jar;C:\Users\aromero\.m2\repository\ch\qos\logback\logback-core\1.2.9\logback-core-1.2.9.jar;C:\Users\aromero\.m2\repository\org\slf4j\jcl-over-slf4j\1.7.32\jcl-over-slf4j-1.7.32.jar;C:\Users\aromero\.m2\repository\org\antlr\antlr4-runtime\4.11.1\antlr4-runtime-4.11.1.jar;C:\Users\aromero\.m2\repository\com\jayway\jsonpath\json-path\2.8.0\json-path-2.8.0.jar;C:\Users\aromero\.m2\repository\net\minidev\json-smart\2.4.10\json-smart-2.4.10.jar;C:\Users\aromero\.m2\repository\net\minidev\accessors-smart\2.4.9\accessors-smart-2.4.9.jar;C:\Users\aromero\.m2\repository\org\ow2\asm\asm\9.3\asm-9.3.jar;C:\Users\aromero\.m2\repository\org\yaml\snakeyaml\2.0\snakeyaml-2.0.jar;C:\Users\aromero\.m2\repository\de\siegmar\fastcsv\2.2.1\fastcsv-2.2.1.jar;C:\Users\aromero\.m2\repository\info\picocli\picocli\4.7.1\picocli-4.7.1.jar;C:\Users\aromero\.m2\repository\io\github\classgraph\classgraph\4.8.152\classgraph-4.8.152.jar;C:\Users\aromero\.m2\repository\io\github\t12y\resemble\1.0.2\resemble-1.0.2.jar;C:\Users\aromero\.m2\repository\io\github\t12y\ssim\1.0.0\ssim-1.0.0.jar;C:\Users\aromero\.m2\repository\org\junit\jupiter\junit-jupiter-api\5.9.1\junit-jupiter-api-5.9.1.jar;C:\Users\aromero\.m2\repository\org\opentest4j\opentest4j\1.2.0\opentest4j-1.2.0.jar;C:\Users\aromero\.m2\repository\org\junit\platform\junit-platform-commons\1.9.1\junit-platform-commons-1.9.1.jar;C:\Users\aromero\.m2\repository\org\apiguardian\apiguardian-api\1.1.2\apiguardian-api-1.1.2.jar;C:\Users\aromero\.m2\repository\org\junit\jupiter\junit-jupiter-engine\5.9.1\junit-jupiter-engine-5.9.1.jar;C:\Users\aromero\.m2\repository\org\junit\platform\junit-platform-engine\1.9.1\junit-platform-engine-1.9.1.jar;"/>
    <property name="sun.cpu.endian" value="little"/>
    <property name="user.home" value="C:\Users\aromero"/>
    <property name="user.language" value="es"/>
    <property name="java.specification.vendor" value="Oracle Corporation"/>
    <property name="java.version.date" value="2024-07-16"/>
    <property name="java.home" value="C:\Program Files\Java\jdk-17"/>
    <property name="file.separator" value="\"/>
    <property name="basedir" value="C:\Users\aromero\OneDrive - RED TRANSACCIONAL COOPERATIVA RTC COONECTA\Escritorio\PRUEBA - TATA\Karate-EJERCICIO2"/>
    <property name="java.vm.compressedOopsMode" value="Zero based"/>
    <property name="line.separator" value="&#10;"/>
    <property name="java.vm.specification.vendor" value="Oracle Corporation"/>
    <property name="java.specification.name" value="Java Platform API Specification"/>
    <property name="karate.options" value="classpath:Transferencia.feature"/>
    <property name="surefire.real.class.path" value="C:\Users\aromero\AppData\Local\Temp\surefire13680408267766476612\surefirebooter-20251022141409747_3.jar"/>
    <property name="user.script" value=""/>
    <property name="sun.management.compiler" value="HotSpot 64-Bit Tiered Compilers"/>
    <property name="java.runtime.version" value="17.0.12+8-LTS-286"/>
    <property name="user.name" value="aromero"/>
    <property name="path.separator" value=";"/>
    <property name="os.version" value="10.0"/>
    <property name="java.runtime.name" value="Java(TM) SE Runtime Environment"/>
    <property name="file.encoding" value="Cp1252"/>
    <property name="java.vm.name" value="Java HotSpot(TM) 64-Bit Server VM"/>
    <property name="localRepository" value="C:\Users\aromero\.m2\repository"/>
    <property name="java.vendor.url.bug" value="https://bugreport.java.com/bugreport/"/>
    <property name="java.io.tmpdir" value="C:\Users\aromero\AppData\Local\Temp\"/>
    <property name="java.version" value="17.0.12"/>
    <property name="user.dir" value="C:\Users\aromero\OneDrive - RED TRANSACCIONAL COOPERATIVA RTC COONECTA\Escritorio\PRUEBA - TATA\Karate-EJERCICIO2"/>
    <property name="os.arch" value="amd64"/>
    <property name="java.vm.specification.name" value="Java Virtual Machine Specification"/>
    <property name="sun.os.patch.level" value=""/>
    <property name="native.encoding" value="Cp1252"/>
    <property name="java.library.path" value="C:\Program Files\Java\jdk-17\bin;C:\Windows\Sun\Java\bin;C:\Windows\system32;C:\Windows;C:\Users\aromero\AppData\Local\Temp\.tmpLEsQnK;C:\Program Files\Common Files\Oracle\Java\javapath;C:\Windows\system32;C:\Windows;C:\Windows\System32\Wbem;C:\Windows\System32\WindowsPowerShell\v1.0\;C:\Windows\System32\OpenSSH\;C:\Program Files\dotnet\;C:\Program Files (x86)\Microsoft SQL Server\150\DTS\Binn\;C:\Program Files\Azure Data Studio\bin;C:\Users\aromero\AppData\Local\Programs\Python\Python313\Scripts\;C:\Users\aromero\AppData\Local\Programs\Python\Python313\;C:\Users\aromero\AppData\Local\Programs\Python\Launcher\;C:\Users\aromero\AppData\Local\Programs\Python\Python313\Scripts\;C:\Users\aromero\AppData\Local\Programs\Python\Python313\;C:\Users\aromero\AppData\Local\Microsoft\WindowsApps;C:\Users\aromero\AppData\Local\Programs\Microsoft VS Code\bin;C:\Users\aromero\AppData\Local\Programs\Git\cmd;C:\Apache\apache-maven-3.9.11\bin;;c:\Users\aromero\.vscode\extensions\openai.chatgpt-0.4.21-win32-x64\bin\windows-x86_64;."/>
    <property name="java.vm.info" value="mixed mode, sharing"/>
    <property name="java.vendor" value="Oracle Corporation"/>
    <property name="java.vm.version" value="17.0.12+8-LTS-286"/>
    <property name="sun.io.unicode.encoding" value="UnicodeLittle"/>
    <property name="java.class.version" value="61.0"/>
  </properties>
  <testcase name="[1:158] Transferencia exitosa con credenciales validas" classname="Transferencia" time="15.665">
    <failure message="no step-definition method match found for: match responseStatus in normalizedStatus&#10;classpath:Transferencia.feature:165" type="org.opentest4j.AssertionFailedError"><![CDATA[org.opentest4j.AssertionFailedError: 
no step-definition method match found for: match responseStatus in normalizedStatus
classpath:Transferencia.feature:165
	at org.junit.jupiter.api.AssertionUtils.fail(AssertionUtils.java:38)
	at org.junit.jupiter.api.Assertions.fail(Assertions.java:135)
	at com.intuit.karate.junit5.FeatureNode.lambda$next$1(FeatureNode.java:86)
	at org.junit.jupiter.engine.descriptor.DynamicTestTestDescriptor.lambda$execute$0(DynamicTestTestDescriptor.java:53)
	at org.junit.jupiter.engine.execution.InvocationInterceptorChain$ValidatingInvocation.proceed(InvocationInterceptorChain.java:131)
	at org.junit.jupiter.api.extension.InvocationInterceptor.interceptDynamicTest(InvocationInterceptor.java:167)
	at org.junit.jupiter.api.extension.InvocationInterceptor.interceptDynamicTest(InvocationInterceptor.java:184)
	at org.junit.jupiter.engine.descriptor.DynamicTestTestDescriptor.lambda$execute$1(DynamicTestTestDescriptor.java:61)
	at org.junit.jupiter.engine.execution.InvocationInterceptorChain$InterceptorCall.lambda$ofVoid$0(InvocationInterceptorChain.java:78)
	at org.junit.jupiter.engine.execution.InvocationInterceptorChain$InterceptedInvocation.proceed(InvocationInterceptorChain.java:106)
	at org.junit.jupiter.engine.execution.InvocationInterceptorChain.proceed(InvocationInterceptorChain.java:64)
	at org.junit.jupiter.engine.execution.InvocationInterceptorChain.chainAndInvoke(InvocationInterceptorChain.java:45)
	at org.junit.jupiter.engine.execution.InvocationInterceptorChain.invoke(InvocationInterceptorChain.java:37)
	at org.junit.jupiter.engine.descriptor.DynamicTestTestDescriptor.execute(DynamicTestTestDescriptor.java:60)
	at org.junit.jupiter.engine.descriptor.DynamicTestTestDescriptor.execute(DynamicTestTestDescriptor.java:32)
	at org.junit.platform.engine.support.hierarchical.NodeTestTask.lambda$executeRecursively$6(NodeTestTask.java:151)
	at org.junit.platform.engine.support.hierarchical.ThrowableCollector.execute(ThrowableCollector.java:73)
	at org.junit.platform.engine.support.hierarchical.NodeTestTask.lambda$executeRecursively$8(NodeTestTask.java:141)
	at org.junit.platform.engine.support.hierarchical.Node.around(Node.java:137)
	at org.junit.platform.engine.support.hierarchical.NodeTestTask.lambda$executeRecursively$9(NodeTestTask.java:139)
	at org.junit.platform.engine.support.hierarchical.ThrowableCollector.execute(ThrowableCollector.java:73)
	at org.junit.platform.engine.support.hierarchical.NodeTestTask.executeRecursively(NodeTestTask.java:138)
	at org.junit.platform.engine.support.hierarchical.NodeTestTask.execute(NodeTestTask.java:95)
	at org.junit.platform.engine.support.hierarchical.SameThreadHierarchicalTestExecutorService.submit(SameThreadHierarchicalTestExecutorService.java:35)
	at org.junit.platform.engine.support.hierarchical.NodeTestTask$DefaultDynamicTestExecutor.execute(NodeTestTask.java:226)
	at org.junit.platform.engine.support.hierarchical.NodeTestTask$DefaultDynamicTestExecutor.execute(NodeTestTask.java:204)
	at java.base/java.util.stream.ForEachOps$ForEachOp$OfRef.accept(ForEachOps.java:183)
	at java.base/java.util.stream.ReferencePipeline$3$1.accept(ReferencePipeline.java:197)
	at java.base/java.util.stream.ReferencePipeline$2$1.accept(ReferencePipeline.java:179)
	at java.base/java.util.stream.ReferencePipeline$3$1.accept(ReferencePipeline.java:197)
	at java.base/java.util.Iterator.forEachRemaining(Iterator.java:133)
	at java.base/java.util.Spliterators$IteratorSpliterator.forEachRemaining(Spliterators.java:1845)
	at java.base/java.util.stream.AbstractPipeline.copyInto(AbstractPipeline.java:509)
	at java.base/java.util.stream.AbstractPipeline.wrapAndCopyInto(AbstractPipeline.java:499)
	at java.base/java.util.stream.ForEachOps$ForEachOp.evaluateSequential(ForEachOps.java:150)
	at java.base/java.util.stream.ForEachOps$ForEachOp$OfRef.evaluateSequential(ForEachOps.java:173)
	at java.base/java.util.stream.AbstractPipeline.evaluate(AbstractPipeline.java:234)
	at java.base/java.util.stream.ReferencePipeline.forEachOrdered(ReferencePipeline.java:601)
	at org.junit.jupiter.engine.descriptor.DynamicContainerTestDescriptor.execute(DynamicContainerTestDescriptor.java:67)
	at org.junit.jupiter.engine.descriptor.DynamicContainerTestDescriptor.execute(DynamicContainerTestDescriptor.java:33)
	at org.junit.platform.engine.support.hierarchical.NodeTestTask.lambda$executeRecursively$6(NodeTestTask.java:151)
	at org.junit.platform.engine.support.hierarchical.ThrowableCollector.execute(ThrowableCollector.java:73)
	at org.junit.platform.engine.support.hierarchical.NodeTestTask.lambda$executeRecursively$8(NodeTestTask.java:141)
	at org.junit.platform.engine.support.hierarchical.Node.around(Node.java:137)
	at org.junit.platform.engine.support.hierarchical.NodeTestTask.lambda$executeRecursively$9(NodeTestTask.java:139)
	at org.junit.platform.engine.support.hierarchical.ThrowableCollector.execute(ThrowableCollector.java:73)
	at org.junit.platform.engine.support.hierarchical.NodeTestTask.executeRecursively(NodeTestTask.java:138)
	at org.junit.platform.engine.support.hierarchical.NodeTestTask.execute(NodeTestTask.java:95)
	at org.junit.platform.engine.support.hierarchical.SameThreadHierarchicalTestExecutorService.submit(SameThreadHierarchicalTestExecutorService.java:35)
	at org.junit.platform.engine.support.hierarchical.NodeTestTask$DefaultDynamicTestExecutor.execute(NodeTestTask.java:226)
	at org.junit.platform.engine.support.hierarchical.NodeTestTask$DefaultDynamicTestExecutor.execute(NodeTestTask.java:204)
	at java.base/java.util.Optional.ifPresent(Optional.java:178)
	at org.junit.jupiter.engine.descriptor.TestFactoryTestDescriptor.lambda$invokeTestMethod$1(TestFactoryTestDescriptor.java:108)
	at org.junit.platform.engine.support.hierarchical.ThrowableCollector.execute(ThrowableCollector.java:73)
	at org.junit.jupiter.engine.descriptor.TestFactoryTestDescriptor.invokeTestMethod(TestFactoryTestDescriptor.java:95)
	at org.junit.jupiter.engine.descriptor.TestMethodTestDescriptor.execute(TestMethodTestDescriptor.java:138)
	at org.junit.jupiter.engine.descriptor.TestMethodTestDescriptor.execute(TestMethodTestDescriptor.java:68)
	at org.junit.platform.engine.support.hierarchical.NodeTestTask.lambda$executeRecursively$6(NodeTestTask.java:151)
	at org.junit.platform.engine.support.hierarchical.ThrowableCollector.execute(ThrowableCollector.java:73)
	at org.junit.platform.engine.support.hierarchical.NodeTestTask.lambda$executeRecursively$8(NodeTestTask.java:141)
	at org.junit.platform.engine.support.hierarchical.Node.around(Node.java:137)
	at org.junit.platform.engine.support.hierarchical.NodeTestTask.lambda$executeRecursively$9(NodeTestTask.java:139)
	at org.junit.platform.engine.support.hierarchical.ThrowableCollector.execute(ThrowableCollector.java:73)
	at org.junit.platform.engine.support.hierarchical.NodeTestTask.executeRecursively(NodeTestTask.java:138)
	at org.junit.platform.engine.support.hierarchical.NodeTestTask.execute(NodeTestTask.java:95)
	at java.base/java.util.ArrayList.forEach(ArrayList.java:1511)
	at org.junit.platform.engine.support.hierarchical.SameThreadHierarchicalTestExecutorService.invokeAll(SameThreadHierarchicalTestExecutorService.java:41)
	at org.junit.platform.engine.support.hierarchical.NodeTestTask.lambda$executeRecursively$6(NodeTestTask.java:155)
	at org.junit.platform.engine.support.hierarchical.ThrowableCollector.execute(ThrowableCollector.java:73)
	at org.junit.platform.engine.support.hierarchical.NodeTestTask.lambda$executeRecursively$8(NodeTestTask.java:141)
	at org.junit.platform.engine.support.hierarchical.Node.around(Node.java:137)
	at org.junit.platform.engine.support.hierarchical.NodeTestTask.lambda$executeRecursively$9(NodeTestTask.java:139)
	at org.junit.platform.engine.support.hierarchical.ThrowableCollector.execute(ThrowableCollector.java:73)
	at org.junit.platform.engine.support.hierarchical.NodeTestTask.executeRecursively(NodeTestTask.java:138)
	at org.junit.platform.engine.support.hierarchical.NodeTestTask.execute(NodeTestTask.java:95)
	at java.base/java.util.ArrayList.forEach(ArrayList.java:1511)
	at org.junit.platform.engine.support.hierarchical.SameThreadHierarchicalTestExecutorService.invokeAll(SameThreadHierarchicalTestExecutorService.java:41)
	at org.junit.platform.engine.support.hierarchical.NodeTestTask.lambda$executeRecursively$6(NodeTestTask.java:155)
	at org.junit.platform.engine.support.hierarchical.ThrowableCollector.execute(ThrowableCollector.java:73)
	at org.junit.platform.engine.support.hierarchical.NodeTestTask.lambda$executeRecursively$8(NodeTestTask.java:141)
	at org.junit.platform.engine.support.hierarchical.Node.around(Node.java:137)
	at org.junit.platform.engine.support.hierarchical.NodeTestTask.lambda$executeRecursively$9(NodeTestTask.java:139)
	at org.junit.platform.engine.support.hierarchical.ThrowableCollector.execute(ThrowableCollector.java:73)
	at org.junit.platform.engine.support.hierarchical.NodeTestTask.executeRecursively(NodeTestTask.java:138)
	at org.junit.platform.engine.support.hierarchical.NodeTestTask.execute(NodeTestTask.java:95)
	at org.junit.platform.engine.support.hierarchical.SameThreadHierarchicalTestExecutorService.submit(SameThreadHierarchicalTestExecutorService.java:35)
	at org.junit.platform.engine.support.hierarchical.HierarchicalTestExecutor.execute(HierarchicalTestExecutor.java:57)
	at org.junit.platform.engine.support.hierarchical.HierarchicalTestEngine.execute(HierarchicalTestEngine.java:54)
	at org.junit.platform.launcher.core.EngineExecutionOrchestrator.execute(EngineExecutionOrchestrator.java:147)
	at org.junit.platform.launcher.core.EngineExecutionOrchestrator.execute(EngineExecutionOrchestrator.java:127)
	at org.junit.platform.launcher.core.EngineExecutionOrchestrator.execute(EngineExecutionOrchestrator.java:90)
	at org.junit.platform.launcher.core.EngineExecutionOrchestrator.lambda$execute$0(EngineExecutionOrchestrator.java:55)
	at org.junit.platform.launcher.core.EngineExecutionOrchestrator.withInterceptedStreams(EngineExecutionOrchestrator.java:102)
	at org.junit.platform.launcher.core.EngineExecutionOrchestrator.execute(EngineExecutionOrchestrator.java:54)
	at org.junit.platform.launcher.core.DefaultLauncher.execute(DefaultLauncher.java:114)
	at org.junit.platform.launcher.core.DefaultLauncher.execute(DefaultLauncher.java:86)
	at org.junit.platform.launcher.core.DefaultLauncherSession$DelegatingLauncher.execute(DefaultLauncherSession.java:86)
	at org.apache.maven.surefire.junitplatform.LazyLauncher.execute(LazyLauncher.java:56)
	at org.apache.maven.surefire.junitplatform.JUnitPlatformProvider.execute(JUnitPlatformProvider.java:184)
	at org.apache.maven.surefire.junitplatform.JUnitPlatformProvider.invokeAllTests(JUnitPlatformProvider.java:148)
	at org.apache.maven.surefire.junitplatform.JUnitPlatformProvider.invoke(JUnitPlatformProvider.java:122)
	at org.apache.maven.surefire.booter.ForkedBooter.runSuitesInProcess(ForkedBooter.java:385)
	at org.apache.maven.surefire.booter.ForkedBooter.execute(ForkedBooter.java:162)
	at org.apache.maven.surefire.booter.ForkedBooter.run(ForkedBooter.java:507)
	at org.apache.maven.surefire.booter.ForkedBooter.main(ForkedBooter.java:495)
]]></failure>
    <system-out><![CDATA[14:14:11.689 [main] INFO com.intuit.karate.Runner - using system property 'karate.options': classpath:Transferencia.feature
14:14:13.330 [main] DEBUG com.intuit.karate.Suite - [config] karate-config.js
14:14:15.864 [main] DEBUG com.intuit.karate - key store key count for classpath:certificado/clientcert.cbiblian.internal 1.pfx: 1
14:14:16.373 [main] INFO com.intuit.karate - >> lock acquired, begin callonce: read('classpath:helpers/generate-token.feature')
14:14:16.415 [main] DEBUG com.intuit.karate - key store key count for classpath:certificado/clientcert.cbiblian.internal 1.pfx: 1
14:14:16.572 [main] DEBUG io.netty.util.internal.logging.InternalLoggerFactory - Using SLF4J as the default logging framework
14:14:16.572 [main] DEBUG io.netty.util.internal.PlatformDependent0 - -Dio.netty.noUnsafe: false
14:14:16.572 [main] DEBUG io.netty.util.internal.PlatformDependent0 - Java version: 17
14:14:16.572 [main] DEBUG io.netty.util.internal.PlatformDependent0 - sun.misc.Unsafe.theUnsafe: available
14:14:16.577 [main] DEBUG io.netty.util.internal.PlatformDependent0 - sun.misc.Unsafe.copyMemory: available
14:14:16.577 [main] DEBUG io.netty.util.internal.PlatformDependent0 - sun.misc.Unsafe.storeFence: available
14:14:16.577 [main] DEBUG io.netty.util.internal.PlatformDependent0 - java.nio.Buffer.address: available
14:14:16.577 [main] DEBUG io.netty.util.internal.PlatformDependent0 - direct buffer constructor: unavailable: Reflective setAccessible(true) disabled
14:14:16.577 [main] DEBUG io.netty.util.internal.PlatformDependent0 - java.nio.Bits.unaligned: available, true
14:14:16.581 [main] DEBUG io.netty.util.internal.PlatformDependent0 - jdk.internal.misc.Unsafe.allocateUninitializedArray(int): unavailable: class io.netty.util.internal.PlatformDependent0$7 cannot access class jdk.internal.misc.Unsafe (in module java.base) because module java.base does not export jdk.internal.misc to unnamed module @10a035a0
14:14:16.581 [main] DEBUG io.netty.util.internal.PlatformDependent0 - java.nio.DirectByteBuffer.<init>(long, int): unavailable
14:14:16.581 [main] DEBUG io.netty.util.internal.PlatformDependent - sun.misc.Unsafe: available
14:14:16.581 [main] DEBUG io.netty.util.internal.PlatformDependent - maxDirectMemory: 8464105472 bytes (maybe)
14:14:16.585 [main] DEBUG io.netty.util.internal.PlatformDependent - -Dio.netty.tmpdir: C:\Users\aromero\AppData\Local\Temp (java.io.tmpdir)
14:14:16.585 [main] DEBUG io.netty.util.internal.PlatformDependent - -Dio.netty.bitMode: 64 (sun.arch.data.model)
14:14:16.585 [main] DEBUG io.netty.util.internal.PlatformDependent - Platform: Windows
14:14:16.585 [main] DEBUG io.netty.util.internal.PlatformDependent - -Dio.netty.maxDirectMemory: -1 bytes
14:14:16.585 [main] DEBUG io.netty.util.internal.PlatformDependent - -Dio.netty.uninitializedArrayAllocationThreshold: -1
14:14:16.585 [main] DEBUG io.netty.util.internal.CleanerJava9 - java.nio.ByteBuffer.cleaner(): available
14:14:16.585 [main] DEBUG io.netty.util.internal.PlatformDependent - -Dio.netty.noPreferDirect: false
14:14:16.611 [main] DEBUG io.netty.util.ResourceLeakDetector - -Dio.netty.leakDetection.level: simple
14:14:16.611 [main] DEBUG io.netty.util.ResourceLeakDetector - -Dio.netty.leakDetection.targetRecords: 4
14:14:16.631 [main] DEBUG io.netty.buffer.AbstractByteBuf - -Dio.netty.buffer.checkAccessible: true
14:14:16.631 [main] DEBUG io.netty.buffer.AbstractByteBuf - -Dio.netty.buffer.checkBounds: true
14:14:16.631 [main] DEBUG io.netty.util.ResourceLeakDetectorFactory - Loaded default ResourceLeakDetector: io.netty.util.ResourceLeakDetector@4baed682
14:14:16.669 [main] DEBUG io.netty.util.internal.InternalThreadLocalMap - -Dio.netty.threadLocalMap.stringBuilder.initialSize: 1024
14:14:16.669 [main] DEBUG io.netty.util.internal.InternalThreadLocalMap - -Dio.netty.threadLocalMap.stringBuilder.maxSize: 4096
14:14:16.669 [main] DEBUG io.netty.buffer.PooledByteBufAllocator - -Dio.netty.allocator.numHeapArenas: 28
14:14:16.669 [main] DEBUG io.netty.buffer.PooledByteBufAllocator - -Dio.netty.allocator.numDirectArenas: 28
14:14:16.669 [main] DEBUG io.netty.buffer.PooledByteBufAllocator - -Dio.netty.allocator.pageSize: 8192
14:14:16.675 [main] DEBUG io.netty.buffer.PooledByteBufAllocator - -Dio.netty.allocator.maxOrder: 9
14:14:16.675 [main] DEBUG io.netty.buffer.PooledByteBufAllocator - -Dio.netty.allocator.chunkSize: 4194304
14:14:16.675 [main] DEBUG io.netty.buffer.PooledByteBufAllocator - -Dio.netty.allocator.smallCacheSize: 256
14:14:16.675 [main] DEBUG io.netty.buffer.PooledByteBufAllocator - -Dio.netty.allocator.normalCacheSize: 64
14:14:16.675 [main] DEBUG io.netty.buffer.PooledByteBufAllocator - -Dio.netty.allocator.maxCachedBufferCapacity: 32768
14:14:16.675 [main] DEBUG io.netty.buffer.PooledByteBufAllocator - -Dio.netty.allocator.cacheTrimInterval: 8192
14:14:16.675 [main] DEBUG io.netty.buffer.PooledByteBufAllocator - -Dio.netty.allocator.cacheTrimIntervalMillis: 0
14:14:16.675 [main] DEBUG io.netty.buffer.PooledByteBufAllocator - -Dio.netty.allocator.useCacheForAllThreads: false
14:14:16.675 [main] DEBUG io.netty.buffer.PooledByteBufAllocator - -Dio.netty.allocator.maxCachedByteBuffersPerChunk: 1023
14:14:16.689 [main] DEBUG io.netty.buffer.ByteBufUtil - -Dio.netty.allocator.type: pooled
14:14:16.689 [main] DEBUG io.netty.buffer.ByteBufUtil - -Dio.netty.threadLocalDirectBufferSize: 0
14:14:16.689 [main] DEBUG io.netty.buffer.ByteBufUtil - -Dio.netty.maxThreadLocalCharBufferSize: 16384
14:14:16.896 [main] DEBUG org.apache.http.client.protocol.RequestAddCookies - CookieSpec selected: karate
14:14:16.912 [main] DEBUG org.apache.http.client.protocol.RequestAuthCache - Auth cache not set in the context
14:14:16.912 [main] DEBUG com.intuit.karate - request:
1 > POST https://autenticacionqa.coonecta.com.ec/auth/realms/PANAPAY/protocol/openid-connect/token
1 > Content-Type: application/x-www-form-urlencoded
1 > Content-Length: 93
1 > Host: autenticacionqa.coonecta.com.ec
1 > Connection: Keep-Alive
1 > User-Agent: Apache-HttpClient/4.5.14 (Java/17.0.12)
1 > Accept-Encoding: gzip,deflate
grant_type=client_credentials&client_id=0205cb&client_secret=iXaIz03uhylB2nG6jxTLz2QdHs37GbXn

14:14:16.920 [main] DEBUG org.apache.http.impl.conn.PoolingHttpClientConnectionManager - Connection request: [route: {s}->https://autenticacionqa.coonecta.com.ec:443][total available: 0; route allocated: 0 of 5; total allocated: 0 of 10]
14:14:16.940 [main] DEBUG org.apache.http.impl.conn.PoolingHttpClientConnectionManager - Connection leased: [id: 0][route: {s}->https://autenticacionqa.coonecta.com.ec:443][total available: 0; route allocated: 1 of 5; total allocated: 1 of 10]
14:14:16.945 [main] DEBUG org.apache.http.impl.execchain.MainClientExec - Opening connection {s}->https://autenticacionqa.coonecta.com.ec:443
14:14:16.962 [main] DEBUG org.apache.http.impl.conn.DefaultHttpClientConnectionOperator - Connecting to autenticacionqa.coonecta.com.ec/10.1.4.6:443
14:14:16.962 [main] DEBUG org.apache.http.conn.ssl.SSLConnectionSocketFactory - Connecting socket to autenticacionqa.coonecta.com.ec/10.1.4.6:443 with timeout 30000
14:14:17.133 [main] DEBUG org.apache.http.conn.ssl.SSLConnectionSocketFactory - Enabled protocols: [TLSv1.3, TLSv1.2]
14:14:17.133 [main] DEBUG org.apache.http.conn.ssl.SSLConnectionSocketFactory - Enabled cipher suites:[TLS_AES_256_GCM_SHA384, TLS_AES_128_GCM_SHA256, TLS_CHACHA20_POLY1305_SHA256, TLS_ECDHE_ECDSA_WITH_AES_256_GCM_SHA384, TLS_ECDHE_ECDSA_WITH_AES_128_GCM_SHA256, TLS_ECDHE_ECDSA_WITH_CHACHA20_POLY1305_SHA256, TLS_ECDHE_RSA_WITH_AES_256_GCM_SHA384, TLS_ECDHE_RSA_WITH_CHACHA20_POLY1305_SHA256, TLS_ECDHE_RSA_WITH_AES_128_GCM_SHA256, TLS_DHE_RSA_WITH_AES_256_GCM_SHA384, TLS_DHE_RSA_WITH_CHACHA20_POLY1305_SHA256, TLS_DHE_DSS_WITH_AES_256_GCM_SHA384, TLS_DHE_RSA_WITH_AES_128_GCM_SHA256, TLS_DHE_DSS_WITH_AES_128_GCM_SHA256, TLS_ECDHE_ECDSA_WITH_AES_256_CBC_SHA384, TLS_ECDHE_RSA_WITH_AES_256_CBC_SHA384, TLS_ECDHE_ECDSA_WITH_AES_128_CBC_SHA256, TLS_ECDHE_RSA_WITH_AES_128_CBC_SHA256, TLS_DHE_RSA_WITH_AES_256_CBC_SHA256, TLS_DHE_DSS_WITH_AES_256_CBC_SHA256, TLS_DHE_RSA_WITH_AES_128_CBC_SHA256, TLS_DHE_DSS_WITH_AES_128_CBC_SHA256, TLS_ECDH_ECDSA_WITH_AES_256_GCM_SHA384, TLS_ECDH_RSA_WITH_AES_256_GCM_SHA384, TLS_ECDH_ECDSA_WITH_AES_128_GCM_SHA256, TLS_ECDH_RSA_WITH_AES_128_GCM_SHA256, TLS_ECDH_ECDSA_WITH_AES_256_CBC_SHA384, TLS_ECDH_RSA_WITH_AES_256_CBC_SHA384, TLS_ECDH_ECDSA_WITH_AES_128_CBC_SHA256, TLS_ECDH_RSA_WITH_AES_128_CBC_SHA256, TLS_ECDHE_ECDSA_WITH_AES_256_CBC_SHA, TLS_ECDHE_RSA_WITH_AES_256_CBC_SHA, TLS_ECDHE_ECDSA_WITH_AES_128_CBC_SHA, TLS_ECDHE_RSA_WITH_AES_128_CBC_SHA, TLS_DHE_RSA_WITH_AES_256_CBC_SHA, TLS_DHE_DSS_WITH_AES_256_CBC_SHA, TLS_DHE_RSA_WITH_AES_128_CBC_SHA, TLS_DHE_DSS_WITH_AES_128_CBC_SHA, TLS_ECDH_ECDSA_WITH_AES_256_CBC_SHA, TLS_ECDH_RSA_WITH_AES_256_CBC_SHA, TLS_ECDH_ECDSA_WITH_AES_128_CBC_SHA, TLS_ECDH_RSA_WITH_AES_128_CBC_SHA, TLS_RSA_WITH_AES_256_GCM_SHA384, TLS_RSA_WITH_AES_128_GCM_SHA256, TLS_RSA_WITH_AES_256_CBC_SHA256, TLS_RSA_WITH_AES_128_CBC_SHA256, TLS_RSA_WITH_AES_256_CBC_SHA, TLS_RSA_WITH_AES_128_CBC_SHA, TLS_EMPTY_RENEGOTIATION_INFO_SCSV]
14:14:17.134 [main] DEBUG org.apache.http.conn.ssl.SSLConnectionSocketFactory - Starting handshake
14:14:17.410 [main] DEBUG org.apache.http.conn.ssl.SSLConnectionSocketFactory - Secure session established
14:14:17.410 [main] DEBUG org.apache.http.conn.ssl.SSLConnectionSocketFactory -  negotiated protocol: TLSv1.3
14:14:17.410 [main] DEBUG org.apache.http.conn.ssl.SSLConnectionSocketFactory -  negotiated cipher suite: TLS_AES_256_GCM_SHA384
14:14:17.412 [main] DEBUG org.apache.http.conn.ssl.SSLConnectionSocketFactory -  peer principal: CN=autenticacionqa.coonecta.com.ec, O=Red Transaccional Cooperativa S.A. RTC, L=Quito, ST=Pichincha, C=EC
14:14:17.414 [main] DEBUG org.apache.http.conn.ssl.SSLConnectionSocketFactory -  peer alternative names: [autenticacionqa.coonecta.com.ec]
14:14:17.414 [main] DEBUG org.apache.http.conn.ssl.SSLConnectionSocketFactory -  issuer principal: CN=DigiCert Global G2 TLS RSA SHA256 2020 CA1, O=DigiCert Inc, C=US
14:14:17.416 [main] DEBUG org.apache.http.impl.conn.DefaultHttpClientConnectionOperator - Connection established 10.10.10.151:54119<->10.1.4.6:443
14:14:17.416 [main] DEBUG org.apache.http.impl.conn.DefaultManagedHttpClientConnection - http-outgoing-0: set socket timeout to 30000
14:14:17.416 [main] DEBUG org.apache.http.impl.execchain.MainClientExec - Executing request POST /auth/realms/PANAPAY/protocol/openid-connect/token HTTP/1.1
14:14:17.416 [main] DEBUG org.apache.http.impl.execchain.MainClientExec - Target auth state: UNCHALLENGED
14:14:17.416 [main] DEBUG org.apache.http.impl.execchain.MainClientExec - Proxy auth state: UNCHALLENGED
14:14:17.422 [main] DEBUG org.apache.http.headers - http-outgoing-0 >> POST /auth/realms/PANAPAY/protocol/openid-connect/token HTTP/1.1
14:14:17.424 [main] DEBUG org.apache.http.headers - http-outgoing-0 >> Content-Type: application/x-www-form-urlencoded
14:14:17.424 [main] DEBUG org.apache.http.headers - http-outgoing-0 >> Content-Length: 93
14:14:17.424 [main] DEBUG org.apache.http.headers - http-outgoing-0 >> Host: autenticacionqa.coonecta.com.ec
14:14:17.424 [main] DEBUG org.apache.http.headers - http-outgoing-0 >> Connection: Keep-Alive
14:14:17.424 [main] DEBUG org.apache.http.headers - http-outgoing-0 >> User-Agent: Apache-HttpClient/4.5.14 (Java/17.0.12)
14:14:17.424 [main] DEBUG org.apache.http.headers - http-outgoing-0 >> Accept-Encoding: gzip,deflate
14:14:17.424 [main] DEBUG org.apache.http.wire - http-outgoing-0 >> "POST /auth/realms/PANAPAY/protocol/openid-connect/token HTTP/1.1[\r][\n]"
14:14:17.424 [main] DEBUG org.apache.http.wire - http-outgoing-0 >> "Content-Type: application/x-www-form-urlencoded[\r][\n]"
14:14:17.424 [main] DEBUG org.apache.http.wire - http-outgoing-0 >> "Content-Length: 93[\r][\n]"
14:14:17.424 [main] DEBUG org.apache.http.wire - http-outgoing-0 >> "Host: autenticacionqa.coonecta.com.ec[\r][\n]"
14:14:17.424 [main] DEBUG org.apache.http.wire - http-outgoing-0 >> "Connection: Keep-Alive[\r][\n]"
14:14:17.424 [main] DEBUG org.apache.http.wire - http-outgoing-0 >> "User-Agent: Apache-HttpClient/4.5.14 (Java/17.0.12)[\r][\n]"
14:14:17.424 [main] DEBUG org.apache.http.wire - http-outgoing-0 >> "Accept-Encoding: gzip,deflate[\r][\n]"
14:14:17.424 [main] DEBUG org.apache.http.wire - http-outgoing-0 >> "[\r][\n]"
14:14:17.424 [main] DEBUG org.apache.http.wire - http-outgoing-0 >> "grant_type=client_credentials&client_id=0205cb&client_secret=iXaIz03uhylB2nG6jxTLz2QdHs37GbXn"
14:14:17.522 [main] DEBUG org.apache.http.wire - http-outgoing-0 << "HTTP/1.1 200 OK[\r][\n]"
14:14:17.522 [main] DEBUG org.apache.http.wire - http-outgoing-0 << "Date: Wed, 22 Oct 2025 19:14:10 GMT[\r][\n]"
14:14:17.522 [main] DEBUG org.apache.http.wire - http-outgoing-0 << "Content-Type: application/json[\r][\n]"
14:14:17.522 [main] DEBUG org.apache.http.wire - http-outgoing-0 << "Content-Length: 1492[\r][\n]"
14:14:17.522 [main] DEBUG org.apache.http.wire - http-outgoing-0 << "Connection: keep-alive[\r][\n]"
14:14:17.522 [main] DEBUG org.apache.http.wire - http-outgoing-0 << "Cache-Control: no-store[\r][\n]"
14:14:17.522 [main] DEBUG org.apache.http.wire - http-outgoing-0 << "Pragma: no-cache[\r][\n]"
14:14:17.522 [main] DEBUG org.apache.http.wire - http-outgoing-0 << "Referrer-Policy: no-referrer[\r][\n]"
14:14:17.522 [main] DEBUG org.apache.http.wire - http-outgoing-0 << "Strict-Transport-Security: max-age=31536000; includeSubDomains[\r][\n]"
14:14:17.522 [main] DEBUG org.apache.http.wire - http-outgoing-0 << "X-Content-Type-Options: nosniff[\r][\n]"
14:14:17.522 [main] DEBUG org.apache.http.wire - http-outgoing-0 << "[\r][\n]"
14:14:17.522 [main] DEBUG org.apache.http.wire - http-outgoing-0 << "{"access_token":"eyJhbGciOiJSUzI1NiIsInR5cCIgOiAiSldUIiwia2lkIiA6ICI2dUJWTkN6VlViUFBlTFdReEM0WDAyYVM3UnM2UGRYV1dja1dfc0xZMHlFIn0.eyJleHAiOjE3NjExNjA3NTAsImlhdCI6MTc2MTE2MDQ1MCwianRpIjoidHJydGNjOjQ5Yjg0NDVjLTgzYTAtMjI4Ni02NDczLWE2ZGEzOTBhOWQ0YSIsImlzcyI6Imh0dHBzOi8vYXV0ZW50aWNhY2lvbnFhLmNvb25lY3RhLmNvbS5lYy9hdXRoL3JlYWxtcy9QQU5BUEFZIiwiYXVkIjoiYWNjb3VudCIsInN1YiI6Ijk5OGMyZmUwLTJjOGYtNGQwNC1iZjExLWY1OWExZTM5ODg3MyIsInR5cCI6IkJlYXJlciIsImF6cCI6IjAyMDVjYiIsImFjciI6IjEiLCJhbGxvd2VkLW9yaWdpbnMiOlsiLyoiXSwicmVhbG1fYWNjZXNzIjp7InJvbGVzIjpbImRlZmF1bHQtcm9sZXMtYWRtaW5wYW5hcGF5Iiwib2ZmbGluZV9hY2Nlc3MiLCJ1bWFfYXV0aG9yaXphdGlvbiJdfSwicmVzb3VyY2VfYWNjZXNzIjp7IjAyMDVjYiI6eyJyb2xlcyI6WyJ1bWFfcHJvdGVjdGlvbiJdfSwiYWNjb3VudCI6eyJyb2xlcyI6WyJtYW5hZ2UtYWNjb3VudCIsIm1hbmFnZS1hY2NvdW50LWxpbmtzIiwidmlldy1wcm9maWxlIl19fSwic2NvcGUiOiJwcm9maWxlIGVtYWlsIiwiZW1haWxfdmVyaWZpZWQiOmZhbHNlLCJjbGllbnRIb3N0IjoiMTAuMTAuMTAuMTUxIiwicHJlZmVycmVkX3VzZXJuYW1lIjoic2VydmljZS1hY2NvdW50LTAyMDVjYiIsImNsaWVudEFkZHJlc3MiOiIxMC4xMC4xMC4xNTEiLCJjbGllbnRfaWQiOiIwMjA1Y2IifQ.bATUogohrEqy7Voa4mFnsBzOnGy6tnjZGh_lOYRn-0hWXMY_fz-280nTu2Vv68eO3HeoewtWlt45S_iLI2-ml3pqpAlt3DXWVmLvVHw6d7TICHBfQsa0jGXMexKnyar7EinrVhF3deSK25Ap_ajC_82EvVvXrVG-7p9F1dEdq39y2R72JympejF5uhY_z_jNmqJSsnLEZVOo3WMJn76u9tTcYVIldC5uWGFWbPGEhvWPx4ZGpsuq_wrPOGdRmyJDFJPJl7LnLGHK0DBhuVtJUq_NFQkMus2fTTf_mWhRnoqNU-wUCS-fxMs6QusGzIVd-C3O29J3rerHTrGg21LAsQ","expires_in":300,"refresh_expires_in":0,"token_type":"Bearer","not-before-policy":0,"scope":"profile email"}"
14:14:17.522 [main] DEBUG org.apache.http.headers - http-outgoing-0 << HTTP/1.1 200 OK
14:14:17.522 [main] DEBUG org.apache.http.headers - http-outgoing-0 << Date: Wed, 22 Oct 2025 19:14:10 GMT
14:14:17.522 [main] DEBUG org.apache.http.headers - http-outgoing-0 << Content-Type: application/json
14:14:17.522 [main] DEBUG org.apache.http.headers - http-outgoing-0 << Content-Length: 1492
14:14:17.522 [main] DEBUG org.apache.http.headers - http-outgoing-0 << Connection: keep-alive
14:14:17.522 [main] DEBUG org.apache.http.headers - http-outgoing-0 << Cache-Control: no-store
14:14:17.522 [main] DEBUG org.apache.http.headers - http-outgoing-0 << Pragma: no-cache
14:14:17.522 [main] DEBUG org.apache.http.headers - http-outgoing-0 << Referrer-Policy: no-referrer
14:14:17.522 [main] DEBUG org.apache.http.headers - http-outgoing-0 << Strict-Transport-Security: max-age=31536000; includeSubDomains
14:14:17.522 [main] DEBUG org.apache.http.headers - http-outgoing-0 << X-Content-Type-Options: nosniff
14:14:17.530 [main] DEBUG org.apache.http.impl.execchain.MainClientExec - Connection can be kept alive indefinitely
14:14:17.540 [main] DEBUG org.apache.http.impl.conn.PoolingHttpClientConnectionManager - Connection [id: 0][route: {s}->https://autenticacionqa.coonecta.com.ec:443] can be kept alive indefinitely
14:14:17.540 [main] DEBUG org.apache.http.impl.conn.DefaultManagedHttpClientConnection - http-outgoing-0: set socket timeout to 0
14:14:17.540 [main] DEBUG org.apache.http.impl.conn.PoolingHttpClientConnectionManager - Connection released: [id: 0][route: {s}->https://autenticacionqa.coonecta.com.ec:443][total available: 1; route allocated: 1 of 5; total allocated: 1 of 10]
14:14:17.540 [main] DEBUG org.apache.http.impl.conn.PoolingHttpClientConnectionManager - Connection manager is shutting down
14:14:17.540 [main] DEBUG org.apache.http.impl.conn.DefaultManagedHttpClientConnection - http-outgoing-0: Close connection
14:14:17.540 [main] DEBUG org.apache.http.impl.conn.PoolingHttpClientConnectionManager - Connection manager shut down
14:14:17.547 [main] DEBUG com.intuit.karate - response time in milliseconds: 620
1 < 200
1 < Date: Wed, 22 Oct 2025 19:14:10 GMT
1 < Content-Type: application/json
1 < Content-Length: 1492
1 < Connection: keep-alive
1 < Cache-Control: no-store
1 < Pragma: no-cache
1 < Referrer-Policy: no-referrer
1 < Strict-Transport-Security: max-age=31536000; includeSubDomains
1 < X-Content-Type-Options: nosniff
{"access_token":"eyJhbGciOiJSUzI1NiIsInR5cCIgOiAiSldUIiwia2lkIiA6ICI2dUJWTkN6VlViUFBlTFdReEM0WDAyYVM3UnM2UGRYV1dja1dfc0xZMHlFIn0.eyJleHAiOjE3NjExNjA3NTAsImlhdCI6MTc2MTE2MDQ1MCwianRpIjoidHJydGNjOjQ5Yjg0NDVjLTgzYTAtMjI4Ni02NDczLWE2ZGEzOTBhOWQ0YSIsImlzcyI6Imh0dHBzOi8vYXV0ZW50aWNhY2lvbnFhLmNvb25lY3RhLmNvbS5lYy9hdXRoL3JlYWxtcy9QQU5BUEFZIiwiYXVkIjoiYWNjb3VudCIsInN1YiI6Ijk5OGMyZmUwLTJjOGYtNGQwNC1iZjExLWY1OWExZTM5ODg3MyIsInR5cCI6IkJlYXJlciIsImF6cCI6IjAyMDVjYiIsImFjciI6IjEiLCJhbGxvd2VkLW9yaWdpbnMiOlsiLyoiXSwicmVhbG1fYWNjZXNzIjp7InJvbGVzIjpbImRlZmF1bHQtcm9sZXMtYWRtaW5wYW5hcGF5Iiwib2ZmbGluZV9hY2Nlc3MiLCJ1bWFfYXV0aG9yaXphdGlvbiJdfSwicmVzb3VyY2VfYWNjZXNzIjp7IjAyMDVjYiI6eyJyb2xlcyI6WyJ1bWFfcHJvdGVjdGlvbiJdfSwiYWNjb3VudCI6eyJyb2xlcyI6WyJtYW5hZ2UtYWNjb3VudCIsIm1hbmFnZS1hY2NvdW50LWxpbmtzIiwidmlldy1wcm9maWxlIl19fSwic2NvcGUiOiJwcm9maWxlIGVtYWlsIiwiZW1haWxfdmVyaWZpZWQiOmZhbHNlLCJjbGllbnRIb3N0IjoiMTAuMTAuMTAuMTUxIiwicHJlZmVycmVkX3VzZXJuYW1lIjoic2VydmljZS1hY2NvdW50LTAyMDVjYiIsImNsaWVudEFkZHJlc3MiOiIxMC4xMC4xMC4xNTEiLCJjbGllbnRfaWQiOiIwMjA1Y2IifQ.bATUogohrEqy7Voa4mFnsBzOnGy6tnjZGh_lOYRn-0hWXMY_fz-280nTu2Vv68eO3HeoewtWlt45S_iLI2-ml3pqpAlt3DXWVmLvVHw6d7TICHBfQsa0jGXMexKnyar7EinrVhF3deSK25Ap_ajC_82EvVvXrVG-7p9F1dEdq39y2R72JympejF5uhY_z_jNmqJSsnLEZVOo3WMJn76u9tTcYVIldC5uWGFWbPGEhvWPx4ZGpsuq_wrPOGdRmyJDFJPJl7LnLGHK0DBhuVtJUq_NFQkMus2fTTf_mWhRnoqNU-wUCS-fxMs6QusGzIVd-C3O29J3rerHTrGg21LAsQ","expires_in":300,"refresh_expires_in":0,"token_type":"Bearer","not-before-policy":0,"scope":"profile email"}

14:14:17.646 [main] DEBUG com.jayway.jsonpath.internal.path.CompiledPath - Evaluating path: $['access_token']
14:14:17.671 [main] DEBUG com.jayway.jsonpath.internal.path.CompiledPath - Evaluating path: $
14:14:17.683 [main] DEBUG com.jayway.jsonpath.internal.path.CompiledPath - Evaluating path: $['responseStatus']
14:14:17.683 [main] DEBUG com.jayway.jsonpath.internal.path.CompiledPath - Evaluating path: $
14:14:17.683 [main] DEBUG com.jayway.jsonpath.internal.path.CompiledPath - Evaluating path: $
14:14:17.683 [main] DEBUG com.jayway.jsonpath.internal.JsonContext - Put path $ key responseStatus value {}
14:14:17.683 [main] DEBUG com.jayway.jsonpath.internal.path.CompiledPath - Evaluating path: $
14:14:17.683 [main] DEBUG com.jayway.jsonpath.internal.JsonContext - Put path $ key responseStatus value 200
14:14:17.687 [main] DEBUG com.jayway.jsonpath.internal.path.CompiledPath - Evaluating path: $['rawResponse']
14:14:17.688 [main] DEBUG com.jayway.jsonpath.internal.path.CompiledPath - Evaluating path: $
14:14:17.688 [main] DEBUG com.jayway.jsonpath.internal.path.CompiledPath - Evaluating path: $
14:14:17.688 [main] DEBUG com.jayway.jsonpath.internal.JsonContext - Put path $ key rawResponse value {}
14:14:17.688 [main] DEBUG com.jayway.jsonpath.internal.path.CompiledPath - Evaluating path: $
14:14:17.688 [main] DEBUG com.jayway.jsonpath.internal.JsonContext - Put path $ key rawResponse value {access_token=eyJhbGciOiJSUzI1NiIsInR5cCIgOiAiSldUIiwia2lkIiA6ICI2dUJWTkN6VlViUFBlTFdReEM0WDAyYVM3UnM2UGRYV1dja1dfc0xZMHlFIn0.eyJleHAiOjE3NjExNjA3NTAsImlhdCI6MTc2MTE2MDQ1MCwianRpIjoidHJydGNjOjQ5Yjg0NDVjLTgzYTAtMjI4Ni02NDczLWE2ZGEzOTBhOWQ0YSIsImlzcyI6Imh0dHBzOi8vYXV0ZW50aWNhY2lvbnFhLmNvb25lY3RhLmNvbS5lYy9hdXRoL3JlYWxtcy9QQU5BUEFZIiwiYXVkIjoiYWNjb3VudCIsInN1YiI6Ijk5OGMyZmUwLTJjOGYtNGQwNC1iZjExLWY1OWExZTM5ODg3MyIsInR5cCI6IkJlYXJlciIsImF6cCI6IjAyMDVjYiIsImFjciI6IjEiLCJhbGxvd2VkLW9yaWdpbnMiOlsiLyoiXSwicmVhbG1fYWNjZXNzIjp7InJvbGVzIjpbImRlZmF1bHQtcm9sZXMtYWRtaW5wYW5hcGF5Iiwib2ZmbGluZV9hY2Nlc3MiLCJ1bWFfYXV0aG9yaXphdGlvbiJdfSwicmVzb3VyY2VfYWNjZXNzIjp7IjAyMDVjYiI6eyJyb2xlcyI6WyJ1bWFfcHJvdGVjdGlvbiJdfSwiYWNjb3VudCI6eyJyb2xlcyI6WyJtYW5hZ2UtYWNjb3VudCIsIm1hbmFnZS1hY2NvdW50LWxpbmtzIiwidmlldy1wcm9maWxlIl19fSwic2NvcGUiOiJwcm9maWxlIGVtYWlsIiwiZW1haWxfdmVyaWZpZWQiOmZhbHNlLCJjbGllbnRIb3N0IjoiMTAuMTAuMTAuMTUxIiwicHJlZmVycmVkX3VzZXJuYW1lIjoic2VydmljZS1hY2NvdW50LTAyMDVjYiIsImNsaWVudEFkZHJlc3MiOiIxMC4xMC4xMC4xNTEiLCJjbGllbnRfaWQiOiIwMjA1Y2IifQ.bATUogohrEqy7Voa4mFnsBzOnGy6tnjZGh_lOYRn-0hWXMY_fz-280nTu2Vv68eO3HeoewtWlt45S_iLI2-ml3pqpAlt3DXWVmLvVHw6d7TICHBfQsa0jGXMexKnyar7EinrVhF3deSK25Ap_ajC_82EvVvXrVG-7p9F1dEdq39y2R72JympejF5uhY_z_jNmqJSsnLEZVOo3WMJn76u9tTcYVIldC5uWGFWbPGEhvWPx4ZGpsuq_wrPOGdRmyJDFJPJl7LnLGHK0DBhuVtJUq_NFQkMus2fTTf_mWhRnoqNU-wUCS-fxMs6QusGzIVd-C3O29J3rerHTrGg21LAsQ, expires_in=300, refresh_expires_in=0, token_type=Bearer, not-before-policy=0, scope=profile email}
14:14:17.731 [main] DEBUG com.jayway.jsonpath.internal.path.CompiledPath - Evaluating path: $['tokenPath']
14:14:17.731 [main] DEBUG com.jayway.jsonpath.internal.path.CompiledPath - Evaluating path: $
14:14:17.731 [main] DEBUG com.jayway.jsonpath.internal.path.CompiledPath - Evaluating path: $
14:14:17.731 [main] DEBUG com.jayway.jsonpath.internal.JsonContext - Put path $ key tokenPath value {}
14:14:17.731 [main] DEBUG com.jayway.jsonpath.internal.path.CompiledPath - Evaluating path: $
14:14:17.731 [main] DEBUG com.jayway.jsonpath.internal.JsonContext - Put path $ key tokenPath value C:\Users\aromero\OneDrive - RED TRANSACCIONAL COOPERATIVA RTC COONECTA\Escritorio\PRUEBA - TATA\Karate-EJERCICIO2\target\token.txt
14:14:17.731 [main] DEBUG com.jayway.jsonpath.internal.path.CompiledPath - Evaluating path: $['tokenJsonPath']
14:14:17.731 [main] DEBUG com.jayway.jsonpath.internal.path.CompiledPath - Evaluating path: $
14:14:17.731 [main] DEBUG com.jayway.jsonpath.internal.path.CompiledPath - Evaluating path: $
14:14:17.731 [main] DEBUG com.jayway.jsonpath.internal.JsonContext - Put path $ key tokenJsonPath value {}
14:14:17.731 [main] DEBUG com.jayway.jsonpath.internal.path.CompiledPath - Evaluating path: $
14:14:17.731 [main] DEBUG com.jayway.jsonpath.internal.JsonContext - Put path $ key tokenJsonPath value C:\Users\aromero\OneDrive - RED TRANSACCIONAL COOPERATIVA RTC COONECTA\Escritorio\PRUEBA - TATA\Karate-EJERCICIO2\target\token-data.json
14:14:17.731 [main] DEBUG com.jayway.jsonpath.internal.path.CompiledPath - Evaluating path: $['tokenResponsePath']
14:14:17.731 [main] DEBUG com.jayway.jsonpath.internal.path.CompiledPath - Evaluating path: $
14:14:17.731 [main] DEBUG com.jayway.jsonpath.internal.path.CompiledPath - Evaluating path: $
14:14:17.731 [main] DEBUG com.jayway.jsonpath.internal.JsonContext - Put path $ key tokenResponsePath value {}
14:14:17.731 [main] DEBUG com.jayway.jsonpath.internal.path.CompiledPath - Evaluating path: $
14:14:17.731 [main] DEBUG com.jayway.jsonpath.internal.JsonContext - Put path $ key tokenResponsePath value C:\Users\aromero\OneDrive - RED TRANSACCIONAL COOPERATIVA RTC COONECTA\Escritorio\PRUEBA - TATA\Karate-EJERCICIO2\target\token-response.json
14:14:17.922 [main] INFO com.intuit.karate - Token almacenado en: C:\Users\aromero\OneDrive - RED TRANSACCIONAL COOPERATIVA RTC COONECTA\Escritorio\PRUEBA - TATA\Karate-EJERCICIO2\target\token.txt 
14:14:17.922 [main] INFO com.intuit.karate - Detalle crudo almacenado en: C:\Users\aromero\OneDrive - RED TRANSACCIONAL COOPERATIVA RTC COONECTA\Escritorio\PRUEBA - TATA\Karate-EJERCICIO2\target\token-response.json 
14:14:17.944 [main] DEBUG com.intuit.karate - key store key count for classpath:certificado/clientcert.cbiblian.internal 1.pfx: 1
14:14:18.000 [main] DEBUG com.jayway.jsonpath.internal.path.CompiledPath - Evaluating path: $
14:14:18.002 [main] DEBUG com.jayway.jsonpath.internal.path.CompiledPath - Evaluating path: $['auth_tokencb']
14:14:18.005 [main] DEBUG com.jayway.jsonpath.internal.path.CompiledPath - Evaluating path: $['responseStatus']
14:14:18.022 [main] DEBUG com.jayway.jsonpath.internal.path.CompiledPath - Evaluating path: $['currentDate']
14:14:18.022 [main] DEBUG com.jayway.jsonpath.internal.path.CompiledPath - Evaluating path: $['coop_codecb']
14:14:18.026 [main] DEBUG com.jayway.jsonpath.internal.path.CompiledPath - Evaluating path: $
14:14:18.026 [main] DEBUG com.jayway.jsonpath.internal.path.CompiledPath - Evaluating path: $['status']
14:14:18.043 [main] DEBUG com.intuit.karate - key store key count for classpath:certificado/clientcert.cbiblian.internal 1.pfx: 1
14:14:18.092 [main] DEBUG com.jayway.jsonpath.internal.path.CompiledPath - Evaluating path: $
14:14:18.092 [main] DEBUG com.jayway.jsonpath.internal.path.CompiledPath - Evaluating path: $['auth_tokencb']
14:14:18.092 [main] DEBUG com.jayway.jsonpath.internal.path.CompiledPath - Evaluating path: $['tokenPath']
14:14:18.092 [main] INFO com.intuit.karate - << lock released, cached callonce: read('classpath:helpers/generate-token.feature')
14:14:18.109 [main] DEBUG com.jayway.jsonpath.internal.path.CompiledPath - Evaluating path: $
14:14:18.109 [main] DEBUG com.jayway.jsonpath.internal.path.CompiledPath - Evaluating path: $['Authorization']
14:14:18.109 [main] DEBUG com.jayway.jsonpath.internal.path.CompiledPath - Evaluating path: $
14:14:18.109 [main] DEBUG com.jayway.jsonpath.internal.path.CompiledPath - Evaluating path: $
14:14:18.109 [main] DEBUG com.jayway.jsonpath.internal.JsonContext - Put path $ key Authorization value {}
14:14:18.109 [main] DEBUG com.jayway.jsonpath.internal.path.CompiledPath - Evaluating path: $
14:14:18.109 [main] DEBUG com.jayway.jsonpath.internal.JsonContext - Put path $ key Authorization value Bearer eyJhbGciOiJSUzI1NiIsInR5cCIgOiAiSldUIiwia2lkIiA6ICI2dUJWTkN6VlViUFBlTFdReEM0WDAyYVM3UnM2UGRYV1dja1dfc0xZMHlFIn0.eyJleHAiOjE3NjExNjA3NTAsImlhdCI6MTc2MTE2MDQ1MCwianRpIjoidHJydGNjOjQ5Yjg0NDVjLTgzYTAtMjI4Ni02NDczLWE2ZGEzOTBhOWQ0YSIsImlzcyI6Imh0dHBzOi8vYXV0ZW50aWNhY2lvbnFhLmNvb25lY3RhLmNvbS5lYy9hdXRoL3JlYWxtcy9QQU5BUEFZIiwiYXVkIjoiYWNjb3VudCIsInN1YiI6Ijk5OGMyZmUwLTJjOGYtNGQwNC1iZjExLWY1OWExZTM5ODg3MyIsInR5cCI6IkJlYXJlciIsImF6cCI6IjAyMDVjYiIsImFjciI6IjEiLCJhbGxvd2VkLW9yaWdpbnMiOlsiLyoiXSwicmVhbG1fYWNjZXNzIjp7InJvbGVzIjpbImRlZmF1bHQtcm9sZXMtYWRtaW5wYW5hcGF5Iiwib2ZmbGluZV9hY2Nlc3MiLCJ1bWFfYXV0aG9yaXphdGlvbiJdfSwicmVzb3VyY2VfYWNjZXNzIjp7IjAyMDVjYiI6eyJyb2xlcyI6WyJ1bWFfcHJvdGVjdGlvbiJdfSwiYWNjb3VudCI6eyJyb2xlcyI6WyJtYW5hZ2UtYWNjb3VudCIsIm1hbmFnZS1hY2NvdW50LWxpbmtzIiwidmlldy1wcm9maWxlIl19fSwic2NvcGUiOiJwcm9maWxlIGVtYWlsIiwiZW1haWxfdmVyaWZpZWQiOmZhbHNlLCJjbGllbnRIb3N0IjoiMTAuMTAuMTAuMTUxIiwicHJlZmVycmVkX3VzZXJuYW1lIjoic2VydmljZS1hY2NvdW50LTAyMDVjYiIsImNsaWVudEFkZHJlc3MiOiIxMC4xMC4xMC4xNTEiLCJjbGllbnRfaWQiOiIwMjA1Y2IifQ.bATUogohrEqy7Voa4mFnsBzOnGy6tnjZGh_lOYRn-0hWXMY_fz-280nTu2Vv68eO3HeoewtWlt45S_iLI2-ml3pqpAlt3DXWVmLvVHw6d7TICHBfQsa0jGXMexKnyar7EinrVhF3deSK25Ap_ajC_82EvVvXrVG-7p9F1dEdq39y2R72JympejF5uhY_z_jNmqJSsnLEZVOo3WMJn76u9tTcYVIldC5uWGFWbPGEhvWPx4ZGpsuq_wrPOGdRmyJDFJPJl7LnLGHK0DBhuVtJUq_NFQkMus2fTTf_mWhRnoqNU-wUCS-fxMs6QusGzIVd-C3O29J3rerHTrGg21LAsQ
14:14:18.109 [main] DEBUG com.jayway.jsonpath.internal.path.CompiledPath - Evaluating path: $
14:14:18.292 [main] DEBUG com.jayway.jsonpath.internal.path.CompiledPath - Evaluating path: $
14:14:18.372 [main] DEBUG org.apache.http.client.protocol.RequestAddCookies - CookieSpec selected: karate
14:14:18.372 [main] DEBUG org.apache.http.client.protocol.RequestAuthCache - Auth cache not set in the context
14:14:18.372 [main] DEBUG com.intuit.karate - request:
1 > POST https://apipanapayqa.coonecta.com.ec/api/switchcentral/finan/transferencia
1 > Content-Type: application/json; charset=UTF-8
1 > Authorization: Bearer eyJhbGciOiJSUzI1NiIsInR5cCIgOiAiSldUIiwia2lkIiA6ICI2dUJWTkN6VlViUFBlTFdReEM0WDAyYVM3UnM2UGRYV1dja1dfc0xZMHlFIn0.eyJleHAiOjE3NjExNjA3NTAsImlhdCI6MTc2MTE2MDQ1MCwianRpIjoidHJydGNjOjQ5Yjg0NDVjLTgzYTAtMjI4Ni02NDczLWE2ZGEzOTBhOWQ0YSIsImlzcyI6Imh0dHBzOi8vYXV0ZW50aWNhY2lvbnFhLmNvb25lY3RhLmNvbS5lYy9hdXRoL3JlYWxtcy9QQU5BUEFZIiwiYXVkIjoiYWNjb3VudCIsInN1YiI6Ijk5OGMyZmUwLTJjOGYtNGQwNC1iZjExLWY1OWExZTM5ODg3MyIsInR5cCI6IkJlYXJlciIsImF6cCI6IjAyMDVjYiIsImFjciI6IjEiLCJhbGxvd2VkLW9yaWdpbnMiOlsiLyoiXSwicmVhbG1fYWNjZXNzIjp7InJvbGVzIjpbImRlZmF1bHQtcm9sZXMtYWRtaW5wYW5hcGF5Iiwib2ZmbGluZV9hY2Nlc3MiLCJ1bWFfYXV0aG9yaXphdGlvbiJdfSwicmVzb3VyY2VfYWNjZXNzIjp7IjAyMDVjYiI6eyJyb2xlcyI6WyJ1bWFfcHJvdGVjdGlvbiJdfSwiYWNjb3VudCI6eyJyb2xlcyI6WyJtYW5hZ2UtYWNjb3VudCIsIm1hbmFnZS1hY2NvdW50LWxpbmtzIiwidmlldy1wcm9maWxlIl19fSwic2NvcGUiOiJwcm9maWxlIGVtYWlsIiwiZW1haWxfdmVyaWZpZWQiOmZhbHNlLCJjbGllbnRIb3N0IjoiMTAuMTAuMTAuMTUxIiwicHJlZmVycmVkX3VzZXJuYW1lIjoic2VydmljZS1hY2NvdW50LTAyMDVjYiIsImNsaWVudEFkZHJlc3MiOiIxMC4xMC4xMC4xNTEiLCJjbGllbnRfaWQiOiIwMjA1Y2IifQ.bATUogohrEqy7Voa4mFnsBzOnGy6tnjZGh_lOYRn-0hWXMY_fz-280nTu2Vv68eO3HeoewtWlt45S_iLI2-ml3pqpAlt3DXWVmLvVHw6d7TICHBfQsa0jGXMexKnyar7EinrVhF3deSK25Ap_ajC_82EvVvXrVG-7p9F1dEdq39y2R72JympejF5uhY_z_jNmqJSsnLEZVOo3WMJn76u9tTcYVIldC5uWGFWbPGEhvWPx4ZGpsuq_wrPOGdRmyJDFJPJl7LnLGHK0DBhuVtJUq_NFQkMus2fTTf_mWhRnoqNU-wUCS-fxMs6QusGzIVd-C3O29J3rerHTrGg21LAsQ
1 > Content-Length: 509
1 > Host: apipanapayqa.coonecta.com.ec
1 > Connection: Keep-Alive
1 > User-Agent: Apache-HttpClient/4.5.14 (Java/17.0.12)
1 > Accept-Encoding: gzip,deflate
{"GrpHdr":{"msgId":"02052025102271886075182","creDtTm":"2025-10-22T14:14:18","nbOfTxs":1,"sttlmInf":{"sttlmMtd":"INGA"},"instgAgt":{"finInstnId":"0205"},"InstdAgt":{"FinInstnId":"0205"},"Mge":{"Type":"acmt.998.321.01"},"ChnlId":"APP"},"CdtTrfTxInf":{"PmtId":{"EndToEndId":"02052025102208648"},"IntrBkSttlmAmt":{"Amt":1,"Ccy":"USD"},"DbtrAcctId":{"IBAN":"EC5002051000000000020501052673"},"CdtrAcctId":{"IBAN":"EC0402051000000000020101002318"},"Prtry":{"CustRef":"QA22","ChanRef":"TERM001","AgtRef":"AGT0002"}}}

14:14:18.372 [main] DEBUG org.apache.http.impl.conn.PoolingHttpClientConnectionManager - Connection request: [route: {s}->https://apipanapayqa.coonecta.com.ec:443][total available: 0; route allocated: 0 of 5; total allocated: 0 of 10]
14:14:18.372 [main] DEBUG org.apache.http.impl.conn.PoolingHttpClientConnectionManager - Connection leased: [id: 1][route: {s}->https://apipanapayqa.coonecta.com.ec:443][total available: 0; route allocated: 1 of 5; total allocated: 1 of 10]
14:14:18.372 [main] DEBUG org.apache.http.impl.execchain.MainClientExec - Opening connection {s}->https://apipanapayqa.coonecta.com.ec:443
14:14:18.378 [main] DEBUG org.apache.http.impl.conn.DefaultHttpClientConnectionOperator - Connecting to apipanapayqa.coonecta.com.ec/10.1.0.133:443
14:14:18.378 [main] DEBUG org.apache.http.conn.ssl.SSLConnectionSocketFactory - Connecting socket to apipanapayqa.coonecta.com.ec/10.1.0.133:443 with timeout 30000
14:14:18.471 [main] DEBUG org.apache.http.conn.ssl.SSLConnectionSocketFactory - Enabled protocols: [TLSv1.3, TLSv1.2]
14:14:18.471 [main] DEBUG org.apache.http.conn.ssl.SSLConnectionSocketFactory - Enabled cipher suites:[TLS_AES_256_GCM_SHA384, TLS_AES_128_GCM_SHA256, TLS_CHACHA20_POLY1305_SHA256, TLS_ECDHE_ECDSA_WITH_AES_256_GCM_SHA384, TLS_ECDHE_ECDSA_WITH_AES_128_GCM_SHA256, TLS_ECDHE_ECDSA_WITH_CHACHA20_POLY1305_SHA256, TLS_ECDHE_RSA_WITH_AES_256_GCM_SHA384, TLS_ECDHE_RSA_WITH_CHACHA20_POLY1305_SHA256, TLS_ECDHE_RSA_WITH_AES_128_GCM_SHA256, TLS_DHE_RSA_WITH_AES_256_GCM_SHA384, TLS_DHE_RSA_WITH_CHACHA20_POLY1305_SHA256, TLS_DHE_DSS_WITH_AES_256_GCM_SHA384, TLS_DHE_RSA_WITH_AES_128_GCM_SHA256, TLS_DHE_DSS_WITH_AES_128_GCM_SHA256, TLS_ECDHE_ECDSA_WITH_AES_256_CBC_SHA384, TLS_ECDHE_RSA_WITH_AES_256_CBC_SHA384, TLS_ECDHE_ECDSA_WITH_AES_128_CBC_SHA256, TLS_ECDHE_RSA_WITH_AES_128_CBC_SHA256, TLS_DHE_RSA_WITH_AES_256_CBC_SHA256, TLS_DHE_DSS_WITH_AES_256_CBC_SHA256, TLS_DHE_RSA_WITH_AES_128_CBC_SHA256, TLS_DHE_DSS_WITH_AES_128_CBC_SHA256, TLS_ECDH_ECDSA_WITH_AES_256_GCM_SHA384, TLS_ECDH_RSA_WITH_AES_256_GCM_SHA384, TLS_ECDH_ECDSA_WITH_AES_128_GCM_SHA256, TLS_ECDH_RSA_WITH_AES_128_GCM_SHA256, TLS_ECDH_ECDSA_WITH_AES_256_CBC_SHA384, TLS_ECDH_RSA_WITH_AES_256_CBC_SHA384, TLS_ECDH_ECDSA_WITH_AES_128_CBC_SHA256, TLS_ECDH_RSA_WITH_AES_128_CBC_SHA256, TLS_ECDHE_ECDSA_WITH_AES_256_CBC_SHA, TLS_ECDHE_RSA_WITH_AES_256_CBC_SHA, TLS_ECDHE_ECDSA_WITH_AES_128_CBC_SHA, TLS_ECDHE_RSA_WITH_AES_128_CBC_SHA, TLS_DHE_RSA_WITH_AES_256_CBC_SHA, TLS_DHE_DSS_WITH_AES_256_CBC_SHA, TLS_DHE_RSA_WITH_AES_128_CBC_SHA, TLS_DHE_DSS_WITH_AES_128_CBC_SHA, TLS_ECDH_ECDSA_WITH_AES_256_CBC_SHA, TLS_ECDH_RSA_WITH_AES_256_CBC_SHA, TLS_ECDH_ECDSA_WITH_AES_128_CBC_SHA, TLS_ECDH_RSA_WITH_AES_128_CBC_SHA, TLS_RSA_WITH_AES_256_GCM_SHA384, TLS_RSA_WITH_AES_128_GCM_SHA256, TLS_RSA_WITH_AES_256_CBC_SHA256, TLS_RSA_WITH_AES_128_CBC_SHA256, TLS_RSA_WITH_AES_256_CBC_SHA, TLS_RSA_WITH_AES_128_CBC_SHA, TLS_EMPTY_RENEGOTIATION_INFO_SCSV]
14:14:18.471 [main] DEBUG org.apache.http.conn.ssl.SSLConnectionSocketFactory - Starting handshake
14:14:18.706 [main] DEBUG org.apache.http.conn.ssl.SSLConnectionSocketFactory - Secure session established
14:14:18.707 [main] DEBUG org.apache.http.conn.ssl.SSLConnectionSocketFactory -  negotiated protocol: TLSv1.3
14:14:18.707 [main] DEBUG org.apache.http.conn.ssl.SSLConnectionSocketFactory -  negotiated cipher suite: TLS_AES_256_GCM_SHA384
14:14:18.708 [main] DEBUG org.apache.http.conn.ssl.SSLConnectionSocketFactory -  peer principal: CN=apipanapayqa.coonecta.com.ec, O=Red Transaccional Cooperativa S.A. RTC, L=Quito, ST=Pichincha, C=EC
14:14:18.708 [main] DEBUG org.apache.http.conn.ssl.SSLConnectionSocketFactory -  peer alternative names: [apipanapayqa.coonecta.com.ec]
14:14:18.708 [main] DEBUG org.apache.http.conn.ssl.SSLConnectionSocketFactory -  issuer principal: CN=DigiCert Global G2 TLS RSA SHA256 2020 CA1, O=DigiCert Inc, C=US
14:14:18.708 [main] DEBUG org.apache.http.impl.conn.DefaultHttpClientConnectionOperator - Connection established 10.10.10.151:54120<->10.1.0.133:443
14:14:18.708 [main] DEBUG org.apache.http.impl.conn.DefaultManagedHttpClientConnection - http-outgoing-1: set socket timeout to 30000
14:14:18.708 [main] DEBUG org.apache.http.impl.execchain.MainClientExec - Executing request POST /api/switchcentral/finan/transferencia HTTP/1.1
14:14:18.708 [main] DEBUG org.apache.http.impl.execchain.MainClientExec - Proxy auth state: UNCHALLENGED
14:14:18.708 [main] DEBUG org.apache.http.headers - http-outgoing-1 >> POST /api/switchcentral/finan/transferencia HTTP/1.1
14:14:18.708 [main] DEBUG org.apache.http.headers - http-outgoing-1 >> Content-Type: application/json; charset=UTF-8
14:14:18.708 [main] DEBUG org.apache.http.headers - http-outgoing-1 >> Authorization: Bearer eyJhbGciOiJSUzI1NiIsInR5cCIgOiAiSldUIiwia2lkIiA6ICI2dUJWTkN6VlViUFBlTFdReEM0WDAyYVM3UnM2UGRYV1dja1dfc0xZMHlFIn0.eyJleHAiOjE3NjExNjA3NTAsImlhdCI6MTc2MTE2MDQ1MCwianRpIjoidHJydGNjOjQ5Yjg0NDVjLTgzYTAtMjI4Ni02NDczLWE2ZGEzOTBhOWQ0YSIsImlzcyI6Imh0dHBzOi8vYXV0ZW50aWNhY2lvbnFhLmNvb25lY3RhLmNvbS5lYy9hdXRoL3JlYWxtcy9QQU5BUEFZIiwiYXVkIjoiYWNjb3VudCIsInN1YiI6Ijk5OGMyZmUwLTJjOGYtNGQwNC1iZjExLWY1OWExZTM5ODg3MyIsInR5cCI6IkJlYXJlciIsImF6cCI6IjAyMDVjYiIsImFjciI6IjEiLCJhbGxvd2VkLW9yaWdpbnMiOlsiLyoiXSwicmVhbG1fYWNjZXNzIjp7InJvbGVzIjpbImRlZmF1bHQtcm9sZXMtYWRtaW5wYW5hcGF5Iiwib2ZmbGluZV9hY2Nlc3MiLCJ1bWFfYXV0aG9yaXphdGlvbiJdfSwicmVzb3VyY2VfYWNjZXNzIjp7IjAyMDVjYiI6eyJyb2xlcyI6WyJ1bWFfcHJvdGVjdGlvbiJdfSwiYWNjb3VudCI6eyJyb2xlcyI6WyJtYW5hZ2UtYWNjb3VudCIsIm1hbmFnZS1hY2NvdW50LWxpbmtzIiwidmlldy1wcm9maWxlIl19fSwic2NvcGUiOiJwcm9maWxlIGVtYWlsIiwiZW1haWxfdmVyaWZpZWQiOmZhbHNlLCJjbGllbnRIb3N0IjoiMTAuMTAuMTAuMTUxIiwicHJlZmVycmVkX3VzZXJuYW1lIjoic2VydmljZS1hY2NvdW50LTAyMDVjYiIsImNsaWVudEFkZHJlc3MiOiIxMC4xMC4xMC4xNTEiLCJjbGllbnRfaWQiOiIwMjA1Y2IifQ.bATUogohrEqy7Voa4mFnsBzOnGy6tnjZGh_lOYRn-0hWXMY_fz-280nTu2Vv68eO3HeoewtWlt45S_iLI2-ml3pqpAlt3DXWVmLvVHw6d7TICHBfQsa0jGXMexKnyar7EinrVhF3deSK25Ap_ajC_82EvVvXrVG-7p9F1dEdq39y2R72JympejF5uhY_z_jNmqJSsnLEZVOo3WMJn76u9tTcYVIldC5uWGFWbPGEhvWPx4ZGpsuq_wrPOGdRmyJDFJPJl7LnLGHK0DBhuVtJUq_NFQkMus2fTTf_mWhRnoqNU-wUCS-fxMs6QusGzIVd-C3O29J3rerHTrGg21LAsQ
14:14:18.708 [main] DEBUG org.apache.http.headers - http-outgoing-1 >> Content-Length: 509
14:14:18.708 [main] DEBUG org.apache.http.headers - http-outgoing-1 >> Host: apipanapayqa.coonecta.com.ec
14:14:18.708 [main] DEBUG org.apache.http.headers - http-outgoing-1 >> Connection: Keep-Alive
14:14:18.708 [main] DEBUG org.apache.http.headers - http-outgoing-1 >> User-Agent: Apache-HttpClient/4.5.14 (Java/17.0.12)
14:14:18.708 [main] DEBUG org.apache.http.headers - http-outgoing-1 >> Accept-Encoding: gzip,deflate
14:14:18.708 [main] DEBUG org.apache.http.wire - http-outgoing-1 >> "POST /api/switchcentral/finan/transferencia HTTP/1.1[\r][\n]"
14:14:18.708 [main] DEBUG org.apache.http.wire - http-outgoing-1 >> "Content-Type: application/json; charset=UTF-8[\r][\n]"
14:14:18.708 [main] DEBUG org.apache.http.wire - http-outgoing-1 >> "Authorization: Bearer eyJhbGciOiJSUzI1NiIsInR5cCIgOiAiSldUIiwia2lkIiA6ICI2dUJWTkN6VlViUFBlTFdReEM0WDAyYVM3UnM2UGRYV1dja1dfc0xZMHlFIn0.eyJleHAiOjE3NjExNjA3NTAsImlhdCI6MTc2MTE2MDQ1MCwianRpIjoidHJydGNjOjQ5Yjg0NDVjLTgzYTAtMjI4Ni02NDczLWE2ZGEzOTBhOWQ0YSIsImlzcyI6Imh0dHBzOi8vYXV0ZW50aWNhY2lvbnFhLmNvb25lY3RhLmNvbS5lYy9hdXRoL3JlYWxtcy9QQU5BUEFZIiwiYXVkIjoiYWNjb3VudCIsInN1YiI6Ijk5OGMyZmUwLTJjOGYtNGQwNC1iZjExLWY1OWExZTM5ODg3MyIsInR5cCI6IkJlYXJlciIsImF6cCI6IjAyMDVjYiIsImFjciI6IjEiLCJhbGxvd2VkLW9yaWdpbnMiOlsiLyoiXSwicmVhbG1fYWNjZXNzIjp7InJvbGVzIjpbImRlZmF1bHQtcm9sZXMtYWRtaW5wYW5hcGF5Iiwib2ZmbGluZV9hY2Nlc3MiLCJ1bWFfYXV0aG9yaXphdGlvbiJdfSwicmVzb3VyY2VfYWNjZXNzIjp7IjAyMDVjYiI6eyJyb2xlcyI6WyJ1bWFfcHJvdGVjdGlvbiJdfSwiYWNjb3VudCI6eyJyb2xlcyI6WyJtYW5hZ2UtYWNjb3VudCIsIm1hbmFnZS1hY2NvdW50LWxpbmtzIiwidmlldy1wcm9maWxlIl19fSwic2NvcGUiOiJwcm9maWxlIGVtYWlsIiwiZW1haWxfdmVyaWZpZWQiOmZhbHNlLCJjbGllbnRIb3N0IjoiMTAuMTAuMTAuMTUxIiwicHJlZmVycmVkX3VzZXJuYW1lIjoic2VydmljZS1hY2NvdW50LTAyMDVjYiIsImNsaWVudEFkZHJlc3MiOiIxMC4xMC4xMC4xNTEiLCJjbGllbnRfaWQiOiIwMjA1Y2IifQ.bATUogohrEqy7Voa4mFnsBzOnGy6tnjZGh_lOYRn-0hWXMY_fz-280nTu2Vv68eO3HeoewtWlt45S_iLI2-ml3pqpAlt3DXWVmLvVHw6d7TICHBfQsa0jGXMexKnyar7EinrVhF3deSK25Ap_ajC_82EvVvXrVG-7p9F1dEdq39y2R72JympejF5uhY_z_jNmqJSsnLEZVOo3WMJn76u9tTcYVIldC5uWGFWbPGEhvWPx4ZGpsuq_wrPOGdRmyJDFJPJl7LnLGHK0DBhuVtJUq_NFQkMus2fTTf_mWhRnoqNU-wUCS-fxMs6QusGzIVd-C3O29J3rerHTrGg21LAsQ[\r][\n]"
14:14:18.708 [main] DEBUG org.apache.http.wire - http-outgoing-1 >> "Content-Length: 509[\r][\n]"
14:14:18.708 [main] DEBUG org.apache.http.wire - http-outgoing-1 >> "Host: apipanapayqa.coonecta.com.ec[\r][\n]"
14:14:18.708 [main] DEBUG org.apache.http.wire - http-outgoing-1 >> "Connection: Keep-Alive[\r][\n]"
14:14:18.708 [main] DEBUG org.apache.http.wire - http-outgoing-1 >> "User-Agent: Apache-HttpClient/4.5.14 (Java/17.0.12)[\r][\n]"
14:14:18.708 [main] DEBUG org.apache.http.wire - http-outgoing-1 >> "Accept-Encoding: gzip,deflate[\r][\n]"
14:14:18.708 [main] DEBUG org.apache.http.wire - http-outgoing-1 >> "[\r][\n]"
14:14:18.713 [main] DEBUG org.apache.http.wire - http-outgoing-1 >> "{"GrpHdr":{"msgId":"02052025102271886075182","creDtTm":"2025-10-22T14:14:18","nbOfTxs":1,"sttlmInf":{"sttlmMtd":"INGA"},"instgAgt":{"finInstnId":"0205"},"InstdAgt":{"FinInstnId":"0205"},"Mge":{"Type":"acmt.998.321.01"},"ChnlId":"APP"},"CdtTrfTxInf":{"PmtId":{"EndToEndId":"02052025102208648"},"IntrBkSttlmAmt":{"Amt":1,"Ccy":"USD"},"DbtrAcctId":{"IBAN":"EC5002051000000000020501052673"},"CdtrAcctId":{"IBAN":"EC0402051000000000020101002318"},"Prtry":{"CustRef":"QA22","ChanRef":"TERM001","AgtRef":"AGT0002"}}}"
14:14:28.928 [main] DEBUG org.apache.http.wire - http-outgoing-1 << "HTTP/1.1 200 OK[\r][\n]"
14:14:28.928 [main] DEBUG org.apache.http.wire - http-outgoing-1 << "Date: Wed, 22 Oct 2025 19:14:20 GMT[\r][\n]"
14:14:28.928 [main] DEBUG org.apache.http.wire - http-outgoing-1 << "Content-Type: application/json; charset=utf-8[\r][\n]"
14:14:28.928 [main] DEBUG org.apache.http.wire - http-outgoing-1 << "Transfer-Encoding: chunked[\r][\n]"
14:14:28.928 [main] DEBUG org.apache.http.wire - http-outgoing-1 << "Connection: keep-alive[\r][\n]"
14:14:28.928 [main] DEBUG org.apache.http.wire - http-outgoing-1 << "Server: Kestrel[\r][\n]"
14:14:28.928 [main] DEBUG org.apache.http.wire - http-outgoing-1 << "Content-Encoding: gzip[\r][\n]"
14:14:28.928 [main] DEBUG org.apache.http.wire - http-outgoing-1 << "Set-Cookie: ARRAffinity=135f536e0d078a815c3b83fda3468ab8a3a2abc604a35eefb28648d3961cfa9b;Path=/;HttpOnly;Secure;Domain=app-apipanapay-qa.azurewebsites.net[\r][\n]"
14:14:28.928 [main] DEBUG org.apache.http.wire - http-outgoing-1 << "Set-Cookie: ARRAffinitySameSite=135f536e0d078a815c3b83fda3468ab8a3a2abc604a35eefb28648d3961cfa9b;Path=/;HttpOnly;SameSite=None;Secure;Domain=app-apipanapay-qa.azurewebsites.net[\r][\n]"
14:14:28.928 [main] DEBUG org.apache.http.wire - http-outgoing-1 << "Vary: Accept-Encoding[\r][\n]"
14:14:28.928 [main] DEBUG org.apache.http.wire - http-outgoing-1 << "Request-Context: appId=cid-v1:a7a77847-2713-450f-9030-b350a2d54a28[\r][\n]"
14:14:28.928 [main] DEBUG org.apache.http.wire - http-outgoing-1 << "X-Powered-By: ASP.NET[\r][\n]"
14:14:28.928 [main] DEBUG org.apache.http.wire - http-outgoing-1 << "X-ARR-ClientCert: -----BEGIN%20CERTIFICATE-----%0AMIIEHDCCAgSgAwIBAgIUZIZBO0fb7VZ4KXrs01S4RYbWyJ8wDQYJKoZIhvcNAQEL%0ABQAwJTEjMCEGA1UEAwwacm9vdGNlcnQuY2JpYmxpYW4uaW50ZXJuYWwwHhcNMjUw%0AODEzMTMyNTU5WhcNMjgwODEyMTMyNTU5WjAnMSUwIwYDVQQDDBxjbGllbnRjZXJ0%0ALmNiaWJsaWFuLmludGVybmFsMIIBIjANBgkqhkiG9w0BAQEFAAOCAQ8AMIIBCgKC%0AAQEAskUDap6NmyYq8RT6F7z3DpZGQiflNQTvUT84TmxsKXEBRAkgINnkJqgKkd7f%0ASEybzqglQTbr4s41lCiPsy3X66qYjU2L%2Bojhni%2BOCVOX7n3JBYovL%2FqfMP3%2FkhZP%0AQIlK%2FQWPcrnl39fYkGOQv%2BYqoCGEPzGkib2m1Ma5Q1HOCKh1ErMjqTLGy%2ByJj6JY%0AiZvMx3YrJSvjUS0uKpNwxPtGyiexRfKsmR%2FHqPzRHa0iY%2B752KSgUedwJPv1Wod%2B%0AY9BMAMIdU25UtkUEsaOYtorGWDaZSn2Bl0LYmP87kjcYypnHx0jtPtUCXfVHrE6u%0AZnDRFYsZbeXylY3mJkyOL2DzZwIDAQABo0IwQDAdBgNVHQ4EFgQURPhJwTAcUWUp%0ArOqQO68P%2FbJoqjMwHwYDVR0jBBgwFoAU7GdlxoSeEXucEXhjadHRC9xzS0UwDQYJ%0AKoZIhvcNAQELBQADggIBAGTnlyF2n%2F6s9phYbO8V17niO0BXB62ToX6gPhcw9f3y%0AhMui6RnrM1oiHlBWqZquCqYJ5ETvYJE1RqvoqtGysxCnIj0OTJHV4WtF3SHsd1Tu%0ATg%2B%2FUnGivtBTDQxj9sbAtCaSYRBqPByP8jvSTDgXR1mgOrEGjr2PZdZSoKLj4OHi%0A9UCMJw7pJsyA4lbroKshQTYv5Ks5SqtJpdp0%2BUX0UUlbPJqXiadfbKdoXvEgcwbP%0ACqR9v7kGYmNxfaGLNGVrV%2BnLawIDmdYXJE%2F4WJh6sHfiZxEsE%2BB4PoKADrb1Eapt%0AnSdHUgRfc0i5f2lcmErnU8nCMO5TWdHFOgpYwTS8w17FhNFZpaSmyZKM7uHcUs7y%0AUbuiQtdXocfSSMf%2FeycBEU%2FHAVIWQEqY%2BbJdC0q%2FR%2BsESeBtXd4IEIxR0QfgscGk%0AJyCSFC8z%2FvCgrRsH5rePqKO7%2FLAsDTP4GIQNFNfF4Wh6bsPXuJmvvoMcnmy%2F58Wo%0AE0XaG8UPHVAeyEmhncdM32E7SJbR91aRr2CkV23OoUz%2BwKG2%2FuObHmAkuMkCbbcz%0AJQoC7DZg5FGw%2BZR7v1DIBct5QNJQ8bG%2FXGRxjWC6dU7jrGhOF1X%2B2YYcdx9XnwyM%0A9YPxUy5bVfMhIiKP2wEso5fjOZ4RTvnB5R6zD3maJK%2FtZAXVhtyqXSkBYFi4MvEs%0A-----END%20CERTIFICATE-----%0A[\r][\n]"
14:14:28.928 [main] DEBUG org.apache.http.wire - http-outgoing-1 << "[\r][\n]"
14:14:28.928 [main] DEBUG org.apache.http.wire - http-outgoing-1 << "1d0[\r][\n]"
14:14:28.928 [main] DEBUG org.apache.http.wire - http-outgoing-1 << "[0x1f][0x8b][0x8][0x0][0x0][0x0][0x0][0x0][0x4][0x0][0xed][0xbd][0x7]`[0x1c]I[0x96]%&/m[0xca]{J[0xf5]J[0xd7][0xe0]t[0xa1][0x8][0x80]`[0x13]$[0xd8][0x90]@[0x10][0xec][0xc1][0x88][0xcd][0xe6][0x92][0xec][0x1d]iG#)[0xab]*[0x81][0xca]eVe]f[0x16]@[0xcc][0xed][0x9d][0xbc][0xf7][0xde]{[0xef][0xbd][0xf7][0xde]{[0xef][0xbd][0xf7][0xba];[0x9d]N'[0xf7][0xdf][0xff]?\fd[0x1]l[0xf6][0xce]J[0xda][0xc9][0x9e]![0x80][0xaa][0xc8][0x1f]?~|[0x1f]?"~[0xf1]G[0x9f][0xd7][0xab]o[0xcf][0xea][0x8f][0x1e][0xfd][0xe2][0x8f][0xbe]h.[0xce]f[0x1f]=[0xfa]h[0x87][0x9e][0xbd][0x9d][0xbd][0xfb][0xbb];{[0xf4]c[0xe7][0xde][0xfd][0xfd][0x8f]F[0x1f][0x9d][0xd4][0xf9][0xd3][0xf6][0xcd][0x82][0xbe][0xa6][0xcf][0xee]o[0xef][0xee]l[0xef][0xed][0xbd][0xd9][0xdd][0x84][0xff]=[0xa0][0xef]_L[0xbe]<[0xf3][0xae][0xf9][0xe8][0xd1][0xee][0xe8][0xa3][0xd7]m[.[0xce][0x96][0xe7][0x0][0xca][0xbf][0xd1][0x2][0xee][0xd9][0x8b][0xcf][0x8f]?[0xfa]%[0xa3][0x8f][0xce][0x96]M{q|[0xd1][0xe2][0xeb]g[0xc5][0x12].[0xa5][0xe3][0xbd][0x9d][0xfb][0xa6][0xc1]lS[0x83]/.r|[0xf7][0xe6]zE??[0xca][0xa6][0x8b]v[0xfc][0xf0][0xe1][0xc1][0xf8][0xde][0xde][0xde]xgg[0x17]-N[0xe6][0xcb][0x92]_9~[0xf9][0x92][0xff][0x9e][0xb5]ojBP[0xb1][0xfa][0xb2][0xbe]X[0xd2][0xc0][0xbd][0xbf]J;z[0xea][0x3]C[0xc4][0xe8][0x1f][0xec][0x1e][0x1c]|[0xba][0xf3][0xe0][0xfe][0xee][0xc1][0x1e][\r]Q[0x9a]][0xe4][0xfd]nw[0xc7][0xd4][0xab]6[0xd8]D[0xa8][0x3][0xa0][0xf2]r[0xd1][0xa2][0xa3]_[0xfc][0xd1][0xe9]r[0xf6][0xa6][0xa2][0xf0]W[0xd0][0xed][0xce][0xc1][0xa7][0xfb][0x7][0x4][0x8f][0xd0][0xc5]W[0xbb][0x7][0xf7][0xef][0xf1][0xb0][0xdf][0xbc]{[0xdd][0x12][0x85]?[0xfa][0xf2]-}[0xf9][0xaa]Y[0x2][0x8][0xfd]8A#[0x9a][0xb3][0x1d][0xfa][0xf4]x6kK[0x1e][0xd6]Go[0xea]l[0xd9]d[0xd3]i[0xf1][0x8f][0xfe][0xad][0xcb][0xf4][0xf4]][0xd1]VM[0x6](O'-O[0xf7][0xf1][0xba][0x9d][0x9f]T3[0xc][0xc5][0xef]|w[0x9f][0xfe]{[0xf8][0xe9][0xde][0xfe][0x83]O?Es[0xa2][0xdc]M[0xcd][0xf7]vv>[0xdd][0xdd][0xbd][0xf7][0x0][0xcd]y[0xbe][0x9f][0xd2][0xd4]y[0xc3][0xff][0xe8][0x97][0xfc][\r][\n]"
14:14:28.928 [main] DEBUG org.apache.http.wire - http-outgoing-1 << "b[\r][\n]"
14:14:28.928 [main] DEBUG org.apache.http.wire - http-outgoing-1 << "[0x92][0xff][0x7][0xce][0xb6][0xeb][0xb9]h[0x2][0x0][0x0][\r][\n]"
14:14:28.928 [main] DEBUG org.apache.http.wire - http-outgoing-1 << "0[\r][\n]"
14:14:28.928 [main] DEBUG org.apache.http.wire - http-outgoing-1 << "[\r][\n]"
14:14:28.928 [main] DEBUG org.apache.http.headers - http-outgoing-1 << HTTP/1.1 200 OK
14:14:28.928 [main] DEBUG org.apache.http.headers - http-outgoing-1 << Date: Wed, 22 Oct 2025 19:14:20 GMT
14:14:28.928 [main] DEBUG org.apache.http.headers - http-outgoing-1 << Content-Type: application/json; charset=utf-8
14:14:28.928 [main] DEBUG org.apache.http.headers - http-outgoing-1 << Transfer-Encoding: chunked
14:14:28.928 [main] DEBUG org.apache.http.headers - http-outgoing-1 << Connection: keep-alive
14:14:28.928 [main] DEBUG org.apache.http.headers - http-outgoing-1 << Server: Kestrel
14:14:28.928 [main] DEBUG org.apache.http.headers - http-outgoing-1 << Content-Encoding: gzip
14:14:28.928 [main] DEBUG org.apache.http.headers - http-outgoing-1 << Set-Cookie: ARRAffinity=135f536e0d078a815c3b83fda3468ab8a3a2abc604a35eefb28648d3961cfa9b;Path=/;HttpOnly;Secure;Domain=app-apipanapay-qa.azurewebsites.net
14:14:28.933 [main] DEBUG org.apache.http.headers - http-outgoing-1 << Set-Cookie: ARRAffinitySameSite=135f536e0d078a815c3b83fda3468ab8a3a2abc604a35eefb28648d3961cfa9b;Path=/;HttpOnly;SameSite=None;Secure;Domain=app-apipanapay-qa.azurewebsites.net
14:14:28.933 [main] DEBUG org.apache.http.headers - http-outgoing-1 << Vary: Accept-Encoding
14:14:28.933 [main] DEBUG org.apache.http.headers - http-outgoing-1 << Request-Context: appId=cid-v1:a7a77847-2713-450f-9030-b350a2d54a28
14:14:28.933 [main] DEBUG org.apache.http.headers - http-outgoing-1 << X-Powered-By: ASP.NET
14:14:28.933 [main] DEBUG org.apache.http.headers - http-outgoing-1 << X-ARR-ClientCert: -----BEGIN%20CERTIFICATE-----%0AMIIEHDCCAgSgAwIBAgIUZIZBO0fb7VZ4KXrs01S4RYbWyJ8wDQYJKoZIhvcNAQEL%0ABQAwJTEjMCEGA1UEAwwacm9vdGNlcnQuY2JpYmxpYW4uaW50ZXJuYWwwHhcNMjUw%0AODEzMTMyNTU5WhcNMjgwODEyMTMyNTU5WjAnMSUwIwYDVQQDDBxjbGllbnRjZXJ0%0ALmNiaWJsaWFuLmludGVybmFsMIIBIjANBgkqhkiG9w0BAQEFAAOCAQ8AMIIBCgKC%0AAQEAskUDap6NmyYq8RT6F7z3DpZGQiflNQTvUT84TmxsKXEBRAkgINnkJqgKkd7f%0ASEybzqglQTbr4s41lCiPsy3X66qYjU2L%2Bojhni%2BOCVOX7n3JBYovL%2FqfMP3%2FkhZP%0AQIlK%2FQWPcrnl39fYkGOQv%2BYqoCGEPzGkib2m1Ma5Q1HOCKh1ErMjqTLGy%2ByJj6JY%0AiZvMx3YrJSvjUS0uKpNwxPtGyiexRfKsmR%2FHqPzRHa0iY%2B752KSgUedwJPv1Wod%2B%0AY9BMAMIdU25UtkUEsaOYtorGWDaZSn2Bl0LYmP87kjcYypnHx0jtPtUCXfVHrE6u%0AZnDRFYsZbeXylY3mJkyOL2DzZwIDAQABo0IwQDAdBgNVHQ4EFgQURPhJwTAcUWUp%0ArOqQO68P%2FbJoqjMwHwYDVR0jBBgwFoAU7GdlxoSeEXucEXhjadHRC9xzS0UwDQYJ%0AKoZIhvcNAQELBQADggIBAGTnlyF2n%2F6s9phYbO8V17niO0BXB62ToX6gPhcw9f3y%0AhMui6RnrM1oiHlBWqZquCqYJ5ETvYJE1RqvoqtGysxCnIj0OTJHV4WtF3SHsd1Tu%0ATg%2B%2FUnGivtBTDQxj9sbAtCaSYRBqPByP8jvSTDgXR1mgOrEGjr2PZdZSoKLj4OHi%0A9UCMJw7pJsyA4lbroKshQTYv5Ks5SqtJpdp0%2BUX0UUlbPJqXiadfbKdoXvEgcwbP%0ACqR9v7kGYmNxfaGLNGVrV%2BnLawIDmdYXJE%2F4WJh6sHfiZxEsE%2BB4PoKADrb1Eapt%0AnSdHUgRfc0i5f2lcmErnU8nCMO5TWdHFOgpYwTS8w17FhNFZpaSmyZKM7uHcUs7y%0AUbuiQtdXocfSSMf%2FeycBEU%2FHAVIWQEqY%2BbJdC0q%2FR%2BsESeBtXd4IEIxR0QfgscGk%0AJyCSFC8z%2FvCgrRsH5rePqKO7%2FLAsDTP4GIQNFNfF4Wh6bsPXuJmvvoMcnmy%2F58Wo%0AE0XaG8UPHVAeyEmhncdM32E7SJbR91aRr2CkV23OoUz%2BwKG2%2FuObHmAkuMkCbbcz%0AJQoC7DZg5FGw%2BZR7v1DIBct5QNJQ8bG%2FXGRxjWC6dU7jrGhOF1X%2B2YYcdx9XnwyM%0A9YPxUy5bVfMhIiKP2wEso5fjOZ4RTvnB5R6zD3maJK%2FtZAXVhtyqXSkBYFi4MvEs%0A-----END%20CERTIFICATE-----%0A
14:14:28.936 [main] DEBUG org.apache.http.impl.execchain.MainClientExec - Connection can be kept alive indefinitely
14:14:28.936 [main] DEBUG org.apache.http.client.protocol.ResponseProcessCookies - Cookie accepted [ARRAffinity="135f536e0d078a815c3b83fda3468ab8a3a2abc604a35eefb28648d3961cfa9b", version:0, domain:app-apipanapay-qa.azurewebsites.net, path:/, expiry:null]
14:14:28.936 [main] DEBUG org.apache.http.client.protocol.ResponseProcessCookies - Cookie accepted [ARRAffinitySameSite="135f536e0d078a815c3b83fda3468ab8a3a2abc604a35eefb28648d3961cfa9b", version:0, domain:app-apipanapay-qa.azurewebsites.net, path:/, expiry:null]
14:14:28.936 [main] DEBUG org.apache.http.impl.conn.DefaultManagedHttpClientConnection - http-outgoing-1: Close connection
14:14:29.026 [main] DEBUG org.apache.http.impl.execchain.MainClientExec - Connection discarded
14:14:29.026 [main] DEBUG org.apache.http.impl.conn.PoolingHttpClientConnectionManager - Connection released: [id: 1][route: {s}->https://apipanapayqa.coonecta.com.ec:443][total available: 0; route allocated: 0 of 5; total allocated: 0 of 10]
14:14:29.026 [main] DEBUG org.apache.http.impl.conn.PoolingHttpClientConnectionManager - Connection manager is shutting down
14:14:29.026 [main] DEBUG org.apache.http.impl.conn.PoolingHttpClientConnectionManager - Connection manager shut down
14:14:29.038 [main] DEBUG com.intuit.karate - response time in milliseconds: 10564
1 < 200
1 < Date: Wed, 22 Oct 2025 19:14:20 GMT
1 < Content-Type: application/json; charset=utf-8
1 < Transfer-Encoding: chunked
1 < Connection: keep-alive
1 < Server: Kestrel
1 < Set-Cookie: ARRAffinity=135f536e0d078a815c3b83fda3468ab8a3a2abc604a35eefb28648d3961cfa9b;Path=/;HttpOnly;Secure;Domain=app-apipanapay-qa.azurewebsites.net
1 < Set-Cookie: ARRAffinitySameSite=135f536e0d078a815c3b83fda3468ab8a3a2abc604a35eefb28648d3961cfa9b;Path=/;HttpOnly;SameSite=None;Secure;Domain=app-apipanapay-qa.azurewebsites.net
1 < Vary: Accept-Encoding
1 < Request-Context: appId=cid-v1:a7a77847-2713-450f-9030-b350a2d54a28
1 < X-Powered-By: ASP.NET
1 < X-ARR-ClientCert: -----BEGIN%20CERTIFICATE-----%0AMIIEHDCCAgSgAwIBAgIUZIZBO0fb7VZ4KXrs01S4RYbWyJ8wDQYJKoZIhvcNAQEL%0ABQAwJTEjMCEGA1UEAwwacm9vdGNlcnQuY2JpYmxpYW4uaW50ZXJuYWwwHhcNMjUw%0AODEzMTMyNTU5WhcNMjgwODEyMTMyNTU5WjAnMSUwIwYDVQQDDBxjbGllbnRjZXJ0%0ALmNiaWJsaWFuLmludGVybmFsMIIBIjANBgkqhkiG9w0BAQEFAAOCAQ8AMIIBCgKC%0AAQEAskUDap6NmyYq8RT6F7z3DpZGQiflNQTvUT84TmxsKXEBRAkgINnkJqgKkd7f%0ASEybzqglQTbr4s41lCiPsy3X66qYjU2L%2Bojhni%2BOCVOX7n3JBYovL%2FqfMP3%2FkhZP%0AQIlK%2FQWPcrnl39fYkGOQv%2BYqoCGEPzGkib2m1Ma5Q1HOCKh1ErMjqTLGy%2ByJj6JY%0AiZvMx3YrJSvjUS0uKpNwxPtGyiexRfKsmR%2FHqPzRHa0iY%2B752KSgUedwJPv1Wod%2B%0AY9BMAMIdU25UtkUEsaOYtorGWDaZSn2Bl0LYmP87kjcYypnHx0jtPtUCXfVHrE6u%0AZnDRFYsZbeXylY3mJkyOL2DzZwIDAQABo0IwQDAdBgNVHQ4EFgQURPhJwTAcUWUp%0ArOqQO68P%2FbJoqjMwHwYDVR0jBBgwFoAU7GdlxoSeEXucEXhjadHRC9xzS0UwDQYJ%0AKoZIhvcNAQELBQADggIBAGTnlyF2n%2F6s9phYbO8V17niO0BXB62ToX6gPhcw9f3y%0AhMui6RnrM1oiHlBWqZquCqYJ5ETvYJE1RqvoqtGysxCnIj0OTJHV4WtF3SHsd1Tu%0ATg%2B%2FUnGivtBTDQxj9sbAtCaSYRBqPByP8jvSTDgXR1mgOrEGjr2PZdZSoKLj4OHi%0A9UCMJw7pJsyA4lbroKshQTYv5Ks5SqtJpdp0%2BUX0UUlbPJqXiadfbKdoXvEgcwbP%0ACqR9v7kGYmNxfaGLNGVrV%2BnLawIDmdYXJE%2F4WJh6sHfiZxEsE%2BB4PoKADrb1Eapt%0AnSdHUgRfc0i5f2lcmErnU8nCMO5TWdHFOgpYwTS8w17FhNFZpaSmyZKM7uHcUs7y%0AUbuiQtdXocfSSMf%2FeycBEU%2FHAVIWQEqY%2BbJdC0q%2FR%2BsESeBtXd4IEIxR0QfgscGk%0AJyCSFC8z%2FvCgrRsH5rePqKO7%2FLAsDTP4GIQNFNfF4Wh6bsPXuJmvvoMcnmy%2F58Wo%0AE0XaG8UPHVAeyEmhncdM32E7SJbR91aRr2CkV23OoUz%2BwKG2%2FuObHmAkuMkCbbcz%0AJQoC7DZg5FGw%2BZR7v1DIBct5QNJQ8bG%2FXGRxjWC6dU7jrGhOF1X%2B2YYcdx9XnwyM%0A9YPxUy5bVfMhIiKP2wEso5fjOZ4RTvnB5R6zD3maJK%2FtZAXVhtyqXSkBYFi4MvEs%0A-----END%20CERTIFICATE-----%0A
{"GrpHdr":{"MsgId":"000020251022020354","CreDtTm":"2025-10-22T14:14:17","NbOfTxs":1,"SttlmInf":{"SttlmMtd":"INGA"},"InstgAgt":{"FinInstnId":"0205"},"InstdAgt":{"FinInstnId":"0205"},"Mge":{"Type":"acmt.998.322.001"},"ChnlId":"APP"},"CdtTrfTxInf":{"OrgnGrpInf":{"OrgnlMsgId":"02052025102271886075182","OrgnlMgeType":"acmt.998.321.01","OrgnlCreDtTm":"2025-10-22T14:14:18"},"PmtId":{"EndToEndId":"02052025102208648","TxId":"18535"},"TxSts":"Ok","Rsn":{"RsnCd":"0000","AddtlInf":"Transacción Exitosa"},"Dbtr":{"AuthCode":"020520251022141419624766"},"Cdtr":{"AuthCode":"020520251022141420061137"},"SttlmDt":"2025-10-22"}}

14:14:29.042 [main] ERROR com.intuit.karate - classpath:Transferencia.feature:165
Then match responseStatus in normalizedStatus
no step-definition method match found for: match responseStatus in normalizedStatus
classpath:Transferencia.feature:165
]]></system-out>
  </testcase>
  <testcase name="[2:169] Transferencia exitosa mediante QR entre dos clientes de la misma entidad (ordenante CTA Ahorro, receptor CTA Corriente)" classname="Transferencia" time="0.952">
    <failure message="no step-definition method match found for: match responseStatus in normalizedStatus&#10;classpath:Transferencia.feature:176" type="org.opentest4j.AssertionFailedError"><![CDATA[org.opentest4j.AssertionFailedError: 
no step-definition method match found for: match responseStatus in normalizedStatus
classpath:Transferencia.feature:176
	at org.junit.jupiter.api.AssertionUtils.fail(AssertionUtils.java:38)
	at org.junit.jupiter.api.Assertions.fail(Assertions.java:135)
	at com.intuit.karate.junit5.FeatureNode.lambda$next$1(FeatureNode.java:86)
	at org.junit.jupiter.engine.descriptor.DynamicTestTestDescriptor.lambda$execute$0(DynamicTestTestDescriptor.java:53)
	at org.junit.jupiter.engine.execution.InvocationInterceptorChain$ValidatingInvocation.proceed(InvocationInterceptorChain.java:131)
	at org.junit.jupiter.api.extension.InvocationInterceptor.interceptDynamicTest(InvocationInterceptor.java:167)
	at org.junit.jupiter.api.extension.InvocationInterceptor.interceptDynamicTest(InvocationInterceptor.java:184)
	at org.junit.jupiter.engine.descriptor.DynamicTestTestDescriptor.lambda$execute$1(DynamicTestTestDescriptor.java:61)
	at org.junit.jupiter.engine.execution.InvocationInterceptorChain$InterceptorCall.lambda$ofVoid$0(InvocationInterceptorChain.java:78)
	at org.junit.jupiter.engine.execution.InvocationInterceptorChain$InterceptedInvocation.proceed(InvocationInterceptorChain.java:106)
	at org.junit.jupiter.engine.execution.InvocationInterceptorChain.proceed(InvocationInterceptorChain.java:64)
	at org.junit.jupiter.engine.execution.InvocationInterceptorChain.chainAndInvoke(InvocationInterceptorChain.java:45)
	at org.junit.jupiter.engine.execution.InvocationInterceptorChain.invoke(InvocationInterceptorChain.java:37)
	at org.junit.jupiter.engine.descriptor.DynamicTestTestDescriptor.execute(DynamicTestTestDescriptor.java:60)
	at org.junit.jupiter.engine.descriptor.DynamicTestTestDescriptor.execute(DynamicTestTestDescriptor.java:32)
	at org.junit.platform.engine.support.hierarchical.NodeTestTask.lambda$executeRecursively$6(NodeTestTask.java:151)
	at org.junit.platform.engine.support.hierarchical.ThrowableCollector.execute(ThrowableCollector.java:73)
	at org.junit.platform.engine.support.hierarchical.NodeTestTask.lambda$executeRecursively$8(NodeTestTask.java:141)
	at org.junit.platform.engine.support.hierarchical.Node.around(Node.java:137)
	at org.junit.platform.engine.support.hierarchical.NodeTestTask.lambda$executeRecursively$9(NodeTestTask.java:139)
	at org.junit.platform.engine.support.hierarchical.ThrowableCollector.execute(ThrowableCollector.java:73)
	at org.junit.platform.engine.support.hierarchical.NodeTestTask.executeRecursively(NodeTestTask.java:138)
	at org.junit.platform.engine.support.hierarchical.NodeTestTask.execute(NodeTestTask.java:95)
	at org.junit.platform.engine.support.hierarchical.SameThreadHierarchicalTestExecutorService.submit(SameThreadHierarchicalTestExecutorService.java:35)
	at org.junit.platform.engine.support.hierarchical.NodeTestTask$DefaultDynamicTestExecutor.execute(NodeTestTask.java:226)
	at org.junit.platform.engine.support.hierarchical.NodeTestTask$DefaultDynamicTestExecutor.execute(NodeTestTask.java:204)
	at java.base/java.util.stream.ForEachOps$ForEachOp$OfRef.accept(ForEachOps.java:183)
	at java.base/java.util.stream.ReferencePipeline$3$1.accept(ReferencePipeline.java:197)
	at java.base/java.util.stream.ReferencePipeline$2$1.accept(ReferencePipeline.java:179)
	at java.base/java.util.stream.ReferencePipeline$3$1.accept(ReferencePipeline.java:197)
	at java.base/java.util.Iterator.forEachRemaining(Iterator.java:133)
	at java.base/java.util.Spliterators$IteratorSpliterator.forEachRemaining(Spliterators.java:1845)
	at java.base/java.util.stream.AbstractPipeline.copyInto(AbstractPipeline.java:509)
	at java.base/java.util.stream.AbstractPipeline.wrapAndCopyInto(AbstractPipeline.java:499)
	at java.base/java.util.stream.ForEachOps$ForEachOp.evaluateSequential(ForEachOps.java:150)
	at java.base/java.util.stream.ForEachOps$ForEachOp$OfRef.evaluateSequential(ForEachOps.java:173)
	at java.base/java.util.stream.AbstractPipeline.evaluate(AbstractPipeline.java:234)
	at java.base/java.util.stream.ReferencePipeline.forEachOrdered(ReferencePipeline.java:601)
	at org.junit.jupiter.engine.descriptor.DynamicContainerTestDescriptor.execute(DynamicContainerTestDescriptor.java:67)
	at org.junit.jupiter.engine.descriptor.DynamicContainerTestDescriptor.execute(DynamicContainerTestDescriptor.java:33)
	at org.junit.platform.engine.support.hierarchical.NodeTestTask.lambda$executeRecursively$6(NodeTestTask.java:151)
	at org.junit.platform.engine.support.hierarchical.ThrowableCollector.execute(ThrowableCollector.java:73)
	at org.junit.platform.engine.support.hierarchical.NodeTestTask.lambda$executeRecursively$8(NodeTestTask.java:141)
	at org.junit.platform.engine.support.hierarchical.Node.around(Node.java:137)
	at org.junit.platform.engine.support.hierarchical.NodeTestTask.lambda$executeRecursively$9(NodeTestTask.java:139)
	at org.junit.platform.engine.support.hierarchical.ThrowableCollector.execute(ThrowableCollector.java:73)
	at org.junit.platform.engine.support.hierarchical.NodeTestTask.executeRecursively(NodeTestTask.java:138)
	at org.junit.platform.engine.support.hierarchical.NodeTestTask.execute(NodeTestTask.java:95)
	at org.junit.platform.engine.support.hierarchical.SameThreadHierarchicalTestExecutorService.submit(SameThreadHierarchicalTestExecutorService.java:35)
	at org.junit.platform.engine.support.hierarchical.NodeTestTask$DefaultDynamicTestExecutor.execute(NodeTestTask.java:226)
	at org.junit.platform.engine.support.hierarchical.NodeTestTask$DefaultDynamicTestExecutor.execute(NodeTestTask.java:204)
	at java.base/java.util.Optional.ifPresent(Optional.java:178)
	at org.junit.jupiter.engine.descriptor.TestFactoryTestDescriptor.lambda$invokeTestMethod$1(TestFactoryTestDescriptor.java:108)
	at org.junit.platform.engine.support.hierarchical.ThrowableCollector.execute(ThrowableCollector.java:73)
	at org.junit.jupiter.engine.descriptor.TestFactoryTestDescriptor.invokeTestMethod(TestFactoryTestDescriptor.java:95)
	at org.junit.jupiter.engine.descriptor.TestMethodTestDescriptor.execute(TestMethodTestDescriptor.java:138)
	at org.junit.jupiter.engine.descriptor.TestMethodTestDescriptor.execute(TestMethodTestDescriptor.java:68)
	at org.junit.platform.engine.support.hierarchical.NodeTestTask.lambda$executeRecursively$6(NodeTestTask.java:151)
	at org.junit.platform.engine.support.hierarchical.ThrowableCollector.execute(ThrowableCollector.java:73)
	at org.junit.platform.engine.support.hierarchical.NodeTestTask.lambda$executeRecursively$8(NodeTestTask.java:141)
	at org.junit.platform.engine.support.hierarchical.Node.around(Node.java:137)
	at org.junit.platform.engine.support.hierarchical.NodeTestTask.lambda$executeRecursively$9(NodeTestTask.java:139)
	at org.junit.platform.engine.support.hierarchical.ThrowableCollector.execute(ThrowableCollector.java:73)
	at org.junit.platform.engine.support.hierarchical.NodeTestTask.executeRecursively(NodeTestTask.java:138)
	at org.junit.platform.engine.support.hierarchical.NodeTestTask.execute(NodeTestTask.java:95)
	at java.base/java.util.ArrayList.forEach(ArrayList.java:1511)
	at org.junit.platform.engine.support.hierarchical.SameThreadHierarchicalTestExecutorService.invokeAll(SameThreadHierarchicalTestExecutorService.java:41)
	at org.junit.platform.engine.support.hierarchical.NodeTestTask.lambda$executeRecursively$6(NodeTestTask.java:155)
	at org.junit.platform.engine.support.hierarchical.ThrowableCollector.execute(ThrowableCollector.java:73)
	at org.junit.platform.engine.support.hierarchical.NodeTestTask.lambda$executeRecursively$8(NodeTestTask.java:141)
	at org.junit.platform.engine.support.hierarchical.Node.around(Node.java:137)
	at org.junit.platform.engine.support.hierarchical.NodeTestTask.lambda$executeRecursively$9(NodeTestTask.java:139)
	at org.junit.platform.engine.support.hierarchical.ThrowableCollector.execute(ThrowableCollector.java:73)
	at org.junit.platform.engine.support.hierarchical.NodeTestTask.executeRecursively(NodeTestTask.java:138)
	at org.junit.platform.engine.support.hierarchical.NodeTestTask.execute(NodeTestTask.java:95)
	at java.base/java.util.ArrayList.forEach(ArrayList.java:1511)
	at org.junit.platform.engine.support.hierarchical.SameThreadHierarchicalTestExecutorService.invokeAll(SameThreadHierarchicalTestExecutorService.java:41)
	at org.junit.platform.engine.support.hierarchical.NodeTestTask.lambda$executeRecursively$6(NodeTestTask.java:155)
	at org.junit.platform.engine.support.hierarchical.ThrowableCollector.execute(ThrowableCollector.java:73)
	at org.junit.platform.engine.support.hierarchical.NodeTestTask.lambda$executeRecursively$8(NodeTestTask.java:141)
	at org.junit.platform.engine.support.hierarchical.Node.around(Node.java:137)
	at org.junit.platform.engine.support.hierarchical.NodeTestTask.lambda$executeRecursively$9(NodeTestTask.java:139)
	at org.junit.platform.engine.support.hierarchical.ThrowableCollector.execute(ThrowableCollector.java:73)
	at org.junit.platform.engine.support.hierarchical.NodeTestTask.executeRecursively(NodeTestTask.java:138)
	at org.junit.platform.engine.support.hierarchical.NodeTestTask.execute(NodeTestTask.java:95)
	at org.junit.platform.engine.support.hierarchical.SameThreadHierarchicalTestExecutorService.submit(SameThreadHierarchicalTestExecutorService.java:35)
	at org.junit.platform.engine.support.hierarchical.HierarchicalTestExecutor.execute(HierarchicalTestExecutor.java:57)
	at org.junit.platform.engine.support.hierarchical.HierarchicalTestEngine.execute(HierarchicalTestEngine.java:54)
	at org.junit.platform.launcher.core.EngineExecutionOrchestrator.execute(EngineExecutionOrchestrator.java:147)
	at org.junit.platform.launcher.core.EngineExecutionOrchestrator.execute(EngineExecutionOrchestrator.java:127)
	at org.junit.platform.launcher.core.EngineExecutionOrchestrator.execute(EngineExecutionOrchestrator.java:90)
	at org.junit.platform.launcher.core.EngineExecutionOrchestrator.lambda$execute$0(EngineExecutionOrchestrator.java:55)
	at org.junit.platform.launcher.core.EngineExecutionOrchestrator.withInterceptedStreams(EngineExecutionOrchestrator.java:102)
	at org.junit.platform.launcher.core.EngineExecutionOrchestrator.execute(EngineExecutionOrchestrator.java:54)
	at org.junit.platform.launcher.core.DefaultLauncher.execute(DefaultLauncher.java:114)
	at org.junit.platform.launcher.core.DefaultLauncher.execute(DefaultLauncher.java:86)
	at org.junit.platform.launcher.core.DefaultLauncherSession$DelegatingLauncher.execute(DefaultLauncherSession.java:86)
	at org.apache.maven.surefire.junitplatform.LazyLauncher.execute(LazyLauncher.java:56)
	at org.apache.maven.surefire.junitplatform.JUnitPlatformProvider.execute(JUnitPlatformProvider.java:184)
	at org.apache.maven.surefire.junitplatform.JUnitPlatformProvider.invokeAllTests(JUnitPlatformProvider.java:148)
	at org.apache.maven.surefire.junitplatform.JUnitPlatformProvider.invoke(JUnitPlatformProvider.java:122)
	at org.apache.maven.surefire.booter.ForkedBooter.runSuitesInProcess(ForkedBooter.java:385)
	at org.apache.maven.surefire.booter.ForkedBooter.execute(ForkedBooter.java:162)
	at org.apache.maven.surefire.booter.ForkedBooter.run(ForkedBooter.java:507)
	at org.apache.maven.surefire.booter.ForkedBooter.main(ForkedBooter.java:495)
]]></failure>
    <system-out><![CDATA[14:14:29.148 [main] DEBUG com.intuit.karate - key store key count for classpath:certificado/clientcert.cbiblian.internal 1.pfx: 1
14:14:29.167 [main] DEBUG com.jayway.jsonpath.internal.path.CompiledPath - Evaluating path: $
14:14:29.174 [main] DEBUG com.jayway.jsonpath.internal.path.CompiledPath - Evaluating path: $['Authorization']
14:14:29.174 [main] DEBUG com.jayway.jsonpath.internal.path.CompiledPath - Evaluating path: $
14:14:29.174 [main] DEBUG com.jayway.jsonpath.internal.path.CompiledPath - Evaluating path: $
14:14:29.174 [main] DEBUG com.jayway.jsonpath.internal.JsonContext - Put path $ key Authorization value {}
14:14:29.174 [main] DEBUG com.jayway.jsonpath.internal.path.CompiledPath - Evaluating path: $
14:14:29.174 [main] DEBUG com.jayway.jsonpath.internal.JsonContext - Put path $ key Authorization value Bearer eyJhbGciOiJSUzI1NiIsInR5cCIgOiAiSldUIiwia2lkIiA6ICI2dUJWTkN6VlViUFBlTFdReEM0WDAyYVM3UnM2UGRYV1dja1dfc0xZMHlFIn0.eyJleHAiOjE3NjExNjA3NTAsImlhdCI6MTc2MTE2MDQ1MCwianRpIjoidHJydGNjOjQ5Yjg0NDVjLTgzYTAtMjI4Ni02NDczLWE2ZGEzOTBhOWQ0YSIsImlzcyI6Imh0dHBzOi8vYXV0ZW50aWNhY2lvbnFhLmNvb25lY3RhLmNvbS5lYy9hdXRoL3JlYWxtcy9QQU5BUEFZIiwiYXVkIjoiYWNjb3VudCIsInN1YiI6Ijk5OGMyZmUwLTJjOGYtNGQwNC1iZjExLWY1OWExZTM5ODg3MyIsInR5cCI6IkJlYXJlciIsImF6cCI6IjAyMDVjYiIsImFjciI6IjEiLCJhbGxvd2VkLW9yaWdpbnMiOlsiLyoiXSwicmVhbG1fYWNjZXNzIjp7InJvbGVzIjpbImRlZmF1bHQtcm9sZXMtYWRtaW5wYW5hcGF5Iiwib2ZmbGluZV9hY2Nlc3MiLCJ1bWFfYXV0aG9yaXphdGlvbiJdfSwicmVzb3VyY2VfYWNjZXNzIjp7IjAyMDVjYiI6eyJyb2xlcyI6WyJ1bWFfcHJvdGVjdGlvbiJdfSwiYWNjb3VudCI6eyJyb2xlcyI6WyJtYW5hZ2UtYWNjb3VudCIsIm1hbmFnZS1hY2NvdW50LWxpbmtzIiwidmlldy1wcm9maWxlIl19fSwic2NvcGUiOiJwcm9maWxlIGVtYWlsIiwiZW1haWxfdmVyaWZpZWQiOmZhbHNlLCJjbGllbnRIb3N0IjoiMTAuMTAuMTAuMTUxIiwicHJlZmVycmVkX3VzZXJuYW1lIjoic2VydmljZS1hY2NvdW50LTAyMDVjYiIsImNsaWVudEFkZHJlc3MiOiIxMC4xMC4xMC4xNTEiLCJjbGllbnRfaWQiOiIwMjA1Y2IifQ.bATUogohrEqy7Voa4mFnsBzOnGy6tnjZGh_lOYRn-0hWXMY_fz-280nTu2Vv68eO3HeoewtWlt45S_iLI2-ml3pqpAlt3DXWVmLvVHw6d7TICHBfQsa0jGXMexKnyar7EinrVhF3deSK25Ap_ajC_82EvVvXrVG-7p9F1dEdq39y2R72JympejF5uhY_z_jNmqJSsnLEZVOo3WMJn76u9tTcYVIldC5uWGFWbPGEhvWPx4ZGpsuq_wrPOGdRmyJDFJPJl7LnLGHK0DBhuVtJUq_NFQkMus2fTTf_mWhRnoqNU-wUCS-fxMs6QusGzIVd-C3O29J3rerHTrGg21LAsQ
14:14:29.176 [main] DEBUG com.jayway.jsonpath.internal.path.CompiledPath - Evaluating path: $
14:14:29.199 [main] DEBUG com.jayway.jsonpath.internal.path.CompiledPath - Evaluating path: $
14:14:29.205 [main] DEBUG org.apache.http.client.protocol.RequestAddCookies - CookieSpec selected: karate
14:14:29.207 [main] DEBUG org.apache.http.client.protocol.RequestAuthCache - Auth cache not set in the context
14:14:29.207 [main] DEBUG com.intuit.karate - request:
1 > POST https://apipanapayqa.coonecta.com.ec/api/switchcentral/finan/transferencia
1 > Content-Type: application/json; charset=UTF-8
1 > Authorization: Bearer eyJhbGciOiJSUzI1NiIsInR5cCIgOiAiSldUIiwia2lkIiA6ICI2dUJWTkN6VlViUFBlTFdReEM0WDAyYVM3UnM2UGRYV1dja1dfc0xZMHlFIn0.eyJleHAiOjE3NjExNjA3NTAsImlhdCI6MTc2MTE2MDQ1MCwianRpIjoidHJydGNjOjQ5Yjg0NDVjLTgzYTAtMjI4Ni02NDczLWE2ZGEzOTBhOWQ0YSIsImlzcyI6Imh0dHBzOi8vYXV0ZW50aWNhY2lvbnFhLmNvb25lY3RhLmNvbS5lYy9hdXRoL3JlYWxtcy9QQU5BUEFZIiwiYXVkIjoiYWNjb3VudCIsInN1YiI6Ijk5OGMyZmUwLTJjOGYtNGQwNC1iZjExLWY1OWExZTM5ODg3MyIsInR5cCI6IkJlYXJlciIsImF6cCI6IjAyMDVjYiIsImFjciI6IjEiLCJhbGxvd2VkLW9yaWdpbnMiOlsiLyoiXSwicmVhbG1fYWNjZXNzIjp7InJvbGVzIjpbImRlZmF1bHQtcm9sZXMtYWRtaW5wYW5hcGF5Iiwib2ZmbGluZV9hY2Nlc3MiLCJ1bWFfYXV0aG9yaXphdGlvbiJdfSwicmVzb3VyY2VfYWNjZXNzIjp7IjAyMDVjYiI6eyJyb2xlcyI6WyJ1bWFfcHJvdGVjdGlvbiJdfSwiYWNjb3VudCI6eyJyb2xlcyI6WyJtYW5hZ2UtYWNjb3VudCIsIm1hbmFnZS1hY2NvdW50LWxpbmtzIiwidmlldy1wcm9maWxlIl19fSwic2NvcGUiOiJwcm9maWxlIGVtYWlsIiwiZW1haWxfdmVyaWZpZWQiOmZhbHNlLCJjbGllbnRIb3N0IjoiMTAuMTAuMTAuMTUxIiwicHJlZmVycmVkX3VzZXJuYW1lIjoic2VydmljZS1hY2NvdW50LTAyMDVjYiIsImNsaWVudEFkZHJlc3MiOiIxMC4xMC4xMC4xNTEiLCJjbGllbnRfaWQiOiIwMjA1Y2IifQ.bATUogohrEqy7Voa4mFnsBzOnGy6tnjZGh_lOYRn-0hWXMY_fz-280nTu2Vv68eO3HeoewtWlt45S_iLI2-ml3pqpAlt3DXWVmLvVHw6d7TICHBfQsa0jGXMexKnyar7EinrVhF3deSK25Ap_ajC_82EvVvXrVG-7p9F1dEdq39y2R72JympejF5uhY_z_jNmqJSsnLEZVOo3WMJn76u9tTcYVIldC5uWGFWbPGEhvWPx4ZGpsuq_wrPOGdRmyJDFJPJl7LnLGHK0DBhuVtJUq_NFQkMus2fTTf_mWhRnoqNU-wUCS-fxMs6QusGzIVd-C3O29J3rerHTrGg21LAsQ
1 > Content-Length: 507
1 > Host: apipanapayqa.coonecta.com.ec
1 > Connection: Keep-Alive
1 > User-Agent: Apache-HttpClient/4.5.14 (Java/17.0.12)
1 > Accept-Encoding: gzip,deflate
{"GrpHdr":{"msgId":"02052025102230268759719","creDtTm":"2025-10-22T14:14:29","nbOfTxs":1,"sttlmInf":{"sttlmMtd":"INGA"},"instgAgt":{"finInstnId":"0205"},"InstdAgt":{"FinInstnId":"0205"},"Mge":{"Type":"acmt.998.321.01"},"ChnlId":"QR"},"CdtTrfTxInf":{"PmtId":{"EndToEndId":"02052025102267472"},"IntrBkSttlmAmt":{"Amt":1,"Ccy":"USD"},"DbtrAcctId":{"IBAN":"EC5002051000000000020501052673"},"CdtrAcctId":{"IBAN":"EC0402051000000000020101002318"},"Prtry":{"CustRef":"QA22","ChanRef":"QR-APP","AgtRef":"AGT0002"}}}

14:14:29.208 [main] DEBUG org.apache.http.impl.conn.PoolingHttpClientConnectionManager - Connection request: [route: {s}->https://apipanapayqa.coonecta.com.ec:443][total available: 0; route allocated: 0 of 5; total allocated: 0 of 10]
14:14:29.208 [main] DEBUG org.apache.http.impl.conn.PoolingHttpClientConnectionManager - Connection leased: [id: 2][route: {s}->https://apipanapayqa.coonecta.com.ec:443][total available: 0; route allocated: 1 of 5; total allocated: 1 of 10]
14:14:29.208 [main] DEBUG org.apache.http.impl.execchain.MainClientExec - Opening connection {s}->https://apipanapayqa.coonecta.com.ec:443
14:14:29.210 [main] DEBUG org.apache.http.impl.conn.DefaultHttpClientConnectionOperator - Connecting to apipanapayqa.coonecta.com.ec/10.1.0.133:443
14:14:29.210 [main] DEBUG org.apache.http.conn.ssl.SSLConnectionSocketFactory - Connecting socket to apipanapayqa.coonecta.com.ec/10.1.0.133:443 with timeout 30000
14:14:29.294 [main] DEBUG org.apache.http.conn.ssl.SSLConnectionSocketFactory - Enabled protocols: [TLSv1.3, TLSv1.2]
14:14:29.294 [main] DEBUG org.apache.http.conn.ssl.SSLConnectionSocketFactory - Enabled cipher suites:[TLS_AES_256_GCM_SHA384, TLS_AES_128_GCM_SHA256, TLS_CHACHA20_POLY1305_SHA256, TLS_ECDHE_ECDSA_WITH_AES_256_GCM_SHA384, TLS_ECDHE_ECDSA_WITH_AES_128_GCM_SHA256, TLS_ECDHE_ECDSA_WITH_CHACHA20_POLY1305_SHA256, TLS_ECDHE_RSA_WITH_AES_256_GCM_SHA384, TLS_ECDHE_RSA_WITH_CHACHA20_POLY1305_SHA256, TLS_ECDHE_RSA_WITH_AES_128_GCM_SHA256, TLS_DHE_RSA_WITH_AES_256_GCM_SHA384, TLS_DHE_RSA_WITH_CHACHA20_POLY1305_SHA256, TLS_DHE_DSS_WITH_AES_256_GCM_SHA384, TLS_DHE_RSA_WITH_AES_128_GCM_SHA256, TLS_DHE_DSS_WITH_AES_128_GCM_SHA256, TLS_ECDHE_ECDSA_WITH_AES_256_CBC_SHA384, TLS_ECDHE_RSA_WITH_AES_256_CBC_SHA384, TLS_ECDHE_ECDSA_WITH_AES_128_CBC_SHA256, TLS_ECDHE_RSA_WITH_AES_128_CBC_SHA256, TLS_DHE_RSA_WITH_AES_256_CBC_SHA256, TLS_DHE_DSS_WITH_AES_256_CBC_SHA256, TLS_DHE_RSA_WITH_AES_128_CBC_SHA256, TLS_DHE_DSS_WITH_AES_128_CBC_SHA256, TLS_ECDH_ECDSA_WITH_AES_256_GCM_SHA384, TLS_ECDH_RSA_WITH_AES_256_GCM_SHA384, TLS_ECDH_ECDSA_WITH_AES_128_GCM_SHA256, TLS_ECDH_RSA_WITH_AES_128_GCM_SHA256, TLS_ECDH_ECDSA_WITH_AES_256_CBC_SHA384, TLS_ECDH_RSA_WITH_AES_256_CBC_SHA384, TLS_ECDH_ECDSA_WITH_AES_128_CBC_SHA256, TLS_ECDH_RSA_WITH_AES_128_CBC_SHA256, TLS_ECDHE_ECDSA_WITH_AES_256_CBC_SHA, TLS_ECDHE_RSA_WITH_AES_256_CBC_SHA, TLS_ECDHE_ECDSA_WITH_AES_128_CBC_SHA, TLS_ECDHE_RSA_WITH_AES_128_CBC_SHA, TLS_DHE_RSA_WITH_AES_256_CBC_SHA, TLS_DHE_DSS_WITH_AES_256_CBC_SHA, TLS_DHE_RSA_WITH_AES_128_CBC_SHA, TLS_DHE_DSS_WITH_AES_128_CBC_SHA, TLS_ECDH_ECDSA_WITH_AES_256_CBC_SHA, TLS_ECDH_RSA_WITH_AES_256_CBC_SHA, TLS_ECDH_ECDSA_WITH_AES_128_CBC_SHA, TLS_ECDH_RSA_WITH_AES_128_CBC_SHA, TLS_RSA_WITH_AES_256_GCM_SHA384, TLS_RSA_WITH_AES_128_GCM_SHA256, TLS_RSA_WITH_AES_256_CBC_SHA256, TLS_RSA_WITH_AES_128_CBC_SHA256, TLS_RSA_WITH_AES_256_CBC_SHA, TLS_RSA_WITH_AES_128_CBC_SHA, TLS_EMPTY_RENEGOTIATION_INFO_SCSV]
14:14:29.294 [main] DEBUG org.apache.http.conn.ssl.SSLConnectionSocketFactory - Starting handshake
14:14:29.505 [main] DEBUG org.apache.http.conn.ssl.SSLConnectionSocketFactory - Secure session established
14:14:29.505 [main] DEBUG org.apache.http.conn.ssl.SSLConnectionSocketFactory -  negotiated protocol: TLSv1.3
14:14:29.505 [main] DEBUG org.apache.http.conn.ssl.SSLConnectionSocketFactory -  negotiated cipher suite: TLS_AES_256_GCM_SHA384
14:14:29.505 [main] DEBUG org.apache.http.conn.ssl.SSLConnectionSocketFactory -  peer principal: CN=apipanapayqa.coonecta.com.ec, O=Red Transaccional Cooperativa S.A. RTC, L=Quito, ST=Pichincha, C=EC
14:14:29.505 [main] DEBUG org.apache.http.conn.ssl.SSLConnectionSocketFactory -  peer alternative names: [apipanapayqa.coonecta.com.ec]
14:14:29.505 [main] DEBUG org.apache.http.conn.ssl.SSLConnectionSocketFactory -  issuer principal: CN=DigiCert Global G2 TLS RSA SHA256 2020 CA1, O=DigiCert Inc, C=US
14:14:29.505 [main] DEBUG org.apache.http.impl.conn.DefaultHttpClientConnectionOperator - Connection established 10.10.10.151:54128<->10.1.0.133:443
14:14:29.505 [main] DEBUG org.apache.http.impl.conn.DefaultManagedHttpClientConnection - http-outgoing-2: set socket timeout to 30000
14:14:29.505 [main] DEBUG org.apache.http.impl.execchain.MainClientExec - Executing request POST /api/switchcentral/finan/transferencia HTTP/1.1
14:14:29.505 [main] DEBUG org.apache.http.impl.execchain.MainClientExec - Proxy auth state: UNCHALLENGED
14:14:29.505 [main] DEBUG org.apache.http.headers - http-outgoing-2 >> POST /api/switchcentral/finan/transferencia HTTP/1.1
14:14:29.505 [main] DEBUG org.apache.http.headers - http-outgoing-2 >> Content-Type: application/json; charset=UTF-8
14:14:29.505 [main] DEBUG org.apache.http.headers - http-outgoing-2 >> Authorization: Bearer eyJhbGciOiJSUzI1NiIsInR5cCIgOiAiSldUIiwia2lkIiA6ICI2dUJWTkN6VlViUFBlTFdReEM0WDAyYVM3UnM2UGRYV1dja1dfc0xZMHlFIn0.eyJleHAiOjE3NjExNjA3NTAsImlhdCI6MTc2MTE2MDQ1MCwianRpIjoidHJydGNjOjQ5Yjg0NDVjLTgzYTAtMjI4Ni02NDczLWE2ZGEzOTBhOWQ0YSIsImlzcyI6Imh0dHBzOi8vYXV0ZW50aWNhY2lvbnFhLmNvb25lY3RhLmNvbS5lYy9hdXRoL3JlYWxtcy9QQU5BUEFZIiwiYXVkIjoiYWNjb3VudCIsInN1YiI6Ijk5OGMyZmUwLTJjOGYtNGQwNC1iZjExLWY1OWExZTM5ODg3MyIsInR5cCI6IkJlYXJlciIsImF6cCI6IjAyMDVjYiIsImFjciI6IjEiLCJhbGxvd2VkLW9yaWdpbnMiOlsiLyoiXSwicmVhbG1fYWNjZXNzIjp7InJvbGVzIjpbImRlZmF1bHQtcm9sZXMtYWRtaW5wYW5hcGF5Iiwib2ZmbGluZV9hY2Nlc3MiLCJ1bWFfYXV0aG9yaXphdGlvbiJdfSwicmVzb3VyY2VfYWNjZXNzIjp7IjAyMDVjYiI6eyJyb2xlcyI6WyJ1bWFfcHJvdGVjdGlvbiJdfSwiYWNjb3VudCI6eyJyb2xlcyI6WyJtYW5hZ2UtYWNjb3VudCIsIm1hbmFnZS1hY2NvdW50LWxpbmtzIiwidmlldy1wcm9maWxlIl19fSwic2NvcGUiOiJwcm9maWxlIGVtYWlsIiwiZW1haWxfdmVyaWZpZWQiOmZhbHNlLCJjbGllbnRIb3N0IjoiMTAuMTAuMTAuMTUxIiwicHJlZmVycmVkX3VzZXJuYW1lIjoic2VydmljZS1hY2NvdW50LTAyMDVjYiIsImNsaWVudEFkZHJlc3MiOiIxMC4xMC4xMC4xNTEiLCJjbGllbnRfaWQiOiIwMjA1Y2IifQ.bATUogohrEqy7Voa4mFnsBzOnGy6tnjZGh_lOYRn-0hWXMY_fz-280nTu2Vv68eO3HeoewtWlt45S_iLI2-ml3pqpAlt3DXWVmLvVHw6d7TICHBfQsa0jGXMexKnyar7EinrVhF3deSK25Ap_ajC_82EvVvXrVG-7p9F1dEdq39y2R72JympejF5uhY_z_jNmqJSsnLEZVOo3WMJn76u9tTcYVIldC5uWGFWbPGEhvWPx4ZGpsuq_wrPOGdRmyJDFJPJl7LnLGHK0DBhuVtJUq_NFQkMus2fTTf_mWhRnoqNU-wUCS-fxMs6QusGzIVd-C3O29J3rerHTrGg21LAsQ
14:14:29.505 [main] DEBUG org.apache.http.headers - http-outgoing-2 >> Content-Length: 507
14:14:29.505 [main] DEBUG org.apache.http.headers - http-outgoing-2 >> Host: apipanapayqa.coonecta.com.ec
14:14:29.505 [main] DEBUG org.apache.http.headers - http-outgoing-2 >> Connection: Keep-Alive
14:14:29.505 [main] DEBUG org.apache.http.headers - http-outgoing-2 >> User-Agent: Apache-HttpClient/4.5.14 (Java/17.0.12)
14:14:29.505 [main] DEBUG org.apache.http.headers - http-outgoing-2 >> Accept-Encoding: gzip,deflate
14:14:29.505 [main] DEBUG org.apache.http.wire - http-outgoing-2 >> "POST /api/switchcentral/finan/transferencia HTTP/1.1[\r][\n]"
14:14:29.505 [main] DEBUG org.apache.http.wire - http-outgoing-2 >> "Content-Type: application/json; charset=UTF-8[\r][\n]"
14:14:29.505 [main] DEBUG org.apache.http.wire - http-outgoing-2 >> "Authorization: Bearer eyJhbGciOiJSUzI1NiIsInR5cCIgOiAiSldUIiwia2lkIiA6ICI2dUJWTkN6VlViUFBlTFdReEM0WDAyYVM3UnM2UGRYV1dja1dfc0xZMHlFIn0.eyJleHAiOjE3NjExNjA3NTAsImlhdCI6MTc2MTE2MDQ1MCwianRpIjoidHJydGNjOjQ5Yjg0NDVjLTgzYTAtMjI4Ni02NDczLWE2ZGEzOTBhOWQ0YSIsImlzcyI6Imh0dHBzOi8vYXV0ZW50aWNhY2lvbnFhLmNvb25lY3RhLmNvbS5lYy9hdXRoL3JlYWxtcy9QQU5BUEFZIiwiYXVkIjoiYWNjb3VudCIsInN1YiI6Ijk5OGMyZmUwLTJjOGYtNGQwNC1iZjExLWY1OWExZTM5ODg3MyIsInR5cCI6IkJlYXJlciIsImF6cCI6IjAyMDVjYiIsImFjciI6IjEiLCJhbGxvd2VkLW9yaWdpbnMiOlsiLyoiXSwicmVhbG1fYWNjZXNzIjp7InJvbGVzIjpbImRlZmF1bHQtcm9sZXMtYWRtaW5wYW5hcGF5Iiwib2ZmbGluZV9hY2Nlc3MiLCJ1bWFfYXV0aG9yaXphdGlvbiJdfSwicmVzb3VyY2VfYWNjZXNzIjp7IjAyMDVjYiI6eyJyb2xlcyI6WyJ1bWFfcHJvdGVjdGlvbiJdfSwiYWNjb3VudCI6eyJyb2xlcyI6WyJtYW5hZ2UtYWNjb3VudCIsIm1hbmFnZS1hY2NvdW50LWxpbmtzIiwidmlldy1wcm9maWxlIl19fSwic2NvcGUiOiJwcm9maWxlIGVtYWlsIiwiZW1haWxfdmVyaWZpZWQiOmZhbHNlLCJjbGllbnRIb3N0IjoiMTAuMTAuMTAuMTUxIiwicHJlZmVycmVkX3VzZXJuYW1lIjoic2VydmljZS1hY2NvdW50LTAyMDVjYiIsImNsaWVudEFkZHJlc3MiOiIxMC4xMC4xMC4xNTEiLCJjbGllbnRfaWQiOiIwMjA1Y2IifQ.bATUogohrEqy7Voa4mFnsBzOnGy6tnjZGh_lOYRn-0hWXMY_fz-280nTu2Vv68eO3HeoewtWlt45S_iLI2-ml3pqpAlt3DXWVmLvVHw6d7TICHBfQsa0jGXMexKnyar7EinrVhF3deSK25Ap_ajC_82EvVvXrVG-7p9F1dEdq39y2R72JympejF5uhY_z_jNmqJSsnLEZVOo3WMJn76u9tTcYVIldC5uWGFWbPGEhvWPx4ZGpsuq_wrPOGdRmyJDFJPJl7LnLGHK0DBhuVtJUq_NFQkMus2fTTf_mWhRnoqNU-wUCS-fxMs6QusGzIVd-C3O29J3rerHTrGg21LAsQ[\r][\n]"
14:14:29.505 [main] DEBUG org.apache.http.wire - http-outgoing-2 >> "Content-Length: 507[\r][\n]"
14:14:29.505 [main] DEBUG org.apache.http.wire - http-outgoing-2 >> "Host: apipanapayqa.coonecta.com.ec[\r][\n]"
14:14:29.505 [main] DEBUG org.apache.http.wire - http-outgoing-2 >> "Connection: Keep-Alive[\r][\n]"
14:14:29.505 [main] DEBUG org.apache.http.wire - http-outgoing-2 >> "User-Agent: Apache-HttpClient/4.5.14 (Java/17.0.12)[\r][\n]"
14:14:29.505 [main] DEBUG org.apache.http.wire - http-outgoing-2 >> "Accept-Encoding: gzip,deflate[\r][\n]"
14:14:29.505 [main] DEBUG org.apache.http.wire - http-outgoing-2 >> "[\r][\n]"
14:14:29.505 [main] DEBUG org.apache.http.wire - http-outgoing-2 >> "{"GrpHdr":{"msgId":"02052025102230268759719","creDtTm":"2025-10-22T14:14:29","nbOfTxs":1,"sttlmInf":{"sttlmMtd":"INGA"},"instgAgt":{"finInstnId":"0205"},"InstdAgt":{"FinInstnId":"0205"},"Mge":{"Type":"acmt.998.321.01"},"ChnlId":"QR"},"CdtTrfTxInf":{"PmtId":{"EndToEndId":"02052025102267472"},"IntrBkSttlmAmt":{"Amt":1,"Ccy":"USD"},"DbtrAcctId":{"IBAN":"EC5002051000000000020501052673"},"CdtrAcctId":{"IBAN":"EC0402051000000000020101002318"},"Prtry":{"CustRef":"QA22","ChanRef":"QR-APP","AgtRef":"AGT0002"}}}"
14:14:30.069 [main] DEBUG org.apache.http.wire - http-outgoing-2 << "HTTP/1.1 400 Bad Request[\r][\n]"
14:14:30.069 [main] DEBUG org.apache.http.wire - http-outgoing-2 << "Date: Wed, 22 Oct 2025 19:14:21 GMT[\r][\n]"
14:14:30.069 [main] DEBUG org.apache.http.wire - http-outgoing-2 << "Content-Type: application/json; charset=utf-8[\r][\n]"
14:14:30.069 [main] DEBUG org.apache.http.wire - http-outgoing-2 << "Transfer-Encoding: chunked[\r][\n]"
14:14:30.069 [main] DEBUG org.apache.http.wire - http-outgoing-2 << "Connection: keep-alive[\r][\n]"
14:14:30.069 [main] DEBUG org.apache.http.wire - http-outgoing-2 << "Server: Kestrel[\r][\n]"
14:14:30.069 [main] DEBUG org.apache.http.wire - http-outgoing-2 << "Set-Cookie: ARRAffinity=135f536e0d078a815c3b83fda3468ab8a3a2abc604a35eefb28648d3961cfa9b;Path=/;HttpOnly;Secure;Domain=app-apipanapay-qa.azurewebsites.net[\r][\n]"
14:14:30.069 [main] DEBUG org.apache.http.wire - http-outgoing-2 << "Set-Cookie: ARRAffinitySameSite=135f536e0d078a815c3b83fda3468ab8a3a2abc604a35eefb28648d3961cfa9b;Path=/;HttpOnly;SameSite=None;Secure;Domain=app-apipanapay-qa.azurewebsites.net[\r][\n]"
14:14:30.072 [main] DEBUG org.apache.http.wire - http-outgoing-2 << "Request-Context: appId=cid-v1:a7a77847-2713-450f-9030-b350a2d54a28[\r][\n]"
14:14:30.072 [main] DEBUG org.apache.http.wire - http-outgoing-2 << "X-Powered-By: ASP.NET[\r][\n]"
14:14:30.072 [main] DEBUG org.apache.http.wire - http-outgoing-2 << "X-ARR-ClientCert: -----BEGIN%20CERTIFICATE-----%0AMIIEHDCCAgSgAwIBAgIUZIZBO0fb7VZ4KXrs01S4RYbWyJ8wDQYJKoZIhvcNAQEL%0ABQAwJTEjMCEGA1UEAwwacm9vdGNlcnQuY2JpYmxpYW4uaW50ZXJuYWwwHhcNMjUw%0AODEzMTMyNTU5WhcNMjgwODEyMTMyNTU5WjAnMSUwIwYDVQQDDBxjbGllbnRjZXJ0%0ALmNiaWJsaWFuLmludGVybmFsMIIBIjANBgkqhkiG9w0BAQEFAAOCAQ8AMIIBCgKC%0AAQEAskUDap6NmyYq8RT6F7z3DpZGQiflNQTvUT84TmxsKXEBRAkgINnkJqgKkd7f%0ASEybzqglQTbr4s41lCiPsy3X66qYjU2L%2Bojhni%2BOCVOX7n3JBYovL%2FqfMP3%2FkhZP%0AQIlK%2FQWPcrnl39fYkGOQv%2BYqoCGEPzGkib2m1Ma5Q1HOCKh1ErMjqTLGy%2ByJj6JY%0AiZvMx3YrJSvjUS0uKpNwxPtGyiexRfKsmR%2FHqPzRHa0iY%2B752KSgUedwJPv1Wod%2B%0AY9BMAMIdU25UtkUEsaOYtorGWDaZSn2Bl0LYmP87kjcYypnHx0jtPtUCXfVHrE6u%0AZnDRFYsZbeXylY3mJkyOL2DzZwIDAQABo0IwQDAdBgNVHQ4EFgQURPhJwTAcUWUp%0ArOqQO68P%2FbJoqjMwHwYDVR0jBBgwFoAU7GdlxoSeEXucEXhjadHRC9xzS0UwDQYJ%0AKoZIhvcNAQELBQADggIBAGTnlyF2n%2F6s9phYbO8V17niO0BXB62ToX6gPhcw9f3y%0AhMui6RnrM1oiHlBWqZquCqYJ5ETvYJE1RqvoqtGysxCnIj0OTJHV4WtF3SHsd1Tu%0ATg%2B%2FUnGivtBTDQxj9sbAtCaSYRBqPByP8jvSTDgXR1mgOrEGjr2PZdZSoKLj4OHi%0A9UCMJw7pJsyA4lbroKshQTYv5Ks5SqtJpdp0%2BUX0UUlbPJqXiadfbKdoXvEgcwbP%0ACqR9v7kGYmNxfaGLNGVrV%2BnLawIDmdYXJE%2F4WJh6sHfiZxEsE%2BB4PoKADrb1Eapt%0AnSdHUgRfc0i5f2lcmErnU8nCMO5TWdHFOgpYwTS8w17FhNFZpaSmyZKM7uHcUs7y%0AUbuiQtdXocfSSMf%2FeycBEU%2FHAVIWQEqY%2BbJdC0q%2FR%2BsESeBtXd4IEIxR0QfgscGk%0AJyCSFC8z%2FvCgrRsH5rePqKO7%2FLAsDTP4GIQNFNfF4Wh6bsPXuJmvvoMcnmy%2F58Wo%0AE0XaG8UPHVAeyEmhncdM32E7SJbR91aRr2CkV23OoUz%2BwKG2%2FuObHmAkuMkCbbcz%0AJQoC7DZg5FGw%2BZR7v1DIBct5QNJQ8bG%2FXGRxjWC6dU7jrGhOF1X%2B2YYcdx9XnwyM%0A9YPxUy5bVfMhIiKP2wEso5fjOZ4RTvnB5R6zD3maJK%2FtZAXVhtyqXSkBYFi4MvEs%0A-----END%20CERTIFICATE-----%0A[\r][\n]"
14:14:30.072 [main] DEBUG org.apache.http.wire - http-outgoing-2 << "[\r][\n]"
14:14:30.072 [main] DEBUG org.apache.http.wire - http-outgoing-2 << "1f9[\r][\n]"
14:14:30.072 [main] DEBUG org.apache.http.wire - http-outgoing-2 << "{"GrpHdr":{"MsgId":"000020251022020355","CreDtTm":"2025-10-22T14:14:22","NbOfTxs":1,"SttlmInf":{"SttlmMtd":"INGA"},"InstgAgt":{"FinInstnId":"0205"},"InstdAgt":{"FinInstnId":"0205"},"Mge":{"Type":"acmt.998.322.001"},"ChnlId":"QR"},"CdtTrfTxInf":{"OrgnGrpInf":{"OrgnlMsgId":"02052025102230268759719","OrgnlMgeType":"acmt.998.321.01","OrgnlCreDtTm":"2025-10-22T14:14:29"},"TxSts":"ERR","Rsn":{"RsnCd":"9000","AddtlInf":"El canal de origen de la transacci[0xc3][0xb3]n enviado no es correcto."},"SttlmDt":"2025-10-22"}}[\r][\n]"
14:14:30.072 [main] DEBUG org.apache.http.wire - http-outgoing-2 << "0[\r][\n]"
14:14:30.072 [main] DEBUG org.apache.http.wire - http-outgoing-2 << "[\r][\n]"
14:14:30.072 [main] DEBUG org.apache.http.headers - http-outgoing-2 << HTTP/1.1 400 Bad Request
14:14:30.072 [main] DEBUG org.apache.http.headers - http-outgoing-2 << Date: Wed, 22 Oct 2025 19:14:21 GMT
14:14:30.072 [main] DEBUG org.apache.http.headers - http-outgoing-2 << Content-Type: application/json; charset=utf-8
14:14:30.072 [main] DEBUG org.apache.http.headers - http-outgoing-2 << Transfer-Encoding: chunked
14:14:30.072 [main] DEBUG org.apache.http.headers - http-outgoing-2 << Connection: keep-alive
14:14:30.072 [main] DEBUG org.apache.http.headers - http-outgoing-2 << Server: Kestrel
14:14:30.072 [main] DEBUG org.apache.http.headers - http-outgoing-2 << Set-Cookie: ARRAffinity=135f536e0d078a815c3b83fda3468ab8a3a2abc604a35eefb28648d3961cfa9b;Path=/;HttpOnly;Secure;Domain=app-apipanapay-qa.azurewebsites.net
14:14:30.072 [main] DEBUG org.apache.http.headers - http-outgoing-2 << Set-Cookie: ARRAffinitySameSite=135f536e0d078a815c3b83fda3468ab8a3a2abc604a35eefb28648d3961cfa9b;Path=/;HttpOnly;SameSite=None;Secure;Domain=app-apipanapay-qa.azurewebsites.net
14:14:30.072 [main] DEBUG org.apache.http.headers - http-outgoing-2 << Request-Context: appId=cid-v1:a7a77847-2713-450f-9030-b350a2d54a28
14:14:30.072 [main] DEBUG org.apache.http.headers - http-outgoing-2 << X-Powered-By: ASP.NET
14:14:30.072 [main] DEBUG org.apache.http.headers - http-outgoing-2 << X-ARR-ClientCert: -----BEGIN%20CERTIFICATE-----%0AMIIEHDCCAgSgAwIBAgIUZIZBO0fb7VZ4KXrs01S4RYbWyJ8wDQYJKoZIhvcNAQEL%0ABQAwJTEjMCEGA1UEAwwacm9vdGNlcnQuY2JpYmxpYW4uaW50ZXJuYWwwHhcNMjUw%0AODEzMTMyNTU5WhcNMjgwODEyMTMyNTU5WjAnMSUwIwYDVQQDDBxjbGllbnRjZXJ0%0ALmNiaWJsaWFuLmludGVybmFsMIIBIjANBgkqhkiG9w0BAQEFAAOCAQ8AMIIBCgKC%0AAQEAskUDap6NmyYq8RT6F7z3DpZGQiflNQTvUT84TmxsKXEBRAkgINnkJqgKkd7f%0ASEybzqglQTbr4s41lCiPsy3X66qYjU2L%2Bojhni%2BOCVOX7n3JBYovL%2FqfMP3%2FkhZP%0AQIlK%2FQWPcrnl39fYkGOQv%2BYqoCGEPzGkib2m1Ma5Q1HOCKh1ErMjqTLGy%2ByJj6JY%0AiZvMx3YrJSvjUS0uKpNwxPtGyiexRfKsmR%2FHqPzRHa0iY%2B752KSgUedwJPv1Wod%2B%0AY9BMAMIdU25UtkUEsaOYtorGWDaZSn2Bl0LYmP87kjcYypnHx0jtPtUCXfVHrE6u%0AZnDRFYsZbeXylY3mJkyOL2DzZwIDAQABo0IwQDAdBgNVHQ4EFgQURPhJwTAcUWUp%0ArOqQO68P%2FbJoqjMwHwYDVR0jBBgwFoAU7GdlxoSeEXucEXhjadHRC9xzS0UwDQYJ%0AKoZIhvcNAQELBQADggIBAGTnlyF2n%2F6s9phYbO8V17niO0BXB62ToX6gPhcw9f3y%0AhMui6RnrM1oiHlBWqZquCqYJ5ETvYJE1RqvoqtGysxCnIj0OTJHV4WtF3SHsd1Tu%0ATg%2B%2FUnGivtBTDQxj9sbAtCaSYRBqPByP8jvSTDgXR1mgOrEGjr2PZdZSoKLj4OHi%0A9UCMJw7pJsyA4lbroKshQTYv5Ks5SqtJpdp0%2BUX0UUlbPJqXiadfbKdoXvEgcwbP%0ACqR9v7kGYmNxfaGLNGVrV%2BnLawIDmdYXJE%2F4WJh6sHfiZxEsE%2BB4PoKADrb1Eapt%0AnSdHUgRfc0i5f2lcmErnU8nCMO5TWdHFOgpYwTS8w17FhNFZpaSmyZKM7uHcUs7y%0AUbuiQtdXocfSSMf%2FeycBEU%2FHAVIWQEqY%2BbJdC0q%2FR%2BsESeBtXd4IEIxR0QfgscGk%0AJyCSFC8z%2FvCgrRsH5rePqKO7%2FLAsDTP4GIQNFNfF4Wh6bsPXuJmvvoMcnmy%2F58Wo%0AE0XaG8UPHVAeyEmhncdM32E7SJbR91aRr2CkV23OoUz%2BwKG2%2FuObHmAkuMkCbbcz%0AJQoC7DZg5FGw%2BZR7v1DIBct5QNJQ8bG%2FXGRxjWC6dU7jrGhOF1X%2B2YYcdx9XnwyM%0A9YPxUy5bVfMhIiKP2wEso5fjOZ4RTvnB5R6zD3maJK%2FtZAXVhtyqXSkBYFi4MvEs%0A-----END%20CERTIFICATE-----%0A
14:14:30.072 [main] DEBUG org.apache.http.impl.execchain.MainClientExec - Connection can be kept alive indefinitely
14:14:30.075 [main] DEBUG org.apache.http.client.protocol.ResponseProcessCookies - Cookie accepted [ARRAffinity="135f536e0d078a815c3b83fda3468ab8a3a2abc604a35eefb28648d3961cfa9b", version:0, domain:app-apipanapay-qa.azurewebsites.net, path:/, expiry:null]
14:14:30.075 [main] DEBUG org.apache.http.client.protocol.ResponseProcessCookies - Cookie accepted [ARRAffinitySameSite="135f536e0d078a815c3b83fda3468ab8a3a2abc604a35eefb28648d3961cfa9b", version:0, domain:app-apipanapay-qa.azurewebsites.net, path:/, expiry:null]
14:14:30.075 [main] DEBUG org.apache.http.impl.conn.PoolingHttpClientConnectionManager - Connection [id: 2][route: {s}->https://apipanapayqa.coonecta.com.ec:443][state: CN=clientcert.cbiblian.internal] can be kept alive indefinitely
14:14:30.075 [main] DEBUG org.apache.http.impl.conn.DefaultManagedHttpClientConnection - http-outgoing-2: set socket timeout to 0
14:14:30.075 [main] DEBUG org.apache.http.impl.conn.PoolingHttpClientConnectionManager - Connection released: [id: 2][route: {s}->https://apipanapayqa.coonecta.com.ec:443][state: CN=clientcert.cbiblian.internal][total available: 1; route allocated: 1 of 5; total allocated: 1 of 10]
14:14:30.075 [main] DEBUG org.apache.http.impl.conn.PoolingHttpClientConnectionManager - Connection manager is shutting down
14:14:30.075 [main] DEBUG org.apache.http.impl.conn.DefaultManagedHttpClientConnection - http-outgoing-2: Close connection
14:14:30.075 [main] DEBUG org.apache.http.impl.conn.PoolingHttpClientConnectionManager - Connection manager shut down
14:14:30.077 [main] DEBUG com.intuit.karate - response time in milliseconds: 867
1 < 400
1 < Date: Wed, 22 Oct 2025 19:14:21 GMT
1 < Content-Type: application/json; charset=utf-8
1 < Transfer-Encoding: chunked
1 < Connection: keep-alive
1 < Server: Kestrel
1 < Set-Cookie: ARRAffinity=135f536e0d078a815c3b83fda3468ab8a3a2abc604a35eefb28648d3961cfa9b;Path=/;HttpOnly;Secure;Domain=app-apipanapay-qa.azurewebsites.net
1 < Set-Cookie: ARRAffinitySameSite=135f536e0d078a815c3b83fda3468ab8a3a2abc604a35eefb28648d3961cfa9b;Path=/;HttpOnly;SameSite=None;Secure;Domain=app-apipanapay-qa.azurewebsites.net
1 < Request-Context: appId=cid-v1:a7a77847-2713-450f-9030-b350a2d54a28
1 < X-Powered-By: ASP.NET
1 < X-ARR-ClientCert: -----BEGIN%20CERTIFICATE-----%0AMIIEHDCCAgSgAwIBAgIUZIZBO0fb7VZ4KXrs01S4RYbWyJ8wDQYJKoZIhvcNAQEL%0ABQAwJTEjMCEGA1UEAwwacm9vdGNlcnQuY2JpYmxpYW4uaW50ZXJuYWwwHhcNMjUw%0AODEzMTMyNTU5WhcNMjgwODEyMTMyNTU5WjAnMSUwIwYDVQQDDBxjbGllbnRjZXJ0%0ALmNiaWJsaWFuLmludGVybmFsMIIBIjANBgkqhkiG9w0BAQEFAAOCAQ8AMIIBCgKC%0AAQEAskUDap6NmyYq8RT6F7z3DpZGQiflNQTvUT84TmxsKXEBRAkgINnkJqgKkd7f%0ASEybzqglQTbr4s41lCiPsy3X66qYjU2L%2Bojhni%2BOCVOX7n3JBYovL%2FqfMP3%2FkhZP%0AQIlK%2FQWPcrnl39fYkGOQv%2BYqoCGEPzGkib2m1Ma5Q1HOCKh1ErMjqTLGy%2ByJj6JY%0AiZvMx3YrJSvjUS0uKpNwxPtGyiexRfKsmR%2FHqPzRHa0iY%2B752KSgUedwJPv1Wod%2B%0AY9BMAMIdU25UtkUEsaOYtorGWDaZSn2Bl0LYmP87kjcYypnHx0jtPtUCXfVHrE6u%0AZnDRFYsZbeXylY3mJkyOL2DzZwIDAQABo0IwQDAdBgNVHQ4EFgQURPhJwTAcUWUp%0ArOqQO68P%2FbJoqjMwHwYDVR0jBBgwFoAU7GdlxoSeEXucEXhjadHRC9xzS0UwDQYJ%0AKoZIhvcNAQELBQADggIBAGTnlyF2n%2F6s9phYbO8V17niO0BXB62ToX6gPhcw9f3y%0AhMui6RnrM1oiHlBWqZquCqYJ5ETvYJE1RqvoqtGysxCnIj0OTJHV4WtF3SHsd1Tu%0ATg%2B%2FUnGivtBTDQxj9sbAtCaSYRBqPByP8jvSTDgXR1mgOrEGjr2PZdZSoKLj4OHi%0A9UCMJw7pJsyA4lbroKshQTYv5Ks5SqtJpdp0%2BUX0UUlbPJqXiadfbKdoXvEgcwbP%0ACqR9v7kGYmNxfaGLNGVrV%2BnLawIDmdYXJE%2F4WJh6sHfiZxEsE%2BB4PoKADrb1Eapt%0AnSdHUgRfc0i5f2lcmErnU8nCMO5TWdHFOgpYwTS8w17FhNFZpaSmyZKM7uHcUs7y%0AUbuiQtdXocfSSMf%2FeycBEU%2FHAVIWQEqY%2BbJdC0q%2FR%2BsESeBtXd4IEIxR0QfgscGk%0AJyCSFC8z%2FvCgrRsH5rePqKO7%2FLAsDTP4GIQNFNfF4Wh6bsPXuJmvvoMcnmy%2F58Wo%0AE0XaG8UPHVAeyEmhncdM32E7SJbR91aRr2CkV23OoUz%2BwKG2%2FuObHmAkuMkCbbcz%0AJQoC7DZg5FGw%2BZR7v1DIBct5QNJQ8bG%2FXGRxjWC6dU7jrGhOF1X%2B2YYcdx9XnwyM%0A9YPxUy5bVfMhIiKP2wEso5fjOZ4RTvnB5R6zD3maJK%2FtZAXVhtyqXSkBYFi4MvEs%0A-----END%20CERTIFICATE-----%0A
{"GrpHdr":{"MsgId":"000020251022020355","CreDtTm":"2025-10-22T14:14:22","NbOfTxs":1,"SttlmInf":{"SttlmMtd":"INGA"},"InstgAgt":{"FinInstnId":"0205"},"InstdAgt":{"FinInstnId":"0205"},"Mge":{"Type":"acmt.998.322.001"},"ChnlId":"QR"},"CdtTrfTxInf":{"OrgnGrpInf":{"OrgnlMsgId":"02052025102230268759719","OrgnlMgeType":"acmt.998.321.01","OrgnlCreDtTm":"2025-10-22T14:14:29"},"TxSts":"ERR","Rsn":{"RsnCd":"9000","AddtlInf":"El canal de origen de la transacción enviado no es correcto."},"SttlmDt":"2025-10-22"}}

14:14:30.079 [main] ERROR com.intuit.karate - classpath:Transferencia.feature:176
Then match responseStatus in normalizedStatus
no step-definition method match found for: match responseStatus in normalizedStatus
classpath:Transferencia.feature:176
]]></system-out>
  </testcase>
  <testcase name="[3:180] Transferencia exitosa entre dos clientes de la misma entidad (ordenante CTA Corriente, receptor CTA Corriente)" classname="Transferencia" time="1.668">
    <failure message="no step-definition method match found for: match responseStatus in normalizedStatus&#10;classpath:Transferencia.feature:187" type="org.opentest4j.AssertionFailedError"><![CDATA[org.opentest4j.AssertionFailedError: 
no step-definition method match found for: match responseStatus in normalizedStatus
classpath:Transferencia.feature:187
	at org.junit.jupiter.api.AssertionUtils.fail(AssertionUtils.java:38)
	at org.junit.jupiter.api.Assertions.fail(Assertions.java:135)
	at com.intuit.karate.junit5.FeatureNode.lambda$next$1(FeatureNode.java:86)
	at org.junit.jupiter.engine.descriptor.DynamicTestTestDescriptor.lambda$execute$0(DynamicTestTestDescriptor.java:53)
	at org.junit.jupiter.engine.execution.InvocationInterceptorChain$ValidatingInvocation.proceed(InvocationInterceptorChain.java:131)
	at org.junit.jupiter.api.extension.InvocationInterceptor.interceptDynamicTest(InvocationInterceptor.java:167)
	at org.junit.jupiter.api.extension.InvocationInterceptor.interceptDynamicTest(InvocationInterceptor.java:184)
	at org.junit.jupiter.engine.descriptor.DynamicTestTestDescriptor.lambda$execute$1(DynamicTestTestDescriptor.java:61)
	at org.junit.jupiter.engine.execution.InvocationInterceptorChain$InterceptorCall.lambda$ofVoid$0(InvocationInterceptorChain.java:78)
	at org.junit.jupiter.engine.execution.InvocationInterceptorChain$InterceptedInvocation.proceed(InvocationInterceptorChain.java:106)
	at org.junit.jupiter.engine.execution.InvocationInterceptorChain.proceed(InvocationInterceptorChain.java:64)
	at org.junit.jupiter.engine.execution.InvocationInterceptorChain.chainAndInvoke(InvocationInterceptorChain.java:45)
	at org.junit.jupiter.engine.execution.InvocationInterceptorChain.invoke(InvocationInterceptorChain.java:37)
	at org.junit.jupiter.engine.descriptor.DynamicTestTestDescriptor.execute(DynamicTestTestDescriptor.java:60)
	at org.junit.jupiter.engine.descriptor.DynamicTestTestDescriptor.execute(DynamicTestTestDescriptor.java:32)
	at org.junit.platform.engine.support.hierarchical.NodeTestTask.lambda$executeRecursively$6(NodeTestTask.java:151)
	at org.junit.platform.engine.support.hierarchical.ThrowableCollector.execute(ThrowableCollector.java:73)
	at org.junit.platform.engine.support.hierarchical.NodeTestTask.lambda$executeRecursively$8(NodeTestTask.java:141)
	at org.junit.platform.engine.support.hierarchical.Node.around(Node.java:137)
	at org.junit.platform.engine.support.hierarchical.NodeTestTask.lambda$executeRecursively$9(NodeTestTask.java:139)
	at org.junit.platform.engine.support.hierarchical.ThrowableCollector.execute(ThrowableCollector.java:73)
	at org.junit.platform.engine.support.hierarchical.NodeTestTask.executeRecursively(NodeTestTask.java:138)
	at org.junit.platform.engine.support.hierarchical.NodeTestTask.execute(NodeTestTask.java:95)
	at org.junit.platform.engine.support.hierarchical.SameThreadHierarchicalTestExecutorService.submit(SameThreadHierarchicalTestExecutorService.java:35)
	at org.junit.platform.engine.support.hierarchical.NodeTestTask$DefaultDynamicTestExecutor.execute(NodeTestTask.java:226)
	at org.junit.platform.engine.support.hierarchical.NodeTestTask$DefaultDynamicTestExecutor.execute(NodeTestTask.java:204)
	at java.base/java.util.stream.ForEachOps$ForEachOp$OfRef.accept(ForEachOps.java:183)
	at java.base/java.util.stream.ReferencePipeline$3$1.accept(ReferencePipeline.java:197)
	at java.base/java.util.stream.ReferencePipeline$2$1.accept(ReferencePipeline.java:179)
	at java.base/java.util.stream.ReferencePipeline$3$1.accept(ReferencePipeline.java:197)
	at java.base/java.util.Iterator.forEachRemaining(Iterator.java:133)
	at java.base/java.util.Spliterators$IteratorSpliterator.forEachRemaining(Spliterators.java:1845)
	at java.base/java.util.stream.AbstractPipeline.copyInto(AbstractPipeline.java:509)
	at java.base/java.util.stream.AbstractPipeline.wrapAndCopyInto(AbstractPipeline.java:499)
	at java.base/java.util.stream.ForEachOps$ForEachOp.evaluateSequential(ForEachOps.java:150)
	at java.base/java.util.stream.ForEachOps$ForEachOp$OfRef.evaluateSequential(ForEachOps.java:173)
	at java.base/java.util.stream.AbstractPipeline.evaluate(AbstractPipeline.java:234)
	at java.base/java.util.stream.ReferencePipeline.forEachOrdered(ReferencePipeline.java:601)
	at org.junit.jupiter.engine.descriptor.DynamicContainerTestDescriptor.execute(DynamicContainerTestDescriptor.java:67)
	at org.junit.jupiter.engine.descriptor.DynamicContainerTestDescriptor.execute(DynamicContainerTestDescriptor.java:33)
	at org.junit.platform.engine.support.hierarchical.NodeTestTask.lambda$executeRecursively$6(NodeTestTask.java:151)
	at org.junit.platform.engine.support.hierarchical.ThrowableCollector.execute(ThrowableCollector.java:73)
	at org.junit.platform.engine.support.hierarchical.NodeTestTask.lambda$executeRecursively$8(NodeTestTask.java:141)
	at org.junit.platform.engine.support.hierarchical.Node.around(Node.java:137)
	at org.junit.platform.engine.support.hierarchical.NodeTestTask.lambda$executeRecursively$9(NodeTestTask.java:139)
	at org.junit.platform.engine.support.hierarchical.ThrowableCollector.execute(ThrowableCollector.java:73)
	at org.junit.platform.engine.support.hierarchical.NodeTestTask.executeRecursively(NodeTestTask.java:138)
	at org.junit.platform.engine.support.hierarchical.NodeTestTask.execute(NodeTestTask.java:95)
	at org.junit.platform.engine.support.hierarchical.SameThreadHierarchicalTestExecutorService.submit(SameThreadHierarchicalTestExecutorService.java:35)
	at org.junit.platform.engine.support.hierarchical.NodeTestTask$DefaultDynamicTestExecutor.execute(NodeTestTask.java:226)
	at org.junit.platform.engine.support.hierarchical.NodeTestTask$DefaultDynamicTestExecutor.execute(NodeTestTask.java:204)
	at java.base/java.util.Optional.ifPresent(Optional.java:178)
	at org.junit.jupiter.engine.descriptor.TestFactoryTestDescriptor.lambda$invokeTestMethod$1(TestFactoryTestDescriptor.java:108)
	at org.junit.platform.engine.support.hierarchical.ThrowableCollector.execute(ThrowableCollector.java:73)
	at org.junit.jupiter.engine.descriptor.TestFactoryTestDescriptor.invokeTestMethod(TestFactoryTestDescriptor.java:95)
	at org.junit.jupiter.engine.descriptor.TestMethodTestDescriptor.execute(TestMethodTestDescriptor.java:138)
	at org.junit.jupiter.engine.descriptor.TestMethodTestDescriptor.execute(TestMethodTestDescriptor.java:68)
	at org.junit.platform.engine.support.hierarchical.NodeTestTask.lambda$executeRecursively$6(NodeTestTask.java:151)
	at org.junit.platform.engine.support.hierarchical.ThrowableCollector.execute(ThrowableCollector.java:73)
	at org.junit.platform.engine.support.hierarchical.NodeTestTask.lambda$executeRecursively$8(NodeTestTask.java:141)
	at org.junit.platform.engine.support.hierarchical.Node.around(Node.java:137)
	at org.junit.platform.engine.support.hierarchical.NodeTestTask.lambda$executeRecursively$9(NodeTestTask.java:139)
	at org.junit.platform.engine.support.hierarchical.ThrowableCollector.execute(ThrowableCollector.java:73)
	at org.junit.platform.engine.support.hierarchical.NodeTestTask.executeRecursively(NodeTestTask.java:138)
	at org.junit.platform.engine.support.hierarchical.NodeTestTask.execute(NodeTestTask.java:95)
	at java.base/java.util.ArrayList.forEach(ArrayList.java:1511)
	at org.junit.platform.engine.support.hierarchical.SameThreadHierarchicalTestExecutorService.invokeAll(SameThreadHierarchicalTestExecutorService.java:41)
	at org.junit.platform.engine.support.hierarchical.NodeTestTask.lambda$executeRecursively$6(NodeTestTask.java:155)
	at org.junit.platform.engine.support.hierarchical.ThrowableCollector.execute(ThrowableCollector.java:73)
	at org.junit.platform.engine.support.hierarchical.NodeTestTask.lambda$executeRecursively$8(NodeTestTask.java:141)
	at org.junit.platform.engine.support.hierarchical.Node.around(Node.java:137)
	at org.junit.platform.engine.support.hierarchical.NodeTestTask.lambda$executeRecursively$9(NodeTestTask.java:139)
	at org.junit.platform.engine.support.hierarchical.ThrowableCollector.execute(ThrowableCollector.java:73)
	at org.junit.platform.engine.support.hierarchical.NodeTestTask.executeRecursively(NodeTestTask.java:138)
	at org.junit.platform.engine.support.hierarchical.NodeTestTask.execute(NodeTestTask.java:95)
	at java.base/java.util.ArrayList.forEach(ArrayList.java:1511)
	at org.junit.platform.engine.support.hierarchical.SameThreadHierarchicalTestExecutorService.invokeAll(SameThreadHierarchicalTestExecutorService.java:41)
	at org.junit.platform.engine.support.hierarchical.NodeTestTask.lambda$executeRecursively$6(NodeTestTask.java:155)
	at org.junit.platform.engine.support.hierarchical.ThrowableCollector.execute(ThrowableCollector.java:73)
	at org.junit.platform.engine.support.hierarchical.NodeTestTask.lambda$executeRecursively$8(NodeTestTask.java:141)
	at org.junit.platform.engine.support.hierarchical.Node.around(Node.java:137)
	at org.junit.platform.engine.support.hierarchical.NodeTestTask.lambda$executeRecursively$9(NodeTestTask.java:139)
	at org.junit.platform.engine.support.hierarchical.ThrowableCollector.execute(ThrowableCollector.java:73)
	at org.junit.platform.engine.support.hierarchical.NodeTestTask.executeRecursively(NodeTestTask.java:138)
	at org.junit.platform.engine.support.hierarchical.NodeTestTask.execute(NodeTestTask.java:95)
	at org.junit.platform.engine.support.hierarchical.SameThreadHierarchicalTestExecutorService.submit(SameThreadHierarchicalTestExecutorService.java:35)
	at org.junit.platform.engine.support.hierarchical.HierarchicalTestExecutor.execute(HierarchicalTestExecutor.java:57)
	at org.junit.platform.engine.support.hierarchical.HierarchicalTestEngine.execute(HierarchicalTestEngine.java:54)
	at org.junit.platform.launcher.core.EngineExecutionOrchestrator.execute(EngineExecutionOrchestrator.java:147)
	at org.junit.platform.launcher.core.EngineExecutionOrchestrator.execute(EngineExecutionOrchestrator.java:127)
	at org.junit.platform.launcher.core.EngineExecutionOrchestrator.execute(EngineExecutionOrchestrator.java:90)
	at org.junit.platform.launcher.core.EngineExecutionOrchestrator.lambda$execute$0(EngineExecutionOrchestrator.java:55)
	at org.junit.platform.launcher.core.EngineExecutionOrchestrator.withInterceptedStreams(EngineExecutionOrchestrator.java:102)
	at org.junit.platform.launcher.core.EngineExecutionOrchestrator.execute(EngineExecutionOrchestrator.java:54)
	at org.junit.platform.launcher.core.DefaultLauncher.execute(DefaultLauncher.java:114)
	at org.junit.platform.launcher.core.DefaultLauncher.execute(DefaultLauncher.java:86)
	at org.junit.platform.launcher.core.DefaultLauncherSession$DelegatingLauncher.execute(DefaultLauncherSession.java:86)
	at org.apache.maven.surefire.junitplatform.LazyLauncher.execute(LazyLauncher.java:56)
	at org.apache.maven.surefire.junitplatform.JUnitPlatformProvider.execute(JUnitPlatformProvider.java:184)
	at org.apache.maven.surefire.junitplatform.JUnitPlatformProvider.invokeAllTests(JUnitPlatformProvider.java:148)
	at org.apache.maven.surefire.junitplatform.JUnitPlatformProvider.invoke(JUnitPlatformProvider.java:122)
	at org.apache.maven.surefire.booter.ForkedBooter.runSuitesInProcess(ForkedBooter.java:385)
	at org.apache.maven.surefire.booter.ForkedBooter.execute(ForkedBooter.java:162)
	at org.apache.maven.surefire.booter.ForkedBooter.run(ForkedBooter.java:507)
	at org.apache.maven.surefire.booter.ForkedBooter.main(ForkedBooter.java:495)
]]></failure>
    <system-out><![CDATA[14:14:30.108 [main] DEBUG com.intuit.karate - key store key count for classpath:certificado/clientcert.cbiblian.internal 1.pfx: 1
14:14:30.125 [main] DEBUG com.jayway.jsonpath.internal.path.CompiledPath - Evaluating path: $
14:14:30.125 [main] DEBUG com.jayway.jsonpath.internal.path.CompiledPath - Evaluating path: $['Authorization']
14:14:30.125 [main] DEBUG com.jayway.jsonpath.internal.path.CompiledPath - Evaluating path: $
14:14:30.125 [main] DEBUG com.jayway.jsonpath.internal.path.CompiledPath - Evaluating path: $
14:14:30.125 [main] DEBUG com.jayway.jsonpath.internal.JsonContext - Put path $ key Authorization value {}
14:14:30.125 [main] DEBUG com.jayway.jsonpath.internal.path.CompiledPath - Evaluating path: $
14:14:30.125 [main] DEBUG com.jayway.jsonpath.internal.JsonContext - Put path $ key Authorization value Bearer eyJhbGciOiJSUzI1NiIsInR5cCIgOiAiSldUIiwia2lkIiA6ICI2dUJWTkN6VlViUFBlTFdReEM0WDAyYVM3UnM2UGRYV1dja1dfc0xZMHlFIn0.eyJleHAiOjE3NjExNjA3NTAsImlhdCI6MTc2MTE2MDQ1MCwianRpIjoidHJydGNjOjQ5Yjg0NDVjLTgzYTAtMjI4Ni02NDczLWE2ZGEzOTBhOWQ0YSIsImlzcyI6Imh0dHBzOi8vYXV0ZW50aWNhY2lvbnFhLmNvb25lY3RhLmNvbS5lYy9hdXRoL3JlYWxtcy9QQU5BUEFZIiwiYXVkIjoiYWNjb3VudCIsInN1YiI6Ijk5OGMyZmUwLTJjOGYtNGQwNC1iZjExLWY1OWExZTM5ODg3MyIsInR5cCI6IkJlYXJlciIsImF6cCI6IjAyMDVjYiIsImFjciI6IjEiLCJhbGxvd2VkLW9yaWdpbnMiOlsiLyoiXSwicmVhbG1fYWNjZXNzIjp7InJvbGVzIjpbImRlZmF1bHQtcm9sZXMtYWRtaW5wYW5hcGF5Iiwib2ZmbGluZV9hY2Nlc3MiLCJ1bWFfYXV0aG9yaXphdGlvbiJdfSwicmVzb3VyY2VfYWNjZXNzIjp7IjAyMDVjYiI6eyJyb2xlcyI6WyJ1bWFfcHJvdGVjdGlvbiJdfSwiYWNjb3VudCI6eyJyb2xlcyI6WyJtYW5hZ2UtYWNjb3VudCIsIm1hbmFnZS1hY2NvdW50LWxpbmtzIiwidmlldy1wcm9maWxlIl19fSwic2NvcGUiOiJwcm9maWxlIGVtYWlsIiwiZW1haWxfdmVyaWZpZWQiOmZhbHNlLCJjbGllbnRIb3N0IjoiMTAuMTAuMTAuMTUxIiwicHJlZmVycmVkX3VzZXJuYW1lIjoic2VydmljZS1hY2NvdW50LTAyMDVjYiIsImNsaWVudEFkZHJlc3MiOiIxMC4xMC4xMC4xNTEiLCJjbGllbnRfaWQiOiIwMjA1Y2IifQ.bATUogohrEqy7Voa4mFnsBzOnGy6tnjZGh_lOYRn-0hWXMY_fz-280nTu2Vv68eO3HeoewtWlt45S_iLI2-ml3pqpAlt3DXWVmLvVHw6d7TICHBfQsa0jGXMexKnyar7EinrVhF3deSK25Ap_ajC_82EvVvXrVG-7p9F1dEdq39y2R72JympejF5uhY_z_jNmqJSsnLEZVOo3WMJn76u9tTcYVIldC5uWGFWbPGEhvWPx4ZGpsuq_wrPOGdRmyJDFJPJl7LnLGHK0DBhuVtJUq_NFQkMus2fTTf_mWhRnoqNU-wUCS-fxMs6QusGzIVd-C3O29J3rerHTrGg21LAsQ
14:14:30.125 [main] DEBUG com.jayway.jsonpath.internal.path.CompiledPath - Evaluating path: $
14:14:30.142 [main] DEBUG com.jayway.jsonpath.internal.path.CompiledPath - Evaluating path: $
14:14:30.149 [main] DEBUG org.apache.http.client.protocol.RequestAddCookies - CookieSpec selected: karate
14:14:30.149 [main] DEBUG org.apache.http.client.protocol.RequestAuthCache - Auth cache not set in the context
14:14:30.149 [main] DEBUG com.intuit.karate - request:
1 > POST https://apipanapayqa.coonecta.com.ec/api/switchcentral/finan/transferencia
1 > Content-Type: application/json; charset=UTF-8
1 > Authorization: Bearer eyJhbGciOiJSUzI1NiIsInR5cCIgOiAiSldUIiwia2lkIiA6ICI2dUJWTkN6VlViUFBlTFdReEM0WDAyYVM3UnM2UGRYV1dja1dfc0xZMHlFIn0.eyJleHAiOjE3NjExNjA3NTAsImlhdCI6MTc2MTE2MDQ1MCwianRpIjoidHJydGNjOjQ5Yjg0NDVjLTgzYTAtMjI4Ni02NDczLWE2ZGEzOTBhOWQ0YSIsImlzcyI6Imh0dHBzOi8vYXV0ZW50aWNhY2lvbnFhLmNvb25lY3RhLmNvbS5lYy9hdXRoL3JlYWxtcy9QQU5BUEFZIiwiYXVkIjoiYWNjb3VudCIsInN1YiI6Ijk5OGMyZmUwLTJjOGYtNGQwNC1iZjExLWY1OWExZTM5ODg3MyIsInR5cCI6IkJlYXJlciIsImF6cCI6IjAyMDVjYiIsImFjciI6IjEiLCJhbGxvd2VkLW9yaWdpbnMiOlsiLyoiXSwicmVhbG1fYWNjZXNzIjp7InJvbGVzIjpbImRlZmF1bHQtcm9sZXMtYWRtaW5wYW5hcGF5Iiwib2ZmbGluZV9hY2Nlc3MiLCJ1bWFfYXV0aG9yaXphdGlvbiJdfSwicmVzb3VyY2VfYWNjZXNzIjp7IjAyMDVjYiI6eyJyb2xlcyI6WyJ1bWFfcHJvdGVjdGlvbiJdfSwiYWNjb3VudCI6eyJyb2xlcyI6WyJtYW5hZ2UtYWNjb3VudCIsIm1hbmFnZS1hY2NvdW50LWxpbmtzIiwidmlldy1wcm9maWxlIl19fSwic2NvcGUiOiJwcm9maWxlIGVtYWlsIiwiZW1haWxfdmVyaWZpZWQiOmZhbHNlLCJjbGllbnRIb3N0IjoiMTAuMTAuMTAuMTUxIiwicHJlZmVycmVkX3VzZXJuYW1lIjoic2VydmljZS1hY2NvdW50LTAyMDVjYiIsImNsaWVudEFkZHJlc3MiOiIxMC4xMC4xMC4xNTEiLCJjbGllbnRfaWQiOiIwMjA1Y2IifQ.bATUogohrEqy7Voa4mFnsBzOnGy6tnjZGh_lOYRn-0hWXMY_fz-280nTu2Vv68eO3HeoewtWlt45S_iLI2-ml3pqpAlt3DXWVmLvVHw6d7TICHBfQsa0jGXMexKnyar7EinrVhF3deSK25Ap_ajC_82EvVvXrVG-7p9F1dEdq39y2R72JympejF5uhY_z_jNmqJSsnLEZVOo3WMJn76u9tTcYVIldC5uWGFWbPGEhvWPx4ZGpsuq_wrPOGdRmyJDFJPJl7LnLGHK0DBhuVtJUq_NFQkMus2fTTf_mWhRnoqNU-wUCS-fxMs6QusGzIVd-C3O29J3rerHTrGg21LAsQ
1 > Content-Length: 509
1 > Host: apipanapayqa.coonecta.com.ec
1 > Connection: Keep-Alive
1 > User-Agent: Apache-HttpClient/4.5.14 (Java/17.0.12)
1 > Accept-Encoding: gzip,deflate
{"GrpHdr":{"msgId":"02052025102276025926486","creDtTm":"2025-10-22T14:14:30","nbOfTxs":1,"sttlmInf":{"sttlmMtd":"INGA"},"instgAgt":{"finInstnId":"0205"},"InstdAgt":{"FinInstnId":"0205"},"Mge":{"Type":"acmt.998.321.01"},"ChnlId":"APP"},"CdtTrfTxInf":{"PmtId":{"EndToEndId":"02052025102265146"},"IntrBkSttlmAmt":{"Amt":1,"Ccy":"USD"},"DbtrAcctId":{"IBAN":"EC0402051000000000020101002318"},"CdtrAcctId":{"IBAN":"EC0402051000000000020101002318"},"Prtry":{"CustRef":"QA22","ChanRef":"TERM001","AgtRef":"AGT0002"}}}

14:14:30.149 [main] DEBUG org.apache.http.impl.conn.PoolingHttpClientConnectionManager - Connection request: [route: {s}->https://apipanapayqa.coonecta.com.ec:443][total available: 0; route allocated: 0 of 5; total allocated: 0 of 10]
14:14:30.149 [main] DEBUG org.apache.http.impl.conn.PoolingHttpClientConnectionManager - Connection leased: [id: 3][route: {s}->https://apipanapayqa.coonecta.com.ec:443][total available: 0; route allocated: 1 of 5; total allocated: 1 of 10]
14:14:30.149 [main] DEBUG org.apache.http.impl.execchain.MainClientExec - Opening connection {s}->https://apipanapayqa.coonecta.com.ec:443
14:14:30.151 [main] DEBUG org.apache.http.impl.conn.DefaultHttpClientConnectionOperator - Connecting to apipanapayqa.coonecta.com.ec/10.1.0.133:443
14:14:30.151 [main] DEBUG org.apache.http.conn.ssl.SSLConnectionSocketFactory - Connecting socket to apipanapayqa.coonecta.com.ec/10.1.0.133:443 with timeout 30000
14:14:30.236 [main] DEBUG org.apache.http.conn.ssl.SSLConnectionSocketFactory - Enabled protocols: [TLSv1.3, TLSv1.2]
14:14:30.236 [main] DEBUG org.apache.http.conn.ssl.SSLConnectionSocketFactory - Enabled cipher suites:[TLS_AES_256_GCM_SHA384, TLS_AES_128_GCM_SHA256, TLS_CHACHA20_POLY1305_SHA256, TLS_ECDHE_ECDSA_WITH_AES_256_GCM_SHA384, TLS_ECDHE_ECDSA_WITH_AES_128_GCM_SHA256, TLS_ECDHE_ECDSA_WITH_CHACHA20_POLY1305_SHA256, TLS_ECDHE_RSA_WITH_AES_256_GCM_SHA384, TLS_ECDHE_RSA_WITH_CHACHA20_POLY1305_SHA256, TLS_ECDHE_RSA_WITH_AES_128_GCM_SHA256, TLS_DHE_RSA_WITH_AES_256_GCM_SHA384, TLS_DHE_RSA_WITH_CHACHA20_POLY1305_SHA256, TLS_DHE_DSS_WITH_AES_256_GCM_SHA384, TLS_DHE_RSA_WITH_AES_128_GCM_SHA256, TLS_DHE_DSS_WITH_AES_128_GCM_SHA256, TLS_ECDHE_ECDSA_WITH_AES_256_CBC_SHA384, TLS_ECDHE_RSA_WITH_AES_256_CBC_SHA384, TLS_ECDHE_ECDSA_WITH_AES_128_CBC_SHA256, TLS_ECDHE_RSA_WITH_AES_128_CBC_SHA256, TLS_DHE_RSA_WITH_AES_256_CBC_SHA256, TLS_DHE_DSS_WITH_AES_256_CBC_SHA256, TLS_DHE_RSA_WITH_AES_128_CBC_SHA256, TLS_DHE_DSS_WITH_AES_128_CBC_SHA256, TLS_ECDH_ECDSA_WITH_AES_256_GCM_SHA384, TLS_ECDH_RSA_WITH_AES_256_GCM_SHA384, TLS_ECDH_ECDSA_WITH_AES_128_GCM_SHA256, TLS_ECDH_RSA_WITH_AES_128_GCM_SHA256, TLS_ECDH_ECDSA_WITH_AES_256_CBC_SHA384, TLS_ECDH_RSA_WITH_AES_256_CBC_SHA384, TLS_ECDH_ECDSA_WITH_AES_128_CBC_SHA256, TLS_ECDH_RSA_WITH_AES_128_CBC_SHA256, TLS_ECDHE_ECDSA_WITH_AES_256_CBC_SHA, TLS_ECDHE_RSA_WITH_AES_256_CBC_SHA, TLS_ECDHE_ECDSA_WITH_AES_128_CBC_SHA, TLS_ECDHE_RSA_WITH_AES_128_CBC_SHA, TLS_DHE_RSA_WITH_AES_256_CBC_SHA, TLS_DHE_DSS_WITH_AES_256_CBC_SHA, TLS_DHE_RSA_WITH_AES_128_CBC_SHA, TLS_DHE_DSS_WITH_AES_128_CBC_SHA, TLS_ECDH_ECDSA_WITH_AES_256_CBC_SHA, TLS_ECDH_RSA_WITH_AES_256_CBC_SHA, TLS_ECDH_ECDSA_WITH_AES_128_CBC_SHA, TLS_ECDH_RSA_WITH_AES_128_CBC_SHA, TLS_RSA_WITH_AES_256_GCM_SHA384, TLS_RSA_WITH_AES_128_GCM_SHA256, TLS_RSA_WITH_AES_256_CBC_SHA256, TLS_RSA_WITH_AES_128_CBC_SHA256, TLS_RSA_WITH_AES_256_CBC_SHA, TLS_RSA_WITH_AES_128_CBC_SHA, TLS_EMPTY_RENEGOTIATION_INFO_SCSV]
14:14:30.236 [main] DEBUG org.apache.http.conn.ssl.SSLConnectionSocketFactory - Starting handshake
14:14:30.436 [main] DEBUG org.apache.http.conn.ssl.SSLConnectionSocketFactory - Secure session established
14:14:30.436 [main] DEBUG org.apache.http.conn.ssl.SSLConnectionSocketFactory -  negotiated protocol: TLSv1.3
14:14:30.436 [main] DEBUG org.apache.http.conn.ssl.SSLConnectionSocketFactory -  negotiated cipher suite: TLS_AES_256_GCM_SHA384
14:14:30.436 [main] DEBUG org.apache.http.conn.ssl.SSLConnectionSocketFactory -  peer principal: CN=apipanapayqa.coonecta.com.ec, O=Red Transaccional Cooperativa S.A. RTC, L=Quito, ST=Pichincha, C=EC
14:14:30.436 [main] DEBUG org.apache.http.conn.ssl.SSLConnectionSocketFactory -  peer alternative names: [apipanapayqa.coonecta.com.ec]
14:14:30.436 [main] DEBUG org.apache.http.conn.ssl.SSLConnectionSocketFactory -  issuer principal: CN=DigiCert Global G2 TLS RSA SHA256 2020 CA1, O=DigiCert Inc, C=US
14:14:30.436 [main] DEBUG org.apache.http.impl.conn.DefaultHttpClientConnectionOperator - Connection established 10.10.10.151:54130<->10.1.0.133:443
14:14:30.436 [main] DEBUG org.apache.http.impl.conn.DefaultManagedHttpClientConnection - http-outgoing-3: set socket timeout to 30000
14:14:30.436 [main] DEBUG org.apache.http.impl.execchain.MainClientExec - Executing request POST /api/switchcentral/finan/transferencia HTTP/1.1
14:14:30.436 [main] DEBUG org.apache.http.impl.execchain.MainClientExec - Proxy auth state: UNCHALLENGED
14:14:30.439 [main] DEBUG org.apache.http.headers - http-outgoing-3 >> POST /api/switchcentral/finan/transferencia HTTP/1.1
14:14:30.439 [main] DEBUG org.apache.http.headers - http-outgoing-3 >> Content-Type: application/json; charset=UTF-8
14:14:30.439 [main] DEBUG org.apache.http.headers - http-outgoing-3 >> Authorization: Bearer eyJhbGciOiJSUzI1NiIsInR5cCIgOiAiSldUIiwia2lkIiA6ICI2dUJWTkN6VlViUFBlTFdReEM0WDAyYVM3UnM2UGRYV1dja1dfc0xZMHlFIn0.eyJleHAiOjE3NjExNjA3NTAsImlhdCI6MTc2MTE2MDQ1MCwianRpIjoidHJydGNjOjQ5Yjg0NDVjLTgzYTAtMjI4Ni02NDczLWE2ZGEzOTBhOWQ0YSIsImlzcyI6Imh0dHBzOi8vYXV0ZW50aWNhY2lvbnFhLmNvb25lY3RhLmNvbS5lYy9hdXRoL3JlYWxtcy9QQU5BUEFZIiwiYXVkIjoiYWNjb3VudCIsInN1YiI6Ijk5OGMyZmUwLTJjOGYtNGQwNC1iZjExLWY1OWExZTM5ODg3MyIsInR5cCI6IkJlYXJlciIsImF6cCI6IjAyMDVjYiIsImFjciI6IjEiLCJhbGxvd2VkLW9yaWdpbnMiOlsiLyoiXSwicmVhbG1fYWNjZXNzIjp7InJvbGVzIjpbImRlZmF1bHQtcm9sZXMtYWRtaW5wYW5hcGF5Iiwib2ZmbGluZV9hY2Nlc3MiLCJ1bWFfYXV0aG9yaXphdGlvbiJdfSwicmVzb3VyY2VfYWNjZXNzIjp7IjAyMDVjYiI6eyJyb2xlcyI6WyJ1bWFfcHJvdGVjdGlvbiJdfSwiYWNjb3VudCI6eyJyb2xlcyI6WyJtYW5hZ2UtYWNjb3VudCIsIm1hbmFnZS1hY2NvdW50LWxpbmtzIiwidmlldy1wcm9maWxlIl19fSwic2NvcGUiOiJwcm9maWxlIGVtYWlsIiwiZW1haWxfdmVyaWZpZWQiOmZhbHNlLCJjbGllbnRIb3N0IjoiMTAuMTAuMTAuMTUxIiwicHJlZmVycmVkX3VzZXJuYW1lIjoic2VydmljZS1hY2NvdW50LTAyMDVjYiIsImNsaWVudEFkZHJlc3MiOiIxMC4xMC4xMC4xNTEiLCJjbGllbnRfaWQiOiIwMjA1Y2IifQ.bATUogohrEqy7Voa4mFnsBzOnGy6tnjZGh_lOYRn-0hWXMY_fz-280nTu2Vv68eO3HeoewtWlt45S_iLI2-ml3pqpAlt3DXWVmLvVHw6d7TICHBfQsa0jGXMexKnyar7EinrVhF3deSK25Ap_ajC_82EvVvXrVG-7p9F1dEdq39y2R72JympejF5uhY_z_jNmqJSsnLEZVOo3WMJn76u9tTcYVIldC5uWGFWbPGEhvWPx4ZGpsuq_wrPOGdRmyJDFJPJl7LnLGHK0DBhuVtJUq_NFQkMus2fTTf_mWhRnoqNU-wUCS-fxMs6QusGzIVd-C3O29J3rerHTrGg21LAsQ
14:14:30.439 [main] DEBUG org.apache.http.headers - http-outgoing-3 >> Content-Length: 509
14:14:30.439 [main] DEBUG org.apache.http.headers - http-outgoing-3 >> Host: apipanapayqa.coonecta.com.ec
14:14:30.439 [main] DEBUG org.apache.http.headers - http-outgoing-3 >> Connection: Keep-Alive
14:14:30.439 [main] DEBUG org.apache.http.headers - http-outgoing-3 >> User-Agent: Apache-HttpClient/4.5.14 (Java/17.0.12)
14:14:30.439 [main] DEBUG org.apache.http.headers - http-outgoing-3 >> Accept-Encoding: gzip,deflate
14:14:30.439 [main] DEBUG org.apache.http.wire - http-outgoing-3 >> "POST /api/switchcentral/finan/transferencia HTTP/1.1[\r][\n]"
14:14:30.439 [main] DEBUG org.apache.http.wire - http-outgoing-3 >> "Content-Type: application/json; charset=UTF-8[\r][\n]"
14:14:30.439 [main] DEBUG org.apache.http.wire - http-outgoing-3 >> "Authorization: Bearer eyJhbGciOiJSUzI1NiIsInR5cCIgOiAiSldUIiwia2lkIiA6ICI2dUJWTkN6VlViUFBlTFdReEM0WDAyYVM3UnM2UGRYV1dja1dfc0xZMHlFIn0.eyJleHAiOjE3NjExNjA3NTAsImlhdCI6MTc2MTE2MDQ1MCwianRpIjoidHJydGNjOjQ5Yjg0NDVjLTgzYTAtMjI4Ni02NDczLWE2ZGEzOTBhOWQ0YSIsImlzcyI6Imh0dHBzOi8vYXV0ZW50aWNhY2lvbnFhLmNvb25lY3RhLmNvbS5lYy9hdXRoL3JlYWxtcy9QQU5BUEFZIiwiYXVkIjoiYWNjb3VudCIsInN1YiI6Ijk5OGMyZmUwLTJjOGYtNGQwNC1iZjExLWY1OWExZTM5ODg3MyIsInR5cCI6IkJlYXJlciIsImF6cCI6IjAyMDVjYiIsImFjciI6IjEiLCJhbGxvd2VkLW9yaWdpbnMiOlsiLyoiXSwicmVhbG1fYWNjZXNzIjp7InJvbGVzIjpbImRlZmF1bHQtcm9sZXMtYWRtaW5wYW5hcGF5Iiwib2ZmbGluZV9hY2Nlc3MiLCJ1bWFfYXV0aG9yaXphdGlvbiJdfSwicmVzb3VyY2VfYWNjZXNzIjp7IjAyMDVjYiI6eyJyb2xlcyI6WyJ1bWFfcHJvdGVjdGlvbiJdfSwiYWNjb3VudCI6eyJyb2xlcyI6WyJtYW5hZ2UtYWNjb3VudCIsIm1hbmFnZS1hY2NvdW50LWxpbmtzIiwidmlldy1wcm9maWxlIl19fSwic2NvcGUiOiJwcm9maWxlIGVtYWlsIiwiZW1haWxfdmVyaWZpZWQiOmZhbHNlLCJjbGllbnRIb3N0IjoiMTAuMTAuMTAuMTUxIiwicHJlZmVycmVkX3VzZXJuYW1lIjoic2VydmljZS1hY2NvdW50LTAyMDVjYiIsImNsaWVudEFkZHJlc3MiOiIxMC4xMC4xMC4xNTEiLCJjbGllbnRfaWQiOiIwMjA1Y2IifQ.bATUogohrEqy7Voa4mFnsBzOnGy6tnjZGh_lOYRn-0hWXMY_fz-280nTu2Vv68eO3HeoewtWlt45S_iLI2-ml3pqpAlt3DXWVmLvVHw6d7TICHBfQsa0jGXMexKnyar7EinrVhF3deSK25Ap_ajC_82EvVvXrVG-7p9F1dEdq39y2R72JympejF5uhY_z_jNmqJSsnLEZVOo3WMJn76u9tTcYVIldC5uWGFWbPGEhvWPx4ZGpsuq_wrPOGdRmyJDFJPJl7LnLGHK0DBhuVtJUq_NFQkMus2fTTf_mWhRnoqNU-wUCS-fxMs6QusGzIVd-C3O29J3rerHTrGg21LAsQ[\r][\n]"
14:14:30.439 [main] DEBUG org.apache.http.wire - http-outgoing-3 >> "Content-Length: 509[\r][\n]"
14:14:30.439 [main] DEBUG org.apache.http.wire - http-outgoing-3 >> "Host: apipanapayqa.coonecta.com.ec[\r][\n]"
14:14:30.439 [main] DEBUG org.apache.http.wire - http-outgoing-3 >> "Connection: Keep-Alive[\r][\n]"
14:14:30.439 [main] DEBUG org.apache.http.wire - http-outgoing-3 >> "User-Agent: Apache-HttpClient/4.5.14 (Java/17.0.12)[\r][\n]"
14:14:30.439 [main] DEBUG org.apache.http.wire - http-outgoing-3 >> "Accept-Encoding: gzip,deflate[\r][\n]"
14:14:30.439 [main] DEBUG org.apache.http.wire - http-outgoing-3 >> "[\r][\n]"
14:14:30.439 [main] DEBUG org.apache.http.wire - http-outgoing-3 >> "{"GrpHdr":{"msgId":"02052025102276025926486","creDtTm":"2025-10-22T14:14:30","nbOfTxs":1,"sttlmInf":{"sttlmMtd":"INGA"},"instgAgt":{"finInstnId":"0205"},"InstdAgt":{"FinInstnId":"0205"},"Mge":{"Type":"acmt.998.321.01"},"ChnlId":"APP"},"CdtTrfTxInf":{"PmtId":{"EndToEndId":"02052025102265146"},"IntrBkSttlmAmt":{"Amt":1,"Ccy":"USD"},"DbtrAcctId":{"IBAN":"EC0402051000000000020101002318"},"CdtrAcctId":{"IBAN":"EC0402051000000000020101002318"},"Prtry":{"CustRef":"QA22","ChanRef":"TERM001","AgtRef":"AGT0002"}}}"
14:14:31.749 [main] DEBUG org.apache.http.wire - http-outgoing-3 << "HTTP/1.1 400 Bad Request[\r][\n]"
14:14:31.749 [main] DEBUG org.apache.http.wire - http-outgoing-3 << "Date: Wed, 22 Oct 2025 19:14:22 GMT[\r][\n]"
14:14:31.749 [main] DEBUG org.apache.http.wire - http-outgoing-3 << "Content-Type: application/json; charset=utf-8[\r][\n]"
14:14:31.749 [main] DEBUG org.apache.http.wire - http-outgoing-3 << "Transfer-Encoding: chunked[\r][\n]"
14:14:31.749 [main] DEBUG org.apache.http.wire - http-outgoing-3 << "Connection: keep-alive[\r][\n]"
14:14:31.749 [main] DEBUG org.apache.http.wire - http-outgoing-3 << "Server: Kestrel[\r][\n]"
14:14:31.749 [main] DEBUG org.apache.http.wire - http-outgoing-3 << "Set-Cookie: ARRAffinity=135f536e0d078a815c3b83fda3468ab8a3a2abc604a35eefb28648d3961cfa9b;Path=/;HttpOnly;Secure;Domain=app-apipanapay-qa.azurewebsites.net[\r][\n]"
14:14:31.749 [main] DEBUG org.apache.http.wire - http-outgoing-3 << "Set-Cookie: ARRAffinitySameSite=135f536e0d078a815c3b83fda3468ab8a3a2abc604a35eefb28648d3961cfa9b;Path=/;HttpOnly;SameSite=None;Secure;Domain=app-apipanapay-qa.azurewebsites.net[\r][\n]"
14:14:31.749 [main] DEBUG org.apache.http.wire - http-outgoing-3 << "Request-Context: appId=cid-v1:a7a77847-2713-450f-9030-b350a2d54a28[\r][\n]"
14:14:31.749 [main] DEBUG org.apache.http.wire - http-outgoing-3 << "X-Powered-By: ASP.NET[\r][\n]"
14:14:31.749 [main] DEBUG org.apache.http.wire - http-outgoing-3 << "X-ARR-ClientCert: -----BEGIN%20CERTIFICATE-----%0AMIIEHDCCAgSgAwIBAgIUZIZBO0fb7VZ4KXrs01S4RYbWyJ8wDQYJKoZIhvcNAQEL%0ABQAwJTEjMCEGA1UEAwwacm9vdGNlcnQuY2JpYmxpYW4uaW50ZXJuYWwwHhcNMjUw%0AODEzMTMyNTU5WhcNMjgwODEyMTMyNTU5WjAnMSUwIwYDVQQDDBxjbGllbnRjZXJ0%0ALmNiaWJsaWFuLmludGVybmFsMIIBIjANBgkqhkiG9w0BAQEFAAOCAQ8AMIIBCgKC%0AAQEAskUDap6NmyYq8RT6F7z3DpZGQiflNQTvUT84TmxsKXEBRAkgINnkJqgKkd7f%0ASEybzqglQTbr4s41lCiPsy3X66qYjU2L%2Bojhni%2BOCVOX7n3JBYovL%2FqfMP3%2FkhZP%0AQIlK%2FQWPcrnl39fYkGOQv%2BYqoCGEPzGkib2m1Ma5Q1HOCKh1ErMjqTLGy%2ByJj6JY%0AiZvMx3YrJSvjUS0uKpNwxPtGyiexRfKsmR%2FHqPzRHa0iY%2B752KSgUedwJPv1Wod%2B%0AY9BMAMIdU25UtkUEsaOYtorGWDaZSn2Bl0LYmP87kjcYypnHx0jtPtUCXfVHrE6u%0AZnDRFYsZbeXylY3mJkyOL2DzZwIDAQABo0IwQDAdBgNVHQ4EFgQURPhJwTAcUWUp%0ArOqQO68P%2FbJoqjMwHwYDVR0jBBgwFoAU7GdlxoSeEXucEXhjadHRC9xzS0UwDQYJ%0AKoZIhvcNAQELBQADggIBAGTnlyF2n%2F6s9phYbO8V17niO0BXB62ToX6gPhcw9f3y%0AhMui6RnrM1oiHlBWqZquCqYJ5ETvYJE1RqvoqtGysxCnIj0OTJHV4WtF3SHsd1Tu%0ATg%2B%2FUnGivtBTDQxj9sbAtCaSYRBqPByP8jvSTDgXR1mgOrEGjr2PZdZSoKLj4OHi%0A9UCMJw7pJsyA4lbroKshQTYv5Ks5SqtJpdp0%2BUX0UUlbPJqXiadfbKdoXvEgcwbP%0ACqR9v7kGYmNxfaGLNGVrV%2BnLawIDmdYXJE%2F4WJh6sHfiZxEsE%2BB4PoKADrb1Eapt%0AnSdHUgRfc0i5f2lcmErnU8nCMO5TWdHFOgpYwTS8w17FhNFZpaSmyZKM7uHcUs7y%0AUbuiQtdXocfSSMf%2FeycBEU%2FHAVIWQEqY%2BbJdC0q%2FR%2BsESeBtXd4IEIxR0QfgscGk%0AJyCSFC8z%2FvCgrRsH5rePqKO7%2FLAsDTP4GIQNFNfF4Wh6bsPXuJmvvoMcnmy%2F58Wo%0AE0XaG8UPHVAeyEmhncdM32E7SJbR91aRr2CkV23OoUz%2BwKG2%2FuObHmAkuMkCbbcz%0AJQoC7DZg5FGw%2BZR7v1DIBct5QNJQ8bG%2FXGRxjWC6dU7jrGhOF1X%2B2YYcdx9XnwyM%0A9YPxUy5bVfMhIiKP2wEso5fjOZ4RTvnB5R6zD3maJK%2FtZAXVhtyqXSkBYFi4MvEs%0A-----END%20CERTIFICATE-----%0A[\r][\n]"
14:14:31.749 [main] DEBUG org.apache.http.wire - http-outgoing-3 << "[\r][\n]"
14:14:31.749 [main] DEBUG org.apache.http.wire - http-outgoing-3 << "1d4[\r][\n]"
14:14:31.749 [main] DEBUG org.apache.http.wire - http-outgoing-3 << "{"GrpHdr":{"MsgId":"000020251022020356","CreDtTm":"2025-10-22T14:14:23","NbOfTxs":1,"SttlmInf":{"SttlmMtd":"INGA"},"InstgAgt":{"FinInstnId":"0205"},"InstdAgt":{"FinInstnId":"0205"},"Mge":{"Type":"acmt.998.322.001"},"ChnlId":"APP"},"CdtTrfTxInf":{"OrgnGrpInf":{"OrgnlMsgId":"02052025102276025926486","OrgnlMgeType":"acmt.998.321.01","OrgnlCreDtTm":"2025-10-22T14:14:30"},"TxSts":"ERR","Rsn":{"RsnCd":"6005","AddtlInf":"Ambos IBAN son iguales."},"SttlmDt":"2025-10-22"}}[\r][\n]"
14:14:31.749 [main] DEBUG org.apache.http.wire - http-outgoing-3 << "0[\r][\n]"
14:14:31.749 [main] DEBUG org.apache.http.wire - http-outgoing-3 << "[\r][\n]"
14:14:31.749 [main] DEBUG org.apache.http.headers - http-outgoing-3 << HTTP/1.1 400 Bad Request
14:14:31.749 [main] DEBUG org.apache.http.headers - http-outgoing-3 << Date: Wed, 22 Oct 2025 19:14:22 GMT
14:14:31.749 [main] DEBUG org.apache.http.headers - http-outgoing-3 << Content-Type: application/json; charset=utf-8
14:14:31.749 [main] DEBUG org.apache.http.headers - http-outgoing-3 << Transfer-Encoding: chunked
14:14:31.749 [main] DEBUG org.apache.http.headers - http-outgoing-3 << Connection: keep-alive
14:14:31.749 [main] DEBUG org.apache.http.headers - http-outgoing-3 << Server: Kestrel
14:14:31.749 [main] DEBUG org.apache.http.headers - http-outgoing-3 << Set-Cookie: ARRAffinity=135f536e0d078a815c3b83fda3468ab8a3a2abc604a35eefb28648d3961cfa9b;Path=/;HttpOnly;Secure;Domain=app-apipanapay-qa.azurewebsites.net
14:14:31.749 [main] DEBUG org.apache.http.headers - http-outgoing-3 << Set-Cookie: ARRAffinitySameSite=135f536e0d078a815c3b83fda3468ab8a3a2abc604a35eefb28648d3961cfa9b;Path=/;HttpOnly;SameSite=None;Secure;Domain=app-apipanapay-qa.azurewebsites.net
14:14:31.749 [main] DEBUG org.apache.http.headers - http-outgoing-3 << Request-Context: appId=cid-v1:a7a77847-2713-450f-9030-b350a2d54a28
14:14:31.749 [main] DEBUG org.apache.http.headers - http-outgoing-3 << X-Powered-By: ASP.NET
14:14:31.749 [main] DEBUG org.apache.http.headers - http-outgoing-3 << X-ARR-ClientCert: -----BEGIN%20CERTIFICATE-----%0AMIIEHDCCAgSgAwIBAgIUZIZBO0fb7VZ4KXrs01S4RYbWyJ8wDQYJKoZIhvcNAQEL%0ABQAwJTEjMCEGA1UEAwwacm9vdGNlcnQuY2JpYmxpYW4uaW50ZXJuYWwwHhcNMjUw%0AODEzMTMyNTU5WhcNMjgwODEyMTMyNTU5WjAnMSUwIwYDVQQDDBxjbGllbnRjZXJ0%0ALmNiaWJsaWFuLmludGVybmFsMIIBIjANBgkqhkiG9w0BAQEFAAOCAQ8AMIIBCgKC%0AAQEAskUDap6NmyYq8RT6F7z3DpZGQiflNQTvUT84TmxsKXEBRAkgINnkJqgKkd7f%0ASEybzqglQTbr4s41lCiPsy3X66qYjU2L%2Bojhni%2BOCVOX7n3JBYovL%2FqfMP3%2FkhZP%0AQIlK%2FQWPcrnl39fYkGOQv%2BYqoCGEPzGkib2m1Ma5Q1HOCKh1ErMjqTLGy%2ByJj6JY%0AiZvMx3YrJSvjUS0uKpNwxPtGyiexRfKsmR%2FHqPzRHa0iY%2B752KSgUedwJPv1Wod%2B%0AY9BMAMIdU25UtkUEsaOYtorGWDaZSn2Bl0LYmP87kjcYypnHx0jtPtUCXfVHrE6u%0AZnDRFYsZbeXylY3mJkyOL2DzZwIDAQABo0IwQDAdBgNVHQ4EFgQURPhJwTAcUWUp%0ArOqQO68P%2FbJoqjMwHwYDVR0jBBgwFoAU7GdlxoSeEXucEXhjadHRC9xzS0UwDQYJ%0AKoZIhvcNAQELBQADggIBAGTnlyF2n%2F6s9phYbO8V17niO0BXB62ToX6gPhcw9f3y%0AhMui6RnrM1oiHlBWqZquCqYJ5ETvYJE1RqvoqtGysxCnIj0OTJHV4WtF3SHsd1Tu%0ATg%2B%2FUnGivtBTDQxj9sbAtCaSYRBqPByP8jvSTDgXR1mgOrEGjr2PZdZSoKLj4OHi%0A9UCMJw7pJsyA4lbroKshQTYv5Ks5SqtJpdp0%2BUX0UUlbPJqXiadfbKdoXvEgcwbP%0ACqR9v7kGYmNxfaGLNGVrV%2BnLawIDmdYXJE%2F4WJh6sHfiZxEsE%2BB4PoKADrb1Eapt%0AnSdHUgRfc0i5f2lcmErnU8nCMO5TWdHFOgpYwTS8w17FhNFZpaSmyZKM7uHcUs7y%0AUbuiQtdXocfSSMf%2FeycBEU%2FHAVIWQEqY%2BbJdC0q%2FR%2BsESeBtXd4IEIxR0QfgscGk%0AJyCSFC8z%2FvCgrRsH5rePqKO7%2FLAsDTP4GIQNFNfF4Wh6bsPXuJmvvoMcnmy%2F58Wo%0AE0XaG8UPHVAeyEmhncdM32E7SJbR91aRr2CkV23OoUz%2BwKG2%2FuObHmAkuMkCbbcz%0AJQoC7DZg5FGw%2BZR7v1DIBct5QNJQ8bG%2FXGRxjWC6dU7jrGhOF1X%2B2YYcdx9XnwyM%0A9YPxUy5bVfMhIiKP2wEso5fjOZ4RTvnB5R6zD3maJK%2FtZAXVhtyqXSkBYFi4MvEs%0A-----END%20CERTIFICATE-----%0A
14:14:31.749 [main] DEBUG org.apache.http.impl.execchain.MainClientExec - Connection can be kept alive indefinitely
14:14:31.749 [main] DEBUG org.apache.http.client.protocol.ResponseProcessCookies - Cookie accepted [ARRAffinity="135f536e0d078a815c3b83fda3468ab8a3a2abc604a35eefb28648d3961cfa9b", version:0, domain:app-apipanapay-qa.azurewebsites.net, path:/, expiry:null]
14:14:31.749 [main] DEBUG org.apache.http.client.protocol.ResponseProcessCookies - Cookie accepted [ARRAffinitySameSite="135f536e0d078a815c3b83fda3468ab8a3a2abc604a35eefb28648d3961cfa9b", version:0, domain:app-apipanapay-qa.azurewebsites.net, path:/, expiry:null]
14:14:31.749 [main] DEBUG org.apache.http.impl.conn.PoolingHttpClientConnectionManager - Connection [id: 3][route: {s}->https://apipanapayqa.coonecta.com.ec:443][state: CN=clientcert.cbiblian.internal] can be kept alive indefinitely
14:14:31.749 [main] DEBUG org.apache.http.impl.conn.DefaultManagedHttpClientConnection - http-outgoing-3: set socket timeout to 0
14:14:31.749 [main] DEBUG org.apache.http.impl.conn.PoolingHttpClientConnectionManager - Connection released: [id: 3][route: {s}->https://apipanapayqa.coonecta.com.ec:443][state: CN=clientcert.cbiblian.internal][total available: 1; route allocated: 1 of 5; total allocated: 1 of 10]
14:14:31.749 [main] DEBUG org.apache.http.impl.conn.PoolingHttpClientConnectionManager - Connection manager is shutting down
14:14:31.749 [main] DEBUG org.apache.http.impl.conn.DefaultManagedHttpClientConnection - http-outgoing-3: Close connection
14:14:31.749 [main] DEBUG org.apache.http.impl.conn.PoolingHttpClientConnectionManager - Connection manager shut down
14:14:31.749 [main] DEBUG com.intuit.karate - response time in milliseconds: 1600
1 < 400
1 < Date: Wed, 22 Oct 2025 19:14:22 GMT
1 < Content-Type: application/json; charset=utf-8
1 < Transfer-Encoding: chunked
1 < Connection: keep-alive
1 < Server: Kestrel
1 < Set-Cookie: ARRAffinity=135f536e0d078a815c3b83fda3468ab8a3a2abc604a35eefb28648d3961cfa9b;Path=/;HttpOnly;Secure;Domain=app-apipanapay-qa.azurewebsites.net
1 < Set-Cookie: ARRAffinitySameSite=135f536e0d078a815c3b83fda3468ab8a3a2abc604a35eefb28648d3961cfa9b;Path=/;HttpOnly;SameSite=None;Secure;Domain=app-apipanapay-qa.azurewebsites.net
1 < Request-Context: appId=cid-v1:a7a77847-2713-450f-9030-b350a2d54a28
1 < X-Powered-By: ASP.NET
1 < X-ARR-ClientCert: -----BEGIN%20CERTIFICATE-----%0AMIIEHDCCAgSgAwIBAgIUZIZBO0fb7VZ4KXrs01S4RYbWyJ8wDQYJKoZIhvcNAQEL%0ABQAwJTEjMCEGA1UEAwwacm9vdGNlcnQuY2JpYmxpYW4uaW50ZXJuYWwwHhcNMjUw%0AODEzMTMyNTU5WhcNMjgwODEyMTMyNTU5WjAnMSUwIwYDVQQDDBxjbGllbnRjZXJ0%0ALmNiaWJsaWFuLmludGVybmFsMIIBIjANBgkqhkiG9w0BAQEFAAOCAQ8AMIIBCgKC%0AAQEAskUDap6NmyYq8RT6F7z3DpZGQiflNQTvUT84TmxsKXEBRAkgINnkJqgKkd7f%0ASEybzqglQTbr4s41lCiPsy3X66qYjU2L%2Bojhni%2BOCVOX7n3JBYovL%2FqfMP3%2FkhZP%0AQIlK%2FQWPcrnl39fYkGOQv%2BYqoCGEPzGkib2m1Ma5Q1HOCKh1ErMjqTLGy%2ByJj6JY%0AiZvMx3YrJSvjUS0uKpNwxPtGyiexRfKsmR%2FHqPzRHa0iY%2B752KSgUedwJPv1Wod%2B%0AY9BMAMIdU25UtkUEsaOYtorGWDaZSn2Bl0LYmP87kjcYypnHx0jtPtUCXfVHrE6u%0AZnDRFYsZbeXylY3mJkyOL2DzZwIDAQABo0IwQDAdBgNVHQ4EFgQURPhJwTAcUWUp%0ArOqQO68P%2FbJoqjMwHwYDVR0jBBgwFoAU7GdlxoSeEXucEXhjadHRC9xzS0UwDQYJ%0AKoZIhvcNAQELBQADggIBAGTnlyF2n%2F6s9phYbO8V17niO0BXB62ToX6gPhcw9f3y%0AhMui6RnrM1oiHlBWqZquCqYJ5ETvYJE1RqvoqtGysxCnIj0OTJHV4WtF3SHsd1Tu%0ATg%2B%2FUnGivtBTDQxj9sbAtCaSYRBqPByP8jvSTDgXR1mgOrEGjr2PZdZSoKLj4OHi%0A9UCMJw7pJsyA4lbroKshQTYv5Ks5SqtJpdp0%2BUX0UUlbPJqXiadfbKdoXvEgcwbP%0ACqR9v7kGYmNxfaGLNGVrV%2BnLawIDmdYXJE%2F4WJh6sHfiZxEsE%2BB4PoKADrb1Eapt%0AnSdHUgRfc0i5f2lcmErnU8nCMO5TWdHFOgpYwTS8w17FhNFZpaSmyZKM7uHcUs7y%0AUbuiQtdXocfSSMf%2FeycBEU%2FHAVIWQEqY%2BbJdC0q%2FR%2BsESeBtXd4IEIxR0QfgscGk%0AJyCSFC8z%2FvCgrRsH5rePqKO7%2FLAsDTP4GIQNFNfF4Wh6bsPXuJmvvoMcnmy%2F58Wo%0AE0XaG8UPHVAeyEmhncdM32E7SJbR91aRr2CkV23OoUz%2BwKG2%2FuObHmAkuMkCbbcz%0AJQoC7DZg5FGw%2BZR7v1DIBct5QNJQ8bG%2FXGRxjWC6dU7jrGhOF1X%2B2YYcdx9XnwyM%0A9YPxUy5bVfMhIiKP2wEso5fjOZ4RTvnB5R6zD3maJK%2FtZAXVhtyqXSkBYFi4MvEs%0A-----END%20CERTIFICATE-----%0A
{"GrpHdr":{"MsgId":"000020251022020356","CreDtTm":"2025-10-22T14:14:23","NbOfTxs":1,"SttlmInf":{"SttlmMtd":"INGA"},"InstgAgt":{"FinInstnId":"0205"},"InstdAgt":{"FinInstnId":"0205"},"Mge":{"Type":"acmt.998.322.001"},"ChnlId":"APP"},"CdtTrfTxInf":{"OrgnGrpInf":{"OrgnlMsgId":"02052025102276025926486","OrgnlMgeType":"acmt.998.321.01","OrgnlCreDtTm":"2025-10-22T14:14:30"},"TxSts":"ERR","Rsn":{"RsnCd":"6005","AddtlInf":"Ambos IBAN son iguales."},"SttlmDt":"2025-10-22"}}

14:14:31.757 [main] ERROR com.intuit.karate - classpath:Transferencia.feature:187
Then match responseStatus in normalizedStatus
no step-definition method match found for: match responseStatus in normalizedStatus
classpath:Transferencia.feature:187
]]></system-out>
  </testcase>
  <testcase name="[4:191] Transferencia exitosa entre dos clientes de diferentes entidades (ordenante local CTA Corriente, receptor intraredes CTA Corriente)" classname="Transferencia" time="2.04">
    <failure message="no step-definition method match found for: match responseStatus in normalizedStatus&#10;classpath:Transferencia.feature:198" type="org.opentest4j.AssertionFailedError"><![CDATA[org.opentest4j.AssertionFailedError: 
no step-definition method match found for: match responseStatus in normalizedStatus
classpath:Transferencia.feature:198
	at org.junit.jupiter.api.AssertionUtils.fail(AssertionUtils.java:38)
	at org.junit.jupiter.api.Assertions.fail(Assertions.java:135)
	at com.intuit.karate.junit5.FeatureNode.lambda$next$1(FeatureNode.java:86)
	at org.junit.jupiter.engine.descriptor.DynamicTestTestDescriptor.lambda$execute$0(DynamicTestTestDescriptor.java:53)
	at org.junit.jupiter.engine.execution.InvocationInterceptorChain$ValidatingInvocation.proceed(InvocationInterceptorChain.java:131)
	at org.junit.jupiter.api.extension.InvocationInterceptor.interceptDynamicTest(InvocationInterceptor.java:167)
	at org.junit.jupiter.api.extension.InvocationInterceptor.interceptDynamicTest(InvocationInterceptor.java:184)
	at org.junit.jupiter.engine.descriptor.DynamicTestTestDescriptor.lambda$execute$1(DynamicTestTestDescriptor.java:61)
	at org.junit.jupiter.engine.execution.InvocationInterceptorChain$InterceptorCall.lambda$ofVoid$0(InvocationInterceptorChain.java:78)
	at org.junit.jupiter.engine.execution.InvocationInterceptorChain$InterceptedInvocation.proceed(InvocationInterceptorChain.java:106)
	at org.junit.jupiter.engine.execution.InvocationInterceptorChain.proceed(InvocationInterceptorChain.java:64)
	at org.junit.jupiter.engine.execution.InvocationInterceptorChain.chainAndInvoke(InvocationInterceptorChain.java:45)
	at org.junit.jupiter.engine.execution.InvocationInterceptorChain.invoke(InvocationInterceptorChain.java:37)
	at org.junit.jupiter.engine.descriptor.DynamicTestTestDescriptor.execute(DynamicTestTestDescriptor.java:60)
	at org.junit.jupiter.engine.descriptor.DynamicTestTestDescriptor.execute(DynamicTestTestDescriptor.java:32)
	at org.junit.platform.engine.support.hierarchical.NodeTestTask.lambda$executeRecursively$6(NodeTestTask.java:151)
	at org.junit.platform.engine.support.hierarchical.ThrowableCollector.execute(ThrowableCollector.java:73)
	at org.junit.platform.engine.support.hierarchical.NodeTestTask.lambda$executeRecursively$8(NodeTestTask.java:141)
	at org.junit.platform.engine.support.hierarchical.Node.around(Node.java:137)
	at org.junit.platform.engine.support.hierarchical.NodeTestTask.lambda$executeRecursively$9(NodeTestTask.java:139)
	at org.junit.platform.engine.support.hierarchical.ThrowableCollector.execute(ThrowableCollector.java:73)
	at org.junit.platform.engine.support.hierarchical.NodeTestTask.executeRecursively(NodeTestTask.java:138)
	at org.junit.platform.engine.support.hierarchical.NodeTestTask.execute(NodeTestTask.java:95)
	at org.junit.platform.engine.support.hierarchical.SameThreadHierarchicalTestExecutorService.submit(SameThreadHierarchicalTestExecutorService.java:35)
	at org.junit.platform.engine.support.hierarchical.NodeTestTask$DefaultDynamicTestExecutor.execute(NodeTestTask.java:226)
	at org.junit.platform.engine.support.hierarchical.NodeTestTask$DefaultDynamicTestExecutor.execute(NodeTestTask.java:204)
	at java.base/java.util.stream.ForEachOps$ForEachOp$OfRef.accept(ForEachOps.java:183)
	at java.base/java.util.stream.ReferencePipeline$3$1.accept(ReferencePipeline.java:197)
	at java.base/java.util.stream.ReferencePipeline$2$1.accept(ReferencePipeline.java:179)
	at java.base/java.util.stream.ReferencePipeline$3$1.accept(ReferencePipeline.java:197)
	at java.base/java.util.Iterator.forEachRemaining(Iterator.java:133)
	at java.base/java.util.Spliterators$IteratorSpliterator.forEachRemaining(Spliterators.java:1845)
	at java.base/java.util.stream.AbstractPipeline.copyInto(AbstractPipeline.java:509)
	at java.base/java.util.stream.AbstractPipeline.wrapAndCopyInto(AbstractPipeline.java:499)
	at java.base/java.util.stream.ForEachOps$ForEachOp.evaluateSequential(ForEachOps.java:150)
	at java.base/java.util.stream.ForEachOps$ForEachOp$OfRef.evaluateSequential(ForEachOps.java:173)
	at java.base/java.util.stream.AbstractPipeline.evaluate(AbstractPipeline.java:234)
	at java.base/java.util.stream.ReferencePipeline.forEachOrdered(ReferencePipeline.java:601)
	at org.junit.jupiter.engine.descriptor.DynamicContainerTestDescriptor.execute(DynamicContainerTestDescriptor.java:67)
	at org.junit.jupiter.engine.descriptor.DynamicContainerTestDescriptor.execute(DynamicContainerTestDescriptor.java:33)
	at org.junit.platform.engine.support.hierarchical.NodeTestTask.lambda$executeRecursively$6(NodeTestTask.java:151)
	at org.junit.platform.engine.support.hierarchical.ThrowableCollector.execute(ThrowableCollector.java:73)
	at org.junit.platform.engine.support.hierarchical.NodeTestTask.lambda$executeRecursively$8(NodeTestTask.java:141)
	at org.junit.platform.engine.support.hierarchical.Node.around(Node.java:137)
	at org.junit.platform.engine.support.hierarchical.NodeTestTask.lambda$executeRecursively$9(NodeTestTask.java:139)
	at org.junit.platform.engine.support.hierarchical.ThrowableCollector.execute(ThrowableCollector.java:73)
	at org.junit.platform.engine.support.hierarchical.NodeTestTask.executeRecursively(NodeTestTask.java:138)
	at org.junit.platform.engine.support.hierarchical.NodeTestTask.execute(NodeTestTask.java:95)
	at org.junit.platform.engine.support.hierarchical.SameThreadHierarchicalTestExecutorService.submit(SameThreadHierarchicalTestExecutorService.java:35)
	at org.junit.platform.engine.support.hierarchical.NodeTestTask$DefaultDynamicTestExecutor.execute(NodeTestTask.java:226)
	at org.junit.platform.engine.support.hierarchical.NodeTestTask$DefaultDynamicTestExecutor.execute(NodeTestTask.java:204)
	at java.base/java.util.Optional.ifPresent(Optional.java:178)
	at org.junit.jupiter.engine.descriptor.TestFactoryTestDescriptor.lambda$invokeTestMethod$1(TestFactoryTestDescriptor.java:108)
	at org.junit.platform.engine.support.hierarchical.ThrowableCollector.execute(ThrowableCollector.java:73)
	at org.junit.jupiter.engine.descriptor.TestFactoryTestDescriptor.invokeTestMethod(TestFactoryTestDescriptor.java:95)
	at org.junit.jupiter.engine.descriptor.TestMethodTestDescriptor.execute(TestMethodTestDescriptor.java:138)
	at org.junit.jupiter.engine.descriptor.TestMethodTestDescriptor.execute(TestMethodTestDescriptor.java:68)
	at org.junit.platform.engine.support.hierarchical.NodeTestTask.lambda$executeRecursively$6(NodeTestTask.java:151)
	at org.junit.platform.engine.support.hierarchical.ThrowableCollector.execute(ThrowableCollector.java:73)
	at org.junit.platform.engine.support.hierarchical.NodeTestTask.lambda$executeRecursively$8(NodeTestTask.java:141)
	at org.junit.platform.engine.support.hierarchical.Node.around(Node.java:137)
	at org.junit.platform.engine.support.hierarchical.NodeTestTask.lambda$executeRecursively$9(NodeTestTask.java:139)
	at org.junit.platform.engine.support.hierarchical.ThrowableCollector.execute(ThrowableCollector.java:73)
	at org.junit.platform.engine.support.hierarchical.NodeTestTask.executeRecursively(NodeTestTask.java:138)
	at org.junit.platform.engine.support.hierarchical.NodeTestTask.execute(NodeTestTask.java:95)
	at java.base/java.util.ArrayList.forEach(ArrayList.java:1511)
	at org.junit.platform.engine.support.hierarchical.SameThreadHierarchicalTestExecutorService.invokeAll(SameThreadHierarchicalTestExecutorService.java:41)
	at org.junit.platform.engine.support.hierarchical.NodeTestTask.lambda$executeRecursively$6(NodeTestTask.java:155)
	at org.junit.platform.engine.support.hierarchical.ThrowableCollector.execute(ThrowableCollector.java:73)
	at org.junit.platform.engine.support.hierarchical.NodeTestTask.lambda$executeRecursively$8(NodeTestTask.java:141)
	at org.junit.platform.engine.support.hierarchical.Node.around(Node.java:137)
	at org.junit.platform.engine.support.hierarchical.NodeTestTask.lambda$executeRecursively$9(NodeTestTask.java:139)
	at org.junit.platform.engine.support.hierarchical.ThrowableCollector.execute(ThrowableCollector.java:73)
	at org.junit.platform.engine.support.hierarchical.NodeTestTask.executeRecursively(NodeTestTask.java:138)
	at org.junit.platform.engine.support.hierarchical.NodeTestTask.execute(NodeTestTask.java:95)
	at java.base/java.util.ArrayList.forEach(ArrayList.java:1511)
	at org.junit.platform.engine.support.hierarchical.SameThreadHierarchicalTestExecutorService.invokeAll(SameThreadHierarchicalTestExecutorService.java:41)
	at org.junit.platform.engine.support.hierarchical.NodeTestTask.lambda$executeRecursively$6(NodeTestTask.java:155)
	at org.junit.platform.engine.support.hierarchical.ThrowableCollector.execute(ThrowableCollector.java:73)
	at org.junit.platform.engine.support.hierarchical.NodeTestTask.lambda$executeRecursively$8(NodeTestTask.java:141)
	at org.junit.platform.engine.support.hierarchical.Node.around(Node.java:137)
	at org.junit.platform.engine.support.hierarchical.NodeTestTask.lambda$executeRecursively$9(NodeTestTask.java:139)
	at org.junit.platform.engine.support.hierarchical.ThrowableCollector.execute(ThrowableCollector.java:73)
	at org.junit.platform.engine.support.hierarchical.NodeTestTask.executeRecursively(NodeTestTask.java:138)
	at org.junit.platform.engine.support.hierarchical.NodeTestTask.execute(NodeTestTask.java:95)
	at org.junit.platform.engine.support.hierarchical.SameThreadHierarchicalTestExecutorService.submit(SameThreadHierarchicalTestExecutorService.java:35)
	at org.junit.platform.engine.support.hierarchical.HierarchicalTestExecutor.execute(HierarchicalTestExecutor.java:57)
	at org.junit.platform.engine.support.hierarchical.HierarchicalTestEngine.execute(HierarchicalTestEngine.java:54)
	at org.junit.platform.launcher.core.EngineExecutionOrchestrator.execute(EngineExecutionOrchestrator.java:147)
	at org.junit.platform.launcher.core.EngineExecutionOrchestrator.execute(EngineExecutionOrchestrator.java:127)
	at org.junit.platform.launcher.core.EngineExecutionOrchestrator.execute(EngineExecutionOrchestrator.java:90)
	at org.junit.platform.launcher.core.EngineExecutionOrchestrator.lambda$execute$0(EngineExecutionOrchestrator.java:55)
	at org.junit.platform.launcher.core.EngineExecutionOrchestrator.withInterceptedStreams(EngineExecutionOrchestrator.java:102)
	at org.junit.platform.launcher.core.EngineExecutionOrchestrator.execute(EngineExecutionOrchestrator.java:54)
	at org.junit.platform.launcher.core.DefaultLauncher.execute(DefaultLauncher.java:114)
	at org.junit.platform.launcher.core.DefaultLauncher.execute(DefaultLauncher.java:86)
	at org.junit.platform.launcher.core.DefaultLauncherSession$DelegatingLauncher.execute(DefaultLauncherSession.java:86)
	at org.apache.maven.surefire.junitplatform.LazyLauncher.execute(LazyLauncher.java:56)
	at org.apache.maven.surefire.junitplatform.JUnitPlatformProvider.execute(JUnitPlatformProvider.java:184)
	at org.apache.maven.surefire.junitplatform.JUnitPlatformProvider.invokeAllTests(JUnitPlatformProvider.java:148)
	at org.apache.maven.surefire.junitplatform.JUnitPlatformProvider.invoke(JUnitPlatformProvider.java:122)
	at org.apache.maven.surefire.booter.ForkedBooter.runSuitesInProcess(ForkedBooter.java:385)
	at org.apache.maven.surefire.booter.ForkedBooter.execute(ForkedBooter.java:162)
	at org.apache.maven.surefire.booter.ForkedBooter.run(ForkedBooter.java:507)
	at org.apache.maven.surefire.booter.ForkedBooter.main(ForkedBooter.java:495)
]]></failure>
    <system-out><![CDATA[14:14:31.781 [main] DEBUG com.intuit.karate - key store key count for classpath:certificado/clientcert.cbiblian.internal 1.pfx: 1
14:14:31.790 [main] DEBUG com.jayway.jsonpath.internal.path.CompiledPath - Evaluating path: $
14:14:31.800 [main] DEBUG com.jayway.jsonpath.internal.path.CompiledPath - Evaluating path: $['Authorization']
14:14:31.800 [main] DEBUG com.jayway.jsonpath.internal.path.CompiledPath - Evaluating path: $
14:14:31.800 [main] DEBUG com.jayway.jsonpath.internal.path.CompiledPath - Evaluating path: $
14:14:31.800 [main] DEBUG com.jayway.jsonpath.internal.JsonContext - Put path $ key Authorization value {}
14:14:31.800 [main] DEBUG com.jayway.jsonpath.internal.path.CompiledPath - Evaluating path: $
14:14:31.800 [main] DEBUG com.jayway.jsonpath.internal.JsonContext - Put path $ key Authorization value Bearer eyJhbGciOiJSUzI1NiIsInR5cCIgOiAiSldUIiwia2lkIiA6ICI2dUJWTkN6VlViUFBlTFdReEM0WDAyYVM3UnM2UGRYV1dja1dfc0xZMHlFIn0.eyJleHAiOjE3NjExNjA3NTAsImlhdCI6MTc2MTE2MDQ1MCwianRpIjoidHJydGNjOjQ5Yjg0NDVjLTgzYTAtMjI4Ni02NDczLWE2ZGEzOTBhOWQ0YSIsImlzcyI6Imh0dHBzOi8vYXV0ZW50aWNhY2lvbnFhLmNvb25lY3RhLmNvbS5lYy9hdXRoL3JlYWxtcy9QQU5BUEFZIiwiYXVkIjoiYWNjb3VudCIsInN1YiI6Ijk5OGMyZmUwLTJjOGYtNGQwNC1iZjExLWY1OWExZTM5ODg3MyIsInR5cCI6IkJlYXJlciIsImF6cCI6IjAyMDVjYiIsImFjciI6IjEiLCJhbGxvd2VkLW9yaWdpbnMiOlsiLyoiXSwicmVhbG1fYWNjZXNzIjp7InJvbGVzIjpbImRlZmF1bHQtcm9sZXMtYWRtaW5wYW5hcGF5Iiwib2ZmbGluZV9hY2Nlc3MiLCJ1bWFfYXV0aG9yaXphdGlvbiJdfSwicmVzb3VyY2VfYWNjZXNzIjp7IjAyMDVjYiI6eyJyb2xlcyI6WyJ1bWFfcHJvdGVjdGlvbiJdfSwiYWNjb3VudCI6eyJyb2xlcyI6WyJtYW5hZ2UtYWNjb3VudCIsIm1hbmFnZS1hY2NvdW50LWxpbmtzIiwidmlldy1wcm9maWxlIl19fSwic2NvcGUiOiJwcm9maWxlIGVtYWlsIiwiZW1haWxfdmVyaWZpZWQiOmZhbHNlLCJjbGllbnRIb3N0IjoiMTAuMTAuMTAuMTUxIiwicHJlZmVycmVkX3VzZXJuYW1lIjoic2VydmljZS1hY2NvdW50LTAyMDVjYiIsImNsaWVudEFkZHJlc3MiOiIxMC4xMC4xMC4xNTEiLCJjbGllbnRfaWQiOiIwMjA1Y2IifQ.bATUogohrEqy7Voa4mFnsBzOnGy6tnjZGh_lOYRn-0hWXMY_fz-280nTu2Vv68eO3HeoewtWlt45S_iLI2-ml3pqpAlt3DXWVmLvVHw6d7TICHBfQsa0jGXMexKnyar7EinrVhF3deSK25Ap_ajC_82EvVvXrVG-7p9F1dEdq39y2R72JympejF5uhY_z_jNmqJSsnLEZVOo3WMJn76u9tTcYVIldC5uWGFWbPGEhvWPx4ZGpsuq_wrPOGdRmyJDFJPJl7LnLGHK0DBhuVtJUq_NFQkMus2fTTf_mWhRnoqNU-wUCS-fxMs6QusGzIVd-C3O29J3rerHTrGg21LAsQ
14:14:31.802 [main] DEBUG com.jayway.jsonpath.internal.path.CompiledPath - Evaluating path: $
14:14:31.815 [main] DEBUG com.jayway.jsonpath.internal.path.CompiledPath - Evaluating path: $
14:14:31.819 [main] DEBUG org.apache.http.client.protocol.RequestAddCookies - CookieSpec selected: karate
14:14:31.819 [main] DEBUG org.apache.http.client.protocol.RequestAuthCache - Auth cache not set in the context
14:14:31.819 [main] DEBUG com.intuit.karate - request:
1 > POST https://apipanapayqa.coonecta.com.ec/api/switchcentral/finan/transferencia
1 > Content-Type: application/json; charset=UTF-8
1 > Authorization: Bearer eyJhbGciOiJSUzI1NiIsInR5cCIgOiAiSldUIiwia2lkIiA6ICI2dUJWTkN6VlViUFBlTFdReEM0WDAyYVM3UnM2UGRYV1dja1dfc0xZMHlFIn0.eyJleHAiOjE3NjExNjA3NTAsImlhdCI6MTc2MTE2MDQ1MCwianRpIjoidHJydGNjOjQ5Yjg0NDVjLTgzYTAtMjI4Ni02NDczLWE2ZGEzOTBhOWQ0YSIsImlzcyI6Imh0dHBzOi8vYXV0ZW50aWNhY2lvbnFhLmNvb25lY3RhLmNvbS5lYy9hdXRoL3JlYWxtcy9QQU5BUEFZIiwiYXVkIjoiYWNjb3VudCIsInN1YiI6Ijk5OGMyZmUwLTJjOGYtNGQwNC1iZjExLWY1OWExZTM5ODg3MyIsInR5cCI6IkJlYXJlciIsImF6cCI6IjAyMDVjYiIsImFjciI6IjEiLCJhbGxvd2VkLW9yaWdpbnMiOlsiLyoiXSwicmVhbG1fYWNjZXNzIjp7InJvbGVzIjpbImRlZmF1bHQtcm9sZXMtYWRtaW5wYW5hcGF5Iiwib2ZmbGluZV9hY2Nlc3MiLCJ1bWFfYXV0aG9yaXphdGlvbiJdfSwicmVzb3VyY2VfYWNjZXNzIjp7IjAyMDVjYiI6eyJyb2xlcyI6WyJ1bWFfcHJvdGVjdGlvbiJdfSwiYWNjb3VudCI6eyJyb2xlcyI6WyJtYW5hZ2UtYWNjb3VudCIsIm1hbmFnZS1hY2NvdW50LWxpbmtzIiwidmlldy1wcm9maWxlIl19fSwic2NvcGUiOiJwcm9maWxlIGVtYWlsIiwiZW1haWxfdmVyaWZpZWQiOmZhbHNlLCJjbGllbnRIb3N0IjoiMTAuMTAuMTAuMTUxIiwicHJlZmVycmVkX3VzZXJuYW1lIjoic2VydmljZS1hY2NvdW50LTAyMDVjYiIsImNsaWVudEFkZHJlc3MiOiIxMC4xMC4xMC4xNTEiLCJjbGllbnRfaWQiOiIwMjA1Y2IifQ.bATUogohrEqy7Voa4mFnsBzOnGy6tnjZGh_lOYRn-0hWXMY_fz-280nTu2Vv68eO3HeoewtWlt45S_iLI2-ml3pqpAlt3DXWVmLvVHw6d7TICHBfQsa0jGXMexKnyar7EinrVhF3deSK25Ap_ajC_82EvVvXrVG-7p9F1dEdq39y2R72JympejF5uhY_z_jNmqJSsnLEZVOo3WMJn76u9tTcYVIldC5uWGFWbPGEhvWPx4ZGpsuq_wrPOGdRmyJDFJPJl7LnLGHK0DBhuVtJUq_NFQkMus2fTTf_mWhRnoqNU-wUCS-fxMs6QusGzIVd-C3O29J3rerHTrGg21LAsQ
1 > Content-Length: 509
1 > Host: apipanapayqa.coonecta.com.ec
1 > Connection: Keep-Alive
1 > User-Agent: Apache-HttpClient/4.5.14 (Java/17.0.12)
1 > Accept-Encoding: gzip,deflate
{"GrpHdr":{"msgId":"02052025102254033468134","creDtTm":"2025-10-22T14:14:31","nbOfTxs":1,"sttlmInf":{"sttlmMtd":"INGA"},"instgAgt":{"finInstnId":"0205"},"InstdAgt":{"FinInstnId":"0303"},"Mge":{"Type":"acmt.998.321.01"},"ChnlId":"APP"},"CdtTrfTxInf":{"PmtId":{"EndToEndId":"02052025102286479"},"IntrBkSttlmAmt":{"Amt":1,"Ccy":"USD"},"DbtrAcctId":{"IBAN":"EC0402051000000000020101002318"},"CdtrAcctId":{"IBAN":"EC0403031000000000030101002222"},"Prtry":{"CustRef":"QA22","ChanRef":"TERM001","AgtRef":"AGT0002"}}}

14:14:31.819 [main] DEBUG org.apache.http.impl.conn.PoolingHttpClientConnectionManager - Connection request: [route: {s}->https://apipanapayqa.coonecta.com.ec:443][total available: 0; route allocated: 0 of 5; total allocated: 0 of 10]
14:14:31.819 [main] DEBUG org.apache.http.impl.conn.PoolingHttpClientConnectionManager - Connection leased: [id: 4][route: {s}->https://apipanapayqa.coonecta.com.ec:443][total available: 0; route allocated: 1 of 5; total allocated: 1 of 10]
14:14:31.819 [main] DEBUG org.apache.http.impl.execchain.MainClientExec - Opening connection {s}->https://apipanapayqa.coonecta.com.ec:443
14:14:31.819 [main] DEBUG org.apache.http.impl.conn.DefaultHttpClientConnectionOperator - Connecting to apipanapayqa.coonecta.com.ec/10.1.0.133:443
14:14:31.819 [main] DEBUG org.apache.http.conn.ssl.SSLConnectionSocketFactory - Connecting socket to apipanapayqa.coonecta.com.ec/10.1.0.133:443 with timeout 30000
14:14:31.905 [main] DEBUG org.apache.http.conn.ssl.SSLConnectionSocketFactory - Enabled protocols: [TLSv1.3, TLSv1.2]
14:14:31.905 [main] DEBUG org.apache.http.conn.ssl.SSLConnectionSocketFactory - Enabled cipher suites:[TLS_AES_256_GCM_SHA384, TLS_AES_128_GCM_SHA256, TLS_CHACHA20_POLY1305_SHA256, TLS_ECDHE_ECDSA_WITH_AES_256_GCM_SHA384, TLS_ECDHE_ECDSA_WITH_AES_128_GCM_SHA256, TLS_ECDHE_ECDSA_WITH_CHACHA20_POLY1305_SHA256, TLS_ECDHE_RSA_WITH_AES_256_GCM_SHA384, TLS_ECDHE_RSA_WITH_CHACHA20_POLY1305_SHA256, TLS_ECDHE_RSA_WITH_AES_128_GCM_SHA256, TLS_DHE_RSA_WITH_AES_256_GCM_SHA384, TLS_DHE_RSA_WITH_CHACHA20_POLY1305_SHA256, TLS_DHE_DSS_WITH_AES_256_GCM_SHA384, TLS_DHE_RSA_WITH_AES_128_GCM_SHA256, TLS_DHE_DSS_WITH_AES_128_GCM_SHA256, TLS_ECDHE_ECDSA_WITH_AES_256_CBC_SHA384, TLS_ECDHE_RSA_WITH_AES_256_CBC_SHA384, TLS_ECDHE_ECDSA_WITH_AES_128_CBC_SHA256, TLS_ECDHE_RSA_WITH_AES_128_CBC_SHA256, TLS_DHE_RSA_WITH_AES_256_CBC_SHA256, TLS_DHE_DSS_WITH_AES_256_CBC_SHA256, TLS_DHE_RSA_WITH_AES_128_CBC_SHA256, TLS_DHE_DSS_WITH_AES_128_CBC_SHA256, TLS_ECDH_ECDSA_WITH_AES_256_GCM_SHA384, TLS_ECDH_RSA_WITH_AES_256_GCM_SHA384, TLS_ECDH_ECDSA_WITH_AES_128_GCM_SHA256, TLS_ECDH_RSA_WITH_AES_128_GCM_SHA256, TLS_ECDH_ECDSA_WITH_AES_256_CBC_SHA384, TLS_ECDH_RSA_WITH_AES_256_CBC_SHA384, TLS_ECDH_ECDSA_WITH_AES_128_CBC_SHA256, TLS_ECDH_RSA_WITH_AES_128_CBC_SHA256, TLS_ECDHE_ECDSA_WITH_AES_256_CBC_SHA, TLS_ECDHE_RSA_WITH_AES_256_CBC_SHA, TLS_ECDHE_ECDSA_WITH_AES_128_CBC_SHA, TLS_ECDHE_RSA_WITH_AES_128_CBC_SHA, TLS_DHE_RSA_WITH_AES_256_CBC_SHA, TLS_DHE_DSS_WITH_AES_256_CBC_SHA, TLS_DHE_RSA_WITH_AES_128_CBC_SHA, TLS_DHE_DSS_WITH_AES_128_CBC_SHA, TLS_ECDH_ECDSA_WITH_AES_256_CBC_SHA, TLS_ECDH_RSA_WITH_AES_256_CBC_SHA, TLS_ECDH_ECDSA_WITH_AES_128_CBC_SHA, TLS_ECDH_RSA_WITH_AES_128_CBC_SHA, TLS_RSA_WITH_AES_256_GCM_SHA384, TLS_RSA_WITH_AES_128_GCM_SHA256, TLS_RSA_WITH_AES_256_CBC_SHA256, TLS_RSA_WITH_AES_128_CBC_SHA256, TLS_RSA_WITH_AES_256_CBC_SHA, TLS_RSA_WITH_AES_128_CBC_SHA, TLS_EMPTY_RENEGOTIATION_INFO_SCSV]
14:14:31.905 [main] DEBUG org.apache.http.conn.ssl.SSLConnectionSocketFactory - Starting handshake
14:14:32.102 [main] DEBUG org.apache.http.conn.ssl.SSLConnectionSocketFactory - Secure session established
14:14:32.102 [main] DEBUG org.apache.http.conn.ssl.SSLConnectionSocketFactory -  negotiated protocol: TLSv1.3
14:14:32.102 [main] DEBUG org.apache.http.conn.ssl.SSLConnectionSocketFactory -  negotiated cipher suite: TLS_AES_256_GCM_SHA384
14:14:32.102 [main] DEBUG org.apache.http.conn.ssl.SSLConnectionSocketFactory -  peer principal: CN=apipanapayqa.coonecta.com.ec, O=Red Transaccional Cooperativa S.A. RTC, L=Quito, ST=Pichincha, C=EC
14:14:32.102 [main] DEBUG org.apache.http.conn.ssl.SSLConnectionSocketFactory -  peer alternative names: [apipanapayqa.coonecta.com.ec]
14:14:32.102 [main] DEBUG org.apache.http.conn.ssl.SSLConnectionSocketFactory -  issuer principal: CN=DigiCert Global G2 TLS RSA SHA256 2020 CA1, O=DigiCert Inc, C=US
14:14:32.104 [main] DEBUG org.apache.http.impl.conn.DefaultHttpClientConnectionOperator - Connection established 10.10.10.151:54131<->10.1.0.133:443
14:14:32.104 [main] DEBUG org.apache.http.impl.conn.DefaultManagedHttpClientConnection - http-outgoing-4: set socket timeout to 30000
14:14:32.104 [main] DEBUG org.apache.http.impl.execchain.MainClientExec - Executing request POST /api/switchcentral/finan/transferencia HTTP/1.1
14:14:32.104 [main] DEBUG org.apache.http.impl.execchain.MainClientExec - Proxy auth state: UNCHALLENGED
14:14:32.104 [main] DEBUG org.apache.http.headers - http-outgoing-4 >> POST /api/switchcentral/finan/transferencia HTTP/1.1
14:14:32.104 [main] DEBUG org.apache.http.headers - http-outgoing-4 >> Content-Type: application/json; charset=UTF-8
14:14:32.104 [main] DEBUG org.apache.http.headers - http-outgoing-4 >> Authorization: Bearer eyJhbGciOiJSUzI1NiIsInR5cCIgOiAiSldUIiwia2lkIiA6ICI2dUJWTkN6VlViUFBlTFdReEM0WDAyYVM3UnM2UGRYV1dja1dfc0xZMHlFIn0.eyJleHAiOjE3NjExNjA3NTAsImlhdCI6MTc2MTE2MDQ1MCwianRpIjoidHJydGNjOjQ5Yjg0NDVjLTgzYTAtMjI4Ni02NDczLWE2ZGEzOTBhOWQ0YSIsImlzcyI6Imh0dHBzOi8vYXV0ZW50aWNhY2lvbnFhLmNvb25lY3RhLmNvbS5lYy9hdXRoL3JlYWxtcy9QQU5BUEFZIiwiYXVkIjoiYWNjb3VudCIsInN1YiI6Ijk5OGMyZmUwLTJjOGYtNGQwNC1iZjExLWY1OWExZTM5ODg3MyIsInR5cCI6IkJlYXJlciIsImF6cCI6IjAyMDVjYiIsImFjciI6IjEiLCJhbGxvd2VkLW9yaWdpbnMiOlsiLyoiXSwicmVhbG1fYWNjZXNzIjp7InJvbGVzIjpbImRlZmF1bHQtcm9sZXMtYWRtaW5wYW5hcGF5Iiwib2ZmbGluZV9hY2Nlc3MiLCJ1bWFfYXV0aG9yaXphdGlvbiJdfSwicmVzb3VyY2VfYWNjZXNzIjp7IjAyMDVjYiI6eyJyb2xlcyI6WyJ1bWFfcHJvdGVjdGlvbiJdfSwiYWNjb3VudCI6eyJyb2xlcyI6WyJtYW5hZ2UtYWNjb3VudCIsIm1hbmFnZS1hY2NvdW50LWxpbmtzIiwidmlldy1wcm9maWxlIl19fSwic2NvcGUiOiJwcm9maWxlIGVtYWlsIiwiZW1haWxfdmVyaWZpZWQiOmZhbHNlLCJjbGllbnRIb3N0IjoiMTAuMTAuMTAuMTUxIiwicHJlZmVycmVkX3VzZXJuYW1lIjoic2VydmljZS1hY2NvdW50LTAyMDVjYiIsImNsaWVudEFkZHJlc3MiOiIxMC4xMC4xMC4xNTEiLCJjbGllbnRfaWQiOiIwMjA1Y2IifQ.bATUogohrEqy7Voa4mFnsBzOnGy6tnjZGh_lOYRn-0hWXMY_fz-280nTu2Vv68eO3HeoewtWlt45S_iLI2-ml3pqpAlt3DXWVmLvVHw6d7TICHBfQsa0jGXMexKnyar7EinrVhF3deSK25Ap_ajC_82EvVvXrVG-7p9F1dEdq39y2R72JympejF5uhY_z_jNmqJSsnLEZVOo3WMJn76u9tTcYVIldC5uWGFWbPGEhvWPx4ZGpsuq_wrPOGdRmyJDFJPJl7LnLGHK0DBhuVtJUq_NFQkMus2fTTf_mWhRnoqNU-wUCS-fxMs6QusGzIVd-C3O29J3rerHTrGg21LAsQ
14:14:32.104 [main] DEBUG org.apache.http.headers - http-outgoing-4 >> Content-Length: 509
14:14:32.104 [main] DEBUG org.apache.http.headers - http-outgoing-4 >> Host: apipanapayqa.coonecta.com.ec
14:14:32.104 [main] DEBUG org.apache.http.headers - http-outgoing-4 >> Connection: Keep-Alive
14:14:32.104 [main] DEBUG org.apache.http.headers - http-outgoing-4 >> User-Agent: Apache-HttpClient/4.5.14 (Java/17.0.12)
14:14:32.104 [main] DEBUG org.apache.http.headers - http-outgoing-4 >> Accept-Encoding: gzip,deflate
14:14:32.104 [main] DEBUG org.apache.http.wire - http-outgoing-4 >> "POST /api/switchcentral/finan/transferencia HTTP/1.1[\r][\n]"
14:14:32.104 [main] DEBUG org.apache.http.wire - http-outgoing-4 >> "Content-Type: application/json; charset=UTF-8[\r][\n]"
14:14:32.104 [main] DEBUG org.apache.http.wire - http-outgoing-4 >> "Authorization: Bearer eyJhbGciOiJSUzI1NiIsInR5cCIgOiAiSldUIiwia2lkIiA6ICI2dUJWTkN6VlViUFBlTFdReEM0WDAyYVM3UnM2UGRYV1dja1dfc0xZMHlFIn0.eyJleHAiOjE3NjExNjA3NTAsImlhdCI6MTc2MTE2MDQ1MCwianRpIjoidHJydGNjOjQ5Yjg0NDVjLTgzYTAtMjI4Ni02NDczLWE2ZGEzOTBhOWQ0YSIsImlzcyI6Imh0dHBzOi8vYXV0ZW50aWNhY2lvbnFhLmNvb25lY3RhLmNvbS5lYy9hdXRoL3JlYWxtcy9QQU5BUEFZIiwiYXVkIjoiYWNjb3VudCIsInN1YiI6Ijk5OGMyZmUwLTJjOGYtNGQwNC1iZjExLWY1OWExZTM5ODg3MyIsInR5cCI6IkJlYXJlciIsImF6cCI6IjAyMDVjYiIsImFjciI6IjEiLCJhbGxvd2VkLW9yaWdpbnMiOlsiLyoiXSwicmVhbG1fYWNjZXNzIjp7InJvbGVzIjpbImRlZmF1bHQtcm9sZXMtYWRtaW5wYW5hcGF5Iiwib2ZmbGluZV9hY2Nlc3MiLCJ1bWFfYXV0aG9yaXphdGlvbiJdfSwicmVzb3VyY2VfYWNjZXNzIjp7IjAyMDVjYiI6eyJyb2xlcyI6WyJ1bWFfcHJvdGVjdGlvbiJdfSwiYWNjb3VudCI6eyJyb2xlcyI6WyJtYW5hZ2UtYWNjb3VudCIsIm1hbmFnZS1hY2NvdW50LWxpbmtzIiwidmlldy1wcm9maWxlIl19fSwic2NvcGUiOiJwcm9maWxlIGVtYWlsIiwiZW1haWxfdmVyaWZpZWQiOmZhbHNlLCJjbGllbnRIb3N0IjoiMTAuMTAuMTAuMTUxIiwicHJlZmVycmVkX3VzZXJuYW1lIjoic2VydmljZS1hY2NvdW50LTAyMDVjYiIsImNsaWVudEFkZHJlc3MiOiIxMC4xMC4xMC4xNTEiLCJjbGllbnRfaWQiOiIwMjA1Y2IifQ.bATUogohrEqy7Voa4mFnsBzOnGy6tnjZGh_lOYRn-0hWXMY_fz-280nTu2Vv68eO3HeoewtWlt45S_iLI2-ml3pqpAlt3DXWVmLvVHw6d7TICHBfQsa0jGXMexKnyar7EinrVhF3deSK25Ap_ajC_82EvVvXrVG-7p9F1dEdq39y2R72JympejF5uhY_z_jNmqJSsnLEZVOo3WMJn76u9tTcYVIldC5uWGFWbPGEhvWPx4ZGpsuq_wrPOGdRmyJDFJPJl7LnLGHK0DBhuVtJUq_NFQkMus2fTTf_mWhRnoqNU-wUCS-fxMs6QusGzIVd-C3O29J3rerHTrGg21LAsQ[\r][\n]"
14:14:32.104 [main] DEBUG org.apache.http.wire - http-outgoing-4 >> "Content-Length: 509[\r][\n]"
14:14:32.104 [main] DEBUG org.apache.http.wire - http-outgoing-4 >> "Host: apipanapayqa.coonecta.com.ec[\r][\n]"
14:14:32.104 [main] DEBUG org.apache.http.wire - http-outgoing-4 >> "Connection: Keep-Alive[\r][\n]"
14:14:32.104 [main] DEBUG org.apache.http.wire - http-outgoing-4 >> "User-Agent: Apache-HttpClient/4.5.14 (Java/17.0.12)[\r][\n]"
14:14:32.104 [main] DEBUG org.apache.http.wire - http-outgoing-4 >> "Accept-Encoding: gzip,deflate[\r][\n]"
14:14:32.104 [main] DEBUG org.apache.http.wire - http-outgoing-4 >> "[\r][\n]"
14:14:32.104 [main] DEBUG org.apache.http.wire - http-outgoing-4 >> "{"GrpHdr":{"msgId":"02052025102254033468134","creDtTm":"2025-10-22T14:14:31","nbOfTxs":1,"sttlmInf":{"sttlmMtd":"INGA"},"instgAgt":{"finInstnId":"0205"},"InstdAgt":{"FinInstnId":"0303"},"Mge":{"Type":"acmt.998.321.01"},"ChnlId":"APP"},"CdtTrfTxInf":{"PmtId":{"EndToEndId":"02052025102286479"},"IntrBkSttlmAmt":{"Amt":1,"Ccy":"USD"},"DbtrAcctId":{"IBAN":"EC0402051000000000020101002318"},"CdtrAcctId":{"IBAN":"EC0403031000000000030101002222"},"Prtry":{"CustRef":"QA22","ChanRef":"TERM001","AgtRef":"AGT0002"}}}"
14:14:33.796 [main] DEBUG org.apache.http.wire - http-outgoing-4 << "HTTP/1.1 400 Bad Request[\r][\n]"
14:14:33.796 [main] DEBUG org.apache.http.wire - http-outgoing-4 << "Date: Wed, 22 Oct 2025 19:14:26 GMT[\r][\n]"
14:14:33.796 [main] DEBUG org.apache.http.wire - http-outgoing-4 << "Content-Type: application/json; charset=utf-8[\r][\n]"
14:14:33.796 [main] DEBUG org.apache.http.wire - http-outgoing-4 << "Transfer-Encoding: chunked[\r][\n]"
14:14:33.796 [main] DEBUG org.apache.http.wire - http-outgoing-4 << "Connection: keep-alive[\r][\n]"
14:14:33.796 [main] DEBUG org.apache.http.wire - http-outgoing-4 << "Server: Kestrel[\r][\n]"
14:14:33.796 [main] DEBUG org.apache.http.wire - http-outgoing-4 << "Set-Cookie: ARRAffinity=135f536e0d078a815c3b83fda3468ab8a3a2abc604a35eefb28648d3961cfa9b;Path=/;HttpOnly;Secure;Domain=app-apipanapay-qa.azurewebsites.net[\r][\n]"
14:14:33.796 [main] DEBUG org.apache.http.wire - http-outgoing-4 << "Set-Cookie: ARRAffinitySameSite=135f536e0d078a815c3b83fda3468ab8a3a2abc604a35eefb28648d3961cfa9b;Path=/;HttpOnly;SameSite=None;Secure;Domain=app-apipanapay-qa.azurewebsites.net[\r][\n]"
14:14:33.796 [main] DEBUG org.apache.http.wire - http-outgoing-4 << "Request-Context: appId=cid-v1:a7a77847-2713-450f-9030-b350a2d54a28[\r][\n]"
14:14:33.796 [main] DEBUG org.apache.http.wire - http-outgoing-4 << "X-Powered-By: ASP.NET[\r][\n]"
14:14:33.796 [main] DEBUG org.apache.http.wire - http-outgoing-4 << "X-ARR-ClientCert: -----BEGIN%20CERTIFICATE-----%0AMIIEHDCCAgSgAwIBAgIUZIZBO0fb7VZ4KXrs01S4RYbWyJ8wDQYJKoZIhvcNAQEL%0ABQAwJTEjMCEGA1UEAwwacm9vdGNlcnQuY2JpYmxpYW4uaW50ZXJuYWwwHhcNMjUw%0AODEzMTMyNTU5WhcNMjgwODEyMTMyNTU5WjAnMSUwIwYDVQQDDBxjbGllbnRjZXJ0%0ALmNiaWJsaWFuLmludGVybmFsMIIBIjANBgkqhkiG9w0BAQEFAAOCAQ8AMIIBCgKC%0AAQEAskUDap6NmyYq8RT6F7z3DpZGQiflNQTvUT84TmxsKXEBRAkgINnkJqgKkd7f%0ASEybzqglQTbr4s41lCiPsy3X66qYjU2L%2Bojhni%2BOCVOX7n3JBYovL%2FqfMP3%2FkhZP%0AQIlK%2FQWPcrnl39fYkGOQv%2BYqoCGEPzGkib2m1Ma5Q1HOCKh1ErMjqTLGy%2ByJj6JY%0AiZvMx3YrJSvjUS0uKpNwxPtGyiexRfKsmR%2FHqPzRHa0iY%2B752KSgUedwJPv1Wod%2B%0AY9BMAMIdU25UtkUEsaOYtorGWDaZSn2Bl0LYmP87kjcYypnHx0jtPtUCXfVHrE6u%0AZnDRFYsZbeXylY3mJkyOL2DzZwIDAQABo0IwQDAdBgNVHQ4EFgQURPhJwTAcUWUp%0ArOqQO68P%2FbJoqjMwHwYDVR0jBBgwFoAU7GdlxoSeEXucEXhjadHRC9xzS0UwDQYJ%0AKoZIhvcNAQELBQADggIBAGTnlyF2n%2F6s9phYbO8V17niO0BXB62ToX6gPhcw9f3y%0AhMui6RnrM1oiHlBWqZquCqYJ5ETvYJE1RqvoqtGysxCnIj0OTJHV4WtF3SHsd1Tu%0ATg%2B%2FUnGivtBTDQxj9sbAtCaSYRBqPByP8jvSTDgXR1mgOrEGjr2PZdZSoKLj4OHi%0A9UCMJw7pJsyA4lbroKshQTYv5Ks5SqtJpdp0%2BUX0UUlbPJqXiadfbKdoXvEgcwbP%0ACqR9v7kGYmNxfaGLNGVrV%2BnLawIDmdYXJE%2F4WJh6sHfiZxEsE%2BB4PoKADrb1Eapt%0AnSdHUgRfc0i5f2lcmErnU8nCMO5TWdHFOgpYwTS8w17FhNFZpaSmyZKM7uHcUs7y%0AUbuiQtdXocfSSMf%2FeycBEU%2FHAVIWQEqY%2BbJdC0q%2FR%2BsESeBtXd4IEIxR0QfgscGk%0AJyCSFC8z%2FvCgrRsH5rePqKO7%2FLAsDTP4GIQNFNfF4Wh6bsPXuJmvvoMcnmy%2F58Wo%0AE0XaG8UPHVAeyEmhncdM32E7SJbR91aRr2CkV23OoUz%2BwKG2%2FuObHmAkuMkCbbcz%0AJQoC7DZg5FGw%2BZR7v1DIBct5QNJQ8bG%2FXGRxjWC6dU7jrGhOF1X%2B2YYcdx9XnwyM%0A9YPxUy5bVfMhIiKP2wEso5fjOZ4RTvnB5R6zD3maJK%2FtZAXVhtyqXSkBYFi4MvEs%0A-----END%20CERTIFICATE-----%0A[\r][\n]"
14:14:33.800 [main] DEBUG org.apache.http.wire - http-outgoing-4 << "[\r][\n]"
14:14:33.800 [main] DEBUG org.apache.http.wire - http-outgoing-4 << "1ed[\r][\n]"
14:14:33.800 [main] DEBUG org.apache.http.wire - http-outgoing-4 << "{"GrpHdr":{"MsgId":"000020251022020357","CreDtTm":"2025-10-22T14:14:25","NbOfTxs":1,"SttlmInf":{"SttlmMtd":"INGA"},"InstgAgt":{"FinInstnId":"0205"},"InstdAgt":{"FinInstnId":"0303"},"Mge":{"Type":"acmt.998.322.001"},"ChnlId":"APP"},"CdtTrfTxInf":{"OrgnGrpInf":{"OrgnlMsgId":"02052025102254033468134","OrgnlMgeType":"acmt.998.321.01","OrgnlCreDtTm":"2025-10-22T14:14:31"},"TxSts":"ERR","Rsn":{"RsnCd":"AB09","AddtlInf":"No se encontr[0xc3][0xb3] la Entidad Financiera receptora."},"SttlmDt":"2025-10-22"}}[\r][\n]"
14:14:33.800 [main] DEBUG org.apache.http.wire - http-outgoing-4 << "0[\r][\n]"
14:14:33.800 [main] DEBUG org.apache.http.wire - http-outgoing-4 << "[\r][\n]"
14:14:33.800 [main] DEBUG org.apache.http.headers - http-outgoing-4 << HTTP/1.1 400 Bad Request
14:14:33.800 [main] DEBUG org.apache.http.headers - http-outgoing-4 << Date: Wed, 22 Oct 2025 19:14:26 GMT
14:14:33.800 [main] DEBUG org.apache.http.headers - http-outgoing-4 << Content-Type: application/json; charset=utf-8
14:14:33.800 [main] DEBUG org.apache.http.headers - http-outgoing-4 << Transfer-Encoding: chunked
14:14:33.800 [main] DEBUG org.apache.http.headers - http-outgoing-4 << Connection: keep-alive
14:14:33.800 [main] DEBUG org.apache.http.headers - http-outgoing-4 << Server: Kestrel
14:14:33.800 [main] DEBUG org.apache.http.headers - http-outgoing-4 << Set-Cookie: ARRAffinity=135f536e0d078a815c3b83fda3468ab8a3a2abc604a35eefb28648d3961cfa9b;Path=/;HttpOnly;Secure;Domain=app-apipanapay-qa.azurewebsites.net
14:14:33.800 [main] DEBUG org.apache.http.headers - http-outgoing-4 << Set-Cookie: ARRAffinitySameSite=135f536e0d078a815c3b83fda3468ab8a3a2abc604a35eefb28648d3961cfa9b;Path=/;HttpOnly;SameSite=None;Secure;Domain=app-apipanapay-qa.azurewebsites.net
14:14:33.800 [main] DEBUG org.apache.http.headers - http-outgoing-4 << Request-Context: appId=cid-v1:a7a77847-2713-450f-9030-b350a2d54a28
14:14:33.800 [main] DEBUG org.apache.http.headers - http-outgoing-4 << X-Powered-By: ASP.NET
14:14:33.800 [main] DEBUG org.apache.http.headers - http-outgoing-4 << X-ARR-ClientCert: -----BEGIN%20CERTIFICATE-----%0AMIIEHDCCAgSgAwIBAgIUZIZBO0fb7VZ4KXrs01S4RYbWyJ8wDQYJKoZIhvcNAQEL%0ABQAwJTEjMCEGA1UEAwwacm9vdGNlcnQuY2JpYmxpYW4uaW50ZXJuYWwwHhcNMjUw%0AODEzMTMyNTU5WhcNMjgwODEyMTMyNTU5WjAnMSUwIwYDVQQDDBxjbGllbnRjZXJ0%0ALmNiaWJsaWFuLmludGVybmFsMIIBIjANBgkqhkiG9w0BAQEFAAOCAQ8AMIIBCgKC%0AAQEAskUDap6NmyYq8RT6F7z3DpZGQiflNQTvUT84TmxsKXEBRAkgINnkJqgKkd7f%0ASEybzqglQTbr4s41lCiPsy3X66qYjU2L%2Bojhni%2BOCVOX7n3JBYovL%2FqfMP3%2FkhZP%0AQIlK%2FQWPcrnl39fYkGOQv%2BYqoCGEPzGkib2m1Ma5Q1HOCKh1ErMjqTLGy%2ByJj6JY%0AiZvMx3YrJSvjUS0uKpNwxPtGyiexRfKsmR%2FHqPzRHa0iY%2B752KSgUedwJPv1Wod%2B%0AY9BMAMIdU25UtkUEsaOYtorGWDaZSn2Bl0LYmP87kjcYypnHx0jtPtUCXfVHrE6u%0AZnDRFYsZbeXylY3mJkyOL2DzZwIDAQABo0IwQDAdBgNVHQ4EFgQURPhJwTAcUWUp%0ArOqQO68P%2FbJoqjMwHwYDVR0jBBgwFoAU7GdlxoSeEXucEXhjadHRC9xzS0UwDQYJ%0AKoZIhvcNAQELBQADggIBAGTnlyF2n%2F6s9phYbO8V17niO0BXB62ToX6gPhcw9f3y%0AhMui6RnrM1oiHlBWqZquCqYJ5ETvYJE1RqvoqtGysxCnIj0OTJHV4WtF3SHsd1Tu%0ATg%2B%2FUnGivtBTDQxj9sbAtCaSYRBqPByP8jvSTDgXR1mgOrEGjr2PZdZSoKLj4OHi%0A9UCMJw7pJsyA4lbroKshQTYv5Ks5SqtJpdp0%2BUX0UUlbPJqXiadfbKdoXvEgcwbP%0ACqR9v7kGYmNxfaGLNGVrV%2BnLawIDmdYXJE%2F4WJh6sHfiZxEsE%2BB4PoKADrb1Eapt%0AnSdHUgRfc0i5f2lcmErnU8nCMO5TWdHFOgpYwTS8w17FhNFZpaSmyZKM7uHcUs7y%0AUbuiQtdXocfSSMf%2FeycBEU%2FHAVIWQEqY%2BbJdC0q%2FR%2BsESeBtXd4IEIxR0QfgscGk%0AJyCSFC8z%2FvCgrRsH5rePqKO7%2FLAsDTP4GIQNFNfF4Wh6bsPXuJmvvoMcnmy%2F58Wo%0AE0XaG8UPHVAeyEmhncdM32E7SJbR91aRr2CkV23OoUz%2BwKG2%2FuObHmAkuMkCbbcz%0AJQoC7DZg5FGw%2BZR7v1DIBct5QNJQ8bG%2FXGRxjWC6dU7jrGhOF1X%2B2YYcdx9XnwyM%0A9YPxUy5bVfMhIiKP2wEso5fjOZ4RTvnB5R6zD3maJK%2FtZAXVhtyqXSkBYFi4MvEs%0A-----END%20CERTIFICATE-----%0A
14:14:33.800 [main] DEBUG org.apache.http.impl.execchain.MainClientExec - Connection can be kept alive indefinitely
14:14:33.802 [main] DEBUG org.apache.http.client.protocol.ResponseProcessCookies - Cookie accepted [ARRAffinity="135f536e0d078a815c3b83fda3468ab8a3a2abc604a35eefb28648d3961cfa9b", version:0, domain:app-apipanapay-qa.azurewebsites.net, path:/, expiry:null]
14:14:33.802 [main] DEBUG org.apache.http.client.protocol.ResponseProcessCookies - Cookie accepted [ARRAffinitySameSite="135f536e0d078a815c3b83fda3468ab8a3a2abc604a35eefb28648d3961cfa9b", version:0, domain:app-apipanapay-qa.azurewebsites.net, path:/, expiry:null]
14:14:33.802 [main] DEBUG org.apache.http.impl.conn.PoolingHttpClientConnectionManager - Connection [id: 4][route: {s}->https://apipanapayqa.coonecta.com.ec:443][state: CN=clientcert.cbiblian.internal] can be kept alive indefinitely
14:14:33.802 [main] DEBUG org.apache.http.impl.conn.DefaultManagedHttpClientConnection - http-outgoing-4: set socket timeout to 0
14:14:33.802 [main] DEBUG org.apache.http.impl.conn.PoolingHttpClientConnectionManager - Connection released: [id: 4][route: {s}->https://apipanapayqa.coonecta.com.ec:443][state: CN=clientcert.cbiblian.internal][total available: 1; route allocated: 1 of 5; total allocated: 1 of 10]
14:14:33.802 [main] DEBUG org.apache.http.impl.conn.PoolingHttpClientConnectionManager - Connection manager is shutting down
14:14:33.802 [main] DEBUG org.apache.http.impl.conn.DefaultManagedHttpClientConnection - http-outgoing-4: Close connection
14:14:33.802 [main] DEBUG org.apache.http.impl.conn.PoolingHttpClientConnectionManager - Connection manager shut down
14:14:33.802 [main] DEBUG com.intuit.karate - response time in milliseconds: 1983
1 < 400
1 < Date: Wed, 22 Oct 2025 19:14:26 GMT
1 < Content-Type: application/json; charset=utf-8
1 < Transfer-Encoding: chunked
1 < Connection: keep-alive
1 < Server: Kestrel
1 < Set-Cookie: ARRAffinity=135f536e0d078a815c3b83fda3468ab8a3a2abc604a35eefb28648d3961cfa9b;Path=/;HttpOnly;Secure;Domain=app-apipanapay-qa.azurewebsites.net
1 < Set-Cookie: ARRAffinitySameSite=135f536e0d078a815c3b83fda3468ab8a3a2abc604a35eefb28648d3961cfa9b;Path=/;HttpOnly;SameSite=None;Secure;Domain=app-apipanapay-qa.azurewebsites.net
1 < Request-Context: appId=cid-v1:a7a77847-2713-450f-9030-b350a2d54a28
1 < X-Powered-By: ASP.NET
1 < X-ARR-ClientCert: -----BEGIN%20CERTIFICATE-----%0AMIIEHDCCAgSgAwIBAgIUZIZBO0fb7VZ4KXrs01S4RYbWyJ8wDQYJKoZIhvcNAQEL%0ABQAwJTEjMCEGA1UEAwwacm9vdGNlcnQuY2JpYmxpYW4uaW50ZXJuYWwwHhcNMjUw%0AODEzMTMyNTU5WhcNMjgwODEyMTMyNTU5WjAnMSUwIwYDVQQDDBxjbGllbnRjZXJ0%0ALmNiaWJsaWFuLmludGVybmFsMIIBIjANBgkqhkiG9w0BAQEFAAOCAQ8AMIIBCgKC%0AAQEAskUDap6NmyYq8RT6F7z3DpZGQiflNQTvUT84TmxsKXEBRAkgINnkJqgKkd7f%0ASEybzqglQTbr4s41lCiPsy3X66qYjU2L%2Bojhni%2BOCVOX7n3JBYovL%2FqfMP3%2FkhZP%0AQIlK%2FQWPcrnl39fYkGOQv%2BYqoCGEPzGkib2m1Ma5Q1HOCKh1ErMjqTLGy%2ByJj6JY%0AiZvMx3YrJSvjUS0uKpNwxPtGyiexRfKsmR%2FHqPzRHa0iY%2B752KSgUedwJPv1Wod%2B%0AY9BMAMIdU25UtkUEsaOYtorGWDaZSn2Bl0LYmP87kjcYypnHx0jtPtUCXfVHrE6u%0AZnDRFYsZbeXylY3mJkyOL2DzZwIDAQABo0IwQDAdBgNVHQ4EFgQURPhJwTAcUWUp%0ArOqQO68P%2FbJoqjMwHwYDVR0jBBgwFoAU7GdlxoSeEXucEXhjadHRC9xzS0UwDQYJ%0AKoZIhvcNAQELBQADggIBAGTnlyF2n%2F6s9phYbO8V17niO0BXB62ToX6gPhcw9f3y%0AhMui6RnrM1oiHlBWqZquCqYJ5ETvYJE1RqvoqtGysxCnIj0OTJHV4WtF3SHsd1Tu%0ATg%2B%2FUnGivtBTDQxj9sbAtCaSYRBqPByP8jvSTDgXR1mgOrEGjr2PZdZSoKLj4OHi%0A9UCMJw7pJsyA4lbroKshQTYv5Ks5SqtJpdp0%2BUX0UUlbPJqXiadfbKdoXvEgcwbP%0ACqR9v7kGYmNxfaGLNGVrV%2BnLawIDmdYXJE%2F4WJh6sHfiZxEsE%2BB4PoKADrb1Eapt%0AnSdHUgRfc0i5f2lcmErnU8nCMO5TWdHFOgpYwTS8w17FhNFZpaSmyZKM7uHcUs7y%0AUbuiQtdXocfSSMf%2FeycBEU%2FHAVIWQEqY%2BbJdC0q%2FR%2BsESeBtXd4IEIxR0QfgscGk%0AJyCSFC8z%2FvCgrRsH5rePqKO7%2FLAsDTP4GIQNFNfF4Wh6bsPXuJmvvoMcnmy%2F58Wo%0AE0XaG8UPHVAeyEmhncdM32E7SJbR91aRr2CkV23OoUz%2BwKG2%2FuObHmAkuMkCbbcz%0AJQoC7DZg5FGw%2BZR7v1DIBct5QNJQ8bG%2FXGRxjWC6dU7jrGhOF1X%2B2YYcdx9XnwyM%0A9YPxUy5bVfMhIiKP2wEso5fjOZ4RTvnB5R6zD3maJK%2FtZAXVhtyqXSkBYFi4MvEs%0A-----END%20CERTIFICATE-----%0A
{"GrpHdr":{"MsgId":"000020251022020357","CreDtTm":"2025-10-22T14:14:25","NbOfTxs":1,"SttlmInf":{"SttlmMtd":"INGA"},"InstgAgt":{"FinInstnId":"0205"},"InstdAgt":{"FinInstnId":"0303"},"Mge":{"Type":"acmt.998.322.001"},"ChnlId":"APP"},"CdtTrfTxInf":{"OrgnGrpInf":{"OrgnlMsgId":"02052025102254033468134","OrgnlMgeType":"acmt.998.321.01","OrgnlCreDtTm":"2025-10-22T14:14:31"},"TxSts":"ERR","Rsn":{"RsnCd":"AB09","AddtlInf":"No se encontró la Entidad Financiera receptora."},"SttlmDt":"2025-10-22"}}

14:14:33.807 [main] ERROR com.intuit.karate - classpath:Transferencia.feature:198
Then match responseStatus in normalizedStatus
no step-definition method match found for: match responseStatus in normalizedStatus
classpath:Transferencia.feature:198
]]></system-out>
  </testcase>
  <testcase name="[5:202] Transferencia no exitosa, el codigo IBAN es el mismo del ordenante y receptor" classname="Transferencia" time="1.771">
    <failure message="no step-definition method match found for: match responseStatus in normalizedStatus&#10;classpath:Transferencia.feature:209" type="org.opentest4j.AssertionFailedError"><![CDATA[org.opentest4j.AssertionFailedError: 
no step-definition method match found for: match responseStatus in normalizedStatus
classpath:Transferencia.feature:209
	at org.junit.jupiter.api.AssertionUtils.fail(AssertionUtils.java:38)
	at org.junit.jupiter.api.Assertions.fail(Assertions.java:135)
	at com.intuit.karate.junit5.FeatureNode.lambda$next$1(FeatureNode.java:86)
	at org.junit.jupiter.engine.descriptor.DynamicTestTestDescriptor.lambda$execute$0(DynamicTestTestDescriptor.java:53)
	at org.junit.jupiter.engine.execution.InvocationInterceptorChain$ValidatingInvocation.proceed(InvocationInterceptorChain.java:131)
	at org.junit.jupiter.api.extension.InvocationInterceptor.interceptDynamicTest(InvocationInterceptor.java:167)
	at org.junit.jupiter.api.extension.InvocationInterceptor.interceptDynamicTest(InvocationInterceptor.java:184)
	at org.junit.jupiter.engine.descriptor.DynamicTestTestDescriptor.lambda$execute$1(DynamicTestTestDescriptor.java:61)
	at org.junit.jupiter.engine.execution.InvocationInterceptorChain$InterceptorCall.lambda$ofVoid$0(InvocationInterceptorChain.java:78)
	at org.junit.jupiter.engine.execution.InvocationInterceptorChain$InterceptedInvocation.proceed(InvocationInterceptorChain.java:106)
	at org.junit.jupiter.engine.execution.InvocationInterceptorChain.proceed(InvocationInterceptorChain.java:64)
	at org.junit.jupiter.engine.execution.InvocationInterceptorChain.chainAndInvoke(InvocationInterceptorChain.java:45)
	at org.junit.jupiter.engine.execution.InvocationInterceptorChain.invoke(InvocationInterceptorChain.java:37)
	at org.junit.jupiter.engine.descriptor.DynamicTestTestDescriptor.execute(DynamicTestTestDescriptor.java:60)
	at org.junit.jupiter.engine.descriptor.DynamicTestTestDescriptor.execute(DynamicTestTestDescriptor.java:32)
	at org.junit.platform.engine.support.hierarchical.NodeTestTask.lambda$executeRecursively$6(NodeTestTask.java:151)
	at org.junit.platform.engine.support.hierarchical.ThrowableCollector.execute(ThrowableCollector.java:73)
	at org.junit.platform.engine.support.hierarchical.NodeTestTask.lambda$executeRecursively$8(NodeTestTask.java:141)
	at org.junit.platform.engine.support.hierarchical.Node.around(Node.java:137)
	at org.junit.platform.engine.support.hierarchical.NodeTestTask.lambda$executeRecursively$9(NodeTestTask.java:139)
	at org.junit.platform.engine.support.hierarchical.ThrowableCollector.execute(ThrowableCollector.java:73)
	at org.junit.platform.engine.support.hierarchical.NodeTestTask.executeRecursively(NodeTestTask.java:138)
	at org.junit.platform.engine.support.hierarchical.NodeTestTask.execute(NodeTestTask.java:95)
	at org.junit.platform.engine.support.hierarchical.SameThreadHierarchicalTestExecutorService.submit(SameThreadHierarchicalTestExecutorService.java:35)
	at org.junit.platform.engine.support.hierarchical.NodeTestTask$DefaultDynamicTestExecutor.execute(NodeTestTask.java:226)
	at org.junit.platform.engine.support.hierarchical.NodeTestTask$DefaultDynamicTestExecutor.execute(NodeTestTask.java:204)
	at java.base/java.util.stream.ForEachOps$ForEachOp$OfRef.accept(ForEachOps.java:183)
	at java.base/java.util.stream.ReferencePipeline$3$1.accept(ReferencePipeline.java:197)
	at java.base/java.util.stream.ReferencePipeline$2$1.accept(ReferencePipeline.java:179)
	at java.base/java.util.stream.ReferencePipeline$3$1.accept(ReferencePipeline.java:197)
	at java.base/java.util.Iterator.forEachRemaining(Iterator.java:133)
	at java.base/java.util.Spliterators$IteratorSpliterator.forEachRemaining(Spliterators.java:1845)
	at java.base/java.util.stream.AbstractPipeline.copyInto(AbstractPipeline.java:509)
	at java.base/java.util.stream.AbstractPipeline.wrapAndCopyInto(AbstractPipeline.java:499)
	at java.base/java.util.stream.ForEachOps$ForEachOp.evaluateSequential(ForEachOps.java:150)
	at java.base/java.util.stream.ForEachOps$ForEachOp$OfRef.evaluateSequential(ForEachOps.java:173)
	at java.base/java.util.stream.AbstractPipeline.evaluate(AbstractPipeline.java:234)
	at java.base/java.util.stream.ReferencePipeline.forEachOrdered(ReferencePipeline.java:601)
	at org.junit.jupiter.engine.descriptor.DynamicContainerTestDescriptor.execute(DynamicContainerTestDescriptor.java:67)
	at org.junit.jupiter.engine.descriptor.DynamicContainerTestDescriptor.execute(DynamicContainerTestDescriptor.java:33)
	at org.junit.platform.engine.support.hierarchical.NodeTestTask.lambda$executeRecursively$6(NodeTestTask.java:151)
	at org.junit.platform.engine.support.hierarchical.ThrowableCollector.execute(ThrowableCollector.java:73)
	at org.junit.platform.engine.support.hierarchical.NodeTestTask.lambda$executeRecursively$8(NodeTestTask.java:141)
	at org.junit.platform.engine.support.hierarchical.Node.around(Node.java:137)
	at org.junit.platform.engine.support.hierarchical.NodeTestTask.lambda$executeRecursively$9(NodeTestTask.java:139)
	at org.junit.platform.engine.support.hierarchical.ThrowableCollector.execute(ThrowableCollector.java:73)
	at org.junit.platform.engine.support.hierarchical.NodeTestTask.executeRecursively(NodeTestTask.java:138)
	at org.junit.platform.engine.support.hierarchical.NodeTestTask.execute(NodeTestTask.java:95)
	at org.junit.platform.engine.support.hierarchical.SameThreadHierarchicalTestExecutorService.submit(SameThreadHierarchicalTestExecutorService.java:35)
	at org.junit.platform.engine.support.hierarchical.NodeTestTask$DefaultDynamicTestExecutor.execute(NodeTestTask.java:226)
	at org.junit.platform.engine.support.hierarchical.NodeTestTask$DefaultDynamicTestExecutor.execute(NodeTestTask.java:204)
	at java.base/java.util.Optional.ifPresent(Optional.java:178)
	at org.junit.jupiter.engine.descriptor.TestFactoryTestDescriptor.lambda$invokeTestMethod$1(TestFactoryTestDescriptor.java:108)
	at org.junit.platform.engine.support.hierarchical.ThrowableCollector.execute(ThrowableCollector.java:73)
	at org.junit.jupiter.engine.descriptor.TestFactoryTestDescriptor.invokeTestMethod(TestFactoryTestDescriptor.java:95)
	at org.junit.jupiter.engine.descriptor.TestMethodTestDescriptor.execute(TestMethodTestDescriptor.java:138)
	at org.junit.jupiter.engine.descriptor.TestMethodTestDescriptor.execute(TestMethodTestDescriptor.java:68)
	at org.junit.platform.engine.support.hierarchical.NodeTestTask.lambda$executeRecursively$6(NodeTestTask.java:151)
	at org.junit.platform.engine.support.hierarchical.ThrowableCollector.execute(ThrowableCollector.java:73)
	at org.junit.platform.engine.support.hierarchical.NodeTestTask.lambda$executeRecursively$8(NodeTestTask.java:141)
	at org.junit.platform.engine.support.hierarchical.Node.around(Node.java:137)
	at org.junit.platform.engine.support.hierarchical.NodeTestTask.lambda$executeRecursively$9(NodeTestTask.java:139)
	at org.junit.platform.engine.support.hierarchical.ThrowableCollector.execute(ThrowableCollector.java:73)
	at org.junit.platform.engine.support.hierarchical.NodeTestTask.executeRecursively(NodeTestTask.java:138)
	at org.junit.platform.engine.support.hierarchical.NodeTestTask.execute(NodeTestTask.java:95)
	at java.base/java.util.ArrayList.forEach(ArrayList.java:1511)
	at org.junit.platform.engine.support.hierarchical.SameThreadHierarchicalTestExecutorService.invokeAll(SameThreadHierarchicalTestExecutorService.java:41)
	at org.junit.platform.engine.support.hierarchical.NodeTestTask.lambda$executeRecursively$6(NodeTestTask.java:155)
	at org.junit.platform.engine.support.hierarchical.ThrowableCollector.execute(ThrowableCollector.java:73)
	at org.junit.platform.engine.support.hierarchical.NodeTestTask.lambda$executeRecursively$8(NodeTestTask.java:141)
	at org.junit.platform.engine.support.hierarchical.Node.around(Node.java:137)
	at org.junit.platform.engine.support.hierarchical.NodeTestTask.lambda$executeRecursively$9(NodeTestTask.java:139)
	at org.junit.platform.engine.support.hierarchical.ThrowableCollector.execute(ThrowableCollector.java:73)
	at org.junit.platform.engine.support.hierarchical.NodeTestTask.executeRecursively(NodeTestTask.java:138)
	at org.junit.platform.engine.support.hierarchical.NodeTestTask.execute(NodeTestTask.java:95)
	at java.base/java.util.ArrayList.forEach(ArrayList.java:1511)
	at org.junit.platform.engine.support.hierarchical.SameThreadHierarchicalTestExecutorService.invokeAll(SameThreadHierarchicalTestExecutorService.java:41)
	at org.junit.platform.engine.support.hierarchical.NodeTestTask.lambda$executeRecursively$6(NodeTestTask.java:155)
	at org.junit.platform.engine.support.hierarchical.ThrowableCollector.execute(ThrowableCollector.java:73)
	at org.junit.platform.engine.support.hierarchical.NodeTestTask.lambda$executeRecursively$8(NodeTestTask.java:141)
	at org.junit.platform.engine.support.hierarchical.Node.around(Node.java:137)
	at org.junit.platform.engine.support.hierarchical.NodeTestTask.lambda$executeRecursively$9(NodeTestTask.java:139)
	at org.junit.platform.engine.support.hierarchical.ThrowableCollector.execute(ThrowableCollector.java:73)
	at org.junit.platform.engine.support.hierarchical.NodeTestTask.executeRecursively(NodeTestTask.java:138)
	at org.junit.platform.engine.support.hierarchical.NodeTestTask.execute(NodeTestTask.java:95)
	at org.junit.platform.engine.support.hierarchical.SameThreadHierarchicalTestExecutorService.submit(SameThreadHierarchicalTestExecutorService.java:35)
	at org.junit.platform.engine.support.hierarchical.HierarchicalTestExecutor.execute(HierarchicalTestExecutor.java:57)
	at org.junit.platform.engine.support.hierarchical.HierarchicalTestEngine.execute(HierarchicalTestEngine.java:54)
	at org.junit.platform.launcher.core.EngineExecutionOrchestrator.execute(EngineExecutionOrchestrator.java:147)
	at org.junit.platform.launcher.core.EngineExecutionOrchestrator.execute(EngineExecutionOrchestrator.java:127)
	at org.junit.platform.launcher.core.EngineExecutionOrchestrator.execute(EngineExecutionOrchestrator.java:90)
	at org.junit.platform.launcher.core.EngineExecutionOrchestrator.lambda$execute$0(EngineExecutionOrchestrator.java:55)
	at org.junit.platform.launcher.core.EngineExecutionOrchestrator.withInterceptedStreams(EngineExecutionOrchestrator.java:102)
	at org.junit.platform.launcher.core.EngineExecutionOrchestrator.execute(EngineExecutionOrchestrator.java:54)
	at org.junit.platform.launcher.core.DefaultLauncher.execute(DefaultLauncher.java:114)
	at org.junit.platform.launcher.core.DefaultLauncher.execute(DefaultLauncher.java:86)
	at org.junit.platform.launcher.core.DefaultLauncherSession$DelegatingLauncher.execute(DefaultLauncherSession.java:86)
	at org.apache.maven.surefire.junitplatform.LazyLauncher.execute(LazyLauncher.java:56)
	at org.apache.maven.surefire.junitplatform.JUnitPlatformProvider.execute(JUnitPlatformProvider.java:184)
	at org.apache.maven.surefire.junitplatform.JUnitPlatformProvider.invokeAllTests(JUnitPlatformProvider.java:148)
	at org.apache.maven.surefire.junitplatform.JUnitPlatformProvider.invoke(JUnitPlatformProvider.java:122)
	at org.apache.maven.surefire.booter.ForkedBooter.runSuitesInProcess(ForkedBooter.java:385)
	at org.apache.maven.surefire.booter.ForkedBooter.execute(ForkedBooter.java:162)
	at org.apache.maven.surefire.booter.ForkedBooter.run(ForkedBooter.java:507)
	at org.apache.maven.surefire.booter.ForkedBooter.main(ForkedBooter.java:495)
]]></failure>
    <system-out><![CDATA[14:14:33.835 [main] DEBUG com.intuit.karate - key store key count for classpath:certificado/clientcert.cbiblian.internal 1.pfx: 1
14:14:33.851 [main] DEBUG com.jayway.jsonpath.internal.path.CompiledPath - Evaluating path: $
14:14:33.852 [main] DEBUG com.jayway.jsonpath.internal.path.CompiledPath - Evaluating path: $['Authorization']
14:14:33.854 [main] DEBUG com.jayway.jsonpath.internal.path.CompiledPath - Evaluating path: $
14:14:33.854 [main] DEBUG com.jayway.jsonpath.internal.path.CompiledPath - Evaluating path: $
14:14:33.854 [main] DEBUG com.jayway.jsonpath.internal.JsonContext - Put path $ key Authorization value {}
14:14:33.854 [main] DEBUG com.jayway.jsonpath.internal.path.CompiledPath - Evaluating path: $
14:14:33.854 [main] DEBUG com.jayway.jsonpath.internal.JsonContext - Put path $ key Authorization value Bearer eyJhbGciOiJSUzI1NiIsInR5cCIgOiAiSldUIiwia2lkIiA6ICI2dUJWTkN6VlViUFBlTFdReEM0WDAyYVM3UnM2UGRYV1dja1dfc0xZMHlFIn0.eyJleHAiOjE3NjExNjA3NTAsImlhdCI6MTc2MTE2MDQ1MCwianRpIjoidHJydGNjOjQ5Yjg0NDVjLTgzYTAtMjI4Ni02NDczLWE2ZGEzOTBhOWQ0YSIsImlzcyI6Imh0dHBzOi8vYXV0ZW50aWNhY2lvbnFhLmNvb25lY3RhLmNvbS5lYy9hdXRoL3JlYWxtcy9QQU5BUEFZIiwiYXVkIjoiYWNjb3VudCIsInN1YiI6Ijk5OGMyZmUwLTJjOGYtNGQwNC1iZjExLWY1OWExZTM5ODg3MyIsInR5cCI6IkJlYXJlciIsImF6cCI6IjAyMDVjYiIsImFjciI6IjEiLCJhbGxvd2VkLW9yaWdpbnMiOlsiLyoiXSwicmVhbG1fYWNjZXNzIjp7InJvbGVzIjpbImRlZmF1bHQtcm9sZXMtYWRtaW5wYW5hcGF5Iiwib2ZmbGluZV9hY2Nlc3MiLCJ1bWFfYXV0aG9yaXphdGlvbiJdfSwicmVzb3VyY2VfYWNjZXNzIjp7IjAyMDVjYiI6eyJyb2xlcyI6WyJ1bWFfcHJvdGVjdGlvbiJdfSwiYWNjb3VudCI6eyJyb2xlcyI6WyJtYW5hZ2UtYWNjb3VudCIsIm1hbmFnZS1hY2NvdW50LWxpbmtzIiwidmlldy1wcm9maWxlIl19fSwic2NvcGUiOiJwcm9maWxlIGVtYWlsIiwiZW1haWxfdmVyaWZpZWQiOmZhbHNlLCJjbGllbnRIb3N0IjoiMTAuMTAuMTAuMTUxIiwicHJlZmVycmVkX3VzZXJuYW1lIjoic2VydmljZS1hY2NvdW50LTAyMDVjYiIsImNsaWVudEFkZHJlc3MiOiIxMC4xMC4xMC4xNTEiLCJjbGllbnRfaWQiOiIwMjA1Y2IifQ.bATUogohrEqy7Voa4mFnsBzOnGy6tnjZGh_lOYRn-0hWXMY_fz-280nTu2Vv68eO3HeoewtWlt45S_iLI2-ml3pqpAlt3DXWVmLvVHw6d7TICHBfQsa0jGXMexKnyar7EinrVhF3deSK25Ap_ajC_82EvVvXrVG-7p9F1dEdq39y2R72JympejF5uhY_z_jNmqJSsnLEZVOo3WMJn76u9tTcYVIldC5uWGFWbPGEhvWPx4ZGpsuq_wrPOGdRmyJDFJPJl7LnLGHK0DBhuVtJUq_NFQkMus2fTTf_mWhRnoqNU-wUCS-fxMs6QusGzIVd-C3O29J3rerHTrGg21LAsQ
14:14:33.854 [main] DEBUG com.jayway.jsonpath.internal.path.CompiledPath - Evaluating path: $
14:14:33.867 [main] DEBUG com.jayway.jsonpath.internal.path.CompiledPath - Evaluating path: $
14:14:33.912 [main] DEBUG org.apache.http.client.protocol.RequestAddCookies - CookieSpec selected: karate
14:14:33.912 [main] DEBUG org.apache.http.client.protocol.RequestAuthCache - Auth cache not set in the context
14:14:33.912 [main] DEBUG com.intuit.karate - request:
1 > POST https://apipanapayqa.coonecta.com.ec/api/switchcentral/finan/transferencia
1 > Content-Type: application/json; charset=UTF-8
1 > Authorization: Bearer eyJhbGciOiJSUzI1NiIsInR5cCIgOiAiSldUIiwia2lkIiA6ICI2dUJWTkN6VlViUFBlTFdReEM0WDAyYVM3UnM2UGRYV1dja1dfc0xZMHlFIn0.eyJleHAiOjE3NjExNjA3NTAsImlhdCI6MTc2MTE2MDQ1MCwianRpIjoidHJydGNjOjQ5Yjg0NDVjLTgzYTAtMjI4Ni02NDczLWE2ZGEzOTBhOWQ0YSIsImlzcyI6Imh0dHBzOi8vYXV0ZW50aWNhY2lvbnFhLmNvb25lY3RhLmNvbS5lYy9hdXRoL3JlYWxtcy9QQU5BUEFZIiwiYXVkIjoiYWNjb3VudCIsInN1YiI6Ijk5OGMyZmUwLTJjOGYtNGQwNC1iZjExLWY1OWExZTM5ODg3MyIsInR5cCI6IkJlYXJlciIsImF6cCI6IjAyMDVjYiIsImFjciI6IjEiLCJhbGxvd2VkLW9yaWdpbnMiOlsiLyoiXSwicmVhbG1fYWNjZXNzIjp7InJvbGVzIjpbImRlZmF1bHQtcm9sZXMtYWRtaW5wYW5hcGF5Iiwib2ZmbGluZV9hY2Nlc3MiLCJ1bWFfYXV0aG9yaXphdGlvbiJdfSwicmVzb3VyY2VfYWNjZXNzIjp7IjAyMDVjYiI6eyJyb2xlcyI6WyJ1bWFfcHJvdGVjdGlvbiJdfSwiYWNjb3VudCI6eyJyb2xlcyI6WyJtYW5hZ2UtYWNjb3VudCIsIm1hbmFnZS1hY2NvdW50LWxpbmtzIiwidmlldy1wcm9maWxlIl19fSwic2NvcGUiOiJwcm9maWxlIGVtYWlsIiwiZW1haWxfdmVyaWZpZWQiOmZhbHNlLCJjbGllbnRIb3N0IjoiMTAuMTAuMTAuMTUxIiwicHJlZmVycmVkX3VzZXJuYW1lIjoic2VydmljZS1hY2NvdW50LTAyMDVjYiIsImNsaWVudEFkZHJlc3MiOiIxMC4xMC4xMC4xNTEiLCJjbGllbnRfaWQiOiIwMjA1Y2IifQ.bATUogohrEqy7Voa4mFnsBzOnGy6tnjZGh_lOYRn-0hWXMY_fz-280nTu2Vv68eO3HeoewtWlt45S_iLI2-ml3pqpAlt3DXWVmLvVHw6d7TICHBfQsa0jGXMexKnyar7EinrVhF3deSK25Ap_ajC_82EvVvXrVG-7p9F1dEdq39y2R72JympejF5uhY_z_jNmqJSsnLEZVOo3WMJn76u9tTcYVIldC5uWGFWbPGEhvWPx4ZGpsuq_wrPOGdRmyJDFJPJl7LnLGHK0DBhuVtJUq_NFQkMus2fTTf_mWhRnoqNU-wUCS-fxMs6QusGzIVd-C3O29J3rerHTrGg21LAsQ
1 > Content-Length: 509
1 > Host: apipanapayqa.coonecta.com.ec
1 > Connection: Keep-Alive
1 > User-Agent: Apache-HttpClient/4.5.14 (Java/17.0.12)
1 > Accept-Encoding: gzip,deflate
{"GrpHdr":{"msgId":"02052025102257623160483","creDtTm":"2025-10-22T14:14:33","nbOfTxs":1,"sttlmInf":{"sttlmMtd":"INGA"},"instgAgt":{"finInstnId":"0205"},"InstdAgt":{"FinInstnId":"0205"},"Mge":{"Type":"acmt.998.321.01"},"ChnlId":"APP"},"CdtTrfTxInf":{"PmtId":{"EndToEndId":"02052025102284731"},"IntrBkSttlmAmt":{"Amt":1,"Ccy":"USD"},"DbtrAcctId":{"IBAN":"EC5002051000000000020501052673"},"CdtrAcctId":{"IBAN":"EC5002051000000000020501052673"},"Prtry":{"CustRef":"QA22","ChanRef":"TERM001","AgtRef":"AGT0002"}}}

14:14:33.912 [main] DEBUG org.apache.http.impl.conn.PoolingHttpClientConnectionManager - Connection request: [route: {s}->https://apipanapayqa.coonecta.com.ec:443][total available: 0; route allocated: 0 of 5; total allocated: 0 of 10]
14:14:33.912 [main] DEBUG org.apache.http.impl.conn.PoolingHttpClientConnectionManager - Connection leased: [id: 5][route: {s}->https://apipanapayqa.coonecta.com.ec:443][total available: 0; route allocated: 1 of 5; total allocated: 1 of 10]
14:14:33.912 [main] DEBUG org.apache.http.impl.execchain.MainClientExec - Opening connection {s}->https://apipanapayqa.coonecta.com.ec:443
14:14:33.912 [main] DEBUG org.apache.http.impl.conn.DefaultHttpClientConnectionOperator - Connecting to apipanapayqa.coonecta.com.ec/10.1.0.133:443
14:14:33.912 [main] DEBUG org.apache.http.conn.ssl.SSLConnectionSocketFactory - Connecting socket to apipanapayqa.coonecta.com.ec/10.1.0.133:443 with timeout 30000
14:14:34.001 [main] DEBUG org.apache.http.conn.ssl.SSLConnectionSocketFactory - Enabled protocols: [TLSv1.3, TLSv1.2]
14:14:34.001 [main] DEBUG org.apache.http.conn.ssl.SSLConnectionSocketFactory - Enabled cipher suites:[TLS_AES_256_GCM_SHA384, TLS_AES_128_GCM_SHA256, TLS_CHACHA20_POLY1305_SHA256, TLS_ECDHE_ECDSA_WITH_AES_256_GCM_SHA384, TLS_ECDHE_ECDSA_WITH_AES_128_GCM_SHA256, TLS_ECDHE_ECDSA_WITH_CHACHA20_POLY1305_SHA256, TLS_ECDHE_RSA_WITH_AES_256_GCM_SHA384, TLS_ECDHE_RSA_WITH_CHACHA20_POLY1305_SHA256, TLS_ECDHE_RSA_WITH_AES_128_GCM_SHA256, TLS_DHE_RSA_WITH_AES_256_GCM_SHA384, TLS_DHE_RSA_WITH_CHACHA20_POLY1305_SHA256, TLS_DHE_DSS_WITH_AES_256_GCM_SHA384, TLS_DHE_RSA_WITH_AES_128_GCM_SHA256, TLS_DHE_DSS_WITH_AES_128_GCM_SHA256, TLS_ECDHE_ECDSA_WITH_AES_256_CBC_SHA384, TLS_ECDHE_RSA_WITH_AES_256_CBC_SHA384, TLS_ECDHE_ECDSA_WITH_AES_128_CBC_SHA256, TLS_ECDHE_RSA_WITH_AES_128_CBC_SHA256, TLS_DHE_RSA_WITH_AES_256_CBC_SHA256, TLS_DHE_DSS_WITH_AES_256_CBC_SHA256, TLS_DHE_RSA_WITH_AES_128_CBC_SHA256, TLS_DHE_DSS_WITH_AES_128_CBC_SHA256, TLS_ECDH_ECDSA_WITH_AES_256_GCM_SHA384, TLS_ECDH_RSA_WITH_AES_256_GCM_SHA384, TLS_ECDH_ECDSA_WITH_AES_128_GCM_SHA256, TLS_ECDH_RSA_WITH_AES_128_GCM_SHA256, TLS_ECDH_ECDSA_WITH_AES_256_CBC_SHA384, TLS_ECDH_RSA_WITH_AES_256_CBC_SHA384, TLS_ECDH_ECDSA_WITH_AES_128_CBC_SHA256, TLS_ECDH_RSA_WITH_AES_128_CBC_SHA256, TLS_ECDHE_ECDSA_WITH_AES_256_CBC_SHA, TLS_ECDHE_RSA_WITH_AES_256_CBC_SHA, TLS_ECDHE_ECDSA_WITH_AES_128_CBC_SHA, TLS_ECDHE_RSA_WITH_AES_128_CBC_SHA, TLS_DHE_RSA_WITH_AES_256_CBC_SHA, TLS_DHE_DSS_WITH_AES_256_CBC_SHA, TLS_DHE_RSA_WITH_AES_128_CBC_SHA, TLS_DHE_DSS_WITH_AES_128_CBC_SHA, TLS_ECDH_ECDSA_WITH_AES_256_CBC_SHA, TLS_ECDH_RSA_WITH_AES_256_CBC_SHA, TLS_ECDH_ECDSA_WITH_AES_128_CBC_SHA, TLS_ECDH_RSA_WITH_AES_128_CBC_SHA, TLS_RSA_WITH_AES_256_GCM_SHA384, TLS_RSA_WITH_AES_128_GCM_SHA256, TLS_RSA_WITH_AES_256_CBC_SHA256, TLS_RSA_WITH_AES_128_CBC_SHA256, TLS_RSA_WITH_AES_256_CBC_SHA, TLS_RSA_WITH_AES_128_CBC_SHA, TLS_EMPTY_RENEGOTIATION_INFO_SCSV]
14:14:34.001 [main] DEBUG org.apache.http.conn.ssl.SSLConnectionSocketFactory - Starting handshake
14:14:34.191 [main] DEBUG org.apache.http.conn.ssl.SSLConnectionSocketFactory - Secure session established
14:14:34.191 [main] DEBUG org.apache.http.conn.ssl.SSLConnectionSocketFactory -  negotiated protocol: TLSv1.3
14:14:34.191 [main] DEBUG org.apache.http.conn.ssl.SSLConnectionSocketFactory -  negotiated cipher suite: TLS_AES_256_GCM_SHA384
14:14:34.191 [main] DEBUG org.apache.http.conn.ssl.SSLConnectionSocketFactory -  peer principal: CN=apipanapayqa.coonecta.com.ec, O=Red Transaccional Cooperativa S.A. RTC, L=Quito, ST=Pichincha, C=EC
14:14:34.191 [main] DEBUG org.apache.http.conn.ssl.SSLConnectionSocketFactory -  peer alternative names: [apipanapayqa.coonecta.com.ec]
14:14:34.191 [main] DEBUG org.apache.http.conn.ssl.SSLConnectionSocketFactory -  issuer principal: CN=DigiCert Global G2 TLS RSA SHA256 2020 CA1, O=DigiCert Inc, C=US
14:14:34.191 [main] DEBUG org.apache.http.impl.conn.DefaultHttpClientConnectionOperator - Connection established 10.10.10.151:54134<->10.1.0.133:443
14:14:34.191 [main] DEBUG org.apache.http.impl.conn.DefaultManagedHttpClientConnection - http-outgoing-5: set socket timeout to 30000
14:14:34.191 [main] DEBUG org.apache.http.impl.execchain.MainClientExec - Executing request POST /api/switchcentral/finan/transferencia HTTP/1.1
14:14:34.191 [main] DEBUG org.apache.http.impl.execchain.MainClientExec - Proxy auth state: UNCHALLENGED
14:14:34.191 [main] DEBUG org.apache.http.headers - http-outgoing-5 >> POST /api/switchcentral/finan/transferencia HTTP/1.1
14:14:34.191 [main] DEBUG org.apache.http.headers - http-outgoing-5 >> Content-Type: application/json; charset=UTF-8
14:14:34.192 [main] DEBUG org.apache.http.headers - http-outgoing-5 >> Authorization: Bearer eyJhbGciOiJSUzI1NiIsInR5cCIgOiAiSldUIiwia2lkIiA6ICI2dUJWTkN6VlViUFBlTFdReEM0WDAyYVM3UnM2UGRYV1dja1dfc0xZMHlFIn0.eyJleHAiOjE3NjExNjA3NTAsImlhdCI6MTc2MTE2MDQ1MCwianRpIjoidHJydGNjOjQ5Yjg0NDVjLTgzYTAtMjI4Ni02NDczLWE2ZGEzOTBhOWQ0YSIsImlzcyI6Imh0dHBzOi8vYXV0ZW50aWNhY2lvbnFhLmNvb25lY3RhLmNvbS5lYy9hdXRoL3JlYWxtcy9QQU5BUEFZIiwiYXVkIjoiYWNjb3VudCIsInN1YiI6Ijk5OGMyZmUwLTJjOGYtNGQwNC1iZjExLWY1OWExZTM5ODg3MyIsInR5cCI6IkJlYXJlciIsImF6cCI6IjAyMDVjYiIsImFjciI6IjEiLCJhbGxvd2VkLW9yaWdpbnMiOlsiLyoiXSwicmVhbG1fYWNjZXNzIjp7InJvbGVzIjpbImRlZmF1bHQtcm9sZXMtYWRtaW5wYW5hcGF5Iiwib2ZmbGluZV9hY2Nlc3MiLCJ1bWFfYXV0aG9yaXphdGlvbiJdfSwicmVzb3VyY2VfYWNjZXNzIjp7IjAyMDVjYiI6eyJyb2xlcyI6WyJ1bWFfcHJvdGVjdGlvbiJdfSwiYWNjb3VudCI6eyJyb2xlcyI6WyJtYW5hZ2UtYWNjb3VudCIsIm1hbmFnZS1hY2NvdW50LWxpbmtzIiwidmlldy1wcm9maWxlIl19fSwic2NvcGUiOiJwcm9maWxlIGVtYWlsIiwiZW1haWxfdmVyaWZpZWQiOmZhbHNlLCJjbGllbnRIb3N0IjoiMTAuMTAuMTAuMTUxIiwicHJlZmVycmVkX3VzZXJuYW1lIjoic2VydmljZS1hY2NvdW50LTAyMDVjYiIsImNsaWVudEFkZHJlc3MiOiIxMC4xMC4xMC4xNTEiLCJjbGllbnRfaWQiOiIwMjA1Y2IifQ.bATUogohrEqy7Voa4mFnsBzOnGy6tnjZGh_lOYRn-0hWXMY_fz-280nTu2Vv68eO3HeoewtWlt45S_iLI2-ml3pqpAlt3DXWVmLvVHw6d7TICHBfQsa0jGXMexKnyar7EinrVhF3deSK25Ap_ajC_82EvVvXrVG-7p9F1dEdq39y2R72JympejF5uhY_z_jNmqJSsnLEZVOo3WMJn76u9tTcYVIldC5uWGFWbPGEhvWPx4ZGpsuq_wrPOGdRmyJDFJPJl7LnLGHK0DBhuVtJUq_NFQkMus2fTTf_mWhRnoqNU-wUCS-fxMs6QusGzIVd-C3O29J3rerHTrGg21LAsQ
14:14:34.192 [main] DEBUG org.apache.http.headers - http-outgoing-5 >> Content-Length: 509
14:14:34.192 [main] DEBUG org.apache.http.headers - http-outgoing-5 >> Host: apipanapayqa.coonecta.com.ec
14:14:34.192 [main] DEBUG org.apache.http.headers - http-outgoing-5 >> Connection: Keep-Alive
14:14:34.192 [main] DEBUG org.apache.http.headers - http-outgoing-5 >> User-Agent: Apache-HttpClient/4.5.14 (Java/17.0.12)
14:14:34.192 [main] DEBUG org.apache.http.headers - http-outgoing-5 >> Accept-Encoding: gzip,deflate
14:14:34.192 [main] DEBUG org.apache.http.wire - http-outgoing-5 >> "POST /api/switchcentral/finan/transferencia HTTP/1.1[\r][\n]"
14:14:34.192 [main] DEBUG org.apache.http.wire - http-outgoing-5 >> "Content-Type: application/json; charset=UTF-8[\r][\n]"
14:14:34.192 [main] DEBUG org.apache.http.wire - http-outgoing-5 >> "Authorization: Bearer eyJhbGciOiJSUzI1NiIsInR5cCIgOiAiSldUIiwia2lkIiA6ICI2dUJWTkN6VlViUFBlTFdReEM0WDAyYVM3UnM2UGRYV1dja1dfc0xZMHlFIn0.eyJleHAiOjE3NjExNjA3NTAsImlhdCI6MTc2MTE2MDQ1MCwianRpIjoidHJydGNjOjQ5Yjg0NDVjLTgzYTAtMjI4Ni02NDczLWE2ZGEzOTBhOWQ0YSIsImlzcyI6Imh0dHBzOi8vYXV0ZW50aWNhY2lvbnFhLmNvb25lY3RhLmNvbS5lYy9hdXRoL3JlYWxtcy9QQU5BUEFZIiwiYXVkIjoiYWNjb3VudCIsInN1YiI6Ijk5OGMyZmUwLTJjOGYtNGQwNC1iZjExLWY1OWExZTM5ODg3MyIsInR5cCI6IkJlYXJlciIsImF6cCI6IjAyMDVjYiIsImFjciI6IjEiLCJhbGxvd2VkLW9yaWdpbnMiOlsiLyoiXSwicmVhbG1fYWNjZXNzIjp7InJvbGVzIjpbImRlZmF1bHQtcm9sZXMtYWRtaW5wYW5hcGF5Iiwib2ZmbGluZV9hY2Nlc3MiLCJ1bWFfYXV0aG9yaXphdGlvbiJdfSwicmVzb3VyY2VfYWNjZXNzIjp7IjAyMDVjYiI6eyJyb2xlcyI6WyJ1bWFfcHJvdGVjdGlvbiJdfSwiYWNjb3VudCI6eyJyb2xlcyI6WyJtYW5hZ2UtYWNjb3VudCIsIm1hbmFnZS1hY2NvdW50LWxpbmtzIiwidmlldy1wcm9maWxlIl19fSwic2NvcGUiOiJwcm9maWxlIGVtYWlsIiwiZW1haWxfdmVyaWZpZWQiOmZhbHNlLCJjbGllbnRIb3N0IjoiMTAuMTAuMTAuMTUxIiwicHJlZmVycmVkX3VzZXJuYW1lIjoic2VydmljZS1hY2NvdW50LTAyMDVjYiIsImNsaWVudEFkZHJlc3MiOiIxMC4xMC4xMC4xNTEiLCJjbGllbnRfaWQiOiIwMjA1Y2IifQ.bATUogohrEqy7Voa4mFnsBzOnGy6tnjZGh_lOYRn-0hWXMY_fz-280nTu2Vv68eO3HeoewtWlt45S_iLI2-ml3pqpAlt3DXWVmLvVHw6d7TICHBfQsa0jGXMexKnyar7EinrVhF3deSK25Ap_ajC_82EvVvXrVG-7p9F1dEdq39y2R72JympejF5uhY_z_jNmqJSsnLEZVOo3WMJn76u9tTcYVIldC5uWGFWbPGEhvWPx4ZGpsuq_wrPOGdRmyJDFJPJl7LnLGHK0DBhuVtJUq_NFQkMus2fTTf_mWhRnoqNU-wUCS-fxMs6QusGzIVd-C3O29J3rerHTrGg21LAsQ[\r][\n]"
14:14:34.192 [main] DEBUG org.apache.http.wire - http-outgoing-5 >> "Content-Length: 509[\r][\n]"
14:14:34.192 [main] DEBUG org.apache.http.wire - http-outgoing-5 >> "Host: apipanapayqa.coonecta.com.ec[\r][\n]"
14:14:34.192 [main] DEBUG org.apache.http.wire - http-outgoing-5 >> "Connection: Keep-Alive[\r][\n]"
14:14:34.192 [main] DEBUG org.apache.http.wire - http-outgoing-5 >> "User-Agent: Apache-HttpClient/4.5.14 (Java/17.0.12)[\r][\n]"
14:14:34.192 [main] DEBUG org.apache.http.wire - http-outgoing-5 >> "Accept-Encoding: gzip,deflate[\r][\n]"
14:14:34.192 [main] DEBUG org.apache.http.wire - http-outgoing-5 >> "[\r][\n]"
14:14:34.192 [main] DEBUG org.apache.http.wire - http-outgoing-5 >> "{"GrpHdr":{"msgId":"02052025102257623160483","creDtTm":"2025-10-22T14:14:33","nbOfTxs":1,"sttlmInf":{"sttlmMtd":"INGA"},"instgAgt":{"finInstnId":"0205"},"InstdAgt":{"FinInstnId":"0205"},"Mge":{"Type":"acmt.998.321.01"},"ChnlId":"APP"},"CdtTrfTxInf":{"PmtId":{"EndToEndId":"02052025102284731"},"IntrBkSttlmAmt":{"Amt":1,"Ccy":"USD"},"DbtrAcctId":{"IBAN":"EC5002051000000000020501052673"},"CdtrAcctId":{"IBAN":"EC5002051000000000020501052673"},"Prtry":{"CustRef":"QA22","ChanRef":"TERM001","AgtRef":"AGT0002"}}}"
14:14:35.583 [main] DEBUG org.apache.http.wire - http-outgoing-5 << "HTTP/1.1 400 Bad Request[\r][\n]"
14:14:35.583 [main] DEBUG org.apache.http.wire - http-outgoing-5 << "Date: Wed, 22 Oct 2025 19:14:26 GMT[\r][\n]"
14:14:35.583 [main] DEBUG org.apache.http.wire - http-outgoing-5 << "Content-Type: application/json; charset=utf-8[\r][\n]"
14:14:35.583 [main] DEBUG org.apache.http.wire - http-outgoing-5 << "Transfer-Encoding: chunked[\r][\n]"
14:14:35.583 [main] DEBUG org.apache.http.wire - http-outgoing-5 << "Connection: keep-alive[\r][\n]"
14:14:35.583 [main] DEBUG org.apache.http.wire - http-outgoing-5 << "Server: Kestrel[\r][\n]"
14:14:35.583 [main] DEBUG org.apache.http.wire - http-outgoing-5 << "Set-Cookie: ARRAffinity=135f536e0d078a815c3b83fda3468ab8a3a2abc604a35eefb28648d3961cfa9b;Path=/;HttpOnly;Secure;Domain=app-apipanapay-qa.azurewebsites.net[\r][\n]"
14:14:35.583 [main] DEBUG org.apache.http.wire - http-outgoing-5 << "Set-Cookie: ARRAffinitySameSite=135f536e0d078a815c3b83fda3468ab8a3a2abc604a35eefb28648d3961cfa9b;Path=/;HttpOnly;SameSite=None;Secure;Domain=app-apipanapay-qa.azurewebsites.net[\r][\n]"
14:14:35.583 [main] DEBUG org.apache.http.wire - http-outgoing-5 << "Request-Context: appId=cid-v1:a7a77847-2713-450f-9030-b350a2d54a28[\r][\n]"
14:14:35.583 [main] DEBUG org.apache.http.wire - http-outgoing-5 << "X-Powered-By: ASP.NET[\r][\n]"
14:14:35.583 [main] DEBUG org.apache.http.wire - http-outgoing-5 << "X-ARR-ClientCert: -----BEGIN%20CERTIFICATE-----%0AMIIEHDCCAgSgAwIBAgIUZIZBO0fb7VZ4KXrs01S4RYbWyJ8wDQYJKoZIhvcNAQEL%0ABQAwJTEjMCEGA1UEAwwacm9vdGNlcnQuY2JpYmxpYW4uaW50ZXJuYWwwHhcNMjUw%0AODEzMTMyNTU5WhcNMjgwODEyMTMyNTU5WjAnMSUwIwYDVQQDDBxjbGllbnRjZXJ0%0ALmNiaWJsaWFuLmludGVybmFsMIIBIjANBgkqhkiG9w0BAQEFAAOCAQ8AMIIBCgKC%0AAQEAskUDap6NmyYq8RT6F7z3DpZGQiflNQTvUT84TmxsKXEBRAkgINnkJqgKkd7f%0ASEybzqglQTbr4s41lCiPsy3X66qYjU2L%2Bojhni%2BOCVOX7n3JBYovL%2FqfMP3%2FkhZP%0AQIlK%2FQWPcrnl39fYkGOQv%2BYqoCGEPzGkib2m1Ma5Q1HOCKh1ErMjqTLGy%2ByJj6JY%0AiZvMx3YrJSvjUS0uKpNwxPtGyiexRfKsmR%2FHqPzRHa0iY%2B752KSgUedwJPv1Wod%2B%0AY9BMAMIdU25UtkUEsaOYtorGWDaZSn2Bl0LYmP87kjcYypnHx0jtPtUCXfVHrE6u%0AZnDRFYsZbeXylY3mJkyOL2DzZwIDAQABo0IwQDAdBgNVHQ4EFgQURPhJwTAcUWUp%0ArOqQO68P%2FbJoqjMwHwYDVR0jBBgwFoAU7GdlxoSeEXucEXhjadHRC9xzS0UwDQYJ%0AKoZIhvcNAQELBQADggIBAGTnlyF2n%2F6s9phYbO8V17niO0BXB62ToX6gPhcw9f3y%0AhMui6RnrM1oiHlBWqZquCqYJ5ETvYJE1RqvoqtGysxCnIj0OTJHV4WtF3SHsd1Tu%0ATg%2B%2FUnGivtBTDQxj9sbAtCaSYRBqPByP8jvSTDgXR1mgOrEGjr2PZdZSoKLj4OHi%0A9UCMJw7pJsyA4lbroKshQTYv5Ks5SqtJpdp0%2BUX0UUlbPJqXiadfbKdoXvEgcwbP%0ACqR9v7kGYmNxfaGLNGVrV%2BnLawIDmdYXJE%2F4WJh6sHfiZxEsE%2BB4PoKADrb1Eapt%0AnSdHUgRfc0i5f2lcmErnU8nCMO5TWdHFOgpYwTS8w17FhNFZpaSmyZKM7uHcUs7y%0AUbuiQtdXocfSSMf%2FeycBEU%2FHAVIWQEqY%2BbJdC0q%2FR%2BsESeBtXd4IEIxR0QfgscGk%0AJyCSFC8z%2FvCgrRsH5rePqKO7%2FLAsDTP4GIQNFNfF4Wh6bsPXuJmvvoMcnmy%2F58Wo%0AE0XaG8UPHVAeyEmhncdM32E7SJbR91aRr2CkV23OoUz%2BwKG2%2FuObHmAkuMkCbbcz%0AJQoC7DZg5FGw%2BZR7v1DIBct5QNJQ8bG%2FXGRxjWC6dU7jrGhOF1X%2B2YYcdx9XnwyM%0A9YPxUy5bVfMhIiKP2wEso5fjOZ4RTvnB5R6zD3maJK%2FtZAXVhtyqXSkBYFi4MvEs%0A-----END%20CERTIFICATE-----%0A[\r][\n]"
14:14:35.583 [main] DEBUG org.apache.http.wire - http-outgoing-5 << "[\r][\n]"
14:14:35.585 [main] DEBUG org.apache.http.wire - http-outgoing-5 << "1d4[\r][\n]"
14:14:35.585 [main] DEBUG org.apache.http.wire - http-outgoing-5 << "{"GrpHdr":{"MsgId":"000020251022020358","CreDtTm":"2025-10-22T14:14:27","NbOfTxs":1,"SttlmInf":{"SttlmMtd":"INGA"},"InstgAgt":{"FinInstnId":"0205"},"InstdAgt":{"FinInstnId":"0205"},"Mge":{"Type":"acmt.998.322.001"},"ChnlId":"APP"},"CdtTrfTxInf":{"OrgnGrpInf":{"OrgnlMsgId":"02052025102257623160483","OrgnlMgeType":"acmt.998.321.01","OrgnlCreDtTm":"2025-10-22T14:14:33"},"TxSts":"ERR","Rsn":{"RsnCd":"6005","AddtlInf":"Ambos IBAN son iguales."},"SttlmDt":"2025-10-22"}}[\r][\n]"
14:14:35.585 [main] DEBUG org.apache.http.wire - http-outgoing-5 << "0[\r][\n]"
14:14:35.585 [main] DEBUG org.apache.http.wire - http-outgoing-5 << "[\r][\n]"
14:14:35.585 [main] DEBUG org.apache.http.headers - http-outgoing-5 << HTTP/1.1 400 Bad Request
14:14:35.585 [main] DEBUG org.apache.http.headers - http-outgoing-5 << Date: Wed, 22 Oct 2025 19:14:26 GMT
14:14:35.585 [main] DEBUG org.apache.http.headers - http-outgoing-5 << Content-Type: application/json; charset=utf-8
14:14:35.585 [main] DEBUG org.apache.http.headers - http-outgoing-5 << Transfer-Encoding: chunked
14:14:35.585 [main] DEBUG org.apache.http.headers - http-outgoing-5 << Connection: keep-alive
14:14:35.585 [main] DEBUG org.apache.http.headers - http-outgoing-5 << Server: Kestrel
14:14:35.585 [main] DEBUG org.apache.http.headers - http-outgoing-5 << Set-Cookie: ARRAffinity=135f536e0d078a815c3b83fda3468ab8a3a2abc604a35eefb28648d3961cfa9b;Path=/;HttpOnly;Secure;Domain=app-apipanapay-qa.azurewebsites.net
14:14:35.585 [main] DEBUG org.apache.http.headers - http-outgoing-5 << Set-Cookie: ARRAffinitySameSite=135f536e0d078a815c3b83fda3468ab8a3a2abc604a35eefb28648d3961cfa9b;Path=/;HttpOnly;SameSite=None;Secure;Domain=app-apipanapay-qa.azurewebsites.net
14:14:35.585 [main] DEBUG org.apache.http.headers - http-outgoing-5 << Request-Context: appId=cid-v1:a7a77847-2713-450f-9030-b350a2d54a28
14:14:35.585 [main] DEBUG org.apache.http.headers - http-outgoing-5 << X-Powered-By: ASP.NET
14:14:35.585 [main] DEBUG org.apache.http.headers - http-outgoing-5 << X-ARR-ClientCert: -----BEGIN%20CERTIFICATE-----%0AMIIEHDCCAgSgAwIBAgIUZIZBO0fb7VZ4KXrs01S4RYbWyJ8wDQYJKoZIhvcNAQEL%0ABQAwJTEjMCEGA1UEAwwacm9vdGNlcnQuY2JpYmxpYW4uaW50ZXJuYWwwHhcNMjUw%0AODEzMTMyNTU5WhcNMjgwODEyMTMyNTU5WjAnMSUwIwYDVQQDDBxjbGllbnRjZXJ0%0ALmNiaWJsaWFuLmludGVybmFsMIIBIjANBgkqhkiG9w0BAQEFAAOCAQ8AMIIBCgKC%0AAQEAskUDap6NmyYq8RT6F7z3DpZGQiflNQTvUT84TmxsKXEBRAkgINnkJqgKkd7f%0ASEybzqglQTbr4s41lCiPsy3X66qYjU2L%2Bojhni%2BOCVOX7n3JBYovL%2FqfMP3%2FkhZP%0AQIlK%2FQWPcrnl39fYkGOQv%2BYqoCGEPzGkib2m1Ma5Q1HOCKh1ErMjqTLGy%2ByJj6JY%0AiZvMx3YrJSvjUS0uKpNwxPtGyiexRfKsmR%2FHqPzRHa0iY%2B752KSgUedwJPv1Wod%2B%0AY9BMAMIdU25UtkUEsaOYtorGWDaZSn2Bl0LYmP87kjcYypnHx0jtPtUCXfVHrE6u%0AZnDRFYsZbeXylY3mJkyOL2DzZwIDAQABo0IwQDAdBgNVHQ4EFgQURPhJwTAcUWUp%0ArOqQO68P%2FbJoqjMwHwYDVR0jBBgwFoAU7GdlxoSeEXucEXhjadHRC9xzS0UwDQYJ%0AKoZIhvcNAQELBQADggIBAGTnlyF2n%2F6s9phYbO8V17niO0BXB62ToX6gPhcw9f3y%0AhMui6RnrM1oiHlBWqZquCqYJ5ETvYJE1RqvoqtGysxCnIj0OTJHV4WtF3SHsd1Tu%0ATg%2B%2FUnGivtBTDQxj9sbAtCaSYRBqPByP8jvSTDgXR1mgOrEGjr2PZdZSoKLj4OHi%0A9UCMJw7pJsyA4lbroKshQTYv5Ks5SqtJpdp0%2BUX0UUlbPJqXiadfbKdoXvEgcwbP%0ACqR9v7kGYmNxfaGLNGVrV%2BnLawIDmdYXJE%2F4WJh6sHfiZxEsE%2BB4PoKADrb1Eapt%0AnSdHUgRfc0i5f2lcmErnU8nCMO5TWdHFOgpYwTS8w17FhNFZpaSmyZKM7uHcUs7y%0AUbuiQtdXocfSSMf%2FeycBEU%2FHAVIWQEqY%2BbJdC0q%2FR%2BsESeBtXd4IEIxR0QfgscGk%0AJyCSFC8z%2FvCgrRsH5rePqKO7%2FLAsDTP4GIQNFNfF4Wh6bsPXuJmvvoMcnmy%2F58Wo%0AE0XaG8UPHVAeyEmhncdM32E7SJbR91aRr2CkV23OoUz%2BwKG2%2FuObHmAkuMkCbbcz%0AJQoC7DZg5FGw%2BZR7v1DIBct5QNJQ8bG%2FXGRxjWC6dU7jrGhOF1X%2B2YYcdx9XnwyM%0A9YPxUy5bVfMhIiKP2wEso5fjOZ4RTvnB5R6zD3maJK%2FtZAXVhtyqXSkBYFi4MvEs%0A-----END%20CERTIFICATE-----%0A
14:14:35.585 [main] DEBUG org.apache.http.impl.execchain.MainClientExec - Connection can be kept alive indefinitely
14:14:35.585 [main] DEBUG org.apache.http.client.protocol.ResponseProcessCookies - Cookie accepted [ARRAffinity="135f536e0d078a815c3b83fda3468ab8a3a2abc604a35eefb28648d3961cfa9b", version:0, domain:app-apipanapay-qa.azurewebsites.net, path:/, expiry:null]
14:14:35.585 [main] DEBUG org.apache.http.client.protocol.ResponseProcessCookies - Cookie accepted [ARRAffinitySameSite="135f536e0d078a815c3b83fda3468ab8a3a2abc604a35eefb28648d3961cfa9b", version:0, domain:app-apipanapay-qa.azurewebsites.net, path:/, expiry:null]
14:14:35.585 [main] DEBUG org.apache.http.impl.conn.PoolingHttpClientConnectionManager - Connection [id: 5][route: {s}->https://apipanapayqa.coonecta.com.ec:443][state: CN=clientcert.cbiblian.internal] can be kept alive indefinitely
14:14:35.585 [main] DEBUG org.apache.http.impl.conn.DefaultManagedHttpClientConnection - http-outgoing-5: set socket timeout to 0
14:14:35.588 [main] DEBUG org.apache.http.impl.conn.PoolingHttpClientConnectionManager - Connection released: [id: 5][route: {s}->https://apipanapayqa.coonecta.com.ec:443][state: CN=clientcert.cbiblian.internal][total available: 1; route allocated: 1 of 5; total allocated: 1 of 10]
14:14:35.588 [main] DEBUG org.apache.http.impl.conn.PoolingHttpClientConnectionManager - Connection manager is shutting down
14:14:35.588 [main] DEBUG org.apache.http.impl.conn.DefaultManagedHttpClientConnection - http-outgoing-5: Close connection
14:14:35.588 [main] DEBUG org.apache.http.impl.conn.PoolingHttpClientConnectionManager - Connection manager shut down
14:14:35.590 [main] DEBUG com.intuit.karate - response time in milliseconds: 1676
1 < 400
1 < Date: Wed, 22 Oct 2025 19:14:26 GMT
1 < Content-Type: application/json; charset=utf-8
1 < Transfer-Encoding: chunked
1 < Connection: keep-alive
1 < Server: Kestrel
1 < Set-Cookie: ARRAffinity=135f536e0d078a815c3b83fda3468ab8a3a2abc604a35eefb28648d3961cfa9b;Path=/;HttpOnly;Secure;Domain=app-apipanapay-qa.azurewebsites.net
1 < Set-Cookie: ARRAffinitySameSite=135f536e0d078a815c3b83fda3468ab8a3a2abc604a35eefb28648d3961cfa9b;Path=/;HttpOnly;SameSite=None;Secure;Domain=app-apipanapay-qa.azurewebsites.net
1 < Request-Context: appId=cid-v1:a7a77847-2713-450f-9030-b350a2d54a28
1 < X-Powered-By: ASP.NET
1 < X-ARR-ClientCert: -----BEGIN%20CERTIFICATE-----%0AMIIEHDCCAgSgAwIBAgIUZIZBO0fb7VZ4KXrs01S4RYbWyJ8wDQYJKoZIhvcNAQEL%0ABQAwJTEjMCEGA1UEAwwacm9vdGNlcnQuY2JpYmxpYW4uaW50ZXJuYWwwHhcNMjUw%0AODEzMTMyNTU5WhcNMjgwODEyMTMyNTU5WjAnMSUwIwYDVQQDDBxjbGllbnRjZXJ0%0ALmNiaWJsaWFuLmludGVybmFsMIIBIjANBgkqhkiG9w0BAQEFAAOCAQ8AMIIBCgKC%0AAQEAskUDap6NmyYq8RT6F7z3DpZGQiflNQTvUT84TmxsKXEBRAkgINnkJqgKkd7f%0ASEybzqglQTbr4s41lCiPsy3X66qYjU2L%2Bojhni%2BOCVOX7n3JBYovL%2FqfMP3%2FkhZP%0AQIlK%2FQWPcrnl39fYkGOQv%2BYqoCGEPzGkib2m1Ma5Q1HOCKh1ErMjqTLGy%2ByJj6JY%0AiZvMx3YrJSvjUS0uKpNwxPtGyiexRfKsmR%2FHqPzRHa0iY%2B752KSgUedwJPv1Wod%2B%0AY9BMAMIdU25UtkUEsaOYtorGWDaZSn2Bl0LYmP87kjcYypnHx0jtPtUCXfVHrE6u%0AZnDRFYsZbeXylY3mJkyOL2DzZwIDAQABo0IwQDAdBgNVHQ4EFgQURPhJwTAcUWUp%0ArOqQO68P%2FbJoqjMwHwYDVR0jBBgwFoAU7GdlxoSeEXucEXhjadHRC9xzS0UwDQYJ%0AKoZIhvcNAQELBQADggIBAGTnlyF2n%2F6s9phYbO8V17niO0BXB62ToX6gPhcw9f3y%0AhMui6RnrM1oiHlBWqZquCqYJ5ETvYJE1RqvoqtGysxCnIj0OTJHV4WtF3SHsd1Tu%0ATg%2B%2FUnGivtBTDQxj9sbAtCaSYRBqPByP8jvSTDgXR1mgOrEGjr2PZdZSoKLj4OHi%0A9UCMJw7pJsyA4lbroKshQTYv5Ks5SqtJpdp0%2BUX0UUlbPJqXiadfbKdoXvEgcwbP%0ACqR9v7kGYmNxfaGLNGVrV%2BnLawIDmdYXJE%2F4WJh6sHfiZxEsE%2BB4PoKADrb1Eapt%0AnSdHUgRfc0i5f2lcmErnU8nCMO5TWdHFOgpYwTS8w17FhNFZpaSmyZKM7uHcUs7y%0AUbuiQtdXocfSSMf%2FeycBEU%2FHAVIWQEqY%2BbJdC0q%2FR%2BsESeBtXd4IEIxR0QfgscGk%0AJyCSFC8z%2FvCgrRsH5rePqKO7%2FLAsDTP4GIQNFNfF4Wh6bsPXuJmvvoMcnmy%2F58Wo%0AE0XaG8UPHVAeyEmhncdM32E7SJbR91aRr2CkV23OoUz%2BwKG2%2FuObHmAkuMkCbbcz%0AJQoC7DZg5FGw%2BZR7v1DIBct5QNJQ8bG%2FXGRxjWC6dU7jrGhOF1X%2B2YYcdx9XnwyM%0A9YPxUy5bVfMhIiKP2wEso5fjOZ4RTvnB5R6zD3maJK%2FtZAXVhtyqXSkBYFi4MvEs%0A-----END%20CERTIFICATE-----%0A
{"GrpHdr":{"MsgId":"000020251022020358","CreDtTm":"2025-10-22T14:14:27","NbOfTxs":1,"SttlmInf":{"SttlmMtd":"INGA"},"InstgAgt":{"FinInstnId":"0205"},"InstdAgt":{"FinInstnId":"0205"},"Mge":{"Type":"acmt.998.322.001"},"ChnlId":"APP"},"CdtTrfTxInf":{"OrgnGrpInf":{"OrgnlMsgId":"02052025102257623160483","OrgnlMgeType":"acmt.998.321.01","OrgnlCreDtTm":"2025-10-22T14:14:33"},"TxSts":"ERR","Rsn":{"RsnCd":"6005","AddtlInf":"Ambos IBAN son iguales."},"SttlmDt":"2025-10-22"}}

14:14:35.590 [main] ERROR com.intuit.karate - classpath:Transferencia.feature:209
Then match responseStatus in normalizedStatus
no step-definition method match found for: match responseStatus in normalizedStatus
classpath:Transferencia.feature:209
]]></system-out>
  </testcase>
  <testcase name="[6:213] Transferencia no exitosa, el codigo EndToEnd es el mismo del ordenante y receptor" classname="Transferencia" time="3.617">
    <failure message="no step-definition method match found for: match responseStatus in statusOk&#10;classpath:Transferencia.feature:220" type="org.opentest4j.AssertionFailedError"><![CDATA[org.opentest4j.AssertionFailedError: 
no step-definition method match found for: match responseStatus in statusOk
classpath:Transferencia.feature:220
	at org.junit.jupiter.api.AssertionUtils.fail(AssertionUtils.java:38)
	at org.junit.jupiter.api.Assertions.fail(Assertions.java:135)
	at com.intuit.karate.junit5.FeatureNode.lambda$next$1(FeatureNode.java:86)
	at org.junit.jupiter.engine.descriptor.DynamicTestTestDescriptor.lambda$execute$0(DynamicTestTestDescriptor.java:53)
	at org.junit.jupiter.engine.execution.InvocationInterceptorChain$ValidatingInvocation.proceed(InvocationInterceptorChain.java:131)
	at org.junit.jupiter.api.extension.InvocationInterceptor.interceptDynamicTest(InvocationInterceptor.java:167)
	at org.junit.jupiter.api.extension.InvocationInterceptor.interceptDynamicTest(InvocationInterceptor.java:184)
	at org.junit.jupiter.engine.descriptor.DynamicTestTestDescriptor.lambda$execute$1(DynamicTestTestDescriptor.java:61)
	at org.junit.jupiter.engine.execution.InvocationInterceptorChain$InterceptorCall.lambda$ofVoid$0(InvocationInterceptorChain.java:78)
	at org.junit.jupiter.engine.execution.InvocationInterceptorChain$InterceptedInvocation.proceed(InvocationInterceptorChain.java:106)
	at org.junit.jupiter.engine.execution.InvocationInterceptorChain.proceed(InvocationInterceptorChain.java:64)
	at org.junit.jupiter.engine.execution.InvocationInterceptorChain.chainAndInvoke(InvocationInterceptorChain.java:45)
	at org.junit.jupiter.engine.execution.InvocationInterceptorChain.invoke(InvocationInterceptorChain.java:37)
	at org.junit.jupiter.engine.descriptor.DynamicTestTestDescriptor.execute(DynamicTestTestDescriptor.java:60)
	at org.junit.jupiter.engine.descriptor.DynamicTestTestDescriptor.execute(DynamicTestTestDescriptor.java:32)
	at org.junit.platform.engine.support.hierarchical.NodeTestTask.lambda$executeRecursively$6(NodeTestTask.java:151)
	at org.junit.platform.engine.support.hierarchical.ThrowableCollector.execute(ThrowableCollector.java:73)
	at org.junit.platform.engine.support.hierarchical.NodeTestTask.lambda$executeRecursively$8(NodeTestTask.java:141)
	at org.junit.platform.engine.support.hierarchical.Node.around(Node.java:137)
	at org.junit.platform.engine.support.hierarchical.NodeTestTask.lambda$executeRecursively$9(NodeTestTask.java:139)
	at org.junit.platform.engine.support.hierarchical.ThrowableCollector.execute(ThrowableCollector.java:73)
	at org.junit.platform.engine.support.hierarchical.NodeTestTask.executeRecursively(NodeTestTask.java:138)
	at org.junit.platform.engine.support.hierarchical.NodeTestTask.execute(NodeTestTask.java:95)
	at org.junit.platform.engine.support.hierarchical.SameThreadHierarchicalTestExecutorService.submit(SameThreadHierarchicalTestExecutorService.java:35)
	at org.junit.platform.engine.support.hierarchical.NodeTestTask$DefaultDynamicTestExecutor.execute(NodeTestTask.java:226)
	at org.junit.platform.engine.support.hierarchical.NodeTestTask$DefaultDynamicTestExecutor.execute(NodeTestTask.java:204)
	at java.base/java.util.stream.ForEachOps$ForEachOp$OfRef.accept(ForEachOps.java:183)
	at java.base/java.util.stream.ReferencePipeline$3$1.accept(ReferencePipeline.java:197)
	at java.base/java.util.stream.ReferencePipeline$2$1.accept(ReferencePipeline.java:179)
	at java.base/java.util.stream.ReferencePipeline$3$1.accept(ReferencePipeline.java:197)
	at java.base/java.util.Iterator.forEachRemaining(Iterator.java:133)
	at java.base/java.util.Spliterators$IteratorSpliterator.forEachRemaining(Spliterators.java:1845)
	at java.base/java.util.stream.AbstractPipeline.copyInto(AbstractPipeline.java:509)
	at java.base/java.util.stream.AbstractPipeline.wrapAndCopyInto(AbstractPipeline.java:499)
	at java.base/java.util.stream.ForEachOps$ForEachOp.evaluateSequential(ForEachOps.java:150)
	at java.base/java.util.stream.ForEachOps$ForEachOp$OfRef.evaluateSequential(ForEachOps.java:173)
	at java.base/java.util.stream.AbstractPipeline.evaluate(AbstractPipeline.java:234)
	at java.base/java.util.stream.ReferencePipeline.forEachOrdered(ReferencePipeline.java:601)
	at org.junit.jupiter.engine.descriptor.DynamicContainerTestDescriptor.execute(DynamicContainerTestDescriptor.java:67)
	at org.junit.jupiter.engine.descriptor.DynamicContainerTestDescriptor.execute(DynamicContainerTestDescriptor.java:33)
	at org.junit.platform.engine.support.hierarchical.NodeTestTask.lambda$executeRecursively$6(NodeTestTask.java:151)
	at org.junit.platform.engine.support.hierarchical.ThrowableCollector.execute(ThrowableCollector.java:73)
	at org.junit.platform.engine.support.hierarchical.NodeTestTask.lambda$executeRecursively$8(NodeTestTask.java:141)
	at org.junit.platform.engine.support.hierarchical.Node.around(Node.java:137)
	at org.junit.platform.engine.support.hierarchical.NodeTestTask.lambda$executeRecursively$9(NodeTestTask.java:139)
	at org.junit.platform.engine.support.hierarchical.ThrowableCollector.execute(ThrowableCollector.java:73)
	at org.junit.platform.engine.support.hierarchical.NodeTestTask.executeRecursively(NodeTestTask.java:138)
	at org.junit.platform.engine.support.hierarchical.NodeTestTask.execute(NodeTestTask.java:95)
	at org.junit.platform.engine.support.hierarchical.SameThreadHierarchicalTestExecutorService.submit(SameThreadHierarchicalTestExecutorService.java:35)
	at org.junit.platform.engine.support.hierarchical.NodeTestTask$DefaultDynamicTestExecutor.execute(NodeTestTask.java:226)
	at org.junit.platform.engine.support.hierarchical.NodeTestTask$DefaultDynamicTestExecutor.execute(NodeTestTask.java:204)
	at java.base/java.util.Optional.ifPresent(Optional.java:178)
	at org.junit.jupiter.engine.descriptor.TestFactoryTestDescriptor.lambda$invokeTestMethod$1(TestFactoryTestDescriptor.java:108)
	at org.junit.platform.engine.support.hierarchical.ThrowableCollector.execute(ThrowableCollector.java:73)
	at org.junit.jupiter.engine.descriptor.TestFactoryTestDescriptor.invokeTestMethod(TestFactoryTestDescriptor.java:95)
	at org.junit.jupiter.engine.descriptor.TestMethodTestDescriptor.execute(TestMethodTestDescriptor.java:138)
	at org.junit.jupiter.engine.descriptor.TestMethodTestDescriptor.execute(TestMethodTestDescriptor.java:68)
	at org.junit.platform.engine.support.hierarchical.NodeTestTask.lambda$executeRecursively$6(NodeTestTask.java:151)
	at org.junit.platform.engine.support.hierarchical.ThrowableCollector.execute(ThrowableCollector.java:73)
	at org.junit.platform.engine.support.hierarchical.NodeTestTask.lambda$executeRecursively$8(NodeTestTask.java:141)
	at org.junit.platform.engine.support.hierarchical.Node.around(Node.java:137)
	at org.junit.platform.engine.support.hierarchical.NodeTestTask.lambda$executeRecursively$9(NodeTestTask.java:139)
	at org.junit.platform.engine.support.hierarchical.ThrowableCollector.execute(ThrowableCollector.java:73)
	at org.junit.platform.engine.support.hierarchical.NodeTestTask.executeRecursively(NodeTestTask.java:138)
	at org.junit.platform.engine.support.hierarchical.NodeTestTask.execute(NodeTestTask.java:95)
	at java.base/java.util.ArrayList.forEach(ArrayList.java:1511)
	at org.junit.platform.engine.support.hierarchical.SameThreadHierarchicalTestExecutorService.invokeAll(SameThreadHierarchicalTestExecutorService.java:41)
	at org.junit.platform.engine.support.hierarchical.NodeTestTask.lambda$executeRecursively$6(NodeTestTask.java:155)
	at org.junit.platform.engine.support.hierarchical.ThrowableCollector.execute(ThrowableCollector.java:73)
	at org.junit.platform.engine.support.hierarchical.NodeTestTask.lambda$executeRecursively$8(NodeTestTask.java:141)
	at org.junit.platform.engine.support.hierarchical.Node.around(Node.java:137)
	at org.junit.platform.engine.support.hierarchical.NodeTestTask.lambda$executeRecursively$9(NodeTestTask.java:139)
	at org.junit.platform.engine.support.hierarchical.ThrowableCollector.execute(ThrowableCollector.java:73)
	at org.junit.platform.engine.support.hierarchical.NodeTestTask.executeRecursively(NodeTestTask.java:138)
	at org.junit.platform.engine.support.hierarchical.NodeTestTask.execute(NodeTestTask.java:95)
	at java.base/java.util.ArrayList.forEach(ArrayList.java:1511)
	at org.junit.platform.engine.support.hierarchical.SameThreadHierarchicalTestExecutorService.invokeAll(SameThreadHierarchicalTestExecutorService.java:41)
	at org.junit.platform.engine.support.hierarchical.NodeTestTask.lambda$executeRecursively$6(NodeTestTask.java:155)
	at org.junit.platform.engine.support.hierarchical.ThrowableCollector.execute(ThrowableCollector.java:73)
	at org.junit.platform.engine.support.hierarchical.NodeTestTask.lambda$executeRecursively$8(NodeTestTask.java:141)
	at org.junit.platform.engine.support.hierarchical.Node.around(Node.java:137)
	at org.junit.platform.engine.support.hierarchical.NodeTestTask.lambda$executeRecursively$9(NodeTestTask.java:139)
	at org.junit.platform.engine.support.hierarchical.ThrowableCollector.execute(ThrowableCollector.java:73)
	at org.junit.platform.engine.support.hierarchical.NodeTestTask.executeRecursively(NodeTestTask.java:138)
	at org.junit.platform.engine.support.hierarchical.NodeTestTask.execute(NodeTestTask.java:95)
	at org.junit.platform.engine.support.hierarchical.SameThreadHierarchicalTestExecutorService.submit(SameThreadHierarchicalTestExecutorService.java:35)
	at org.junit.platform.engine.support.hierarchical.HierarchicalTestExecutor.execute(HierarchicalTestExecutor.java:57)
	at org.junit.platform.engine.support.hierarchical.HierarchicalTestEngine.execute(HierarchicalTestEngine.java:54)
	at org.junit.platform.launcher.core.EngineExecutionOrchestrator.execute(EngineExecutionOrchestrator.java:147)
	at org.junit.platform.launcher.core.EngineExecutionOrchestrator.execute(EngineExecutionOrchestrator.java:127)
	at org.junit.platform.launcher.core.EngineExecutionOrchestrator.execute(EngineExecutionOrchestrator.java:90)
	at org.junit.platform.launcher.core.EngineExecutionOrchestrator.lambda$execute$0(EngineExecutionOrchestrator.java:55)
	at org.junit.platform.launcher.core.EngineExecutionOrchestrator.withInterceptedStreams(EngineExecutionOrchestrator.java:102)
	at org.junit.platform.launcher.core.EngineExecutionOrchestrator.execute(EngineExecutionOrchestrator.java:54)
	at org.junit.platform.launcher.core.DefaultLauncher.execute(DefaultLauncher.java:114)
	at org.junit.platform.launcher.core.DefaultLauncher.execute(DefaultLauncher.java:86)
	at org.junit.platform.launcher.core.DefaultLauncherSession$DelegatingLauncher.execute(DefaultLauncherSession.java:86)
	at org.apache.maven.surefire.junitplatform.LazyLauncher.execute(LazyLauncher.java:56)
	at org.apache.maven.surefire.junitplatform.JUnitPlatformProvider.execute(JUnitPlatformProvider.java:184)
	at org.apache.maven.surefire.junitplatform.JUnitPlatformProvider.invokeAllTests(JUnitPlatformProvider.java:148)
	at org.apache.maven.surefire.junitplatform.JUnitPlatformProvider.invoke(JUnitPlatformProvider.java:122)
	at org.apache.maven.surefire.booter.ForkedBooter.runSuitesInProcess(ForkedBooter.java:385)
	at org.apache.maven.surefire.booter.ForkedBooter.execute(ForkedBooter.java:162)
	at org.apache.maven.surefire.booter.ForkedBooter.run(ForkedBooter.java:507)
	at org.apache.maven.surefire.booter.ForkedBooter.main(ForkedBooter.java:495)
]]></failure>
    <system-out><![CDATA[14:14:35.612 [main] DEBUG com.intuit.karate - key store key count for classpath:certificado/clientcert.cbiblian.internal 1.pfx: 1
14:14:35.623 [main] DEBUG com.jayway.jsonpath.internal.path.CompiledPath - Evaluating path: $
14:14:35.623 [main] DEBUG com.jayway.jsonpath.internal.path.CompiledPath - Evaluating path: $['Authorization']
14:14:35.623 [main] DEBUG com.jayway.jsonpath.internal.path.CompiledPath - Evaluating path: $
14:14:35.623 [main] DEBUG com.jayway.jsonpath.internal.path.CompiledPath - Evaluating path: $
14:14:35.623 [main] DEBUG com.jayway.jsonpath.internal.JsonContext - Put path $ key Authorization value {}
14:14:35.623 [main] DEBUG com.jayway.jsonpath.internal.path.CompiledPath - Evaluating path: $
14:14:35.623 [main] DEBUG com.jayway.jsonpath.internal.JsonContext - Put path $ key Authorization value Bearer eyJhbGciOiJSUzI1NiIsInR5cCIgOiAiSldUIiwia2lkIiA6ICI2dUJWTkN6VlViUFBlTFdReEM0WDAyYVM3UnM2UGRYV1dja1dfc0xZMHlFIn0.eyJleHAiOjE3NjExNjA3NTAsImlhdCI6MTc2MTE2MDQ1MCwianRpIjoidHJydGNjOjQ5Yjg0NDVjLTgzYTAtMjI4Ni02NDczLWE2ZGEzOTBhOWQ0YSIsImlzcyI6Imh0dHBzOi8vYXV0ZW50aWNhY2lvbnFhLmNvb25lY3RhLmNvbS5lYy9hdXRoL3JlYWxtcy9QQU5BUEFZIiwiYXVkIjoiYWNjb3VudCIsInN1YiI6Ijk5OGMyZmUwLTJjOGYtNGQwNC1iZjExLWY1OWExZTM5ODg3MyIsInR5cCI6IkJlYXJlciIsImF6cCI6IjAyMDVjYiIsImFjciI6IjEiLCJhbGxvd2VkLW9yaWdpbnMiOlsiLyoiXSwicmVhbG1fYWNjZXNzIjp7InJvbGVzIjpbImRlZmF1bHQtcm9sZXMtYWRtaW5wYW5hcGF5Iiwib2ZmbGluZV9hY2Nlc3MiLCJ1bWFfYXV0aG9yaXphdGlvbiJdfSwicmVzb3VyY2VfYWNjZXNzIjp7IjAyMDVjYiI6eyJyb2xlcyI6WyJ1bWFfcHJvdGVjdGlvbiJdfSwiYWNjb3VudCI6eyJyb2xlcyI6WyJtYW5hZ2UtYWNjb3VudCIsIm1hbmFnZS1hY2NvdW50LWxpbmtzIiwidmlldy1wcm9maWxlIl19fSwic2NvcGUiOiJwcm9maWxlIGVtYWlsIiwiZW1haWxfdmVyaWZpZWQiOmZhbHNlLCJjbGllbnRIb3N0IjoiMTAuMTAuMTAuMTUxIiwicHJlZmVycmVkX3VzZXJuYW1lIjoic2VydmljZS1hY2NvdW50LTAyMDVjYiIsImNsaWVudEFkZHJlc3MiOiIxMC4xMC4xMC4xNTEiLCJjbGllbnRfaWQiOiIwMjA1Y2IifQ.bATUogohrEqy7Voa4mFnsBzOnGy6tnjZGh_lOYRn-0hWXMY_fz-280nTu2Vv68eO3HeoewtWlt45S_iLI2-ml3pqpAlt3DXWVmLvVHw6d7TICHBfQsa0jGXMexKnyar7EinrVhF3deSK25Ap_ajC_82EvVvXrVG-7p9F1dEdq39y2R72JympejF5uhY_z_jNmqJSsnLEZVOo3WMJn76u9tTcYVIldC5uWGFWbPGEhvWPx4ZGpsuq_wrPOGdRmyJDFJPJl7LnLGHK0DBhuVtJUq_NFQkMus2fTTf_mWhRnoqNU-wUCS-fxMs6QusGzIVd-C3O29J3rerHTrGg21LAsQ
14:14:35.623 [main] DEBUG com.jayway.jsonpath.internal.path.CompiledPath - Evaluating path: $
14:14:35.631 [main] DEBUG com.jayway.jsonpath.internal.path.CompiledPath - Evaluating path: $
14:14:35.631 [main] DEBUG org.apache.http.client.protocol.RequestAddCookies - CookieSpec selected: karate
14:14:35.640 [main] DEBUG org.apache.http.client.protocol.RequestAuthCache - Auth cache not set in the context
14:14:35.640 [main] DEBUG com.intuit.karate - request:
1 > POST https://apipanapayqa.coonecta.com.ec/api/switchcentral/finan/transferencia
1 > Content-Type: application/json; charset=UTF-8
1 > Authorization: Bearer eyJhbGciOiJSUzI1NiIsInR5cCIgOiAiSldUIiwia2lkIiA6ICI2dUJWTkN6VlViUFBlTFdReEM0WDAyYVM3UnM2UGRYV1dja1dfc0xZMHlFIn0.eyJleHAiOjE3NjExNjA3NTAsImlhdCI6MTc2MTE2MDQ1MCwianRpIjoidHJydGNjOjQ5Yjg0NDVjLTgzYTAtMjI4Ni02NDczLWE2ZGEzOTBhOWQ0YSIsImlzcyI6Imh0dHBzOi8vYXV0ZW50aWNhY2lvbnFhLmNvb25lY3RhLmNvbS5lYy9hdXRoL3JlYWxtcy9QQU5BUEFZIiwiYXVkIjoiYWNjb3VudCIsInN1YiI6Ijk5OGMyZmUwLTJjOGYtNGQwNC1iZjExLWY1OWExZTM5ODg3MyIsInR5cCI6IkJlYXJlciIsImF6cCI6IjAyMDVjYiIsImFjciI6IjEiLCJhbGxvd2VkLW9yaWdpbnMiOlsiLyoiXSwicmVhbG1fYWNjZXNzIjp7InJvbGVzIjpbImRlZmF1bHQtcm9sZXMtYWRtaW5wYW5hcGF5Iiwib2ZmbGluZV9hY2Nlc3MiLCJ1bWFfYXV0aG9yaXphdGlvbiJdfSwicmVzb3VyY2VfYWNjZXNzIjp7IjAyMDVjYiI6eyJyb2xlcyI6WyJ1bWFfcHJvdGVjdGlvbiJdfSwiYWNjb3VudCI6eyJyb2xlcyI6WyJtYW5hZ2UtYWNjb3VudCIsIm1hbmFnZS1hY2NvdW50LWxpbmtzIiwidmlldy1wcm9maWxlIl19fSwic2NvcGUiOiJwcm9maWxlIGVtYWlsIiwiZW1haWxfdmVyaWZpZWQiOmZhbHNlLCJjbGllbnRIb3N0IjoiMTAuMTAuMTAuMTUxIiwicHJlZmVycmVkX3VzZXJuYW1lIjoic2VydmljZS1hY2NvdW50LTAyMDVjYiIsImNsaWVudEFkZHJlc3MiOiIxMC4xMC4xMC4xNTEiLCJjbGllbnRfaWQiOiIwMjA1Y2IifQ.bATUogohrEqy7Voa4mFnsBzOnGy6tnjZGh_lOYRn-0hWXMY_fz-280nTu2Vv68eO3HeoewtWlt45S_iLI2-ml3pqpAlt3DXWVmLvVHw6d7TICHBfQsa0jGXMexKnyar7EinrVhF3deSK25Ap_ajC_82EvVvXrVG-7p9F1dEdq39y2R72JympejF5uhY_z_jNmqJSsnLEZVOo3WMJn76u9tTcYVIldC5uWGFWbPGEhvWPx4ZGpsuq_wrPOGdRmyJDFJPJl7LnLGHK0DBhuVtJUq_NFQkMus2fTTf_mWhRnoqNU-wUCS-fxMs6QusGzIVd-C3O29J3rerHTrGg21LAsQ
1 > Content-Length: 509
1 > Host: apipanapayqa.coonecta.com.ec
1 > Connection: Keep-Alive
1 > User-Agent: Apache-HttpClient/4.5.14 (Java/17.0.12)
1 > Accept-Encoding: gzip,deflate
{"GrpHdr":{"msgId":"02052025102238008759834","creDtTm":"2025-10-22T14:14:35","nbOfTxs":1,"sttlmInf":{"sttlmMtd":"INGA"},"instgAgt":{"finInstnId":"0205"},"InstdAgt":{"FinInstnId":"0205"},"Mge":{"Type":"acmt.998.321.01"},"ChnlId":"APP"},"CdtTrfTxInf":{"PmtId":{"EndToEndId":"02052025102244963"},"IntrBkSttlmAmt":{"Amt":1,"Ccy":"USD"},"DbtrAcctId":{"IBAN":"EC5002051000000000020501052673"},"CdtrAcctId":{"IBAN":"EC0402051000000000020101002318"},"Prtry":{"CustRef":"QA22","ChanRef":"TERM001","AgtRef":"AGT0002"}}}

14:14:35.640 [main] DEBUG org.apache.http.impl.conn.PoolingHttpClientConnectionManager - Connection request: [route: {s}->https://apipanapayqa.coonecta.com.ec:443][total available: 0; route allocated: 0 of 5; total allocated: 0 of 10]
14:14:35.640 [main] DEBUG org.apache.http.impl.conn.PoolingHttpClientConnectionManager - Connection leased: [id: 6][route: {s}->https://apipanapayqa.coonecta.com.ec:443][total available: 0; route allocated: 1 of 5; total allocated: 1 of 10]
14:14:35.640 [main] DEBUG org.apache.http.impl.execchain.MainClientExec - Opening connection {s}->https://apipanapayqa.coonecta.com.ec:443
14:14:35.640 [main] DEBUG org.apache.http.impl.conn.DefaultHttpClientConnectionOperator - Connecting to apipanapayqa.coonecta.com.ec/10.1.0.133:443
14:14:35.640 [main] DEBUG org.apache.http.conn.ssl.SSLConnectionSocketFactory - Connecting socket to apipanapayqa.coonecta.com.ec/10.1.0.133:443 with timeout 30000
14:14:35.721 [main] DEBUG org.apache.http.conn.ssl.SSLConnectionSocketFactory - Enabled protocols: [TLSv1.3, TLSv1.2]
14:14:35.721 [main] DEBUG org.apache.http.conn.ssl.SSLConnectionSocketFactory - Enabled cipher suites:[TLS_AES_256_GCM_SHA384, TLS_AES_128_GCM_SHA256, TLS_CHACHA20_POLY1305_SHA256, TLS_ECDHE_ECDSA_WITH_AES_256_GCM_SHA384, TLS_ECDHE_ECDSA_WITH_AES_128_GCM_SHA256, TLS_ECDHE_ECDSA_WITH_CHACHA20_POLY1305_SHA256, TLS_ECDHE_RSA_WITH_AES_256_GCM_SHA384, TLS_ECDHE_RSA_WITH_CHACHA20_POLY1305_SHA256, TLS_ECDHE_RSA_WITH_AES_128_GCM_SHA256, TLS_DHE_RSA_WITH_AES_256_GCM_SHA384, TLS_DHE_RSA_WITH_CHACHA20_POLY1305_SHA256, TLS_DHE_DSS_WITH_AES_256_GCM_SHA384, TLS_DHE_RSA_WITH_AES_128_GCM_SHA256, TLS_DHE_DSS_WITH_AES_128_GCM_SHA256, TLS_ECDHE_ECDSA_WITH_AES_256_CBC_SHA384, TLS_ECDHE_RSA_WITH_AES_256_CBC_SHA384, TLS_ECDHE_ECDSA_WITH_AES_128_CBC_SHA256, TLS_ECDHE_RSA_WITH_AES_128_CBC_SHA256, TLS_DHE_RSA_WITH_AES_256_CBC_SHA256, TLS_DHE_DSS_WITH_AES_256_CBC_SHA256, TLS_DHE_RSA_WITH_AES_128_CBC_SHA256, TLS_DHE_DSS_WITH_AES_128_CBC_SHA256, TLS_ECDH_ECDSA_WITH_AES_256_GCM_SHA384, TLS_ECDH_RSA_WITH_AES_256_GCM_SHA384, TLS_ECDH_ECDSA_WITH_AES_128_GCM_SHA256, TLS_ECDH_RSA_WITH_AES_128_GCM_SHA256, TLS_ECDH_ECDSA_WITH_AES_256_CBC_SHA384, TLS_ECDH_RSA_WITH_AES_256_CBC_SHA384, TLS_ECDH_ECDSA_WITH_AES_128_CBC_SHA256, TLS_ECDH_RSA_WITH_AES_128_CBC_SHA256, TLS_ECDHE_ECDSA_WITH_AES_256_CBC_SHA, TLS_ECDHE_RSA_WITH_AES_256_CBC_SHA, TLS_ECDHE_ECDSA_WITH_AES_128_CBC_SHA, TLS_ECDHE_RSA_WITH_AES_128_CBC_SHA, TLS_DHE_RSA_WITH_AES_256_CBC_SHA, TLS_DHE_DSS_WITH_AES_256_CBC_SHA, TLS_DHE_RSA_WITH_AES_128_CBC_SHA, TLS_DHE_DSS_WITH_AES_128_CBC_SHA, TLS_ECDH_ECDSA_WITH_AES_256_CBC_SHA, TLS_ECDH_RSA_WITH_AES_256_CBC_SHA, TLS_ECDH_ECDSA_WITH_AES_128_CBC_SHA, TLS_ECDH_RSA_WITH_AES_128_CBC_SHA, TLS_RSA_WITH_AES_256_GCM_SHA384, TLS_RSA_WITH_AES_128_GCM_SHA256, TLS_RSA_WITH_AES_256_CBC_SHA256, TLS_RSA_WITH_AES_128_CBC_SHA256, TLS_RSA_WITH_AES_256_CBC_SHA, TLS_RSA_WITH_AES_128_CBC_SHA, TLS_EMPTY_RENEGOTIATION_INFO_SCSV]
14:14:35.721 [main] DEBUG org.apache.http.conn.ssl.SSLConnectionSocketFactory - Starting handshake
14:14:35.917 [main] DEBUG org.apache.http.conn.ssl.SSLConnectionSocketFactory - Secure session established
14:14:35.917 [main] DEBUG org.apache.http.conn.ssl.SSLConnectionSocketFactory -  negotiated protocol: TLSv1.3
14:14:35.917 [main] DEBUG org.apache.http.conn.ssl.SSLConnectionSocketFactory -  negotiated cipher suite: TLS_AES_256_GCM_SHA384
14:14:35.917 [main] DEBUG org.apache.http.conn.ssl.SSLConnectionSocketFactory -  peer principal: CN=apipanapayqa.coonecta.com.ec, O=Red Transaccional Cooperativa S.A. RTC, L=Quito, ST=Pichincha, C=EC
14:14:35.917 [main] DEBUG org.apache.http.conn.ssl.SSLConnectionSocketFactory -  peer alternative names: [apipanapayqa.coonecta.com.ec]
14:14:35.917 [main] DEBUG org.apache.http.conn.ssl.SSLConnectionSocketFactory -  issuer principal: CN=DigiCert Global G2 TLS RSA SHA256 2020 CA1, O=DigiCert Inc, C=US
14:14:35.917 [main] DEBUG org.apache.http.impl.conn.DefaultHttpClientConnectionOperator - Connection established 10.10.10.151:54135<->10.1.0.133:443
14:14:35.917 [main] DEBUG org.apache.http.impl.conn.DefaultManagedHttpClientConnection - http-outgoing-6: set socket timeout to 30000
14:14:35.917 [main] DEBUG org.apache.http.impl.execchain.MainClientExec - Executing request POST /api/switchcentral/finan/transferencia HTTP/1.1
14:14:35.917 [main] DEBUG org.apache.http.impl.execchain.MainClientExec - Proxy auth state: UNCHALLENGED
14:14:35.919 [main] DEBUG org.apache.http.headers - http-outgoing-6 >> POST /api/switchcentral/finan/transferencia HTTP/1.1
14:14:35.919 [main] DEBUG org.apache.http.headers - http-outgoing-6 >> Content-Type: application/json; charset=UTF-8
14:14:35.919 [main] DEBUG org.apache.http.headers - http-outgoing-6 >> Authorization: Bearer eyJhbGciOiJSUzI1NiIsInR5cCIgOiAiSldUIiwia2lkIiA6ICI2dUJWTkN6VlViUFBlTFdReEM0WDAyYVM3UnM2UGRYV1dja1dfc0xZMHlFIn0.eyJleHAiOjE3NjExNjA3NTAsImlhdCI6MTc2MTE2MDQ1MCwianRpIjoidHJydGNjOjQ5Yjg0NDVjLTgzYTAtMjI4Ni02NDczLWE2ZGEzOTBhOWQ0YSIsImlzcyI6Imh0dHBzOi8vYXV0ZW50aWNhY2lvbnFhLmNvb25lY3RhLmNvbS5lYy9hdXRoL3JlYWxtcy9QQU5BUEFZIiwiYXVkIjoiYWNjb3VudCIsInN1YiI6Ijk5OGMyZmUwLTJjOGYtNGQwNC1iZjExLWY1OWExZTM5ODg3MyIsInR5cCI6IkJlYXJlciIsImF6cCI6IjAyMDVjYiIsImFjciI6IjEiLCJhbGxvd2VkLW9yaWdpbnMiOlsiLyoiXSwicmVhbG1fYWNjZXNzIjp7InJvbGVzIjpbImRlZmF1bHQtcm9sZXMtYWRtaW5wYW5hcGF5Iiwib2ZmbGluZV9hY2Nlc3MiLCJ1bWFfYXV0aG9yaXphdGlvbiJdfSwicmVzb3VyY2VfYWNjZXNzIjp7IjAyMDVjYiI6eyJyb2xlcyI6WyJ1bWFfcHJvdGVjdGlvbiJdfSwiYWNjb3VudCI6eyJyb2xlcyI6WyJtYW5hZ2UtYWNjb3VudCIsIm1hbmFnZS1hY2NvdW50LWxpbmtzIiwidmlldy1wcm9maWxlIl19fSwic2NvcGUiOiJwcm9maWxlIGVtYWlsIiwiZW1haWxfdmVyaWZpZWQiOmZhbHNlLCJjbGllbnRIb3N0IjoiMTAuMTAuMTAuMTUxIiwicHJlZmVycmVkX3VzZXJuYW1lIjoic2VydmljZS1hY2NvdW50LTAyMDVjYiIsImNsaWVudEFkZHJlc3MiOiIxMC4xMC4xMC4xNTEiLCJjbGllbnRfaWQiOiIwMjA1Y2IifQ.bATUogohrEqy7Voa4mFnsBzOnGy6tnjZGh_lOYRn-0hWXMY_fz-280nTu2Vv68eO3HeoewtWlt45S_iLI2-ml3pqpAlt3DXWVmLvVHw6d7TICHBfQsa0jGXMexKnyar7EinrVhF3deSK25Ap_ajC_82EvVvXrVG-7p9F1dEdq39y2R72JympejF5uhY_z_jNmqJSsnLEZVOo3WMJn76u9tTcYVIldC5uWGFWbPGEhvWPx4ZGpsuq_wrPOGdRmyJDFJPJl7LnLGHK0DBhuVtJUq_NFQkMus2fTTf_mWhRnoqNU-wUCS-fxMs6QusGzIVd-C3O29J3rerHTrGg21LAsQ
14:14:35.919 [main] DEBUG org.apache.http.headers - http-outgoing-6 >> Content-Length: 509
14:14:35.919 [main] DEBUG org.apache.http.headers - http-outgoing-6 >> Host: apipanapayqa.coonecta.com.ec
14:14:35.919 [main] DEBUG org.apache.http.headers - http-outgoing-6 >> Connection: Keep-Alive
14:14:35.919 [main] DEBUG org.apache.http.headers - http-outgoing-6 >> User-Agent: Apache-HttpClient/4.5.14 (Java/17.0.12)
14:14:35.919 [main] DEBUG org.apache.http.headers - http-outgoing-6 >> Accept-Encoding: gzip,deflate
14:14:35.919 [main] DEBUG org.apache.http.wire - http-outgoing-6 >> "POST /api/switchcentral/finan/transferencia HTTP/1.1[\r][\n]"
14:14:35.919 [main] DEBUG org.apache.http.wire - http-outgoing-6 >> "Content-Type: application/json; charset=UTF-8[\r][\n]"
14:14:35.919 [main] DEBUG org.apache.http.wire - http-outgoing-6 >> "Authorization: Bearer eyJhbGciOiJSUzI1NiIsInR5cCIgOiAiSldUIiwia2lkIiA6ICI2dUJWTkN6VlViUFBlTFdReEM0WDAyYVM3UnM2UGRYV1dja1dfc0xZMHlFIn0.eyJleHAiOjE3NjExNjA3NTAsImlhdCI6MTc2MTE2MDQ1MCwianRpIjoidHJydGNjOjQ5Yjg0NDVjLTgzYTAtMjI4Ni02NDczLWE2ZGEzOTBhOWQ0YSIsImlzcyI6Imh0dHBzOi8vYXV0ZW50aWNhY2lvbnFhLmNvb25lY3RhLmNvbS5lYy9hdXRoL3JlYWxtcy9QQU5BUEFZIiwiYXVkIjoiYWNjb3VudCIsInN1YiI6Ijk5OGMyZmUwLTJjOGYtNGQwNC1iZjExLWY1OWExZTM5ODg3MyIsInR5cCI6IkJlYXJlciIsImF6cCI6IjAyMDVjYiIsImFjciI6IjEiLCJhbGxvd2VkLW9yaWdpbnMiOlsiLyoiXSwicmVhbG1fYWNjZXNzIjp7InJvbGVzIjpbImRlZmF1bHQtcm9sZXMtYWRtaW5wYW5hcGF5Iiwib2ZmbGluZV9hY2Nlc3MiLCJ1bWFfYXV0aG9yaXphdGlvbiJdfSwicmVzb3VyY2VfYWNjZXNzIjp7IjAyMDVjYiI6eyJyb2xlcyI6WyJ1bWFfcHJvdGVjdGlvbiJdfSwiYWNjb3VudCI6eyJyb2xlcyI6WyJtYW5hZ2UtYWNjb3VudCIsIm1hbmFnZS1hY2NvdW50LWxpbmtzIiwidmlldy1wcm9maWxlIl19fSwic2NvcGUiOiJwcm9maWxlIGVtYWlsIiwiZW1haWxfdmVyaWZpZWQiOmZhbHNlLCJjbGllbnRIb3N0IjoiMTAuMTAuMTAuMTUxIiwicHJlZmVycmVkX3VzZXJuYW1lIjoic2VydmljZS1hY2NvdW50LTAyMDVjYiIsImNsaWVudEFkZHJlc3MiOiIxMC4xMC4xMC4xNTEiLCJjbGllbnRfaWQiOiIwMjA1Y2IifQ.bATUogohrEqy7Voa4mFnsBzOnGy6tnjZGh_lOYRn-0hWXMY_fz-280nTu2Vv68eO3HeoewtWlt45S_iLI2-ml3pqpAlt3DXWVmLvVHw6d7TICHBfQsa0jGXMexKnyar7EinrVhF3deSK25Ap_ajC_82EvVvXrVG-7p9F1dEdq39y2R72JympejF5uhY_z_jNmqJSsnLEZVOo3WMJn76u9tTcYVIldC5uWGFWbPGEhvWPx4ZGpsuq_wrPOGdRmyJDFJPJl7LnLGHK0DBhuVtJUq_NFQkMus2fTTf_mWhRnoqNU-wUCS-fxMs6QusGzIVd-C3O29J3rerHTrGg21LAsQ[\r][\n]"
14:14:35.919 [main] DEBUG org.apache.http.wire - http-outgoing-6 >> "Content-Length: 509[\r][\n]"
14:14:35.919 [main] DEBUG org.apache.http.wire - http-outgoing-6 >> "Host: apipanapayqa.coonecta.com.ec[\r][\n]"
14:14:35.919 [main] DEBUG org.apache.http.wire - http-outgoing-6 >> "Connection: Keep-Alive[\r][\n]"
14:14:35.919 [main] DEBUG org.apache.http.wire - http-outgoing-6 >> "User-Agent: Apache-HttpClient/4.5.14 (Java/17.0.12)[\r][\n]"
14:14:35.919 [main] DEBUG org.apache.http.wire - http-outgoing-6 >> "Accept-Encoding: gzip,deflate[\r][\n]"
14:14:35.919 [main] DEBUG org.apache.http.wire - http-outgoing-6 >> "[\r][\n]"
14:14:35.919 [main] DEBUG org.apache.http.wire - http-outgoing-6 >> "{"GrpHdr":{"msgId":"02052025102238008759834","creDtTm":"2025-10-22T14:14:35","nbOfTxs":1,"sttlmInf":{"sttlmMtd":"INGA"},"instgAgt":{"finInstnId":"0205"},"InstdAgt":{"FinInstnId":"0205"},"Mge":{"Type":"acmt.998.321.01"},"ChnlId":"APP"},"CdtTrfTxInf":{"PmtId":{"EndToEndId":"02052025102244963"},"IntrBkSttlmAmt":{"Amt":1,"Ccy":"USD"},"DbtrAcctId":{"IBAN":"EC5002051000000000020501052673"},"CdtrAcctId":{"IBAN":"EC0402051000000000020101002318"},"Prtry":{"CustRef":"QA22","ChanRef":"TERM001","AgtRef":"AGT0002"}}}"
14:14:39.009 [main] DEBUG org.apache.http.wire - http-outgoing-6 << "HTTP/1.1 200 OK[\r][\n]"
14:14:39.009 [main] DEBUG org.apache.http.wire - http-outgoing-6 << "Date: Wed, 22 Oct 2025 19:14:31 GMT[\r][\n]"
14:14:39.009 [main] DEBUG org.apache.http.wire - http-outgoing-6 << "Content-Type: application/json; charset=utf-8[\r][\n]"
14:14:39.009 [main] DEBUG org.apache.http.wire - http-outgoing-6 << "Transfer-Encoding: chunked[\r][\n]"
14:14:39.009 [main] DEBUG org.apache.http.wire - http-outgoing-6 << "Connection: keep-alive[\r][\n]"
14:14:39.009 [main] DEBUG org.apache.http.wire - http-outgoing-6 << "Server: Kestrel[\r][\n]"
14:14:39.009 [main] DEBUG org.apache.http.wire - http-outgoing-6 << "Content-Encoding: gzip[\r][\n]"
14:14:39.009 [main] DEBUG org.apache.http.wire - http-outgoing-6 << "Set-Cookie: ARRAffinity=135f536e0d078a815c3b83fda3468ab8a3a2abc604a35eefb28648d3961cfa9b;Path=/;HttpOnly;Secure;Domain=app-apipanapay-qa.azurewebsites.net[\r][\n]"
14:14:39.009 [main] DEBUG org.apache.http.wire - http-outgoing-6 << "Set-Cookie: ARRAffinitySameSite=135f536e0d078a815c3b83fda3468ab8a3a2abc604a35eefb28648d3961cfa9b;Path=/;HttpOnly;SameSite=None;Secure;Domain=app-apipanapay-qa.azurewebsites.net[\r][\n]"
14:14:39.009 [main] DEBUG org.apache.http.wire - http-outgoing-6 << "Vary: Accept-Encoding[\r][\n]"
14:14:39.009 [main] DEBUG org.apache.http.wire - http-outgoing-6 << "Request-Context: appId=cid-v1:a7a77847-2713-450f-9030-b350a2d54a28[\r][\n]"
14:14:39.009 [main] DEBUG org.apache.http.wire - http-outgoing-6 << "X-Powered-By: ASP.NET[\r][\n]"
14:14:39.009 [main] DEBUG org.apache.http.wire - http-outgoing-6 << "X-ARR-ClientCert: -----BEGIN%20CERTIFICATE-----%0AMIIEHDCCAgSgAwIBAgIUZIZBO0fb7VZ4KXrs01S4RYbWyJ8wDQYJKoZIhvcNAQEL%0ABQAwJTEjMCEGA1UEAwwacm9vdGNlcnQuY2JpYmxpYW4uaW50ZXJuYWwwHhcNMjUw%0AODEzMTMyNTU5WhcNMjgwODEyMTMyNTU5WjAnMSUwIwYDVQQDDBxjbGllbnRjZXJ0%0ALmNiaWJsaWFuLmludGVybmFsMIIBIjANBgkqhkiG9w0BAQEFAAOCAQ8AMIIBCgKC%0AAQEAskUDap6NmyYq8RT6F7z3DpZGQiflNQTvUT84TmxsKXEBRAkgINnkJqgKkd7f%0ASEybzqglQTbr4s41lCiPsy3X66qYjU2L%2Bojhni%2BOCVOX7n3JBYovL%2FqfMP3%2FkhZP%0AQIlK%2FQWPcrnl39fYkGOQv%2BYqoCGEPzGkib2m1Ma5Q1HOCKh1ErMjqTLGy%2ByJj6JY%0AiZvMx3YrJSvjUS0uKpNwxPtGyiexRfKsmR%2FHqPzRHa0iY%2B752KSgUedwJPv1Wod%2B%0AY9BMAMIdU25UtkUEsaOYtorGWDaZSn2Bl0LYmP87kjcYypnHx0jtPtUCXfVHrE6u%0AZnDRFYsZbeXylY3mJkyOL2DzZwIDAQABo0IwQDAdBgNVHQ4EFgQURPhJwTAcUWUp%0ArOqQO68P%2FbJoqjMwHwYDVR0jBBgwFoAU7GdlxoSeEXucEXhjadHRC9xzS0UwDQYJ%0AKoZIhvcNAQELBQADggIBAGTnlyF2n%2F6s9phYbO8V17niO0BXB62ToX6gPhcw9f3y%0AhMui6RnrM1oiHlBWqZquCqYJ5ETvYJE1RqvoqtGysxCnIj0OTJHV4WtF3SHsd1Tu%0ATg%2B%2FUnGivtBTDQxj9sbAtCaSYRBqPByP8jvSTDgXR1mgOrEGjr2PZdZSoKLj4OHi%0A9UCMJw7pJsyA4lbroKshQTYv5Ks5SqtJpdp0%2BUX0UUlbPJqXiadfbKdoXvEgcwbP%0ACqR9v7kGYmNxfaGLNGVrV%2BnLawIDmdYXJE%2F4WJh6sHfiZxEsE%2BB4PoKADrb1Eapt%0AnSdHUgRfc0i5f2lcmErnU8nCMO5TWdHFOgpYwTS8w17FhNFZpaSmyZKM7uHcUs7y%0AUbuiQtdXocfSSMf%2FeycBEU%2FHAVIWQEqY%2BbJdC0q%2FR%2BsESeBtXd4IEIxR0QfgscGk%0AJyCSFC8z%2FvCgrRsH5rePqKO7%2FLAsDTP4GIQNFNfF4Wh6bsPXuJmvvoMcnmy%2F58Wo%0AE0XaG8UPHVAeyEmhncdM32E7SJbR91aRr2CkV23OoUz%2BwKG2%2FuObHmAkuMkCbbcz%0AJQoC7DZg5FGw%2BZR7v1DIBct5QNJQ8bG%2FXGRxjWC6dU7jrGhOF1X%2B2YYcdx9XnwyM%0A9YPxUy5bVfMhIiKP2wEso5fjOZ4RTvnB5R6zD3maJK%2FtZAXVhtyqXSkBYFi4MvEs%0A-----END%20CERTIFICATE-----%0A[\r][\n]"
14:14:39.009 [main] DEBUG org.apache.http.wire - http-outgoing-6 << "[\r][\n]"
14:14:39.009 [main] DEBUG org.apache.http.wire - http-outgoing-6 << "1d0[\r][\n]"
14:14:39.009 [main] DEBUG org.apache.http.wire - http-outgoing-6 << "[0x1f][0x8b][0x8][0x0][0x0][0x0][0x0][0x0][0x4][0x0][0xed][0xbd][0x7]`[0x1c]I[0x96]%&/m[0xca]{J[0xf5]J[0xd7][0xe0]t[0xa1][0x8][0x80]`[0x13]$[0xd8][0x90]@[0x10][0xec][0xc1][0x88][0xcd][0xe6][0x92][0xec][0x1d]iG#)[0xab]*[0x81][0xca]eVe]f[0x16]@[0xcc][0xed][0x9d][0xbc][0xf7][0xde]{[0xef][0xbd][0xf7][0xde]{[0xef][0xbd][0xf7][0xba];[0x9d]N'[0xf7][0xdf][0xff]?\fd[0x1]l[0xf6][0xce]J[0xda][0xc9][0x9e]![0x80][0xaa][0xc8][0x1f]?~|[0x1f]?"~[0xf1]G[0x9f][0xd7][0xab]o[0xcf][0xea][0x8f][0x1e][0xfd][0xe2][0x8f][0xbe]h.[0xce]f[0x1f]=[0xfa]h[0x87][0x9e][0xbd][0x9d][0xbd][0xfb][0xbb];{[0xf4]c[0xe7][0xde][0xfd][0x87][0x1f][0x8d]>:[0xa9][0xf3][0xa7][0xed][0x9b][0x5]}M[0x9f][0xdd][0xdf][0xde][0xdd][0xd9][0xde][0xdb]{[0xb3][0xbb][0xff][0x88][0xfe][0xb7]w@[0xdf][0xbf][0x98]|y[0xfe][0xe6]][0xf3][0xd1][0xa3][0xdd][0xd1]G[0xaf][0xdb][0xb6]\[0x9c]-[0xcf][0x1][0x94][0xff][0xa2][0x5][0xdc][0xb3][0x17][0x9f][0x1f][0xf4]KF[0x1f][0x9d]-[0x9b][0xf6][0xe2][0xf8][0xa2][0xc5][0xd7][0xcf][0x8a]%[0xfe]\J[0xc7]{;[0xf7]M[0x83][0xd9][0xa6][0x6]_\[0xe4][0xf8][0xee][0xcd][0xf5][0x8a]~~[0x94]M[0x17][0xed][0xf8][0xe1][0xc3][0x83][0xf1][0xbd][0xbd][0xbd][0xf1][0xce][0xce].Z[0x9c][0xcc][0x97]%[0xbf]r[0xfc][0xf2]%[0xff]=k[0xdf][0xd4][0x84][0xa0]b[0xf5]e}[0xb1][0xa4][0x81]{[0x95]v[0xf4][0xd4][0x7][0x86][0x88][0xd1][0xdf];[0xd8][0xd9]9xp[0xff][0xe1][0xc1][0xbd]}[0x1a][0xa2]4[0xbb][0xc8][0xfb][0xdd][0xee][0x8e][0xa9]Wm[0xb0][0x81]P[0xf7][0x18][0xf9][0x97][0x8b][0x16][0x1d][0xfd][0xe2][0x8f]N[0x97][0xb3]7[0x15][0xfd][0x83][0xbf][0x82]n[0xf7][0xf7][0x1f]~z[0x8f][0xe0][0x11][0xba][0xf8]j[0xf7][0xe0][0xfe][0xbd]O[0xf1][0xe6][0x9b]w[0xaf][[0xa2][0xf0]G_[0xbe][0xa5]/_5K[0x0][0xa1][0x1f]'hDs[0xb6]C[0x9f][0x1e][0xcf]fm[0xc9][0xc3][0xfa][0xe8]M[0x9d]-[0x9b]l:-[0xfe][0xd1][0xbf]u[0x99][0x9e][0xbe]+[0xda][0xaa][0xc9][0x0][0xe5][0xe9][0xa4][0xe5][0xe9]>^[0xb7][0xf3][0x93]j[0x86][0xa1][0xf8][0x9d][0xef][0xee][0xef][0xee][0xdf][0xdb][0xd9][0xdd][0xdf][0xd9][0xbd][0xf7][0x10][0xcd][0x89]r77[0xff]t[0xe7]`[0xf7]>[0x8f][0x8e][0xe7][0xfb])M[0x9d]7[0xfc][0x8f]~[0xc9][\r][\n]"
14:14:39.009 [main] DEBUG org.apache.http.wire - http-outgoing-6 << "c[\r][\n]"
14:14:39.009 [main] DEBUG org.apache.http.wire - http-outgoing-6 << "/[0xf9][0x0][0xe5]zr[0xfa]h[0x2][0x0][0x0][\r][\n]"
14:14:39.009 [main] DEBUG org.apache.http.wire - http-outgoing-6 << "0[\r][\n]"
14:14:39.009 [main] DEBUG org.apache.http.wire - http-outgoing-6 << "[\r][\n]"
14:14:39.009 [main] DEBUG org.apache.http.headers - http-outgoing-6 << HTTP/1.1 200 OK
14:14:39.009 [main] DEBUG org.apache.http.headers - http-outgoing-6 << Date: Wed, 22 Oct 2025 19:14:31 GMT
14:14:39.009 [main] DEBUG org.apache.http.headers - http-outgoing-6 << Content-Type: application/json; charset=utf-8
14:14:39.009 [main] DEBUG org.apache.http.headers - http-outgoing-6 << Transfer-Encoding: chunked
14:14:39.009 [main] DEBUG org.apache.http.headers - http-outgoing-6 << Connection: keep-alive
14:14:39.009 [main] DEBUG org.apache.http.headers - http-outgoing-6 << Server: Kestrel
14:14:39.009 [main] DEBUG org.apache.http.headers - http-outgoing-6 << Content-Encoding: gzip
14:14:39.009 [main] DEBUG org.apache.http.headers - http-outgoing-6 << Set-Cookie: ARRAffinity=135f536e0d078a815c3b83fda3468ab8a3a2abc604a35eefb28648d3961cfa9b;Path=/;HttpOnly;Secure;Domain=app-apipanapay-qa.azurewebsites.net
14:14:39.009 [main] DEBUG org.apache.http.headers - http-outgoing-6 << Set-Cookie: ARRAffinitySameSite=135f536e0d078a815c3b83fda3468ab8a3a2abc604a35eefb28648d3961cfa9b;Path=/;HttpOnly;SameSite=None;Secure;Domain=app-apipanapay-qa.azurewebsites.net
14:14:39.009 [main] DEBUG org.apache.http.headers - http-outgoing-6 << Vary: Accept-Encoding
14:14:39.009 [main] DEBUG org.apache.http.headers - http-outgoing-6 << Request-Context: appId=cid-v1:a7a77847-2713-450f-9030-b350a2d54a28
14:14:39.009 [main] DEBUG org.apache.http.headers - http-outgoing-6 << X-Powered-By: ASP.NET
14:14:39.009 [main] DEBUG org.apache.http.headers - http-outgoing-6 << X-ARR-ClientCert: -----BEGIN%20CERTIFICATE-----%0AMIIEHDCCAgSgAwIBAgIUZIZBO0fb7VZ4KXrs01S4RYbWyJ8wDQYJKoZIhvcNAQEL%0ABQAwJTEjMCEGA1UEAwwacm9vdGNlcnQuY2JpYmxpYW4uaW50ZXJuYWwwHhcNMjUw%0AODEzMTMyNTU5WhcNMjgwODEyMTMyNTU5WjAnMSUwIwYDVQQDDBxjbGllbnRjZXJ0%0ALmNiaWJsaWFuLmludGVybmFsMIIBIjANBgkqhkiG9w0BAQEFAAOCAQ8AMIIBCgKC%0AAQEAskUDap6NmyYq8RT6F7z3DpZGQiflNQTvUT84TmxsKXEBRAkgINnkJqgKkd7f%0ASEybzqglQTbr4s41lCiPsy3X66qYjU2L%2Bojhni%2BOCVOX7n3JBYovL%2FqfMP3%2FkhZP%0AQIlK%2FQWPcrnl39fYkGOQv%2BYqoCGEPzGkib2m1Ma5Q1HOCKh1ErMjqTLGy%2ByJj6JY%0AiZvMx3YrJSvjUS0uKpNwxPtGyiexRfKsmR%2FHqPzRHa0iY%2B752KSgUedwJPv1Wod%2B%0AY9BMAMIdU25UtkUEsaOYtorGWDaZSn2Bl0LYmP87kjcYypnHx0jtPtUCXfVHrE6u%0AZnDRFYsZbeXylY3mJkyOL2DzZwIDAQABo0IwQDAdBgNVHQ4EFgQURPhJwTAcUWUp%0ArOqQO68P%2FbJoqjMwHwYDVR0jBBgwFoAU7GdlxoSeEXucEXhjadHRC9xzS0UwDQYJ%0AKoZIhvcNAQELBQADggIBAGTnlyF2n%2F6s9phYbO8V17niO0BXB62ToX6gPhcw9f3y%0AhMui6RnrM1oiHlBWqZquCqYJ5ETvYJE1RqvoqtGysxCnIj0OTJHV4WtF3SHsd1Tu%0ATg%2B%2FUnGivtBTDQxj9sbAtCaSYRBqPByP8jvSTDgXR1mgOrEGjr2PZdZSoKLj4OHi%0A9UCMJw7pJsyA4lbroKshQTYv5Ks5SqtJpdp0%2BUX0UUlbPJqXiadfbKdoXvEgcwbP%0ACqR9v7kGYmNxfaGLNGVrV%2BnLawIDmdYXJE%2F4WJh6sHfiZxEsE%2BB4PoKADrb1Eapt%0AnSdHUgRfc0i5f2lcmErnU8nCMO5TWdHFOgpYwTS8w17FhNFZpaSmyZKM7uHcUs7y%0AUbuiQtdXocfSSMf%2FeycBEU%2FHAVIWQEqY%2BbJdC0q%2FR%2BsESeBtXd4IEIxR0QfgscGk%0AJyCSFC8z%2FvCgrRsH5rePqKO7%2FLAsDTP4GIQNFNfF4Wh6bsPXuJmvvoMcnmy%2F58Wo%0AE0XaG8UPHVAeyEmhncdM32E7SJbR91aRr2CkV23OoUz%2BwKG2%2FuObHmAkuMkCbbcz%0AJQoC7DZg5FGw%2BZR7v1DIBct5QNJQ8bG%2FXGRxjWC6dU7jrGhOF1X%2B2YYcdx9XnwyM%0A9YPxUy5bVfMhIiKP2wEso5fjOZ4RTvnB5R6zD3maJK%2FtZAXVhtyqXSkBYFi4MvEs%0A-----END%20CERTIFICATE-----%0A
14:14:39.009 [main] DEBUG org.apache.http.impl.execchain.MainClientExec - Connection can be kept alive indefinitely
14:14:39.009 [main] DEBUG org.apache.http.client.protocol.ResponseProcessCookies - Cookie accepted [ARRAffinity="135f536e0d078a815c3b83fda3468ab8a3a2abc604a35eefb28648d3961cfa9b", version:0, domain:app-apipanapay-qa.azurewebsites.net, path:/, expiry:null]
14:14:39.009 [main] DEBUG org.apache.http.client.protocol.ResponseProcessCookies - Cookie accepted [ARRAffinitySameSite="135f536e0d078a815c3b83fda3468ab8a3a2abc604a35eefb28648d3961cfa9b", version:0, domain:app-apipanapay-qa.azurewebsites.net, path:/, expiry:null]
14:14:39.009 [main] DEBUG org.apache.http.impl.conn.DefaultManagedHttpClientConnection - http-outgoing-6: Close connection
14:14:39.215 [main] DEBUG org.apache.http.impl.execchain.MainClientExec - Connection discarded
14:14:39.215 [main] DEBUG org.apache.http.impl.conn.PoolingHttpClientConnectionManager - Connection released: [id: 6][route: {s}->https://apipanapayqa.coonecta.com.ec:443][total available: 0; route allocated: 0 of 5; total allocated: 0 of 10]
14:14:39.215 [main] DEBUG org.apache.http.impl.conn.PoolingHttpClientConnectionManager - Connection manager is shutting down
14:14:39.215 [main] DEBUG org.apache.http.impl.conn.PoolingHttpClientConnectionManager - Connection manager shut down
14:14:39.215 [main] DEBUG com.intuit.karate - response time in milliseconds: 3369
1 < 200
1 < Date: Wed, 22 Oct 2025 19:14:31 GMT
1 < Content-Type: application/json; charset=utf-8
1 < Transfer-Encoding: chunked
1 < Connection: keep-alive
1 < Server: Kestrel
1 < Set-Cookie: ARRAffinity=135f536e0d078a815c3b83fda3468ab8a3a2abc604a35eefb28648d3961cfa9b;Path=/;HttpOnly;Secure;Domain=app-apipanapay-qa.azurewebsites.net
1 < Set-Cookie: ARRAffinitySameSite=135f536e0d078a815c3b83fda3468ab8a3a2abc604a35eefb28648d3961cfa9b;Path=/;HttpOnly;SameSite=None;Secure;Domain=app-apipanapay-qa.azurewebsites.net
1 < Vary: Accept-Encoding
1 < Request-Context: appId=cid-v1:a7a77847-2713-450f-9030-b350a2d54a28
1 < X-Powered-By: ASP.NET
1 < X-ARR-ClientCert: -----BEGIN%20CERTIFICATE-----%0AMIIEHDCCAgSgAwIBAgIUZIZBO0fb7VZ4KXrs01S4RYbWyJ8wDQYJKoZIhvcNAQEL%0ABQAwJTEjMCEGA1UEAwwacm9vdGNlcnQuY2JpYmxpYW4uaW50ZXJuYWwwHhcNMjUw%0AODEzMTMyNTU5WhcNMjgwODEyMTMyNTU5WjAnMSUwIwYDVQQDDBxjbGllbnRjZXJ0%0ALmNiaWJsaWFuLmludGVybmFsMIIBIjANBgkqhkiG9w0BAQEFAAOCAQ8AMIIBCgKC%0AAQEAskUDap6NmyYq8RT6F7z3DpZGQiflNQTvUT84TmxsKXEBRAkgINnkJqgKkd7f%0ASEybzqglQTbr4s41lCiPsy3X66qYjU2L%2Bojhni%2BOCVOX7n3JBYovL%2FqfMP3%2FkhZP%0AQIlK%2FQWPcrnl39fYkGOQv%2BYqoCGEPzGkib2m1Ma5Q1HOCKh1ErMjqTLGy%2ByJj6JY%0AiZvMx3YrJSvjUS0uKpNwxPtGyiexRfKsmR%2FHqPzRHa0iY%2B752KSgUedwJPv1Wod%2B%0AY9BMAMIdU25UtkUEsaOYtorGWDaZSn2Bl0LYmP87kjcYypnHx0jtPtUCXfVHrE6u%0AZnDRFYsZbeXylY3mJkyOL2DzZwIDAQABo0IwQDAdBgNVHQ4EFgQURPhJwTAcUWUp%0ArOqQO68P%2FbJoqjMwHwYDVR0jBBgwFoAU7GdlxoSeEXucEXhjadHRC9xzS0UwDQYJ%0AKoZIhvcNAQELBQADggIBAGTnlyF2n%2F6s9phYbO8V17niO0BXB62ToX6gPhcw9f3y%0AhMui6RnrM1oiHlBWqZquCqYJ5ETvYJE1RqvoqtGysxCnIj0OTJHV4WtF3SHsd1Tu%0ATg%2B%2FUnGivtBTDQxj9sbAtCaSYRBqPByP8jvSTDgXR1mgOrEGjr2PZdZSoKLj4OHi%0A9UCMJw7pJsyA4lbroKshQTYv5Ks5SqtJpdp0%2BUX0UUlbPJqXiadfbKdoXvEgcwbP%0ACqR9v7kGYmNxfaGLNGVrV%2BnLawIDmdYXJE%2F4WJh6sHfiZxEsE%2BB4PoKADrb1Eapt%0AnSdHUgRfc0i5f2lcmErnU8nCMO5TWdHFOgpYwTS8w17FhNFZpaSmyZKM7uHcUs7y%0AUbuiQtdXocfSSMf%2FeycBEU%2FHAVIWQEqY%2BbJdC0q%2FR%2BsESeBtXd4IEIxR0QfgscGk%0AJyCSFC8z%2FvCgrRsH5rePqKO7%2FLAsDTP4GIQNFNfF4Wh6bsPXuJmvvoMcnmy%2F58Wo%0AE0XaG8UPHVAeyEmhncdM32E7SJbR91aRr2CkV23OoUz%2BwKG2%2FuObHmAkuMkCbbcz%0AJQoC7DZg5FGw%2BZR7v1DIBct5QNJQ8bG%2FXGRxjWC6dU7jrGhOF1X%2B2YYcdx9XnwyM%0A9YPxUy5bVfMhIiKP2wEso5fjOZ4RTvnB5R6zD3maJK%2FtZAXVhtyqXSkBYFi4MvEs%0A-----END%20CERTIFICATE-----%0A
{"GrpHdr":{"MsgId":"000020251022020359","CreDtTm":"2025-10-22T14:14:28","NbOfTxs":1,"SttlmInf":{"SttlmMtd":"INGA"},"InstgAgt":{"FinInstnId":"0205"},"InstdAgt":{"FinInstnId":"0205"},"Mge":{"Type":"acmt.998.322.001"},"ChnlId":"APP"},"CdtTrfTxInf":{"OrgnGrpInf":{"OrgnlMsgId":"02052025102238008759834","OrgnlMgeType":"acmt.998.321.01","OrgnlCreDtTm":"2025-10-22T14:14:35"},"PmtId":{"EndToEndId":"02052025102244963","TxId":"18536"},"TxSts":"Ok","Rsn":{"RsnCd":"0000","AddtlInf":"Transacción Exitosa"},"Dbtr":{"AuthCode":"020520251022141430140139"},"Cdtr":{"AuthCode":"020520251022141430608155"},"SttlmDt":"2025-10-22"}}

14:14:39.215 [main] ERROR com.intuit.karate - classpath:Transferencia.feature:220
Then match responseStatus in statusOk
no step-definition method match found for: match responseStatus in statusOk
classpath:Transferencia.feature:220
]]></system-out>
  </testcase>
  <testcase name="[7:234] Transferencia no exitosa, el codigo MsgId es el mismo del ordenante y receptor" classname="Transferencia" time="3.514">
    <failure message="no step-definition method match found for: match responseStatus in okStatus&#10;classpath:Transferencia.feature:241" type="org.opentest4j.AssertionFailedError"><![CDATA[org.opentest4j.AssertionFailedError: 
no step-definition method match found for: match responseStatus in okStatus
classpath:Transferencia.feature:241
	at org.junit.jupiter.api.AssertionUtils.fail(AssertionUtils.java:38)
	at org.junit.jupiter.api.Assertions.fail(Assertions.java:135)
	at com.intuit.karate.junit5.FeatureNode.lambda$next$1(FeatureNode.java:86)
	at org.junit.jupiter.engine.descriptor.DynamicTestTestDescriptor.lambda$execute$0(DynamicTestTestDescriptor.java:53)
	at org.junit.jupiter.engine.execution.InvocationInterceptorChain$ValidatingInvocation.proceed(InvocationInterceptorChain.java:131)
	at org.junit.jupiter.api.extension.InvocationInterceptor.interceptDynamicTest(InvocationInterceptor.java:167)
	at org.junit.jupiter.api.extension.InvocationInterceptor.interceptDynamicTest(InvocationInterceptor.java:184)
	at org.junit.jupiter.engine.descriptor.DynamicTestTestDescriptor.lambda$execute$1(DynamicTestTestDescriptor.java:61)
	at org.junit.jupiter.engine.execution.InvocationInterceptorChain$InterceptorCall.lambda$ofVoid$0(InvocationInterceptorChain.java:78)
	at org.junit.jupiter.engine.execution.InvocationInterceptorChain$InterceptedInvocation.proceed(InvocationInterceptorChain.java:106)
	at org.junit.jupiter.engine.execution.InvocationInterceptorChain.proceed(InvocationInterceptorChain.java:64)
	at org.junit.jupiter.engine.execution.InvocationInterceptorChain.chainAndInvoke(InvocationInterceptorChain.java:45)
	at org.junit.jupiter.engine.execution.InvocationInterceptorChain.invoke(InvocationInterceptorChain.java:37)
	at org.junit.jupiter.engine.descriptor.DynamicTestTestDescriptor.execute(DynamicTestTestDescriptor.java:60)
	at org.junit.jupiter.engine.descriptor.DynamicTestTestDescriptor.execute(DynamicTestTestDescriptor.java:32)
	at org.junit.platform.engine.support.hierarchical.NodeTestTask.lambda$executeRecursively$6(NodeTestTask.java:151)
	at org.junit.platform.engine.support.hierarchical.ThrowableCollector.execute(ThrowableCollector.java:73)
	at org.junit.platform.engine.support.hierarchical.NodeTestTask.lambda$executeRecursively$8(NodeTestTask.java:141)
	at org.junit.platform.engine.support.hierarchical.Node.around(Node.java:137)
	at org.junit.platform.engine.support.hierarchical.NodeTestTask.lambda$executeRecursively$9(NodeTestTask.java:139)
	at org.junit.platform.engine.support.hierarchical.ThrowableCollector.execute(ThrowableCollector.java:73)
	at org.junit.platform.engine.support.hierarchical.NodeTestTask.executeRecursively(NodeTestTask.java:138)
	at org.junit.platform.engine.support.hierarchical.NodeTestTask.execute(NodeTestTask.java:95)
	at org.junit.platform.engine.support.hierarchical.SameThreadHierarchicalTestExecutorService.submit(SameThreadHierarchicalTestExecutorService.java:35)
	at org.junit.platform.engine.support.hierarchical.NodeTestTask$DefaultDynamicTestExecutor.execute(NodeTestTask.java:226)
	at org.junit.platform.engine.support.hierarchical.NodeTestTask$DefaultDynamicTestExecutor.execute(NodeTestTask.java:204)
	at java.base/java.util.stream.ForEachOps$ForEachOp$OfRef.accept(ForEachOps.java:183)
	at java.base/java.util.stream.ReferencePipeline$3$1.accept(ReferencePipeline.java:197)
	at java.base/java.util.stream.ReferencePipeline$2$1.accept(ReferencePipeline.java:179)
	at java.base/java.util.stream.ReferencePipeline$3$1.accept(ReferencePipeline.java:197)
	at java.base/java.util.Iterator.forEachRemaining(Iterator.java:133)
	at java.base/java.util.Spliterators$IteratorSpliterator.forEachRemaining(Spliterators.java:1845)
	at java.base/java.util.stream.AbstractPipeline.copyInto(AbstractPipeline.java:509)
	at java.base/java.util.stream.AbstractPipeline.wrapAndCopyInto(AbstractPipeline.java:499)
	at java.base/java.util.stream.ForEachOps$ForEachOp.evaluateSequential(ForEachOps.java:150)
	at java.base/java.util.stream.ForEachOps$ForEachOp$OfRef.evaluateSequential(ForEachOps.java:173)
	at java.base/java.util.stream.AbstractPipeline.evaluate(AbstractPipeline.java:234)
	at java.base/java.util.stream.ReferencePipeline.forEachOrdered(ReferencePipeline.java:601)
	at org.junit.jupiter.engine.descriptor.DynamicContainerTestDescriptor.execute(DynamicContainerTestDescriptor.java:67)
	at org.junit.jupiter.engine.descriptor.DynamicContainerTestDescriptor.execute(DynamicContainerTestDescriptor.java:33)
	at org.junit.platform.engine.support.hierarchical.NodeTestTask.lambda$executeRecursively$6(NodeTestTask.java:151)
	at org.junit.platform.engine.support.hierarchical.ThrowableCollector.execute(ThrowableCollector.java:73)
	at org.junit.platform.engine.support.hierarchical.NodeTestTask.lambda$executeRecursively$8(NodeTestTask.java:141)
	at org.junit.platform.engine.support.hierarchical.Node.around(Node.java:137)
	at org.junit.platform.engine.support.hierarchical.NodeTestTask.lambda$executeRecursively$9(NodeTestTask.java:139)
	at org.junit.platform.engine.support.hierarchical.ThrowableCollector.execute(ThrowableCollector.java:73)
	at org.junit.platform.engine.support.hierarchical.NodeTestTask.executeRecursively(NodeTestTask.java:138)
	at org.junit.platform.engine.support.hierarchical.NodeTestTask.execute(NodeTestTask.java:95)
	at org.junit.platform.engine.support.hierarchical.SameThreadHierarchicalTestExecutorService.submit(SameThreadHierarchicalTestExecutorService.java:35)
	at org.junit.platform.engine.support.hierarchical.NodeTestTask$DefaultDynamicTestExecutor.execute(NodeTestTask.java:226)
	at org.junit.platform.engine.support.hierarchical.NodeTestTask$DefaultDynamicTestExecutor.execute(NodeTestTask.java:204)
	at java.base/java.util.Optional.ifPresent(Optional.java:178)
	at org.junit.jupiter.engine.descriptor.TestFactoryTestDescriptor.lambda$invokeTestMethod$1(TestFactoryTestDescriptor.java:108)
	at org.junit.platform.engine.support.hierarchical.ThrowableCollector.execute(ThrowableCollector.java:73)
	at org.junit.jupiter.engine.descriptor.TestFactoryTestDescriptor.invokeTestMethod(TestFactoryTestDescriptor.java:95)
	at org.junit.jupiter.engine.descriptor.TestMethodTestDescriptor.execute(TestMethodTestDescriptor.java:138)
	at org.junit.jupiter.engine.descriptor.TestMethodTestDescriptor.execute(TestMethodTestDescriptor.java:68)
	at org.junit.platform.engine.support.hierarchical.NodeTestTask.lambda$executeRecursively$6(NodeTestTask.java:151)
	at org.junit.platform.engine.support.hierarchical.ThrowableCollector.execute(ThrowableCollector.java:73)
	at org.junit.platform.engine.support.hierarchical.NodeTestTask.lambda$executeRecursively$8(NodeTestTask.java:141)
	at org.junit.platform.engine.support.hierarchical.Node.around(Node.java:137)
	at org.junit.platform.engine.support.hierarchical.NodeTestTask.lambda$executeRecursively$9(NodeTestTask.java:139)
	at org.junit.platform.engine.support.hierarchical.ThrowableCollector.execute(ThrowableCollector.java:73)
	at org.junit.platform.engine.support.hierarchical.NodeTestTask.executeRecursively(NodeTestTask.java:138)
	at org.junit.platform.engine.support.hierarchical.NodeTestTask.execute(NodeTestTask.java:95)
	at java.base/java.util.ArrayList.forEach(ArrayList.java:1511)
	at org.junit.platform.engine.support.hierarchical.SameThreadHierarchicalTestExecutorService.invokeAll(SameThreadHierarchicalTestExecutorService.java:41)
	at org.junit.platform.engine.support.hierarchical.NodeTestTask.lambda$executeRecursively$6(NodeTestTask.java:155)
	at org.junit.platform.engine.support.hierarchical.ThrowableCollector.execute(ThrowableCollector.java:73)
	at org.junit.platform.engine.support.hierarchical.NodeTestTask.lambda$executeRecursively$8(NodeTestTask.java:141)
	at org.junit.platform.engine.support.hierarchical.Node.around(Node.java:137)
	at org.junit.platform.engine.support.hierarchical.NodeTestTask.lambda$executeRecursively$9(NodeTestTask.java:139)
	at org.junit.platform.engine.support.hierarchical.ThrowableCollector.execute(ThrowableCollector.java:73)
	at org.junit.platform.engine.support.hierarchical.NodeTestTask.executeRecursively(NodeTestTask.java:138)
	at org.junit.platform.engine.support.hierarchical.NodeTestTask.execute(NodeTestTask.java:95)
	at java.base/java.util.ArrayList.forEach(ArrayList.java:1511)
	at org.junit.platform.engine.support.hierarchical.SameThreadHierarchicalTestExecutorService.invokeAll(SameThreadHierarchicalTestExecutorService.java:41)
	at org.junit.platform.engine.support.hierarchical.NodeTestTask.lambda$executeRecursively$6(NodeTestTask.java:155)
	at org.junit.platform.engine.support.hierarchical.ThrowableCollector.execute(ThrowableCollector.java:73)
	at org.junit.platform.engine.support.hierarchical.NodeTestTask.lambda$executeRecursively$8(NodeTestTask.java:141)
	at org.junit.platform.engine.support.hierarchical.Node.around(Node.java:137)
	at org.junit.platform.engine.support.hierarchical.NodeTestTask.lambda$executeRecursively$9(NodeTestTask.java:139)
	at org.junit.platform.engine.support.hierarchical.ThrowableCollector.execute(ThrowableCollector.java:73)
	at org.junit.platform.engine.support.hierarchical.NodeTestTask.executeRecursively(NodeTestTask.java:138)
	at org.junit.platform.engine.support.hierarchical.NodeTestTask.execute(NodeTestTask.java:95)
	at org.junit.platform.engine.support.hierarchical.SameThreadHierarchicalTestExecutorService.submit(SameThreadHierarchicalTestExecutorService.java:35)
	at org.junit.platform.engine.support.hierarchical.HierarchicalTestExecutor.execute(HierarchicalTestExecutor.java:57)
	at org.junit.platform.engine.support.hierarchical.HierarchicalTestEngine.execute(HierarchicalTestEngine.java:54)
	at org.junit.platform.launcher.core.EngineExecutionOrchestrator.execute(EngineExecutionOrchestrator.java:147)
	at org.junit.platform.launcher.core.EngineExecutionOrchestrator.execute(EngineExecutionOrchestrator.java:127)
	at org.junit.platform.launcher.core.EngineExecutionOrchestrator.execute(EngineExecutionOrchestrator.java:90)
	at org.junit.platform.launcher.core.EngineExecutionOrchestrator.lambda$execute$0(EngineExecutionOrchestrator.java:55)
	at org.junit.platform.launcher.core.EngineExecutionOrchestrator.withInterceptedStreams(EngineExecutionOrchestrator.java:102)
	at org.junit.platform.launcher.core.EngineExecutionOrchestrator.execute(EngineExecutionOrchestrator.java:54)
	at org.junit.platform.launcher.core.DefaultLauncher.execute(DefaultLauncher.java:114)
	at org.junit.platform.launcher.core.DefaultLauncher.execute(DefaultLauncher.java:86)
	at org.junit.platform.launcher.core.DefaultLauncherSession$DelegatingLauncher.execute(DefaultLauncherSession.java:86)
	at org.apache.maven.surefire.junitplatform.LazyLauncher.execute(LazyLauncher.java:56)
	at org.apache.maven.surefire.junitplatform.JUnitPlatformProvider.execute(JUnitPlatformProvider.java:184)
	at org.apache.maven.surefire.junitplatform.JUnitPlatformProvider.invokeAllTests(JUnitPlatformProvider.java:148)
	at org.apache.maven.surefire.junitplatform.JUnitPlatformProvider.invoke(JUnitPlatformProvider.java:122)
	at org.apache.maven.surefire.booter.ForkedBooter.runSuitesInProcess(ForkedBooter.java:385)
	at org.apache.maven.surefire.booter.ForkedBooter.execute(ForkedBooter.java:162)
	at org.apache.maven.surefire.booter.ForkedBooter.run(ForkedBooter.java:507)
	at org.apache.maven.surefire.booter.ForkedBooter.main(ForkedBooter.java:495)
]]></failure>
    <system-out><![CDATA[14:14:39.238 [main] DEBUG com.intuit.karate - key store key count for classpath:certificado/clientcert.cbiblian.internal 1.pfx: 1
14:14:39.247 [main] DEBUG com.jayway.jsonpath.internal.path.CompiledPath - Evaluating path: $
14:14:39.248 [main] DEBUG com.jayway.jsonpath.internal.path.CompiledPath - Evaluating path: $['Authorization']
14:14:39.248 [main] DEBUG com.jayway.jsonpath.internal.path.CompiledPath - Evaluating path: $
14:14:39.248 [main] DEBUG com.jayway.jsonpath.internal.path.CompiledPath - Evaluating path: $
14:14:39.248 [main] DEBUG com.jayway.jsonpath.internal.JsonContext - Put path $ key Authorization value {}
14:14:39.248 [main] DEBUG com.jayway.jsonpath.internal.path.CompiledPath - Evaluating path: $
14:14:39.248 [main] DEBUG com.jayway.jsonpath.internal.JsonContext - Put path $ key Authorization value Bearer eyJhbGciOiJSUzI1NiIsInR5cCIgOiAiSldUIiwia2lkIiA6ICI2dUJWTkN6VlViUFBlTFdReEM0WDAyYVM3UnM2UGRYV1dja1dfc0xZMHlFIn0.eyJleHAiOjE3NjExNjA3NTAsImlhdCI6MTc2MTE2MDQ1MCwianRpIjoidHJydGNjOjQ5Yjg0NDVjLTgzYTAtMjI4Ni02NDczLWE2ZGEzOTBhOWQ0YSIsImlzcyI6Imh0dHBzOi8vYXV0ZW50aWNhY2lvbnFhLmNvb25lY3RhLmNvbS5lYy9hdXRoL3JlYWxtcy9QQU5BUEFZIiwiYXVkIjoiYWNjb3VudCIsInN1YiI6Ijk5OGMyZmUwLTJjOGYtNGQwNC1iZjExLWY1OWExZTM5ODg3MyIsInR5cCI6IkJlYXJlciIsImF6cCI6IjAyMDVjYiIsImFjciI6IjEiLCJhbGxvd2VkLW9yaWdpbnMiOlsiLyoiXSwicmVhbG1fYWNjZXNzIjp7InJvbGVzIjpbImRlZmF1bHQtcm9sZXMtYWRtaW5wYW5hcGF5Iiwib2ZmbGluZV9hY2Nlc3MiLCJ1bWFfYXV0aG9yaXphdGlvbiJdfSwicmVzb3VyY2VfYWNjZXNzIjp7IjAyMDVjYiI6eyJyb2xlcyI6WyJ1bWFfcHJvdGVjdGlvbiJdfSwiYWNjb3VudCI6eyJyb2xlcyI6WyJtYW5hZ2UtYWNjb3VudCIsIm1hbmFnZS1hY2NvdW50LWxpbmtzIiwidmlldy1wcm9maWxlIl19fSwic2NvcGUiOiJwcm9maWxlIGVtYWlsIiwiZW1haWxfdmVyaWZpZWQiOmZhbHNlLCJjbGllbnRIb3N0IjoiMTAuMTAuMTAuMTUxIiwicHJlZmVycmVkX3VzZXJuYW1lIjoic2VydmljZS1hY2NvdW50LTAyMDVjYiIsImNsaWVudEFkZHJlc3MiOiIxMC4xMC4xMC4xNTEiLCJjbGllbnRfaWQiOiIwMjA1Y2IifQ.bATUogohrEqy7Voa4mFnsBzOnGy6tnjZGh_lOYRn-0hWXMY_fz-280nTu2Vv68eO3HeoewtWlt45S_iLI2-ml3pqpAlt3DXWVmLvVHw6d7TICHBfQsa0jGXMexKnyar7EinrVhF3deSK25Ap_ajC_82EvVvXrVG-7p9F1dEdq39y2R72JympejF5uhY_z_jNmqJSsnLEZVOo3WMJn76u9tTcYVIldC5uWGFWbPGEhvWPx4ZGpsuq_wrPOGdRmyJDFJPJl7LnLGHK0DBhuVtJUq_NFQkMus2fTTf_mWhRnoqNU-wUCS-fxMs6QusGzIVd-C3O29J3rerHTrGg21LAsQ
14:14:39.248 [main] DEBUG com.jayway.jsonpath.internal.path.CompiledPath - Evaluating path: $
14:14:39.260 [main] DEBUG com.jayway.jsonpath.internal.path.CompiledPath - Evaluating path: $
14:14:39.264 [main] DEBUG org.apache.http.client.protocol.RequestAddCookies - CookieSpec selected: karate
14:14:39.264 [main] DEBUG org.apache.http.client.protocol.RequestAuthCache - Auth cache not set in the context
14:14:39.264 [main] DEBUG com.intuit.karate - request:
1 > POST https://apipanapayqa.coonecta.com.ec/api/switchcentral/finan/transferencia
1 > Content-Type: application/json; charset=UTF-8
1 > Authorization: Bearer eyJhbGciOiJSUzI1NiIsInR5cCIgOiAiSldUIiwia2lkIiA6ICI2dUJWTkN6VlViUFBlTFdReEM0WDAyYVM3UnM2UGRYV1dja1dfc0xZMHlFIn0.eyJleHAiOjE3NjExNjA3NTAsImlhdCI6MTc2MTE2MDQ1MCwianRpIjoidHJydGNjOjQ5Yjg0NDVjLTgzYTAtMjI4Ni02NDczLWE2ZGEzOTBhOWQ0YSIsImlzcyI6Imh0dHBzOi8vYXV0ZW50aWNhY2lvbnFhLmNvb25lY3RhLmNvbS5lYy9hdXRoL3JlYWxtcy9QQU5BUEFZIiwiYXVkIjoiYWNjb3VudCIsInN1YiI6Ijk5OGMyZmUwLTJjOGYtNGQwNC1iZjExLWY1OWExZTM5ODg3MyIsInR5cCI6IkJlYXJlciIsImF6cCI6IjAyMDVjYiIsImFjciI6IjEiLCJhbGxvd2VkLW9yaWdpbnMiOlsiLyoiXSwicmVhbG1fYWNjZXNzIjp7InJvbGVzIjpbImRlZmF1bHQtcm9sZXMtYWRtaW5wYW5hcGF5Iiwib2ZmbGluZV9hY2Nlc3MiLCJ1bWFfYXV0aG9yaXphdGlvbiJdfSwicmVzb3VyY2VfYWNjZXNzIjp7IjAyMDVjYiI6eyJyb2xlcyI6WyJ1bWFfcHJvdGVjdGlvbiJdfSwiYWNjb3VudCI6eyJyb2xlcyI6WyJtYW5hZ2UtYWNjb3VudCIsIm1hbmFnZS1hY2NvdW50LWxpbmtzIiwidmlldy1wcm9maWxlIl19fSwic2NvcGUiOiJwcm9maWxlIGVtYWlsIiwiZW1haWxfdmVyaWZpZWQiOmZhbHNlLCJjbGllbnRIb3N0IjoiMTAuMTAuMTAuMTUxIiwicHJlZmVycmVkX3VzZXJuYW1lIjoic2VydmljZS1hY2NvdW50LTAyMDVjYiIsImNsaWVudEFkZHJlc3MiOiIxMC4xMC4xMC4xNTEiLCJjbGllbnRfaWQiOiIwMjA1Y2IifQ.bATUogohrEqy7Voa4mFnsBzOnGy6tnjZGh_lOYRn-0hWXMY_fz-280nTu2Vv68eO3HeoewtWlt45S_iLI2-ml3pqpAlt3DXWVmLvVHw6d7TICHBfQsa0jGXMexKnyar7EinrVhF3deSK25Ap_ajC_82EvVvXrVG-7p9F1dEdq39y2R72JympejF5uhY_z_jNmqJSsnLEZVOo3WMJn76u9tTcYVIldC5uWGFWbPGEhvWPx4ZGpsuq_wrPOGdRmyJDFJPJl7LnLGHK0DBhuVtJUq_NFQkMus2fTTf_mWhRnoqNU-wUCS-fxMs6QusGzIVd-C3O29J3rerHTrGg21LAsQ
1 > Content-Length: 509
1 > Host: apipanapayqa.coonecta.com.ec
1 > Connection: Keep-Alive
1 > User-Agent: Apache-HttpClient/4.5.14 (Java/17.0.12)
1 > Accept-Encoding: gzip,deflate
{"GrpHdr":{"msgId":"02052025102257438954004","creDtTm":"2025-10-22T14:14:39","nbOfTxs":1,"sttlmInf":{"sttlmMtd":"INGA"},"instgAgt":{"finInstnId":"0205"},"InstdAgt":{"FinInstnId":"0205"},"Mge":{"Type":"acmt.998.321.01"},"ChnlId":"APP"},"CdtTrfTxInf":{"PmtId":{"EndToEndId":"02052025102294747"},"IntrBkSttlmAmt":{"Amt":1,"Ccy":"USD"},"DbtrAcctId":{"IBAN":"EC5002051000000000020501052673"},"CdtrAcctId":{"IBAN":"EC0402051000000000020101002318"},"Prtry":{"CustRef":"QA22","ChanRef":"TERM001","AgtRef":"AGT0002"}}}

14:14:39.264 [main] DEBUG org.apache.http.impl.conn.PoolingHttpClientConnectionManager - Connection request: [route: {s}->https://apipanapayqa.coonecta.com.ec:443][total available: 0; route allocated: 0 of 5; total allocated: 0 of 10]
14:14:39.264 [main] DEBUG org.apache.http.impl.conn.PoolingHttpClientConnectionManager - Connection leased: [id: 7][route: {s}->https://apipanapayqa.coonecta.com.ec:443][total available: 0; route allocated: 1 of 5; total allocated: 1 of 10]
14:14:39.264 [main] DEBUG org.apache.http.impl.execchain.MainClientExec - Opening connection {s}->https://apipanapayqa.coonecta.com.ec:443
14:14:39.264 [main] DEBUG org.apache.http.impl.conn.DefaultHttpClientConnectionOperator - Connecting to apipanapayqa.coonecta.com.ec/10.1.0.133:443
14:14:39.264 [main] DEBUG org.apache.http.conn.ssl.SSLConnectionSocketFactory - Connecting socket to apipanapayqa.coonecta.com.ec/10.1.0.133:443 with timeout 30000
14:14:39.355 [main] DEBUG org.apache.http.conn.ssl.SSLConnectionSocketFactory - Enabled protocols: [TLSv1.3, TLSv1.2]
14:14:39.355 [main] DEBUG org.apache.http.conn.ssl.SSLConnectionSocketFactory - Enabled cipher suites:[TLS_AES_256_GCM_SHA384, TLS_AES_128_GCM_SHA256, TLS_CHACHA20_POLY1305_SHA256, TLS_ECDHE_ECDSA_WITH_AES_256_GCM_SHA384, TLS_ECDHE_ECDSA_WITH_AES_128_GCM_SHA256, TLS_ECDHE_ECDSA_WITH_CHACHA20_POLY1305_SHA256, TLS_ECDHE_RSA_WITH_AES_256_GCM_SHA384, TLS_ECDHE_RSA_WITH_CHACHA20_POLY1305_SHA256, TLS_ECDHE_RSA_WITH_AES_128_GCM_SHA256, TLS_DHE_RSA_WITH_AES_256_GCM_SHA384, TLS_DHE_RSA_WITH_CHACHA20_POLY1305_SHA256, TLS_DHE_DSS_WITH_AES_256_GCM_SHA384, TLS_DHE_RSA_WITH_AES_128_GCM_SHA256, TLS_DHE_DSS_WITH_AES_128_GCM_SHA256, TLS_ECDHE_ECDSA_WITH_AES_256_CBC_SHA384, TLS_ECDHE_RSA_WITH_AES_256_CBC_SHA384, TLS_ECDHE_ECDSA_WITH_AES_128_CBC_SHA256, TLS_ECDHE_RSA_WITH_AES_128_CBC_SHA256, TLS_DHE_RSA_WITH_AES_256_CBC_SHA256, TLS_DHE_DSS_WITH_AES_256_CBC_SHA256, TLS_DHE_RSA_WITH_AES_128_CBC_SHA256, TLS_DHE_DSS_WITH_AES_128_CBC_SHA256, TLS_ECDH_ECDSA_WITH_AES_256_GCM_SHA384, TLS_ECDH_RSA_WITH_AES_256_GCM_SHA384, TLS_ECDH_ECDSA_WITH_AES_128_GCM_SHA256, TLS_ECDH_RSA_WITH_AES_128_GCM_SHA256, TLS_ECDH_ECDSA_WITH_AES_256_CBC_SHA384, TLS_ECDH_RSA_WITH_AES_256_CBC_SHA384, TLS_ECDH_ECDSA_WITH_AES_128_CBC_SHA256, TLS_ECDH_RSA_WITH_AES_128_CBC_SHA256, TLS_ECDHE_ECDSA_WITH_AES_256_CBC_SHA, TLS_ECDHE_RSA_WITH_AES_256_CBC_SHA, TLS_ECDHE_ECDSA_WITH_AES_128_CBC_SHA, TLS_ECDHE_RSA_WITH_AES_128_CBC_SHA, TLS_DHE_RSA_WITH_AES_256_CBC_SHA, TLS_DHE_DSS_WITH_AES_256_CBC_SHA, TLS_DHE_RSA_WITH_AES_128_CBC_SHA, TLS_DHE_DSS_WITH_AES_128_CBC_SHA, TLS_ECDH_ECDSA_WITH_AES_256_CBC_SHA, TLS_ECDH_RSA_WITH_AES_256_CBC_SHA, TLS_ECDH_ECDSA_WITH_AES_128_CBC_SHA, TLS_ECDH_RSA_WITH_AES_128_CBC_SHA, TLS_RSA_WITH_AES_256_GCM_SHA384, TLS_RSA_WITH_AES_128_GCM_SHA256, TLS_RSA_WITH_AES_256_CBC_SHA256, TLS_RSA_WITH_AES_128_CBC_SHA256, TLS_RSA_WITH_AES_256_CBC_SHA, TLS_RSA_WITH_AES_128_CBC_SHA, TLS_EMPTY_RENEGOTIATION_INFO_SCSV]
14:14:39.355 [main] DEBUG org.apache.http.conn.ssl.SSLConnectionSocketFactory - Starting handshake
14:14:39.552 [main] DEBUG org.apache.http.conn.ssl.SSLConnectionSocketFactory - Secure session established
14:14:39.552 [main] DEBUG org.apache.http.conn.ssl.SSLConnectionSocketFactory -  negotiated protocol: TLSv1.3
14:14:39.552 [main] DEBUG org.apache.http.conn.ssl.SSLConnectionSocketFactory -  negotiated cipher suite: TLS_AES_256_GCM_SHA384
14:14:39.552 [main] DEBUG org.apache.http.conn.ssl.SSLConnectionSocketFactory -  peer principal: CN=apipanapayqa.coonecta.com.ec, O=Red Transaccional Cooperativa S.A. RTC, L=Quito, ST=Pichincha, C=EC
14:14:39.552 [main] DEBUG org.apache.http.conn.ssl.SSLConnectionSocketFactory -  peer alternative names: [apipanapayqa.coonecta.com.ec]
14:14:39.552 [main] DEBUG org.apache.http.conn.ssl.SSLConnectionSocketFactory -  issuer principal: CN=DigiCert Global G2 TLS RSA SHA256 2020 CA1, O=DigiCert Inc, C=US
14:14:39.552 [main] DEBUG org.apache.http.impl.conn.DefaultHttpClientConnectionOperator - Connection established 10.10.10.151:54136<->10.1.0.133:443
14:14:39.552 [main] DEBUG org.apache.http.impl.conn.DefaultManagedHttpClientConnection - http-outgoing-7: set socket timeout to 30000
14:14:39.552 [main] DEBUG org.apache.http.impl.execchain.MainClientExec - Executing request POST /api/switchcentral/finan/transferencia HTTP/1.1
14:14:39.552 [main] DEBUG org.apache.http.impl.execchain.MainClientExec - Proxy auth state: UNCHALLENGED
14:14:39.552 [main] DEBUG org.apache.http.headers - http-outgoing-7 >> POST /api/switchcentral/finan/transferencia HTTP/1.1
14:14:39.554 [main] DEBUG org.apache.http.headers - http-outgoing-7 >> Content-Type: application/json; charset=UTF-8
14:14:39.554 [main] DEBUG org.apache.http.headers - http-outgoing-7 >> Authorization: Bearer eyJhbGciOiJSUzI1NiIsInR5cCIgOiAiSldUIiwia2lkIiA6ICI2dUJWTkN6VlViUFBlTFdReEM0WDAyYVM3UnM2UGRYV1dja1dfc0xZMHlFIn0.eyJleHAiOjE3NjExNjA3NTAsImlhdCI6MTc2MTE2MDQ1MCwianRpIjoidHJydGNjOjQ5Yjg0NDVjLTgzYTAtMjI4Ni02NDczLWE2ZGEzOTBhOWQ0YSIsImlzcyI6Imh0dHBzOi8vYXV0ZW50aWNhY2lvbnFhLmNvb25lY3RhLmNvbS5lYy9hdXRoL3JlYWxtcy9QQU5BUEFZIiwiYXVkIjoiYWNjb3VudCIsInN1YiI6Ijk5OGMyZmUwLTJjOGYtNGQwNC1iZjExLWY1OWExZTM5ODg3MyIsInR5cCI6IkJlYXJlciIsImF6cCI6IjAyMDVjYiIsImFjciI6IjEiLCJhbGxvd2VkLW9yaWdpbnMiOlsiLyoiXSwicmVhbG1fYWNjZXNzIjp7InJvbGVzIjpbImRlZmF1bHQtcm9sZXMtYWRtaW5wYW5hcGF5Iiwib2ZmbGluZV9hY2Nlc3MiLCJ1bWFfYXV0aG9yaXphdGlvbiJdfSwicmVzb3VyY2VfYWNjZXNzIjp7IjAyMDVjYiI6eyJyb2xlcyI6WyJ1bWFfcHJvdGVjdGlvbiJdfSwiYWNjb3VudCI6eyJyb2xlcyI6WyJtYW5hZ2UtYWNjb3VudCIsIm1hbmFnZS1hY2NvdW50LWxpbmtzIiwidmlldy1wcm9maWxlIl19fSwic2NvcGUiOiJwcm9maWxlIGVtYWlsIiwiZW1haWxfdmVyaWZpZWQiOmZhbHNlLCJjbGllbnRIb3N0IjoiMTAuMTAuMTAuMTUxIiwicHJlZmVycmVkX3VzZXJuYW1lIjoic2VydmljZS1hY2NvdW50LTAyMDVjYiIsImNsaWVudEFkZHJlc3MiOiIxMC4xMC4xMC4xNTEiLCJjbGllbnRfaWQiOiIwMjA1Y2IifQ.bATUogohrEqy7Voa4mFnsBzOnGy6tnjZGh_lOYRn-0hWXMY_fz-280nTu2Vv68eO3HeoewtWlt45S_iLI2-ml3pqpAlt3DXWVmLvVHw6d7TICHBfQsa0jGXMexKnyar7EinrVhF3deSK25Ap_ajC_82EvVvXrVG-7p9F1dEdq39y2R72JympejF5uhY_z_jNmqJSsnLEZVOo3WMJn76u9tTcYVIldC5uWGFWbPGEhvWPx4ZGpsuq_wrPOGdRmyJDFJPJl7LnLGHK0DBhuVtJUq_NFQkMus2fTTf_mWhRnoqNU-wUCS-fxMs6QusGzIVd-C3O29J3rerHTrGg21LAsQ
14:14:39.554 [main] DEBUG org.apache.http.headers - http-outgoing-7 >> Content-Length: 509
14:14:39.554 [main] DEBUG org.apache.http.headers - http-outgoing-7 >> Host: apipanapayqa.coonecta.com.ec
14:14:39.554 [main] DEBUG org.apache.http.headers - http-outgoing-7 >> Connection: Keep-Alive
14:14:39.554 [main] DEBUG org.apache.http.headers - http-outgoing-7 >> User-Agent: Apache-HttpClient/4.5.14 (Java/17.0.12)
14:14:39.554 [main] DEBUG org.apache.http.headers - http-outgoing-7 >> Accept-Encoding: gzip,deflate
14:14:39.554 [main] DEBUG org.apache.http.wire - http-outgoing-7 >> "POST /api/switchcentral/finan/transferencia HTTP/1.1[\r][\n]"
14:14:39.554 [main] DEBUG org.apache.http.wire - http-outgoing-7 >> "Content-Type: application/json; charset=UTF-8[\r][\n]"
14:14:39.554 [main] DEBUG org.apache.http.wire - http-outgoing-7 >> "Authorization: Bearer eyJhbGciOiJSUzI1NiIsInR5cCIgOiAiSldUIiwia2lkIiA6ICI2dUJWTkN6VlViUFBlTFdReEM0WDAyYVM3UnM2UGRYV1dja1dfc0xZMHlFIn0.eyJleHAiOjE3NjExNjA3NTAsImlhdCI6MTc2MTE2MDQ1MCwianRpIjoidHJydGNjOjQ5Yjg0NDVjLTgzYTAtMjI4Ni02NDczLWE2ZGEzOTBhOWQ0YSIsImlzcyI6Imh0dHBzOi8vYXV0ZW50aWNhY2lvbnFhLmNvb25lY3RhLmNvbS5lYy9hdXRoL3JlYWxtcy9QQU5BUEFZIiwiYXVkIjoiYWNjb3VudCIsInN1YiI6Ijk5OGMyZmUwLTJjOGYtNGQwNC1iZjExLWY1OWExZTM5ODg3MyIsInR5cCI6IkJlYXJlciIsImF6cCI6IjAyMDVjYiIsImFjciI6IjEiLCJhbGxvd2VkLW9yaWdpbnMiOlsiLyoiXSwicmVhbG1fYWNjZXNzIjp7InJvbGVzIjpbImRlZmF1bHQtcm9sZXMtYWRtaW5wYW5hcGF5Iiwib2ZmbGluZV9hY2Nlc3MiLCJ1bWFfYXV0aG9yaXphdGlvbiJdfSwicmVzb3VyY2VfYWNjZXNzIjp7IjAyMDVjYiI6eyJyb2xlcyI6WyJ1bWFfcHJvdGVjdGlvbiJdfSwiYWNjb3VudCI6eyJyb2xlcyI6WyJtYW5hZ2UtYWNjb3VudCIsIm1hbmFnZS1hY2NvdW50LWxpbmtzIiwidmlldy1wcm9maWxlIl19fSwic2NvcGUiOiJwcm9maWxlIGVtYWlsIiwiZW1haWxfdmVyaWZpZWQiOmZhbHNlLCJjbGllbnRIb3N0IjoiMTAuMTAuMTAuMTUxIiwicHJlZmVycmVkX3VzZXJuYW1lIjoic2VydmljZS1hY2NvdW50LTAyMDVjYiIsImNsaWVudEFkZHJlc3MiOiIxMC4xMC4xMC4xNTEiLCJjbGllbnRfaWQiOiIwMjA1Y2IifQ.bATUogohrEqy7Voa4mFnsBzOnGy6tnjZGh_lOYRn-0hWXMY_fz-280nTu2Vv68eO3HeoewtWlt45S_iLI2-ml3pqpAlt3DXWVmLvVHw6d7TICHBfQsa0jGXMexKnyar7EinrVhF3deSK25Ap_ajC_82EvVvXrVG-7p9F1dEdq39y2R72JympejF5uhY_z_jNmqJSsnLEZVOo3WMJn76u9tTcYVIldC5uWGFWbPGEhvWPx4ZGpsuq_wrPOGdRmyJDFJPJl7LnLGHK0DBhuVtJUq_NFQkMus2fTTf_mWhRnoqNU-wUCS-fxMs6QusGzIVd-C3O29J3rerHTrGg21LAsQ[\r][\n]"
14:14:39.554 [main] DEBUG org.apache.http.wire - http-outgoing-7 >> "Content-Length: 509[\r][\n]"
14:14:39.554 [main] DEBUG org.apache.http.wire - http-outgoing-7 >> "Host: apipanapayqa.coonecta.com.ec[\r][\n]"
14:14:39.554 [main] DEBUG org.apache.http.wire - http-outgoing-7 >> "Connection: Keep-Alive[\r][\n]"
14:14:39.554 [main] DEBUG org.apache.http.wire - http-outgoing-7 >> "User-Agent: Apache-HttpClient/4.5.14 (Java/17.0.12)[\r][\n]"
14:14:39.554 [main] DEBUG org.apache.http.wire - http-outgoing-7 >> "Accept-Encoding: gzip,deflate[\r][\n]"
14:14:39.554 [main] DEBUG org.apache.http.wire - http-outgoing-7 >> "[\r][\n]"
14:14:39.554 [main] DEBUG org.apache.http.wire - http-outgoing-7 >> "{"GrpHdr":{"msgId":"02052025102257438954004","creDtTm":"2025-10-22T14:14:39","nbOfTxs":1,"sttlmInf":{"sttlmMtd":"INGA"},"instgAgt":{"finInstnId":"0205"},"InstdAgt":{"FinInstnId":"0205"},"Mge":{"Type":"acmt.998.321.01"},"ChnlId":"APP"},"CdtTrfTxInf":{"PmtId":{"EndToEndId":"02052025102294747"},"IntrBkSttlmAmt":{"Amt":1,"Ccy":"USD"},"DbtrAcctId":{"IBAN":"EC5002051000000000020501052673"},"CdtrAcctId":{"IBAN":"EC0402051000000000020101002318"},"Prtry":{"CustRef":"QA22","ChanRef":"TERM001","AgtRef":"AGT0002"}}}"
14:14:42.647 [main] DEBUG org.apache.http.wire - http-outgoing-7 << "HTTP/1.1 200 OK[\r][\n]"
14:14:42.647 [main] DEBUG org.apache.http.wire - http-outgoing-7 << "Date: Wed, 22 Oct 2025 19:14:33 GMT[\r][\n]"
14:14:42.647 [main] DEBUG org.apache.http.wire - http-outgoing-7 << "Content-Type: application/json; charset=utf-8[\r][\n]"
14:14:42.647 [main] DEBUG org.apache.http.wire - http-outgoing-7 << "Transfer-Encoding: chunked[\r][\n]"
14:14:42.647 [main] DEBUG org.apache.http.wire - http-outgoing-7 << "Connection: keep-alive[\r][\n]"
14:14:42.647 [main] DEBUG org.apache.http.wire - http-outgoing-7 << "Server: Kestrel[\r][\n]"
14:14:42.647 [main] DEBUG org.apache.http.wire - http-outgoing-7 << "Content-Encoding: gzip[\r][\n]"
14:14:42.647 [main] DEBUG org.apache.http.wire - http-outgoing-7 << "Set-Cookie: ARRAffinity=135f536e0d078a815c3b83fda3468ab8a3a2abc604a35eefb28648d3961cfa9b;Path=/;HttpOnly;Secure;Domain=app-apipanapay-qa.azurewebsites.net[\r][\n]"
14:14:42.647 [main] DEBUG org.apache.http.wire - http-outgoing-7 << "Set-Cookie: ARRAffinitySameSite=135f536e0d078a815c3b83fda3468ab8a3a2abc604a35eefb28648d3961cfa9b;Path=/;HttpOnly;SameSite=None;Secure;Domain=app-apipanapay-qa.azurewebsites.net[\r][\n]"
14:14:42.647 [main] DEBUG org.apache.http.wire - http-outgoing-7 << "Vary: Accept-Encoding[\r][\n]"
14:14:42.647 [main] DEBUG org.apache.http.wire - http-outgoing-7 << "Request-Context: appId=cid-v1:a7a77847-2713-450f-9030-b350a2d54a28[\r][\n]"
14:14:42.647 [main] DEBUG org.apache.http.wire - http-outgoing-7 << "X-Powered-By: ASP.NET[\r][\n]"
14:14:42.647 [main] DEBUG org.apache.http.wire - http-outgoing-7 << "X-ARR-ClientCert: -----BEGIN%20CERTIFICATE-----%0AMIIEHDCCAgSgAwIBAgIUZIZBO0fb7VZ4KXrs01S4RYbWyJ8wDQYJKoZIhvcNAQEL%0ABQAwJTEjMCEGA1UEAwwacm9vdGNlcnQuY2JpYmxpYW4uaW50ZXJuYWwwHhcNMjUw%0AODEzMTMyNTU5WhcNMjgwODEyMTMyNTU5WjAnMSUwIwYDVQQDDBxjbGllbnRjZXJ0%0ALmNiaWJsaWFuLmludGVybmFsMIIBIjANBgkqhkiG9w0BAQEFAAOCAQ8AMIIBCgKC%0AAQEAskUDap6NmyYq8RT6F7z3DpZGQiflNQTvUT84TmxsKXEBRAkgINnkJqgKkd7f%0ASEybzqglQTbr4s41lCiPsy3X66qYjU2L%2Bojhni%2BOCVOX7n3JBYovL%2FqfMP3%2FkhZP%0AQIlK%2FQWPcrnl39fYkGOQv%2BYqoCGEPzGkib2m1Ma5Q1HOCKh1ErMjqTLGy%2ByJj6JY%0AiZvMx3YrJSvjUS0uKpNwxPtGyiexRfKsmR%2FHqPzRHa0iY%2B752KSgUedwJPv1Wod%2B%0AY9BMAMIdU25UtkUEsaOYtorGWDaZSn2Bl0LYmP87kjcYypnHx0jtPtUCXfVHrE6u%0AZnDRFYsZbeXylY3mJkyOL2DzZwIDAQABo0IwQDAdBgNVHQ4EFgQURPhJwTAcUWUp%0ArOqQO68P%2FbJoqjMwHwYDVR0jBBgwFoAU7GdlxoSeEXucEXhjadHRC9xzS0UwDQYJ%0AKoZIhvcNAQELBQADggIBAGTnlyF2n%2F6s9phYbO8V17niO0BXB62ToX6gPhcw9f3y%0AhMui6RnrM1oiHlBWqZquCqYJ5ETvYJE1RqvoqtGysxCnIj0OTJHV4WtF3SHsd1Tu%0ATg%2B%2FUnGivtBTDQxj9sbAtCaSYRBqPByP8jvSTDgXR1mgOrEGjr2PZdZSoKLj4OHi%0A9UCMJw7pJsyA4lbroKshQTYv5Ks5SqtJpdp0%2BUX0UUlbPJqXiadfbKdoXvEgcwbP%0ACqR9v7kGYmNxfaGLNGVrV%2BnLawIDmdYXJE%2F4WJh6sHfiZxEsE%2BB4PoKADrb1Eapt%0AnSdHUgRfc0i5f2lcmErnU8nCMO5TWdHFOgpYwTS8w17FhNFZpaSmyZKM7uHcUs7y%0AUbuiQtdXocfSSMf%2FeycBEU%2FHAVIWQEqY%2BbJdC0q%2FR%2BsESeBtXd4IEIxR0QfgscGk%0AJyCSFC8z%2FvCgrRsH5rePqKO7%2FLAsDTP4GIQNFNfF4Wh6bsPXuJmvvoMcnmy%2F58Wo%0AE0XaG8UPHVAeyEmhncdM32E7SJbR91aRr2CkV23OoUz%2BwKG2%2FuObHmAkuMkCbbcz%0AJQoC7DZg5FGw%2BZR7v1DIBct5QNJQ8bG%2FXGRxjWC6dU7jrGhOF1X%2B2YYcdx9XnwyM%0A9YPxUy5bVfMhIiKP2wEso5fjOZ4RTvnB5R6zD3maJK%2FtZAXVhtyqXSkBYFi4MvEs%0A-----END%20CERTIFICATE-----%0A[\r][\n]"
14:14:42.647 [main] DEBUG org.apache.http.wire - http-outgoing-7 << "[\r][\n]"
14:14:42.647 [main] DEBUG org.apache.http.wire - http-outgoing-7 << "1ce[\r][\n]"
14:14:42.649 [main] DEBUG org.apache.http.wire - http-outgoing-7 << "[0x1f][0x8b][0x8][0x0][0x0][0x0][0x0][0x0][0x4][0x0][0xed][0xbd][0x7]`[0x1c]I[0x96]%&/m[0xca]{J[0xf5]J[0xd7][0xe0]t[0xa1][0x8][0x80]`[0x13]$[0xd8][0x90]@[0x10][0xec][0xc1][0x88][0xcd][0xe6][0x92][0xec][0x1d]iG#)[0xab]*[0x81][0xca]eVe]f[0x16]@[0xcc][0xed][0x9d][0xbc][0xf7][0xde]{[0xef][0xbd][0xf7][0xde]{[0xef][0xbd][0xf7][0xba];[0x9d]N'[0xf7][0xdf][0xff]?\fd[0x1]l[0xf6][0xce]J[0xda][0xc9][0x9e]![0x80][0xaa][0xc8][0x1f]?~|[0x1f]?"~[0xf1]G[0x9f][0xd7][0xab]o[0xcf][0xea][0x8f][0x1e][0xfd][0xe2][0x8f][0xbe]h.[0xce]f[0x1f]=[0xfa]h[0x87][0x9e][0xbd][0x9d][0xbd][0xfb][0xbb];{[0xf4]c[0xe7][0xde][0xa7];[0x1f][0x8d]>:[0xa9][0xf3][0xa7][0xed][0x9b][0x5]}M[0x9f][0xdd][0xdf][0xde][0xdd][0xd9][0xde][0xdb]{[0xb3][0xbb][0xff][0x88][0xfe]wo[0x8f][0xbe]1[0xf9][0xf2][0xfc][0xcd][0xbb][0xe6][0xa3]G[0xbb][0xa3][0x8f]^[0xb7]m[0xb9]8[[0x9e][0x3]([0xff][0xfe]E[0xb][0xb8]g/>?[0xfe][0xe8][0x97][0x8c]>:[6[0xed][0xc5][0xf1]E[0x8b][0xaf][0x9f][0x15]K[0xfc][0xb9][0x94][0x8e][0xf7]v[0xee][0x9b][0x6][0xb3]M[\r][0xbe][0xb8][0xc8][0xf1][0xdd][0x9b][0xeb][0x15][0xfd][0xfc]([0x9b].[0xda][0xf1][0xc3][0x87][0x7][0xe3]{{{[0xe3][0x9d][0x9d]][0xb4]8[0x99]/K~[0xe5][0xf8][0xe5]K[0xfe]{[0xd6][0xbe][0xa9][0x9]A[0xc5][0xea][0xcb][0xfa]bI[0x3][0xf7][0xfe]*[0xed][0xe8][0xa9][0xf][0xc][0x11][0xa3][0xbf][0xff]`[0xff][0xde][0xc1][0xc3][0xfb][0xfb];;[0xfb]4Div[0x91][0xf7][0xbb][0xdd][0x1d]S[0xaf][0xda]`[0x13][0xa1][0x1e][0x2][0x95][0x97][0x8b][0x16][0x1d][0xfd][0xe2][0x8f]N[0x97][0xb3]7[0x15][0xfd][0x83][0xbf][0x82]n[0x1f][0xee]?[0xd8]@[0xf0][0x8]]|[0xb5]{p[0xff][0xde][0x3][0xbc][0xf9][0xe6][0xdd][0xeb][0x96]([0xfc][0xd1][0x97]o[0xe9][0xcb]W[0xcd][0x12]@[0xe8][0xc7][0x9][0x1a][0xd1][0x9c]a[0x9a][0x8e]g[0xb3][0xb6][0xe4]a}[0xf4][0xa6][0xce][0x96]M6[0x9d][0x16][0xff][0xe8][0xdf][0xba]LO[0xdf][0x15]m[0xd5]d[0x80][0xf2]t[0xd2][0xf2]t[0x1f][0xaf][0xdb][0xf9]I5[0xc3]P[0xfc][0xce]w[0xf7]w[0xf7][0xef][0xdd][0xbb][0xbf][0xf7][0xe9][0xbd][0x9d]O[0xd1][0x9c](ws[0xf3][0x87][0x9f][0xd2][0xf]n[0xce][0xf3][0xfd][0x94][0xa6][0xce][0x1b][0xfe]G[0xbf][0xe4][\r][\n]"
14:14:42.649 [main] DEBUG org.apache.http.wire - http-outgoing-7 << "b[\r][\n]"
14:14:42.649 [main] DEBUG org.apache.http.wire - http-outgoing-7 << "[0x97][0xfc]?|[0x14][0x4][0xd0]h[0x2][0x0][0x0][\r][\n]"
14:14:42.649 [main] DEBUG org.apache.http.wire - http-outgoing-7 << "0[\r][\n]"
14:14:42.649 [main] DEBUG org.apache.http.wire - http-outgoing-7 << "[\r][\n]"
14:14:42.649 [main] DEBUG org.apache.http.headers - http-outgoing-7 << HTTP/1.1 200 OK
14:14:42.649 [main] DEBUG org.apache.http.headers - http-outgoing-7 << Date: Wed, 22 Oct 2025 19:14:33 GMT
14:14:42.649 [main] DEBUG org.apache.http.headers - http-outgoing-7 << Content-Type: application/json; charset=utf-8
14:14:42.649 [main] DEBUG org.apache.http.headers - http-outgoing-7 << Transfer-Encoding: chunked
14:14:42.649 [main] DEBUG org.apache.http.headers - http-outgoing-7 << Connection: keep-alive
14:14:42.649 [main] DEBUG org.apache.http.headers - http-outgoing-7 << Server: Kestrel
14:14:42.649 [main] DEBUG org.apache.http.headers - http-outgoing-7 << Content-Encoding: gzip
14:14:42.649 [main] DEBUG org.apache.http.headers - http-outgoing-7 << Set-Cookie: ARRAffinity=135f536e0d078a815c3b83fda3468ab8a3a2abc604a35eefb28648d3961cfa9b;Path=/;HttpOnly;Secure;Domain=app-apipanapay-qa.azurewebsites.net
14:14:42.649 [main] DEBUG org.apache.http.headers - http-outgoing-7 << Set-Cookie: ARRAffinitySameSite=135f536e0d078a815c3b83fda3468ab8a3a2abc604a35eefb28648d3961cfa9b;Path=/;HttpOnly;SameSite=None;Secure;Domain=app-apipanapay-qa.azurewebsites.net
14:14:42.649 [main] DEBUG org.apache.http.headers - http-outgoing-7 << Vary: Accept-Encoding
14:14:42.649 [main] DEBUG org.apache.http.headers - http-outgoing-7 << Request-Context: appId=cid-v1:a7a77847-2713-450f-9030-b350a2d54a28
14:14:42.649 [main] DEBUG org.apache.http.headers - http-outgoing-7 << X-Powered-By: ASP.NET
14:14:42.649 [main] DEBUG org.apache.http.headers - http-outgoing-7 << X-ARR-ClientCert: -----BEGIN%20CERTIFICATE-----%0AMIIEHDCCAgSgAwIBAgIUZIZBO0fb7VZ4KXrs01S4RYbWyJ8wDQYJKoZIhvcNAQEL%0ABQAwJTEjMCEGA1UEAwwacm9vdGNlcnQuY2JpYmxpYW4uaW50ZXJuYWwwHhcNMjUw%0AODEzMTMyNTU5WhcNMjgwODEyMTMyNTU5WjAnMSUwIwYDVQQDDBxjbGllbnRjZXJ0%0ALmNiaWJsaWFuLmludGVybmFsMIIBIjANBgkqhkiG9w0BAQEFAAOCAQ8AMIIBCgKC%0AAQEAskUDap6NmyYq8RT6F7z3DpZGQiflNQTvUT84TmxsKXEBRAkgINnkJqgKkd7f%0ASEybzqglQTbr4s41lCiPsy3X66qYjU2L%2Bojhni%2BOCVOX7n3JBYovL%2FqfMP3%2FkhZP%0AQIlK%2FQWPcrnl39fYkGOQv%2BYqoCGEPzGkib2m1Ma5Q1HOCKh1ErMjqTLGy%2ByJj6JY%0AiZvMx3YrJSvjUS0uKpNwxPtGyiexRfKsmR%2FHqPzRHa0iY%2B752KSgUedwJPv1Wod%2B%0AY9BMAMIdU25UtkUEsaOYtorGWDaZSn2Bl0LYmP87kjcYypnHx0jtPtUCXfVHrE6u%0AZnDRFYsZbeXylY3mJkyOL2DzZwIDAQABo0IwQDAdBgNVHQ4EFgQURPhJwTAcUWUp%0ArOqQO68P%2FbJoqjMwHwYDVR0jBBgwFoAU7GdlxoSeEXucEXhjadHRC9xzS0UwDQYJ%0AKoZIhvcNAQELBQADggIBAGTnlyF2n%2F6s9phYbO8V17niO0BXB62ToX6gPhcw9f3y%0AhMui6RnrM1oiHlBWqZquCqYJ5ETvYJE1RqvoqtGysxCnIj0OTJHV4WtF3SHsd1Tu%0ATg%2B%2FUnGivtBTDQxj9sbAtCaSYRBqPByP8jvSTDgXR1mgOrEGjr2PZdZSoKLj4OHi%0A9UCMJw7pJsyA4lbroKshQTYv5Ks5SqtJpdp0%2BUX0UUlbPJqXiadfbKdoXvEgcwbP%0ACqR9v7kGYmNxfaGLNGVrV%2BnLawIDmdYXJE%2F4WJh6sHfiZxEsE%2BB4PoKADrb1Eapt%0AnSdHUgRfc0i5f2lcmErnU8nCMO5TWdHFOgpYwTS8w17FhNFZpaSmyZKM7uHcUs7y%0AUbuiQtdXocfSSMf%2FeycBEU%2FHAVIWQEqY%2BbJdC0q%2FR%2BsESeBtXd4IEIxR0QfgscGk%0AJyCSFC8z%2FvCgrRsH5rePqKO7%2FLAsDTP4GIQNFNfF4Wh6bsPXuJmvvoMcnmy%2F58Wo%0AE0XaG8UPHVAeyEmhncdM32E7SJbR91aRr2CkV23OoUz%2BwKG2%2FuObHmAkuMkCbbcz%0AJQoC7DZg5FGw%2BZR7v1DIBct5QNJQ8bG%2FXGRxjWC6dU7jrGhOF1X%2B2YYcdx9XnwyM%0A9YPxUy5bVfMhIiKP2wEso5fjOZ4RTvnB5R6zD3maJK%2FtZAXVhtyqXSkBYFi4MvEs%0A-----END%20CERTIFICATE-----%0A
14:14:42.651 [main] DEBUG org.apache.http.impl.execchain.MainClientExec - Connection can be kept alive indefinitely
14:14:42.651 [main] DEBUG org.apache.http.client.protocol.ResponseProcessCookies - Cookie accepted [ARRAffinity="135f536e0d078a815c3b83fda3468ab8a3a2abc604a35eefb28648d3961cfa9b", version:0, domain:app-apipanapay-qa.azurewebsites.net, path:/, expiry:null]
14:14:42.651 [main] DEBUG org.apache.http.client.protocol.ResponseProcessCookies - Cookie accepted [ARRAffinitySameSite="135f536e0d078a815c3b83fda3468ab8a3a2abc604a35eefb28648d3961cfa9b", version:0, domain:app-apipanapay-qa.azurewebsites.net, path:/, expiry:null]
14:14:42.651 [main] DEBUG org.apache.http.impl.conn.DefaultManagedHttpClientConnection - http-outgoing-7: Close connection
14:14:42.738 [main] DEBUG org.apache.http.impl.execchain.MainClientExec - Connection discarded
14:14:42.738 [main] DEBUG org.apache.http.impl.conn.PoolingHttpClientConnectionManager - Connection released: [id: 7][route: {s}->https://apipanapayqa.coonecta.com.ec:443][total available: 0; route allocated: 0 of 5; total allocated: 0 of 10]
14:14:42.738 [main] DEBUG org.apache.http.impl.conn.PoolingHttpClientConnectionManager - Connection manager is shutting down
14:14:42.738 [main] DEBUG org.apache.http.impl.conn.PoolingHttpClientConnectionManager - Connection manager shut down
14:14:42.738 [main] DEBUG com.intuit.karate - response time in milliseconds: 3387
1 < 200
1 < Date: Wed, 22 Oct 2025 19:14:33 GMT
1 < Content-Type: application/json; charset=utf-8
1 < Transfer-Encoding: chunked
1 < Connection: keep-alive
1 < Server: Kestrel
1 < Set-Cookie: ARRAffinity=135f536e0d078a815c3b83fda3468ab8a3a2abc604a35eefb28648d3961cfa9b;Path=/;HttpOnly;Secure;Domain=app-apipanapay-qa.azurewebsites.net
1 < Set-Cookie: ARRAffinitySameSite=135f536e0d078a815c3b83fda3468ab8a3a2abc604a35eefb28648d3961cfa9b;Path=/;HttpOnly;SameSite=None;Secure;Domain=app-apipanapay-qa.azurewebsites.net
1 < Vary: Accept-Encoding
1 < Request-Context: appId=cid-v1:a7a77847-2713-450f-9030-b350a2d54a28
1 < X-Powered-By: ASP.NET
1 < X-ARR-ClientCert: -----BEGIN%20CERTIFICATE-----%0AMIIEHDCCAgSgAwIBAgIUZIZBO0fb7VZ4KXrs01S4RYbWyJ8wDQYJKoZIhvcNAQEL%0ABQAwJTEjMCEGA1UEAwwacm9vdGNlcnQuY2JpYmxpYW4uaW50ZXJuYWwwHhcNMjUw%0AODEzMTMyNTU5WhcNMjgwODEyMTMyNTU5WjAnMSUwIwYDVQQDDBxjbGllbnRjZXJ0%0ALmNiaWJsaWFuLmludGVybmFsMIIBIjANBgkqhkiG9w0BAQEFAAOCAQ8AMIIBCgKC%0AAQEAskUDap6NmyYq8RT6F7z3DpZGQiflNQTvUT84TmxsKXEBRAkgINnkJqgKkd7f%0ASEybzqglQTbr4s41lCiPsy3X66qYjU2L%2Bojhni%2BOCVOX7n3JBYovL%2FqfMP3%2FkhZP%0AQIlK%2FQWPcrnl39fYkGOQv%2BYqoCGEPzGkib2m1Ma5Q1HOCKh1ErMjqTLGy%2ByJj6JY%0AiZvMx3YrJSvjUS0uKpNwxPtGyiexRfKsmR%2FHqPzRHa0iY%2B752KSgUedwJPv1Wod%2B%0AY9BMAMIdU25UtkUEsaOYtorGWDaZSn2Bl0LYmP87kjcYypnHx0jtPtUCXfVHrE6u%0AZnDRFYsZbeXylY3mJkyOL2DzZwIDAQABo0IwQDAdBgNVHQ4EFgQURPhJwTAcUWUp%0ArOqQO68P%2FbJoqjMwHwYDVR0jBBgwFoAU7GdlxoSeEXucEXhjadHRC9xzS0UwDQYJ%0AKoZIhvcNAQELBQADggIBAGTnlyF2n%2F6s9phYbO8V17niO0BXB62ToX6gPhcw9f3y%0AhMui6RnrM1oiHlBWqZquCqYJ5ETvYJE1RqvoqtGysxCnIj0OTJHV4WtF3SHsd1Tu%0ATg%2B%2FUnGivtBTDQxj9sbAtCaSYRBqPByP8jvSTDgXR1mgOrEGjr2PZdZSoKLj4OHi%0A9UCMJw7pJsyA4lbroKshQTYv5Ks5SqtJpdp0%2BUX0UUlbPJqXiadfbKdoXvEgcwbP%0ACqR9v7kGYmNxfaGLNGVrV%2BnLawIDmdYXJE%2F4WJh6sHfiZxEsE%2BB4PoKADrb1Eapt%0AnSdHUgRfc0i5f2lcmErnU8nCMO5TWdHFOgpYwTS8w17FhNFZpaSmyZKM7uHcUs7y%0AUbuiQtdXocfSSMf%2FeycBEU%2FHAVIWQEqY%2BbJdC0q%2FR%2BsESeBtXd4IEIxR0QfgscGk%0AJyCSFC8z%2FvCgrRsH5rePqKO7%2FLAsDTP4GIQNFNfF4Wh6bsPXuJmvvoMcnmy%2F58Wo%0AE0XaG8UPHVAeyEmhncdM32E7SJbR91aRr2CkV23OoUz%2BwKG2%2FuObHmAkuMkCbbcz%0AJQoC7DZg5FGw%2BZR7v1DIBct5QNJQ8bG%2FXGRxjWC6dU7jrGhOF1X%2B2YYcdx9XnwyM%0A9YPxUy5bVfMhIiKP2wEso5fjOZ4RTvnB5R6zD3maJK%2FtZAXVhtyqXSkBYFi4MvEs%0A-----END%20CERTIFICATE-----%0A
{"GrpHdr":{"MsgId":"000020251022020360","CreDtTm":"2025-10-22T14:14:32","NbOfTxs":1,"SttlmInf":{"SttlmMtd":"INGA"},"InstgAgt":{"FinInstnId":"0205"},"InstdAgt":{"FinInstnId":"0205"},"Mge":{"Type":"acmt.998.322.001"},"ChnlId":"APP"},"CdtTrfTxInf":{"OrgnGrpInf":{"OrgnlMsgId":"02052025102257438954004","OrgnlMgeType":"acmt.998.321.01","OrgnlCreDtTm":"2025-10-22T14:14:39"},"PmtId":{"EndToEndId":"02052025102294747","TxId":"18537"},"TxSts":"Ok","Rsn":{"RsnCd":"0000","AddtlInf":"Transacción Exitosa"},"Dbtr":{"AuthCode":"020520251022141433526306"},"Cdtr":{"AuthCode":"020520251022141433964146"},"SttlmDt":"2025-10-22"}}

14:14:42.738 [main] ERROR com.intuit.karate - classpath:Transferencia.feature:241
Then match responseStatus in okStatus
no step-definition method match found for: match responseStatus in okStatus
classpath:Transferencia.feature:241
]]></system-out>
  </testcase>
  <testcase name="[8:255] Transferencia no exitosa, numero de transacciones diarias superior al permitido" classname="Transferencia" time="0.819">
    <failure message="no step-definition method match found for: match responseStatus in normalizedStatus&#10;classpath:Transferencia.feature:262" type="org.opentest4j.AssertionFailedError"><![CDATA[org.opentest4j.AssertionFailedError: 
no step-definition method match found for: match responseStatus in normalizedStatus
classpath:Transferencia.feature:262
	at org.junit.jupiter.api.AssertionUtils.fail(AssertionUtils.java:38)
	at org.junit.jupiter.api.Assertions.fail(Assertions.java:135)
	at com.intuit.karate.junit5.FeatureNode.lambda$next$1(FeatureNode.java:86)
	at org.junit.jupiter.engine.descriptor.DynamicTestTestDescriptor.lambda$execute$0(DynamicTestTestDescriptor.java:53)
	at org.junit.jupiter.engine.execution.InvocationInterceptorChain$ValidatingInvocation.proceed(InvocationInterceptorChain.java:131)
	at org.junit.jupiter.api.extension.InvocationInterceptor.interceptDynamicTest(InvocationInterceptor.java:167)
	at org.junit.jupiter.api.extension.InvocationInterceptor.interceptDynamicTest(InvocationInterceptor.java:184)
	at org.junit.jupiter.engine.descriptor.DynamicTestTestDescriptor.lambda$execute$1(DynamicTestTestDescriptor.java:61)
	at org.junit.jupiter.engine.execution.InvocationInterceptorChain$InterceptorCall.lambda$ofVoid$0(InvocationInterceptorChain.java:78)
	at org.junit.jupiter.engine.execution.InvocationInterceptorChain$InterceptedInvocation.proceed(InvocationInterceptorChain.java:106)
	at org.junit.jupiter.engine.execution.InvocationInterceptorChain.proceed(InvocationInterceptorChain.java:64)
	at org.junit.jupiter.engine.execution.InvocationInterceptorChain.chainAndInvoke(InvocationInterceptorChain.java:45)
	at org.junit.jupiter.engine.execution.InvocationInterceptorChain.invoke(InvocationInterceptorChain.java:37)
	at org.junit.jupiter.engine.descriptor.DynamicTestTestDescriptor.execute(DynamicTestTestDescriptor.java:60)
	at org.junit.jupiter.engine.descriptor.DynamicTestTestDescriptor.execute(DynamicTestTestDescriptor.java:32)
	at org.junit.platform.engine.support.hierarchical.NodeTestTask.lambda$executeRecursively$6(NodeTestTask.java:151)
	at org.junit.platform.engine.support.hierarchical.ThrowableCollector.execute(ThrowableCollector.java:73)
	at org.junit.platform.engine.support.hierarchical.NodeTestTask.lambda$executeRecursively$8(NodeTestTask.java:141)
	at org.junit.platform.engine.support.hierarchical.Node.around(Node.java:137)
	at org.junit.platform.engine.support.hierarchical.NodeTestTask.lambda$executeRecursively$9(NodeTestTask.java:139)
	at org.junit.platform.engine.support.hierarchical.ThrowableCollector.execute(ThrowableCollector.java:73)
	at org.junit.platform.engine.support.hierarchical.NodeTestTask.executeRecursively(NodeTestTask.java:138)
	at org.junit.platform.engine.support.hierarchical.NodeTestTask.execute(NodeTestTask.java:95)
	at org.junit.platform.engine.support.hierarchical.SameThreadHierarchicalTestExecutorService.submit(SameThreadHierarchicalTestExecutorService.java:35)
	at org.junit.platform.engine.support.hierarchical.NodeTestTask$DefaultDynamicTestExecutor.execute(NodeTestTask.java:226)
	at org.junit.platform.engine.support.hierarchical.NodeTestTask$DefaultDynamicTestExecutor.execute(NodeTestTask.java:204)
	at java.base/java.util.stream.ForEachOps$ForEachOp$OfRef.accept(ForEachOps.java:183)
	at java.base/java.util.stream.ReferencePipeline$3$1.accept(ReferencePipeline.java:197)
	at java.base/java.util.stream.ReferencePipeline$2$1.accept(ReferencePipeline.java:179)
	at java.base/java.util.stream.ReferencePipeline$3$1.accept(ReferencePipeline.java:197)
	at java.base/java.util.Iterator.forEachRemaining(Iterator.java:133)
	at java.base/java.util.Spliterators$IteratorSpliterator.forEachRemaining(Spliterators.java:1845)
	at java.base/java.util.stream.AbstractPipeline.copyInto(AbstractPipeline.java:509)
	at java.base/java.util.stream.AbstractPipeline.wrapAndCopyInto(AbstractPipeline.java:499)
	at java.base/java.util.stream.ForEachOps$ForEachOp.evaluateSequential(ForEachOps.java:150)
	at java.base/java.util.stream.ForEachOps$ForEachOp$OfRef.evaluateSequential(ForEachOps.java:173)
	at java.base/java.util.stream.AbstractPipeline.evaluate(AbstractPipeline.java:234)
	at java.base/java.util.stream.ReferencePipeline.forEachOrdered(ReferencePipeline.java:601)
	at org.junit.jupiter.engine.descriptor.DynamicContainerTestDescriptor.execute(DynamicContainerTestDescriptor.java:67)
	at org.junit.jupiter.engine.descriptor.DynamicContainerTestDescriptor.execute(DynamicContainerTestDescriptor.java:33)
	at org.junit.platform.engine.support.hierarchical.NodeTestTask.lambda$executeRecursively$6(NodeTestTask.java:151)
	at org.junit.platform.engine.support.hierarchical.ThrowableCollector.execute(ThrowableCollector.java:73)
	at org.junit.platform.engine.support.hierarchical.NodeTestTask.lambda$executeRecursively$8(NodeTestTask.java:141)
	at org.junit.platform.engine.support.hierarchical.Node.around(Node.java:137)
	at org.junit.platform.engine.support.hierarchical.NodeTestTask.lambda$executeRecursively$9(NodeTestTask.java:139)
	at org.junit.platform.engine.support.hierarchical.ThrowableCollector.execute(ThrowableCollector.java:73)
	at org.junit.platform.engine.support.hierarchical.NodeTestTask.executeRecursively(NodeTestTask.java:138)
	at org.junit.platform.engine.support.hierarchical.NodeTestTask.execute(NodeTestTask.java:95)
	at org.junit.platform.engine.support.hierarchical.SameThreadHierarchicalTestExecutorService.submit(SameThreadHierarchicalTestExecutorService.java:35)
	at org.junit.platform.engine.support.hierarchical.NodeTestTask$DefaultDynamicTestExecutor.execute(NodeTestTask.java:226)
	at org.junit.platform.engine.support.hierarchical.NodeTestTask$DefaultDynamicTestExecutor.execute(NodeTestTask.java:204)
	at java.base/java.util.Optional.ifPresent(Optional.java:178)
	at org.junit.jupiter.engine.descriptor.TestFactoryTestDescriptor.lambda$invokeTestMethod$1(TestFactoryTestDescriptor.java:108)
	at org.junit.platform.engine.support.hierarchical.ThrowableCollector.execute(ThrowableCollector.java:73)
	at org.junit.jupiter.engine.descriptor.TestFactoryTestDescriptor.invokeTestMethod(TestFactoryTestDescriptor.java:95)
	at org.junit.jupiter.engine.descriptor.TestMethodTestDescriptor.execute(TestMethodTestDescriptor.java:138)
	at org.junit.jupiter.engine.descriptor.TestMethodTestDescriptor.execute(TestMethodTestDescriptor.java:68)
	at org.junit.platform.engine.support.hierarchical.NodeTestTask.lambda$executeRecursively$6(NodeTestTask.java:151)
	at org.junit.platform.engine.support.hierarchical.ThrowableCollector.execute(ThrowableCollector.java:73)
	at org.junit.platform.engine.support.hierarchical.NodeTestTask.lambda$executeRecursively$8(NodeTestTask.java:141)
	at org.junit.platform.engine.support.hierarchical.Node.around(Node.java:137)
	at org.junit.platform.engine.support.hierarchical.NodeTestTask.lambda$executeRecursively$9(NodeTestTask.java:139)
	at org.junit.platform.engine.support.hierarchical.ThrowableCollector.execute(ThrowableCollector.java:73)
	at org.junit.platform.engine.support.hierarchical.NodeTestTask.executeRecursively(NodeTestTask.java:138)
	at org.junit.platform.engine.support.hierarchical.NodeTestTask.execute(NodeTestTask.java:95)
	at java.base/java.util.ArrayList.forEach(ArrayList.java:1511)
	at org.junit.platform.engine.support.hierarchical.SameThreadHierarchicalTestExecutorService.invokeAll(SameThreadHierarchicalTestExecutorService.java:41)
	at org.junit.platform.engine.support.hierarchical.NodeTestTask.lambda$executeRecursively$6(NodeTestTask.java:155)
	at org.junit.platform.engine.support.hierarchical.ThrowableCollector.execute(ThrowableCollector.java:73)
	at org.junit.platform.engine.support.hierarchical.NodeTestTask.lambda$executeRecursively$8(NodeTestTask.java:141)
	at org.junit.platform.engine.support.hierarchical.Node.around(Node.java:137)
	at org.junit.platform.engine.support.hierarchical.NodeTestTask.lambda$executeRecursively$9(NodeTestTask.java:139)
	at org.junit.platform.engine.support.hierarchical.ThrowableCollector.execute(ThrowableCollector.java:73)
	at org.junit.platform.engine.support.hierarchical.NodeTestTask.executeRecursively(NodeTestTask.java:138)
	at org.junit.platform.engine.support.hierarchical.NodeTestTask.execute(NodeTestTask.java:95)
	at java.base/java.util.ArrayList.forEach(ArrayList.java:1511)
	at org.junit.platform.engine.support.hierarchical.SameThreadHierarchicalTestExecutorService.invokeAll(SameThreadHierarchicalTestExecutorService.java:41)
	at org.junit.platform.engine.support.hierarchical.NodeTestTask.lambda$executeRecursively$6(NodeTestTask.java:155)
	at org.junit.platform.engine.support.hierarchical.ThrowableCollector.execute(ThrowableCollector.java:73)
	at org.junit.platform.engine.support.hierarchical.NodeTestTask.lambda$executeRecursively$8(NodeTestTask.java:141)
	at org.junit.platform.engine.support.hierarchical.Node.around(Node.java:137)
	at org.junit.platform.engine.support.hierarchical.NodeTestTask.lambda$executeRecursively$9(NodeTestTask.java:139)
	at org.junit.platform.engine.support.hierarchical.ThrowableCollector.execute(ThrowableCollector.java:73)
	at org.junit.platform.engine.support.hierarchical.NodeTestTask.executeRecursively(NodeTestTask.java:138)
	at org.junit.platform.engine.support.hierarchical.NodeTestTask.execute(NodeTestTask.java:95)
	at org.junit.platform.engine.support.hierarchical.SameThreadHierarchicalTestExecutorService.submit(SameThreadHierarchicalTestExecutorService.java:35)
	at org.junit.platform.engine.support.hierarchical.HierarchicalTestExecutor.execute(HierarchicalTestExecutor.java:57)
	at org.junit.platform.engine.support.hierarchical.HierarchicalTestEngine.execute(HierarchicalTestEngine.java:54)
	at org.junit.platform.launcher.core.EngineExecutionOrchestrator.execute(EngineExecutionOrchestrator.java:147)
	at org.junit.platform.launcher.core.EngineExecutionOrchestrator.execute(EngineExecutionOrchestrator.java:127)
	at org.junit.platform.launcher.core.EngineExecutionOrchestrator.execute(EngineExecutionOrchestrator.java:90)
	at org.junit.platform.launcher.core.EngineExecutionOrchestrator.lambda$execute$0(EngineExecutionOrchestrator.java:55)
	at org.junit.platform.launcher.core.EngineExecutionOrchestrator.withInterceptedStreams(EngineExecutionOrchestrator.java:102)
	at org.junit.platform.launcher.core.EngineExecutionOrchestrator.execute(EngineExecutionOrchestrator.java:54)
	at org.junit.platform.launcher.core.DefaultLauncher.execute(DefaultLauncher.java:114)
	at org.junit.platform.launcher.core.DefaultLauncher.execute(DefaultLauncher.java:86)
	at org.junit.platform.launcher.core.DefaultLauncherSession$DelegatingLauncher.execute(DefaultLauncherSession.java:86)
	at org.apache.maven.surefire.junitplatform.LazyLauncher.execute(LazyLauncher.java:56)
	at org.apache.maven.surefire.junitplatform.JUnitPlatformProvider.execute(JUnitPlatformProvider.java:184)
	at org.apache.maven.surefire.junitplatform.JUnitPlatformProvider.invokeAllTests(JUnitPlatformProvider.java:148)
	at org.apache.maven.surefire.junitplatform.JUnitPlatformProvider.invoke(JUnitPlatformProvider.java:122)
	at org.apache.maven.surefire.booter.ForkedBooter.runSuitesInProcess(ForkedBooter.java:385)
	at org.apache.maven.surefire.booter.ForkedBooter.execute(ForkedBooter.java:162)
	at org.apache.maven.surefire.booter.ForkedBooter.run(ForkedBooter.java:507)
	at org.apache.maven.surefire.booter.ForkedBooter.main(ForkedBooter.java:495)
]]></failure>
    <system-out><![CDATA[14:14:42.762 [main] DEBUG com.intuit.karate - key store key count for classpath:certificado/clientcert.cbiblian.internal 1.pfx: 1
14:14:42.775 [main] DEBUG com.jayway.jsonpath.internal.path.CompiledPath - Evaluating path: $
14:14:42.775 [main] DEBUG com.jayway.jsonpath.internal.path.CompiledPath - Evaluating path: $['Authorization']
14:14:42.775 [main] DEBUG com.jayway.jsonpath.internal.path.CompiledPath - Evaluating path: $
14:14:42.775 [main] DEBUG com.jayway.jsonpath.internal.path.CompiledPath - Evaluating path: $
14:14:42.775 [main] DEBUG com.jayway.jsonpath.internal.JsonContext - Put path $ key Authorization value {}
14:14:42.775 [main] DEBUG com.jayway.jsonpath.internal.path.CompiledPath - Evaluating path: $
14:14:42.775 [main] DEBUG com.jayway.jsonpath.internal.JsonContext - Put path $ key Authorization value Bearer eyJhbGciOiJSUzI1NiIsInR5cCIgOiAiSldUIiwia2lkIiA6ICI2dUJWTkN6VlViUFBlTFdReEM0WDAyYVM3UnM2UGRYV1dja1dfc0xZMHlFIn0.eyJleHAiOjE3NjExNjA3NTAsImlhdCI6MTc2MTE2MDQ1MCwianRpIjoidHJydGNjOjQ5Yjg0NDVjLTgzYTAtMjI4Ni02NDczLWE2ZGEzOTBhOWQ0YSIsImlzcyI6Imh0dHBzOi8vYXV0ZW50aWNhY2lvbnFhLmNvb25lY3RhLmNvbS5lYy9hdXRoL3JlYWxtcy9QQU5BUEFZIiwiYXVkIjoiYWNjb3VudCIsInN1YiI6Ijk5OGMyZmUwLTJjOGYtNGQwNC1iZjExLWY1OWExZTM5ODg3MyIsInR5cCI6IkJlYXJlciIsImF6cCI6IjAyMDVjYiIsImFjciI6IjEiLCJhbGxvd2VkLW9yaWdpbnMiOlsiLyoiXSwicmVhbG1fYWNjZXNzIjp7InJvbGVzIjpbImRlZmF1bHQtcm9sZXMtYWRtaW5wYW5hcGF5Iiwib2ZmbGluZV9hY2Nlc3MiLCJ1bWFfYXV0aG9yaXphdGlvbiJdfSwicmVzb3VyY2VfYWNjZXNzIjp7IjAyMDVjYiI6eyJyb2xlcyI6WyJ1bWFfcHJvdGVjdGlvbiJdfSwiYWNjb3VudCI6eyJyb2xlcyI6WyJtYW5hZ2UtYWNjb3VudCIsIm1hbmFnZS1hY2NvdW50LWxpbmtzIiwidmlldy1wcm9maWxlIl19fSwic2NvcGUiOiJwcm9maWxlIGVtYWlsIiwiZW1haWxfdmVyaWZpZWQiOmZhbHNlLCJjbGllbnRIb3N0IjoiMTAuMTAuMTAuMTUxIiwicHJlZmVycmVkX3VzZXJuYW1lIjoic2VydmljZS1hY2NvdW50LTAyMDVjYiIsImNsaWVudEFkZHJlc3MiOiIxMC4xMC4xMC4xNTEiLCJjbGllbnRfaWQiOiIwMjA1Y2IifQ.bATUogohrEqy7Voa4mFnsBzOnGy6tnjZGh_lOYRn-0hWXMY_fz-280nTu2Vv68eO3HeoewtWlt45S_iLI2-ml3pqpAlt3DXWVmLvVHw6d7TICHBfQsa0jGXMexKnyar7EinrVhF3deSK25Ap_ajC_82EvVvXrVG-7p9F1dEdq39y2R72JympejF5uhY_z_jNmqJSsnLEZVOo3WMJn76u9tTcYVIldC5uWGFWbPGEhvWPx4ZGpsuq_wrPOGdRmyJDFJPJl7LnLGHK0DBhuVtJUq_NFQkMus2fTTf_mWhRnoqNU-wUCS-fxMs6QusGzIVd-C3O29J3rerHTrGg21LAsQ
14:14:42.775 [main] DEBUG com.jayway.jsonpath.internal.path.CompiledPath - Evaluating path: $
14:14:42.788 [main] DEBUG com.jayway.jsonpath.internal.path.CompiledPath - Evaluating path: $
14:14:42.788 [main] DEBUG org.apache.http.client.protocol.RequestAddCookies - CookieSpec selected: karate
14:14:42.788 [main] DEBUG org.apache.http.client.protocol.RequestAuthCache - Auth cache not set in the context
14:14:42.788 [main] DEBUG com.intuit.karate - request:
1 > POST https://apipanapayqa.coonecta.com.ec/api/switchcentral/finan/transferencia
1 > Content-Type: application/json; charset=UTF-8
1 > Authorization: Bearer eyJhbGciOiJSUzI1NiIsInR5cCIgOiAiSldUIiwia2lkIiA6ICI2dUJWTkN6VlViUFBlTFdReEM0WDAyYVM3UnM2UGRYV1dja1dfc0xZMHlFIn0.eyJleHAiOjE3NjExNjA3NTAsImlhdCI6MTc2MTE2MDQ1MCwianRpIjoidHJydGNjOjQ5Yjg0NDVjLTgzYTAtMjI4Ni02NDczLWE2ZGEzOTBhOWQ0YSIsImlzcyI6Imh0dHBzOi8vYXV0ZW50aWNhY2lvbnFhLmNvb25lY3RhLmNvbS5lYy9hdXRoL3JlYWxtcy9QQU5BUEFZIiwiYXVkIjoiYWNjb3VudCIsInN1YiI6Ijk5OGMyZmUwLTJjOGYtNGQwNC1iZjExLWY1OWExZTM5ODg3MyIsInR5cCI6IkJlYXJlciIsImF6cCI6IjAyMDVjYiIsImFjciI6IjEiLCJhbGxvd2VkLW9yaWdpbnMiOlsiLyoiXSwicmVhbG1fYWNjZXNzIjp7InJvbGVzIjpbImRlZmF1bHQtcm9sZXMtYWRtaW5wYW5hcGF5Iiwib2ZmbGluZV9hY2Nlc3MiLCJ1bWFfYXV0aG9yaXphdGlvbiJdfSwicmVzb3VyY2VfYWNjZXNzIjp7IjAyMDVjYiI6eyJyb2xlcyI6WyJ1bWFfcHJvdGVjdGlvbiJdfSwiYWNjb3VudCI6eyJyb2xlcyI6WyJtYW5hZ2UtYWNjb3VudCIsIm1hbmFnZS1hY2NvdW50LWxpbmtzIiwidmlldy1wcm9maWxlIl19fSwic2NvcGUiOiJwcm9maWxlIGVtYWlsIiwiZW1haWxfdmVyaWZpZWQiOmZhbHNlLCJjbGllbnRIb3N0IjoiMTAuMTAuMTAuMTUxIiwicHJlZmVycmVkX3VzZXJuYW1lIjoic2VydmljZS1hY2NvdW50LTAyMDVjYiIsImNsaWVudEFkZHJlc3MiOiIxMC4xMC4xMC4xNTEiLCJjbGllbnRfaWQiOiIwMjA1Y2IifQ.bATUogohrEqy7Voa4mFnsBzOnGy6tnjZGh_lOYRn-0hWXMY_fz-280nTu2Vv68eO3HeoewtWlt45S_iLI2-ml3pqpAlt3DXWVmLvVHw6d7TICHBfQsa0jGXMexKnyar7EinrVhF3deSK25Ap_ajC_82EvVvXrVG-7p9F1dEdq39y2R72JympejF5uhY_z_jNmqJSsnLEZVOo3WMJn76u9tTcYVIldC5uWGFWbPGEhvWPx4ZGpsuq_wrPOGdRmyJDFJPJl7LnLGHK0DBhuVtJUq_NFQkMus2fTTf_mWhRnoqNU-wUCS-fxMs6QusGzIVd-C3O29J3rerHTrGg21LAsQ
1 > Content-Length: 511
1 > Host: apipanapayqa.coonecta.com.ec
1 > Connection: Keep-Alive
1 > User-Agent: Apache-HttpClient/4.5.14 (Java/17.0.12)
1 > Accept-Encoding: gzip,deflate
{"GrpHdr":{"msgId":"02052025102222274573787","creDtTm":"2025-10-22T14:14:42","nbOfTxs":999,"sttlmInf":{"sttlmMtd":"INGA"},"instgAgt":{"finInstnId":"0205"},"InstdAgt":{"FinInstnId":"0205"},"Mge":{"Type":"acmt.998.321.01"},"ChnlId":"APP"},"CdtTrfTxInf":{"PmtId":{"EndToEndId":"02052025102274850"},"IntrBkSttlmAmt":{"Amt":1,"Ccy":"USD"},"DbtrAcctId":{"IBAN":"EC5002051000000000020501052673"},"CdtrAcctId":{"IBAN":"EC0402051000000000020101002318"},"Prtry":{"CustRef":"QA22","ChanRef":"TERM001","AgtRef":"AGT0002"}}}

14:14:42.788 [main] DEBUG org.apache.http.impl.conn.PoolingHttpClientConnectionManager - Connection request: [route: {s}->https://apipanapayqa.coonecta.com.ec:443][total available: 0; route allocated: 0 of 5; total allocated: 0 of 10]
14:14:42.788 [main] DEBUG org.apache.http.impl.conn.PoolingHttpClientConnectionManager - Connection leased: [id: 8][route: {s}->https://apipanapayqa.coonecta.com.ec:443][total available: 0; route allocated: 1 of 5; total allocated: 1 of 10]
14:14:42.788 [main] DEBUG org.apache.http.impl.execchain.MainClientExec - Opening connection {s}->https://apipanapayqa.coonecta.com.ec:443
14:14:42.788 [main] DEBUG org.apache.http.impl.conn.DefaultHttpClientConnectionOperator - Connecting to apipanapayqa.coonecta.com.ec/10.1.0.133:443
14:14:42.788 [main] DEBUG org.apache.http.conn.ssl.SSLConnectionSocketFactory - Connecting socket to apipanapayqa.coonecta.com.ec/10.1.0.133:443 with timeout 30000
14:14:42.884 [main] DEBUG org.apache.http.conn.ssl.SSLConnectionSocketFactory - Enabled protocols: [TLSv1.3, TLSv1.2]
14:14:42.884 [main] DEBUG org.apache.http.conn.ssl.SSLConnectionSocketFactory - Enabled cipher suites:[TLS_AES_256_GCM_SHA384, TLS_AES_128_GCM_SHA256, TLS_CHACHA20_POLY1305_SHA256, TLS_ECDHE_ECDSA_WITH_AES_256_GCM_SHA384, TLS_ECDHE_ECDSA_WITH_AES_128_GCM_SHA256, TLS_ECDHE_ECDSA_WITH_CHACHA20_POLY1305_SHA256, TLS_ECDHE_RSA_WITH_AES_256_GCM_SHA384, TLS_ECDHE_RSA_WITH_CHACHA20_POLY1305_SHA256, TLS_ECDHE_RSA_WITH_AES_128_GCM_SHA256, TLS_DHE_RSA_WITH_AES_256_GCM_SHA384, TLS_DHE_RSA_WITH_CHACHA20_POLY1305_SHA256, TLS_DHE_DSS_WITH_AES_256_GCM_SHA384, TLS_DHE_RSA_WITH_AES_128_GCM_SHA256, TLS_DHE_DSS_WITH_AES_128_GCM_SHA256, TLS_ECDHE_ECDSA_WITH_AES_256_CBC_SHA384, TLS_ECDHE_RSA_WITH_AES_256_CBC_SHA384, TLS_ECDHE_ECDSA_WITH_AES_128_CBC_SHA256, TLS_ECDHE_RSA_WITH_AES_128_CBC_SHA256, TLS_DHE_RSA_WITH_AES_256_CBC_SHA256, TLS_DHE_DSS_WITH_AES_256_CBC_SHA256, TLS_DHE_RSA_WITH_AES_128_CBC_SHA256, TLS_DHE_DSS_WITH_AES_128_CBC_SHA256, TLS_ECDH_ECDSA_WITH_AES_256_GCM_SHA384, TLS_ECDH_RSA_WITH_AES_256_GCM_SHA384, TLS_ECDH_ECDSA_WITH_AES_128_GCM_SHA256, TLS_ECDH_RSA_WITH_AES_128_GCM_SHA256, TLS_ECDH_ECDSA_WITH_AES_256_CBC_SHA384, TLS_ECDH_RSA_WITH_AES_256_CBC_SHA384, TLS_ECDH_ECDSA_WITH_AES_128_CBC_SHA256, TLS_ECDH_RSA_WITH_AES_128_CBC_SHA256, TLS_ECDHE_ECDSA_WITH_AES_256_CBC_SHA, TLS_ECDHE_RSA_WITH_AES_256_CBC_SHA, TLS_ECDHE_ECDSA_WITH_AES_128_CBC_SHA, TLS_ECDHE_RSA_WITH_AES_128_CBC_SHA, TLS_DHE_RSA_WITH_AES_256_CBC_SHA, TLS_DHE_DSS_WITH_AES_256_CBC_SHA, TLS_DHE_RSA_WITH_AES_128_CBC_SHA, TLS_DHE_DSS_WITH_AES_128_CBC_SHA, TLS_ECDH_ECDSA_WITH_AES_256_CBC_SHA, TLS_ECDH_RSA_WITH_AES_256_CBC_SHA, TLS_ECDH_ECDSA_WITH_AES_128_CBC_SHA, TLS_ECDH_RSA_WITH_AES_128_CBC_SHA, TLS_RSA_WITH_AES_256_GCM_SHA384, TLS_RSA_WITH_AES_128_GCM_SHA256, TLS_RSA_WITH_AES_256_CBC_SHA256, TLS_RSA_WITH_AES_128_CBC_SHA256, TLS_RSA_WITH_AES_256_CBC_SHA, TLS_RSA_WITH_AES_128_CBC_SHA, TLS_EMPTY_RENEGOTIATION_INFO_SCSV]
14:14:42.884 [main] DEBUG org.apache.http.conn.ssl.SSLConnectionSocketFactory - Starting handshake
14:14:43.070 [main] DEBUG org.apache.http.conn.ssl.SSLConnectionSocketFactory - Secure session established
14:14:43.070 [main] DEBUG org.apache.http.conn.ssl.SSLConnectionSocketFactory -  negotiated protocol: TLSv1.3
14:14:43.070 [main] DEBUG org.apache.http.conn.ssl.SSLConnectionSocketFactory -  negotiated cipher suite: TLS_AES_256_GCM_SHA384
14:14:43.070 [main] DEBUG org.apache.http.conn.ssl.SSLConnectionSocketFactory -  peer principal: CN=apipanapayqa.coonecta.com.ec, O=Red Transaccional Cooperativa S.A. RTC, L=Quito, ST=Pichincha, C=EC
14:14:43.070 [main] DEBUG org.apache.http.conn.ssl.SSLConnectionSocketFactory -  peer alternative names: [apipanapayqa.coonecta.com.ec]
14:14:43.070 [main] DEBUG org.apache.http.conn.ssl.SSLConnectionSocketFactory -  issuer principal: CN=DigiCert Global G2 TLS RSA SHA256 2020 CA1, O=DigiCert Inc, C=US
14:14:43.070 [main] DEBUG org.apache.http.impl.conn.DefaultHttpClientConnectionOperator - Connection established 10.10.10.151:54137<->10.1.0.133:443
14:14:43.070 [main] DEBUG org.apache.http.impl.conn.DefaultManagedHttpClientConnection - http-outgoing-8: set socket timeout to 30000
14:14:43.070 [main] DEBUG org.apache.http.impl.execchain.MainClientExec - Executing request POST /api/switchcentral/finan/transferencia HTTP/1.1
14:14:43.070 [main] DEBUG org.apache.http.impl.execchain.MainClientExec - Proxy auth state: UNCHALLENGED
14:14:43.070 [main] DEBUG org.apache.http.headers - http-outgoing-8 >> POST /api/switchcentral/finan/transferencia HTTP/1.1
14:14:43.070 [main] DEBUG org.apache.http.headers - http-outgoing-8 >> Content-Type: application/json; charset=UTF-8
14:14:43.070 [main] DEBUG org.apache.http.headers - http-outgoing-8 >> Authorization: Bearer eyJhbGciOiJSUzI1NiIsInR5cCIgOiAiSldUIiwia2lkIiA6ICI2dUJWTkN6VlViUFBlTFdReEM0WDAyYVM3UnM2UGRYV1dja1dfc0xZMHlFIn0.eyJleHAiOjE3NjExNjA3NTAsImlhdCI6MTc2MTE2MDQ1MCwianRpIjoidHJydGNjOjQ5Yjg0NDVjLTgzYTAtMjI4Ni02NDczLWE2ZGEzOTBhOWQ0YSIsImlzcyI6Imh0dHBzOi8vYXV0ZW50aWNhY2lvbnFhLmNvb25lY3RhLmNvbS5lYy9hdXRoL3JlYWxtcy9QQU5BUEFZIiwiYXVkIjoiYWNjb3VudCIsInN1YiI6Ijk5OGMyZmUwLTJjOGYtNGQwNC1iZjExLWY1OWExZTM5ODg3MyIsInR5cCI6IkJlYXJlciIsImF6cCI6IjAyMDVjYiIsImFjciI6IjEiLCJhbGxvd2VkLW9yaWdpbnMiOlsiLyoiXSwicmVhbG1fYWNjZXNzIjp7InJvbGVzIjpbImRlZmF1bHQtcm9sZXMtYWRtaW5wYW5hcGF5Iiwib2ZmbGluZV9hY2Nlc3MiLCJ1bWFfYXV0aG9yaXphdGlvbiJdfSwicmVzb3VyY2VfYWNjZXNzIjp7IjAyMDVjYiI6eyJyb2xlcyI6WyJ1bWFfcHJvdGVjdGlvbiJdfSwiYWNjb3VudCI6eyJyb2xlcyI6WyJtYW5hZ2UtYWNjb3VudCIsIm1hbmFnZS1hY2NvdW50LWxpbmtzIiwidmlldy1wcm9maWxlIl19fSwic2NvcGUiOiJwcm9maWxlIGVtYWlsIiwiZW1haWxfdmVyaWZpZWQiOmZhbHNlLCJjbGllbnRIb3N0IjoiMTAuMTAuMTAuMTUxIiwicHJlZmVycmVkX3VzZXJuYW1lIjoic2VydmljZS1hY2NvdW50LTAyMDVjYiIsImNsaWVudEFkZHJlc3MiOiIxMC4xMC4xMC4xNTEiLCJjbGllbnRfaWQiOiIwMjA1Y2IifQ.bATUogohrEqy7Voa4mFnsBzOnGy6tnjZGh_lOYRn-0hWXMY_fz-280nTu2Vv68eO3HeoewtWlt45S_iLI2-ml3pqpAlt3DXWVmLvVHw6d7TICHBfQsa0jGXMexKnyar7EinrVhF3deSK25Ap_ajC_82EvVvXrVG-7p9F1dEdq39y2R72JympejF5uhY_z_jNmqJSsnLEZVOo3WMJn76u9tTcYVIldC5uWGFWbPGEhvWPx4ZGpsuq_wrPOGdRmyJDFJPJl7LnLGHK0DBhuVtJUq_NFQkMus2fTTf_mWhRnoqNU-wUCS-fxMs6QusGzIVd-C3O29J3rerHTrGg21LAsQ
14:14:43.070 [main] DEBUG org.apache.http.headers - http-outgoing-8 >> Content-Length: 511
14:14:43.070 [main] DEBUG org.apache.http.headers - http-outgoing-8 >> Host: apipanapayqa.coonecta.com.ec
14:14:43.070 [main] DEBUG org.apache.http.headers - http-outgoing-8 >> Connection: Keep-Alive
14:14:43.070 [main] DEBUG org.apache.http.headers - http-outgoing-8 >> User-Agent: Apache-HttpClient/4.5.14 (Java/17.0.12)
14:14:43.070 [main] DEBUG org.apache.http.headers - http-outgoing-8 >> Accept-Encoding: gzip,deflate
14:14:43.072 [main] DEBUG org.apache.http.wire - http-outgoing-8 >> "POST /api/switchcentral/finan/transferencia HTTP/1.1[\r][\n]"
14:14:43.072 [main] DEBUG org.apache.http.wire - http-outgoing-8 >> "Content-Type: application/json; charset=UTF-8[\r][\n]"
14:14:43.072 [main] DEBUG org.apache.http.wire - http-outgoing-8 >> "Authorization: Bearer eyJhbGciOiJSUzI1NiIsInR5cCIgOiAiSldUIiwia2lkIiA6ICI2dUJWTkN6VlViUFBlTFdReEM0WDAyYVM3UnM2UGRYV1dja1dfc0xZMHlFIn0.eyJleHAiOjE3NjExNjA3NTAsImlhdCI6MTc2MTE2MDQ1MCwianRpIjoidHJydGNjOjQ5Yjg0NDVjLTgzYTAtMjI4Ni02NDczLWE2ZGEzOTBhOWQ0YSIsImlzcyI6Imh0dHBzOi8vYXV0ZW50aWNhY2lvbnFhLmNvb25lY3RhLmNvbS5lYy9hdXRoL3JlYWxtcy9QQU5BUEFZIiwiYXVkIjoiYWNjb3VudCIsInN1YiI6Ijk5OGMyZmUwLTJjOGYtNGQwNC1iZjExLWY1OWExZTM5ODg3MyIsInR5cCI6IkJlYXJlciIsImF6cCI6IjAyMDVjYiIsImFjciI6IjEiLCJhbGxvd2VkLW9yaWdpbnMiOlsiLyoiXSwicmVhbG1fYWNjZXNzIjp7InJvbGVzIjpbImRlZmF1bHQtcm9sZXMtYWRtaW5wYW5hcGF5Iiwib2ZmbGluZV9hY2Nlc3MiLCJ1bWFfYXV0aG9yaXphdGlvbiJdfSwicmVzb3VyY2VfYWNjZXNzIjp7IjAyMDVjYiI6eyJyb2xlcyI6WyJ1bWFfcHJvdGVjdGlvbiJdfSwiYWNjb3VudCI6eyJyb2xlcyI6WyJtYW5hZ2UtYWNjb3VudCIsIm1hbmFnZS1hY2NvdW50LWxpbmtzIiwidmlldy1wcm9maWxlIl19fSwic2NvcGUiOiJwcm9maWxlIGVtYWlsIiwiZW1haWxfdmVyaWZpZWQiOmZhbHNlLCJjbGllbnRIb3N0IjoiMTAuMTAuMTAuMTUxIiwicHJlZmVycmVkX3VzZXJuYW1lIjoic2VydmljZS1hY2NvdW50LTAyMDVjYiIsImNsaWVudEFkZHJlc3MiOiIxMC4xMC4xMC4xNTEiLCJjbGllbnRfaWQiOiIwMjA1Y2IifQ.bATUogohrEqy7Voa4mFnsBzOnGy6tnjZGh_lOYRn-0hWXMY_fz-280nTu2Vv68eO3HeoewtWlt45S_iLI2-ml3pqpAlt3DXWVmLvVHw6d7TICHBfQsa0jGXMexKnyar7EinrVhF3deSK25Ap_ajC_82EvVvXrVG-7p9F1dEdq39y2R72JympejF5uhY_z_jNmqJSsnLEZVOo3WMJn76u9tTcYVIldC5uWGFWbPGEhvWPx4ZGpsuq_wrPOGdRmyJDFJPJl7LnLGHK0DBhuVtJUq_NFQkMus2fTTf_mWhRnoqNU-wUCS-fxMs6QusGzIVd-C3O29J3rerHTrGg21LAsQ[\r][\n]"
14:14:43.072 [main] DEBUG org.apache.http.wire - http-outgoing-8 >> "Content-Length: 511[\r][\n]"
14:14:43.072 [main] DEBUG org.apache.http.wire - http-outgoing-8 >> "Host: apipanapayqa.coonecta.com.ec[\r][\n]"
14:14:43.072 [main] DEBUG org.apache.http.wire - http-outgoing-8 >> "Connection: Keep-Alive[\r][\n]"
14:14:43.072 [main] DEBUG org.apache.http.wire - http-outgoing-8 >> "User-Agent: Apache-HttpClient/4.5.14 (Java/17.0.12)[\r][\n]"
14:14:43.072 [main] DEBUG org.apache.http.wire - http-outgoing-8 >> "Accept-Encoding: gzip,deflate[\r][\n]"
14:14:43.072 [main] DEBUG org.apache.http.wire - http-outgoing-8 >> "[\r][\n]"
14:14:43.072 [main] DEBUG org.apache.http.wire - http-outgoing-8 >> "{"GrpHdr":{"msgId":"02052025102222274573787","creDtTm":"2025-10-22T14:14:42","nbOfTxs":999,"sttlmInf":{"sttlmMtd":"INGA"},"instgAgt":{"finInstnId":"0205"},"InstdAgt":{"FinInstnId":"0205"},"Mge":{"Type":"acmt.998.321.01"},"ChnlId":"APP"},"CdtTrfTxInf":{"PmtId":{"EndToEndId":"02052025102274850"},"IntrBkSttlmAmt":{"Amt":1,"Ccy":"USD"},"DbtrAcctId":{"IBAN":"EC5002051000000000020501052673"},"CdtrAcctId":{"IBAN":"EC0402051000000000020101002318"},"Prtry":{"CustRef":"QA22","ChanRef":"TERM001","AgtRef":"AGT0002"}}}"
14:14:43.559 [main] DEBUG org.apache.http.wire - http-outgoing-8 << "HTTP/1.1 400 Bad Request[\r][\n]"
14:14:43.559 [main] DEBUG org.apache.http.wire - http-outgoing-8 << "Date: Wed, 22 Oct 2025 19:14:36 GMT[\r][\n]"
14:14:43.559 [main] DEBUG org.apache.http.wire - http-outgoing-8 << "Content-Type: application/json; charset=utf-8[\r][\n]"
14:14:43.559 [main] DEBUG org.apache.http.wire - http-outgoing-8 << "Transfer-Encoding: chunked[\r][\n]"
14:14:43.559 [main] DEBUG org.apache.http.wire - http-outgoing-8 << "Connection: keep-alive[\r][\n]"
14:14:43.559 [main] DEBUG org.apache.http.wire - http-outgoing-8 << "Server: Kestrel[\r][\n]"
14:14:43.559 [main] DEBUG org.apache.http.wire - http-outgoing-8 << "Set-Cookie: ARRAffinity=135f536e0d078a815c3b83fda3468ab8a3a2abc604a35eefb28648d3961cfa9b;Path=/;HttpOnly;Secure;Domain=app-apipanapay-qa.azurewebsites.net[\r][\n]"
14:14:43.559 [main] DEBUG org.apache.http.wire - http-outgoing-8 << "Set-Cookie: ARRAffinitySameSite=135f536e0d078a815c3b83fda3468ab8a3a2abc604a35eefb28648d3961cfa9b;Path=/;HttpOnly;SameSite=None;Secure;Domain=app-apipanapay-qa.azurewebsites.net[\r][\n]"
14:14:43.559 [main] DEBUG org.apache.http.wire - http-outgoing-8 << "Request-Context: appId=cid-v1:a7a77847-2713-450f-9030-b350a2d54a28[\r][\n]"
14:14:43.559 [main] DEBUG org.apache.http.wire - http-outgoing-8 << "X-Powered-By: ASP.NET[\r][\n]"
14:14:43.559 [main] DEBUG org.apache.http.wire - http-outgoing-8 << "X-ARR-ClientCert: -----BEGIN%20CERTIFICATE-----%0AMIIEHDCCAgSgAwIBAgIUZIZBO0fb7VZ4KXrs01S4RYbWyJ8wDQYJKoZIhvcNAQEL%0ABQAwJTEjMCEGA1UEAwwacm9vdGNlcnQuY2JpYmxpYW4uaW50ZXJuYWwwHhcNMjUw%0AODEzMTMyNTU5WhcNMjgwODEyMTMyNTU5WjAnMSUwIwYDVQQDDBxjbGllbnRjZXJ0%0ALmNiaWJsaWFuLmludGVybmFsMIIBIjANBgkqhkiG9w0BAQEFAAOCAQ8AMIIBCgKC%0AAQEAskUDap6NmyYq8RT6F7z3DpZGQiflNQTvUT84TmxsKXEBRAkgINnkJqgKkd7f%0ASEybzqglQTbr4s41lCiPsy3X66qYjU2L%2Bojhni%2BOCVOX7n3JBYovL%2FqfMP3%2FkhZP%0AQIlK%2FQWPcrnl39fYkGOQv%2BYqoCGEPzGkib2m1Ma5Q1HOCKh1ErMjqTLGy%2ByJj6JY%0AiZvMx3YrJSvjUS0uKpNwxPtGyiexRfKsmR%2FHqPzRHa0iY%2B752KSgUedwJPv1Wod%2B%0AY9BMAMIdU25UtkUEsaOYtorGWDaZSn2Bl0LYmP87kjcYypnHx0jtPtUCXfVHrE6u%0AZnDRFYsZbeXylY3mJkyOL2DzZwIDAQABo0IwQDAdBgNVHQ4EFgQURPhJwTAcUWUp%0ArOqQO68P%2FbJoqjMwHwYDVR0jBBgwFoAU7GdlxoSeEXucEXhjadHRC9xzS0UwDQYJ%0AKoZIhvcNAQELBQADggIBAGTnlyF2n%2F6s9phYbO8V17niO0BXB62ToX6gPhcw9f3y%0AhMui6RnrM1oiHlBWqZquCqYJ5ETvYJE1RqvoqtGysxCnIj0OTJHV4WtF3SHsd1Tu%0ATg%2B%2FUnGivtBTDQxj9sbAtCaSYRBqPByP8jvSTDgXR1mgOrEGjr2PZdZSoKLj4OHi%0A9UCMJw7pJsyA4lbroKshQTYv5Ks5SqtJpdp0%2BUX0UUlbPJqXiadfbKdoXvEgcwbP%0ACqR9v7kGYmNxfaGLNGVrV%2BnLawIDmdYXJE%2F4WJh6sHfiZxEsE%2BB4PoKADrb1Eapt%0AnSdHUgRfc0i5f2lcmErnU8nCMO5TWdHFOgpYwTS8w17FhNFZpaSmyZKM7uHcUs7y%0AUbuiQtdXocfSSMf%2FeycBEU%2FHAVIWQEqY%2BbJdC0q%2FR%2BsESeBtXd4IEIxR0QfgscGk%0AJyCSFC8z%2FvCgrRsH5rePqKO7%2FLAsDTP4GIQNFNfF4Wh6bsPXuJmvvoMcnmy%2F58Wo%0AE0XaG8UPHVAeyEmhncdM32E7SJbR91aRr2CkV23OoUz%2BwKG2%2FuObHmAkuMkCbbcz%0AJQoC7DZg5FGw%2BZR7v1DIBct5QNJQ8bG%2FXGRxjWC6dU7jrGhOF1X%2B2YYcdx9XnwyM%0A9YPxUy5bVfMhIiKP2wEso5fjOZ4RTvnB5R6zD3maJK%2FtZAXVhtyqXSkBYFi4MvEs%0A-----END%20CERTIFICATE-----%0A[\r][\n]"
14:14:43.559 [main] DEBUG org.apache.http.wire - http-outgoing-8 << "[\r][\n]"
14:14:43.559 [main] DEBUG org.apache.http.wire - http-outgoing-8 << "232[\r][\n]"
14:14:43.559 [main] DEBUG org.apache.http.wire - http-outgoing-8 << "{"GrpHdr":{"MsgId":"000020251022020361","CreDtTm":"2025-10-22T14:14:35","NbOfTxs":999,"SttlmInf":{"SttlmMtd":"INGA"},"InstgAgt":{"FinInstnId":"0205"},"InstdAgt":{"FinInstnId":"0205"},"Mge":{"Type":"acmt.998.322.001"},"ChnlId":"APP"},"CdtTrfTxInf":{"OrgnGrpInf":{"OrgnlMsgId":"02052025102222274573787","OrgnlMgeType":"acmt.998.321.01","OrgnlCreDtTm":"2025-10-22T14:14:42"},"TxSts":"ERR","Rsn":{"RsnCd":"9000","AddtlInf":"El n[0xc3][0xba]mero de transacciones (NbOfTxs) es requerida. Tiene que enviar por lo menos 1 en el n[0xc3][0xba]mero de transacciones."},"SttlmDt":"2025-10-22"}}[\r][\n]"
14:14:43.559 [main] DEBUG org.apache.http.wire - http-outgoing-8 << "0[\r][\n]"
14:14:43.559 [main] DEBUG org.apache.http.wire - http-outgoing-8 << "[\r][\n]"
14:14:43.559 [main] DEBUG org.apache.http.headers - http-outgoing-8 << HTTP/1.1 400 Bad Request
14:14:43.559 [main] DEBUG org.apache.http.headers - http-outgoing-8 << Date: Wed, 22 Oct 2025 19:14:36 GMT
14:14:43.559 [main] DEBUG org.apache.http.headers - http-outgoing-8 << Content-Type: application/json; charset=utf-8
14:14:43.559 [main] DEBUG org.apache.http.headers - http-outgoing-8 << Transfer-Encoding: chunked
14:14:43.559 [main] DEBUG org.apache.http.headers - http-outgoing-8 << Connection: keep-alive
14:14:43.559 [main] DEBUG org.apache.http.headers - http-outgoing-8 << Server: Kestrel
14:14:43.559 [main] DEBUG org.apache.http.headers - http-outgoing-8 << Set-Cookie: ARRAffinity=135f536e0d078a815c3b83fda3468ab8a3a2abc604a35eefb28648d3961cfa9b;Path=/;HttpOnly;Secure;Domain=app-apipanapay-qa.azurewebsites.net
14:14:43.559 [main] DEBUG org.apache.http.headers - http-outgoing-8 << Set-Cookie: ARRAffinitySameSite=135f536e0d078a815c3b83fda3468ab8a3a2abc604a35eefb28648d3961cfa9b;Path=/;HttpOnly;SameSite=None;Secure;Domain=app-apipanapay-qa.azurewebsites.net
14:14:43.559 [main] DEBUG org.apache.http.headers - http-outgoing-8 << Request-Context: appId=cid-v1:a7a77847-2713-450f-9030-b350a2d54a28
14:14:43.559 [main] DEBUG org.apache.http.headers - http-outgoing-8 << X-Powered-By: ASP.NET
14:14:43.559 [main] DEBUG org.apache.http.headers - http-outgoing-8 << X-ARR-ClientCert: -----BEGIN%20CERTIFICATE-----%0AMIIEHDCCAgSgAwIBAgIUZIZBO0fb7VZ4KXrs01S4RYbWyJ8wDQYJKoZIhvcNAQEL%0ABQAwJTEjMCEGA1UEAwwacm9vdGNlcnQuY2JpYmxpYW4uaW50ZXJuYWwwHhcNMjUw%0AODEzMTMyNTU5WhcNMjgwODEyMTMyNTU5WjAnMSUwIwYDVQQDDBxjbGllbnRjZXJ0%0ALmNiaWJsaWFuLmludGVybmFsMIIBIjANBgkqhkiG9w0BAQEFAAOCAQ8AMIIBCgKC%0AAQEAskUDap6NmyYq8RT6F7z3DpZGQiflNQTvUT84TmxsKXEBRAkgINnkJqgKkd7f%0ASEybzqglQTbr4s41lCiPsy3X66qYjU2L%2Bojhni%2BOCVOX7n3JBYovL%2FqfMP3%2FkhZP%0AQIlK%2FQWPcrnl39fYkGOQv%2BYqoCGEPzGkib2m1Ma5Q1HOCKh1ErMjqTLGy%2ByJj6JY%0AiZvMx3YrJSvjUS0uKpNwxPtGyiexRfKsmR%2FHqPzRHa0iY%2B752KSgUedwJPv1Wod%2B%0AY9BMAMIdU25UtkUEsaOYtorGWDaZSn2Bl0LYmP87kjcYypnHx0jtPtUCXfVHrE6u%0AZnDRFYsZbeXylY3mJkyOL2DzZwIDAQABo0IwQDAdBgNVHQ4EFgQURPhJwTAcUWUp%0ArOqQO68P%2FbJoqjMwHwYDVR0jBBgwFoAU7GdlxoSeEXucEXhjadHRC9xzS0UwDQYJ%0AKoZIhvcNAQELBQADggIBAGTnlyF2n%2F6s9phYbO8V17niO0BXB62ToX6gPhcw9f3y%0AhMui6RnrM1oiHlBWqZquCqYJ5ETvYJE1RqvoqtGysxCnIj0OTJHV4WtF3SHsd1Tu%0ATg%2B%2FUnGivtBTDQxj9sbAtCaSYRBqPByP8jvSTDgXR1mgOrEGjr2PZdZSoKLj4OHi%0A9UCMJw7pJsyA4lbroKshQTYv5Ks5SqtJpdp0%2BUX0UUlbPJqXiadfbKdoXvEgcwbP%0ACqR9v7kGYmNxfaGLNGVrV%2BnLawIDmdYXJE%2F4WJh6sHfiZxEsE%2BB4PoKADrb1Eapt%0AnSdHUgRfc0i5f2lcmErnU8nCMO5TWdHFOgpYwTS8w17FhNFZpaSmyZKM7uHcUs7y%0AUbuiQtdXocfSSMf%2FeycBEU%2FHAVIWQEqY%2BbJdC0q%2FR%2BsESeBtXd4IEIxR0QfgscGk%0AJyCSFC8z%2FvCgrRsH5rePqKO7%2FLAsDTP4GIQNFNfF4Wh6bsPXuJmvvoMcnmy%2F58Wo%0AE0XaG8UPHVAeyEmhncdM32E7SJbR91aRr2CkV23OoUz%2BwKG2%2FuObHmAkuMkCbbcz%0AJQoC7DZg5FGw%2BZR7v1DIBct5QNJQ8bG%2FXGRxjWC6dU7jrGhOF1X%2B2YYcdx9XnwyM%0A9YPxUy5bVfMhIiKP2wEso5fjOZ4RTvnB5R6zD3maJK%2FtZAXVhtyqXSkBYFi4MvEs%0A-----END%20CERTIFICATE-----%0A
14:14:43.561 [main] DEBUG org.apache.http.impl.execchain.MainClientExec - Connection can be kept alive indefinitely
14:14:43.561 [main] DEBUG org.apache.http.client.protocol.ResponseProcessCookies - Cookie accepted [ARRAffinity="135f536e0d078a815c3b83fda3468ab8a3a2abc604a35eefb28648d3961cfa9b", version:0, domain:app-apipanapay-qa.azurewebsites.net, path:/, expiry:null]
14:14:43.561 [main] DEBUG org.apache.http.client.protocol.ResponseProcessCookies - Cookie accepted [ARRAffinitySameSite="135f536e0d078a815c3b83fda3468ab8a3a2abc604a35eefb28648d3961cfa9b", version:0, domain:app-apipanapay-qa.azurewebsites.net, path:/, expiry:null]
14:14:43.563 [main] DEBUG org.apache.http.impl.conn.PoolingHttpClientConnectionManager - Connection [id: 8][route: {s}->https://apipanapayqa.coonecta.com.ec:443][state: CN=clientcert.cbiblian.internal] can be kept alive indefinitely
14:14:43.563 [main] DEBUG org.apache.http.impl.conn.DefaultManagedHttpClientConnection - http-outgoing-8: set socket timeout to 0
14:14:43.563 [main] DEBUG org.apache.http.impl.conn.PoolingHttpClientConnectionManager - Connection released: [id: 8][route: {s}->https://apipanapayqa.coonecta.com.ec:443][state: CN=clientcert.cbiblian.internal][total available: 1; route allocated: 1 of 5; total allocated: 1 of 10]
14:14:43.563 [main] DEBUG org.apache.http.impl.conn.PoolingHttpClientConnectionManager - Connection manager is shutting down
14:14:43.563 [main] DEBUG org.apache.http.impl.conn.DefaultManagedHttpClientConnection - http-outgoing-8: Close connection
14:14:43.563 [main] DEBUG org.apache.http.impl.conn.PoolingHttpClientConnectionManager - Connection manager shut down
14:14:43.563 [main] DEBUG com.intuit.karate - response time in milliseconds: 775
1 < 400
1 < Date: Wed, 22 Oct 2025 19:14:36 GMT
1 < Content-Type: application/json; charset=utf-8
1 < Transfer-Encoding: chunked
1 < Connection: keep-alive
1 < Server: Kestrel
1 < Set-Cookie: ARRAffinity=135f536e0d078a815c3b83fda3468ab8a3a2abc604a35eefb28648d3961cfa9b;Path=/;HttpOnly;Secure;Domain=app-apipanapay-qa.azurewebsites.net
1 < Set-Cookie: ARRAffinitySameSite=135f536e0d078a815c3b83fda3468ab8a3a2abc604a35eefb28648d3961cfa9b;Path=/;HttpOnly;SameSite=None;Secure;Domain=app-apipanapay-qa.azurewebsites.net
1 < Request-Context: appId=cid-v1:a7a77847-2713-450f-9030-b350a2d54a28
1 < X-Powered-By: ASP.NET
1 < X-ARR-ClientCert: -----BEGIN%20CERTIFICATE-----%0AMIIEHDCCAgSgAwIBAgIUZIZBO0fb7VZ4KXrs01S4RYbWyJ8wDQYJKoZIhvcNAQEL%0ABQAwJTEjMCEGA1UEAwwacm9vdGNlcnQuY2JpYmxpYW4uaW50ZXJuYWwwHhcNMjUw%0AODEzMTMyNTU5WhcNMjgwODEyMTMyNTU5WjAnMSUwIwYDVQQDDBxjbGllbnRjZXJ0%0ALmNiaWJsaWFuLmludGVybmFsMIIBIjANBgkqhkiG9w0BAQEFAAOCAQ8AMIIBCgKC%0AAQEAskUDap6NmyYq8RT6F7z3DpZGQiflNQTvUT84TmxsKXEBRAkgINnkJqgKkd7f%0ASEybzqglQTbr4s41lCiPsy3X66qYjU2L%2Bojhni%2BOCVOX7n3JBYovL%2FqfMP3%2FkhZP%0AQIlK%2FQWPcrnl39fYkGOQv%2BYqoCGEPzGkib2m1Ma5Q1HOCKh1ErMjqTLGy%2ByJj6JY%0AiZvMx3YrJSvjUS0uKpNwxPtGyiexRfKsmR%2FHqPzRHa0iY%2B752KSgUedwJPv1Wod%2B%0AY9BMAMIdU25UtkUEsaOYtorGWDaZSn2Bl0LYmP87kjcYypnHx0jtPtUCXfVHrE6u%0AZnDRFYsZbeXylY3mJkyOL2DzZwIDAQABo0IwQDAdBgNVHQ4EFgQURPhJwTAcUWUp%0ArOqQO68P%2FbJoqjMwHwYDVR0jBBgwFoAU7GdlxoSeEXucEXhjadHRC9xzS0UwDQYJ%0AKoZIhvcNAQELBQADggIBAGTnlyF2n%2F6s9phYbO8V17niO0BXB62ToX6gPhcw9f3y%0AhMui6RnrM1oiHlBWqZquCqYJ5ETvYJE1RqvoqtGysxCnIj0OTJHV4WtF3SHsd1Tu%0ATg%2B%2FUnGivtBTDQxj9sbAtCaSYRBqPByP8jvSTDgXR1mgOrEGjr2PZdZSoKLj4OHi%0A9UCMJw7pJsyA4lbroKshQTYv5Ks5SqtJpdp0%2BUX0UUlbPJqXiadfbKdoXvEgcwbP%0ACqR9v7kGYmNxfaGLNGVrV%2BnLawIDmdYXJE%2F4WJh6sHfiZxEsE%2BB4PoKADrb1Eapt%0AnSdHUgRfc0i5f2lcmErnU8nCMO5TWdHFOgpYwTS8w17FhNFZpaSmyZKM7uHcUs7y%0AUbuiQtdXocfSSMf%2FeycBEU%2FHAVIWQEqY%2BbJdC0q%2FR%2BsESeBtXd4IEIxR0QfgscGk%0AJyCSFC8z%2FvCgrRsH5rePqKO7%2FLAsDTP4GIQNFNfF4Wh6bsPXuJmvvoMcnmy%2F58Wo%0AE0XaG8UPHVAeyEmhncdM32E7SJbR91aRr2CkV23OoUz%2BwKG2%2FuObHmAkuMkCbbcz%0AJQoC7DZg5FGw%2BZR7v1DIBct5QNJQ8bG%2FXGRxjWC6dU7jrGhOF1X%2B2YYcdx9XnwyM%0A9YPxUy5bVfMhIiKP2wEso5fjOZ4RTvnB5R6zD3maJK%2FtZAXVhtyqXSkBYFi4MvEs%0A-----END%20CERTIFICATE-----%0A
{"GrpHdr":{"MsgId":"000020251022020361","CreDtTm":"2025-10-22T14:14:35","NbOfTxs":999,"SttlmInf":{"SttlmMtd":"INGA"},"InstgAgt":{"FinInstnId":"0205"},"InstdAgt":{"FinInstnId":"0205"},"Mge":{"Type":"acmt.998.322.001"},"ChnlId":"APP"},"CdtTrfTxInf":{"OrgnGrpInf":{"OrgnlMsgId":"02052025102222274573787","OrgnlMgeType":"acmt.998.321.01","OrgnlCreDtTm":"2025-10-22T14:14:42"},"TxSts":"ERR","Rsn":{"RsnCd":"9000","AddtlInf":"El número de transacciones (NbOfTxs) es requerida. Tiene que enviar por lo menos 1 en el número de transacciones."},"SttlmDt":"2025-10-22"}}

14:14:43.567 [main] ERROR com.intuit.karate - classpath:Transferencia.feature:262
Then match responseStatus in normalizedStatus
no step-definition method match found for: match responseStatus in normalizedStatus
classpath:Transferencia.feature:262
]]></system-out>
  </testcase>
  <testcase name="[9:266] Transferencia no exitosa, monto maximo con decimales por transaccion" classname="Transferencia" time="1.79">
    <failure message="no step-definition method match found for: match responseStatus in normalizedStatus&#10;classpath:Transferencia.feature:273" type="org.opentest4j.AssertionFailedError"><![CDATA[org.opentest4j.AssertionFailedError: 
no step-definition method match found for: match responseStatus in normalizedStatus
classpath:Transferencia.feature:273
	at org.junit.jupiter.api.AssertionUtils.fail(AssertionUtils.java:38)
	at org.junit.jupiter.api.Assertions.fail(Assertions.java:135)
	at com.intuit.karate.junit5.FeatureNode.lambda$next$1(FeatureNode.java:86)
	at org.junit.jupiter.engine.descriptor.DynamicTestTestDescriptor.lambda$execute$0(DynamicTestTestDescriptor.java:53)
	at org.junit.jupiter.engine.execution.InvocationInterceptorChain$ValidatingInvocation.proceed(InvocationInterceptorChain.java:131)
	at org.junit.jupiter.api.extension.InvocationInterceptor.interceptDynamicTest(InvocationInterceptor.java:167)
	at org.junit.jupiter.api.extension.InvocationInterceptor.interceptDynamicTest(InvocationInterceptor.java:184)
	at org.junit.jupiter.engine.descriptor.DynamicTestTestDescriptor.lambda$execute$1(DynamicTestTestDescriptor.java:61)
	at org.junit.jupiter.engine.execution.InvocationInterceptorChain$InterceptorCall.lambda$ofVoid$0(InvocationInterceptorChain.java:78)
	at org.junit.jupiter.engine.execution.InvocationInterceptorChain$InterceptedInvocation.proceed(InvocationInterceptorChain.java:106)
	at org.junit.jupiter.engine.execution.InvocationInterceptorChain.proceed(InvocationInterceptorChain.java:64)
	at org.junit.jupiter.engine.execution.InvocationInterceptorChain.chainAndInvoke(InvocationInterceptorChain.java:45)
	at org.junit.jupiter.engine.execution.InvocationInterceptorChain.invoke(InvocationInterceptorChain.java:37)
	at org.junit.jupiter.engine.descriptor.DynamicTestTestDescriptor.execute(DynamicTestTestDescriptor.java:60)
	at org.junit.jupiter.engine.descriptor.DynamicTestTestDescriptor.execute(DynamicTestTestDescriptor.java:32)
	at org.junit.platform.engine.support.hierarchical.NodeTestTask.lambda$executeRecursively$6(NodeTestTask.java:151)
	at org.junit.platform.engine.support.hierarchical.ThrowableCollector.execute(ThrowableCollector.java:73)
	at org.junit.platform.engine.support.hierarchical.NodeTestTask.lambda$executeRecursively$8(NodeTestTask.java:141)
	at org.junit.platform.engine.support.hierarchical.Node.around(Node.java:137)
	at org.junit.platform.engine.support.hierarchical.NodeTestTask.lambda$executeRecursively$9(NodeTestTask.java:139)
	at org.junit.platform.engine.support.hierarchical.ThrowableCollector.execute(ThrowableCollector.java:73)
	at org.junit.platform.engine.support.hierarchical.NodeTestTask.executeRecursively(NodeTestTask.java:138)
	at org.junit.platform.engine.support.hierarchical.NodeTestTask.execute(NodeTestTask.java:95)
	at org.junit.platform.engine.support.hierarchical.SameThreadHierarchicalTestExecutorService.submit(SameThreadHierarchicalTestExecutorService.java:35)
	at org.junit.platform.engine.support.hierarchical.NodeTestTask$DefaultDynamicTestExecutor.execute(NodeTestTask.java:226)
	at org.junit.platform.engine.support.hierarchical.NodeTestTask$DefaultDynamicTestExecutor.execute(NodeTestTask.java:204)
	at java.base/java.util.stream.ForEachOps$ForEachOp$OfRef.accept(ForEachOps.java:183)
	at java.base/java.util.stream.ReferencePipeline$3$1.accept(ReferencePipeline.java:197)
	at java.base/java.util.stream.ReferencePipeline$2$1.accept(ReferencePipeline.java:179)
	at java.base/java.util.stream.ReferencePipeline$3$1.accept(ReferencePipeline.java:197)
	at java.base/java.util.Iterator.forEachRemaining(Iterator.java:133)
	at java.base/java.util.Spliterators$IteratorSpliterator.forEachRemaining(Spliterators.java:1845)
	at java.base/java.util.stream.AbstractPipeline.copyInto(AbstractPipeline.java:509)
	at java.base/java.util.stream.AbstractPipeline.wrapAndCopyInto(AbstractPipeline.java:499)
	at java.base/java.util.stream.ForEachOps$ForEachOp.evaluateSequential(ForEachOps.java:150)
	at java.base/java.util.stream.ForEachOps$ForEachOp$OfRef.evaluateSequential(ForEachOps.java:173)
	at java.base/java.util.stream.AbstractPipeline.evaluate(AbstractPipeline.java:234)
	at java.base/java.util.stream.ReferencePipeline.forEachOrdered(ReferencePipeline.java:601)
	at org.junit.jupiter.engine.descriptor.DynamicContainerTestDescriptor.execute(DynamicContainerTestDescriptor.java:67)
	at org.junit.jupiter.engine.descriptor.DynamicContainerTestDescriptor.execute(DynamicContainerTestDescriptor.java:33)
	at org.junit.platform.engine.support.hierarchical.NodeTestTask.lambda$executeRecursively$6(NodeTestTask.java:151)
	at org.junit.platform.engine.support.hierarchical.ThrowableCollector.execute(ThrowableCollector.java:73)
	at org.junit.platform.engine.support.hierarchical.NodeTestTask.lambda$executeRecursively$8(NodeTestTask.java:141)
	at org.junit.platform.engine.support.hierarchical.Node.around(Node.java:137)
	at org.junit.platform.engine.support.hierarchical.NodeTestTask.lambda$executeRecursively$9(NodeTestTask.java:139)
	at org.junit.platform.engine.support.hierarchical.ThrowableCollector.execute(ThrowableCollector.java:73)
	at org.junit.platform.engine.support.hierarchical.NodeTestTask.executeRecursively(NodeTestTask.java:138)
	at org.junit.platform.engine.support.hierarchical.NodeTestTask.execute(NodeTestTask.java:95)
	at org.junit.platform.engine.support.hierarchical.SameThreadHierarchicalTestExecutorService.submit(SameThreadHierarchicalTestExecutorService.java:35)
	at org.junit.platform.engine.support.hierarchical.NodeTestTask$DefaultDynamicTestExecutor.execute(NodeTestTask.java:226)
	at org.junit.platform.engine.support.hierarchical.NodeTestTask$DefaultDynamicTestExecutor.execute(NodeTestTask.java:204)
	at java.base/java.util.Optional.ifPresent(Optional.java:178)
	at org.junit.jupiter.engine.descriptor.TestFactoryTestDescriptor.lambda$invokeTestMethod$1(TestFactoryTestDescriptor.java:108)
	at org.junit.platform.engine.support.hierarchical.ThrowableCollector.execute(ThrowableCollector.java:73)
	at org.junit.jupiter.engine.descriptor.TestFactoryTestDescriptor.invokeTestMethod(TestFactoryTestDescriptor.java:95)
	at org.junit.jupiter.engine.descriptor.TestMethodTestDescriptor.execute(TestMethodTestDescriptor.java:138)
	at org.junit.jupiter.engine.descriptor.TestMethodTestDescriptor.execute(TestMethodTestDescriptor.java:68)
	at org.junit.platform.engine.support.hierarchical.NodeTestTask.lambda$executeRecursively$6(NodeTestTask.java:151)
	at org.junit.platform.engine.support.hierarchical.ThrowableCollector.execute(ThrowableCollector.java:73)
	at org.junit.platform.engine.support.hierarchical.NodeTestTask.lambda$executeRecursively$8(NodeTestTask.java:141)
	at org.junit.platform.engine.support.hierarchical.Node.around(Node.java:137)
	at org.junit.platform.engine.support.hierarchical.NodeTestTask.lambda$executeRecursively$9(NodeTestTask.java:139)
	at org.junit.platform.engine.support.hierarchical.ThrowableCollector.execute(ThrowableCollector.java:73)
	at org.junit.platform.engine.support.hierarchical.NodeTestTask.executeRecursively(NodeTestTask.java:138)
	at org.junit.platform.engine.support.hierarchical.NodeTestTask.execute(NodeTestTask.java:95)
	at java.base/java.util.ArrayList.forEach(ArrayList.java:1511)
	at org.junit.platform.engine.support.hierarchical.SameThreadHierarchicalTestExecutorService.invokeAll(SameThreadHierarchicalTestExecutorService.java:41)
	at org.junit.platform.engine.support.hierarchical.NodeTestTask.lambda$executeRecursively$6(NodeTestTask.java:155)
	at org.junit.platform.engine.support.hierarchical.ThrowableCollector.execute(ThrowableCollector.java:73)
	at org.junit.platform.engine.support.hierarchical.NodeTestTask.lambda$executeRecursively$8(NodeTestTask.java:141)
	at org.junit.platform.engine.support.hierarchical.Node.around(Node.java:137)
	at org.junit.platform.engine.support.hierarchical.NodeTestTask.lambda$executeRecursively$9(NodeTestTask.java:139)
	at org.junit.platform.engine.support.hierarchical.ThrowableCollector.execute(ThrowableCollector.java:73)
	at org.junit.platform.engine.support.hierarchical.NodeTestTask.executeRecursively(NodeTestTask.java:138)
	at org.junit.platform.engine.support.hierarchical.NodeTestTask.execute(NodeTestTask.java:95)
	at java.base/java.util.ArrayList.forEach(ArrayList.java:1511)
	at org.junit.platform.engine.support.hierarchical.SameThreadHierarchicalTestExecutorService.invokeAll(SameThreadHierarchicalTestExecutorService.java:41)
	at org.junit.platform.engine.support.hierarchical.NodeTestTask.lambda$executeRecursively$6(NodeTestTask.java:155)
	at org.junit.platform.engine.support.hierarchical.ThrowableCollector.execute(ThrowableCollector.java:73)
	at org.junit.platform.engine.support.hierarchical.NodeTestTask.lambda$executeRecursively$8(NodeTestTask.java:141)
	at org.junit.platform.engine.support.hierarchical.Node.around(Node.java:137)
	at org.junit.platform.engine.support.hierarchical.NodeTestTask.lambda$executeRecursively$9(NodeTestTask.java:139)
	at org.junit.platform.engine.support.hierarchical.ThrowableCollector.execute(ThrowableCollector.java:73)
	at org.junit.platform.engine.support.hierarchical.NodeTestTask.executeRecursively(NodeTestTask.java:138)
	at org.junit.platform.engine.support.hierarchical.NodeTestTask.execute(NodeTestTask.java:95)
	at org.junit.platform.engine.support.hierarchical.SameThreadHierarchicalTestExecutorService.submit(SameThreadHierarchicalTestExecutorService.java:35)
	at org.junit.platform.engine.support.hierarchical.HierarchicalTestExecutor.execute(HierarchicalTestExecutor.java:57)
	at org.junit.platform.engine.support.hierarchical.HierarchicalTestEngine.execute(HierarchicalTestEngine.java:54)
	at org.junit.platform.launcher.core.EngineExecutionOrchestrator.execute(EngineExecutionOrchestrator.java:147)
	at org.junit.platform.launcher.core.EngineExecutionOrchestrator.execute(EngineExecutionOrchestrator.java:127)
	at org.junit.platform.launcher.core.EngineExecutionOrchestrator.execute(EngineExecutionOrchestrator.java:90)
	at org.junit.platform.launcher.core.EngineExecutionOrchestrator.lambda$execute$0(EngineExecutionOrchestrator.java:55)
	at org.junit.platform.launcher.core.EngineExecutionOrchestrator.withInterceptedStreams(EngineExecutionOrchestrator.java:102)
	at org.junit.platform.launcher.core.EngineExecutionOrchestrator.execute(EngineExecutionOrchestrator.java:54)
	at org.junit.platform.launcher.core.DefaultLauncher.execute(DefaultLauncher.java:114)
	at org.junit.platform.launcher.core.DefaultLauncher.execute(DefaultLauncher.java:86)
	at org.junit.platform.launcher.core.DefaultLauncherSession$DelegatingLauncher.execute(DefaultLauncherSession.java:86)
	at org.apache.maven.surefire.junitplatform.LazyLauncher.execute(LazyLauncher.java:56)
	at org.apache.maven.surefire.junitplatform.JUnitPlatformProvider.execute(JUnitPlatformProvider.java:184)
	at org.apache.maven.surefire.junitplatform.JUnitPlatformProvider.invokeAllTests(JUnitPlatformProvider.java:148)
	at org.apache.maven.surefire.junitplatform.JUnitPlatformProvider.invoke(JUnitPlatformProvider.java:122)
	at org.apache.maven.surefire.booter.ForkedBooter.runSuitesInProcess(ForkedBooter.java:385)
	at org.apache.maven.surefire.booter.ForkedBooter.execute(ForkedBooter.java:162)
	at org.apache.maven.surefire.booter.ForkedBooter.run(ForkedBooter.java:507)
	at org.apache.maven.surefire.booter.ForkedBooter.main(ForkedBooter.java:495)
]]></failure>
    <system-out><![CDATA[14:14:43.591 [main] DEBUG com.intuit.karate - key store key count for classpath:certificado/clientcert.cbiblian.internal 1.pfx: 1
14:14:43.604 [main] DEBUG com.jayway.jsonpath.internal.path.CompiledPath - Evaluating path: $
14:14:43.606 [main] DEBUG com.jayway.jsonpath.internal.path.CompiledPath - Evaluating path: $['Authorization']
14:14:43.606 [main] DEBUG com.jayway.jsonpath.internal.path.CompiledPath - Evaluating path: $
14:14:43.606 [main] DEBUG com.jayway.jsonpath.internal.path.CompiledPath - Evaluating path: $
14:14:43.606 [main] DEBUG com.jayway.jsonpath.internal.JsonContext - Put path $ key Authorization value {}
14:14:43.606 [main] DEBUG com.jayway.jsonpath.internal.path.CompiledPath - Evaluating path: $
14:14:43.606 [main] DEBUG com.jayway.jsonpath.internal.JsonContext - Put path $ key Authorization value Bearer eyJhbGciOiJSUzI1NiIsInR5cCIgOiAiSldUIiwia2lkIiA6ICI2dUJWTkN6VlViUFBlTFdReEM0WDAyYVM3UnM2UGRYV1dja1dfc0xZMHlFIn0.eyJleHAiOjE3NjExNjA3NTAsImlhdCI6MTc2MTE2MDQ1MCwianRpIjoidHJydGNjOjQ5Yjg0NDVjLTgzYTAtMjI4Ni02NDczLWE2ZGEzOTBhOWQ0YSIsImlzcyI6Imh0dHBzOi8vYXV0ZW50aWNhY2lvbnFhLmNvb25lY3RhLmNvbS5lYy9hdXRoL3JlYWxtcy9QQU5BUEFZIiwiYXVkIjoiYWNjb3VudCIsInN1YiI6Ijk5OGMyZmUwLTJjOGYtNGQwNC1iZjExLWY1OWExZTM5ODg3MyIsInR5cCI6IkJlYXJlciIsImF6cCI6IjAyMDVjYiIsImFjciI6IjEiLCJhbGxvd2VkLW9yaWdpbnMiOlsiLyoiXSwicmVhbG1fYWNjZXNzIjp7InJvbGVzIjpbImRlZmF1bHQtcm9sZXMtYWRtaW5wYW5hcGF5Iiwib2ZmbGluZV9hY2Nlc3MiLCJ1bWFfYXV0aG9yaXphdGlvbiJdfSwicmVzb3VyY2VfYWNjZXNzIjp7IjAyMDVjYiI6eyJyb2xlcyI6WyJ1bWFfcHJvdGVjdGlvbiJdfSwiYWNjb3VudCI6eyJyb2xlcyI6WyJtYW5hZ2UtYWNjb3VudCIsIm1hbmFnZS1hY2NvdW50LWxpbmtzIiwidmlldy1wcm9maWxlIl19fSwic2NvcGUiOiJwcm9maWxlIGVtYWlsIiwiZW1haWxfdmVyaWZpZWQiOmZhbHNlLCJjbGllbnRIb3N0IjoiMTAuMTAuMTAuMTUxIiwicHJlZmVycmVkX3VzZXJuYW1lIjoic2VydmljZS1hY2NvdW50LTAyMDVjYiIsImNsaWVudEFkZHJlc3MiOiIxMC4xMC4xMC4xNTEiLCJjbGllbnRfaWQiOiIwMjA1Y2IifQ.bATUogohrEqy7Voa4mFnsBzOnGy6tnjZGh_lOYRn-0hWXMY_fz-280nTu2Vv68eO3HeoewtWlt45S_iLI2-ml3pqpAlt3DXWVmLvVHw6d7TICHBfQsa0jGXMexKnyar7EinrVhF3deSK25Ap_ajC_82EvVvXrVG-7p9F1dEdq39y2R72JympejF5uhY_z_jNmqJSsnLEZVOo3WMJn76u9tTcYVIldC5uWGFWbPGEhvWPx4ZGpsuq_wrPOGdRmyJDFJPJl7LnLGHK0DBhuVtJUq_NFQkMus2fTTf_mWhRnoqNU-wUCS-fxMs6QusGzIVd-C3O29J3rerHTrGg21LAsQ
14:14:43.606 [main] DEBUG com.jayway.jsonpath.internal.path.CompiledPath - Evaluating path: $
14:14:43.617 [main] DEBUG com.jayway.jsonpath.internal.path.CompiledPath - Evaluating path: $
14:14:43.624 [main] DEBUG org.apache.http.client.protocol.RequestAddCookies - CookieSpec selected: karate
14:14:43.624 [main] DEBUG org.apache.http.client.protocol.RequestAuthCache - Auth cache not set in the context
14:14:43.624 [main] DEBUG com.intuit.karate - request:
1 > POST https://apipanapayqa.coonecta.com.ec/api/switchcentral/finan/transferencia
1 > Content-Type: application/json; charset=UTF-8
1 > Authorization: Bearer eyJhbGciOiJSUzI1NiIsInR5cCIgOiAiSldUIiwia2lkIiA6ICI2dUJWTkN6VlViUFBlTFdReEM0WDAyYVM3UnM2UGRYV1dja1dfc0xZMHlFIn0.eyJleHAiOjE3NjExNjA3NTAsImlhdCI6MTc2MTE2MDQ1MCwianRpIjoidHJydGNjOjQ5Yjg0NDVjLTgzYTAtMjI4Ni02NDczLWE2ZGEzOTBhOWQ0YSIsImlzcyI6Imh0dHBzOi8vYXV0ZW50aWNhY2lvbnFhLmNvb25lY3RhLmNvbS5lYy9hdXRoL3JlYWxtcy9QQU5BUEFZIiwiYXVkIjoiYWNjb3VudCIsInN1YiI6Ijk5OGMyZmUwLTJjOGYtNGQwNC1iZjExLWY1OWExZTM5ODg3MyIsInR5cCI6IkJlYXJlciIsImF6cCI6IjAyMDVjYiIsImFjciI6IjEiLCJhbGxvd2VkLW9yaWdpbnMiOlsiLyoiXSwicmVhbG1fYWNjZXNzIjp7InJvbGVzIjpbImRlZmF1bHQtcm9sZXMtYWRtaW5wYW5hcGF5Iiwib2ZmbGluZV9hY2Nlc3MiLCJ1bWFfYXV0aG9yaXphdGlvbiJdfSwicmVzb3VyY2VfYWNjZXNzIjp7IjAyMDVjYiI6eyJyb2xlcyI6WyJ1bWFfcHJvdGVjdGlvbiJdfSwiYWNjb3VudCI6eyJyb2xlcyI6WyJtYW5hZ2UtYWNjb3VudCIsIm1hbmFnZS1hY2NvdW50LWxpbmtzIiwidmlldy1wcm9maWxlIl19fSwic2NvcGUiOiJwcm9maWxlIGVtYWlsIiwiZW1haWxfdmVyaWZpZWQiOmZhbHNlLCJjbGllbnRIb3N0IjoiMTAuMTAuMTAuMTUxIiwicHJlZmVycmVkX3VzZXJuYW1lIjoic2VydmljZS1hY2NvdW50LTAyMDVjYiIsImNsaWVudEFkZHJlc3MiOiIxMC4xMC4xMC4xNTEiLCJjbGllbnRfaWQiOiIwMjA1Y2IifQ.bATUogohrEqy7Voa4mFnsBzOnGy6tnjZGh_lOYRn-0hWXMY_fz-280nTu2Vv68eO3HeoewtWlt45S_iLI2-ml3pqpAlt3DXWVmLvVHw6d7TICHBfQsa0jGXMexKnyar7EinrVhF3deSK25Ap_ajC_82EvVvXrVG-7p9F1dEdq39y2R72JympejF5uhY_z_jNmqJSsnLEZVOo3WMJn76u9tTcYVIldC5uWGFWbPGEhvWPx4ZGpsuq_wrPOGdRmyJDFJPJl7LnLGHK0DBhuVtJUq_NFQkMus2fTTf_mWhRnoqNU-wUCS-fxMs6QusGzIVd-C3O29J3rerHTrGg21LAsQ
1 > Content-Length: 516
1 > Host: apipanapayqa.coonecta.com.ec
1 > Connection: Keep-Alive
1 > User-Agent: Apache-HttpClient/4.5.14 (Java/17.0.12)
1 > Accept-Encoding: gzip,deflate
{"GrpHdr":{"msgId":"02052025102231912219681","creDtTm":"2025-10-22T14:14:43","nbOfTxs":1,"sttlmInf":{"sttlmMtd":"INGA"},"instgAgt":{"finInstnId":"0205"},"InstdAgt":{"FinInstnId":"0205"},"Mge":{"Type":"acmt.998.321.01"},"ChnlId":"APP"},"CdtTrfTxInf":{"PmtId":{"EndToEndId":"02052025102299017"},"IntrBkSttlmAmt":{"Amt":15000.75,"Ccy":"USD"},"DbtrAcctId":{"IBAN":"EC5002051000000000020501052673"},"CdtrAcctId":{"IBAN":"EC0402051000000000020101002318"},"Prtry":{"CustRef":"QA22","ChanRef":"TERM001","AgtRef":"AGT0002"}}}

14:14:43.624 [main] DEBUG org.apache.http.impl.conn.PoolingHttpClientConnectionManager - Connection request: [route: {s}->https://apipanapayqa.coonecta.com.ec:443][total available: 0; route allocated: 0 of 5; total allocated: 0 of 10]
14:14:43.624 [main] DEBUG org.apache.http.impl.conn.PoolingHttpClientConnectionManager - Connection leased: [id: 9][route: {s}->https://apipanapayqa.coonecta.com.ec:443][total available: 0; route allocated: 1 of 5; total allocated: 1 of 10]
14:14:43.626 [main] DEBUG org.apache.http.impl.execchain.MainClientExec - Opening connection {s}->https://apipanapayqa.coonecta.com.ec:443
14:14:43.626 [main] DEBUG org.apache.http.impl.conn.DefaultHttpClientConnectionOperator - Connecting to apipanapayqa.coonecta.com.ec/10.1.0.133:443
14:14:43.626 [main] DEBUG org.apache.http.conn.ssl.SSLConnectionSocketFactory - Connecting socket to apipanapayqa.coonecta.com.ec/10.1.0.133:443 with timeout 30000
14:14:43.715 [main] DEBUG org.apache.http.conn.ssl.SSLConnectionSocketFactory - Enabled protocols: [TLSv1.3, TLSv1.2]
14:14:43.715 [main] DEBUG org.apache.http.conn.ssl.SSLConnectionSocketFactory - Enabled cipher suites:[TLS_AES_256_GCM_SHA384, TLS_AES_128_GCM_SHA256, TLS_CHACHA20_POLY1305_SHA256, TLS_ECDHE_ECDSA_WITH_AES_256_GCM_SHA384, TLS_ECDHE_ECDSA_WITH_AES_128_GCM_SHA256, TLS_ECDHE_ECDSA_WITH_CHACHA20_POLY1305_SHA256, TLS_ECDHE_RSA_WITH_AES_256_GCM_SHA384, TLS_ECDHE_RSA_WITH_CHACHA20_POLY1305_SHA256, TLS_ECDHE_RSA_WITH_AES_128_GCM_SHA256, TLS_DHE_RSA_WITH_AES_256_GCM_SHA384, TLS_DHE_RSA_WITH_CHACHA20_POLY1305_SHA256, TLS_DHE_DSS_WITH_AES_256_GCM_SHA384, TLS_DHE_RSA_WITH_AES_128_GCM_SHA256, TLS_DHE_DSS_WITH_AES_128_GCM_SHA256, TLS_ECDHE_ECDSA_WITH_AES_256_CBC_SHA384, TLS_ECDHE_RSA_WITH_AES_256_CBC_SHA384, TLS_ECDHE_ECDSA_WITH_AES_128_CBC_SHA256, TLS_ECDHE_RSA_WITH_AES_128_CBC_SHA256, TLS_DHE_RSA_WITH_AES_256_CBC_SHA256, TLS_DHE_DSS_WITH_AES_256_CBC_SHA256, TLS_DHE_RSA_WITH_AES_128_CBC_SHA256, TLS_DHE_DSS_WITH_AES_128_CBC_SHA256, TLS_ECDH_ECDSA_WITH_AES_256_GCM_SHA384, TLS_ECDH_RSA_WITH_AES_256_GCM_SHA384, TLS_ECDH_ECDSA_WITH_AES_128_GCM_SHA256, TLS_ECDH_RSA_WITH_AES_128_GCM_SHA256, TLS_ECDH_ECDSA_WITH_AES_256_CBC_SHA384, TLS_ECDH_RSA_WITH_AES_256_CBC_SHA384, TLS_ECDH_ECDSA_WITH_AES_128_CBC_SHA256, TLS_ECDH_RSA_WITH_AES_128_CBC_SHA256, TLS_ECDHE_ECDSA_WITH_AES_256_CBC_SHA, TLS_ECDHE_RSA_WITH_AES_256_CBC_SHA, TLS_ECDHE_ECDSA_WITH_AES_128_CBC_SHA, TLS_ECDHE_RSA_WITH_AES_128_CBC_SHA, TLS_DHE_RSA_WITH_AES_256_CBC_SHA, TLS_DHE_DSS_WITH_AES_256_CBC_SHA, TLS_DHE_RSA_WITH_AES_128_CBC_SHA, TLS_DHE_DSS_WITH_AES_128_CBC_SHA, TLS_ECDH_ECDSA_WITH_AES_256_CBC_SHA, TLS_ECDH_RSA_WITH_AES_256_CBC_SHA, TLS_ECDH_ECDSA_WITH_AES_128_CBC_SHA, TLS_ECDH_RSA_WITH_AES_128_CBC_SHA, TLS_RSA_WITH_AES_256_GCM_SHA384, TLS_RSA_WITH_AES_128_GCM_SHA256, TLS_RSA_WITH_AES_256_CBC_SHA256, TLS_RSA_WITH_AES_128_CBC_SHA256, TLS_RSA_WITH_AES_256_CBC_SHA, TLS_RSA_WITH_AES_128_CBC_SHA, TLS_EMPTY_RENEGOTIATION_INFO_SCSV]
14:14:43.715 [main] DEBUG org.apache.http.conn.ssl.SSLConnectionSocketFactory - Starting handshake
14:14:43.908 [main] DEBUG org.apache.http.conn.ssl.SSLConnectionSocketFactory - Secure session established
14:14:43.908 [main] DEBUG org.apache.http.conn.ssl.SSLConnectionSocketFactory -  negotiated protocol: TLSv1.3
14:14:43.908 [main] DEBUG org.apache.http.conn.ssl.SSLConnectionSocketFactory -  negotiated cipher suite: TLS_AES_256_GCM_SHA384
14:14:43.908 [main] DEBUG org.apache.http.conn.ssl.SSLConnectionSocketFactory -  peer principal: CN=apipanapayqa.coonecta.com.ec, O=Red Transaccional Cooperativa S.A. RTC, L=Quito, ST=Pichincha, C=EC
14:14:43.908 [main] DEBUG org.apache.http.conn.ssl.SSLConnectionSocketFactory -  peer alternative names: [apipanapayqa.coonecta.com.ec]
14:14:43.908 [main] DEBUG org.apache.http.conn.ssl.SSLConnectionSocketFactory -  issuer principal: CN=DigiCert Global G2 TLS RSA SHA256 2020 CA1, O=DigiCert Inc, C=US
14:14:43.908 [main] DEBUG org.apache.http.impl.conn.DefaultHttpClientConnectionOperator - Connection established 10.10.10.151:54138<->10.1.0.133:443
14:14:43.908 [main] DEBUG org.apache.http.impl.conn.DefaultManagedHttpClientConnection - http-outgoing-9: set socket timeout to 30000
14:14:43.911 [main] DEBUG org.apache.http.impl.execchain.MainClientExec - Executing request POST /api/switchcentral/finan/transferencia HTTP/1.1
14:14:43.911 [main] DEBUG org.apache.http.impl.execchain.MainClientExec - Proxy auth state: UNCHALLENGED
14:14:43.911 [main] DEBUG org.apache.http.headers - http-outgoing-9 >> POST /api/switchcentral/finan/transferencia HTTP/1.1
14:14:43.911 [main] DEBUG org.apache.http.headers - http-outgoing-9 >> Content-Type: application/json; charset=UTF-8
14:14:43.911 [main] DEBUG org.apache.http.headers - http-outgoing-9 >> Authorization: Bearer eyJhbGciOiJSUzI1NiIsInR5cCIgOiAiSldUIiwia2lkIiA6ICI2dUJWTkN6VlViUFBlTFdReEM0WDAyYVM3UnM2UGRYV1dja1dfc0xZMHlFIn0.eyJleHAiOjE3NjExNjA3NTAsImlhdCI6MTc2MTE2MDQ1MCwianRpIjoidHJydGNjOjQ5Yjg0NDVjLTgzYTAtMjI4Ni02NDczLWE2ZGEzOTBhOWQ0YSIsImlzcyI6Imh0dHBzOi8vYXV0ZW50aWNhY2lvbnFhLmNvb25lY3RhLmNvbS5lYy9hdXRoL3JlYWxtcy9QQU5BUEFZIiwiYXVkIjoiYWNjb3VudCIsInN1YiI6Ijk5OGMyZmUwLTJjOGYtNGQwNC1iZjExLWY1OWExZTM5ODg3MyIsInR5cCI6IkJlYXJlciIsImF6cCI6IjAyMDVjYiIsImFjciI6IjEiLCJhbGxvd2VkLW9yaWdpbnMiOlsiLyoiXSwicmVhbG1fYWNjZXNzIjp7InJvbGVzIjpbImRlZmF1bHQtcm9sZXMtYWRtaW5wYW5hcGF5Iiwib2ZmbGluZV9hY2Nlc3MiLCJ1bWFfYXV0aG9yaXphdGlvbiJdfSwicmVzb3VyY2VfYWNjZXNzIjp7IjAyMDVjYiI6eyJyb2xlcyI6WyJ1bWFfcHJvdGVjdGlvbiJdfSwiYWNjb3VudCI6eyJyb2xlcyI6WyJtYW5hZ2UtYWNjb3VudCIsIm1hbmFnZS1hY2NvdW50LWxpbmtzIiwidmlldy1wcm9maWxlIl19fSwic2NvcGUiOiJwcm9maWxlIGVtYWlsIiwiZW1haWxfdmVyaWZpZWQiOmZhbHNlLCJjbGllbnRIb3N0IjoiMTAuMTAuMTAuMTUxIiwicHJlZmVycmVkX3VzZXJuYW1lIjoic2VydmljZS1hY2NvdW50LTAyMDVjYiIsImNsaWVudEFkZHJlc3MiOiIxMC4xMC4xMC4xNTEiLCJjbGllbnRfaWQiOiIwMjA1Y2IifQ.bATUogohrEqy7Voa4mFnsBzOnGy6tnjZGh_lOYRn-0hWXMY_fz-280nTu2Vv68eO3HeoewtWlt45S_iLI2-ml3pqpAlt3DXWVmLvVHw6d7TICHBfQsa0jGXMexKnyar7EinrVhF3deSK25Ap_ajC_82EvVvXrVG-7p9F1dEdq39y2R72JympejF5uhY_z_jNmqJSsnLEZVOo3WMJn76u9tTcYVIldC5uWGFWbPGEhvWPx4ZGpsuq_wrPOGdRmyJDFJPJl7LnLGHK0DBhuVtJUq_NFQkMus2fTTf_mWhRnoqNU-wUCS-fxMs6QusGzIVd-C3O29J3rerHTrGg21LAsQ
14:14:43.911 [main] DEBUG org.apache.http.headers - http-outgoing-9 >> Content-Length: 516
14:14:43.911 [main] DEBUG org.apache.http.headers - http-outgoing-9 >> Host: apipanapayqa.coonecta.com.ec
14:14:43.911 [main] DEBUG org.apache.http.headers - http-outgoing-9 >> Connection: Keep-Alive
14:14:43.911 [main] DEBUG org.apache.http.headers - http-outgoing-9 >> User-Agent: Apache-HttpClient/4.5.14 (Java/17.0.12)
14:14:43.911 [main] DEBUG org.apache.http.headers - http-outgoing-9 >> Accept-Encoding: gzip,deflate
14:14:43.911 [main] DEBUG org.apache.http.wire - http-outgoing-9 >> "POST /api/switchcentral/finan/transferencia HTTP/1.1[\r][\n]"
14:14:43.911 [main] DEBUG org.apache.http.wire - http-outgoing-9 >> "Content-Type: application/json; charset=UTF-8[\r][\n]"
14:14:43.911 [main] DEBUG org.apache.http.wire - http-outgoing-9 >> "Authorization: Bearer eyJhbGciOiJSUzI1NiIsInR5cCIgOiAiSldUIiwia2lkIiA6ICI2dUJWTkN6VlViUFBlTFdReEM0WDAyYVM3UnM2UGRYV1dja1dfc0xZMHlFIn0.eyJleHAiOjE3NjExNjA3NTAsImlhdCI6MTc2MTE2MDQ1MCwianRpIjoidHJydGNjOjQ5Yjg0NDVjLTgzYTAtMjI4Ni02NDczLWE2ZGEzOTBhOWQ0YSIsImlzcyI6Imh0dHBzOi8vYXV0ZW50aWNhY2lvbnFhLmNvb25lY3RhLmNvbS5lYy9hdXRoL3JlYWxtcy9QQU5BUEFZIiwiYXVkIjoiYWNjb3VudCIsInN1YiI6Ijk5OGMyZmUwLTJjOGYtNGQwNC1iZjExLWY1OWExZTM5ODg3MyIsInR5cCI6IkJlYXJlciIsImF6cCI6IjAyMDVjYiIsImFjciI6IjEiLCJhbGxvd2VkLW9yaWdpbnMiOlsiLyoiXSwicmVhbG1fYWNjZXNzIjp7InJvbGVzIjpbImRlZmF1bHQtcm9sZXMtYWRtaW5wYW5hcGF5Iiwib2ZmbGluZV9hY2Nlc3MiLCJ1bWFfYXV0aG9yaXphdGlvbiJdfSwicmVzb3VyY2VfYWNjZXNzIjp7IjAyMDVjYiI6eyJyb2xlcyI6WyJ1bWFfcHJvdGVjdGlvbiJdfSwiYWNjb3VudCI6eyJyb2xlcyI6WyJtYW5hZ2UtYWNjb3VudCIsIm1hbmFnZS1hY2NvdW50LWxpbmtzIiwidmlldy1wcm9maWxlIl19fSwic2NvcGUiOiJwcm9maWxlIGVtYWlsIiwiZW1haWxfdmVyaWZpZWQiOmZhbHNlLCJjbGllbnRIb3N0IjoiMTAuMTAuMTAuMTUxIiwicHJlZmVycmVkX3VzZXJuYW1lIjoic2VydmljZS1hY2NvdW50LTAyMDVjYiIsImNsaWVudEFkZHJlc3MiOiIxMC4xMC4xMC4xNTEiLCJjbGllbnRfaWQiOiIwMjA1Y2IifQ.bATUogohrEqy7Voa4mFnsBzOnGy6tnjZGh_lOYRn-0hWXMY_fz-280nTu2Vv68eO3HeoewtWlt45S_iLI2-ml3pqpAlt3DXWVmLvVHw6d7TICHBfQsa0jGXMexKnyar7EinrVhF3deSK25Ap_ajC_82EvVvXrVG-7p9F1dEdq39y2R72JympejF5uhY_z_jNmqJSsnLEZVOo3WMJn76u9tTcYVIldC5uWGFWbPGEhvWPx4ZGpsuq_wrPOGdRmyJDFJPJl7LnLGHK0DBhuVtJUq_NFQkMus2fTTf_mWhRnoqNU-wUCS-fxMs6QusGzIVd-C3O29J3rerHTrGg21LAsQ[\r][\n]"
14:14:43.911 [main] DEBUG org.apache.http.wire - http-outgoing-9 >> "Content-Length: 516[\r][\n]"
14:14:43.911 [main] DEBUG org.apache.http.wire - http-outgoing-9 >> "Host: apipanapayqa.coonecta.com.ec[\r][\n]"
14:14:43.911 [main] DEBUG org.apache.http.wire - http-outgoing-9 >> "Connection: Keep-Alive[\r][\n]"
14:14:43.911 [main] DEBUG org.apache.http.wire - http-outgoing-9 >> "User-Agent: Apache-HttpClient/4.5.14 (Java/17.0.12)[\r][\n]"
14:14:43.911 [main] DEBUG org.apache.http.wire - http-outgoing-9 >> "Accept-Encoding: gzip,deflate[\r][\n]"
14:14:43.911 [main] DEBUG org.apache.http.wire - http-outgoing-9 >> "[\r][\n]"
14:14:43.913 [main] DEBUG org.apache.http.wire - http-outgoing-9 >> "{"GrpHdr":{"msgId":"02052025102231912219681","creDtTm":"2025-10-22T14:14:43","nbOfTxs":1,"sttlmInf":{"sttlmMtd":"INGA"},"instgAgt":{"finInstnId":"0205"},"InstdAgt":{"FinInstnId":"0205"},"Mge":{"Type":"acmt.998.321.01"},"ChnlId":"APP"},"CdtTrfTxInf":{"PmtId":{"EndToEndId":"02052025102299017"},"IntrBkSttlmAmt":{"Amt":15000.75,"Ccy":"USD"},"DbtrAcctId":{"IBAN":"EC5002051000000000020501052673"},"CdtrAcctId":{"IBAN":"EC0402051000000000020101002318"},"Prtry":{"CustRef":"QA22","ChanRef":"TERM001","AgtRef":"AGT0002"}}}"
14:14:45.352 [main] DEBUG org.apache.http.wire - http-outgoing-9 << "HTTP/1.1 400 Bad Request[\r][\n]"
14:14:45.357 [main] DEBUG org.apache.http.wire - http-outgoing-9 << "Date: Wed, 22 Oct 2025 19:14:36 GMT[\r][\n]"
14:14:45.357 [main] DEBUG org.apache.http.wire - http-outgoing-9 << "Content-Type: application/json; charset=utf-8[\r][\n]"
14:14:45.357 [main] DEBUG org.apache.http.wire - http-outgoing-9 << "Transfer-Encoding: chunked[\r][\n]"
14:14:45.357 [main] DEBUG org.apache.http.wire - http-outgoing-9 << "Connection: keep-alive[\r][\n]"
14:14:45.357 [main] DEBUG org.apache.http.wire - http-outgoing-9 << "Server: Kestrel[\r][\n]"
14:14:45.357 [main] DEBUG org.apache.http.wire - http-outgoing-9 << "Set-Cookie: ARRAffinity=135f536e0d078a815c3b83fda3468ab8a3a2abc604a35eefb28648d3961cfa9b;Path=/;HttpOnly;Secure;Domain=app-apipanapay-qa.azurewebsites.net[\r][\n]"
14:14:45.357 [main] DEBUG org.apache.http.wire - http-outgoing-9 << "Set-Cookie: ARRAffinitySameSite=135f536e0d078a815c3b83fda3468ab8a3a2abc604a35eefb28648d3961cfa9b;Path=/;HttpOnly;SameSite=None;Secure;Domain=app-apipanapay-qa.azurewebsites.net[\r][\n]"
14:14:45.357 [main] DEBUG org.apache.http.wire - http-outgoing-9 << "Request-Context: appId=cid-v1:a7a77847-2713-450f-9030-b350a2d54a28[\r][\n]"
14:14:45.357 [main] DEBUG org.apache.http.wire - http-outgoing-9 << "X-Powered-By: ASP.NET[\r][\n]"
14:14:45.357 [main] DEBUG org.apache.http.wire - http-outgoing-9 << "X-ARR-ClientCert: -----BEGIN%20CERTIFICATE-----%0AMIIEHDCCAgSgAwIBAgIUZIZBO0fb7VZ4KXrs01S4RYbWyJ8wDQYJKoZIhvcNAQEL%0ABQAwJTEjMCEGA1UEAwwacm9vdGNlcnQuY2JpYmxpYW4uaW50ZXJuYWwwHhcNMjUw%0AODEzMTMyNTU5WhcNMjgwODEyMTMyNTU5WjAnMSUwIwYDVQQDDBxjbGllbnRjZXJ0%0ALmNiaWJsaWFuLmludGVybmFsMIIBIjANBgkqhkiG9w0BAQEFAAOCAQ8AMIIBCgKC%0AAQEAskUDap6NmyYq8RT6F7z3DpZGQiflNQTvUT84TmxsKXEBRAkgINnkJqgKkd7f%0ASEybzqglQTbr4s41lCiPsy3X66qYjU2L%2Bojhni%2BOCVOX7n3JBYovL%2FqfMP3%2FkhZP%0AQIlK%2FQWPcrnl39fYkGOQv%2BYqoCGEPzGkib2m1Ma5Q1HOCKh1ErMjqTLGy%2ByJj6JY%0AiZvMx3YrJSvjUS0uKpNwxPtGyiexRfKsmR%2FHqPzRHa0iY%2B752KSgUedwJPv1Wod%2B%0AY9BMAMIdU25UtkUEsaOYtorGWDaZSn2Bl0LYmP87kjcYypnHx0jtPtUCXfVHrE6u%0AZnDRFYsZbeXylY3mJkyOL2DzZwIDAQABo0IwQDAdBgNVHQ4EFgQURPhJwTAcUWUp%0ArOqQO68P%2FbJoqjMwHwYDVR0jBBgwFoAU7GdlxoSeEXucEXhjadHRC9xzS0UwDQYJ%0AKoZIhvcNAQELBQADggIBAGTnlyF2n%2F6s9phYbO8V17niO0BXB62ToX6gPhcw9f3y%0AhMui6RnrM1oiHlBWqZquCqYJ5ETvYJE1RqvoqtGysxCnIj0OTJHV4WtF3SHsd1Tu%0ATg%2B%2FUnGivtBTDQxj9sbAtCaSYRBqPByP8jvSTDgXR1mgOrEGjr2PZdZSoKLj4OHi%0A9UCMJw7pJsyA4lbroKshQTYv5Ks5SqtJpdp0%2BUX0UUlbPJqXiadfbKdoXvEgcwbP%0ACqR9v7kGYmNxfaGLNGVrV%2BnLawIDmdYXJE%2F4WJh6sHfiZxEsE%2BB4PoKADrb1Eapt%0AnSdHUgRfc0i5f2lcmErnU8nCMO5TWdHFOgpYwTS8w17FhNFZpaSmyZKM7uHcUs7y%0AUbuiQtdXocfSSMf%2FeycBEU%2FHAVIWQEqY%2BbJdC0q%2FR%2BsESeBtXd4IEIxR0QfgscGk%0AJyCSFC8z%2FvCgrRsH5rePqKO7%2FLAsDTP4GIQNFNfF4Wh6bsPXuJmvvoMcnmy%2F58Wo%0AE0XaG8UPHVAeyEmhncdM32E7SJbR91aRr2CkV23OoUz%2BwKG2%2FuObHmAkuMkCbbcz%0AJQoC7DZg5FGw%2BZR7v1DIBct5QNJQ8bG%2FXGRxjWC6dU7jrGhOF1X%2B2YYcdx9XnwyM%0A9YPxUy5bVfMhIiKP2wEso5fjOZ4RTvnB5R6zD3maJK%2FtZAXVhtyqXSkBYFi4MvEs%0A-----END%20CERTIFICATE-----%0A[\r][\n]"
14:14:45.357 [main] DEBUG org.apache.http.wire - http-outgoing-9 << "[\r][\n]"
14:14:45.357 [main] DEBUG org.apache.http.wire - http-outgoing-9 << "1e2[\r][\n]"
14:14:45.357 [main] DEBUG org.apache.http.wire - http-outgoing-9 << "{"GrpHdr":{"MsgId":"000020251022020362","CreDtTm":"2025-10-22T14:14:36","NbOfTxs":1,"SttlmInf":{"SttlmMtd":"INGA"},"InstgAgt":{"FinInstnId":"0205"},"InstdAgt":{"FinInstnId":"0205"},"Mge":{"Type":"acmt.998.322.001"},"ChnlId":"APP"},"CdtTrfTxInf":{"OrgnGrpInf":{"OrgnlMsgId":"02052025102231912219681","OrgnlMgeType":"acmt.998.321.01","OrgnlCreDtTm":"2025-10-22T14:14:43"},"TxSts":"ERR","Rsn":{"RsnCd":"AM02","AddtlInf":"El monto excede el m[0xc3][0xa1]ximo permitido."},"SttlmDt":"2025-10-22"}}[\r][\n]"
14:14:45.357 [main] DEBUG org.apache.http.wire - http-outgoing-9 << "0[\r][\n]"
14:14:45.357 [main] DEBUG org.apache.http.wire - http-outgoing-9 << "[\r][\n]"
14:14:45.357 [main] DEBUG org.apache.http.headers - http-outgoing-9 << HTTP/1.1 400 Bad Request
14:14:45.357 [main] DEBUG org.apache.http.headers - http-outgoing-9 << Date: Wed, 22 Oct 2025 19:14:36 GMT
14:14:45.357 [main] DEBUG org.apache.http.headers - http-outgoing-9 << Content-Type: application/json; charset=utf-8
14:14:45.357 [main] DEBUG org.apache.http.headers - http-outgoing-9 << Transfer-Encoding: chunked
14:14:45.357 [main] DEBUG org.apache.http.headers - http-outgoing-9 << Connection: keep-alive
14:14:45.357 [main] DEBUG org.apache.http.headers - http-outgoing-9 << Server: Kestrel
14:14:45.357 [main] DEBUG org.apache.http.headers - http-outgoing-9 << Set-Cookie: ARRAffinity=135f536e0d078a815c3b83fda3468ab8a3a2abc604a35eefb28648d3961cfa9b;Path=/;HttpOnly;Secure;Domain=app-apipanapay-qa.azurewebsites.net
14:14:45.357 [main] DEBUG org.apache.http.headers - http-outgoing-9 << Set-Cookie: ARRAffinitySameSite=135f536e0d078a815c3b83fda3468ab8a3a2abc604a35eefb28648d3961cfa9b;Path=/;HttpOnly;SameSite=None;Secure;Domain=app-apipanapay-qa.azurewebsites.net
14:14:45.357 [main] DEBUG org.apache.http.headers - http-outgoing-9 << Request-Context: appId=cid-v1:a7a77847-2713-450f-9030-b350a2d54a28
14:14:45.357 [main] DEBUG org.apache.http.headers - http-outgoing-9 << X-Powered-By: ASP.NET
14:14:45.357 [main] DEBUG org.apache.http.headers - http-outgoing-9 << X-ARR-ClientCert: -----BEGIN%20CERTIFICATE-----%0AMIIEHDCCAgSgAwIBAgIUZIZBO0fb7VZ4KXrs01S4RYbWyJ8wDQYJKoZIhvcNAQEL%0ABQAwJTEjMCEGA1UEAwwacm9vdGNlcnQuY2JpYmxpYW4uaW50ZXJuYWwwHhcNMjUw%0AODEzMTMyNTU5WhcNMjgwODEyMTMyNTU5WjAnMSUwIwYDVQQDDBxjbGllbnRjZXJ0%0ALmNiaWJsaWFuLmludGVybmFsMIIBIjANBgkqhkiG9w0BAQEFAAOCAQ8AMIIBCgKC%0AAQEAskUDap6NmyYq8RT6F7z3DpZGQiflNQTvUT84TmxsKXEBRAkgINnkJqgKkd7f%0ASEybzqglQTbr4s41lCiPsy3X66qYjU2L%2Bojhni%2BOCVOX7n3JBYovL%2FqfMP3%2FkhZP%0AQIlK%2FQWPcrnl39fYkGOQv%2BYqoCGEPzGkib2m1Ma5Q1HOCKh1ErMjqTLGy%2ByJj6JY%0AiZvMx3YrJSvjUS0uKpNwxPtGyiexRfKsmR%2FHqPzRHa0iY%2B752KSgUedwJPv1Wod%2B%0AY9BMAMIdU25UtkUEsaOYtorGWDaZSn2Bl0LYmP87kjcYypnHx0jtPtUCXfVHrE6u%0AZnDRFYsZbeXylY3mJkyOL2DzZwIDAQABo0IwQDAdBgNVHQ4EFgQURPhJwTAcUWUp%0ArOqQO68P%2FbJoqjMwHwYDVR0jBBgwFoAU7GdlxoSeEXucEXhjadHRC9xzS0UwDQYJ%0AKoZIhvcNAQELBQADggIBAGTnlyF2n%2F6s9phYbO8V17niO0BXB62ToX6gPhcw9f3y%0AhMui6RnrM1oiHlBWqZquCqYJ5ETvYJE1RqvoqtGysxCnIj0OTJHV4WtF3SHsd1Tu%0ATg%2B%2FUnGivtBTDQxj9sbAtCaSYRBqPByP8jvSTDgXR1mgOrEGjr2PZdZSoKLj4OHi%0A9UCMJw7pJsyA4lbroKshQTYv5Ks5SqtJpdp0%2BUX0UUlbPJqXiadfbKdoXvEgcwbP%0ACqR9v7kGYmNxfaGLNGVrV%2BnLawIDmdYXJE%2F4WJh6sHfiZxEsE%2BB4PoKADrb1Eapt%0AnSdHUgRfc0i5f2lcmErnU8nCMO5TWdHFOgpYwTS8w17FhNFZpaSmyZKM7uHcUs7y%0AUbuiQtdXocfSSMf%2FeycBEU%2FHAVIWQEqY%2BbJdC0q%2FR%2BsESeBtXd4IEIxR0QfgscGk%0AJyCSFC8z%2FvCgrRsH5rePqKO7%2FLAsDTP4GIQNFNfF4Wh6bsPXuJmvvoMcnmy%2F58Wo%0AE0XaG8UPHVAeyEmhncdM32E7SJbR91aRr2CkV23OoUz%2BwKG2%2FuObHmAkuMkCbbcz%0AJQoC7DZg5FGw%2BZR7v1DIBct5QNJQ8bG%2FXGRxjWC6dU7jrGhOF1X%2B2YYcdx9XnwyM%0A9YPxUy5bVfMhIiKP2wEso5fjOZ4RTvnB5R6zD3maJK%2FtZAXVhtyqXSkBYFi4MvEs%0A-----END%20CERTIFICATE-----%0A
14:14:45.357 [main] DEBUG org.apache.http.impl.execchain.MainClientExec - Connection can be kept alive indefinitely
14:14:45.357 [main] DEBUG org.apache.http.client.protocol.ResponseProcessCookies - Cookie accepted [ARRAffinity="135f536e0d078a815c3b83fda3468ab8a3a2abc604a35eefb28648d3961cfa9b", version:0, domain:app-apipanapay-qa.azurewebsites.net, path:/, expiry:null]
14:14:45.357 [main] DEBUG org.apache.http.client.protocol.ResponseProcessCookies - Cookie accepted [ARRAffinitySameSite="135f536e0d078a815c3b83fda3468ab8a3a2abc604a35eefb28648d3961cfa9b", version:0, domain:app-apipanapay-qa.azurewebsites.net, path:/, expiry:null]
14:14:45.357 [main] DEBUG org.apache.http.impl.conn.PoolingHttpClientConnectionManager - Connection [id: 9][route: {s}->https://apipanapayqa.coonecta.com.ec:443][state: CN=clientcert.cbiblian.internal] can be kept alive indefinitely
14:14:45.357 [main] DEBUG org.apache.http.impl.conn.DefaultManagedHttpClientConnection - http-outgoing-9: set socket timeout to 0
14:14:45.357 [main] DEBUG org.apache.http.impl.conn.PoolingHttpClientConnectionManager - Connection released: [id: 9][route: {s}->https://apipanapayqa.coonecta.com.ec:443][state: CN=clientcert.cbiblian.internal][total available: 1; route allocated: 1 of 5; total allocated: 1 of 10]
14:14:45.357 [main] DEBUG org.apache.http.impl.conn.PoolingHttpClientConnectionManager - Connection manager is shutting down
14:14:45.357 [main] DEBUG org.apache.http.impl.conn.DefaultManagedHttpClientConnection - http-outgoing-9: Close connection
14:14:45.357 [main] DEBUG org.apache.http.impl.conn.PoolingHttpClientConnectionManager - Connection manager shut down
14:14:45.357 [main] DEBUG com.intuit.karate - response time in milliseconds: 1733
1 < 400
1 < Date: Wed, 22 Oct 2025 19:14:36 GMT
1 < Content-Type: application/json; charset=utf-8
1 < Transfer-Encoding: chunked
1 < Connection: keep-alive
1 < Server: Kestrel
1 < Set-Cookie: ARRAffinity=135f536e0d078a815c3b83fda3468ab8a3a2abc604a35eefb28648d3961cfa9b;Path=/;HttpOnly;Secure;Domain=app-apipanapay-qa.azurewebsites.net
1 < Set-Cookie: ARRAffinitySameSite=135f536e0d078a815c3b83fda3468ab8a3a2abc604a35eefb28648d3961cfa9b;Path=/;HttpOnly;SameSite=None;Secure;Domain=app-apipanapay-qa.azurewebsites.net
1 < Request-Context: appId=cid-v1:a7a77847-2713-450f-9030-b350a2d54a28
1 < X-Powered-By: ASP.NET
1 < X-ARR-ClientCert: -----BEGIN%20CERTIFICATE-----%0AMIIEHDCCAgSgAwIBAgIUZIZBO0fb7VZ4KXrs01S4RYbWyJ8wDQYJKoZIhvcNAQEL%0ABQAwJTEjMCEGA1UEAwwacm9vdGNlcnQuY2JpYmxpYW4uaW50ZXJuYWwwHhcNMjUw%0AODEzMTMyNTU5WhcNMjgwODEyMTMyNTU5WjAnMSUwIwYDVQQDDBxjbGllbnRjZXJ0%0ALmNiaWJsaWFuLmludGVybmFsMIIBIjANBgkqhkiG9w0BAQEFAAOCAQ8AMIIBCgKC%0AAQEAskUDap6NmyYq8RT6F7z3DpZGQiflNQTvUT84TmxsKXEBRAkgINnkJqgKkd7f%0ASEybzqglQTbr4s41lCiPsy3X66qYjU2L%2Bojhni%2BOCVOX7n3JBYovL%2FqfMP3%2FkhZP%0AQIlK%2FQWPcrnl39fYkGOQv%2BYqoCGEPzGkib2m1Ma5Q1HOCKh1ErMjqTLGy%2ByJj6JY%0AiZvMx3YrJSvjUS0uKpNwxPtGyiexRfKsmR%2FHqPzRHa0iY%2B752KSgUedwJPv1Wod%2B%0AY9BMAMIdU25UtkUEsaOYtorGWDaZSn2Bl0LYmP87kjcYypnHx0jtPtUCXfVHrE6u%0AZnDRFYsZbeXylY3mJkyOL2DzZwIDAQABo0IwQDAdBgNVHQ4EFgQURPhJwTAcUWUp%0ArOqQO68P%2FbJoqjMwHwYDVR0jBBgwFoAU7GdlxoSeEXucEXhjadHRC9xzS0UwDQYJ%0AKoZIhvcNAQELBQADggIBAGTnlyF2n%2F6s9phYbO8V17niO0BXB62ToX6gPhcw9f3y%0AhMui6RnrM1oiHlBWqZquCqYJ5ETvYJE1RqvoqtGysxCnIj0OTJHV4WtF3SHsd1Tu%0ATg%2B%2FUnGivtBTDQxj9sbAtCaSYRBqPByP8jvSTDgXR1mgOrEGjr2PZdZSoKLj4OHi%0A9UCMJw7pJsyA4lbroKshQTYv5Ks5SqtJpdp0%2BUX0UUlbPJqXiadfbKdoXvEgcwbP%0ACqR9v7kGYmNxfaGLNGVrV%2BnLawIDmdYXJE%2F4WJh6sHfiZxEsE%2BB4PoKADrb1Eapt%0AnSdHUgRfc0i5f2lcmErnU8nCMO5TWdHFOgpYwTS8w17FhNFZpaSmyZKM7uHcUs7y%0AUbuiQtdXocfSSMf%2FeycBEU%2FHAVIWQEqY%2BbJdC0q%2FR%2BsESeBtXd4IEIxR0QfgscGk%0AJyCSFC8z%2FvCgrRsH5rePqKO7%2FLAsDTP4GIQNFNfF4Wh6bsPXuJmvvoMcnmy%2F58Wo%0AE0XaG8UPHVAeyEmhncdM32E7SJbR91aRr2CkV23OoUz%2BwKG2%2FuObHmAkuMkCbbcz%0AJQoC7DZg5FGw%2BZR7v1DIBct5QNJQ8bG%2FXGRxjWC6dU7jrGhOF1X%2B2YYcdx9XnwyM%0A9YPxUy5bVfMhIiKP2wEso5fjOZ4RTvnB5R6zD3maJK%2FtZAXVhtyqXSkBYFi4MvEs%0A-----END%20CERTIFICATE-----%0A
{"GrpHdr":{"MsgId":"000020251022020362","CreDtTm":"2025-10-22T14:14:36","NbOfTxs":1,"SttlmInf":{"SttlmMtd":"INGA"},"InstgAgt":{"FinInstnId":"0205"},"InstdAgt":{"FinInstnId":"0205"},"Mge":{"Type":"acmt.998.322.001"},"ChnlId":"APP"},"CdtTrfTxInf":{"OrgnGrpInf":{"OrgnlMsgId":"02052025102231912219681","OrgnlMgeType":"acmt.998.321.01","OrgnlCreDtTm":"2025-10-22T14:14:43"},"TxSts":"ERR","Rsn":{"RsnCd":"AM02","AddtlInf":"El monto excede el máximo permitido."},"SttlmDt":"2025-10-22"}}

14:14:45.363 [main] ERROR com.intuit.karate - classpath:Transferencia.feature:273
Then match responseStatus in normalizedStatus
no step-definition method match found for: match responseStatus in normalizedStatus
classpath:Transferencia.feature:273
]]></system-out>
  </testcase>
  <testcase name="[10:277] Transferencia no exitosa, monto maximo entero por transaccion" classname="Transferencia" time="2.019">
    <failure message="no step-definition method match found for: match responseStatus in normalizedStatus&#10;classpath:Transferencia.feature:284" type="org.opentest4j.AssertionFailedError"><![CDATA[org.opentest4j.AssertionFailedError: 
no step-definition method match found for: match responseStatus in normalizedStatus
classpath:Transferencia.feature:284
	at org.junit.jupiter.api.AssertionUtils.fail(AssertionUtils.java:38)
	at org.junit.jupiter.api.Assertions.fail(Assertions.java:135)
	at com.intuit.karate.junit5.FeatureNode.lambda$next$1(FeatureNode.java:86)
	at org.junit.jupiter.engine.descriptor.DynamicTestTestDescriptor.lambda$execute$0(DynamicTestTestDescriptor.java:53)
	at org.junit.jupiter.engine.execution.InvocationInterceptorChain$ValidatingInvocation.proceed(InvocationInterceptorChain.java:131)
	at org.junit.jupiter.api.extension.InvocationInterceptor.interceptDynamicTest(InvocationInterceptor.java:167)
	at org.junit.jupiter.api.extension.InvocationInterceptor.interceptDynamicTest(InvocationInterceptor.java:184)
	at org.junit.jupiter.engine.descriptor.DynamicTestTestDescriptor.lambda$execute$1(DynamicTestTestDescriptor.java:61)
	at org.junit.jupiter.engine.execution.InvocationInterceptorChain$InterceptorCall.lambda$ofVoid$0(InvocationInterceptorChain.java:78)
	at org.junit.jupiter.engine.execution.InvocationInterceptorChain$InterceptedInvocation.proceed(InvocationInterceptorChain.java:106)
	at org.junit.jupiter.engine.execution.InvocationInterceptorChain.proceed(InvocationInterceptorChain.java:64)
	at org.junit.jupiter.engine.execution.InvocationInterceptorChain.chainAndInvoke(InvocationInterceptorChain.java:45)
	at org.junit.jupiter.engine.execution.InvocationInterceptorChain.invoke(InvocationInterceptorChain.java:37)
	at org.junit.jupiter.engine.descriptor.DynamicTestTestDescriptor.execute(DynamicTestTestDescriptor.java:60)
	at org.junit.jupiter.engine.descriptor.DynamicTestTestDescriptor.execute(DynamicTestTestDescriptor.java:32)
	at org.junit.platform.engine.support.hierarchical.NodeTestTask.lambda$executeRecursively$6(NodeTestTask.java:151)
	at org.junit.platform.engine.support.hierarchical.ThrowableCollector.execute(ThrowableCollector.java:73)
	at org.junit.platform.engine.support.hierarchical.NodeTestTask.lambda$executeRecursively$8(NodeTestTask.java:141)
	at org.junit.platform.engine.support.hierarchical.Node.around(Node.java:137)
	at org.junit.platform.engine.support.hierarchical.NodeTestTask.lambda$executeRecursively$9(NodeTestTask.java:139)
	at org.junit.platform.engine.support.hierarchical.ThrowableCollector.execute(ThrowableCollector.java:73)
	at org.junit.platform.engine.support.hierarchical.NodeTestTask.executeRecursively(NodeTestTask.java:138)
	at org.junit.platform.engine.support.hierarchical.NodeTestTask.execute(NodeTestTask.java:95)
	at org.junit.platform.engine.support.hierarchical.SameThreadHierarchicalTestExecutorService.submit(SameThreadHierarchicalTestExecutorService.java:35)
	at org.junit.platform.engine.support.hierarchical.NodeTestTask$DefaultDynamicTestExecutor.execute(NodeTestTask.java:226)
	at org.junit.platform.engine.support.hierarchical.NodeTestTask$DefaultDynamicTestExecutor.execute(NodeTestTask.java:204)
	at java.base/java.util.stream.ForEachOps$ForEachOp$OfRef.accept(ForEachOps.java:183)
	at java.base/java.util.stream.ReferencePipeline$3$1.accept(ReferencePipeline.java:197)
	at java.base/java.util.stream.ReferencePipeline$2$1.accept(ReferencePipeline.java:179)
	at java.base/java.util.stream.ReferencePipeline$3$1.accept(ReferencePipeline.java:197)
	at java.base/java.util.Iterator.forEachRemaining(Iterator.java:133)
	at java.base/java.util.Spliterators$IteratorSpliterator.forEachRemaining(Spliterators.java:1845)
	at java.base/java.util.stream.AbstractPipeline.copyInto(AbstractPipeline.java:509)
	at java.base/java.util.stream.AbstractPipeline.wrapAndCopyInto(AbstractPipeline.java:499)
	at java.base/java.util.stream.ForEachOps$ForEachOp.evaluateSequential(ForEachOps.java:150)
	at java.base/java.util.stream.ForEachOps$ForEachOp$OfRef.evaluateSequential(ForEachOps.java:173)
	at java.base/java.util.stream.AbstractPipeline.evaluate(AbstractPipeline.java:234)
	at java.base/java.util.stream.ReferencePipeline.forEachOrdered(ReferencePipeline.java:601)
	at org.junit.jupiter.engine.descriptor.DynamicContainerTestDescriptor.execute(DynamicContainerTestDescriptor.java:67)
	at org.junit.jupiter.engine.descriptor.DynamicContainerTestDescriptor.execute(DynamicContainerTestDescriptor.java:33)
	at org.junit.platform.engine.support.hierarchical.NodeTestTask.lambda$executeRecursively$6(NodeTestTask.java:151)
	at org.junit.platform.engine.support.hierarchical.ThrowableCollector.execute(ThrowableCollector.java:73)
	at org.junit.platform.engine.support.hierarchical.NodeTestTask.lambda$executeRecursively$8(NodeTestTask.java:141)
	at org.junit.platform.engine.support.hierarchical.Node.around(Node.java:137)
	at org.junit.platform.engine.support.hierarchical.NodeTestTask.lambda$executeRecursively$9(NodeTestTask.java:139)
	at org.junit.platform.engine.support.hierarchical.ThrowableCollector.execute(ThrowableCollector.java:73)
	at org.junit.platform.engine.support.hierarchical.NodeTestTask.executeRecursively(NodeTestTask.java:138)
	at org.junit.platform.engine.support.hierarchical.NodeTestTask.execute(NodeTestTask.java:95)
	at org.junit.platform.engine.support.hierarchical.SameThreadHierarchicalTestExecutorService.submit(SameThreadHierarchicalTestExecutorService.java:35)
	at org.junit.platform.engine.support.hierarchical.NodeTestTask$DefaultDynamicTestExecutor.execute(NodeTestTask.java:226)
	at org.junit.platform.engine.support.hierarchical.NodeTestTask$DefaultDynamicTestExecutor.execute(NodeTestTask.java:204)
	at java.base/java.util.Optional.ifPresent(Optional.java:178)
	at org.junit.jupiter.engine.descriptor.TestFactoryTestDescriptor.lambda$invokeTestMethod$1(TestFactoryTestDescriptor.java:108)
	at org.junit.platform.engine.support.hierarchical.ThrowableCollector.execute(ThrowableCollector.java:73)
	at org.junit.jupiter.engine.descriptor.TestFactoryTestDescriptor.invokeTestMethod(TestFactoryTestDescriptor.java:95)
	at org.junit.jupiter.engine.descriptor.TestMethodTestDescriptor.execute(TestMethodTestDescriptor.java:138)
	at org.junit.jupiter.engine.descriptor.TestMethodTestDescriptor.execute(TestMethodTestDescriptor.java:68)
	at org.junit.platform.engine.support.hierarchical.NodeTestTask.lambda$executeRecursively$6(NodeTestTask.java:151)
	at org.junit.platform.engine.support.hierarchical.ThrowableCollector.execute(ThrowableCollector.java:73)
	at org.junit.platform.engine.support.hierarchical.NodeTestTask.lambda$executeRecursively$8(NodeTestTask.java:141)
	at org.junit.platform.engine.support.hierarchical.Node.around(Node.java:137)
	at org.junit.platform.engine.support.hierarchical.NodeTestTask.lambda$executeRecursively$9(NodeTestTask.java:139)
	at org.junit.platform.engine.support.hierarchical.ThrowableCollector.execute(ThrowableCollector.java:73)
	at org.junit.platform.engine.support.hierarchical.NodeTestTask.executeRecursively(NodeTestTask.java:138)
	at org.junit.platform.engine.support.hierarchical.NodeTestTask.execute(NodeTestTask.java:95)
	at java.base/java.util.ArrayList.forEach(ArrayList.java:1511)
	at org.junit.platform.engine.support.hierarchical.SameThreadHierarchicalTestExecutorService.invokeAll(SameThreadHierarchicalTestExecutorService.java:41)
	at org.junit.platform.engine.support.hierarchical.NodeTestTask.lambda$executeRecursively$6(NodeTestTask.java:155)
	at org.junit.platform.engine.support.hierarchical.ThrowableCollector.execute(ThrowableCollector.java:73)
	at org.junit.platform.engine.support.hierarchical.NodeTestTask.lambda$executeRecursively$8(NodeTestTask.java:141)
	at org.junit.platform.engine.support.hierarchical.Node.around(Node.java:137)
	at org.junit.platform.engine.support.hierarchical.NodeTestTask.lambda$executeRecursively$9(NodeTestTask.java:139)
	at org.junit.platform.engine.support.hierarchical.ThrowableCollector.execute(ThrowableCollector.java:73)
	at org.junit.platform.engine.support.hierarchical.NodeTestTask.executeRecursively(NodeTestTask.java:138)
	at org.junit.platform.engine.support.hierarchical.NodeTestTask.execute(NodeTestTask.java:95)
	at java.base/java.util.ArrayList.forEach(ArrayList.java:1511)
	at org.junit.platform.engine.support.hierarchical.SameThreadHierarchicalTestExecutorService.invokeAll(SameThreadHierarchicalTestExecutorService.java:41)
	at org.junit.platform.engine.support.hierarchical.NodeTestTask.lambda$executeRecursively$6(NodeTestTask.java:155)
	at org.junit.platform.engine.support.hierarchical.ThrowableCollector.execute(ThrowableCollector.java:73)
	at org.junit.platform.engine.support.hierarchical.NodeTestTask.lambda$executeRecursively$8(NodeTestTask.java:141)
	at org.junit.platform.engine.support.hierarchical.Node.around(Node.java:137)
	at org.junit.platform.engine.support.hierarchical.NodeTestTask.lambda$executeRecursively$9(NodeTestTask.java:139)
	at org.junit.platform.engine.support.hierarchical.ThrowableCollector.execute(ThrowableCollector.java:73)
	at org.junit.platform.engine.support.hierarchical.NodeTestTask.executeRecursively(NodeTestTask.java:138)
	at org.junit.platform.engine.support.hierarchical.NodeTestTask.execute(NodeTestTask.java:95)
	at org.junit.platform.engine.support.hierarchical.SameThreadHierarchicalTestExecutorService.submit(SameThreadHierarchicalTestExecutorService.java:35)
	at org.junit.platform.engine.support.hierarchical.HierarchicalTestExecutor.execute(HierarchicalTestExecutor.java:57)
	at org.junit.platform.engine.support.hierarchical.HierarchicalTestEngine.execute(HierarchicalTestEngine.java:54)
	at org.junit.platform.launcher.core.EngineExecutionOrchestrator.execute(EngineExecutionOrchestrator.java:147)
	at org.junit.platform.launcher.core.EngineExecutionOrchestrator.execute(EngineExecutionOrchestrator.java:127)
	at org.junit.platform.launcher.core.EngineExecutionOrchestrator.execute(EngineExecutionOrchestrator.java:90)
	at org.junit.platform.launcher.core.EngineExecutionOrchestrator.lambda$execute$0(EngineExecutionOrchestrator.java:55)
	at org.junit.platform.launcher.core.EngineExecutionOrchestrator.withInterceptedStreams(EngineExecutionOrchestrator.java:102)
	at org.junit.platform.launcher.core.EngineExecutionOrchestrator.execute(EngineExecutionOrchestrator.java:54)
	at org.junit.platform.launcher.core.DefaultLauncher.execute(DefaultLauncher.java:114)
	at org.junit.platform.launcher.core.DefaultLauncher.execute(DefaultLauncher.java:86)
	at org.junit.platform.launcher.core.DefaultLauncherSession$DelegatingLauncher.execute(DefaultLauncherSession.java:86)
	at org.apache.maven.surefire.junitplatform.LazyLauncher.execute(LazyLauncher.java:56)
	at org.apache.maven.surefire.junitplatform.JUnitPlatformProvider.execute(JUnitPlatformProvider.java:184)
	at org.apache.maven.surefire.junitplatform.JUnitPlatformProvider.invokeAllTests(JUnitPlatformProvider.java:148)
	at org.apache.maven.surefire.junitplatform.JUnitPlatformProvider.invoke(JUnitPlatformProvider.java:122)
	at org.apache.maven.surefire.booter.ForkedBooter.runSuitesInProcess(ForkedBooter.java:385)
	at org.apache.maven.surefire.booter.ForkedBooter.execute(ForkedBooter.java:162)
	at org.apache.maven.surefire.booter.ForkedBooter.run(ForkedBooter.java:507)
	at org.apache.maven.surefire.booter.ForkedBooter.main(ForkedBooter.java:495)
]]></failure>
    <system-out><![CDATA[14:14:45.382 [main] DEBUG com.intuit.karate - key store key count for classpath:certificado/clientcert.cbiblian.internal 1.pfx: 1
14:14:45.398 [main] DEBUG com.jayway.jsonpath.internal.path.CompiledPath - Evaluating path: $
14:14:45.398 [main] DEBUG com.jayway.jsonpath.internal.path.CompiledPath - Evaluating path: $['Authorization']
14:14:45.398 [main] DEBUG com.jayway.jsonpath.internal.path.CompiledPath - Evaluating path: $
14:14:45.398 [main] DEBUG com.jayway.jsonpath.internal.path.CompiledPath - Evaluating path: $
14:14:45.398 [main] DEBUG com.jayway.jsonpath.internal.JsonContext - Put path $ key Authorization value {}
14:14:45.398 [main] DEBUG com.jayway.jsonpath.internal.path.CompiledPath - Evaluating path: $
14:14:45.398 [main] DEBUG com.jayway.jsonpath.internal.JsonContext - Put path $ key Authorization value Bearer eyJhbGciOiJSUzI1NiIsInR5cCIgOiAiSldUIiwia2lkIiA6ICI2dUJWTkN6VlViUFBlTFdReEM0WDAyYVM3UnM2UGRYV1dja1dfc0xZMHlFIn0.eyJleHAiOjE3NjExNjA3NTAsImlhdCI6MTc2MTE2MDQ1MCwianRpIjoidHJydGNjOjQ5Yjg0NDVjLTgzYTAtMjI4Ni02NDczLWE2ZGEzOTBhOWQ0YSIsImlzcyI6Imh0dHBzOi8vYXV0ZW50aWNhY2lvbnFhLmNvb25lY3RhLmNvbS5lYy9hdXRoL3JlYWxtcy9QQU5BUEFZIiwiYXVkIjoiYWNjb3VudCIsInN1YiI6Ijk5OGMyZmUwLTJjOGYtNGQwNC1iZjExLWY1OWExZTM5ODg3MyIsInR5cCI6IkJlYXJlciIsImF6cCI6IjAyMDVjYiIsImFjciI6IjEiLCJhbGxvd2VkLW9yaWdpbnMiOlsiLyoiXSwicmVhbG1fYWNjZXNzIjp7InJvbGVzIjpbImRlZmF1bHQtcm9sZXMtYWRtaW5wYW5hcGF5Iiwib2ZmbGluZV9hY2Nlc3MiLCJ1bWFfYXV0aG9yaXphdGlvbiJdfSwicmVzb3VyY2VfYWNjZXNzIjp7IjAyMDVjYiI6eyJyb2xlcyI6WyJ1bWFfcHJvdGVjdGlvbiJdfSwiYWNjb3VudCI6eyJyb2xlcyI6WyJtYW5hZ2UtYWNjb3VudCIsIm1hbmFnZS1hY2NvdW50LWxpbmtzIiwidmlldy1wcm9maWxlIl19fSwic2NvcGUiOiJwcm9maWxlIGVtYWlsIiwiZW1haWxfdmVyaWZpZWQiOmZhbHNlLCJjbGllbnRIb3N0IjoiMTAuMTAuMTAuMTUxIiwicHJlZmVycmVkX3VzZXJuYW1lIjoic2VydmljZS1hY2NvdW50LTAyMDVjYiIsImNsaWVudEFkZHJlc3MiOiIxMC4xMC4xMC4xNTEiLCJjbGllbnRfaWQiOiIwMjA1Y2IifQ.bATUogohrEqy7Voa4mFnsBzOnGy6tnjZGh_lOYRn-0hWXMY_fz-280nTu2Vv68eO3HeoewtWlt45S_iLI2-ml3pqpAlt3DXWVmLvVHw6d7TICHBfQsa0jGXMexKnyar7EinrVhF3deSK25Ap_ajC_82EvVvXrVG-7p9F1dEdq39y2R72JympejF5uhY_z_jNmqJSsnLEZVOo3WMJn76u9tTcYVIldC5uWGFWbPGEhvWPx4ZGpsuq_wrPOGdRmyJDFJPJl7LnLGHK0DBhuVtJUq_NFQkMus2fTTf_mWhRnoqNU-wUCS-fxMs6QusGzIVd-C3O29J3rerHTrGg21LAsQ
14:14:45.398 [main] DEBUG com.jayway.jsonpath.internal.path.CompiledPath - Evaluating path: $
14:14:45.398 [main] DEBUG com.jayway.jsonpath.internal.path.CompiledPath - Evaluating path: $
14:14:45.406 [main] DEBUG org.apache.http.client.protocol.RequestAddCookies - CookieSpec selected: karate
14:14:45.406 [main] DEBUG org.apache.http.client.protocol.RequestAuthCache - Auth cache not set in the context
14:14:45.406 [main] DEBUG com.intuit.karate - request:
1 > POST https://apipanapayqa.coonecta.com.ec/api/switchcentral/finan/transferencia
1 > Content-Type: application/json; charset=UTF-8
1 > Authorization: Bearer eyJhbGciOiJSUzI1NiIsInR5cCIgOiAiSldUIiwia2lkIiA6ICI2dUJWTkN6VlViUFBlTFdReEM0WDAyYVM3UnM2UGRYV1dja1dfc0xZMHlFIn0.eyJleHAiOjE3NjExNjA3NTAsImlhdCI6MTc2MTE2MDQ1MCwianRpIjoidHJydGNjOjQ5Yjg0NDVjLTgzYTAtMjI4Ni02NDczLWE2ZGEzOTBhOWQ0YSIsImlzcyI6Imh0dHBzOi8vYXV0ZW50aWNhY2lvbnFhLmNvb25lY3RhLmNvbS5lYy9hdXRoL3JlYWxtcy9QQU5BUEFZIiwiYXVkIjoiYWNjb3VudCIsInN1YiI6Ijk5OGMyZmUwLTJjOGYtNGQwNC1iZjExLWY1OWExZTM5ODg3MyIsInR5cCI6IkJlYXJlciIsImF6cCI6IjAyMDVjYiIsImFjciI6IjEiLCJhbGxvd2VkLW9yaWdpbnMiOlsiLyoiXSwicmVhbG1fYWNjZXNzIjp7InJvbGVzIjpbImRlZmF1bHQtcm9sZXMtYWRtaW5wYW5hcGF5Iiwib2ZmbGluZV9hY2Nlc3MiLCJ1bWFfYXV0aG9yaXphdGlvbiJdfSwicmVzb3VyY2VfYWNjZXNzIjp7IjAyMDVjYiI6eyJyb2xlcyI6WyJ1bWFfcHJvdGVjdGlvbiJdfSwiYWNjb3VudCI6eyJyb2xlcyI6WyJtYW5hZ2UtYWNjb3VudCIsIm1hbmFnZS1hY2NvdW50LWxpbmtzIiwidmlldy1wcm9maWxlIl19fSwic2NvcGUiOiJwcm9maWxlIGVtYWlsIiwiZW1haWxfdmVyaWZpZWQiOmZhbHNlLCJjbGllbnRIb3N0IjoiMTAuMTAuMTAuMTUxIiwicHJlZmVycmVkX3VzZXJuYW1lIjoic2VydmljZS1hY2NvdW50LTAyMDVjYiIsImNsaWVudEFkZHJlc3MiOiIxMC4xMC4xMC4xNTEiLCJjbGllbnRfaWQiOiIwMjA1Y2IifQ.bATUogohrEqy7Voa4mFnsBzOnGy6tnjZGh_lOYRn-0hWXMY_fz-280nTu2Vv68eO3HeoewtWlt45S_iLI2-ml3pqpAlt3DXWVmLvVHw6d7TICHBfQsa0jGXMexKnyar7EinrVhF3deSK25Ap_ajC_82EvVvXrVG-7p9F1dEdq39y2R72JympejF5uhY_z_jNmqJSsnLEZVOo3WMJn76u9tTcYVIldC5uWGFWbPGEhvWPx4ZGpsuq_wrPOGdRmyJDFJPJl7LnLGHK0DBhuVtJUq_NFQkMus2fTTf_mWhRnoqNU-wUCS-fxMs6QusGzIVd-C3O29J3rerHTrGg21LAsQ
1 > Content-Length: 515
1 > Host: apipanapayqa.coonecta.com.ec
1 > Connection: Keep-Alive
1 > User-Agent: Apache-HttpClient/4.5.14 (Java/17.0.12)
1 > Accept-Encoding: gzip,deflate
{"GrpHdr":{"msgId":"02052025102291567638368","creDtTm":"2025-10-22T14:14:45","nbOfTxs":1,"sttlmInf":{"sttlmMtd":"INGA"},"instgAgt":{"finInstnId":"0205"},"InstdAgt":{"FinInstnId":"0205"},"Mge":{"Type":"acmt.998.321.01"},"ChnlId":"APP"},"CdtTrfTxInf":{"PmtId":{"EndToEndId":"02052025102200102"},"IntrBkSttlmAmt":{"Amt":20000.0,"Ccy":"USD"},"DbtrAcctId":{"IBAN":"EC5002051000000000020501052673"},"CdtrAcctId":{"IBAN":"EC0402051000000000020101002318"},"Prtry":{"CustRef":"QA22","ChanRef":"TERM001","AgtRef":"AGT0002"}}}

14:14:45.406 [main] DEBUG org.apache.http.impl.conn.PoolingHttpClientConnectionManager - Connection request: [route: {s}->https://apipanapayqa.coonecta.com.ec:443][total available: 0; route allocated: 0 of 5; total allocated: 0 of 10]
14:14:45.406 [main] DEBUG org.apache.http.impl.conn.PoolingHttpClientConnectionManager - Connection leased: [id: 10][route: {s}->https://apipanapayqa.coonecta.com.ec:443][total available: 0; route allocated: 1 of 5; total allocated: 1 of 10]
14:14:45.406 [main] DEBUG org.apache.http.impl.execchain.MainClientExec - Opening connection {s}->https://apipanapayqa.coonecta.com.ec:443
14:14:45.406 [main] DEBUG org.apache.http.impl.conn.DefaultHttpClientConnectionOperator - Connecting to apipanapayqa.coonecta.com.ec/10.1.0.133:443
14:14:45.406 [main] DEBUG org.apache.http.conn.ssl.SSLConnectionSocketFactory - Connecting socket to apipanapayqa.coonecta.com.ec/10.1.0.133:443 with timeout 30000
14:14:45.619 [main] DEBUG org.apache.http.conn.ssl.SSLConnectionSocketFactory - Enabled protocols: [TLSv1.3, TLSv1.2]
14:14:45.619 [main] DEBUG org.apache.http.conn.ssl.SSLConnectionSocketFactory - Enabled cipher suites:[TLS_AES_256_GCM_SHA384, TLS_AES_128_GCM_SHA256, TLS_CHACHA20_POLY1305_SHA256, TLS_ECDHE_ECDSA_WITH_AES_256_GCM_SHA384, TLS_ECDHE_ECDSA_WITH_AES_128_GCM_SHA256, TLS_ECDHE_ECDSA_WITH_CHACHA20_POLY1305_SHA256, TLS_ECDHE_RSA_WITH_AES_256_GCM_SHA384, TLS_ECDHE_RSA_WITH_CHACHA20_POLY1305_SHA256, TLS_ECDHE_RSA_WITH_AES_128_GCM_SHA256, TLS_DHE_RSA_WITH_AES_256_GCM_SHA384, TLS_DHE_RSA_WITH_CHACHA20_POLY1305_SHA256, TLS_DHE_DSS_WITH_AES_256_GCM_SHA384, TLS_DHE_RSA_WITH_AES_128_GCM_SHA256, TLS_DHE_DSS_WITH_AES_128_GCM_SHA256, TLS_ECDHE_ECDSA_WITH_AES_256_CBC_SHA384, TLS_ECDHE_RSA_WITH_AES_256_CBC_SHA384, TLS_ECDHE_ECDSA_WITH_AES_128_CBC_SHA256, TLS_ECDHE_RSA_WITH_AES_128_CBC_SHA256, TLS_DHE_RSA_WITH_AES_256_CBC_SHA256, TLS_DHE_DSS_WITH_AES_256_CBC_SHA256, TLS_DHE_RSA_WITH_AES_128_CBC_SHA256, TLS_DHE_DSS_WITH_AES_128_CBC_SHA256, TLS_ECDH_ECDSA_WITH_AES_256_GCM_SHA384, TLS_ECDH_RSA_WITH_AES_256_GCM_SHA384, TLS_ECDH_ECDSA_WITH_AES_128_GCM_SHA256, TLS_ECDH_RSA_WITH_AES_128_GCM_SHA256, TLS_ECDH_ECDSA_WITH_AES_256_CBC_SHA384, TLS_ECDH_RSA_WITH_AES_256_CBC_SHA384, TLS_ECDH_ECDSA_WITH_AES_128_CBC_SHA256, TLS_ECDH_RSA_WITH_AES_128_CBC_SHA256, TLS_ECDHE_ECDSA_WITH_AES_256_CBC_SHA, TLS_ECDHE_RSA_WITH_AES_256_CBC_SHA, TLS_ECDHE_ECDSA_WITH_AES_128_CBC_SHA, TLS_ECDHE_RSA_WITH_AES_128_CBC_SHA, TLS_DHE_RSA_WITH_AES_256_CBC_SHA, TLS_DHE_DSS_WITH_AES_256_CBC_SHA, TLS_DHE_RSA_WITH_AES_128_CBC_SHA, TLS_DHE_DSS_WITH_AES_128_CBC_SHA, TLS_ECDH_ECDSA_WITH_AES_256_CBC_SHA, TLS_ECDH_RSA_WITH_AES_256_CBC_SHA, TLS_ECDH_ECDSA_WITH_AES_128_CBC_SHA, TLS_ECDH_RSA_WITH_AES_128_CBC_SHA, TLS_RSA_WITH_AES_256_GCM_SHA384, TLS_RSA_WITH_AES_128_GCM_SHA256, TLS_RSA_WITH_AES_256_CBC_SHA256, TLS_RSA_WITH_AES_128_CBC_SHA256, TLS_RSA_WITH_AES_256_CBC_SHA, TLS_RSA_WITH_AES_128_CBC_SHA, TLS_EMPTY_RENEGOTIATION_INFO_SCSV]
14:14:45.619 [main] DEBUG org.apache.http.conn.ssl.SSLConnectionSocketFactory - Starting handshake
14:14:45.803 [main] DEBUG org.apache.http.conn.ssl.SSLConnectionSocketFactory - Secure session established
14:14:45.803 [main] DEBUG org.apache.http.conn.ssl.SSLConnectionSocketFactory -  negotiated protocol: TLSv1.3
14:14:45.803 [main] DEBUG org.apache.http.conn.ssl.SSLConnectionSocketFactory -  negotiated cipher suite: TLS_AES_256_GCM_SHA384
14:14:45.803 [main] DEBUG org.apache.http.conn.ssl.SSLConnectionSocketFactory -  peer principal: CN=apipanapayqa.coonecta.com.ec, O=Red Transaccional Cooperativa S.A. RTC, L=Quito, ST=Pichincha, C=EC
14:14:45.803 [main] DEBUG org.apache.http.conn.ssl.SSLConnectionSocketFactory -  peer alternative names: [apipanapayqa.coonecta.com.ec]
14:14:45.803 [main] DEBUG org.apache.http.conn.ssl.SSLConnectionSocketFactory -  issuer principal: CN=DigiCert Global G2 TLS RSA SHA256 2020 CA1, O=DigiCert Inc, C=US
14:14:45.803 [main] DEBUG org.apache.http.impl.conn.DefaultHttpClientConnectionOperator - Connection established 10.10.10.151:54139<->10.1.0.133:443
14:14:45.803 [main] DEBUG org.apache.http.impl.conn.DefaultManagedHttpClientConnection - http-outgoing-10: set socket timeout to 30000
14:14:45.803 [main] DEBUG org.apache.http.impl.execchain.MainClientExec - Executing request POST /api/switchcentral/finan/transferencia HTTP/1.1
14:14:45.803 [main] DEBUG org.apache.http.impl.execchain.MainClientExec - Proxy auth state: UNCHALLENGED
14:14:45.803 [main] DEBUG org.apache.http.headers - http-outgoing-10 >> POST /api/switchcentral/finan/transferencia HTTP/1.1
14:14:45.803 [main] DEBUG org.apache.http.headers - http-outgoing-10 >> Content-Type: application/json; charset=UTF-8
14:14:45.803 [main] DEBUG org.apache.http.headers - http-outgoing-10 >> Authorization: Bearer eyJhbGciOiJSUzI1NiIsInR5cCIgOiAiSldUIiwia2lkIiA6ICI2dUJWTkN6VlViUFBlTFdReEM0WDAyYVM3UnM2UGRYV1dja1dfc0xZMHlFIn0.eyJleHAiOjE3NjExNjA3NTAsImlhdCI6MTc2MTE2MDQ1MCwianRpIjoidHJydGNjOjQ5Yjg0NDVjLTgzYTAtMjI4Ni02NDczLWE2ZGEzOTBhOWQ0YSIsImlzcyI6Imh0dHBzOi8vYXV0ZW50aWNhY2lvbnFhLmNvb25lY3RhLmNvbS5lYy9hdXRoL3JlYWxtcy9QQU5BUEFZIiwiYXVkIjoiYWNjb3VudCIsInN1YiI6Ijk5OGMyZmUwLTJjOGYtNGQwNC1iZjExLWY1OWExZTM5ODg3MyIsInR5cCI6IkJlYXJlciIsImF6cCI6IjAyMDVjYiIsImFjciI6IjEiLCJhbGxvd2VkLW9yaWdpbnMiOlsiLyoiXSwicmVhbG1fYWNjZXNzIjp7InJvbGVzIjpbImRlZmF1bHQtcm9sZXMtYWRtaW5wYW5hcGF5Iiwib2ZmbGluZV9hY2Nlc3MiLCJ1bWFfYXV0aG9yaXphdGlvbiJdfSwicmVzb3VyY2VfYWNjZXNzIjp7IjAyMDVjYiI6eyJyb2xlcyI6WyJ1bWFfcHJvdGVjdGlvbiJdfSwiYWNjb3VudCI6eyJyb2xlcyI6WyJtYW5hZ2UtYWNjb3VudCIsIm1hbmFnZS1hY2NvdW50LWxpbmtzIiwidmlldy1wcm9maWxlIl19fSwic2NvcGUiOiJwcm9maWxlIGVtYWlsIiwiZW1haWxfdmVyaWZpZWQiOmZhbHNlLCJjbGllbnRIb3N0IjoiMTAuMTAuMTAuMTUxIiwicHJlZmVycmVkX3VzZXJuYW1lIjoic2VydmljZS1hY2NvdW50LTAyMDVjYiIsImNsaWVudEFkZHJlc3MiOiIxMC4xMC4xMC4xNTEiLCJjbGllbnRfaWQiOiIwMjA1Y2IifQ.bATUogohrEqy7Voa4mFnsBzOnGy6tnjZGh_lOYRn-0hWXMY_fz-280nTu2Vv68eO3HeoewtWlt45S_iLI2-ml3pqpAlt3DXWVmLvVHw6d7TICHBfQsa0jGXMexKnyar7EinrVhF3deSK25Ap_ajC_82EvVvXrVG-7p9F1dEdq39y2R72JympejF5uhY_z_jNmqJSsnLEZVOo3WMJn76u9tTcYVIldC5uWGFWbPGEhvWPx4ZGpsuq_wrPOGdRmyJDFJPJl7LnLGHK0DBhuVtJUq_NFQkMus2fTTf_mWhRnoqNU-wUCS-fxMs6QusGzIVd-C3O29J3rerHTrGg21LAsQ
14:14:45.803 [main] DEBUG org.apache.http.headers - http-outgoing-10 >> Content-Length: 515
14:14:45.803 [main] DEBUG org.apache.http.headers - http-outgoing-10 >> Host: apipanapayqa.coonecta.com.ec
14:14:45.803 [main] DEBUG org.apache.http.headers - http-outgoing-10 >> Connection: Keep-Alive
14:14:45.803 [main] DEBUG org.apache.http.headers - http-outgoing-10 >> User-Agent: Apache-HttpClient/4.5.14 (Java/17.0.12)
14:14:45.803 [main] DEBUG org.apache.http.headers - http-outgoing-10 >> Accept-Encoding: gzip,deflate
14:14:45.803 [main] DEBUG org.apache.http.wire - http-outgoing-10 >> "POST /api/switchcentral/finan/transferencia HTTP/1.1[\r][\n]"
14:14:45.803 [main] DEBUG org.apache.http.wire - http-outgoing-10 >> "Content-Type: application/json; charset=UTF-8[\r][\n]"
14:14:45.803 [main] DEBUG org.apache.http.wire - http-outgoing-10 >> "Authorization: Bearer eyJhbGciOiJSUzI1NiIsInR5cCIgOiAiSldUIiwia2lkIiA6ICI2dUJWTkN6VlViUFBlTFdReEM0WDAyYVM3UnM2UGRYV1dja1dfc0xZMHlFIn0.eyJleHAiOjE3NjExNjA3NTAsImlhdCI6MTc2MTE2MDQ1MCwianRpIjoidHJydGNjOjQ5Yjg0NDVjLTgzYTAtMjI4Ni02NDczLWE2ZGEzOTBhOWQ0YSIsImlzcyI6Imh0dHBzOi8vYXV0ZW50aWNhY2lvbnFhLmNvb25lY3RhLmNvbS5lYy9hdXRoL3JlYWxtcy9QQU5BUEFZIiwiYXVkIjoiYWNjb3VudCIsInN1YiI6Ijk5OGMyZmUwLTJjOGYtNGQwNC1iZjExLWY1OWExZTM5ODg3MyIsInR5cCI6IkJlYXJlciIsImF6cCI6IjAyMDVjYiIsImFjciI6IjEiLCJhbGxvd2VkLW9yaWdpbnMiOlsiLyoiXSwicmVhbG1fYWNjZXNzIjp7InJvbGVzIjpbImRlZmF1bHQtcm9sZXMtYWRtaW5wYW5hcGF5Iiwib2ZmbGluZV9hY2Nlc3MiLCJ1bWFfYXV0aG9yaXphdGlvbiJdfSwicmVzb3VyY2VfYWNjZXNzIjp7IjAyMDVjYiI6eyJyb2xlcyI6WyJ1bWFfcHJvdGVjdGlvbiJdfSwiYWNjb3VudCI6eyJyb2xlcyI6WyJtYW5hZ2UtYWNjb3VudCIsIm1hbmFnZS1hY2NvdW50LWxpbmtzIiwidmlldy1wcm9maWxlIl19fSwic2NvcGUiOiJwcm9maWxlIGVtYWlsIiwiZW1haWxfdmVyaWZpZWQiOmZhbHNlLCJjbGllbnRIb3N0IjoiMTAuMTAuMTAuMTUxIiwicHJlZmVycmVkX3VzZXJuYW1lIjoic2VydmljZS1hY2NvdW50LTAyMDVjYiIsImNsaWVudEFkZHJlc3MiOiIxMC4xMC4xMC4xNTEiLCJjbGllbnRfaWQiOiIwMjA1Y2IifQ.bATUogohrEqy7Voa4mFnsBzOnGy6tnjZGh_lOYRn-0hWXMY_fz-280nTu2Vv68eO3HeoewtWlt45S_iLI2-ml3pqpAlt3DXWVmLvVHw6d7TICHBfQsa0jGXMexKnyar7EinrVhF3deSK25Ap_ajC_82EvVvXrVG-7p9F1dEdq39y2R72JympejF5uhY_z_jNmqJSsnLEZVOo3WMJn76u9tTcYVIldC5uWGFWbPGEhvWPx4ZGpsuq_wrPOGdRmyJDFJPJl7LnLGHK0DBhuVtJUq_NFQkMus2fTTf_mWhRnoqNU-wUCS-fxMs6QusGzIVd-C3O29J3rerHTrGg21LAsQ[\r][\n]"
14:14:45.803 [main] DEBUG org.apache.http.wire - http-outgoing-10 >> "Content-Length: 515[\r][\n]"
14:14:45.803 [main] DEBUG org.apache.http.wire - http-outgoing-10 >> "Host: apipanapayqa.coonecta.com.ec[\r][\n]"
14:14:45.803 [main] DEBUG org.apache.http.wire - http-outgoing-10 >> "Connection: Keep-Alive[\r][\n]"
14:14:45.803 [main] DEBUG org.apache.http.wire - http-outgoing-10 >> "User-Agent: Apache-HttpClient/4.5.14 (Java/17.0.12)[\r][\n]"
14:14:45.803 [main] DEBUG org.apache.http.wire - http-outgoing-10 >> "Accept-Encoding: gzip,deflate[\r][\n]"
14:14:45.803 [main] DEBUG org.apache.http.wire - http-outgoing-10 >> "[\r][\n]"
14:14:45.803 [main] DEBUG org.apache.http.wire - http-outgoing-10 >> "{"GrpHdr":{"msgId":"02052025102291567638368","creDtTm":"2025-10-22T14:14:45","nbOfTxs":1,"sttlmInf":{"sttlmMtd":"INGA"},"instgAgt":{"finInstnId":"0205"},"InstdAgt":{"FinInstnId":"0205"},"Mge":{"Type":"acmt.998.321.01"},"ChnlId":"APP"},"CdtTrfTxInf":{"PmtId":{"EndToEndId":"02052025102200102"},"IntrBkSttlmAmt":{"Amt":20000.0,"Ccy":"USD"},"DbtrAcctId":{"IBAN":"EC5002051000000000020501052673"},"CdtrAcctId":{"IBAN":"EC0402051000000000020101002318"},"Prtry":{"CustRef":"QA22","ChanRef":"TERM001","AgtRef":"AGT0002"}}}"
14:14:47.384 [main] DEBUG org.apache.http.wire - http-outgoing-10 << "HTTP/1.1 400 Bad Request[\r][\n]"
14:14:47.384 [main] DEBUG org.apache.http.wire - http-outgoing-10 << "Date: Wed, 22 Oct 2025 19:14:39 GMT[\r][\n]"
14:14:47.384 [main] DEBUG org.apache.http.wire - http-outgoing-10 << "Content-Type: application/json; charset=utf-8[\r][\n]"
14:14:47.384 [main] DEBUG org.apache.http.wire - http-outgoing-10 << "Transfer-Encoding: chunked[\r][\n]"
14:14:47.384 [main] DEBUG org.apache.http.wire - http-outgoing-10 << "Connection: keep-alive[\r][\n]"
14:14:47.384 [main] DEBUG org.apache.http.wire - http-outgoing-10 << "Server: Kestrel[\r][\n]"
14:14:47.384 [main] DEBUG org.apache.http.wire - http-outgoing-10 << "Set-Cookie: ARRAffinity=135f536e0d078a815c3b83fda3468ab8a3a2abc604a35eefb28648d3961cfa9b;Path=/;HttpOnly;Secure;Domain=app-apipanapay-qa.azurewebsites.net[\r][\n]"
14:14:47.384 [main] DEBUG org.apache.http.wire - http-outgoing-10 << "Set-Cookie: ARRAffinitySameSite=135f536e0d078a815c3b83fda3468ab8a3a2abc604a35eefb28648d3961cfa9b;Path=/;HttpOnly;SameSite=None;Secure;Domain=app-apipanapay-qa.azurewebsites.net[\r][\n]"
14:14:47.384 [main] DEBUG org.apache.http.wire - http-outgoing-10 << "Request-Context: appId=cid-v1:a7a77847-2713-450f-9030-b350a2d54a28[\r][\n]"
14:14:47.384 [main] DEBUG org.apache.http.wire - http-outgoing-10 << "X-Powered-By: ASP.NET[\r][\n]"
14:14:47.386 [main] DEBUG org.apache.http.wire - http-outgoing-10 << "X-ARR-ClientCert: -----BEGIN%20CERTIFICATE-----%0AMIIEHDCCAgSgAwIBAgIUZIZBO0fb7VZ4KXrs01S4RYbWyJ8wDQYJKoZIhvcNAQEL%0ABQAwJTEjMCEGA1UEAwwacm9vdGNlcnQuY2JpYmxpYW4uaW50ZXJuYWwwHhcNMjUw%0AODEzMTMyNTU5WhcNMjgwODEyMTMyNTU5WjAnMSUwIwYDVQQDDBxjbGllbnRjZXJ0%0ALmNiaWJsaWFuLmludGVybmFsMIIBIjANBgkqhkiG9w0BAQEFAAOCAQ8AMIIBCgKC%0AAQEAskUDap6NmyYq8RT6F7z3DpZGQiflNQTvUT84TmxsKXEBRAkgINnkJqgKkd7f%0ASEybzqglQTbr4s41lCiPsy3X66qYjU2L%2Bojhni%2BOCVOX7n3JBYovL%2FqfMP3%2FkhZP%0AQIlK%2FQWPcrnl39fYkGOQv%2BYqoCGEPzGkib2m1Ma5Q1HOCKh1ErMjqTLGy%2ByJj6JY%0AiZvMx3YrJSvjUS0uKpNwxPtGyiexRfKsmR%2FHqPzRHa0iY%2B752KSgUedwJPv1Wod%2B%0AY9BMAMIdU25UtkUEsaOYtorGWDaZSn2Bl0LYmP87kjcYypnHx0jtPtUCXfVHrE6u%0AZnDRFYsZbeXylY3mJkyOL2DzZwIDAQABo0IwQDAdBgNVHQ4EFgQURPhJwTAcUWUp%0ArOqQO68P%2FbJoqjMwHwYDVR0jBBgwFoAU7GdlxoSeEXucEXhjadHRC9xzS0UwDQYJ%0AKoZIhvcNAQELBQADggIBAGTnlyF2n%2F6s9phYbO8V17niO0BXB62ToX6gPhcw9f3y%0AhMui6RnrM1oiHlBWqZquCqYJ5ETvYJE1RqvoqtGysxCnIj0OTJHV4WtF3SHsd1Tu%0ATg%2B%2FUnGivtBTDQxj9sbAtCaSYRBqPByP8jvSTDgXR1mgOrEGjr2PZdZSoKLj4OHi%0A9UCMJw7pJsyA4lbroKshQTYv5Ks5SqtJpdp0%2BUX0UUlbPJqXiadfbKdoXvEgcwbP%0ACqR9v7kGYmNxfaGLNGVrV%2BnLawIDmdYXJE%2F4WJh6sHfiZxEsE%2BB4PoKADrb1Eapt%0AnSdHUgRfc0i5f2lcmErnU8nCMO5TWdHFOgpYwTS8w17FhNFZpaSmyZKM7uHcUs7y%0AUbuiQtdXocfSSMf%2FeycBEU%2FHAVIWQEqY%2BbJdC0q%2FR%2BsESeBtXd4IEIxR0QfgscGk%0AJyCSFC8z%2FvCgrRsH5rePqKO7%2FLAsDTP4GIQNFNfF4Wh6bsPXuJmvvoMcnmy%2F58Wo%0AE0XaG8UPHVAeyEmhncdM32E7SJbR91aRr2CkV23OoUz%2BwKG2%2FuObHmAkuMkCbbcz%0AJQoC7DZg5FGw%2BZR7v1DIBct5QNJQ8bG%2FXGRxjWC6dU7jrGhOF1X%2B2YYcdx9XnwyM%0A9YPxUy5bVfMhIiKP2wEso5fjOZ4RTvnB5R6zD3maJK%2FtZAXVhtyqXSkBYFi4MvEs%0A-----END%20CERTIFICATE-----%0A[\r][\n]"
14:14:47.386 [main] DEBUG org.apache.http.wire - http-outgoing-10 << "[\r][\n]"
14:14:47.386 [main] DEBUG org.apache.http.wire - http-outgoing-10 << "1e2[\r][\n]"
14:14:47.386 [main] DEBUG org.apache.http.wire - http-outgoing-10 << "{"GrpHdr":{"MsgId":"000020251022020363","CreDtTm":"2025-10-22T14:14:38","NbOfTxs":1,"SttlmInf":{"SttlmMtd":"INGA"},"InstgAgt":{"FinInstnId":"0205"},"InstdAgt":{"FinInstnId":"0205"},"Mge":{"Type":"acmt.998.322.001"},"ChnlId":"APP"},"CdtTrfTxInf":{"OrgnGrpInf":{"OrgnlMsgId":"02052025102291567638368","OrgnlMgeType":"acmt.998.321.01","OrgnlCreDtTm":"2025-10-22T14:14:45"},"TxSts":"ERR","Rsn":{"RsnCd":"AM02","AddtlInf":"El monto excede el m[0xc3][0xa1]ximo permitido."},"SttlmDt":"2025-10-22"}}[\r][\n]"
14:14:47.386 [main] DEBUG org.apache.http.wire - http-outgoing-10 << "0[\r][\n]"
14:14:47.386 [main] DEBUG org.apache.http.wire - http-outgoing-10 << "[\r][\n]"
14:14:47.386 [main] DEBUG org.apache.http.headers - http-outgoing-10 << HTTP/1.1 400 Bad Request
14:14:47.386 [main] DEBUG org.apache.http.headers - http-outgoing-10 << Date: Wed, 22 Oct 2025 19:14:39 GMT
14:14:47.386 [main] DEBUG org.apache.http.headers - http-outgoing-10 << Content-Type: application/json; charset=utf-8
14:14:47.386 [main] DEBUG org.apache.http.headers - http-outgoing-10 << Transfer-Encoding: chunked
14:14:47.386 [main] DEBUG org.apache.http.headers - http-outgoing-10 << Connection: keep-alive
14:14:47.386 [main] DEBUG org.apache.http.headers - http-outgoing-10 << Server: Kestrel
14:14:47.386 [main] DEBUG org.apache.http.headers - http-outgoing-10 << Set-Cookie: ARRAffinity=135f536e0d078a815c3b83fda3468ab8a3a2abc604a35eefb28648d3961cfa9b;Path=/;HttpOnly;Secure;Domain=app-apipanapay-qa.azurewebsites.net
14:14:47.386 [main] DEBUG org.apache.http.headers - http-outgoing-10 << Set-Cookie: ARRAffinitySameSite=135f536e0d078a815c3b83fda3468ab8a3a2abc604a35eefb28648d3961cfa9b;Path=/;HttpOnly;SameSite=None;Secure;Domain=app-apipanapay-qa.azurewebsites.net
14:14:47.386 [main] DEBUG org.apache.http.headers - http-outgoing-10 << Request-Context: appId=cid-v1:a7a77847-2713-450f-9030-b350a2d54a28
14:14:47.386 [main] DEBUG org.apache.http.headers - http-outgoing-10 << X-Powered-By: ASP.NET
14:14:47.386 [main] DEBUG org.apache.http.headers - http-outgoing-10 << X-ARR-ClientCert: -----BEGIN%20CERTIFICATE-----%0AMIIEHDCCAgSgAwIBAgIUZIZBO0fb7VZ4KXrs01S4RYbWyJ8wDQYJKoZIhvcNAQEL%0ABQAwJTEjMCEGA1UEAwwacm9vdGNlcnQuY2JpYmxpYW4uaW50ZXJuYWwwHhcNMjUw%0AODEzMTMyNTU5WhcNMjgwODEyMTMyNTU5WjAnMSUwIwYDVQQDDBxjbGllbnRjZXJ0%0ALmNiaWJsaWFuLmludGVybmFsMIIBIjANBgkqhkiG9w0BAQEFAAOCAQ8AMIIBCgKC%0AAQEAskUDap6NmyYq8RT6F7z3DpZGQiflNQTvUT84TmxsKXEBRAkgINnkJqgKkd7f%0ASEybzqglQTbr4s41lCiPsy3X66qYjU2L%2Bojhni%2BOCVOX7n3JBYovL%2FqfMP3%2FkhZP%0AQIlK%2FQWPcrnl39fYkGOQv%2BYqoCGEPzGkib2m1Ma5Q1HOCKh1ErMjqTLGy%2ByJj6JY%0AiZvMx3YrJSvjUS0uKpNwxPtGyiexRfKsmR%2FHqPzRHa0iY%2B752KSgUedwJPv1Wod%2B%0AY9BMAMIdU25UtkUEsaOYtorGWDaZSn2Bl0LYmP87kjcYypnHx0jtPtUCXfVHrE6u%0AZnDRFYsZbeXylY3mJkyOL2DzZwIDAQABo0IwQDAdBgNVHQ4EFgQURPhJwTAcUWUp%0ArOqQO68P%2FbJoqjMwHwYDVR0jBBgwFoAU7GdlxoSeEXucEXhjadHRC9xzS0UwDQYJ%0AKoZIhvcNAQELBQADggIBAGTnlyF2n%2F6s9phYbO8V17niO0BXB62ToX6gPhcw9f3y%0AhMui6RnrM1oiHlBWqZquCqYJ5ETvYJE1RqvoqtGysxCnIj0OTJHV4WtF3SHsd1Tu%0ATg%2B%2FUnGivtBTDQxj9sbAtCaSYRBqPByP8jvSTDgXR1mgOrEGjr2PZdZSoKLj4OHi%0A9UCMJw7pJsyA4lbroKshQTYv5Ks5SqtJpdp0%2BUX0UUlbPJqXiadfbKdoXvEgcwbP%0ACqR9v7kGYmNxfaGLNGVrV%2BnLawIDmdYXJE%2F4WJh6sHfiZxEsE%2BB4PoKADrb1Eapt%0AnSdHUgRfc0i5f2lcmErnU8nCMO5TWdHFOgpYwTS8w17FhNFZpaSmyZKM7uHcUs7y%0AUbuiQtdXocfSSMf%2FeycBEU%2FHAVIWQEqY%2BbJdC0q%2FR%2BsESeBtXd4IEIxR0QfgscGk%0AJyCSFC8z%2FvCgrRsH5rePqKO7%2FLAsDTP4GIQNFNfF4Wh6bsPXuJmvvoMcnmy%2F58Wo%0AE0XaG8UPHVAeyEmhncdM32E7SJbR91aRr2CkV23OoUz%2BwKG2%2FuObHmAkuMkCbbcz%0AJQoC7DZg5FGw%2BZR7v1DIBct5QNJQ8bG%2FXGRxjWC6dU7jrGhOF1X%2B2YYcdx9XnwyM%0A9YPxUy5bVfMhIiKP2wEso5fjOZ4RTvnB5R6zD3maJK%2FtZAXVhtyqXSkBYFi4MvEs%0A-----END%20CERTIFICATE-----%0A
14:14:47.386 [main] DEBUG org.apache.http.impl.execchain.MainClientExec - Connection can be kept alive indefinitely
14:14:47.386 [main] DEBUG org.apache.http.client.protocol.ResponseProcessCookies - Cookie accepted [ARRAffinity="135f536e0d078a815c3b83fda3468ab8a3a2abc604a35eefb28648d3961cfa9b", version:0, domain:app-apipanapay-qa.azurewebsites.net, path:/, expiry:null]
14:14:47.386 [main] DEBUG org.apache.http.client.protocol.ResponseProcessCookies - Cookie accepted [ARRAffinitySameSite="135f536e0d078a815c3b83fda3468ab8a3a2abc604a35eefb28648d3961cfa9b", version:0, domain:app-apipanapay-qa.azurewebsites.net, path:/, expiry:null]
14:14:47.386 [main] DEBUG org.apache.http.impl.conn.PoolingHttpClientConnectionManager - Connection [id: 10][route: {s}->https://apipanapayqa.coonecta.com.ec:443][state: CN=clientcert.cbiblian.internal] can be kept alive indefinitely
14:14:47.386 [main] DEBUG org.apache.http.impl.conn.DefaultManagedHttpClientConnection - http-outgoing-10: set socket timeout to 0
14:14:47.386 [main] DEBUG org.apache.http.impl.conn.PoolingHttpClientConnectionManager - Connection released: [id: 10][route: {s}->https://apipanapayqa.coonecta.com.ec:443][state: CN=clientcert.cbiblian.internal][total available: 1; route allocated: 1 of 5; total allocated: 1 of 10]
14:14:47.386 [main] DEBUG org.apache.http.impl.conn.PoolingHttpClientConnectionManager - Connection manager is shutting down
14:14:47.386 [main] DEBUG org.apache.http.impl.conn.DefaultManagedHttpClientConnection - http-outgoing-10: Close connection
14:14:47.388 [main] DEBUG org.apache.http.impl.conn.PoolingHttpClientConnectionManager - Connection manager shut down
14:14:47.389 [main] DEBUG com.intuit.karate - response time in milliseconds: 1980
1 < 400
1 < Date: Wed, 22 Oct 2025 19:14:39 GMT
1 < Content-Type: application/json; charset=utf-8
1 < Transfer-Encoding: chunked
1 < Connection: keep-alive
1 < Server: Kestrel
1 < Set-Cookie: ARRAffinity=135f536e0d078a815c3b83fda3468ab8a3a2abc604a35eefb28648d3961cfa9b;Path=/;HttpOnly;Secure;Domain=app-apipanapay-qa.azurewebsites.net
1 < Set-Cookie: ARRAffinitySameSite=135f536e0d078a815c3b83fda3468ab8a3a2abc604a35eefb28648d3961cfa9b;Path=/;HttpOnly;SameSite=None;Secure;Domain=app-apipanapay-qa.azurewebsites.net
1 < Request-Context: appId=cid-v1:a7a77847-2713-450f-9030-b350a2d54a28
1 < X-Powered-By: ASP.NET
1 < X-ARR-ClientCert: -----BEGIN%20CERTIFICATE-----%0AMIIEHDCCAgSgAwIBAgIUZIZBO0fb7VZ4KXrs01S4RYbWyJ8wDQYJKoZIhvcNAQEL%0ABQAwJTEjMCEGA1UEAwwacm9vdGNlcnQuY2JpYmxpYW4uaW50ZXJuYWwwHhcNMjUw%0AODEzMTMyNTU5WhcNMjgwODEyMTMyNTU5WjAnMSUwIwYDVQQDDBxjbGllbnRjZXJ0%0ALmNiaWJsaWFuLmludGVybmFsMIIBIjANBgkqhkiG9w0BAQEFAAOCAQ8AMIIBCgKC%0AAQEAskUDap6NmyYq8RT6F7z3DpZGQiflNQTvUT84TmxsKXEBRAkgINnkJqgKkd7f%0ASEybzqglQTbr4s41lCiPsy3X66qYjU2L%2Bojhni%2BOCVOX7n3JBYovL%2FqfMP3%2FkhZP%0AQIlK%2FQWPcrnl39fYkGOQv%2BYqoCGEPzGkib2m1Ma5Q1HOCKh1ErMjqTLGy%2ByJj6JY%0AiZvMx3YrJSvjUS0uKpNwxPtGyiexRfKsmR%2FHqPzRHa0iY%2B752KSgUedwJPv1Wod%2B%0AY9BMAMIdU25UtkUEsaOYtorGWDaZSn2Bl0LYmP87kjcYypnHx0jtPtUCXfVHrE6u%0AZnDRFYsZbeXylY3mJkyOL2DzZwIDAQABo0IwQDAdBgNVHQ4EFgQURPhJwTAcUWUp%0ArOqQO68P%2FbJoqjMwHwYDVR0jBBgwFoAU7GdlxoSeEXucEXhjadHRC9xzS0UwDQYJ%0AKoZIhvcNAQELBQADggIBAGTnlyF2n%2F6s9phYbO8V17niO0BXB62ToX6gPhcw9f3y%0AhMui6RnrM1oiHlBWqZquCqYJ5ETvYJE1RqvoqtGysxCnIj0OTJHV4WtF3SHsd1Tu%0ATg%2B%2FUnGivtBTDQxj9sbAtCaSYRBqPByP8jvSTDgXR1mgOrEGjr2PZdZSoKLj4OHi%0A9UCMJw7pJsyA4lbroKshQTYv5Ks5SqtJpdp0%2BUX0UUlbPJqXiadfbKdoXvEgcwbP%0ACqR9v7kGYmNxfaGLNGVrV%2BnLawIDmdYXJE%2F4WJh6sHfiZxEsE%2BB4PoKADrb1Eapt%0AnSdHUgRfc0i5f2lcmErnU8nCMO5TWdHFOgpYwTS8w17FhNFZpaSmyZKM7uHcUs7y%0AUbuiQtdXocfSSMf%2FeycBEU%2FHAVIWQEqY%2BbJdC0q%2FR%2BsESeBtXd4IEIxR0QfgscGk%0AJyCSFC8z%2FvCgrRsH5rePqKO7%2FLAsDTP4GIQNFNfF4Wh6bsPXuJmvvoMcnmy%2F58Wo%0AE0XaG8UPHVAeyEmhncdM32E7SJbR91aRr2CkV23OoUz%2BwKG2%2FuObHmAkuMkCbbcz%0AJQoC7DZg5FGw%2BZR7v1DIBct5QNJQ8bG%2FXGRxjWC6dU7jrGhOF1X%2B2YYcdx9XnwyM%0A9YPxUy5bVfMhIiKP2wEso5fjOZ4RTvnB5R6zD3maJK%2FtZAXVhtyqXSkBYFi4MvEs%0A-----END%20CERTIFICATE-----%0A
{"GrpHdr":{"MsgId":"000020251022020363","CreDtTm":"2025-10-22T14:14:38","NbOfTxs":1,"SttlmInf":{"SttlmMtd":"INGA"},"InstgAgt":{"FinInstnId":"0205"},"InstdAgt":{"FinInstnId":"0205"},"Mge":{"Type":"acmt.998.322.001"},"ChnlId":"APP"},"CdtTrfTxInf":{"OrgnGrpInf":{"OrgnlMsgId":"02052025102291567638368","OrgnlMgeType":"acmt.998.321.01","OrgnlCreDtTm":"2025-10-22T14:14:45"},"TxSts":"ERR","Rsn":{"RsnCd":"AM02","AddtlInf":"El monto excede el máximo permitido."},"SttlmDt":"2025-10-22"}}

14:14:47.389 [main] ERROR com.intuit.karate - classpath:Transferencia.feature:284
Then match responseStatus in normalizedStatus
no step-definition method match found for: match responseStatus in normalizedStatus
classpath:Transferencia.feature:284
]]></system-out>
  </testcase>
  <testcase name="[11:288] Transferencia no exitosa, monto minimo con valor decimal de 2.99" classname="Transferencia" time="3.442">
    <failure message="no step-definition method match found for: match responseStatus in normalizedStatus&#10;classpath:Transferencia.feature:295" type="org.opentest4j.AssertionFailedError"><![CDATA[org.opentest4j.AssertionFailedError: 
no step-definition method match found for: match responseStatus in normalizedStatus
classpath:Transferencia.feature:295
	at org.junit.jupiter.api.AssertionUtils.fail(AssertionUtils.java:38)
	at org.junit.jupiter.api.Assertions.fail(Assertions.java:135)
	at com.intuit.karate.junit5.FeatureNode.lambda$next$1(FeatureNode.java:86)
	at org.junit.jupiter.engine.descriptor.DynamicTestTestDescriptor.lambda$execute$0(DynamicTestTestDescriptor.java:53)
	at org.junit.jupiter.engine.execution.InvocationInterceptorChain$ValidatingInvocation.proceed(InvocationInterceptorChain.java:131)
	at org.junit.jupiter.api.extension.InvocationInterceptor.interceptDynamicTest(InvocationInterceptor.java:167)
	at org.junit.jupiter.api.extension.InvocationInterceptor.interceptDynamicTest(InvocationInterceptor.java:184)
	at org.junit.jupiter.engine.descriptor.DynamicTestTestDescriptor.lambda$execute$1(DynamicTestTestDescriptor.java:61)
	at org.junit.jupiter.engine.execution.InvocationInterceptorChain$InterceptorCall.lambda$ofVoid$0(InvocationInterceptorChain.java:78)
	at org.junit.jupiter.engine.execution.InvocationInterceptorChain$InterceptedInvocation.proceed(InvocationInterceptorChain.java:106)
	at org.junit.jupiter.engine.execution.InvocationInterceptorChain.proceed(InvocationInterceptorChain.java:64)
	at org.junit.jupiter.engine.execution.InvocationInterceptorChain.chainAndInvoke(InvocationInterceptorChain.java:45)
	at org.junit.jupiter.engine.execution.InvocationInterceptorChain.invoke(InvocationInterceptorChain.java:37)
	at org.junit.jupiter.engine.descriptor.DynamicTestTestDescriptor.execute(DynamicTestTestDescriptor.java:60)
	at org.junit.jupiter.engine.descriptor.DynamicTestTestDescriptor.execute(DynamicTestTestDescriptor.java:32)
	at org.junit.platform.engine.support.hierarchical.NodeTestTask.lambda$executeRecursively$6(NodeTestTask.java:151)
	at org.junit.platform.engine.support.hierarchical.ThrowableCollector.execute(ThrowableCollector.java:73)
	at org.junit.platform.engine.support.hierarchical.NodeTestTask.lambda$executeRecursively$8(NodeTestTask.java:141)
	at org.junit.platform.engine.support.hierarchical.Node.around(Node.java:137)
	at org.junit.platform.engine.support.hierarchical.NodeTestTask.lambda$executeRecursively$9(NodeTestTask.java:139)
	at org.junit.platform.engine.support.hierarchical.ThrowableCollector.execute(ThrowableCollector.java:73)
	at org.junit.platform.engine.support.hierarchical.NodeTestTask.executeRecursively(NodeTestTask.java:138)
	at org.junit.platform.engine.support.hierarchical.NodeTestTask.execute(NodeTestTask.java:95)
	at org.junit.platform.engine.support.hierarchical.SameThreadHierarchicalTestExecutorService.submit(SameThreadHierarchicalTestExecutorService.java:35)
	at org.junit.platform.engine.support.hierarchical.NodeTestTask$DefaultDynamicTestExecutor.execute(NodeTestTask.java:226)
	at org.junit.platform.engine.support.hierarchical.NodeTestTask$DefaultDynamicTestExecutor.execute(NodeTestTask.java:204)
	at java.base/java.util.stream.ForEachOps$ForEachOp$OfRef.accept(ForEachOps.java:183)
	at java.base/java.util.stream.ReferencePipeline$3$1.accept(ReferencePipeline.java:197)
	at java.base/java.util.stream.ReferencePipeline$2$1.accept(ReferencePipeline.java:179)
	at java.base/java.util.stream.ReferencePipeline$3$1.accept(ReferencePipeline.java:197)
	at java.base/java.util.Iterator.forEachRemaining(Iterator.java:133)
	at java.base/java.util.Spliterators$IteratorSpliterator.forEachRemaining(Spliterators.java:1845)
	at java.base/java.util.stream.AbstractPipeline.copyInto(AbstractPipeline.java:509)
	at java.base/java.util.stream.AbstractPipeline.wrapAndCopyInto(AbstractPipeline.java:499)
	at java.base/java.util.stream.ForEachOps$ForEachOp.evaluateSequential(ForEachOps.java:150)
	at java.base/java.util.stream.ForEachOps$ForEachOp$OfRef.evaluateSequential(ForEachOps.java:173)
	at java.base/java.util.stream.AbstractPipeline.evaluate(AbstractPipeline.java:234)
	at java.base/java.util.stream.ReferencePipeline.forEachOrdered(ReferencePipeline.java:601)
	at org.junit.jupiter.engine.descriptor.DynamicContainerTestDescriptor.execute(DynamicContainerTestDescriptor.java:67)
	at org.junit.jupiter.engine.descriptor.DynamicContainerTestDescriptor.execute(DynamicContainerTestDescriptor.java:33)
	at org.junit.platform.engine.support.hierarchical.NodeTestTask.lambda$executeRecursively$6(NodeTestTask.java:151)
	at org.junit.platform.engine.support.hierarchical.ThrowableCollector.execute(ThrowableCollector.java:73)
	at org.junit.platform.engine.support.hierarchical.NodeTestTask.lambda$executeRecursively$8(NodeTestTask.java:141)
	at org.junit.platform.engine.support.hierarchical.Node.around(Node.java:137)
	at org.junit.platform.engine.support.hierarchical.NodeTestTask.lambda$executeRecursively$9(NodeTestTask.java:139)
	at org.junit.platform.engine.support.hierarchical.ThrowableCollector.execute(ThrowableCollector.java:73)
	at org.junit.platform.engine.support.hierarchical.NodeTestTask.executeRecursively(NodeTestTask.java:138)
	at org.junit.platform.engine.support.hierarchical.NodeTestTask.execute(NodeTestTask.java:95)
	at org.junit.platform.engine.support.hierarchical.SameThreadHierarchicalTestExecutorService.submit(SameThreadHierarchicalTestExecutorService.java:35)
	at org.junit.platform.engine.support.hierarchical.NodeTestTask$DefaultDynamicTestExecutor.execute(NodeTestTask.java:226)
	at org.junit.platform.engine.support.hierarchical.NodeTestTask$DefaultDynamicTestExecutor.execute(NodeTestTask.java:204)
	at java.base/java.util.Optional.ifPresent(Optional.java:178)
	at org.junit.jupiter.engine.descriptor.TestFactoryTestDescriptor.lambda$invokeTestMethod$1(TestFactoryTestDescriptor.java:108)
	at org.junit.platform.engine.support.hierarchical.ThrowableCollector.execute(ThrowableCollector.java:73)
	at org.junit.jupiter.engine.descriptor.TestFactoryTestDescriptor.invokeTestMethod(TestFactoryTestDescriptor.java:95)
	at org.junit.jupiter.engine.descriptor.TestMethodTestDescriptor.execute(TestMethodTestDescriptor.java:138)
	at org.junit.jupiter.engine.descriptor.TestMethodTestDescriptor.execute(TestMethodTestDescriptor.java:68)
	at org.junit.platform.engine.support.hierarchical.NodeTestTask.lambda$executeRecursively$6(NodeTestTask.java:151)
	at org.junit.platform.engine.support.hierarchical.ThrowableCollector.execute(ThrowableCollector.java:73)
	at org.junit.platform.engine.support.hierarchical.NodeTestTask.lambda$executeRecursively$8(NodeTestTask.java:141)
	at org.junit.platform.engine.support.hierarchical.Node.around(Node.java:137)
	at org.junit.platform.engine.support.hierarchical.NodeTestTask.lambda$executeRecursively$9(NodeTestTask.java:139)
	at org.junit.platform.engine.support.hierarchical.ThrowableCollector.execute(ThrowableCollector.java:73)
	at org.junit.platform.engine.support.hierarchical.NodeTestTask.executeRecursively(NodeTestTask.java:138)
	at org.junit.platform.engine.support.hierarchical.NodeTestTask.execute(NodeTestTask.java:95)
	at java.base/java.util.ArrayList.forEach(ArrayList.java:1511)
	at org.junit.platform.engine.support.hierarchical.SameThreadHierarchicalTestExecutorService.invokeAll(SameThreadHierarchicalTestExecutorService.java:41)
	at org.junit.platform.engine.support.hierarchical.NodeTestTask.lambda$executeRecursively$6(NodeTestTask.java:155)
	at org.junit.platform.engine.support.hierarchical.ThrowableCollector.execute(ThrowableCollector.java:73)
	at org.junit.platform.engine.support.hierarchical.NodeTestTask.lambda$executeRecursively$8(NodeTestTask.java:141)
	at org.junit.platform.engine.support.hierarchical.Node.around(Node.java:137)
	at org.junit.platform.engine.support.hierarchical.NodeTestTask.lambda$executeRecursively$9(NodeTestTask.java:139)
	at org.junit.platform.engine.support.hierarchical.ThrowableCollector.execute(ThrowableCollector.java:73)
	at org.junit.platform.engine.support.hierarchical.NodeTestTask.executeRecursively(NodeTestTask.java:138)
	at org.junit.platform.engine.support.hierarchical.NodeTestTask.execute(NodeTestTask.java:95)
	at java.base/java.util.ArrayList.forEach(ArrayList.java:1511)
	at org.junit.platform.engine.support.hierarchical.SameThreadHierarchicalTestExecutorService.invokeAll(SameThreadHierarchicalTestExecutorService.java:41)
	at org.junit.platform.engine.support.hierarchical.NodeTestTask.lambda$executeRecursively$6(NodeTestTask.java:155)
	at org.junit.platform.engine.support.hierarchical.ThrowableCollector.execute(ThrowableCollector.java:73)
	at org.junit.platform.engine.support.hierarchical.NodeTestTask.lambda$executeRecursively$8(NodeTestTask.java:141)
	at org.junit.platform.engine.support.hierarchical.Node.around(Node.java:137)
	at org.junit.platform.engine.support.hierarchical.NodeTestTask.lambda$executeRecursively$9(NodeTestTask.java:139)
	at org.junit.platform.engine.support.hierarchical.ThrowableCollector.execute(ThrowableCollector.java:73)
	at org.junit.platform.engine.support.hierarchical.NodeTestTask.executeRecursively(NodeTestTask.java:138)
	at org.junit.platform.engine.support.hierarchical.NodeTestTask.execute(NodeTestTask.java:95)
	at org.junit.platform.engine.support.hierarchical.SameThreadHierarchicalTestExecutorService.submit(SameThreadHierarchicalTestExecutorService.java:35)
	at org.junit.platform.engine.support.hierarchical.HierarchicalTestExecutor.execute(HierarchicalTestExecutor.java:57)
	at org.junit.platform.engine.support.hierarchical.HierarchicalTestEngine.execute(HierarchicalTestEngine.java:54)
	at org.junit.platform.launcher.core.EngineExecutionOrchestrator.execute(EngineExecutionOrchestrator.java:147)
	at org.junit.platform.launcher.core.EngineExecutionOrchestrator.execute(EngineExecutionOrchestrator.java:127)
	at org.junit.platform.launcher.core.EngineExecutionOrchestrator.execute(EngineExecutionOrchestrator.java:90)
	at org.junit.platform.launcher.core.EngineExecutionOrchestrator.lambda$execute$0(EngineExecutionOrchestrator.java:55)
	at org.junit.platform.launcher.core.EngineExecutionOrchestrator.withInterceptedStreams(EngineExecutionOrchestrator.java:102)
	at org.junit.platform.launcher.core.EngineExecutionOrchestrator.execute(EngineExecutionOrchestrator.java:54)
	at org.junit.platform.launcher.core.DefaultLauncher.execute(DefaultLauncher.java:114)
	at org.junit.platform.launcher.core.DefaultLauncher.execute(DefaultLauncher.java:86)
	at org.junit.platform.launcher.core.DefaultLauncherSession$DelegatingLauncher.execute(DefaultLauncherSession.java:86)
	at org.apache.maven.surefire.junitplatform.LazyLauncher.execute(LazyLauncher.java:56)
	at org.apache.maven.surefire.junitplatform.JUnitPlatformProvider.execute(JUnitPlatformProvider.java:184)
	at org.apache.maven.surefire.junitplatform.JUnitPlatformProvider.invokeAllTests(JUnitPlatformProvider.java:148)
	at org.apache.maven.surefire.junitplatform.JUnitPlatformProvider.invoke(JUnitPlatformProvider.java:122)
	at org.apache.maven.surefire.booter.ForkedBooter.runSuitesInProcess(ForkedBooter.java:385)
	at org.apache.maven.surefire.booter.ForkedBooter.execute(ForkedBooter.java:162)
	at org.apache.maven.surefire.booter.ForkedBooter.run(ForkedBooter.java:507)
	at org.apache.maven.surefire.booter.ForkedBooter.main(ForkedBooter.java:495)
]]></failure>
    <system-out><![CDATA[14:14:47.411 [main] DEBUG com.intuit.karate - key store key count for classpath:certificado/clientcert.cbiblian.internal 1.pfx: 1
14:14:47.422 [main] DEBUG com.jayway.jsonpath.internal.path.CompiledPath - Evaluating path: $
14:14:47.422 [main] DEBUG com.jayway.jsonpath.internal.path.CompiledPath - Evaluating path: $['Authorization']
14:14:47.422 [main] DEBUG com.jayway.jsonpath.internal.path.CompiledPath - Evaluating path: $
14:14:47.422 [main] DEBUG com.jayway.jsonpath.internal.path.CompiledPath - Evaluating path: $
14:14:47.422 [main] DEBUG com.jayway.jsonpath.internal.JsonContext - Put path $ key Authorization value {}
14:14:47.422 [main] DEBUG com.jayway.jsonpath.internal.path.CompiledPath - Evaluating path: $
14:14:47.422 [main] DEBUG com.jayway.jsonpath.internal.JsonContext - Put path $ key Authorization value Bearer eyJhbGciOiJSUzI1NiIsInR5cCIgOiAiSldUIiwia2lkIiA6ICI2dUJWTkN6VlViUFBlTFdReEM0WDAyYVM3UnM2UGRYV1dja1dfc0xZMHlFIn0.eyJleHAiOjE3NjExNjA3NTAsImlhdCI6MTc2MTE2MDQ1MCwianRpIjoidHJydGNjOjQ5Yjg0NDVjLTgzYTAtMjI4Ni02NDczLWE2ZGEzOTBhOWQ0YSIsImlzcyI6Imh0dHBzOi8vYXV0ZW50aWNhY2lvbnFhLmNvb25lY3RhLmNvbS5lYy9hdXRoL3JlYWxtcy9QQU5BUEFZIiwiYXVkIjoiYWNjb3VudCIsInN1YiI6Ijk5OGMyZmUwLTJjOGYtNGQwNC1iZjExLWY1OWExZTM5ODg3MyIsInR5cCI6IkJlYXJlciIsImF6cCI6IjAyMDVjYiIsImFjciI6IjEiLCJhbGxvd2VkLW9yaWdpbnMiOlsiLyoiXSwicmVhbG1fYWNjZXNzIjp7InJvbGVzIjpbImRlZmF1bHQtcm9sZXMtYWRtaW5wYW5hcGF5Iiwib2ZmbGluZV9hY2Nlc3MiLCJ1bWFfYXV0aG9yaXphdGlvbiJdfSwicmVzb3VyY2VfYWNjZXNzIjp7IjAyMDVjYiI6eyJyb2xlcyI6WyJ1bWFfcHJvdGVjdGlvbiJdfSwiYWNjb3VudCI6eyJyb2xlcyI6WyJtYW5hZ2UtYWNjb3VudCIsIm1hbmFnZS1hY2NvdW50LWxpbmtzIiwidmlldy1wcm9maWxlIl19fSwic2NvcGUiOiJwcm9maWxlIGVtYWlsIiwiZW1haWxfdmVyaWZpZWQiOmZhbHNlLCJjbGllbnRIb3N0IjoiMTAuMTAuMTAuMTUxIiwicHJlZmVycmVkX3VzZXJuYW1lIjoic2VydmljZS1hY2NvdW50LTAyMDVjYiIsImNsaWVudEFkZHJlc3MiOiIxMC4xMC4xMC4xNTEiLCJjbGllbnRfaWQiOiIwMjA1Y2IifQ.bATUogohrEqy7Voa4mFnsBzOnGy6tnjZGh_lOYRn-0hWXMY_fz-280nTu2Vv68eO3HeoewtWlt45S_iLI2-ml3pqpAlt3DXWVmLvVHw6d7TICHBfQsa0jGXMexKnyar7EinrVhF3deSK25Ap_ajC_82EvVvXrVG-7p9F1dEdq39y2R72JympejF5uhY_z_jNmqJSsnLEZVOo3WMJn76u9tTcYVIldC5uWGFWbPGEhvWPx4ZGpsuq_wrPOGdRmyJDFJPJl7LnLGHK0DBhuVtJUq_NFQkMus2fTTf_mWhRnoqNU-wUCS-fxMs6QusGzIVd-C3O29J3rerHTrGg21LAsQ
14:14:47.422 [main] DEBUG com.jayway.jsonpath.internal.path.CompiledPath - Evaluating path: $
14:14:47.435 [main] DEBUG com.jayway.jsonpath.internal.path.CompiledPath - Evaluating path: $
14:14:47.443 [main] DEBUG org.apache.http.client.protocol.RequestAddCookies - CookieSpec selected: karate
14:14:47.443 [main] DEBUG org.apache.http.client.protocol.RequestAuthCache - Auth cache not set in the context
14:14:47.443 [main] DEBUG com.intuit.karate - request:
1 > POST https://apipanapayqa.coonecta.com.ec/api/switchcentral/finan/transferencia
1 > Content-Type: application/json; charset=UTF-8
1 > Authorization: Bearer eyJhbGciOiJSUzI1NiIsInR5cCIgOiAiSldUIiwia2lkIiA6ICI2dUJWTkN6VlViUFBlTFdReEM0WDAyYVM3UnM2UGRYV1dja1dfc0xZMHlFIn0.eyJleHAiOjE3NjExNjA3NTAsImlhdCI6MTc2MTE2MDQ1MCwianRpIjoidHJydGNjOjQ5Yjg0NDVjLTgzYTAtMjI4Ni02NDczLWE2ZGEzOTBhOWQ0YSIsImlzcyI6Imh0dHBzOi8vYXV0ZW50aWNhY2lvbnFhLmNvb25lY3RhLmNvbS5lYy9hdXRoL3JlYWxtcy9QQU5BUEFZIiwiYXVkIjoiYWNjb3VudCIsInN1YiI6Ijk5OGMyZmUwLTJjOGYtNGQwNC1iZjExLWY1OWExZTM5ODg3MyIsInR5cCI6IkJlYXJlciIsImF6cCI6IjAyMDVjYiIsImFjciI6IjEiLCJhbGxvd2VkLW9yaWdpbnMiOlsiLyoiXSwicmVhbG1fYWNjZXNzIjp7InJvbGVzIjpbImRlZmF1bHQtcm9sZXMtYWRtaW5wYW5hcGF5Iiwib2ZmbGluZV9hY2Nlc3MiLCJ1bWFfYXV0aG9yaXphdGlvbiJdfSwicmVzb3VyY2VfYWNjZXNzIjp7IjAyMDVjYiI6eyJyb2xlcyI6WyJ1bWFfcHJvdGVjdGlvbiJdfSwiYWNjb3VudCI6eyJyb2xlcyI6WyJtYW5hZ2UtYWNjb3VudCIsIm1hbmFnZS1hY2NvdW50LWxpbmtzIiwidmlldy1wcm9maWxlIl19fSwic2NvcGUiOiJwcm9maWxlIGVtYWlsIiwiZW1haWxfdmVyaWZpZWQiOmZhbHNlLCJjbGllbnRIb3N0IjoiMTAuMTAuMTAuMTUxIiwicHJlZmVycmVkX3VzZXJuYW1lIjoic2VydmljZS1hY2NvdW50LTAyMDVjYiIsImNsaWVudEFkZHJlc3MiOiIxMC4xMC4xMC4xNTEiLCJjbGllbnRfaWQiOiIwMjA1Y2IifQ.bATUogohrEqy7Voa4mFnsBzOnGy6tnjZGh_lOYRn-0hWXMY_fz-280nTu2Vv68eO3HeoewtWlt45S_iLI2-ml3pqpAlt3DXWVmLvVHw6d7TICHBfQsa0jGXMexKnyar7EinrVhF3deSK25Ap_ajC_82EvVvXrVG-7p9F1dEdq39y2R72JympejF5uhY_z_jNmqJSsnLEZVOo3WMJn76u9tTcYVIldC5uWGFWbPGEhvWPx4ZGpsuq_wrPOGdRmyJDFJPJl7LnLGHK0DBhuVtJUq_NFQkMus2fTTf_mWhRnoqNU-wUCS-fxMs6QusGzIVd-C3O29J3rerHTrGg21LAsQ
1 > Content-Length: 512
1 > Host: apipanapayqa.coonecta.com.ec
1 > Connection: Keep-Alive
1 > User-Agent: Apache-HttpClient/4.5.14 (Java/17.0.12)
1 > Accept-Encoding: gzip,deflate
{"GrpHdr":{"msgId":"02052025102232799996672","creDtTm":"2025-10-22T14:14:47","nbOfTxs":1,"sttlmInf":{"sttlmMtd":"INGA"},"instgAgt":{"finInstnId":"0205"},"InstdAgt":{"FinInstnId":"0205"},"Mge":{"Type":"acmt.998.321.01"},"ChnlId":"APP"},"CdtTrfTxInf":{"PmtId":{"EndToEndId":"02052025102212553"},"IntrBkSttlmAmt":{"Amt":2.99,"Ccy":"USD"},"DbtrAcctId":{"IBAN":"EC5002051000000000020501052673"},"CdtrAcctId":{"IBAN":"EC0402051000000000020101002318"},"Prtry":{"CustRef":"QA22","ChanRef":"TERM001","AgtRef":"AGT0002"}}}

14:14:47.443 [main] DEBUG org.apache.http.impl.conn.PoolingHttpClientConnectionManager - Connection request: [route: {s}->https://apipanapayqa.coonecta.com.ec:443][total available: 0; route allocated: 0 of 5; total allocated: 0 of 10]
14:14:47.443 [main] DEBUG org.apache.http.impl.conn.PoolingHttpClientConnectionManager - Connection leased: [id: 11][route: {s}->https://apipanapayqa.coonecta.com.ec:443][total available: 0; route allocated: 1 of 5; total allocated: 1 of 10]
14:14:47.443 [main] DEBUG org.apache.http.impl.execchain.MainClientExec - Opening connection {s}->https://apipanapayqa.coonecta.com.ec:443
14:14:47.443 [main] DEBUG org.apache.http.impl.conn.DefaultHttpClientConnectionOperator - Connecting to apipanapayqa.coonecta.com.ec/10.1.0.133:443
14:14:47.443 [main] DEBUG org.apache.http.conn.ssl.SSLConnectionSocketFactory - Connecting socket to apipanapayqa.coonecta.com.ec/10.1.0.133:443 with timeout 30000
14:14:47.533 [main] DEBUG org.apache.http.conn.ssl.SSLConnectionSocketFactory - Enabled protocols: [TLSv1.3, TLSv1.2]
14:14:47.533 [main] DEBUG org.apache.http.conn.ssl.SSLConnectionSocketFactory - Enabled cipher suites:[TLS_AES_256_GCM_SHA384, TLS_AES_128_GCM_SHA256, TLS_CHACHA20_POLY1305_SHA256, TLS_ECDHE_ECDSA_WITH_AES_256_GCM_SHA384, TLS_ECDHE_ECDSA_WITH_AES_128_GCM_SHA256, TLS_ECDHE_ECDSA_WITH_CHACHA20_POLY1305_SHA256, TLS_ECDHE_RSA_WITH_AES_256_GCM_SHA384, TLS_ECDHE_RSA_WITH_CHACHA20_POLY1305_SHA256, TLS_ECDHE_RSA_WITH_AES_128_GCM_SHA256, TLS_DHE_RSA_WITH_AES_256_GCM_SHA384, TLS_DHE_RSA_WITH_CHACHA20_POLY1305_SHA256, TLS_DHE_DSS_WITH_AES_256_GCM_SHA384, TLS_DHE_RSA_WITH_AES_128_GCM_SHA256, TLS_DHE_DSS_WITH_AES_128_GCM_SHA256, TLS_ECDHE_ECDSA_WITH_AES_256_CBC_SHA384, TLS_ECDHE_RSA_WITH_AES_256_CBC_SHA384, TLS_ECDHE_ECDSA_WITH_AES_128_CBC_SHA256, TLS_ECDHE_RSA_WITH_AES_128_CBC_SHA256, TLS_DHE_RSA_WITH_AES_256_CBC_SHA256, TLS_DHE_DSS_WITH_AES_256_CBC_SHA256, TLS_DHE_RSA_WITH_AES_128_CBC_SHA256, TLS_DHE_DSS_WITH_AES_128_CBC_SHA256, TLS_ECDH_ECDSA_WITH_AES_256_GCM_SHA384, TLS_ECDH_RSA_WITH_AES_256_GCM_SHA384, TLS_ECDH_ECDSA_WITH_AES_128_GCM_SHA256, TLS_ECDH_RSA_WITH_AES_128_GCM_SHA256, TLS_ECDH_ECDSA_WITH_AES_256_CBC_SHA384, TLS_ECDH_RSA_WITH_AES_256_CBC_SHA384, TLS_ECDH_ECDSA_WITH_AES_128_CBC_SHA256, TLS_ECDH_RSA_WITH_AES_128_CBC_SHA256, TLS_ECDHE_ECDSA_WITH_AES_256_CBC_SHA, TLS_ECDHE_RSA_WITH_AES_256_CBC_SHA, TLS_ECDHE_ECDSA_WITH_AES_128_CBC_SHA, TLS_ECDHE_RSA_WITH_AES_128_CBC_SHA, TLS_DHE_RSA_WITH_AES_256_CBC_SHA, TLS_DHE_DSS_WITH_AES_256_CBC_SHA, TLS_DHE_RSA_WITH_AES_128_CBC_SHA, TLS_DHE_DSS_WITH_AES_128_CBC_SHA, TLS_ECDH_ECDSA_WITH_AES_256_CBC_SHA, TLS_ECDH_RSA_WITH_AES_256_CBC_SHA, TLS_ECDH_ECDSA_WITH_AES_128_CBC_SHA, TLS_ECDH_RSA_WITH_AES_128_CBC_SHA, TLS_RSA_WITH_AES_256_GCM_SHA384, TLS_RSA_WITH_AES_128_GCM_SHA256, TLS_RSA_WITH_AES_256_CBC_SHA256, TLS_RSA_WITH_AES_128_CBC_SHA256, TLS_RSA_WITH_AES_256_CBC_SHA, TLS_RSA_WITH_AES_128_CBC_SHA, TLS_EMPTY_RENEGOTIATION_INFO_SCSV]
14:14:47.533 [main] DEBUG org.apache.http.conn.ssl.SSLConnectionSocketFactory - Starting handshake
14:14:47.722 [main] DEBUG org.apache.http.conn.ssl.SSLConnectionSocketFactory - Secure session established
14:14:47.722 [main] DEBUG org.apache.http.conn.ssl.SSLConnectionSocketFactory -  negotiated protocol: TLSv1.3
14:14:47.722 [main] DEBUG org.apache.http.conn.ssl.SSLConnectionSocketFactory -  negotiated cipher suite: TLS_AES_256_GCM_SHA384
14:14:47.722 [main] DEBUG org.apache.http.conn.ssl.SSLConnectionSocketFactory -  peer principal: CN=apipanapayqa.coonecta.com.ec, O=Red Transaccional Cooperativa S.A. RTC, L=Quito, ST=Pichincha, C=EC
14:14:47.722 [main] DEBUG org.apache.http.conn.ssl.SSLConnectionSocketFactory -  peer alternative names: [apipanapayqa.coonecta.com.ec]
14:14:47.722 [main] DEBUG org.apache.http.conn.ssl.SSLConnectionSocketFactory -  issuer principal: CN=DigiCert Global G2 TLS RSA SHA256 2020 CA1, O=DigiCert Inc, C=US
14:14:47.722 [main] DEBUG org.apache.http.impl.conn.DefaultHttpClientConnectionOperator - Connection established 10.10.10.151:54140<->10.1.0.133:443
14:14:47.722 [main] DEBUG org.apache.http.impl.conn.DefaultManagedHttpClientConnection - http-outgoing-11: set socket timeout to 30000
14:14:47.722 [main] DEBUG org.apache.http.impl.execchain.MainClientExec - Executing request POST /api/switchcentral/finan/transferencia HTTP/1.1
14:14:47.722 [main] DEBUG org.apache.http.impl.execchain.MainClientExec - Proxy auth state: UNCHALLENGED
14:14:47.722 [main] DEBUG org.apache.http.headers - http-outgoing-11 >> POST /api/switchcentral/finan/transferencia HTTP/1.1
14:14:47.722 [main] DEBUG org.apache.http.headers - http-outgoing-11 >> Content-Type: application/json; charset=UTF-8
14:14:47.722 [main] DEBUG org.apache.http.headers - http-outgoing-11 >> Authorization: Bearer eyJhbGciOiJSUzI1NiIsInR5cCIgOiAiSldUIiwia2lkIiA6ICI2dUJWTkN6VlViUFBlTFdReEM0WDAyYVM3UnM2UGRYV1dja1dfc0xZMHlFIn0.eyJleHAiOjE3NjExNjA3NTAsImlhdCI6MTc2MTE2MDQ1MCwianRpIjoidHJydGNjOjQ5Yjg0NDVjLTgzYTAtMjI4Ni02NDczLWE2ZGEzOTBhOWQ0YSIsImlzcyI6Imh0dHBzOi8vYXV0ZW50aWNhY2lvbnFhLmNvb25lY3RhLmNvbS5lYy9hdXRoL3JlYWxtcy9QQU5BUEFZIiwiYXVkIjoiYWNjb3VudCIsInN1YiI6Ijk5OGMyZmUwLTJjOGYtNGQwNC1iZjExLWY1OWExZTM5ODg3MyIsInR5cCI6IkJlYXJlciIsImF6cCI6IjAyMDVjYiIsImFjciI6IjEiLCJhbGxvd2VkLW9yaWdpbnMiOlsiLyoiXSwicmVhbG1fYWNjZXNzIjp7InJvbGVzIjpbImRlZmF1bHQtcm9sZXMtYWRtaW5wYW5hcGF5Iiwib2ZmbGluZV9hY2Nlc3MiLCJ1bWFfYXV0aG9yaXphdGlvbiJdfSwicmVzb3VyY2VfYWNjZXNzIjp7IjAyMDVjYiI6eyJyb2xlcyI6WyJ1bWFfcHJvdGVjdGlvbiJdfSwiYWNjb3VudCI6eyJyb2xlcyI6WyJtYW5hZ2UtYWNjb3VudCIsIm1hbmFnZS1hY2NvdW50LWxpbmtzIiwidmlldy1wcm9maWxlIl19fSwic2NvcGUiOiJwcm9maWxlIGVtYWlsIiwiZW1haWxfdmVyaWZpZWQiOmZhbHNlLCJjbGllbnRIb3N0IjoiMTAuMTAuMTAuMTUxIiwicHJlZmVycmVkX3VzZXJuYW1lIjoic2VydmljZS1hY2NvdW50LTAyMDVjYiIsImNsaWVudEFkZHJlc3MiOiIxMC4xMC4xMC4xNTEiLCJjbGllbnRfaWQiOiIwMjA1Y2IifQ.bATUogohrEqy7Voa4mFnsBzOnGy6tnjZGh_lOYRn-0hWXMY_fz-280nTu2Vv68eO3HeoewtWlt45S_iLI2-ml3pqpAlt3DXWVmLvVHw6d7TICHBfQsa0jGXMexKnyar7EinrVhF3deSK25Ap_ajC_82EvVvXrVG-7p9F1dEdq39y2R72JympejF5uhY_z_jNmqJSsnLEZVOo3WMJn76u9tTcYVIldC5uWGFWbPGEhvWPx4ZGpsuq_wrPOGdRmyJDFJPJl7LnLGHK0DBhuVtJUq_NFQkMus2fTTf_mWhRnoqNU-wUCS-fxMs6QusGzIVd-C3O29J3rerHTrGg21LAsQ
14:14:47.724 [main] DEBUG org.apache.http.headers - http-outgoing-11 >> Content-Length: 512
14:14:47.724 [main] DEBUG org.apache.http.headers - http-outgoing-11 >> Host: apipanapayqa.coonecta.com.ec
14:14:47.724 [main] DEBUG org.apache.http.headers - http-outgoing-11 >> Connection: Keep-Alive
14:14:47.724 [main] DEBUG org.apache.http.headers - http-outgoing-11 >> User-Agent: Apache-HttpClient/4.5.14 (Java/17.0.12)
14:14:47.724 [main] DEBUG org.apache.http.headers - http-outgoing-11 >> Accept-Encoding: gzip,deflate
14:14:47.724 [main] DEBUG org.apache.http.wire - http-outgoing-11 >> "POST /api/switchcentral/finan/transferencia HTTP/1.1[\r][\n]"
14:14:47.724 [main] DEBUG org.apache.http.wire - http-outgoing-11 >> "Content-Type: application/json; charset=UTF-8[\r][\n]"
14:14:47.724 [main] DEBUG org.apache.http.wire - http-outgoing-11 >> "Authorization: Bearer eyJhbGciOiJSUzI1NiIsInR5cCIgOiAiSldUIiwia2lkIiA6ICI2dUJWTkN6VlViUFBlTFdReEM0WDAyYVM3UnM2UGRYV1dja1dfc0xZMHlFIn0.eyJleHAiOjE3NjExNjA3NTAsImlhdCI6MTc2MTE2MDQ1MCwianRpIjoidHJydGNjOjQ5Yjg0NDVjLTgzYTAtMjI4Ni02NDczLWE2ZGEzOTBhOWQ0YSIsImlzcyI6Imh0dHBzOi8vYXV0ZW50aWNhY2lvbnFhLmNvb25lY3RhLmNvbS5lYy9hdXRoL3JlYWxtcy9QQU5BUEFZIiwiYXVkIjoiYWNjb3VudCIsInN1YiI6Ijk5OGMyZmUwLTJjOGYtNGQwNC1iZjExLWY1OWExZTM5ODg3MyIsInR5cCI6IkJlYXJlciIsImF6cCI6IjAyMDVjYiIsImFjciI6IjEiLCJhbGxvd2VkLW9yaWdpbnMiOlsiLyoiXSwicmVhbG1fYWNjZXNzIjp7InJvbGVzIjpbImRlZmF1bHQtcm9sZXMtYWRtaW5wYW5hcGF5Iiwib2ZmbGluZV9hY2Nlc3MiLCJ1bWFfYXV0aG9yaXphdGlvbiJdfSwicmVzb3VyY2VfYWNjZXNzIjp7IjAyMDVjYiI6eyJyb2xlcyI6WyJ1bWFfcHJvdGVjdGlvbiJdfSwiYWNjb3VudCI6eyJyb2xlcyI6WyJtYW5hZ2UtYWNjb3VudCIsIm1hbmFnZS1hY2NvdW50LWxpbmtzIiwidmlldy1wcm9maWxlIl19fSwic2NvcGUiOiJwcm9maWxlIGVtYWlsIiwiZW1haWxfdmVyaWZpZWQiOmZhbHNlLCJjbGllbnRIb3N0IjoiMTAuMTAuMTAuMTUxIiwicHJlZmVycmVkX3VzZXJuYW1lIjoic2VydmljZS1hY2NvdW50LTAyMDVjYiIsImNsaWVudEFkZHJlc3MiOiIxMC4xMC4xMC4xNTEiLCJjbGllbnRfaWQiOiIwMjA1Y2IifQ.bATUogohrEqy7Voa4mFnsBzOnGy6tnjZGh_lOYRn-0hWXMY_fz-280nTu2Vv68eO3HeoewtWlt45S_iLI2-ml3pqpAlt3DXWVmLvVHw6d7TICHBfQsa0jGXMexKnyar7EinrVhF3deSK25Ap_ajC_82EvVvXrVG-7p9F1dEdq39y2R72JympejF5uhY_z_jNmqJSsnLEZVOo3WMJn76u9tTcYVIldC5uWGFWbPGEhvWPx4ZGpsuq_wrPOGdRmyJDFJPJl7LnLGHK0DBhuVtJUq_NFQkMus2fTTf_mWhRnoqNU-wUCS-fxMs6QusGzIVd-C3O29J3rerHTrGg21LAsQ[\r][\n]"
14:14:47.724 [main] DEBUG org.apache.http.wire - http-outgoing-11 >> "Content-Length: 512[\r][\n]"
14:14:47.724 [main] DEBUG org.apache.http.wire - http-outgoing-11 >> "Host: apipanapayqa.coonecta.com.ec[\r][\n]"
14:14:47.724 [main] DEBUG org.apache.http.wire - http-outgoing-11 >> "Connection: Keep-Alive[\r][\n]"
14:14:47.724 [main] DEBUG org.apache.http.wire - http-outgoing-11 >> "User-Agent: Apache-HttpClient/4.5.14 (Java/17.0.12)[\r][\n]"
14:14:47.724 [main] DEBUG org.apache.http.wire - http-outgoing-11 >> "Accept-Encoding: gzip,deflate[\r][\n]"
14:14:47.724 [main] DEBUG org.apache.http.wire - http-outgoing-11 >> "[\r][\n]"
14:14:47.724 [main] DEBUG org.apache.http.wire - http-outgoing-11 >> "{"GrpHdr":{"msgId":"02052025102232799996672","creDtTm":"2025-10-22T14:14:47","nbOfTxs":1,"sttlmInf":{"sttlmMtd":"INGA"},"instgAgt":{"finInstnId":"0205"},"InstdAgt":{"FinInstnId":"0205"},"Mge":{"Type":"acmt.998.321.01"},"ChnlId":"APP"},"CdtTrfTxInf":{"PmtId":{"EndToEndId":"02052025102212553"},"IntrBkSttlmAmt":{"Amt":2.99,"Ccy":"USD"},"DbtrAcctId":{"IBAN":"EC5002051000000000020501052673"},"CdtrAcctId":{"IBAN":"EC0402051000000000020101002318"},"Prtry":{"CustRef":"QA22","ChanRef":"TERM001","AgtRef":"AGT0002"}}}"
14:14:50.743 [main] DEBUG org.apache.http.wire - http-outgoing-11 << "HTTP/1.1 200 OK[\r][\n]"
14:14:50.743 [main] DEBUG org.apache.http.wire - http-outgoing-11 << "Date: Wed, 22 Oct 2025 19:14:41 GMT[\r][\n]"
14:14:50.743 [main] DEBUG org.apache.http.wire - http-outgoing-11 << "Content-Type: application/json; charset=utf-8[\r][\n]"
14:14:50.743 [main] DEBUG org.apache.http.wire - http-outgoing-11 << "Transfer-Encoding: chunked[\r][\n]"
14:14:50.743 [main] DEBUG org.apache.http.wire - http-outgoing-11 << "Connection: keep-alive[\r][\n]"
14:14:50.743 [main] DEBUG org.apache.http.wire - http-outgoing-11 << "Server: Kestrel[\r][\n]"
14:14:50.743 [main] DEBUG org.apache.http.wire - http-outgoing-11 << "Content-Encoding: gzip[\r][\n]"
14:14:50.743 [main] DEBUG org.apache.http.wire - http-outgoing-11 << "Set-Cookie: ARRAffinity=135f536e0d078a815c3b83fda3468ab8a3a2abc604a35eefb28648d3961cfa9b;Path=/;HttpOnly;Secure;Domain=app-apipanapay-qa.azurewebsites.net[\r][\n]"
14:14:50.743 [main] DEBUG org.apache.http.wire - http-outgoing-11 << "Set-Cookie: ARRAffinitySameSite=135f536e0d078a815c3b83fda3468ab8a3a2abc604a35eefb28648d3961cfa9b;Path=/;HttpOnly;SameSite=None;Secure;Domain=app-apipanapay-qa.azurewebsites.net[\r][\n]"
14:14:50.743 [main] DEBUG org.apache.http.wire - http-outgoing-11 << "Vary: Accept-Encoding[\r][\n]"
14:14:50.743 [main] DEBUG org.apache.http.wire - http-outgoing-11 << "Request-Context: appId=cid-v1:a7a77847-2713-450f-9030-b350a2d54a28[\r][\n]"
14:14:50.743 [main] DEBUG org.apache.http.wire - http-outgoing-11 << "X-Powered-By: ASP.NET[\r][\n]"
14:14:50.743 [main] DEBUG org.apache.http.wire - http-outgoing-11 << "X-ARR-ClientCert: -----BEGIN%20CERTIFICATE-----%0AMIIEHDCCAgSgAwIBAgIUZIZBO0fb7VZ4KXrs01S4RYbWyJ8wDQYJKoZIhvcNAQEL%0ABQAwJTEjMCEGA1UEAwwacm9vdGNlcnQuY2JpYmxpYW4uaW50ZXJuYWwwHhcNMjUw%0AODEzMTMyNTU5WhcNMjgwODEyMTMyNTU5WjAnMSUwIwYDVQQDDBxjbGllbnRjZXJ0%0ALmNiaWJsaWFuLmludGVybmFsMIIBIjANBgkqhkiG9w0BAQEFAAOCAQ8AMIIBCgKC%0AAQEAskUDap6NmyYq8RT6F7z3DpZGQiflNQTvUT84TmxsKXEBRAkgINnkJqgKkd7f%0ASEybzqglQTbr4s41lCiPsy3X66qYjU2L%2Bojhni%2BOCVOX7n3JBYovL%2FqfMP3%2FkhZP%0AQIlK%2FQWPcrnl39fYkGOQv%2BYqoCGEPzGkib2m1Ma5Q1HOCKh1ErMjqTLGy%2ByJj6JY%0AiZvMx3YrJSvjUS0uKpNwxPtGyiexRfKsmR%2FHqPzRHa0iY%2B752KSgUedwJPv1Wod%2B%0AY9BMAMIdU25UtkUEsaOYtorGWDaZSn2Bl0LYmP87kjcYypnHx0jtPtUCXfVHrE6u%0AZnDRFYsZbeXylY3mJkyOL2DzZwIDAQABo0IwQDAdBgNVHQ4EFgQURPhJwTAcUWUp%0ArOqQO68P%2FbJoqjMwHwYDVR0jBBgwFoAU7GdlxoSeEXucEXhjadHRC9xzS0UwDQYJ%0AKoZIhvcNAQELBQADggIBAGTnlyF2n%2F6s9phYbO8V17niO0BXB62ToX6gPhcw9f3y%0AhMui6RnrM1oiHlBWqZquCqYJ5ETvYJE1RqvoqtGysxCnIj0OTJHV4WtF3SHsd1Tu%0ATg%2B%2FUnGivtBTDQxj9sbAtCaSYRBqPByP8jvSTDgXR1mgOrEGjr2PZdZSoKLj4OHi%0A9UCMJw7pJsyA4lbroKshQTYv5Ks5SqtJpdp0%2BUX0UUlbPJqXiadfbKdoXvEgcwbP%0ACqR9v7kGYmNxfaGLNGVrV%2BnLawIDmdYXJE%2F4WJh6sHfiZxEsE%2BB4PoKADrb1Eapt%0AnSdHUgRfc0i5f2lcmErnU8nCMO5TWdHFOgpYwTS8w17FhNFZpaSmyZKM7uHcUs7y%0AUbuiQtdXocfSSMf%2FeycBEU%2FHAVIWQEqY%2BbJdC0q%2FR%2BsESeBtXd4IEIxR0QfgscGk%0AJyCSFC8z%2FvCgrRsH5rePqKO7%2FLAsDTP4GIQNFNfF4Wh6bsPXuJmvvoMcnmy%2F58Wo%0AE0XaG8UPHVAeyEmhncdM32E7SJbR91aRr2CkV23OoUz%2BwKG2%2FuObHmAkuMkCbbcz%0AJQoC7DZg5FGw%2BZR7v1DIBct5QNJQ8bG%2FXGRxjWC6dU7jrGhOF1X%2B2YYcdx9XnwyM%0A9YPxUy5bVfMhIiKP2wEso5fjOZ4RTvnB5R6zD3maJK%2FtZAXVhtyqXSkBYFi4MvEs%0A-----END%20CERTIFICATE-----%0A[\r][\n]"
14:14:50.743 [main] DEBUG org.apache.http.wire - http-outgoing-11 << "[\r][\n]"
14:14:50.743 [main] DEBUG org.apache.http.wire - http-outgoing-11 << "1ce[\r][\n]"
14:14:50.743 [main] DEBUG org.apache.http.wire - http-outgoing-11 << "[0x1f][0x8b][0x8][0x0][0x0][0x0][0x0][0x0][0x4][0x0][0xed][0xbd][0x7]`[0x1c]I[0x96]%&/m[0xca]{J[0xf5]J[0xd7][0xe0]t[0xa1][0x8][0x80]`[0x13]$[0xd8][0x90]@[0x10][0xec][0xc1][0x88][0xcd][0xe6][0x92][0xec][0x1d]iG#)[0xab]*[0x81][0xca]eVe]f[0x16]@[0xcc][0xed][0x9d][0xbc][0xf7][0xde]{[0xef][0xbd][0xf7][0xde]{[0xef][0xbd][0xf7][0xba];[0x9d]N'[0xf7][0xdf][0xff]?\fd[0x1]l[0xf6][0xce]J[0xda][0xc9][0x9e]![0x80][0xaa][0xc8][0x1f]?~|[0x1f]?"~[0xf1]G[0x9f][0xd7][0xab]o[0xcf][0xea][0x8f][0x1e][0xfd][0xe2][0x8f][0xbe]h.[0xce]f[0x1f]=[0xfa]h[0x87][0x9e][0xbd][0x9d][0xbd][0xfb][0xbb];{[0xf4]c[0xe7][0xde][0xa7][0xfb][0x1f][0x8d]>:[0xa9][0xf3][0xa7][0xed][0x9b][0x5]}M[0x9f][0xdd][0xdf][0xde][0xdd][0xd9][0xde][0xdb]{[0xb3][0xbb][0xff][0x88][0xfe][0xb7][0xbf]C[0xdf][0xbf][0x98]|y[0xfe][0xe6]][0xf3][0xd1][0xa3][0xdd][0xd1]G[0xaf][0xdb][0xb6]\[0x9c]-[0xcf][0x1][0x94][0xff][0xa2][0x5][0xdc][0xb3][0x17][0x9f][0x1f][0xf4]KF[0x1f][0x9d]-[0x9b][0xf6][0xe2][0xf8][0xa2][0xc5][0xd7][0xcf][0x8a]%[0xfe]\J[0xc7]{;[0xf7]M[0x83][0xd9][0xa6][0x6]_\[0xe4][0xf8][0xee][0xcd][0xf5][0x8a]~~[0x94]M[0x17][0xed][0xf8][0xe1][0xc3][0x83][0xf1][0xbd][0xbd][0xbd][0xf1][0xce][0xce].Z[0x9c][0xcc][0x97]%[0xbf]r[0xfc][0xf2]%[0xff]=k[0xdf][0xd4][0x84][0xa0]b[0xf5]e}[0xb1][0xa4][0x81]{[0x95]v[0xf4][0xd4][0x7][0x86][0x88][0xd1][0xdf][0xdb]{[0xf0][0x90][0x9e]O?}[0xb0]GC[0x94]f[0x17]y[0xbf][0xdb][0xdd]1[0xf5][0xaa][\r]6[0x11][0xea][0x1]Py[0xb9]h[0xd1][0xd1]/[0xfe][0xe8]t9{S[0xd1]?[0xf8]+[0xe8]vw[0xef][0xfe][0xfd]{[0x4][0x8f][0xd0][0xc5]W[0xbb][0x7][0xf7][0xef][0x1d][0xe0][0xcd]7[0xef]^[0xb7]D[0xe1][0x8f][0xbe]|K_[0xbe]j[0x96][0x0]B?N[0xd0][0x88][0xe6][0xc][0xd3]p<[0x9b][0xb5]%[0xf][0xeb][0xa3]7u[0xb6]l[0xb2][0xe9][0xb4][0xf8]G[0xff][0xd6]ez[0xfa][0xae]h[0xab]&[0x3][0x94][0xa7][0x93][0x96][0xa7][0xfb]x[0xdd][0xce]O[0xaa][0x19][0x86][0x12]t[0xbe][0xbf][0xbb][0xbf][0xbf][0xfb]pg[0xf7][0xfe][0xc1][0xa7]hN[0x94][0xbb][0xb1][0xf9][0xde][0xbd][0xfb][0xfb]D*4[0xe7][0xf9]~JS[0xe7][\r][0xff][0xa3]_[0xf2]K[\r][\n]"
14:14:50.743 [main] DEBUG org.apache.http.wire - http-outgoing-11 << "a[\r][\n]"
14:14:50.743 [main] DEBUG org.apache.http.wire - http-outgoing-11 << "[0xfe][0x1f]h[0xbd][0xf8]sh[0x2][0x0][0x0][\r][\n]"
14:14:50.743 [main] DEBUG org.apache.http.wire - http-outgoing-11 << "0[\r][\n]"
14:14:50.743 [main] DEBUG org.apache.http.wire - http-outgoing-11 << "[\r][\n]"
14:14:50.743 [main] DEBUG org.apache.http.headers - http-outgoing-11 << HTTP/1.1 200 OK
14:14:50.743 [main] DEBUG org.apache.http.headers - http-outgoing-11 << Date: Wed, 22 Oct 2025 19:14:41 GMT
14:14:50.743 [main] DEBUG org.apache.http.headers - http-outgoing-11 << Content-Type: application/json; charset=utf-8
14:14:50.743 [main] DEBUG org.apache.http.headers - http-outgoing-11 << Transfer-Encoding: chunked
14:14:50.743 [main] DEBUG org.apache.http.headers - http-outgoing-11 << Connection: keep-alive
14:14:50.743 [main] DEBUG org.apache.http.headers - http-outgoing-11 << Server: Kestrel
14:14:50.743 [main] DEBUG org.apache.http.headers - http-outgoing-11 << Content-Encoding: gzip
14:14:50.743 [main] DEBUG org.apache.http.headers - http-outgoing-11 << Set-Cookie: ARRAffinity=135f536e0d078a815c3b83fda3468ab8a3a2abc604a35eefb28648d3961cfa9b;Path=/;HttpOnly;Secure;Domain=app-apipanapay-qa.azurewebsites.net
14:14:50.743 [main] DEBUG org.apache.http.headers - http-outgoing-11 << Set-Cookie: ARRAffinitySameSite=135f536e0d078a815c3b83fda3468ab8a3a2abc604a35eefb28648d3961cfa9b;Path=/;HttpOnly;SameSite=None;Secure;Domain=app-apipanapay-qa.azurewebsites.net
14:14:50.743 [main] DEBUG org.apache.http.headers - http-outgoing-11 << Vary: Accept-Encoding
14:14:50.743 [main] DEBUG org.apache.http.headers - http-outgoing-11 << Request-Context: appId=cid-v1:a7a77847-2713-450f-9030-b350a2d54a28
14:14:50.743 [main] DEBUG org.apache.http.headers - http-outgoing-11 << X-Powered-By: ASP.NET
14:14:50.743 [main] DEBUG org.apache.http.headers - http-outgoing-11 << X-ARR-ClientCert: -----BEGIN%20CERTIFICATE-----%0AMIIEHDCCAgSgAwIBAgIUZIZBO0fb7VZ4KXrs01S4RYbWyJ8wDQYJKoZIhvcNAQEL%0ABQAwJTEjMCEGA1UEAwwacm9vdGNlcnQuY2JpYmxpYW4uaW50ZXJuYWwwHhcNMjUw%0AODEzMTMyNTU5WhcNMjgwODEyMTMyNTU5WjAnMSUwIwYDVQQDDBxjbGllbnRjZXJ0%0ALmNiaWJsaWFuLmludGVybmFsMIIBIjANBgkqhkiG9w0BAQEFAAOCAQ8AMIIBCgKC%0AAQEAskUDap6NmyYq8RT6F7z3DpZGQiflNQTvUT84TmxsKXEBRAkgINnkJqgKkd7f%0ASEybzqglQTbr4s41lCiPsy3X66qYjU2L%2Bojhni%2BOCVOX7n3JBYovL%2FqfMP3%2FkhZP%0AQIlK%2FQWPcrnl39fYkGOQv%2BYqoCGEPzGkib2m1Ma5Q1HOCKh1ErMjqTLGy%2ByJj6JY%0AiZvMx3YrJSvjUS0uKpNwxPtGyiexRfKsmR%2FHqPzRHa0iY%2B752KSgUedwJPv1Wod%2B%0AY9BMAMIdU25UtkUEsaOYtorGWDaZSn2Bl0LYmP87kjcYypnHx0jtPtUCXfVHrE6u%0AZnDRFYsZbeXylY3mJkyOL2DzZwIDAQABo0IwQDAdBgNVHQ4EFgQURPhJwTAcUWUp%0ArOqQO68P%2FbJoqjMwHwYDVR0jBBgwFoAU7GdlxoSeEXucEXhjadHRC9xzS0UwDQYJ%0AKoZIhvcNAQELBQADggIBAGTnlyF2n%2F6s9phYbO8V17niO0BXB62ToX6gPhcw9f3y%0AhMui6RnrM1oiHlBWqZquCqYJ5ETvYJE1RqvoqtGysxCnIj0OTJHV4WtF3SHsd1Tu%0ATg%2B%2FUnGivtBTDQxj9sbAtCaSYRBqPByP8jvSTDgXR1mgOrEGjr2PZdZSoKLj4OHi%0A9UCMJw7pJsyA4lbroKshQTYv5Ks5SqtJpdp0%2BUX0UUlbPJqXiadfbKdoXvEgcwbP%0ACqR9v7kGYmNxfaGLNGVrV%2BnLawIDmdYXJE%2F4WJh6sHfiZxEsE%2BB4PoKADrb1Eapt%0AnSdHUgRfc0i5f2lcmErnU8nCMO5TWdHFOgpYwTS8w17FhNFZpaSmyZKM7uHcUs7y%0AUbuiQtdXocfSSMf%2FeycBEU%2FHAVIWQEqY%2BbJdC0q%2FR%2BsESeBtXd4IEIxR0QfgscGk%0AJyCSFC8z%2FvCgrRsH5rePqKO7%2FLAsDTP4GIQNFNfF4Wh6bsPXuJmvvoMcnmy%2F58Wo%0AE0XaG8UPHVAeyEmhncdM32E7SJbR91aRr2CkV23OoUz%2BwKG2%2FuObHmAkuMkCbbcz%0AJQoC7DZg5FGw%2BZR7v1DIBct5QNJQ8bG%2FXGRxjWC6dU7jrGhOF1X%2B2YYcdx9XnwyM%0A9YPxUy5bVfMhIiKP2wEso5fjOZ4RTvnB5R6zD3maJK%2FtZAXVhtyqXSkBYFi4MvEs%0A-----END%20CERTIFICATE-----%0A
14:14:50.746 [main] DEBUG org.apache.http.impl.execchain.MainClientExec - Connection can be kept alive indefinitely
14:14:50.746 [main] DEBUG org.apache.http.client.protocol.ResponseProcessCookies - Cookie accepted [ARRAffinity="135f536e0d078a815c3b83fda3468ab8a3a2abc604a35eefb28648d3961cfa9b", version:0, domain:app-apipanapay-qa.azurewebsites.net, path:/, expiry:null]
14:14:50.746 [main] DEBUG org.apache.http.client.protocol.ResponseProcessCookies - Cookie accepted [ARRAffinitySameSite="135f536e0d078a815c3b83fda3468ab8a3a2abc604a35eefb28648d3961cfa9b", version:0, domain:app-apipanapay-qa.azurewebsites.net, path:/, expiry:null]
14:14:50.746 [main] DEBUG org.apache.http.impl.conn.DefaultManagedHttpClientConnection - http-outgoing-11: Close connection
14:14:50.831 [main] DEBUG org.apache.http.impl.execchain.MainClientExec - Connection discarded
14:14:50.831 [main] DEBUG org.apache.http.impl.conn.PoolingHttpClientConnectionManager - Connection released: [id: 11][route: {s}->https://apipanapayqa.coonecta.com.ec:443][total available: 0; route allocated: 0 of 5; total allocated: 0 of 10]
14:14:50.831 [main] DEBUG org.apache.http.impl.conn.PoolingHttpClientConnectionManager - Connection manager is shutting down
14:14:50.831 [main] DEBUG org.apache.http.impl.conn.PoolingHttpClientConnectionManager - Connection manager shut down
14:14:50.837 [main] DEBUG com.intuit.karate - response time in milliseconds: 3303
1 < 200
1 < Date: Wed, 22 Oct 2025 19:14:41 GMT
1 < Content-Type: application/json; charset=utf-8
1 < Transfer-Encoding: chunked
1 < Connection: keep-alive
1 < Server: Kestrel
1 < Set-Cookie: ARRAffinity=135f536e0d078a815c3b83fda3468ab8a3a2abc604a35eefb28648d3961cfa9b;Path=/;HttpOnly;Secure;Domain=app-apipanapay-qa.azurewebsites.net
1 < Set-Cookie: ARRAffinitySameSite=135f536e0d078a815c3b83fda3468ab8a3a2abc604a35eefb28648d3961cfa9b;Path=/;HttpOnly;SameSite=None;Secure;Domain=app-apipanapay-qa.azurewebsites.net
1 < Vary: Accept-Encoding
1 < Request-Context: appId=cid-v1:a7a77847-2713-450f-9030-b350a2d54a28
1 < X-Powered-By: ASP.NET
1 < X-ARR-ClientCert: -----BEGIN%20CERTIFICATE-----%0AMIIEHDCCAgSgAwIBAgIUZIZBO0fb7VZ4KXrs01S4RYbWyJ8wDQYJKoZIhvcNAQEL%0ABQAwJTEjMCEGA1UEAwwacm9vdGNlcnQuY2JpYmxpYW4uaW50ZXJuYWwwHhcNMjUw%0AODEzMTMyNTU5WhcNMjgwODEyMTMyNTU5WjAnMSUwIwYDVQQDDBxjbGllbnRjZXJ0%0ALmNiaWJsaWFuLmludGVybmFsMIIBIjANBgkqhkiG9w0BAQEFAAOCAQ8AMIIBCgKC%0AAQEAskUDap6NmyYq8RT6F7z3DpZGQiflNQTvUT84TmxsKXEBRAkgINnkJqgKkd7f%0ASEybzqglQTbr4s41lCiPsy3X66qYjU2L%2Bojhni%2BOCVOX7n3JBYovL%2FqfMP3%2FkhZP%0AQIlK%2FQWPcrnl39fYkGOQv%2BYqoCGEPzGkib2m1Ma5Q1HOCKh1ErMjqTLGy%2ByJj6JY%0AiZvMx3YrJSvjUS0uKpNwxPtGyiexRfKsmR%2FHqPzRHa0iY%2B752KSgUedwJPv1Wod%2B%0AY9BMAMIdU25UtkUEsaOYtorGWDaZSn2Bl0LYmP87kjcYypnHx0jtPtUCXfVHrE6u%0AZnDRFYsZbeXylY3mJkyOL2DzZwIDAQABo0IwQDAdBgNVHQ4EFgQURPhJwTAcUWUp%0ArOqQO68P%2FbJoqjMwHwYDVR0jBBgwFoAU7GdlxoSeEXucEXhjadHRC9xzS0UwDQYJ%0AKoZIhvcNAQELBQADggIBAGTnlyF2n%2F6s9phYbO8V17niO0BXB62ToX6gPhcw9f3y%0AhMui6RnrM1oiHlBWqZquCqYJ5ETvYJE1RqvoqtGysxCnIj0OTJHV4WtF3SHsd1Tu%0ATg%2B%2FUnGivtBTDQxj9sbAtCaSYRBqPByP8jvSTDgXR1mgOrEGjr2PZdZSoKLj4OHi%0A9UCMJw7pJsyA4lbroKshQTYv5Ks5SqtJpdp0%2BUX0UUlbPJqXiadfbKdoXvEgcwbP%0ACqR9v7kGYmNxfaGLNGVrV%2BnLawIDmdYXJE%2F4WJh6sHfiZxEsE%2BB4PoKADrb1Eapt%0AnSdHUgRfc0i5f2lcmErnU8nCMO5TWdHFOgpYwTS8w17FhNFZpaSmyZKM7uHcUs7y%0AUbuiQtdXocfSSMf%2FeycBEU%2FHAVIWQEqY%2BbJdC0q%2FR%2BsESeBtXd4IEIxR0QfgscGk%0AJyCSFC8z%2FvCgrRsH5rePqKO7%2FLAsDTP4GIQNFNfF4Wh6bsPXuJmvvoMcnmy%2F58Wo%0AE0XaG8UPHVAeyEmhncdM32E7SJbR91aRr2CkV23OoUz%2BwKG2%2FuObHmAkuMkCbbcz%0AJQoC7DZg5FGw%2BZR7v1DIBct5QNJQ8bG%2FXGRxjWC6dU7jrGhOF1X%2B2YYcdx9XnwyM%0A9YPxUy5bVfMhIiKP2wEso5fjOZ4RTvnB5R6zD3maJK%2FtZAXVhtyqXSkBYFi4MvEs%0A-----END%20CERTIFICATE-----%0A
{"GrpHdr":{"MsgId":"000020251022020364","CreDtTm":"2025-10-22T14:14:40","NbOfTxs":1,"SttlmInf":{"SttlmMtd":"INGA"},"InstgAgt":{"FinInstnId":"0205"},"InstdAgt":{"FinInstnId":"0205"},"Mge":{"Type":"acmt.998.322.001"},"ChnlId":"APP"},"CdtTrfTxInf":{"OrgnGrpInf":{"OrgnlMsgId":"02052025102232799996672","OrgnlMgeType":"acmt.998.321.01","OrgnlCreDtTm":"2025-10-22T14:14:47"},"PmtId":{"EndToEndId":"02052025102212553","TxId":"18538"},"TxSts":"Ok","Rsn":{"RsnCd":"0000","AddtlInf":"Transacción Exitosa"},"Dbtr":{"AuthCode":"020520251022141441901586"},"Cdtr":{"AuthCode":"020520251022141442354279"},"SttlmDt":"2025-10-22"}}

14:14:50.839 [main] ERROR com.intuit.karate - classpath:Transferencia.feature:295
Then match responseStatus in normalizedStatus
no step-definition method match found for: match responseStatus in normalizedStatus
classpath:Transferencia.feature:295
]]></system-out>
  </testcase>
  <testcase name="[12:299] Transferencia no exitosa, monto minimo entero de 1.00" classname="Transferencia" time="3.68">
    <failure message="no step-definition method match found for: match responseStatus in normalizedStatus&#10;classpath:Transferencia.feature:306" type="org.opentest4j.AssertionFailedError"><![CDATA[org.opentest4j.AssertionFailedError: 
no step-definition method match found for: match responseStatus in normalizedStatus
classpath:Transferencia.feature:306
	at org.junit.jupiter.api.AssertionUtils.fail(AssertionUtils.java:38)
	at org.junit.jupiter.api.Assertions.fail(Assertions.java:135)
	at com.intuit.karate.junit5.FeatureNode.lambda$next$1(FeatureNode.java:86)
	at org.junit.jupiter.engine.descriptor.DynamicTestTestDescriptor.lambda$execute$0(DynamicTestTestDescriptor.java:53)
	at org.junit.jupiter.engine.execution.InvocationInterceptorChain$ValidatingInvocation.proceed(InvocationInterceptorChain.java:131)
	at org.junit.jupiter.api.extension.InvocationInterceptor.interceptDynamicTest(InvocationInterceptor.java:167)
	at org.junit.jupiter.api.extension.InvocationInterceptor.interceptDynamicTest(InvocationInterceptor.java:184)
	at org.junit.jupiter.engine.descriptor.DynamicTestTestDescriptor.lambda$execute$1(DynamicTestTestDescriptor.java:61)
	at org.junit.jupiter.engine.execution.InvocationInterceptorChain$InterceptorCall.lambda$ofVoid$0(InvocationInterceptorChain.java:78)
	at org.junit.jupiter.engine.execution.InvocationInterceptorChain$InterceptedInvocation.proceed(InvocationInterceptorChain.java:106)
	at org.junit.jupiter.engine.execution.InvocationInterceptorChain.proceed(InvocationInterceptorChain.java:64)
	at org.junit.jupiter.engine.execution.InvocationInterceptorChain.chainAndInvoke(InvocationInterceptorChain.java:45)
	at org.junit.jupiter.engine.execution.InvocationInterceptorChain.invoke(InvocationInterceptorChain.java:37)
	at org.junit.jupiter.engine.descriptor.DynamicTestTestDescriptor.execute(DynamicTestTestDescriptor.java:60)
	at org.junit.jupiter.engine.descriptor.DynamicTestTestDescriptor.execute(DynamicTestTestDescriptor.java:32)
	at org.junit.platform.engine.support.hierarchical.NodeTestTask.lambda$executeRecursively$6(NodeTestTask.java:151)
	at org.junit.platform.engine.support.hierarchical.ThrowableCollector.execute(ThrowableCollector.java:73)
	at org.junit.platform.engine.support.hierarchical.NodeTestTask.lambda$executeRecursively$8(NodeTestTask.java:141)
	at org.junit.platform.engine.support.hierarchical.Node.around(Node.java:137)
	at org.junit.platform.engine.support.hierarchical.NodeTestTask.lambda$executeRecursively$9(NodeTestTask.java:139)
	at org.junit.platform.engine.support.hierarchical.ThrowableCollector.execute(ThrowableCollector.java:73)
	at org.junit.platform.engine.support.hierarchical.NodeTestTask.executeRecursively(NodeTestTask.java:138)
	at org.junit.platform.engine.support.hierarchical.NodeTestTask.execute(NodeTestTask.java:95)
	at org.junit.platform.engine.support.hierarchical.SameThreadHierarchicalTestExecutorService.submit(SameThreadHierarchicalTestExecutorService.java:35)
	at org.junit.platform.engine.support.hierarchical.NodeTestTask$DefaultDynamicTestExecutor.execute(NodeTestTask.java:226)
	at org.junit.platform.engine.support.hierarchical.NodeTestTask$DefaultDynamicTestExecutor.execute(NodeTestTask.java:204)
	at java.base/java.util.stream.ForEachOps$ForEachOp$OfRef.accept(ForEachOps.java:183)
	at java.base/java.util.stream.ReferencePipeline$3$1.accept(ReferencePipeline.java:197)
	at java.base/java.util.stream.ReferencePipeline$2$1.accept(ReferencePipeline.java:179)
	at java.base/java.util.stream.ReferencePipeline$3$1.accept(ReferencePipeline.java:197)
	at java.base/java.util.Iterator.forEachRemaining(Iterator.java:133)
	at java.base/java.util.Spliterators$IteratorSpliterator.forEachRemaining(Spliterators.java:1845)
	at java.base/java.util.stream.AbstractPipeline.copyInto(AbstractPipeline.java:509)
	at java.base/java.util.stream.AbstractPipeline.wrapAndCopyInto(AbstractPipeline.java:499)
	at java.base/java.util.stream.ForEachOps$ForEachOp.evaluateSequential(ForEachOps.java:150)
	at java.base/java.util.stream.ForEachOps$ForEachOp$OfRef.evaluateSequential(ForEachOps.java:173)
	at java.base/java.util.stream.AbstractPipeline.evaluate(AbstractPipeline.java:234)
	at java.base/java.util.stream.ReferencePipeline.forEachOrdered(ReferencePipeline.java:601)
	at org.junit.jupiter.engine.descriptor.DynamicContainerTestDescriptor.execute(DynamicContainerTestDescriptor.java:67)
	at org.junit.jupiter.engine.descriptor.DynamicContainerTestDescriptor.execute(DynamicContainerTestDescriptor.java:33)
	at org.junit.platform.engine.support.hierarchical.NodeTestTask.lambda$executeRecursively$6(NodeTestTask.java:151)
	at org.junit.platform.engine.support.hierarchical.ThrowableCollector.execute(ThrowableCollector.java:73)
	at org.junit.platform.engine.support.hierarchical.NodeTestTask.lambda$executeRecursively$8(NodeTestTask.java:141)
	at org.junit.platform.engine.support.hierarchical.Node.around(Node.java:137)
	at org.junit.platform.engine.support.hierarchical.NodeTestTask.lambda$executeRecursively$9(NodeTestTask.java:139)
	at org.junit.platform.engine.support.hierarchical.ThrowableCollector.execute(ThrowableCollector.java:73)
	at org.junit.platform.engine.support.hierarchical.NodeTestTask.executeRecursively(NodeTestTask.java:138)
	at org.junit.platform.engine.support.hierarchical.NodeTestTask.execute(NodeTestTask.java:95)
	at org.junit.platform.engine.support.hierarchical.SameThreadHierarchicalTestExecutorService.submit(SameThreadHierarchicalTestExecutorService.java:35)
	at org.junit.platform.engine.support.hierarchical.NodeTestTask$DefaultDynamicTestExecutor.execute(NodeTestTask.java:226)
	at org.junit.platform.engine.support.hierarchical.NodeTestTask$DefaultDynamicTestExecutor.execute(NodeTestTask.java:204)
	at java.base/java.util.Optional.ifPresent(Optional.java:178)
	at org.junit.jupiter.engine.descriptor.TestFactoryTestDescriptor.lambda$invokeTestMethod$1(TestFactoryTestDescriptor.java:108)
	at org.junit.platform.engine.support.hierarchical.ThrowableCollector.execute(ThrowableCollector.java:73)
	at org.junit.jupiter.engine.descriptor.TestFactoryTestDescriptor.invokeTestMethod(TestFactoryTestDescriptor.java:95)
	at org.junit.jupiter.engine.descriptor.TestMethodTestDescriptor.execute(TestMethodTestDescriptor.java:138)
	at org.junit.jupiter.engine.descriptor.TestMethodTestDescriptor.execute(TestMethodTestDescriptor.java:68)
	at org.junit.platform.engine.support.hierarchical.NodeTestTask.lambda$executeRecursively$6(NodeTestTask.java:151)
	at org.junit.platform.engine.support.hierarchical.ThrowableCollector.execute(ThrowableCollector.java:73)
	at org.junit.platform.engine.support.hierarchical.NodeTestTask.lambda$executeRecursively$8(NodeTestTask.java:141)
	at org.junit.platform.engine.support.hierarchical.Node.around(Node.java:137)
	at org.junit.platform.engine.support.hierarchical.NodeTestTask.lambda$executeRecursively$9(NodeTestTask.java:139)
	at org.junit.platform.engine.support.hierarchical.ThrowableCollector.execute(ThrowableCollector.java:73)
	at org.junit.platform.engine.support.hierarchical.NodeTestTask.executeRecursively(NodeTestTask.java:138)
	at org.junit.platform.engine.support.hierarchical.NodeTestTask.execute(NodeTestTask.java:95)
	at java.base/java.util.ArrayList.forEach(ArrayList.java:1511)
	at org.junit.platform.engine.support.hierarchical.SameThreadHierarchicalTestExecutorService.invokeAll(SameThreadHierarchicalTestExecutorService.java:41)
	at org.junit.platform.engine.support.hierarchical.NodeTestTask.lambda$executeRecursively$6(NodeTestTask.java:155)
	at org.junit.platform.engine.support.hierarchical.ThrowableCollector.execute(ThrowableCollector.java:73)
	at org.junit.platform.engine.support.hierarchical.NodeTestTask.lambda$executeRecursively$8(NodeTestTask.java:141)
	at org.junit.platform.engine.support.hierarchical.Node.around(Node.java:137)
	at org.junit.platform.engine.support.hierarchical.NodeTestTask.lambda$executeRecursively$9(NodeTestTask.java:139)
	at org.junit.platform.engine.support.hierarchical.ThrowableCollector.execute(ThrowableCollector.java:73)
	at org.junit.platform.engine.support.hierarchical.NodeTestTask.executeRecursively(NodeTestTask.java:138)
	at org.junit.platform.engine.support.hierarchical.NodeTestTask.execute(NodeTestTask.java:95)
	at java.base/java.util.ArrayList.forEach(ArrayList.java:1511)
	at org.junit.platform.engine.support.hierarchical.SameThreadHierarchicalTestExecutorService.invokeAll(SameThreadHierarchicalTestExecutorService.java:41)
	at org.junit.platform.engine.support.hierarchical.NodeTestTask.lambda$executeRecursively$6(NodeTestTask.java:155)
	at org.junit.platform.engine.support.hierarchical.ThrowableCollector.execute(ThrowableCollector.java:73)
	at org.junit.platform.engine.support.hierarchical.NodeTestTask.lambda$executeRecursively$8(NodeTestTask.java:141)
	at org.junit.platform.engine.support.hierarchical.Node.around(Node.java:137)
	at org.junit.platform.engine.support.hierarchical.NodeTestTask.lambda$executeRecursively$9(NodeTestTask.java:139)
	at org.junit.platform.engine.support.hierarchical.ThrowableCollector.execute(ThrowableCollector.java:73)
	at org.junit.platform.engine.support.hierarchical.NodeTestTask.executeRecursively(NodeTestTask.java:138)
	at org.junit.platform.engine.support.hierarchical.NodeTestTask.execute(NodeTestTask.java:95)
	at org.junit.platform.engine.support.hierarchical.SameThreadHierarchicalTestExecutorService.submit(SameThreadHierarchicalTestExecutorService.java:35)
	at org.junit.platform.engine.support.hierarchical.HierarchicalTestExecutor.execute(HierarchicalTestExecutor.java:57)
	at org.junit.platform.engine.support.hierarchical.HierarchicalTestEngine.execute(HierarchicalTestEngine.java:54)
	at org.junit.platform.launcher.core.EngineExecutionOrchestrator.execute(EngineExecutionOrchestrator.java:147)
	at org.junit.platform.launcher.core.EngineExecutionOrchestrator.execute(EngineExecutionOrchestrator.java:127)
	at org.junit.platform.launcher.core.EngineExecutionOrchestrator.execute(EngineExecutionOrchestrator.java:90)
	at org.junit.platform.launcher.core.EngineExecutionOrchestrator.lambda$execute$0(EngineExecutionOrchestrator.java:55)
	at org.junit.platform.launcher.core.EngineExecutionOrchestrator.withInterceptedStreams(EngineExecutionOrchestrator.java:102)
	at org.junit.platform.launcher.core.EngineExecutionOrchestrator.execute(EngineExecutionOrchestrator.java:54)
	at org.junit.platform.launcher.core.DefaultLauncher.execute(DefaultLauncher.java:114)
	at org.junit.platform.launcher.core.DefaultLauncher.execute(DefaultLauncher.java:86)
	at org.junit.platform.launcher.core.DefaultLauncherSession$DelegatingLauncher.execute(DefaultLauncherSession.java:86)
	at org.apache.maven.surefire.junitplatform.LazyLauncher.execute(LazyLauncher.java:56)
	at org.apache.maven.surefire.junitplatform.JUnitPlatformProvider.execute(JUnitPlatformProvider.java:184)
	at org.apache.maven.surefire.junitplatform.JUnitPlatformProvider.invokeAllTests(JUnitPlatformProvider.java:148)
	at org.apache.maven.surefire.junitplatform.JUnitPlatformProvider.invoke(JUnitPlatformProvider.java:122)
	at org.apache.maven.surefire.booter.ForkedBooter.runSuitesInProcess(ForkedBooter.java:385)
	at org.apache.maven.surefire.booter.ForkedBooter.execute(ForkedBooter.java:162)
	at org.apache.maven.surefire.booter.ForkedBooter.run(ForkedBooter.java:507)
	at org.apache.maven.surefire.booter.ForkedBooter.main(ForkedBooter.java:495)
]]></failure>
    <system-out><![CDATA[14:14:50.861 [main] DEBUG com.intuit.karate - key store key count for classpath:certificado/clientcert.cbiblian.internal 1.pfx: 1
14:14:50.873 [main] DEBUG com.jayway.jsonpath.internal.path.CompiledPath - Evaluating path: $
14:14:50.875 [main] DEBUG com.jayway.jsonpath.internal.path.CompiledPath - Evaluating path: $['Authorization']
14:14:50.875 [main] DEBUG com.jayway.jsonpath.internal.path.CompiledPath - Evaluating path: $
14:14:50.875 [main] DEBUG com.jayway.jsonpath.internal.path.CompiledPath - Evaluating path: $
14:14:50.875 [main] DEBUG com.jayway.jsonpath.internal.JsonContext - Put path $ key Authorization value {}
14:14:50.875 [main] DEBUG com.jayway.jsonpath.internal.path.CompiledPath - Evaluating path: $
14:14:50.875 [main] DEBUG com.jayway.jsonpath.internal.JsonContext - Put path $ key Authorization value Bearer eyJhbGciOiJSUzI1NiIsInR5cCIgOiAiSldUIiwia2lkIiA6ICI2dUJWTkN6VlViUFBlTFdReEM0WDAyYVM3UnM2UGRYV1dja1dfc0xZMHlFIn0.eyJleHAiOjE3NjExNjA3NTAsImlhdCI6MTc2MTE2MDQ1MCwianRpIjoidHJydGNjOjQ5Yjg0NDVjLTgzYTAtMjI4Ni02NDczLWE2ZGEzOTBhOWQ0YSIsImlzcyI6Imh0dHBzOi8vYXV0ZW50aWNhY2lvbnFhLmNvb25lY3RhLmNvbS5lYy9hdXRoL3JlYWxtcy9QQU5BUEFZIiwiYXVkIjoiYWNjb3VudCIsInN1YiI6Ijk5OGMyZmUwLTJjOGYtNGQwNC1iZjExLWY1OWExZTM5ODg3MyIsInR5cCI6IkJlYXJlciIsImF6cCI6IjAyMDVjYiIsImFjciI6IjEiLCJhbGxvd2VkLW9yaWdpbnMiOlsiLyoiXSwicmVhbG1fYWNjZXNzIjp7InJvbGVzIjpbImRlZmF1bHQtcm9sZXMtYWRtaW5wYW5hcGF5Iiwib2ZmbGluZV9hY2Nlc3MiLCJ1bWFfYXV0aG9yaXphdGlvbiJdfSwicmVzb3VyY2VfYWNjZXNzIjp7IjAyMDVjYiI6eyJyb2xlcyI6WyJ1bWFfcHJvdGVjdGlvbiJdfSwiYWNjb3VudCI6eyJyb2xlcyI6WyJtYW5hZ2UtYWNjb3VudCIsIm1hbmFnZS1hY2NvdW50LWxpbmtzIiwidmlldy1wcm9maWxlIl19fSwic2NvcGUiOiJwcm9maWxlIGVtYWlsIiwiZW1haWxfdmVyaWZpZWQiOmZhbHNlLCJjbGllbnRIb3N0IjoiMTAuMTAuMTAuMTUxIiwicHJlZmVycmVkX3VzZXJuYW1lIjoic2VydmljZS1hY2NvdW50LTAyMDVjYiIsImNsaWVudEFkZHJlc3MiOiIxMC4xMC4xMC4xNTEiLCJjbGllbnRfaWQiOiIwMjA1Y2IifQ.bATUogohrEqy7Voa4mFnsBzOnGy6tnjZGh_lOYRn-0hWXMY_fz-280nTu2Vv68eO3HeoewtWlt45S_iLI2-ml3pqpAlt3DXWVmLvVHw6d7TICHBfQsa0jGXMexKnyar7EinrVhF3deSK25Ap_ajC_82EvVvXrVG-7p9F1dEdq39y2R72JympejF5uhY_z_jNmqJSsnLEZVOo3WMJn76u9tTcYVIldC5uWGFWbPGEhvWPx4ZGpsuq_wrPOGdRmyJDFJPJl7LnLGHK0DBhuVtJUq_NFQkMus2fTTf_mWhRnoqNU-wUCS-fxMs6QusGzIVd-C3O29J3rerHTrGg21LAsQ
14:14:50.875 [main] DEBUG com.jayway.jsonpath.internal.path.CompiledPath - Evaluating path: $
14:14:50.885 [main] DEBUG com.jayway.jsonpath.internal.path.CompiledPath - Evaluating path: $
14:14:50.889 [main] DEBUG org.apache.http.client.protocol.RequestAddCookies - CookieSpec selected: karate
14:14:50.889 [main] DEBUG org.apache.http.client.protocol.RequestAuthCache - Auth cache not set in the context
14:14:50.889 [main] DEBUG com.intuit.karate - request:
1 > POST https://apipanapayqa.coonecta.com.ec/api/switchcentral/finan/transferencia
1 > Content-Type: application/json; charset=UTF-8
1 > Authorization: Bearer eyJhbGciOiJSUzI1NiIsInR5cCIgOiAiSldUIiwia2lkIiA6ICI2dUJWTkN6VlViUFBlTFdReEM0WDAyYVM3UnM2UGRYV1dja1dfc0xZMHlFIn0.eyJleHAiOjE3NjExNjA3NTAsImlhdCI6MTc2MTE2MDQ1MCwianRpIjoidHJydGNjOjQ5Yjg0NDVjLTgzYTAtMjI4Ni02NDczLWE2ZGEzOTBhOWQ0YSIsImlzcyI6Imh0dHBzOi8vYXV0ZW50aWNhY2lvbnFhLmNvb25lY3RhLmNvbS5lYy9hdXRoL3JlYWxtcy9QQU5BUEFZIiwiYXVkIjoiYWNjb3VudCIsInN1YiI6Ijk5OGMyZmUwLTJjOGYtNGQwNC1iZjExLWY1OWExZTM5ODg3MyIsInR5cCI6IkJlYXJlciIsImF6cCI6IjAyMDVjYiIsImFjciI6IjEiLCJhbGxvd2VkLW9yaWdpbnMiOlsiLyoiXSwicmVhbG1fYWNjZXNzIjp7InJvbGVzIjpbImRlZmF1bHQtcm9sZXMtYWRtaW5wYW5hcGF5Iiwib2ZmbGluZV9hY2Nlc3MiLCJ1bWFfYXV0aG9yaXphdGlvbiJdfSwicmVzb3VyY2VfYWNjZXNzIjp7IjAyMDVjYiI6eyJyb2xlcyI6WyJ1bWFfcHJvdGVjdGlvbiJdfSwiYWNjb3VudCI6eyJyb2xlcyI6WyJtYW5hZ2UtYWNjb3VudCIsIm1hbmFnZS1hY2NvdW50LWxpbmtzIiwidmlldy1wcm9maWxlIl19fSwic2NvcGUiOiJwcm9maWxlIGVtYWlsIiwiZW1haWxfdmVyaWZpZWQiOmZhbHNlLCJjbGllbnRIb3N0IjoiMTAuMTAuMTAuMTUxIiwicHJlZmVycmVkX3VzZXJuYW1lIjoic2VydmljZS1hY2NvdW50LTAyMDVjYiIsImNsaWVudEFkZHJlc3MiOiIxMC4xMC4xMC4xNTEiLCJjbGllbnRfaWQiOiIwMjA1Y2IifQ.bATUogohrEqy7Voa4mFnsBzOnGy6tnjZGh_lOYRn-0hWXMY_fz-280nTu2Vv68eO3HeoewtWlt45S_iLI2-ml3pqpAlt3DXWVmLvVHw6d7TICHBfQsa0jGXMexKnyar7EinrVhF3deSK25Ap_ajC_82EvVvXrVG-7p9F1dEdq39y2R72JympejF5uhY_z_jNmqJSsnLEZVOo3WMJn76u9tTcYVIldC5uWGFWbPGEhvWPx4ZGpsuq_wrPOGdRmyJDFJPJl7LnLGHK0DBhuVtJUq_NFQkMus2fTTf_mWhRnoqNU-wUCS-fxMs6QusGzIVd-C3O29J3rerHTrGg21LAsQ
1 > Content-Length: 511
1 > Host: apipanapayqa.coonecta.com.ec
1 > Connection: Keep-Alive
1 > User-Agent: Apache-HttpClient/4.5.14 (Java/17.0.12)
1 > Accept-Encoding: gzip,deflate
{"GrpHdr":{"msgId":"02052025102285189261842","creDtTm":"2025-10-22T14:14:50","nbOfTxs":1,"sttlmInf":{"sttlmMtd":"INGA"},"instgAgt":{"finInstnId":"0205"},"InstdAgt":{"FinInstnId":"0205"},"Mge":{"Type":"acmt.998.321.01"},"ChnlId":"APP"},"CdtTrfTxInf":{"PmtId":{"EndToEndId":"02052025102202407"},"IntrBkSttlmAmt":{"Amt":1.0,"Ccy":"USD"},"DbtrAcctId":{"IBAN":"EC5002051000000000020501052673"},"CdtrAcctId":{"IBAN":"EC0402051000000000020101002318"},"Prtry":{"CustRef":"QA22","ChanRef":"TERM001","AgtRef":"AGT0002"}}}

14:14:50.889 [main] DEBUG org.apache.http.impl.conn.PoolingHttpClientConnectionManager - Connection request: [route: {s}->https://apipanapayqa.coonecta.com.ec:443][total available: 0; route allocated: 0 of 5; total allocated: 0 of 10]
14:14:50.889 [main] DEBUG org.apache.http.impl.conn.PoolingHttpClientConnectionManager - Connection leased: [id: 12][route: {s}->https://apipanapayqa.coonecta.com.ec:443][total available: 0; route allocated: 1 of 5; total allocated: 1 of 10]
14:14:50.889 [main] DEBUG org.apache.http.impl.execchain.MainClientExec - Opening connection {s}->https://apipanapayqa.coonecta.com.ec:443
14:14:50.891 [main] DEBUG org.apache.http.impl.conn.DefaultHttpClientConnectionOperator - Connecting to apipanapayqa.coonecta.com.ec/10.1.0.133:443
14:14:50.891 [main] DEBUG org.apache.http.conn.ssl.SSLConnectionSocketFactory - Connecting socket to apipanapayqa.coonecta.com.ec/10.1.0.133:443 with timeout 30000
14:14:50.980 [main] DEBUG org.apache.http.conn.ssl.SSLConnectionSocketFactory - Enabled protocols: [TLSv1.3, TLSv1.2]
14:14:50.980 [main] DEBUG org.apache.http.conn.ssl.SSLConnectionSocketFactory - Enabled cipher suites:[TLS_AES_256_GCM_SHA384, TLS_AES_128_GCM_SHA256, TLS_CHACHA20_POLY1305_SHA256, TLS_ECDHE_ECDSA_WITH_AES_256_GCM_SHA384, TLS_ECDHE_ECDSA_WITH_AES_128_GCM_SHA256, TLS_ECDHE_ECDSA_WITH_CHACHA20_POLY1305_SHA256, TLS_ECDHE_RSA_WITH_AES_256_GCM_SHA384, TLS_ECDHE_RSA_WITH_CHACHA20_POLY1305_SHA256, TLS_ECDHE_RSA_WITH_AES_128_GCM_SHA256, TLS_DHE_RSA_WITH_AES_256_GCM_SHA384, TLS_DHE_RSA_WITH_CHACHA20_POLY1305_SHA256, TLS_DHE_DSS_WITH_AES_256_GCM_SHA384, TLS_DHE_RSA_WITH_AES_128_GCM_SHA256, TLS_DHE_DSS_WITH_AES_128_GCM_SHA256, TLS_ECDHE_ECDSA_WITH_AES_256_CBC_SHA384, TLS_ECDHE_RSA_WITH_AES_256_CBC_SHA384, TLS_ECDHE_ECDSA_WITH_AES_128_CBC_SHA256, TLS_ECDHE_RSA_WITH_AES_128_CBC_SHA256, TLS_DHE_RSA_WITH_AES_256_CBC_SHA256, TLS_DHE_DSS_WITH_AES_256_CBC_SHA256, TLS_DHE_RSA_WITH_AES_128_CBC_SHA256, TLS_DHE_DSS_WITH_AES_128_CBC_SHA256, TLS_ECDH_ECDSA_WITH_AES_256_GCM_SHA384, TLS_ECDH_RSA_WITH_AES_256_GCM_SHA384, TLS_ECDH_ECDSA_WITH_AES_128_GCM_SHA256, TLS_ECDH_RSA_WITH_AES_128_GCM_SHA256, TLS_ECDH_ECDSA_WITH_AES_256_CBC_SHA384, TLS_ECDH_RSA_WITH_AES_256_CBC_SHA384, TLS_ECDH_ECDSA_WITH_AES_128_CBC_SHA256, TLS_ECDH_RSA_WITH_AES_128_CBC_SHA256, TLS_ECDHE_ECDSA_WITH_AES_256_CBC_SHA, TLS_ECDHE_RSA_WITH_AES_256_CBC_SHA, TLS_ECDHE_ECDSA_WITH_AES_128_CBC_SHA, TLS_ECDHE_RSA_WITH_AES_128_CBC_SHA, TLS_DHE_RSA_WITH_AES_256_CBC_SHA, TLS_DHE_DSS_WITH_AES_256_CBC_SHA, TLS_DHE_RSA_WITH_AES_128_CBC_SHA, TLS_DHE_DSS_WITH_AES_128_CBC_SHA, TLS_ECDH_ECDSA_WITH_AES_256_CBC_SHA, TLS_ECDH_RSA_WITH_AES_256_CBC_SHA, TLS_ECDH_ECDSA_WITH_AES_128_CBC_SHA, TLS_ECDH_RSA_WITH_AES_128_CBC_SHA, TLS_RSA_WITH_AES_256_GCM_SHA384, TLS_RSA_WITH_AES_128_GCM_SHA256, TLS_RSA_WITH_AES_256_CBC_SHA256, TLS_RSA_WITH_AES_128_CBC_SHA256, TLS_RSA_WITH_AES_256_CBC_SHA, TLS_RSA_WITH_AES_128_CBC_SHA, TLS_EMPTY_RENEGOTIATION_INFO_SCSV]
14:14:50.980 [main] DEBUG org.apache.http.conn.ssl.SSLConnectionSocketFactory - Starting handshake
14:14:51.170 [main] DEBUG org.apache.http.conn.ssl.SSLConnectionSocketFactory - Secure session established
14:14:51.170 [main] DEBUG org.apache.http.conn.ssl.SSLConnectionSocketFactory -  negotiated protocol: TLSv1.3
14:14:51.170 [main] DEBUG org.apache.http.conn.ssl.SSLConnectionSocketFactory -  negotiated cipher suite: TLS_AES_256_GCM_SHA384
14:14:51.170 [main] DEBUG org.apache.http.conn.ssl.SSLConnectionSocketFactory -  peer principal: CN=apipanapayqa.coonecta.com.ec, O=Red Transaccional Cooperativa S.A. RTC, L=Quito, ST=Pichincha, C=EC
14:14:51.170 [main] DEBUG org.apache.http.conn.ssl.SSLConnectionSocketFactory -  peer alternative names: [apipanapayqa.coonecta.com.ec]
14:14:51.170 [main] DEBUG org.apache.http.conn.ssl.SSLConnectionSocketFactory -  issuer principal: CN=DigiCert Global G2 TLS RSA SHA256 2020 CA1, O=DigiCert Inc, C=US
14:14:51.170 [main] DEBUG org.apache.http.impl.conn.DefaultHttpClientConnectionOperator - Connection established 10.10.10.151:49808<->10.1.0.133:443
14:14:51.170 [main] DEBUG org.apache.http.impl.conn.DefaultManagedHttpClientConnection - http-outgoing-12: set socket timeout to 30000
14:14:51.170 [main] DEBUG org.apache.http.impl.execchain.MainClientExec - Executing request POST /api/switchcentral/finan/transferencia HTTP/1.1
14:14:51.170 [main] DEBUG org.apache.http.impl.execchain.MainClientExec - Proxy auth state: UNCHALLENGED
14:14:51.170 [main] DEBUG org.apache.http.headers - http-outgoing-12 >> POST /api/switchcentral/finan/transferencia HTTP/1.1
14:14:51.170 [main] DEBUG org.apache.http.headers - http-outgoing-12 >> Content-Type: application/json; charset=UTF-8
14:14:51.170 [main] DEBUG org.apache.http.headers - http-outgoing-12 >> Authorization: Bearer eyJhbGciOiJSUzI1NiIsInR5cCIgOiAiSldUIiwia2lkIiA6ICI2dUJWTkN6VlViUFBlTFdReEM0WDAyYVM3UnM2UGRYV1dja1dfc0xZMHlFIn0.eyJleHAiOjE3NjExNjA3NTAsImlhdCI6MTc2MTE2MDQ1MCwianRpIjoidHJydGNjOjQ5Yjg0NDVjLTgzYTAtMjI4Ni02NDczLWE2ZGEzOTBhOWQ0YSIsImlzcyI6Imh0dHBzOi8vYXV0ZW50aWNhY2lvbnFhLmNvb25lY3RhLmNvbS5lYy9hdXRoL3JlYWxtcy9QQU5BUEFZIiwiYXVkIjoiYWNjb3VudCIsInN1YiI6Ijk5OGMyZmUwLTJjOGYtNGQwNC1iZjExLWY1OWExZTM5ODg3MyIsInR5cCI6IkJlYXJlciIsImF6cCI6IjAyMDVjYiIsImFjciI6IjEiLCJhbGxvd2VkLW9yaWdpbnMiOlsiLyoiXSwicmVhbG1fYWNjZXNzIjp7InJvbGVzIjpbImRlZmF1bHQtcm9sZXMtYWRtaW5wYW5hcGF5Iiwib2ZmbGluZV9hY2Nlc3MiLCJ1bWFfYXV0aG9yaXphdGlvbiJdfSwicmVzb3VyY2VfYWNjZXNzIjp7IjAyMDVjYiI6eyJyb2xlcyI6WyJ1bWFfcHJvdGVjdGlvbiJdfSwiYWNjb3VudCI6eyJyb2xlcyI6WyJtYW5hZ2UtYWNjb3VudCIsIm1hbmFnZS1hY2NvdW50LWxpbmtzIiwidmlldy1wcm9maWxlIl19fSwic2NvcGUiOiJwcm9maWxlIGVtYWlsIiwiZW1haWxfdmVyaWZpZWQiOmZhbHNlLCJjbGllbnRIb3N0IjoiMTAuMTAuMTAuMTUxIiwicHJlZmVycmVkX3VzZXJuYW1lIjoic2VydmljZS1hY2NvdW50LTAyMDVjYiIsImNsaWVudEFkZHJlc3MiOiIxMC4xMC4xMC4xNTEiLCJjbGllbnRfaWQiOiIwMjA1Y2IifQ.bATUogohrEqy7Voa4mFnsBzOnGy6tnjZGh_lOYRn-0hWXMY_fz-280nTu2Vv68eO3HeoewtWlt45S_iLI2-ml3pqpAlt3DXWVmLvVHw6d7TICHBfQsa0jGXMexKnyar7EinrVhF3deSK25Ap_ajC_82EvVvXrVG-7p9F1dEdq39y2R72JympejF5uhY_z_jNmqJSsnLEZVOo3WMJn76u9tTcYVIldC5uWGFWbPGEhvWPx4ZGpsuq_wrPOGdRmyJDFJPJl7LnLGHK0DBhuVtJUq_NFQkMus2fTTf_mWhRnoqNU-wUCS-fxMs6QusGzIVd-C3O29J3rerHTrGg21LAsQ
14:14:51.170 [main] DEBUG org.apache.http.headers - http-outgoing-12 >> Content-Length: 511
14:14:51.170 [main] DEBUG org.apache.http.headers - http-outgoing-12 >> Host: apipanapayqa.coonecta.com.ec
14:14:51.170 [main] DEBUG org.apache.http.headers - http-outgoing-12 >> Connection: Keep-Alive
14:14:51.170 [main] DEBUG org.apache.http.headers - http-outgoing-12 >> User-Agent: Apache-HttpClient/4.5.14 (Java/17.0.12)
14:14:51.170 [main] DEBUG org.apache.http.headers - http-outgoing-12 >> Accept-Encoding: gzip,deflate
14:14:51.182 [main] DEBUG org.apache.http.wire - http-outgoing-12 >> "POST /api/switchcentral/finan/transferencia HTTP/1.1[\r][\n]"
14:14:51.182 [main] DEBUG org.apache.http.wire - http-outgoing-12 >> "Content-Type: application/json; charset=UTF-8[\r][\n]"
14:14:51.182 [main] DEBUG org.apache.http.wire - http-outgoing-12 >> "Authorization: Bearer eyJhbGciOiJSUzI1NiIsInR5cCIgOiAiSldUIiwia2lkIiA6ICI2dUJWTkN6VlViUFBlTFdReEM0WDAyYVM3UnM2UGRYV1dja1dfc0xZMHlFIn0.eyJleHAiOjE3NjExNjA3NTAsImlhdCI6MTc2MTE2MDQ1MCwianRpIjoidHJydGNjOjQ5Yjg0NDVjLTgzYTAtMjI4Ni02NDczLWE2ZGEzOTBhOWQ0YSIsImlzcyI6Imh0dHBzOi8vYXV0ZW50aWNhY2lvbnFhLmNvb25lY3RhLmNvbS5lYy9hdXRoL3JlYWxtcy9QQU5BUEFZIiwiYXVkIjoiYWNjb3VudCIsInN1YiI6Ijk5OGMyZmUwLTJjOGYtNGQwNC1iZjExLWY1OWExZTM5ODg3MyIsInR5cCI6IkJlYXJlciIsImF6cCI6IjAyMDVjYiIsImFjciI6IjEiLCJhbGxvd2VkLW9yaWdpbnMiOlsiLyoiXSwicmVhbG1fYWNjZXNzIjp7InJvbGVzIjpbImRlZmF1bHQtcm9sZXMtYWRtaW5wYW5hcGF5Iiwib2ZmbGluZV9hY2Nlc3MiLCJ1bWFfYXV0aG9yaXphdGlvbiJdfSwicmVzb3VyY2VfYWNjZXNzIjp7IjAyMDVjYiI6eyJyb2xlcyI6WyJ1bWFfcHJvdGVjdGlvbiJdfSwiYWNjb3VudCI6eyJyb2xlcyI6WyJtYW5hZ2UtYWNjb3VudCIsIm1hbmFnZS1hY2NvdW50LWxpbmtzIiwidmlldy1wcm9maWxlIl19fSwic2NvcGUiOiJwcm9maWxlIGVtYWlsIiwiZW1haWxfdmVyaWZpZWQiOmZhbHNlLCJjbGllbnRIb3N0IjoiMTAuMTAuMTAuMTUxIiwicHJlZmVycmVkX3VzZXJuYW1lIjoic2VydmljZS1hY2NvdW50LTAyMDVjYiIsImNsaWVudEFkZHJlc3MiOiIxMC4xMC4xMC4xNTEiLCJjbGllbnRfaWQiOiIwMjA1Y2IifQ.bATUogohrEqy7Voa4mFnsBzOnGy6tnjZGh_lOYRn-0hWXMY_fz-280nTu2Vv68eO3HeoewtWlt45S_iLI2-ml3pqpAlt3DXWVmLvVHw6d7TICHBfQsa0jGXMexKnyar7EinrVhF3deSK25Ap_ajC_82EvVvXrVG-7p9F1dEdq39y2R72JympejF5uhY_z_jNmqJSsnLEZVOo3WMJn76u9tTcYVIldC5uWGFWbPGEhvWPx4ZGpsuq_wrPOGdRmyJDFJPJl7LnLGHK0DBhuVtJUq_NFQkMus2fTTf_mWhRnoqNU-wUCS-fxMs6QusGzIVd-C3O29J3rerHTrGg21LAsQ[\r][\n]"
14:14:51.182 [main] DEBUG org.apache.http.wire - http-outgoing-12 >> "Content-Length: 511[\r][\n]"
14:14:51.182 [main] DEBUG org.apache.http.wire - http-outgoing-12 >> "Host: apipanapayqa.coonecta.com.ec[\r][\n]"
14:14:51.182 [main] DEBUG org.apache.http.wire - http-outgoing-12 >> "Connection: Keep-Alive[\r][\n]"
14:14:51.182 [main] DEBUG org.apache.http.wire - http-outgoing-12 >> "User-Agent: Apache-HttpClient/4.5.14 (Java/17.0.12)[\r][\n]"
14:14:51.182 [main] DEBUG org.apache.http.wire - http-outgoing-12 >> "Accept-Encoding: gzip,deflate[\r][\n]"
14:14:51.182 [main] DEBUG org.apache.http.wire - http-outgoing-12 >> "[\r][\n]"
14:14:51.182 [main] DEBUG org.apache.http.wire - http-outgoing-12 >> "{"GrpHdr":{"msgId":"02052025102285189261842","creDtTm":"2025-10-22T14:14:50","nbOfTxs":1,"sttlmInf":{"sttlmMtd":"INGA"},"instgAgt":{"finInstnId":"0205"},"InstdAgt":{"FinInstnId":"0205"},"Mge":{"Type":"acmt.998.321.01"},"ChnlId":"APP"},"CdtTrfTxInf":{"PmtId":{"EndToEndId":"02052025102202407"},"IntrBkSttlmAmt":{"Amt":1.0,"Ccy":"USD"},"DbtrAcctId":{"IBAN":"EC5002051000000000020501052673"},"CdtrAcctId":{"IBAN":"EC0402051000000000020101002318"},"Prtry":{"CustRef":"QA22","ChanRef":"TERM001","AgtRef":"AGT0002"}}}"
14:14:54.418 [main] DEBUG org.apache.http.wire - http-outgoing-12 << "HTTP/1.1 200 OK[\r][\n]"
14:14:54.418 [main] DEBUG org.apache.http.wire - http-outgoing-12 << "Date: Wed, 22 Oct 2025 19:14:46 GMT[\r][\n]"
14:14:54.418 [main] DEBUG org.apache.http.wire - http-outgoing-12 << "Content-Type: application/json; charset=utf-8[\r][\n]"
14:14:54.418 [main] DEBUG org.apache.http.wire - http-outgoing-12 << "Transfer-Encoding: chunked[\r][\n]"
14:14:54.418 [main] DEBUG org.apache.http.wire - http-outgoing-12 << "Connection: keep-alive[\r][\n]"
14:14:54.418 [main] DEBUG org.apache.http.wire - http-outgoing-12 << "Server: Kestrel[\r][\n]"
14:14:54.418 [main] DEBUG org.apache.http.wire - http-outgoing-12 << "Content-Encoding: gzip[\r][\n]"
14:14:54.418 [main] DEBUG org.apache.http.wire - http-outgoing-12 << "Set-Cookie: ARRAffinity=135f536e0d078a815c3b83fda3468ab8a3a2abc604a35eefb28648d3961cfa9b;Path=/;HttpOnly;Secure;Domain=app-apipanapay-qa.azurewebsites.net[\r][\n]"
14:14:54.418 [main] DEBUG org.apache.http.wire - http-outgoing-12 << "Set-Cookie: ARRAffinitySameSite=135f536e0d078a815c3b83fda3468ab8a3a2abc604a35eefb28648d3961cfa9b;Path=/;HttpOnly;SameSite=None;Secure;Domain=app-apipanapay-qa.azurewebsites.net[\r][\n]"
14:14:54.418 [main] DEBUG org.apache.http.wire - http-outgoing-12 << "Vary: Accept-Encoding[\r][\n]"
14:14:54.418 [main] DEBUG org.apache.http.wire - http-outgoing-12 << "Request-Context: appId=cid-v1:a7a77847-2713-450f-9030-b350a2d54a28[\r][\n]"
14:14:54.418 [main] DEBUG org.apache.http.wire - http-outgoing-12 << "X-Powered-By: ASP.NET[\r][\n]"
14:14:54.418 [main] DEBUG org.apache.http.wire - http-outgoing-12 << "X-ARR-ClientCert: -----BEGIN%20CERTIFICATE-----%0AMIIEHDCCAgSgAwIBAgIUZIZBO0fb7VZ4KXrs01S4RYbWyJ8wDQYJKoZIhvcNAQEL%0ABQAwJTEjMCEGA1UEAwwacm9vdGNlcnQuY2JpYmxpYW4uaW50ZXJuYWwwHhcNMjUw%0AODEzMTMyNTU5WhcNMjgwODEyMTMyNTU5WjAnMSUwIwYDVQQDDBxjbGllbnRjZXJ0%0ALmNiaWJsaWFuLmludGVybmFsMIIBIjANBgkqhkiG9w0BAQEFAAOCAQ8AMIIBCgKC%0AAQEAskUDap6NmyYq8RT6F7z3DpZGQiflNQTvUT84TmxsKXEBRAkgINnkJqgKkd7f%0ASEybzqglQTbr4s41lCiPsy3X66qYjU2L%2Bojhni%2BOCVOX7n3JBYovL%2FqfMP3%2FkhZP%0AQIlK%2FQWPcrnl39fYkGOQv%2BYqoCGEPzGkib2m1Ma5Q1HOCKh1ErMjqTLGy%2ByJj6JY%0AiZvMx3YrJSvjUS0uKpNwxPtGyiexRfKsmR%2FHqPzRHa0iY%2B752KSgUedwJPv1Wod%2B%0AY9BMAMIdU25UtkUEsaOYtorGWDaZSn2Bl0LYmP87kjcYypnHx0jtPtUCXfVHrE6u%0AZnDRFYsZbeXylY3mJkyOL2DzZwIDAQABo0IwQDAdBgNVHQ4EFgQURPhJwTAcUWUp%0ArOqQO68P%2FbJoqjMwHwYDVR0jBBgwFoAU7GdlxoSeEXucEXhjadHRC9xzS0UwDQYJ%0AKoZIhvcNAQELBQADggIBAGTnlyF2n%2F6s9phYbO8V17niO0BXB62ToX6gPhcw9f3y%0AhMui6RnrM1oiHlBWqZquCqYJ5ETvYJE1RqvoqtGysxCnIj0OTJHV4WtF3SHsd1Tu%0ATg%2B%2FUnGivtBTDQxj9sbAtCaSYRBqPByP8jvSTDgXR1mgOrEGjr2PZdZSoKLj4OHi%0A9UCMJw7pJsyA4lbroKshQTYv5Ks5SqtJpdp0%2BUX0UUlbPJqXiadfbKdoXvEgcwbP%0ACqR9v7kGYmNxfaGLNGVrV%2BnLawIDmdYXJE%2F4WJh6sHfiZxEsE%2BB4PoKADrb1Eapt%0AnSdHUgRfc0i5f2lcmErnU8nCMO5TWdHFOgpYwTS8w17FhNFZpaSmyZKM7uHcUs7y%0AUbuiQtdXocfSSMf%2FeycBEU%2FHAVIWQEqY%2BbJdC0q%2FR%2BsESeBtXd4IEIxR0QfgscGk%0AJyCSFC8z%2FvCgrRsH5rePqKO7%2FLAsDTP4GIQNFNfF4Wh6bsPXuJmvvoMcnmy%2F58Wo%0AE0XaG8UPHVAeyEmhncdM32E7SJbR91aRr2CkV23OoUz%2BwKG2%2FuObHmAkuMkCbbcz%0AJQoC7DZg5FGw%2BZR7v1DIBct5QNJQ8bG%2FXGRxjWC6dU7jrGhOF1X%2B2YYcdx9XnwyM%0A9YPxUy5bVfMhIiKP2wEso5fjOZ4RTvnB5R6zD3maJK%2FtZAXVhtyqXSkBYFi4MvEs%0A-----END%20CERTIFICATE-----%0A[\r][\n]"
14:14:54.418 [main] DEBUG org.apache.http.wire - http-outgoing-12 << "[\r][\n]"
14:14:54.418 [main] DEBUG org.apache.http.wire - http-outgoing-12 << "1d2[\r][\n]"
14:14:54.418 [main] DEBUG org.apache.http.wire - http-outgoing-12 << "[0x1f][0x8b][0x8][0x0][0x0][0x0][0x0][0x0][0x4][0x0][0xed][0xbd][0x7]`[0x1c]I[0x96]%&/m[0xca]{J[0xf5]J[0xd7][0xe0]t[0xa1][0x8][0x80]`[0x13]$[0xd8][0x90]@[0x10][0xec][0xc1][0x88][0xcd][0xe6][0x92][0xec][0x1d]iG#)[0xab]*[0x81][0xca]eVe]f[0x16]@[0xcc][0xed][0x9d][0xbc][0xf7][0xde]{[0xef][0xbd][0xf7][0xde]{[0xef][0xbd][0xf7][0xba];[0x9d]N'[0xf7][0xdf][0xff]?\fd[0x1]l[0xf6][0xce]J[0xda][0xc9][0x9e]![0x80][0xaa][0xc8][0x1f]?~|[0x1f]?"~[0xf1]G[0x9f][0xd7][0xab]o[0xcf][0xea][0x8f][0x1e][0xfd][0xe2][0x8f][0xbe]h.[0xce]f[0x1f]=[0xfa]h[0x87][0x9e][0xbd][0x9d][0xbd][0xfb][0xbb];{[0xf4]c[0xe7][0xde][0xa7][0xf7]?[0x1a]}tR[0xe7]O[0xdb]7[0xb][0xfa][0x9a]>[0xbb][0xbf][0xbd][0xbb][0xb3][0xbd][0xb7][0xf7]fw[0xff][0x11][0xfd]o[0x9f][0xbe]1[0xf9][0xf2][0xfc][0xcd][0xbb][0xe6][0xa3]G[0xbb][0xa3][0x8f]^[0xb7]m[0xb9]8[[0x9e][0x3]([0xff][0xfe]E[0xb][0xb8]g/>?[0xfe][0xe8][0x97][0x8c]>:[6[0xed][0xc5][0xf1]E[0x8b][0xaf][0x9f][0x15]K[0xfc][0xb9][0x94][0x8e][0xf7]v[0xee][0x9b][0x6][0xb3]M[\r][0xbe][0xb8][0xc8][0xf1][0xdd][0x9b][0xeb][0x15][0xfd][0xfc]([0x9b].[0xda][0xf1][0xc3][0x87][0x7][0xe3]{{{[0xe3][0x9d][0x9d]][0xb4]8[0x99]/K~[0xe5][0xf8][0xe5]K[0xfe]{[0xd6][0xbe][0xa9][0x9]A[0xc5][0xea][0xcb][0xfa]bI[0x3][0xf7][0xfe]*[0xed][0xe8][0xa9][0xf][0xc][0x11][0xa3]?[0xb8][0xbf]{[0xf0]p[0xef][0xd3][0xdd][0x83][0xfd]=[0x1a][0xa2]4[0xbb][0xc8][0xfb][0xdd][0xee][0x8e][0xa9]Wm[0xb0][0x81]P[0xf7]w[0x80][0xca][0xcb]E[0x8b][0x8e]~[0xf1]G[0xa7][0xcb][0xd9][0x9b][0x8a][0xfe][0xc1]_A[0xb7];{[0xfb];[0xf][0x8][0x1e][0xa1][0x8b][0xaf]v[0xf][0xee][0xdf]{[0x88]7[0xdf][0xbc]{[0xdd][0x12][0x85]?[0xfa][0xf2]-}[0xf9][0xaa]Y[0x2][0x8][0xfd]8A#[0x9a][0xb3][0x1d][0xfa][0xf4]x6kK[0x1e][0xd6]Go[0xea]l[0xd9]d[0xd3]i[0xf1][0x8f][0xfe][0xad][0xcb][0xf4][0xf4]][0xd1]VM[0x6](O'-O[0xf7][0xf1][0xba][0x9d][0x9f]T3[0xc][0xc5][0xef]|ww[0xff][0xfe][0xfe][0xfd][0xbd][0x87][0xfb][0xf][0xd0][0x9c](ws[0xf3][0x83][0x87];[0xf7]v[0xf][0xd0][0x9c][0xe7][0xfb])M[0x9d]7[0xfc][0x8f]~[0xc9]/[\r][\n]"
14:14:54.418 [main] DEBUG org.apache.http.wire - http-outgoing-12 << "b[\r][\n]"
14:14:54.418 [main] DEBUG org.apache.http.wire - http-outgoing-12 << "[0xf9][0x0]#[0x80]E[0x10]h[0x2][0x0][0x0][\r][\n]"
14:14:54.418 [main] DEBUG org.apache.http.wire - http-outgoing-12 << "0[\r][\n]"
14:14:54.418 [main] DEBUG org.apache.http.wire - http-outgoing-12 << "[\r][\n]"
14:14:54.418 [main] DEBUG org.apache.http.headers - http-outgoing-12 << HTTP/1.1 200 OK
14:14:54.418 [main] DEBUG org.apache.http.headers - http-outgoing-12 << Date: Wed, 22 Oct 2025 19:14:46 GMT
14:14:54.418 [main] DEBUG org.apache.http.headers - http-outgoing-12 << Content-Type: application/json; charset=utf-8
14:14:54.418 [main] DEBUG org.apache.http.headers - http-outgoing-12 << Transfer-Encoding: chunked
14:14:54.418 [main] DEBUG org.apache.http.headers - http-outgoing-12 << Connection: keep-alive
14:14:54.418 [main] DEBUG org.apache.http.headers - http-outgoing-12 << Server: Kestrel
14:14:54.418 [main] DEBUG org.apache.http.headers - http-outgoing-12 << Content-Encoding: gzip
14:14:54.418 [main] DEBUG org.apache.http.headers - http-outgoing-12 << Set-Cookie: ARRAffinity=135f536e0d078a815c3b83fda3468ab8a3a2abc604a35eefb28648d3961cfa9b;Path=/;HttpOnly;Secure;Domain=app-apipanapay-qa.azurewebsites.net
14:14:54.418 [main] DEBUG org.apache.http.headers - http-outgoing-12 << Set-Cookie: ARRAffinitySameSite=135f536e0d078a815c3b83fda3468ab8a3a2abc604a35eefb28648d3961cfa9b;Path=/;HttpOnly;SameSite=None;Secure;Domain=app-apipanapay-qa.azurewebsites.net
14:14:54.418 [main] DEBUG org.apache.http.headers - http-outgoing-12 << Vary: Accept-Encoding
14:14:54.418 [main] DEBUG org.apache.http.headers - http-outgoing-12 << Request-Context: appId=cid-v1:a7a77847-2713-450f-9030-b350a2d54a28
14:14:54.418 [main] DEBUG org.apache.http.headers - http-outgoing-12 << X-Powered-By: ASP.NET
14:14:54.418 [main] DEBUG org.apache.http.headers - http-outgoing-12 << X-ARR-ClientCert: -----BEGIN%20CERTIFICATE-----%0AMIIEHDCCAgSgAwIBAgIUZIZBO0fb7VZ4KXrs01S4RYbWyJ8wDQYJKoZIhvcNAQEL%0ABQAwJTEjMCEGA1UEAwwacm9vdGNlcnQuY2JpYmxpYW4uaW50ZXJuYWwwHhcNMjUw%0AODEzMTMyNTU5WhcNMjgwODEyMTMyNTU5WjAnMSUwIwYDVQQDDBxjbGllbnRjZXJ0%0ALmNiaWJsaWFuLmludGVybmFsMIIBIjANBgkqhkiG9w0BAQEFAAOCAQ8AMIIBCgKC%0AAQEAskUDap6NmyYq8RT6F7z3DpZGQiflNQTvUT84TmxsKXEBRAkgINnkJqgKkd7f%0ASEybzqglQTbr4s41lCiPsy3X66qYjU2L%2Bojhni%2BOCVOX7n3JBYovL%2FqfMP3%2FkhZP%0AQIlK%2FQWPcrnl39fYkGOQv%2BYqoCGEPzGkib2m1Ma5Q1HOCKh1ErMjqTLGy%2ByJj6JY%0AiZvMx3YrJSvjUS0uKpNwxPtGyiexRfKsmR%2FHqPzRHa0iY%2B752KSgUedwJPv1Wod%2B%0AY9BMAMIdU25UtkUEsaOYtorGWDaZSn2Bl0LYmP87kjcYypnHx0jtPtUCXfVHrE6u%0AZnDRFYsZbeXylY3mJkyOL2DzZwIDAQABo0IwQDAdBgNVHQ4EFgQURPhJwTAcUWUp%0ArOqQO68P%2FbJoqjMwHwYDVR0jBBgwFoAU7GdlxoSeEXucEXhjadHRC9xzS0UwDQYJ%0AKoZIhvcNAQELBQADggIBAGTnlyF2n%2F6s9phYbO8V17niO0BXB62ToX6gPhcw9f3y%0AhMui6RnrM1oiHlBWqZquCqYJ5ETvYJE1RqvoqtGysxCnIj0OTJHV4WtF3SHsd1Tu%0ATg%2B%2FUnGivtBTDQxj9sbAtCaSYRBqPByP8jvSTDgXR1mgOrEGjr2PZdZSoKLj4OHi%0A9UCMJw7pJsyA4lbroKshQTYv5Ks5SqtJpdp0%2BUX0UUlbPJqXiadfbKdoXvEgcwbP%0ACqR9v7kGYmNxfaGLNGVrV%2BnLawIDmdYXJE%2F4WJh6sHfiZxEsE%2BB4PoKADrb1Eapt%0AnSdHUgRfc0i5f2lcmErnU8nCMO5TWdHFOgpYwTS8w17FhNFZpaSmyZKM7uHcUs7y%0AUbuiQtdXocfSSMf%2FeycBEU%2FHAVIWQEqY%2BbJdC0q%2FR%2BsESeBtXd4IEIxR0QfgscGk%0AJyCSFC8z%2FvCgrRsH5rePqKO7%2FLAsDTP4GIQNFNfF4Wh6bsPXuJmvvoMcnmy%2F58Wo%0AE0XaG8UPHVAeyEmhncdM32E7SJbR91aRr2CkV23OoUz%2BwKG2%2FuObHmAkuMkCbbcz%0AJQoC7DZg5FGw%2BZR7v1DIBct5QNJQ8bG%2FXGRxjWC6dU7jrGhOF1X%2B2YYcdx9XnwyM%0A9YPxUy5bVfMhIiKP2wEso5fjOZ4RTvnB5R6zD3maJK%2FtZAXVhtyqXSkBYFi4MvEs%0A-----END%20CERTIFICATE-----%0A
14:14:54.426 [main] DEBUG org.apache.http.impl.execchain.MainClientExec - Connection can be kept alive indefinitely
14:14:54.426 [main] DEBUG org.apache.http.client.protocol.ResponseProcessCookies - Cookie accepted [ARRAffinity="135f536e0d078a815c3b83fda3468ab8a3a2abc604a35eefb28648d3961cfa9b", version:0, domain:app-apipanapay-qa.azurewebsites.net, path:/, expiry:null]
14:14:54.426 [main] DEBUG org.apache.http.client.protocol.ResponseProcessCookies - Cookie accepted [ARRAffinitySameSite="135f536e0d078a815c3b83fda3468ab8a3a2abc604a35eefb28648d3961cfa9b", version:0, domain:app-apipanapay-qa.azurewebsites.net, path:/, expiry:null]
14:14:54.427 [main] DEBUG org.apache.http.impl.conn.DefaultManagedHttpClientConnection - http-outgoing-12: Close connection
14:14:54.519 [main] DEBUG org.apache.http.impl.execchain.MainClientExec - Connection discarded
14:14:54.523 [main] DEBUG org.apache.http.impl.conn.PoolingHttpClientConnectionManager - Connection released: [id: 12][route: {s}->https://apipanapayqa.coonecta.com.ec:443][total available: 0; route allocated: 0 of 5; total allocated: 0 of 10]
14:14:54.523 [main] DEBUG org.apache.http.impl.conn.PoolingHttpClientConnectionManager - Connection manager is shutting down
14:14:54.523 [main] DEBUG org.apache.http.impl.conn.PoolingHttpClientConnectionManager - Connection manager shut down
14:14:54.523 [main] DEBUG com.intuit.karate - response time in milliseconds: 3538
1 < 200
1 < Date: Wed, 22 Oct 2025 19:14:46 GMT
1 < Content-Type: application/json; charset=utf-8
1 < Transfer-Encoding: chunked
1 < Connection: keep-alive
1 < Server: Kestrel
1 < Set-Cookie: ARRAffinity=135f536e0d078a815c3b83fda3468ab8a3a2abc604a35eefb28648d3961cfa9b;Path=/;HttpOnly;Secure;Domain=app-apipanapay-qa.azurewebsites.net
1 < Set-Cookie: ARRAffinitySameSite=135f536e0d078a815c3b83fda3468ab8a3a2abc604a35eefb28648d3961cfa9b;Path=/;HttpOnly;SameSite=None;Secure;Domain=app-apipanapay-qa.azurewebsites.net
1 < Vary: Accept-Encoding
1 < Request-Context: appId=cid-v1:a7a77847-2713-450f-9030-b350a2d54a28
1 < X-Powered-By: ASP.NET
1 < X-ARR-ClientCert: -----BEGIN%20CERTIFICATE-----%0AMIIEHDCCAgSgAwIBAgIUZIZBO0fb7VZ4KXrs01S4RYbWyJ8wDQYJKoZIhvcNAQEL%0ABQAwJTEjMCEGA1UEAwwacm9vdGNlcnQuY2JpYmxpYW4uaW50ZXJuYWwwHhcNMjUw%0AODEzMTMyNTU5WhcNMjgwODEyMTMyNTU5WjAnMSUwIwYDVQQDDBxjbGllbnRjZXJ0%0ALmNiaWJsaWFuLmludGVybmFsMIIBIjANBgkqhkiG9w0BAQEFAAOCAQ8AMIIBCgKC%0AAQEAskUDap6NmyYq8RT6F7z3DpZGQiflNQTvUT84TmxsKXEBRAkgINnkJqgKkd7f%0ASEybzqglQTbr4s41lCiPsy3X66qYjU2L%2Bojhni%2BOCVOX7n3JBYovL%2FqfMP3%2FkhZP%0AQIlK%2FQWPcrnl39fYkGOQv%2BYqoCGEPzGkib2m1Ma5Q1HOCKh1ErMjqTLGy%2ByJj6JY%0AiZvMx3YrJSvjUS0uKpNwxPtGyiexRfKsmR%2FHqPzRHa0iY%2B752KSgUedwJPv1Wod%2B%0AY9BMAMIdU25UtkUEsaOYtorGWDaZSn2Bl0LYmP87kjcYypnHx0jtPtUCXfVHrE6u%0AZnDRFYsZbeXylY3mJkyOL2DzZwIDAQABo0IwQDAdBgNVHQ4EFgQURPhJwTAcUWUp%0ArOqQO68P%2FbJoqjMwHwYDVR0jBBgwFoAU7GdlxoSeEXucEXhjadHRC9xzS0UwDQYJ%0AKoZIhvcNAQELBQADggIBAGTnlyF2n%2F6s9phYbO8V17niO0BXB62ToX6gPhcw9f3y%0AhMui6RnrM1oiHlBWqZquCqYJ5ETvYJE1RqvoqtGysxCnIj0OTJHV4WtF3SHsd1Tu%0ATg%2B%2FUnGivtBTDQxj9sbAtCaSYRBqPByP8jvSTDgXR1mgOrEGjr2PZdZSoKLj4OHi%0A9UCMJw7pJsyA4lbroKshQTYv5Ks5SqtJpdp0%2BUX0UUlbPJqXiadfbKdoXvEgcwbP%0ACqR9v7kGYmNxfaGLNGVrV%2BnLawIDmdYXJE%2F4WJh6sHfiZxEsE%2BB4PoKADrb1Eapt%0AnSdHUgRfc0i5f2lcmErnU8nCMO5TWdHFOgpYwTS8w17FhNFZpaSmyZKM7uHcUs7y%0AUbuiQtdXocfSSMf%2FeycBEU%2FHAVIWQEqY%2BbJdC0q%2FR%2BsESeBtXd4IEIxR0QfgscGk%0AJyCSFC8z%2FvCgrRsH5rePqKO7%2FLAsDTP4GIQNFNfF4Wh6bsPXuJmvvoMcnmy%2F58Wo%0AE0XaG8UPHVAeyEmhncdM32E7SJbR91aRr2CkV23OoUz%2BwKG2%2FuObHmAkuMkCbbcz%0AJQoC7DZg5FGw%2BZR7v1DIBct5QNJQ8bG%2FXGRxjWC6dU7jrGhOF1X%2B2YYcdx9XnwyM%0A9YPxUy5bVfMhIiKP2wEso5fjOZ4RTvnB5R6zD3maJK%2FtZAXVhtyqXSkBYFi4MvEs%0A-----END%20CERTIFICATE-----%0A
{"GrpHdr":{"MsgId":"000020251022020365","CreDtTm":"2025-10-22T14:14:44","NbOfTxs":1,"SttlmInf":{"SttlmMtd":"INGA"},"InstgAgt":{"FinInstnId":"0205"},"InstdAgt":{"FinInstnId":"0205"},"Mge":{"Type":"acmt.998.322.001"},"ChnlId":"APP"},"CdtTrfTxInf":{"OrgnGrpInf":{"OrgnlMsgId":"02052025102285189261842","OrgnlMgeType":"acmt.998.321.01","OrgnlCreDtTm":"2025-10-22T14:14:50"},"PmtId":{"EndToEndId":"02052025102202407","TxId":"18539"},"TxSts":"Ok","Rsn":{"RsnCd":"0000","AddtlInf":"Transacción Exitosa"},"Dbtr":{"AuthCode":"020520251022141445452947"},"Cdtr":{"AuthCode":"020520251022141445890318"},"SttlmDt":"2025-10-22"}}

14:14:54.523 [main] ERROR com.intuit.karate - classpath:Transferencia.feature:306
Then match responseStatus in normalizedStatus
no step-definition method match found for: match responseStatus in normalizedStatus
classpath:Transferencia.feature:306
]]></system-out>
  </testcase>
  <testcase name="[13:310] Transferencia no exitosa, monto 0.00" classname="Transferencia" time="1.717">
    <failure message="no step-definition method match found for: match responseStatus in normalizedStatus&#10;classpath:Transferencia.feature:317" type="org.opentest4j.AssertionFailedError"><![CDATA[org.opentest4j.AssertionFailedError: 
no step-definition method match found for: match responseStatus in normalizedStatus
classpath:Transferencia.feature:317
	at org.junit.jupiter.api.AssertionUtils.fail(AssertionUtils.java:38)
	at org.junit.jupiter.api.Assertions.fail(Assertions.java:135)
	at com.intuit.karate.junit5.FeatureNode.lambda$next$1(FeatureNode.java:86)
	at org.junit.jupiter.engine.descriptor.DynamicTestTestDescriptor.lambda$execute$0(DynamicTestTestDescriptor.java:53)
	at org.junit.jupiter.engine.execution.InvocationInterceptorChain$ValidatingInvocation.proceed(InvocationInterceptorChain.java:131)
	at org.junit.jupiter.api.extension.InvocationInterceptor.interceptDynamicTest(InvocationInterceptor.java:167)
	at org.junit.jupiter.api.extension.InvocationInterceptor.interceptDynamicTest(InvocationInterceptor.java:184)
	at org.junit.jupiter.engine.descriptor.DynamicTestTestDescriptor.lambda$execute$1(DynamicTestTestDescriptor.java:61)
	at org.junit.jupiter.engine.execution.InvocationInterceptorChain$InterceptorCall.lambda$ofVoid$0(InvocationInterceptorChain.java:78)
	at org.junit.jupiter.engine.execution.InvocationInterceptorChain$InterceptedInvocation.proceed(InvocationInterceptorChain.java:106)
	at org.junit.jupiter.engine.execution.InvocationInterceptorChain.proceed(InvocationInterceptorChain.java:64)
	at org.junit.jupiter.engine.execution.InvocationInterceptorChain.chainAndInvoke(InvocationInterceptorChain.java:45)
	at org.junit.jupiter.engine.execution.InvocationInterceptorChain.invoke(InvocationInterceptorChain.java:37)
	at org.junit.jupiter.engine.descriptor.DynamicTestTestDescriptor.execute(DynamicTestTestDescriptor.java:60)
	at org.junit.jupiter.engine.descriptor.DynamicTestTestDescriptor.execute(DynamicTestTestDescriptor.java:32)
	at org.junit.platform.engine.support.hierarchical.NodeTestTask.lambda$executeRecursively$6(NodeTestTask.java:151)
	at org.junit.platform.engine.support.hierarchical.ThrowableCollector.execute(ThrowableCollector.java:73)
	at org.junit.platform.engine.support.hierarchical.NodeTestTask.lambda$executeRecursively$8(NodeTestTask.java:141)
	at org.junit.platform.engine.support.hierarchical.Node.around(Node.java:137)
	at org.junit.platform.engine.support.hierarchical.NodeTestTask.lambda$executeRecursively$9(NodeTestTask.java:139)
	at org.junit.platform.engine.support.hierarchical.ThrowableCollector.execute(ThrowableCollector.java:73)
	at org.junit.platform.engine.support.hierarchical.NodeTestTask.executeRecursively(NodeTestTask.java:138)
	at org.junit.platform.engine.support.hierarchical.NodeTestTask.execute(NodeTestTask.java:95)
	at org.junit.platform.engine.support.hierarchical.SameThreadHierarchicalTestExecutorService.submit(SameThreadHierarchicalTestExecutorService.java:35)
	at org.junit.platform.engine.support.hierarchical.NodeTestTask$DefaultDynamicTestExecutor.execute(NodeTestTask.java:226)
	at org.junit.platform.engine.support.hierarchical.NodeTestTask$DefaultDynamicTestExecutor.execute(NodeTestTask.java:204)
	at java.base/java.util.stream.ForEachOps$ForEachOp$OfRef.accept(ForEachOps.java:183)
	at java.base/java.util.stream.ReferencePipeline$3$1.accept(ReferencePipeline.java:197)
	at java.base/java.util.stream.ReferencePipeline$2$1.accept(ReferencePipeline.java:179)
	at java.base/java.util.stream.ReferencePipeline$3$1.accept(ReferencePipeline.java:197)
	at java.base/java.util.Iterator.forEachRemaining(Iterator.java:133)
	at java.base/java.util.Spliterators$IteratorSpliterator.forEachRemaining(Spliterators.java:1845)
	at java.base/java.util.stream.AbstractPipeline.copyInto(AbstractPipeline.java:509)
	at java.base/java.util.stream.AbstractPipeline.wrapAndCopyInto(AbstractPipeline.java:499)
	at java.base/java.util.stream.ForEachOps$ForEachOp.evaluateSequential(ForEachOps.java:150)
	at java.base/java.util.stream.ForEachOps$ForEachOp$OfRef.evaluateSequential(ForEachOps.java:173)
	at java.base/java.util.stream.AbstractPipeline.evaluate(AbstractPipeline.java:234)
	at java.base/java.util.stream.ReferencePipeline.forEachOrdered(ReferencePipeline.java:601)
	at org.junit.jupiter.engine.descriptor.DynamicContainerTestDescriptor.execute(DynamicContainerTestDescriptor.java:67)
	at org.junit.jupiter.engine.descriptor.DynamicContainerTestDescriptor.execute(DynamicContainerTestDescriptor.java:33)
	at org.junit.platform.engine.support.hierarchical.NodeTestTask.lambda$executeRecursively$6(NodeTestTask.java:151)
	at org.junit.platform.engine.support.hierarchical.ThrowableCollector.execute(ThrowableCollector.java:73)
	at org.junit.platform.engine.support.hierarchical.NodeTestTask.lambda$executeRecursively$8(NodeTestTask.java:141)
	at org.junit.platform.engine.support.hierarchical.Node.around(Node.java:137)
	at org.junit.platform.engine.support.hierarchical.NodeTestTask.lambda$executeRecursively$9(NodeTestTask.java:139)
	at org.junit.platform.engine.support.hierarchical.ThrowableCollector.execute(ThrowableCollector.java:73)
	at org.junit.platform.engine.support.hierarchical.NodeTestTask.executeRecursively(NodeTestTask.java:138)
	at org.junit.platform.engine.support.hierarchical.NodeTestTask.execute(NodeTestTask.java:95)
	at org.junit.platform.engine.support.hierarchical.SameThreadHierarchicalTestExecutorService.submit(SameThreadHierarchicalTestExecutorService.java:35)
	at org.junit.platform.engine.support.hierarchical.NodeTestTask$DefaultDynamicTestExecutor.execute(NodeTestTask.java:226)
	at org.junit.platform.engine.support.hierarchical.NodeTestTask$DefaultDynamicTestExecutor.execute(NodeTestTask.java:204)
	at java.base/java.util.Optional.ifPresent(Optional.java:178)
	at org.junit.jupiter.engine.descriptor.TestFactoryTestDescriptor.lambda$invokeTestMethod$1(TestFactoryTestDescriptor.java:108)
	at org.junit.platform.engine.support.hierarchical.ThrowableCollector.execute(ThrowableCollector.java:73)
	at org.junit.jupiter.engine.descriptor.TestFactoryTestDescriptor.invokeTestMethod(TestFactoryTestDescriptor.java:95)
	at org.junit.jupiter.engine.descriptor.TestMethodTestDescriptor.execute(TestMethodTestDescriptor.java:138)
	at org.junit.jupiter.engine.descriptor.TestMethodTestDescriptor.execute(TestMethodTestDescriptor.java:68)
	at org.junit.platform.engine.support.hierarchical.NodeTestTask.lambda$executeRecursively$6(NodeTestTask.java:151)
	at org.junit.platform.engine.support.hierarchical.ThrowableCollector.execute(ThrowableCollector.java:73)
	at org.junit.platform.engine.support.hierarchical.NodeTestTask.lambda$executeRecursively$8(NodeTestTask.java:141)
	at org.junit.platform.engine.support.hierarchical.Node.around(Node.java:137)
	at org.junit.platform.engine.support.hierarchical.NodeTestTask.lambda$executeRecursively$9(NodeTestTask.java:139)
	at org.junit.platform.engine.support.hierarchical.ThrowableCollector.execute(ThrowableCollector.java:73)
	at org.junit.platform.engine.support.hierarchical.NodeTestTask.executeRecursively(NodeTestTask.java:138)
	at org.junit.platform.engine.support.hierarchical.NodeTestTask.execute(NodeTestTask.java:95)
	at java.base/java.util.ArrayList.forEach(ArrayList.java:1511)
	at org.junit.platform.engine.support.hierarchical.SameThreadHierarchicalTestExecutorService.invokeAll(SameThreadHierarchicalTestExecutorService.java:41)
	at org.junit.platform.engine.support.hierarchical.NodeTestTask.lambda$executeRecursively$6(NodeTestTask.java:155)
	at org.junit.platform.engine.support.hierarchical.ThrowableCollector.execute(ThrowableCollector.java:73)
	at org.junit.platform.engine.support.hierarchical.NodeTestTask.lambda$executeRecursively$8(NodeTestTask.java:141)
	at org.junit.platform.engine.support.hierarchical.Node.around(Node.java:137)
	at org.junit.platform.engine.support.hierarchical.NodeTestTask.lambda$executeRecursively$9(NodeTestTask.java:139)
	at org.junit.platform.engine.support.hierarchical.ThrowableCollector.execute(ThrowableCollector.java:73)
	at org.junit.platform.engine.support.hierarchical.NodeTestTask.executeRecursively(NodeTestTask.java:138)
	at org.junit.platform.engine.support.hierarchical.NodeTestTask.execute(NodeTestTask.java:95)
	at java.base/java.util.ArrayList.forEach(ArrayList.java:1511)
	at org.junit.platform.engine.support.hierarchical.SameThreadHierarchicalTestExecutorService.invokeAll(SameThreadHierarchicalTestExecutorService.java:41)
	at org.junit.platform.engine.support.hierarchical.NodeTestTask.lambda$executeRecursively$6(NodeTestTask.java:155)
	at org.junit.platform.engine.support.hierarchical.ThrowableCollector.execute(ThrowableCollector.java:73)
	at org.junit.platform.engine.support.hierarchical.NodeTestTask.lambda$executeRecursively$8(NodeTestTask.java:141)
	at org.junit.platform.engine.support.hierarchical.Node.around(Node.java:137)
	at org.junit.platform.engine.support.hierarchical.NodeTestTask.lambda$executeRecursively$9(NodeTestTask.java:139)
	at org.junit.platform.engine.support.hierarchical.ThrowableCollector.execute(ThrowableCollector.java:73)
	at org.junit.platform.engine.support.hierarchical.NodeTestTask.executeRecursively(NodeTestTask.java:138)
	at org.junit.platform.engine.support.hierarchical.NodeTestTask.execute(NodeTestTask.java:95)
	at org.junit.platform.engine.support.hierarchical.SameThreadHierarchicalTestExecutorService.submit(SameThreadHierarchicalTestExecutorService.java:35)
	at org.junit.platform.engine.support.hierarchical.HierarchicalTestExecutor.execute(HierarchicalTestExecutor.java:57)
	at org.junit.platform.engine.support.hierarchical.HierarchicalTestEngine.execute(HierarchicalTestEngine.java:54)
	at org.junit.platform.launcher.core.EngineExecutionOrchestrator.execute(EngineExecutionOrchestrator.java:147)
	at org.junit.platform.launcher.core.EngineExecutionOrchestrator.execute(EngineExecutionOrchestrator.java:127)
	at org.junit.platform.launcher.core.EngineExecutionOrchestrator.execute(EngineExecutionOrchestrator.java:90)
	at org.junit.platform.launcher.core.EngineExecutionOrchestrator.lambda$execute$0(EngineExecutionOrchestrator.java:55)
	at org.junit.platform.launcher.core.EngineExecutionOrchestrator.withInterceptedStreams(EngineExecutionOrchestrator.java:102)
	at org.junit.platform.launcher.core.EngineExecutionOrchestrator.execute(EngineExecutionOrchestrator.java:54)
	at org.junit.platform.launcher.core.DefaultLauncher.execute(DefaultLauncher.java:114)
	at org.junit.platform.launcher.core.DefaultLauncher.execute(DefaultLauncher.java:86)
	at org.junit.platform.launcher.core.DefaultLauncherSession$DelegatingLauncher.execute(DefaultLauncherSession.java:86)
	at org.apache.maven.surefire.junitplatform.LazyLauncher.execute(LazyLauncher.java:56)
	at org.apache.maven.surefire.junitplatform.JUnitPlatformProvider.execute(JUnitPlatformProvider.java:184)
	at org.apache.maven.surefire.junitplatform.JUnitPlatformProvider.invokeAllTests(JUnitPlatformProvider.java:148)
	at org.apache.maven.surefire.junitplatform.JUnitPlatformProvider.invoke(JUnitPlatformProvider.java:122)
	at org.apache.maven.surefire.booter.ForkedBooter.runSuitesInProcess(ForkedBooter.java:385)
	at org.apache.maven.surefire.booter.ForkedBooter.execute(ForkedBooter.java:162)
	at org.apache.maven.surefire.booter.ForkedBooter.run(ForkedBooter.java:507)
	at org.apache.maven.surefire.booter.ForkedBooter.main(ForkedBooter.java:495)
]]></failure>
    <system-out><![CDATA[14:14:54.545 [main] DEBUG com.intuit.karate - key store key count for classpath:certificado/clientcert.cbiblian.internal 1.pfx: 1
14:14:54.560 [main] DEBUG com.jayway.jsonpath.internal.path.CompiledPath - Evaluating path: $
14:14:54.560 [main] DEBUG com.jayway.jsonpath.internal.path.CompiledPath - Evaluating path: $['Authorization']
14:14:54.560 [main] DEBUG com.jayway.jsonpath.internal.path.CompiledPath - Evaluating path: $
14:14:54.567 [main] DEBUG com.jayway.jsonpath.internal.path.CompiledPath - Evaluating path: $
14:14:54.567 [main] DEBUG com.jayway.jsonpath.internal.JsonContext - Put path $ key Authorization value {}
14:14:54.567 [main] DEBUG com.jayway.jsonpath.internal.path.CompiledPath - Evaluating path: $
14:14:54.567 [main] DEBUG com.jayway.jsonpath.internal.JsonContext - Put path $ key Authorization value Bearer eyJhbGciOiJSUzI1NiIsInR5cCIgOiAiSldUIiwia2lkIiA6ICI2dUJWTkN6VlViUFBlTFdReEM0WDAyYVM3UnM2UGRYV1dja1dfc0xZMHlFIn0.eyJleHAiOjE3NjExNjA3NTAsImlhdCI6MTc2MTE2MDQ1MCwianRpIjoidHJydGNjOjQ5Yjg0NDVjLTgzYTAtMjI4Ni02NDczLWE2ZGEzOTBhOWQ0YSIsImlzcyI6Imh0dHBzOi8vYXV0ZW50aWNhY2lvbnFhLmNvb25lY3RhLmNvbS5lYy9hdXRoL3JlYWxtcy9QQU5BUEFZIiwiYXVkIjoiYWNjb3VudCIsInN1YiI6Ijk5OGMyZmUwLTJjOGYtNGQwNC1iZjExLWY1OWExZTM5ODg3MyIsInR5cCI6IkJlYXJlciIsImF6cCI6IjAyMDVjYiIsImFjciI6IjEiLCJhbGxvd2VkLW9yaWdpbnMiOlsiLyoiXSwicmVhbG1fYWNjZXNzIjp7InJvbGVzIjpbImRlZmF1bHQtcm9sZXMtYWRtaW5wYW5hcGF5Iiwib2ZmbGluZV9hY2Nlc3MiLCJ1bWFfYXV0aG9yaXphdGlvbiJdfSwicmVzb3VyY2VfYWNjZXNzIjp7IjAyMDVjYiI6eyJyb2xlcyI6WyJ1bWFfcHJvdGVjdGlvbiJdfSwiYWNjb3VudCI6eyJyb2xlcyI6WyJtYW5hZ2UtYWNjb3VudCIsIm1hbmFnZS1hY2NvdW50LWxpbmtzIiwidmlldy1wcm9maWxlIl19fSwic2NvcGUiOiJwcm9maWxlIGVtYWlsIiwiZW1haWxfdmVyaWZpZWQiOmZhbHNlLCJjbGllbnRIb3N0IjoiMTAuMTAuMTAuMTUxIiwicHJlZmVycmVkX3VzZXJuYW1lIjoic2VydmljZS1hY2NvdW50LTAyMDVjYiIsImNsaWVudEFkZHJlc3MiOiIxMC4xMC4xMC4xNTEiLCJjbGllbnRfaWQiOiIwMjA1Y2IifQ.bATUogohrEqy7Voa4mFnsBzOnGy6tnjZGh_lOYRn-0hWXMY_fz-280nTu2Vv68eO3HeoewtWlt45S_iLI2-ml3pqpAlt3DXWVmLvVHw6d7TICHBfQsa0jGXMexKnyar7EinrVhF3deSK25Ap_ajC_82EvVvXrVG-7p9F1dEdq39y2R72JympejF5uhY_z_jNmqJSsnLEZVOo3WMJn76u9tTcYVIldC5uWGFWbPGEhvWPx4ZGpsuq_wrPOGdRmyJDFJPJl7LnLGHK0DBhuVtJUq_NFQkMus2fTTf_mWhRnoqNU-wUCS-fxMs6QusGzIVd-C3O29J3rerHTrGg21LAsQ
14:14:54.567 [main] DEBUG com.jayway.jsonpath.internal.path.CompiledPath - Evaluating path: $
14:14:54.585 [main] DEBUG com.jayway.jsonpath.internal.path.CompiledPath - Evaluating path: $
14:14:54.592 [main] DEBUG org.apache.http.client.protocol.RequestAddCookies - CookieSpec selected: karate
14:14:54.592 [main] DEBUG org.apache.http.client.protocol.RequestAuthCache - Auth cache not set in the context
14:14:54.592 [main] DEBUG com.intuit.karate - request:
1 > POST https://apipanapayqa.coonecta.com.ec/api/switchcentral/finan/transferencia
1 > Content-Type: application/json; charset=UTF-8
1 > Authorization: Bearer eyJhbGciOiJSUzI1NiIsInR5cCIgOiAiSldUIiwia2lkIiA6ICI2dUJWTkN6VlViUFBlTFdReEM0WDAyYVM3UnM2UGRYV1dja1dfc0xZMHlFIn0.eyJleHAiOjE3NjExNjA3NTAsImlhdCI6MTc2MTE2MDQ1MCwianRpIjoidHJydGNjOjQ5Yjg0NDVjLTgzYTAtMjI4Ni02NDczLWE2ZGEzOTBhOWQ0YSIsImlzcyI6Imh0dHBzOi8vYXV0ZW50aWNhY2lvbnFhLmNvb25lY3RhLmNvbS5lYy9hdXRoL3JlYWxtcy9QQU5BUEFZIiwiYXVkIjoiYWNjb3VudCIsInN1YiI6Ijk5OGMyZmUwLTJjOGYtNGQwNC1iZjExLWY1OWExZTM5ODg3MyIsInR5cCI6IkJlYXJlciIsImF6cCI6IjAyMDVjYiIsImFjciI6IjEiLCJhbGxvd2VkLW9yaWdpbnMiOlsiLyoiXSwicmVhbG1fYWNjZXNzIjp7InJvbGVzIjpbImRlZmF1bHQtcm9sZXMtYWRtaW5wYW5hcGF5Iiwib2ZmbGluZV9hY2Nlc3MiLCJ1bWFfYXV0aG9yaXphdGlvbiJdfSwicmVzb3VyY2VfYWNjZXNzIjp7IjAyMDVjYiI6eyJyb2xlcyI6WyJ1bWFfcHJvdGVjdGlvbiJdfSwiYWNjb3VudCI6eyJyb2xlcyI6WyJtYW5hZ2UtYWNjb3VudCIsIm1hbmFnZS1hY2NvdW50LWxpbmtzIiwidmlldy1wcm9maWxlIl19fSwic2NvcGUiOiJwcm9maWxlIGVtYWlsIiwiZW1haWxfdmVyaWZpZWQiOmZhbHNlLCJjbGllbnRIb3N0IjoiMTAuMTAuMTAuMTUxIiwicHJlZmVycmVkX3VzZXJuYW1lIjoic2VydmljZS1hY2NvdW50LTAyMDVjYiIsImNsaWVudEFkZHJlc3MiOiIxMC4xMC4xMC4xNTEiLCJjbGllbnRfaWQiOiIwMjA1Y2IifQ.bATUogohrEqy7Voa4mFnsBzOnGy6tnjZGh_lOYRn-0hWXMY_fz-280nTu2Vv68eO3HeoewtWlt45S_iLI2-ml3pqpAlt3DXWVmLvVHw6d7TICHBfQsa0jGXMexKnyar7EinrVhF3deSK25Ap_ajC_82EvVvXrVG-7p9F1dEdq39y2R72JympejF5uhY_z_jNmqJSsnLEZVOo3WMJn76u9tTcYVIldC5uWGFWbPGEhvWPx4ZGpsuq_wrPOGdRmyJDFJPJl7LnLGHK0DBhuVtJUq_NFQkMus2fTTf_mWhRnoqNU-wUCS-fxMs6QusGzIVd-C3O29J3rerHTrGg21LAsQ
1 > Content-Length: 511
1 > Host: apipanapayqa.coonecta.com.ec
1 > Connection: Keep-Alive
1 > User-Agent: Apache-HttpClient/4.5.14 (Java/17.0.12)
1 > Accept-Encoding: gzip,deflate
{"GrpHdr":{"msgId":"02052025102253059527838","creDtTm":"2025-10-22T14:14:54","nbOfTxs":1,"sttlmInf":{"sttlmMtd":"INGA"},"instgAgt":{"finInstnId":"0205"},"InstdAgt":{"FinInstnId":"0205"},"Mge":{"Type":"acmt.998.321.01"},"ChnlId":"APP"},"CdtTrfTxInf":{"PmtId":{"EndToEndId":"02052025102207607"},"IntrBkSttlmAmt":{"Amt":0.0,"Ccy":"USD"},"DbtrAcctId":{"IBAN":"EC5002051000000000020501052673"},"CdtrAcctId":{"IBAN":"EC0402051000000000020101002318"},"Prtry":{"CustRef":"QA22","ChanRef":"TERM001","AgtRef":"AGT0002"}}}

14:14:54.592 [main] DEBUG org.apache.http.impl.conn.PoolingHttpClientConnectionManager - Connection request: [route: {s}->https://apipanapayqa.coonecta.com.ec:443][total available: 0; route allocated: 0 of 5; total allocated: 0 of 10]
14:14:54.592 [main] DEBUG org.apache.http.impl.conn.PoolingHttpClientConnectionManager - Connection leased: [id: 13][route: {s}->https://apipanapayqa.coonecta.com.ec:443][total available: 0; route allocated: 1 of 5; total allocated: 1 of 10]
14:14:54.592 [main] DEBUG org.apache.http.impl.execchain.MainClientExec - Opening connection {s}->https://apipanapayqa.coonecta.com.ec:443
14:14:54.592 [main] DEBUG org.apache.http.impl.conn.DefaultHttpClientConnectionOperator - Connecting to apipanapayqa.coonecta.com.ec/10.1.0.133:443
14:14:54.592 [main] DEBUG org.apache.http.conn.ssl.SSLConnectionSocketFactory - Connecting socket to apipanapayqa.coonecta.com.ec/10.1.0.133:443 with timeout 30000
14:14:54.678 [main] DEBUG org.apache.http.conn.ssl.SSLConnectionSocketFactory - Enabled protocols: [TLSv1.3, TLSv1.2]
14:14:54.678 [main] DEBUG org.apache.http.conn.ssl.SSLConnectionSocketFactory - Enabled cipher suites:[TLS_AES_256_GCM_SHA384, TLS_AES_128_GCM_SHA256, TLS_CHACHA20_POLY1305_SHA256, TLS_ECDHE_ECDSA_WITH_AES_256_GCM_SHA384, TLS_ECDHE_ECDSA_WITH_AES_128_GCM_SHA256, TLS_ECDHE_ECDSA_WITH_CHACHA20_POLY1305_SHA256, TLS_ECDHE_RSA_WITH_AES_256_GCM_SHA384, TLS_ECDHE_RSA_WITH_CHACHA20_POLY1305_SHA256, TLS_ECDHE_RSA_WITH_AES_128_GCM_SHA256, TLS_DHE_RSA_WITH_AES_256_GCM_SHA384, TLS_DHE_RSA_WITH_CHACHA20_POLY1305_SHA256, TLS_DHE_DSS_WITH_AES_256_GCM_SHA384, TLS_DHE_RSA_WITH_AES_128_GCM_SHA256, TLS_DHE_DSS_WITH_AES_128_GCM_SHA256, TLS_ECDHE_ECDSA_WITH_AES_256_CBC_SHA384, TLS_ECDHE_RSA_WITH_AES_256_CBC_SHA384, TLS_ECDHE_ECDSA_WITH_AES_128_CBC_SHA256, TLS_ECDHE_RSA_WITH_AES_128_CBC_SHA256, TLS_DHE_RSA_WITH_AES_256_CBC_SHA256, TLS_DHE_DSS_WITH_AES_256_CBC_SHA256, TLS_DHE_RSA_WITH_AES_128_CBC_SHA256, TLS_DHE_DSS_WITH_AES_128_CBC_SHA256, TLS_ECDH_ECDSA_WITH_AES_256_GCM_SHA384, TLS_ECDH_RSA_WITH_AES_256_GCM_SHA384, TLS_ECDH_ECDSA_WITH_AES_128_GCM_SHA256, TLS_ECDH_RSA_WITH_AES_128_GCM_SHA256, TLS_ECDH_ECDSA_WITH_AES_256_CBC_SHA384, TLS_ECDH_RSA_WITH_AES_256_CBC_SHA384, TLS_ECDH_ECDSA_WITH_AES_128_CBC_SHA256, TLS_ECDH_RSA_WITH_AES_128_CBC_SHA256, TLS_ECDHE_ECDSA_WITH_AES_256_CBC_SHA, TLS_ECDHE_RSA_WITH_AES_256_CBC_SHA, TLS_ECDHE_ECDSA_WITH_AES_128_CBC_SHA, TLS_ECDHE_RSA_WITH_AES_128_CBC_SHA, TLS_DHE_RSA_WITH_AES_256_CBC_SHA, TLS_DHE_DSS_WITH_AES_256_CBC_SHA, TLS_DHE_RSA_WITH_AES_128_CBC_SHA, TLS_DHE_DSS_WITH_AES_128_CBC_SHA, TLS_ECDH_ECDSA_WITH_AES_256_CBC_SHA, TLS_ECDH_RSA_WITH_AES_256_CBC_SHA, TLS_ECDH_ECDSA_WITH_AES_128_CBC_SHA, TLS_ECDH_RSA_WITH_AES_128_CBC_SHA, TLS_RSA_WITH_AES_256_GCM_SHA384, TLS_RSA_WITH_AES_128_GCM_SHA256, TLS_RSA_WITH_AES_256_CBC_SHA256, TLS_RSA_WITH_AES_128_CBC_SHA256, TLS_RSA_WITH_AES_256_CBC_SHA, TLS_RSA_WITH_AES_128_CBC_SHA, TLS_EMPTY_RENEGOTIATION_INFO_SCSV]
14:14:54.678 [main] DEBUG org.apache.http.conn.ssl.SSLConnectionSocketFactory - Starting handshake
14:14:54.865 [main] DEBUG org.apache.http.conn.ssl.SSLConnectionSocketFactory - Secure session established
14:14:54.865 [main] DEBUG org.apache.http.conn.ssl.SSLConnectionSocketFactory -  negotiated protocol: TLSv1.3
14:14:54.865 [main] DEBUG org.apache.http.conn.ssl.SSLConnectionSocketFactory -  negotiated cipher suite: TLS_AES_256_GCM_SHA384
14:14:54.865 [main] DEBUG org.apache.http.conn.ssl.SSLConnectionSocketFactory -  peer principal: CN=apipanapayqa.coonecta.com.ec, O=Red Transaccional Cooperativa S.A. RTC, L=Quito, ST=Pichincha, C=EC
14:14:54.865 [main] DEBUG org.apache.http.conn.ssl.SSLConnectionSocketFactory -  peer alternative names: [apipanapayqa.coonecta.com.ec]
14:14:54.865 [main] DEBUG org.apache.http.conn.ssl.SSLConnectionSocketFactory -  issuer principal: CN=DigiCert Global G2 TLS RSA SHA256 2020 CA1, O=DigiCert Inc, C=US
14:14:54.865 [main] DEBUG org.apache.http.impl.conn.DefaultHttpClientConnectionOperator - Connection established 10.10.10.151:49809<->10.1.0.133:443
14:14:54.865 [main] DEBUG org.apache.http.impl.conn.DefaultManagedHttpClientConnection - http-outgoing-13: set socket timeout to 30000
14:14:54.865 [main] DEBUG org.apache.http.impl.execchain.MainClientExec - Executing request POST /api/switchcentral/finan/transferencia HTTP/1.1
14:14:54.865 [main] DEBUG org.apache.http.impl.execchain.MainClientExec - Proxy auth state: UNCHALLENGED
14:14:54.865 [main] DEBUG org.apache.http.headers - http-outgoing-13 >> POST /api/switchcentral/finan/transferencia HTTP/1.1
14:14:54.865 [main] DEBUG org.apache.http.headers - http-outgoing-13 >> Content-Type: application/json; charset=UTF-8
14:14:54.865 [main] DEBUG org.apache.http.headers - http-outgoing-13 >> Authorization: Bearer eyJhbGciOiJSUzI1NiIsInR5cCIgOiAiSldUIiwia2lkIiA6ICI2dUJWTkN6VlViUFBlTFdReEM0WDAyYVM3UnM2UGRYV1dja1dfc0xZMHlFIn0.eyJleHAiOjE3NjExNjA3NTAsImlhdCI6MTc2MTE2MDQ1MCwianRpIjoidHJydGNjOjQ5Yjg0NDVjLTgzYTAtMjI4Ni02NDczLWE2ZGEzOTBhOWQ0YSIsImlzcyI6Imh0dHBzOi8vYXV0ZW50aWNhY2lvbnFhLmNvb25lY3RhLmNvbS5lYy9hdXRoL3JlYWxtcy9QQU5BUEFZIiwiYXVkIjoiYWNjb3VudCIsInN1YiI6Ijk5OGMyZmUwLTJjOGYtNGQwNC1iZjExLWY1OWExZTM5ODg3MyIsInR5cCI6IkJlYXJlciIsImF6cCI6IjAyMDVjYiIsImFjciI6IjEiLCJhbGxvd2VkLW9yaWdpbnMiOlsiLyoiXSwicmVhbG1fYWNjZXNzIjp7InJvbGVzIjpbImRlZmF1bHQtcm9sZXMtYWRtaW5wYW5hcGF5Iiwib2ZmbGluZV9hY2Nlc3MiLCJ1bWFfYXV0aG9yaXphdGlvbiJdfSwicmVzb3VyY2VfYWNjZXNzIjp7IjAyMDVjYiI6eyJyb2xlcyI6WyJ1bWFfcHJvdGVjdGlvbiJdfSwiYWNjb3VudCI6eyJyb2xlcyI6WyJtYW5hZ2UtYWNjb3VudCIsIm1hbmFnZS1hY2NvdW50LWxpbmtzIiwidmlldy1wcm9maWxlIl19fSwic2NvcGUiOiJwcm9maWxlIGVtYWlsIiwiZW1haWxfdmVyaWZpZWQiOmZhbHNlLCJjbGllbnRIb3N0IjoiMTAuMTAuMTAuMTUxIiwicHJlZmVycmVkX3VzZXJuYW1lIjoic2VydmljZS1hY2NvdW50LTAyMDVjYiIsImNsaWVudEFkZHJlc3MiOiIxMC4xMC4xMC4xNTEiLCJjbGllbnRfaWQiOiIwMjA1Y2IifQ.bATUogohrEqy7Voa4mFnsBzOnGy6tnjZGh_lOYRn-0hWXMY_fz-280nTu2Vv68eO3HeoewtWlt45S_iLI2-ml3pqpAlt3DXWVmLvVHw6d7TICHBfQsa0jGXMexKnyar7EinrVhF3deSK25Ap_ajC_82EvVvXrVG-7p9F1dEdq39y2R72JympejF5uhY_z_jNmqJSsnLEZVOo3WMJn76u9tTcYVIldC5uWGFWbPGEhvWPx4ZGpsuq_wrPOGdRmyJDFJPJl7LnLGHK0DBhuVtJUq_NFQkMus2fTTf_mWhRnoqNU-wUCS-fxMs6QusGzIVd-C3O29J3rerHTrGg21LAsQ
14:14:54.865 [main] DEBUG org.apache.http.headers - http-outgoing-13 >> Content-Length: 511
14:14:54.865 [main] DEBUG org.apache.http.headers - http-outgoing-13 >> Host: apipanapayqa.coonecta.com.ec
14:14:54.865 [main] DEBUG org.apache.http.headers - http-outgoing-13 >> Connection: Keep-Alive
14:14:54.865 [main] DEBUG org.apache.http.headers - http-outgoing-13 >> User-Agent: Apache-HttpClient/4.5.14 (Java/17.0.12)
14:14:54.865 [main] DEBUG org.apache.http.headers - http-outgoing-13 >> Accept-Encoding: gzip,deflate
14:14:54.865 [main] DEBUG org.apache.http.wire - http-outgoing-13 >> "POST /api/switchcentral/finan/transferencia HTTP/1.1[\r][\n]"
14:14:54.865 [main] DEBUG org.apache.http.wire - http-outgoing-13 >> "Content-Type: application/json; charset=UTF-8[\r][\n]"
14:14:54.865 [main] DEBUG org.apache.http.wire - http-outgoing-13 >> "Authorization: Bearer eyJhbGciOiJSUzI1NiIsInR5cCIgOiAiSldUIiwia2lkIiA6ICI2dUJWTkN6VlViUFBlTFdReEM0WDAyYVM3UnM2UGRYV1dja1dfc0xZMHlFIn0.eyJleHAiOjE3NjExNjA3NTAsImlhdCI6MTc2MTE2MDQ1MCwianRpIjoidHJydGNjOjQ5Yjg0NDVjLTgzYTAtMjI4Ni02NDczLWE2ZGEzOTBhOWQ0YSIsImlzcyI6Imh0dHBzOi8vYXV0ZW50aWNhY2lvbnFhLmNvb25lY3RhLmNvbS5lYy9hdXRoL3JlYWxtcy9QQU5BUEFZIiwiYXVkIjoiYWNjb3VudCIsInN1YiI6Ijk5OGMyZmUwLTJjOGYtNGQwNC1iZjExLWY1OWExZTM5ODg3MyIsInR5cCI6IkJlYXJlciIsImF6cCI6IjAyMDVjYiIsImFjciI6IjEiLCJhbGxvd2VkLW9yaWdpbnMiOlsiLyoiXSwicmVhbG1fYWNjZXNzIjp7InJvbGVzIjpbImRlZmF1bHQtcm9sZXMtYWRtaW5wYW5hcGF5Iiwib2ZmbGluZV9hY2Nlc3MiLCJ1bWFfYXV0aG9yaXphdGlvbiJdfSwicmVzb3VyY2VfYWNjZXNzIjp7IjAyMDVjYiI6eyJyb2xlcyI6WyJ1bWFfcHJvdGVjdGlvbiJdfSwiYWNjb3VudCI6eyJyb2xlcyI6WyJtYW5hZ2UtYWNjb3VudCIsIm1hbmFnZS1hY2NvdW50LWxpbmtzIiwidmlldy1wcm9maWxlIl19fSwic2NvcGUiOiJwcm9maWxlIGVtYWlsIiwiZW1haWxfdmVyaWZpZWQiOmZhbHNlLCJjbGllbnRIb3N0IjoiMTAuMTAuMTAuMTUxIiwicHJlZmVycmVkX3VzZXJuYW1lIjoic2VydmljZS1hY2NvdW50LTAyMDVjYiIsImNsaWVudEFkZHJlc3MiOiIxMC4xMC4xMC4xNTEiLCJjbGllbnRfaWQiOiIwMjA1Y2IifQ.bATUogohrEqy7Voa4mFnsBzOnGy6tnjZGh_lOYRn-0hWXMY_fz-280nTu2Vv68eO3HeoewtWlt45S_iLI2-ml3pqpAlt3DXWVmLvVHw6d7TICHBfQsa0jGXMexKnyar7EinrVhF3deSK25Ap_ajC_82EvVvXrVG-7p9F1dEdq39y2R72JympejF5uhY_z_jNmqJSsnLEZVOo3WMJn76u9tTcYVIldC5uWGFWbPGEhvWPx4ZGpsuq_wrPOGdRmyJDFJPJl7LnLGHK0DBhuVtJUq_NFQkMus2fTTf_mWhRnoqNU-wUCS-fxMs6QusGzIVd-C3O29J3rerHTrGg21LAsQ[\r][\n]"
14:14:54.865 [main] DEBUG org.apache.http.wire - http-outgoing-13 >> "Content-Length: 511[\r][\n]"
14:14:54.865 [main] DEBUG org.apache.http.wire - http-outgoing-13 >> "Host: apipanapayqa.coonecta.com.ec[\r][\n]"
14:14:54.865 [main] DEBUG org.apache.http.wire - http-outgoing-13 >> "Connection: Keep-Alive[\r][\n]"
14:14:54.865 [main] DEBUG org.apache.http.wire - http-outgoing-13 >> "User-Agent: Apache-HttpClient/4.5.14 (Java/17.0.12)[\r][\n]"
14:14:54.865 [main] DEBUG org.apache.http.wire - http-outgoing-13 >> "Accept-Encoding: gzip,deflate[\r][\n]"
14:14:54.865 [main] DEBUG org.apache.http.wire - http-outgoing-13 >> "[\r][\n]"
14:14:54.865 [main] DEBUG org.apache.http.wire - http-outgoing-13 >> "{"GrpHdr":{"msgId":"02052025102253059527838","creDtTm":"2025-10-22T14:14:54","nbOfTxs":1,"sttlmInf":{"sttlmMtd":"INGA"},"instgAgt":{"finInstnId":"0205"},"InstdAgt":{"FinInstnId":"0205"},"Mge":{"Type":"acmt.998.321.01"},"ChnlId":"APP"},"CdtTrfTxInf":{"PmtId":{"EndToEndId":"02052025102207607"},"IntrBkSttlmAmt":{"Amt":0.0,"Ccy":"USD"},"DbtrAcctId":{"IBAN":"EC5002051000000000020501052673"},"CdtrAcctId":{"IBAN":"EC0402051000000000020101002318"},"Prtry":{"CustRef":"QA22","ChanRef":"TERM001","AgtRef":"AGT0002"}}}"
14:14:56.246 [main] DEBUG org.apache.http.wire - http-outgoing-13 << "HTTP/1.1 400 Bad Request[\r][\n]"
14:14:56.246 [main] DEBUG org.apache.http.wire - http-outgoing-13 << "Date: Wed, 22 Oct 2025 19:14:47 GMT[\r][\n]"
14:14:56.246 [main] DEBUG org.apache.http.wire - http-outgoing-13 << "Content-Type: application/json; charset=utf-8[\r][\n]"
14:14:56.246 [main] DEBUG org.apache.http.wire - http-outgoing-13 << "Transfer-Encoding: chunked[\r][\n]"
14:14:56.246 [main] DEBUG org.apache.http.wire - http-outgoing-13 << "Connection: keep-alive[\r][\n]"
14:14:56.246 [main] DEBUG org.apache.http.wire - http-outgoing-13 << "Server: Kestrel[\r][\n]"
14:14:56.246 [main] DEBUG org.apache.http.wire - http-outgoing-13 << "Set-Cookie: ARRAffinity=135f536e0d078a815c3b83fda3468ab8a3a2abc604a35eefb28648d3961cfa9b;Path=/;HttpOnly;Secure;Domain=app-apipanapay-qa.azurewebsites.net[\r][\n]"
14:14:56.246 [main] DEBUG org.apache.http.wire - http-outgoing-13 << "Set-Cookie: ARRAffinitySameSite=135f536e0d078a815c3b83fda3468ab8a3a2abc604a35eefb28648d3961cfa9b;Path=/;HttpOnly;SameSite=None;Secure;Domain=app-apipanapay-qa.azurewebsites.net[\r][\n]"
14:14:56.246 [main] DEBUG org.apache.http.wire - http-outgoing-13 << "Request-Context: appId=cid-v1:a7a77847-2713-450f-9030-b350a2d54a28[\r][\n]"
14:14:56.246 [main] DEBUG org.apache.http.wire - http-outgoing-13 << "X-Powered-By: ASP.NET[\r][\n]"
14:14:56.246 [main] DEBUG org.apache.http.wire - http-outgoing-13 << "X-ARR-ClientCert: -----BEGIN%20CERTIFICATE-----%0AMIIEHDCCAgSgAwIBAgIUZIZBO0fb7VZ4KXrs01S4RYbWyJ8wDQYJKoZIhvcNAQEL%0ABQAwJTEjMCEGA1UEAwwacm9vdGNlcnQuY2JpYmxpYW4uaW50ZXJuYWwwHhcNMjUw%0AODEzMTMyNTU5WhcNMjgwODEyMTMyNTU5WjAnMSUwIwYDVQQDDBxjbGllbnRjZXJ0%0ALmNiaWJsaWFuLmludGVybmFsMIIBIjANBgkqhkiG9w0BAQEFAAOCAQ8AMIIBCgKC%0AAQEAskUDap6NmyYq8RT6F7z3DpZGQiflNQTvUT84TmxsKXEBRAkgINnkJqgKkd7f%0ASEybzqglQTbr4s41lCiPsy3X66qYjU2L%2Bojhni%2BOCVOX7n3JBYovL%2FqfMP3%2FkhZP%0AQIlK%2FQWPcrnl39fYkGOQv%2BYqoCGEPzGkib2m1Ma5Q1HOCKh1ErMjqTLGy%2ByJj6JY%0AiZvMx3YrJSvjUS0uKpNwxPtGyiexRfKsmR%2FHqPzRHa0iY%2B752KSgUedwJPv1Wod%2B%0AY9BMAMIdU25UtkUEsaOYtorGWDaZSn2Bl0LYmP87kjcYypnHx0jtPtUCXfVHrE6u%0AZnDRFYsZbeXylY3mJkyOL2DzZwIDAQABo0IwQDAdBgNVHQ4EFgQURPhJwTAcUWUp%0ArOqQO68P%2FbJoqjMwHwYDVR0jBBgwFoAU7GdlxoSeEXucEXhjadHRC9xzS0UwDQYJ%0AKoZIhvcNAQELBQADggIBAGTnlyF2n%2F6s9phYbO8V17niO0BXB62ToX6gPhcw9f3y%0AhMui6RnrM1oiHlBWqZquCqYJ5ETvYJE1RqvoqtGysxCnIj0OTJHV4WtF3SHsd1Tu%0ATg%2B%2FUnGivtBTDQxj9sbAtCaSYRBqPByP8jvSTDgXR1mgOrEGjr2PZdZSoKLj4OHi%0A9UCMJw7pJsyA4lbroKshQTYv5Ks5SqtJpdp0%2BUX0UUlbPJqXiadfbKdoXvEgcwbP%0ACqR9v7kGYmNxfaGLNGVrV%2BnLawIDmdYXJE%2F4WJh6sHfiZxEsE%2BB4PoKADrb1Eapt%0AnSdHUgRfc0i5f2lcmErnU8nCMO5TWdHFOgpYwTS8w17FhNFZpaSmyZKM7uHcUs7y%0AUbuiQtdXocfSSMf%2FeycBEU%2FHAVIWQEqY%2BbJdC0q%2FR%2BsESeBtXd4IEIxR0QfgscGk%0AJyCSFC8z%2FvCgrRsH5rePqKO7%2FLAsDTP4GIQNFNfF4Wh6bsPXuJmvvoMcnmy%2F58Wo%0AE0XaG8UPHVAeyEmhncdM32E7SJbR91aRr2CkV23OoUz%2BwKG2%2FuObHmAkuMkCbbcz%0AJQoC7DZg5FGw%2BZR7v1DIBct5QNJQ8bG%2FXGRxjWC6dU7jrGhOF1X%2B2YYcdx9XnwyM%0A9YPxUy5bVfMhIiKP2wEso5fjOZ4RTvnB5R6zD3maJK%2FtZAXVhtyqXSkBYFi4MvEs%0A-----END%20CERTIFICATE-----%0A[\r][\n]"
14:14:56.246 [main] DEBUG org.apache.http.wire - http-outgoing-13 << "[\r][\n]"
14:14:56.246 [main] DEBUG org.apache.http.wire - http-outgoing-13 << "1e9[\r][\n]"
14:14:56.248 [main] DEBUG org.apache.http.wire - http-outgoing-13 << "{"GrpHdr":{"MsgId":"000020251022020366","CreDtTm":"2025-10-22T14:14:47","NbOfTxs":1,"SttlmInf":{"SttlmMtd":"INGA"},"InstgAgt":{"FinInstnId":"0205"},"InstdAgt":{"FinInstnId":"0205"},"Mge":{"Type":"acmt.998.322.001"},"ChnlId":"APP"},"CdtTrfTxInf":{"OrgnGrpInf":{"OrgnlMsgId":"02052025102253059527838","OrgnlMgeType":"acmt.998.321.01","OrgnlCreDtTm":"2025-10-22T14:14:54"},"TxSts":"ERR","Rsn":{"RsnCd":"AM06","AddtlInf":"El monto no cumple con el m[0xc3][0xad]nimo requerido."},"SttlmDt":"2025-10-22"}}[\r][\n]"
14:14:56.248 [main] DEBUG org.apache.http.wire - http-outgoing-13 << "0[\r][\n]"
14:14:56.248 [main] DEBUG org.apache.http.wire - http-outgoing-13 << "[\r][\n]"
14:14:56.248 [main] DEBUG org.apache.http.headers - http-outgoing-13 << HTTP/1.1 400 Bad Request
14:14:56.248 [main] DEBUG org.apache.http.headers - http-outgoing-13 << Date: Wed, 22 Oct 2025 19:14:47 GMT
14:14:56.248 [main] DEBUG org.apache.http.headers - http-outgoing-13 << Content-Type: application/json; charset=utf-8
14:14:56.248 [main] DEBUG org.apache.http.headers - http-outgoing-13 << Transfer-Encoding: chunked
14:14:56.248 [main] DEBUG org.apache.http.headers - http-outgoing-13 << Connection: keep-alive
14:14:56.248 [main] DEBUG org.apache.http.headers - http-outgoing-13 << Server: Kestrel
14:14:56.248 [main] DEBUG org.apache.http.headers - http-outgoing-13 << Set-Cookie: ARRAffinity=135f536e0d078a815c3b83fda3468ab8a3a2abc604a35eefb28648d3961cfa9b;Path=/;HttpOnly;Secure;Domain=app-apipanapay-qa.azurewebsites.net
14:14:56.248 [main] DEBUG org.apache.http.headers - http-outgoing-13 << Set-Cookie: ARRAffinitySameSite=135f536e0d078a815c3b83fda3468ab8a3a2abc604a35eefb28648d3961cfa9b;Path=/;HttpOnly;SameSite=None;Secure;Domain=app-apipanapay-qa.azurewebsites.net
14:14:56.248 [main] DEBUG org.apache.http.headers - http-outgoing-13 << Request-Context: appId=cid-v1:a7a77847-2713-450f-9030-b350a2d54a28
14:14:56.248 [main] DEBUG org.apache.http.headers - http-outgoing-13 << X-Powered-By: ASP.NET
14:14:56.248 [main] DEBUG org.apache.http.headers - http-outgoing-13 << X-ARR-ClientCert: -----BEGIN%20CERTIFICATE-----%0AMIIEHDCCAgSgAwIBAgIUZIZBO0fb7VZ4KXrs01S4RYbWyJ8wDQYJKoZIhvcNAQEL%0ABQAwJTEjMCEGA1UEAwwacm9vdGNlcnQuY2JpYmxpYW4uaW50ZXJuYWwwHhcNMjUw%0AODEzMTMyNTU5WhcNMjgwODEyMTMyNTU5WjAnMSUwIwYDVQQDDBxjbGllbnRjZXJ0%0ALmNiaWJsaWFuLmludGVybmFsMIIBIjANBgkqhkiG9w0BAQEFAAOCAQ8AMIIBCgKC%0AAQEAskUDap6NmyYq8RT6F7z3DpZGQiflNQTvUT84TmxsKXEBRAkgINnkJqgKkd7f%0ASEybzqglQTbr4s41lCiPsy3X66qYjU2L%2Bojhni%2BOCVOX7n3JBYovL%2FqfMP3%2FkhZP%0AQIlK%2FQWPcrnl39fYkGOQv%2BYqoCGEPzGkib2m1Ma5Q1HOCKh1ErMjqTLGy%2ByJj6JY%0AiZvMx3YrJSvjUS0uKpNwxPtGyiexRfKsmR%2FHqPzRHa0iY%2B752KSgUedwJPv1Wod%2B%0AY9BMAMIdU25UtkUEsaOYtorGWDaZSn2Bl0LYmP87kjcYypnHx0jtPtUCXfVHrE6u%0AZnDRFYsZbeXylY3mJkyOL2DzZwIDAQABo0IwQDAdBgNVHQ4EFgQURPhJwTAcUWUp%0ArOqQO68P%2FbJoqjMwHwYDVR0jBBgwFoAU7GdlxoSeEXucEXhjadHRC9xzS0UwDQYJ%0AKoZIhvcNAQELBQADggIBAGTnlyF2n%2F6s9phYbO8V17niO0BXB62ToX6gPhcw9f3y%0AhMui6RnrM1oiHlBWqZquCqYJ5ETvYJE1RqvoqtGysxCnIj0OTJHV4WtF3SHsd1Tu%0ATg%2B%2FUnGivtBTDQxj9sbAtCaSYRBqPByP8jvSTDgXR1mgOrEGjr2PZdZSoKLj4OHi%0A9UCMJw7pJsyA4lbroKshQTYv5Ks5SqtJpdp0%2BUX0UUlbPJqXiadfbKdoXvEgcwbP%0ACqR9v7kGYmNxfaGLNGVrV%2BnLawIDmdYXJE%2F4WJh6sHfiZxEsE%2BB4PoKADrb1Eapt%0AnSdHUgRfc0i5f2lcmErnU8nCMO5TWdHFOgpYwTS8w17FhNFZpaSmyZKM7uHcUs7y%0AUbuiQtdXocfSSMf%2FeycBEU%2FHAVIWQEqY%2BbJdC0q%2FR%2BsESeBtXd4IEIxR0QfgscGk%0AJyCSFC8z%2FvCgrRsH5rePqKO7%2FLAsDTP4GIQNFNfF4Wh6bsPXuJmvvoMcnmy%2F58Wo%0AE0XaG8UPHVAeyEmhncdM32E7SJbR91aRr2CkV23OoUz%2BwKG2%2FuObHmAkuMkCbbcz%0AJQoC7DZg5FGw%2BZR7v1DIBct5QNJQ8bG%2FXGRxjWC6dU7jrGhOF1X%2B2YYcdx9XnwyM%0A9YPxUy5bVfMhIiKP2wEso5fjOZ4RTvnB5R6zD3maJK%2FtZAXVhtyqXSkBYFi4MvEs%0A-----END%20CERTIFICATE-----%0A
14:14:56.248 [main] DEBUG org.apache.http.impl.execchain.MainClientExec - Connection can be kept alive indefinitely
14:14:56.248 [main] DEBUG org.apache.http.client.protocol.ResponseProcessCookies - Cookie accepted [ARRAffinity="135f536e0d078a815c3b83fda3468ab8a3a2abc604a35eefb28648d3961cfa9b", version:0, domain:app-apipanapay-qa.azurewebsites.net, path:/, expiry:null]
14:14:56.248 [main] DEBUG org.apache.http.client.protocol.ResponseProcessCookies - Cookie accepted [ARRAffinitySameSite="135f536e0d078a815c3b83fda3468ab8a3a2abc604a35eefb28648d3961cfa9b", version:0, domain:app-apipanapay-qa.azurewebsites.net, path:/, expiry:null]
14:14:56.248 [main] DEBUG org.apache.http.impl.conn.PoolingHttpClientConnectionManager - Connection [id: 13][route: {s}->https://apipanapayqa.coonecta.com.ec:443][state: CN=clientcert.cbiblian.internal] can be kept alive indefinitely
14:14:56.248 [main] DEBUG org.apache.http.impl.conn.DefaultManagedHttpClientConnection - http-outgoing-13: set socket timeout to 0
14:14:56.248 [main] DEBUG org.apache.http.impl.conn.PoolingHttpClientConnectionManager - Connection released: [id: 13][route: {s}->https://apipanapayqa.coonecta.com.ec:443][state: CN=clientcert.cbiblian.internal][total available: 1; route allocated: 1 of 5; total allocated: 1 of 10]
14:14:56.248 [main] DEBUG org.apache.http.impl.conn.PoolingHttpClientConnectionManager - Connection manager is shutting down
14:14:56.248 [main] DEBUG org.apache.http.impl.conn.DefaultManagedHttpClientConnection - http-outgoing-13: Close connection
14:14:56.248 [main] DEBUG org.apache.http.impl.conn.PoolingHttpClientConnectionManager - Connection manager shut down
14:14:56.248 [main] DEBUG com.intuit.karate - response time in milliseconds: 1656
1 < 400
1 < Date: Wed, 22 Oct 2025 19:14:47 GMT
1 < Content-Type: application/json; charset=utf-8
1 < Transfer-Encoding: chunked
1 < Connection: keep-alive
1 < Server: Kestrel
1 < Set-Cookie: ARRAffinity=135f536e0d078a815c3b83fda3468ab8a3a2abc604a35eefb28648d3961cfa9b;Path=/;HttpOnly;Secure;Domain=app-apipanapay-qa.azurewebsites.net
1 < Set-Cookie: ARRAffinitySameSite=135f536e0d078a815c3b83fda3468ab8a3a2abc604a35eefb28648d3961cfa9b;Path=/;HttpOnly;SameSite=None;Secure;Domain=app-apipanapay-qa.azurewebsites.net
1 < Request-Context: appId=cid-v1:a7a77847-2713-450f-9030-b350a2d54a28
1 < X-Powered-By: ASP.NET
1 < X-ARR-ClientCert: -----BEGIN%20CERTIFICATE-----%0AMIIEHDCCAgSgAwIBAgIUZIZBO0fb7VZ4KXrs01S4RYbWyJ8wDQYJKoZIhvcNAQEL%0ABQAwJTEjMCEGA1UEAwwacm9vdGNlcnQuY2JpYmxpYW4uaW50ZXJuYWwwHhcNMjUw%0AODEzMTMyNTU5WhcNMjgwODEyMTMyNTU5WjAnMSUwIwYDVQQDDBxjbGllbnRjZXJ0%0ALmNiaWJsaWFuLmludGVybmFsMIIBIjANBgkqhkiG9w0BAQEFAAOCAQ8AMIIBCgKC%0AAQEAskUDap6NmyYq8RT6F7z3DpZGQiflNQTvUT84TmxsKXEBRAkgINnkJqgKkd7f%0ASEybzqglQTbr4s41lCiPsy3X66qYjU2L%2Bojhni%2BOCVOX7n3JBYovL%2FqfMP3%2FkhZP%0AQIlK%2FQWPcrnl39fYkGOQv%2BYqoCGEPzGkib2m1Ma5Q1HOCKh1ErMjqTLGy%2ByJj6JY%0AiZvMx3YrJSvjUS0uKpNwxPtGyiexRfKsmR%2FHqPzRHa0iY%2B752KSgUedwJPv1Wod%2B%0AY9BMAMIdU25UtkUEsaOYtorGWDaZSn2Bl0LYmP87kjcYypnHx0jtPtUCXfVHrE6u%0AZnDRFYsZbeXylY3mJkyOL2DzZwIDAQABo0IwQDAdBgNVHQ4EFgQURPhJwTAcUWUp%0ArOqQO68P%2FbJoqjMwHwYDVR0jBBgwFoAU7GdlxoSeEXucEXhjadHRC9xzS0UwDQYJ%0AKoZIhvcNAQELBQADggIBAGTnlyF2n%2F6s9phYbO8V17niO0BXB62ToX6gPhcw9f3y%0AhMui6RnrM1oiHlBWqZquCqYJ5ETvYJE1RqvoqtGysxCnIj0OTJHV4WtF3SHsd1Tu%0ATg%2B%2FUnGivtBTDQxj9sbAtCaSYRBqPByP8jvSTDgXR1mgOrEGjr2PZdZSoKLj4OHi%0A9UCMJw7pJsyA4lbroKshQTYv5Ks5SqtJpdp0%2BUX0UUlbPJqXiadfbKdoXvEgcwbP%0ACqR9v7kGYmNxfaGLNGVrV%2BnLawIDmdYXJE%2F4WJh6sHfiZxEsE%2BB4PoKADrb1Eapt%0AnSdHUgRfc0i5f2lcmErnU8nCMO5TWdHFOgpYwTS8w17FhNFZpaSmyZKM7uHcUs7y%0AUbuiQtdXocfSSMf%2FeycBEU%2FHAVIWQEqY%2BbJdC0q%2FR%2BsESeBtXd4IEIxR0QfgscGk%0AJyCSFC8z%2FvCgrRsH5rePqKO7%2FLAsDTP4GIQNFNfF4Wh6bsPXuJmvvoMcnmy%2F58Wo%0AE0XaG8UPHVAeyEmhncdM32E7SJbR91aRr2CkV23OoUz%2BwKG2%2FuObHmAkuMkCbbcz%0AJQoC7DZg5FGw%2BZR7v1DIBct5QNJQ8bG%2FXGRxjWC6dU7jrGhOF1X%2B2YYcdx9XnwyM%0A9YPxUy5bVfMhIiKP2wEso5fjOZ4RTvnB5R6zD3maJK%2FtZAXVhtyqXSkBYFi4MvEs%0A-----END%20CERTIFICATE-----%0A
{"GrpHdr":{"MsgId":"000020251022020366","CreDtTm":"2025-10-22T14:14:47","NbOfTxs":1,"SttlmInf":{"SttlmMtd":"INGA"},"InstgAgt":{"FinInstnId":"0205"},"InstdAgt":{"FinInstnId":"0205"},"Mge":{"Type":"acmt.998.322.001"},"ChnlId":"APP"},"CdtTrfTxInf":{"OrgnGrpInf":{"OrgnlMsgId":"02052025102253059527838","OrgnlMgeType":"acmt.998.321.01","OrgnlCreDtTm":"2025-10-22T14:14:54"},"TxSts":"ERR","Rsn":{"RsnCd":"AM06","AddtlInf":"El monto no cumple con el mínimo requerido."},"SttlmDt":"2025-10-22"}}

14:14:56.248 [main] ERROR com.intuit.karate - classpath:Transferencia.feature:317
Then match responseStatus in normalizedStatus
no step-definition method match found for: match responseStatus in normalizedStatus
classpath:Transferencia.feature:317
]]></system-out>
  </testcase>
  <testcase name="[14:321] Validar limites por transacciones de usuario, monto acumulado diario superior al permitido" classname="Transferencia" time="1.853">
    <failure message="no step-definition method match found for: match responseStatus in normalizedStatus&#10;classpath:Transferencia.feature:328" type="org.opentest4j.AssertionFailedError"><![CDATA[org.opentest4j.AssertionFailedError: 
no step-definition method match found for: match responseStatus in normalizedStatus
classpath:Transferencia.feature:328
	at org.junit.jupiter.api.AssertionUtils.fail(AssertionUtils.java:38)
	at org.junit.jupiter.api.Assertions.fail(Assertions.java:135)
	at com.intuit.karate.junit5.FeatureNode.lambda$next$1(FeatureNode.java:86)
	at org.junit.jupiter.engine.descriptor.DynamicTestTestDescriptor.lambda$execute$0(DynamicTestTestDescriptor.java:53)
	at org.junit.jupiter.engine.execution.InvocationInterceptorChain$ValidatingInvocation.proceed(InvocationInterceptorChain.java:131)
	at org.junit.jupiter.api.extension.InvocationInterceptor.interceptDynamicTest(InvocationInterceptor.java:167)
	at org.junit.jupiter.api.extension.InvocationInterceptor.interceptDynamicTest(InvocationInterceptor.java:184)
	at org.junit.jupiter.engine.descriptor.DynamicTestTestDescriptor.lambda$execute$1(DynamicTestTestDescriptor.java:61)
	at org.junit.jupiter.engine.execution.InvocationInterceptorChain$InterceptorCall.lambda$ofVoid$0(InvocationInterceptorChain.java:78)
	at org.junit.jupiter.engine.execution.InvocationInterceptorChain$InterceptedInvocation.proceed(InvocationInterceptorChain.java:106)
	at org.junit.jupiter.engine.execution.InvocationInterceptorChain.proceed(InvocationInterceptorChain.java:64)
	at org.junit.jupiter.engine.execution.InvocationInterceptorChain.chainAndInvoke(InvocationInterceptorChain.java:45)
	at org.junit.jupiter.engine.execution.InvocationInterceptorChain.invoke(InvocationInterceptorChain.java:37)
	at org.junit.jupiter.engine.descriptor.DynamicTestTestDescriptor.execute(DynamicTestTestDescriptor.java:60)
	at org.junit.jupiter.engine.descriptor.DynamicTestTestDescriptor.execute(DynamicTestTestDescriptor.java:32)
	at org.junit.platform.engine.support.hierarchical.NodeTestTask.lambda$executeRecursively$6(NodeTestTask.java:151)
	at org.junit.platform.engine.support.hierarchical.ThrowableCollector.execute(ThrowableCollector.java:73)
	at org.junit.platform.engine.support.hierarchical.NodeTestTask.lambda$executeRecursively$8(NodeTestTask.java:141)
	at org.junit.platform.engine.support.hierarchical.Node.around(Node.java:137)
	at org.junit.platform.engine.support.hierarchical.NodeTestTask.lambda$executeRecursively$9(NodeTestTask.java:139)
	at org.junit.platform.engine.support.hierarchical.ThrowableCollector.execute(ThrowableCollector.java:73)
	at org.junit.platform.engine.support.hierarchical.NodeTestTask.executeRecursively(NodeTestTask.java:138)
	at org.junit.platform.engine.support.hierarchical.NodeTestTask.execute(NodeTestTask.java:95)
	at org.junit.platform.engine.support.hierarchical.SameThreadHierarchicalTestExecutorService.submit(SameThreadHierarchicalTestExecutorService.java:35)
	at org.junit.platform.engine.support.hierarchical.NodeTestTask$DefaultDynamicTestExecutor.execute(NodeTestTask.java:226)
	at org.junit.platform.engine.support.hierarchical.NodeTestTask$DefaultDynamicTestExecutor.execute(NodeTestTask.java:204)
	at java.base/java.util.stream.ForEachOps$ForEachOp$OfRef.accept(ForEachOps.java:183)
	at java.base/java.util.stream.ReferencePipeline$3$1.accept(ReferencePipeline.java:197)
	at java.base/java.util.stream.ReferencePipeline$2$1.accept(ReferencePipeline.java:179)
	at java.base/java.util.stream.ReferencePipeline$3$1.accept(ReferencePipeline.java:197)
	at java.base/java.util.Iterator.forEachRemaining(Iterator.java:133)
	at java.base/java.util.Spliterators$IteratorSpliterator.forEachRemaining(Spliterators.java:1845)
	at java.base/java.util.stream.AbstractPipeline.copyInto(AbstractPipeline.java:509)
	at java.base/java.util.stream.AbstractPipeline.wrapAndCopyInto(AbstractPipeline.java:499)
	at java.base/java.util.stream.ForEachOps$ForEachOp.evaluateSequential(ForEachOps.java:150)
	at java.base/java.util.stream.ForEachOps$ForEachOp$OfRef.evaluateSequential(ForEachOps.java:173)
	at java.base/java.util.stream.AbstractPipeline.evaluate(AbstractPipeline.java:234)
	at java.base/java.util.stream.ReferencePipeline.forEachOrdered(ReferencePipeline.java:601)
	at org.junit.jupiter.engine.descriptor.DynamicContainerTestDescriptor.execute(DynamicContainerTestDescriptor.java:67)
	at org.junit.jupiter.engine.descriptor.DynamicContainerTestDescriptor.execute(DynamicContainerTestDescriptor.java:33)
	at org.junit.platform.engine.support.hierarchical.NodeTestTask.lambda$executeRecursively$6(NodeTestTask.java:151)
	at org.junit.platform.engine.support.hierarchical.ThrowableCollector.execute(ThrowableCollector.java:73)
	at org.junit.platform.engine.support.hierarchical.NodeTestTask.lambda$executeRecursively$8(NodeTestTask.java:141)
	at org.junit.platform.engine.support.hierarchical.Node.around(Node.java:137)
	at org.junit.platform.engine.support.hierarchical.NodeTestTask.lambda$executeRecursively$9(NodeTestTask.java:139)
	at org.junit.platform.engine.support.hierarchical.ThrowableCollector.execute(ThrowableCollector.java:73)
	at org.junit.platform.engine.support.hierarchical.NodeTestTask.executeRecursively(NodeTestTask.java:138)
	at org.junit.platform.engine.support.hierarchical.NodeTestTask.execute(NodeTestTask.java:95)
	at org.junit.platform.engine.support.hierarchical.SameThreadHierarchicalTestExecutorService.submit(SameThreadHierarchicalTestExecutorService.java:35)
	at org.junit.platform.engine.support.hierarchical.NodeTestTask$DefaultDynamicTestExecutor.execute(NodeTestTask.java:226)
	at org.junit.platform.engine.support.hierarchical.NodeTestTask$DefaultDynamicTestExecutor.execute(NodeTestTask.java:204)
	at java.base/java.util.Optional.ifPresent(Optional.java:178)
	at org.junit.jupiter.engine.descriptor.TestFactoryTestDescriptor.lambda$invokeTestMethod$1(TestFactoryTestDescriptor.java:108)
	at org.junit.platform.engine.support.hierarchical.ThrowableCollector.execute(ThrowableCollector.java:73)
	at org.junit.jupiter.engine.descriptor.TestFactoryTestDescriptor.invokeTestMethod(TestFactoryTestDescriptor.java:95)
	at org.junit.jupiter.engine.descriptor.TestMethodTestDescriptor.execute(TestMethodTestDescriptor.java:138)
	at org.junit.jupiter.engine.descriptor.TestMethodTestDescriptor.execute(TestMethodTestDescriptor.java:68)
	at org.junit.platform.engine.support.hierarchical.NodeTestTask.lambda$executeRecursively$6(NodeTestTask.java:151)
	at org.junit.platform.engine.support.hierarchical.ThrowableCollector.execute(ThrowableCollector.java:73)
	at org.junit.platform.engine.support.hierarchical.NodeTestTask.lambda$executeRecursively$8(NodeTestTask.java:141)
	at org.junit.platform.engine.support.hierarchical.Node.around(Node.java:137)
	at org.junit.platform.engine.support.hierarchical.NodeTestTask.lambda$executeRecursively$9(NodeTestTask.java:139)
	at org.junit.platform.engine.support.hierarchical.ThrowableCollector.execute(ThrowableCollector.java:73)
	at org.junit.platform.engine.support.hierarchical.NodeTestTask.executeRecursively(NodeTestTask.java:138)
	at org.junit.platform.engine.support.hierarchical.NodeTestTask.execute(NodeTestTask.java:95)
	at java.base/java.util.ArrayList.forEach(ArrayList.java:1511)
	at org.junit.platform.engine.support.hierarchical.SameThreadHierarchicalTestExecutorService.invokeAll(SameThreadHierarchicalTestExecutorService.java:41)
	at org.junit.platform.engine.support.hierarchical.NodeTestTask.lambda$executeRecursively$6(NodeTestTask.java:155)
	at org.junit.platform.engine.support.hierarchical.ThrowableCollector.execute(ThrowableCollector.java:73)
	at org.junit.platform.engine.support.hierarchical.NodeTestTask.lambda$executeRecursively$8(NodeTestTask.java:141)
	at org.junit.platform.engine.support.hierarchical.Node.around(Node.java:137)
	at org.junit.platform.engine.support.hierarchical.NodeTestTask.lambda$executeRecursively$9(NodeTestTask.java:139)
	at org.junit.platform.engine.support.hierarchical.ThrowableCollector.execute(ThrowableCollector.java:73)
	at org.junit.platform.engine.support.hierarchical.NodeTestTask.executeRecursively(NodeTestTask.java:138)
	at org.junit.platform.engine.support.hierarchical.NodeTestTask.execute(NodeTestTask.java:95)
	at java.base/java.util.ArrayList.forEach(ArrayList.java:1511)
	at org.junit.platform.engine.support.hierarchical.SameThreadHierarchicalTestExecutorService.invokeAll(SameThreadHierarchicalTestExecutorService.java:41)
	at org.junit.platform.engine.support.hierarchical.NodeTestTask.lambda$executeRecursively$6(NodeTestTask.java:155)
	at org.junit.platform.engine.support.hierarchical.ThrowableCollector.execute(ThrowableCollector.java:73)
	at org.junit.platform.engine.support.hierarchical.NodeTestTask.lambda$executeRecursively$8(NodeTestTask.java:141)
	at org.junit.platform.engine.support.hierarchical.Node.around(Node.java:137)
	at org.junit.platform.engine.support.hierarchical.NodeTestTask.lambda$executeRecursively$9(NodeTestTask.java:139)
	at org.junit.platform.engine.support.hierarchical.ThrowableCollector.execute(ThrowableCollector.java:73)
	at org.junit.platform.engine.support.hierarchical.NodeTestTask.executeRecursively(NodeTestTask.java:138)
	at org.junit.platform.engine.support.hierarchical.NodeTestTask.execute(NodeTestTask.java:95)
	at org.junit.platform.engine.support.hierarchical.SameThreadHierarchicalTestExecutorService.submit(SameThreadHierarchicalTestExecutorService.java:35)
	at org.junit.platform.engine.support.hierarchical.HierarchicalTestExecutor.execute(HierarchicalTestExecutor.java:57)
	at org.junit.platform.engine.support.hierarchical.HierarchicalTestEngine.execute(HierarchicalTestEngine.java:54)
	at org.junit.platform.launcher.core.EngineExecutionOrchestrator.execute(EngineExecutionOrchestrator.java:147)
	at org.junit.platform.launcher.core.EngineExecutionOrchestrator.execute(EngineExecutionOrchestrator.java:127)
	at org.junit.platform.launcher.core.EngineExecutionOrchestrator.execute(EngineExecutionOrchestrator.java:90)
	at org.junit.platform.launcher.core.EngineExecutionOrchestrator.lambda$execute$0(EngineExecutionOrchestrator.java:55)
	at org.junit.platform.launcher.core.EngineExecutionOrchestrator.withInterceptedStreams(EngineExecutionOrchestrator.java:102)
	at org.junit.platform.launcher.core.EngineExecutionOrchestrator.execute(EngineExecutionOrchestrator.java:54)
	at org.junit.platform.launcher.core.DefaultLauncher.execute(DefaultLauncher.java:114)
	at org.junit.platform.launcher.core.DefaultLauncher.execute(DefaultLauncher.java:86)
	at org.junit.platform.launcher.core.DefaultLauncherSession$DelegatingLauncher.execute(DefaultLauncherSession.java:86)
	at org.apache.maven.surefire.junitplatform.LazyLauncher.execute(LazyLauncher.java:56)
	at org.apache.maven.surefire.junitplatform.JUnitPlatformProvider.execute(JUnitPlatformProvider.java:184)
	at org.apache.maven.surefire.junitplatform.JUnitPlatformProvider.invokeAllTests(JUnitPlatformProvider.java:148)
	at org.apache.maven.surefire.junitplatform.JUnitPlatformProvider.invoke(JUnitPlatformProvider.java:122)
	at org.apache.maven.surefire.booter.ForkedBooter.runSuitesInProcess(ForkedBooter.java:385)
	at org.apache.maven.surefire.booter.ForkedBooter.execute(ForkedBooter.java:162)
	at org.apache.maven.surefire.booter.ForkedBooter.run(ForkedBooter.java:507)
	at org.apache.maven.surefire.booter.ForkedBooter.main(ForkedBooter.java:495)
]]></failure>
    <system-out><![CDATA[14:14:56.272 [main] DEBUG com.intuit.karate - key store key count for classpath:certificado/clientcert.cbiblian.internal 1.pfx: 1
14:14:56.290 [main] DEBUG com.jayway.jsonpath.internal.path.CompiledPath - Evaluating path: $
14:14:56.294 [main] DEBUG com.jayway.jsonpath.internal.path.CompiledPath - Evaluating path: $['Authorization']
14:14:56.296 [main] DEBUG com.jayway.jsonpath.internal.path.CompiledPath - Evaluating path: $
14:14:56.296 [main] DEBUG com.jayway.jsonpath.internal.path.CompiledPath - Evaluating path: $
14:14:56.296 [main] DEBUG com.jayway.jsonpath.internal.JsonContext - Put path $ key Authorization value {}
14:14:56.296 [main] DEBUG com.jayway.jsonpath.internal.path.CompiledPath - Evaluating path: $
14:14:56.296 [main] DEBUG com.jayway.jsonpath.internal.JsonContext - Put path $ key Authorization value Bearer eyJhbGciOiJSUzI1NiIsInR5cCIgOiAiSldUIiwia2lkIiA6ICI2dUJWTkN6VlViUFBlTFdReEM0WDAyYVM3UnM2UGRYV1dja1dfc0xZMHlFIn0.eyJleHAiOjE3NjExNjA3NTAsImlhdCI6MTc2MTE2MDQ1MCwianRpIjoidHJydGNjOjQ5Yjg0NDVjLTgzYTAtMjI4Ni02NDczLWE2ZGEzOTBhOWQ0YSIsImlzcyI6Imh0dHBzOi8vYXV0ZW50aWNhY2lvbnFhLmNvb25lY3RhLmNvbS5lYy9hdXRoL3JlYWxtcy9QQU5BUEFZIiwiYXVkIjoiYWNjb3VudCIsInN1YiI6Ijk5OGMyZmUwLTJjOGYtNGQwNC1iZjExLWY1OWExZTM5ODg3MyIsInR5cCI6IkJlYXJlciIsImF6cCI6IjAyMDVjYiIsImFjciI6IjEiLCJhbGxvd2VkLW9yaWdpbnMiOlsiLyoiXSwicmVhbG1fYWNjZXNzIjp7InJvbGVzIjpbImRlZmF1bHQtcm9sZXMtYWRtaW5wYW5hcGF5Iiwib2ZmbGluZV9hY2Nlc3MiLCJ1bWFfYXV0aG9yaXphdGlvbiJdfSwicmVzb3VyY2VfYWNjZXNzIjp7IjAyMDVjYiI6eyJyb2xlcyI6WyJ1bWFfcHJvdGVjdGlvbiJdfSwiYWNjb3VudCI6eyJyb2xlcyI6WyJtYW5hZ2UtYWNjb3VudCIsIm1hbmFnZS1hY2NvdW50LWxpbmtzIiwidmlldy1wcm9maWxlIl19fSwic2NvcGUiOiJwcm9maWxlIGVtYWlsIiwiZW1haWxfdmVyaWZpZWQiOmZhbHNlLCJjbGllbnRIb3N0IjoiMTAuMTAuMTAuMTUxIiwicHJlZmVycmVkX3VzZXJuYW1lIjoic2VydmljZS1hY2NvdW50LTAyMDVjYiIsImNsaWVudEFkZHJlc3MiOiIxMC4xMC4xMC4xNTEiLCJjbGllbnRfaWQiOiIwMjA1Y2IifQ.bATUogohrEqy7Voa4mFnsBzOnGy6tnjZGh_lOYRn-0hWXMY_fz-280nTu2Vv68eO3HeoewtWlt45S_iLI2-ml3pqpAlt3DXWVmLvVHw6d7TICHBfQsa0jGXMexKnyar7EinrVhF3deSK25Ap_ajC_82EvVvXrVG-7p9F1dEdq39y2R72JympejF5uhY_z_jNmqJSsnLEZVOo3WMJn76u9tTcYVIldC5uWGFWbPGEhvWPx4ZGpsuq_wrPOGdRmyJDFJPJl7LnLGHK0DBhuVtJUq_NFQkMus2fTTf_mWhRnoqNU-wUCS-fxMs6QusGzIVd-C3O29J3rerHTrGg21LAsQ
14:14:56.297 [main] DEBUG com.jayway.jsonpath.internal.path.CompiledPath - Evaluating path: $
14:14:56.314 [main] DEBUG com.jayway.jsonpath.internal.path.CompiledPath - Evaluating path: $
14:14:56.320 [main] DEBUG org.apache.http.client.protocol.RequestAddCookies - CookieSpec selected: karate
14:14:56.320 [main] DEBUG org.apache.http.client.protocol.RequestAuthCache - Auth cache not set in the context
14:14:56.320 [main] DEBUG com.intuit.karate - request:
1 > POST https://apipanapayqa.coonecta.com.ec/api/switchcentral/finan/transferencia
1 > Content-Type: application/json; charset=UTF-8
1 > Authorization: Bearer eyJhbGciOiJSUzI1NiIsInR5cCIgOiAiSldUIiwia2lkIiA6ICI2dUJWTkN6VlViUFBlTFdReEM0WDAyYVM3UnM2UGRYV1dja1dfc0xZMHlFIn0.eyJleHAiOjE3NjExNjA3NTAsImlhdCI6MTc2MTE2MDQ1MCwianRpIjoidHJydGNjOjQ5Yjg0NDVjLTgzYTAtMjI4Ni02NDczLWE2ZGEzOTBhOWQ0YSIsImlzcyI6Imh0dHBzOi8vYXV0ZW50aWNhY2lvbnFhLmNvb25lY3RhLmNvbS5lYy9hdXRoL3JlYWxtcy9QQU5BUEFZIiwiYXVkIjoiYWNjb3VudCIsInN1YiI6Ijk5OGMyZmUwLTJjOGYtNGQwNC1iZjExLWY1OWExZTM5ODg3MyIsInR5cCI6IkJlYXJlciIsImF6cCI6IjAyMDVjYiIsImFjciI6IjEiLCJhbGxvd2VkLW9yaWdpbnMiOlsiLyoiXSwicmVhbG1fYWNjZXNzIjp7InJvbGVzIjpbImRlZmF1bHQtcm9sZXMtYWRtaW5wYW5hcGF5Iiwib2ZmbGluZV9hY2Nlc3MiLCJ1bWFfYXV0aG9yaXphdGlvbiJdfSwicmVzb3VyY2VfYWNjZXNzIjp7IjAyMDVjYiI6eyJyb2xlcyI6WyJ1bWFfcHJvdGVjdGlvbiJdfSwiYWNjb3VudCI6eyJyb2xlcyI6WyJtYW5hZ2UtYWNjb3VudCIsIm1hbmFnZS1hY2NvdW50LWxpbmtzIiwidmlldy1wcm9maWxlIl19fSwic2NvcGUiOiJwcm9maWxlIGVtYWlsIiwiZW1haWxfdmVyaWZpZWQiOmZhbHNlLCJjbGllbnRIb3N0IjoiMTAuMTAuMTAuMTUxIiwicHJlZmVycmVkX3VzZXJuYW1lIjoic2VydmljZS1hY2NvdW50LTAyMDVjYiIsImNsaWVudEFkZHJlc3MiOiIxMC4xMC4xMC4xNTEiLCJjbGllbnRfaWQiOiIwMjA1Y2IifQ.bATUogohrEqy7Voa4mFnsBzOnGy6tnjZGh_lOYRn-0hWXMY_fz-280nTu2Vv68eO3HeoewtWlt45S_iLI2-ml3pqpAlt3DXWVmLvVHw6d7TICHBfQsa0jGXMexKnyar7EinrVhF3deSK25Ap_ajC_82EvVvXrVG-7p9F1dEdq39y2R72JympejF5uhY_z_jNmqJSsnLEZVOo3WMJn76u9tTcYVIldC5uWGFWbPGEhvWPx4ZGpsuq_wrPOGdRmyJDFJPJl7LnLGHK0DBhuVtJUq_NFQkMus2fTTf_mWhRnoqNU-wUCS-fxMs6QusGzIVd-C3O29J3rerHTrGg21LAsQ
1 > Content-Length: 514
1 > Host: apipanapayqa.coonecta.com.ec
1 > Connection: Keep-Alive
1 > User-Agent: Apache-HttpClient/4.5.14 (Java/17.0.12)
1 > Accept-Encoding: gzip,deflate
{"GrpHdr":{"msgId":"02052025102286051865074","creDtTm":"2025-10-22T14:14:56","nbOfTxs":1,"sttlmInf":{"sttlmMtd":"INGA"},"instgAgt":{"finInstnId":"0205"},"InstdAgt":{"FinInstnId":"0205"},"Mge":{"Type":"acmt.998.321.01"},"ChnlId":"APP"},"CdtTrfTxInf":{"PmtId":{"EndToEndId":"02052025102249135"},"IntrBkSttlmAmt":{"Amt":5000.0,"Ccy":"USD"},"DbtrAcctId":{"IBAN":"EC5002051000000000020501052673"},"CdtrAcctId":{"IBAN":"EC0402051000000000020101002318"},"Prtry":{"CustRef":"QA22","ChanRef":"TERM001","AgtRef":"AGT0002"}}}

14:14:56.320 [main] DEBUG org.apache.http.impl.conn.PoolingHttpClientConnectionManager - Connection request: [route: {s}->https://apipanapayqa.coonecta.com.ec:443][total available: 0; route allocated: 0 of 5; total allocated: 0 of 10]
14:14:56.320 [main] DEBUG org.apache.http.impl.conn.PoolingHttpClientConnectionManager - Connection leased: [id: 14][route: {s}->https://apipanapayqa.coonecta.com.ec:443][total available: 0; route allocated: 1 of 5; total allocated: 1 of 10]
14:14:56.320 [main] DEBUG org.apache.http.impl.execchain.MainClientExec - Opening connection {s}->https://apipanapayqa.coonecta.com.ec:443
14:14:56.322 [main] DEBUG org.apache.http.impl.conn.DefaultHttpClientConnectionOperator - Connecting to apipanapayqa.coonecta.com.ec/10.1.0.133:443
14:14:56.322 [main] DEBUG org.apache.http.conn.ssl.SSLConnectionSocketFactory - Connecting socket to apipanapayqa.coonecta.com.ec/10.1.0.133:443 with timeout 30000
14:14:56.410 [main] DEBUG org.apache.http.conn.ssl.SSLConnectionSocketFactory - Enabled protocols: [TLSv1.3, TLSv1.2]
14:14:56.410 [main] DEBUG org.apache.http.conn.ssl.SSLConnectionSocketFactory - Enabled cipher suites:[TLS_AES_256_GCM_SHA384, TLS_AES_128_GCM_SHA256, TLS_CHACHA20_POLY1305_SHA256, TLS_ECDHE_ECDSA_WITH_AES_256_GCM_SHA384, TLS_ECDHE_ECDSA_WITH_AES_128_GCM_SHA256, TLS_ECDHE_ECDSA_WITH_CHACHA20_POLY1305_SHA256, TLS_ECDHE_RSA_WITH_AES_256_GCM_SHA384, TLS_ECDHE_RSA_WITH_CHACHA20_POLY1305_SHA256, TLS_ECDHE_RSA_WITH_AES_128_GCM_SHA256, TLS_DHE_RSA_WITH_AES_256_GCM_SHA384, TLS_DHE_RSA_WITH_CHACHA20_POLY1305_SHA256, TLS_DHE_DSS_WITH_AES_256_GCM_SHA384, TLS_DHE_RSA_WITH_AES_128_GCM_SHA256, TLS_DHE_DSS_WITH_AES_128_GCM_SHA256, TLS_ECDHE_ECDSA_WITH_AES_256_CBC_SHA384, TLS_ECDHE_RSA_WITH_AES_256_CBC_SHA384, TLS_ECDHE_ECDSA_WITH_AES_128_CBC_SHA256, TLS_ECDHE_RSA_WITH_AES_128_CBC_SHA256, TLS_DHE_RSA_WITH_AES_256_CBC_SHA256, TLS_DHE_DSS_WITH_AES_256_CBC_SHA256, TLS_DHE_RSA_WITH_AES_128_CBC_SHA256, TLS_DHE_DSS_WITH_AES_128_CBC_SHA256, TLS_ECDH_ECDSA_WITH_AES_256_GCM_SHA384, TLS_ECDH_RSA_WITH_AES_256_GCM_SHA384, TLS_ECDH_ECDSA_WITH_AES_128_GCM_SHA256, TLS_ECDH_RSA_WITH_AES_128_GCM_SHA256, TLS_ECDH_ECDSA_WITH_AES_256_CBC_SHA384, TLS_ECDH_RSA_WITH_AES_256_CBC_SHA384, TLS_ECDH_ECDSA_WITH_AES_128_CBC_SHA256, TLS_ECDH_RSA_WITH_AES_128_CBC_SHA256, TLS_ECDHE_ECDSA_WITH_AES_256_CBC_SHA, TLS_ECDHE_RSA_WITH_AES_256_CBC_SHA, TLS_ECDHE_ECDSA_WITH_AES_128_CBC_SHA, TLS_ECDHE_RSA_WITH_AES_128_CBC_SHA, TLS_DHE_RSA_WITH_AES_256_CBC_SHA, TLS_DHE_DSS_WITH_AES_256_CBC_SHA, TLS_DHE_RSA_WITH_AES_128_CBC_SHA, TLS_DHE_DSS_WITH_AES_128_CBC_SHA, TLS_ECDH_ECDSA_WITH_AES_256_CBC_SHA, TLS_ECDH_RSA_WITH_AES_256_CBC_SHA, TLS_ECDH_ECDSA_WITH_AES_128_CBC_SHA, TLS_ECDH_RSA_WITH_AES_128_CBC_SHA, TLS_RSA_WITH_AES_256_GCM_SHA384, TLS_RSA_WITH_AES_128_GCM_SHA256, TLS_RSA_WITH_AES_256_CBC_SHA256, TLS_RSA_WITH_AES_128_CBC_SHA256, TLS_RSA_WITH_AES_256_CBC_SHA, TLS_RSA_WITH_AES_128_CBC_SHA, TLS_EMPTY_RENEGOTIATION_INFO_SCSV]
14:14:56.410 [main] DEBUG org.apache.http.conn.ssl.SSLConnectionSocketFactory - Starting handshake
14:14:56.602 [main] DEBUG org.apache.http.conn.ssl.SSLConnectionSocketFactory - Secure session established
14:14:56.602 [main] DEBUG org.apache.http.conn.ssl.SSLConnectionSocketFactory -  negotiated protocol: TLSv1.3
14:14:56.602 [main] DEBUG org.apache.http.conn.ssl.SSLConnectionSocketFactory -  negotiated cipher suite: TLS_AES_256_GCM_SHA384
14:14:56.602 [main] DEBUG org.apache.http.conn.ssl.SSLConnectionSocketFactory -  peer principal: CN=apipanapayqa.coonecta.com.ec, O=Red Transaccional Cooperativa S.A. RTC, L=Quito, ST=Pichincha, C=EC
14:14:56.602 [main] DEBUG org.apache.http.conn.ssl.SSLConnectionSocketFactory -  peer alternative names: [apipanapayqa.coonecta.com.ec]
14:14:56.602 [main] DEBUG org.apache.http.conn.ssl.SSLConnectionSocketFactory -  issuer principal: CN=DigiCert Global G2 TLS RSA SHA256 2020 CA1, O=DigiCert Inc, C=US
14:14:56.602 [main] DEBUG org.apache.http.impl.conn.DefaultHttpClientConnectionOperator - Connection established 10.10.10.151:49810<->10.1.0.133:443
14:14:56.602 [main] DEBUG org.apache.http.impl.conn.DefaultManagedHttpClientConnection - http-outgoing-14: set socket timeout to 30000
14:14:56.602 [main] DEBUG org.apache.http.impl.execchain.MainClientExec - Executing request POST /api/switchcentral/finan/transferencia HTTP/1.1
14:14:56.602 [main] DEBUG org.apache.http.impl.execchain.MainClientExec - Proxy auth state: UNCHALLENGED
14:14:56.603 [main] DEBUG org.apache.http.headers - http-outgoing-14 >> POST /api/switchcentral/finan/transferencia HTTP/1.1
14:14:56.603 [main] DEBUG org.apache.http.headers - http-outgoing-14 >> Content-Type: application/json; charset=UTF-8
14:14:56.603 [main] DEBUG org.apache.http.headers - http-outgoing-14 >> Authorization: Bearer eyJhbGciOiJSUzI1NiIsInR5cCIgOiAiSldUIiwia2lkIiA6ICI2dUJWTkN6VlViUFBlTFdReEM0WDAyYVM3UnM2UGRYV1dja1dfc0xZMHlFIn0.eyJleHAiOjE3NjExNjA3NTAsImlhdCI6MTc2MTE2MDQ1MCwianRpIjoidHJydGNjOjQ5Yjg0NDVjLTgzYTAtMjI4Ni02NDczLWE2ZGEzOTBhOWQ0YSIsImlzcyI6Imh0dHBzOi8vYXV0ZW50aWNhY2lvbnFhLmNvb25lY3RhLmNvbS5lYy9hdXRoL3JlYWxtcy9QQU5BUEFZIiwiYXVkIjoiYWNjb3VudCIsInN1YiI6Ijk5OGMyZmUwLTJjOGYtNGQwNC1iZjExLWY1OWExZTM5ODg3MyIsInR5cCI6IkJlYXJlciIsImF6cCI6IjAyMDVjYiIsImFjciI6IjEiLCJhbGxvd2VkLW9yaWdpbnMiOlsiLyoiXSwicmVhbG1fYWNjZXNzIjp7InJvbGVzIjpbImRlZmF1bHQtcm9sZXMtYWRtaW5wYW5hcGF5Iiwib2ZmbGluZV9hY2Nlc3MiLCJ1bWFfYXV0aG9yaXphdGlvbiJdfSwicmVzb3VyY2VfYWNjZXNzIjp7IjAyMDVjYiI6eyJyb2xlcyI6WyJ1bWFfcHJvdGVjdGlvbiJdfSwiYWNjb3VudCI6eyJyb2xlcyI6WyJtYW5hZ2UtYWNjb3VudCIsIm1hbmFnZS1hY2NvdW50LWxpbmtzIiwidmlldy1wcm9maWxlIl19fSwic2NvcGUiOiJwcm9maWxlIGVtYWlsIiwiZW1haWxfdmVyaWZpZWQiOmZhbHNlLCJjbGllbnRIb3N0IjoiMTAuMTAuMTAuMTUxIiwicHJlZmVycmVkX3VzZXJuYW1lIjoic2VydmljZS1hY2NvdW50LTAyMDVjYiIsImNsaWVudEFkZHJlc3MiOiIxMC4xMC4xMC4xNTEiLCJjbGllbnRfaWQiOiIwMjA1Y2IifQ.bATUogohrEqy7Voa4mFnsBzOnGy6tnjZGh_lOYRn-0hWXMY_fz-280nTu2Vv68eO3HeoewtWlt45S_iLI2-ml3pqpAlt3DXWVmLvVHw6d7TICHBfQsa0jGXMexKnyar7EinrVhF3deSK25Ap_ajC_82EvVvXrVG-7p9F1dEdq39y2R72JympejF5uhY_z_jNmqJSsnLEZVOo3WMJn76u9tTcYVIldC5uWGFWbPGEhvWPx4ZGpsuq_wrPOGdRmyJDFJPJl7LnLGHK0DBhuVtJUq_NFQkMus2fTTf_mWhRnoqNU-wUCS-fxMs6QusGzIVd-C3O29J3rerHTrGg21LAsQ
14:14:56.603 [main] DEBUG org.apache.http.headers - http-outgoing-14 >> Content-Length: 514
14:14:56.603 [main] DEBUG org.apache.http.headers - http-outgoing-14 >> Host: apipanapayqa.coonecta.com.ec
14:14:56.603 [main] DEBUG org.apache.http.headers - http-outgoing-14 >> Connection: Keep-Alive
14:14:56.603 [main] DEBUG org.apache.http.headers - http-outgoing-14 >> User-Agent: Apache-HttpClient/4.5.14 (Java/17.0.12)
14:14:56.603 [main] DEBUG org.apache.http.headers - http-outgoing-14 >> Accept-Encoding: gzip,deflate
14:14:56.603 [main] DEBUG org.apache.http.wire - http-outgoing-14 >> "POST /api/switchcentral/finan/transferencia HTTP/1.1[\r][\n]"
14:14:56.603 [main] DEBUG org.apache.http.wire - http-outgoing-14 >> "Content-Type: application/json; charset=UTF-8[\r][\n]"
14:14:56.603 [main] DEBUG org.apache.http.wire - http-outgoing-14 >> "Authorization: Bearer eyJhbGciOiJSUzI1NiIsInR5cCIgOiAiSldUIiwia2lkIiA6ICI2dUJWTkN6VlViUFBlTFdReEM0WDAyYVM3UnM2UGRYV1dja1dfc0xZMHlFIn0.eyJleHAiOjE3NjExNjA3NTAsImlhdCI6MTc2MTE2MDQ1MCwianRpIjoidHJydGNjOjQ5Yjg0NDVjLTgzYTAtMjI4Ni02NDczLWE2ZGEzOTBhOWQ0YSIsImlzcyI6Imh0dHBzOi8vYXV0ZW50aWNhY2lvbnFhLmNvb25lY3RhLmNvbS5lYy9hdXRoL3JlYWxtcy9QQU5BUEFZIiwiYXVkIjoiYWNjb3VudCIsInN1YiI6Ijk5OGMyZmUwLTJjOGYtNGQwNC1iZjExLWY1OWExZTM5ODg3MyIsInR5cCI6IkJlYXJlciIsImF6cCI6IjAyMDVjYiIsImFjciI6IjEiLCJhbGxvd2VkLW9yaWdpbnMiOlsiLyoiXSwicmVhbG1fYWNjZXNzIjp7InJvbGVzIjpbImRlZmF1bHQtcm9sZXMtYWRtaW5wYW5hcGF5Iiwib2ZmbGluZV9hY2Nlc3MiLCJ1bWFfYXV0aG9yaXphdGlvbiJdfSwicmVzb3VyY2VfYWNjZXNzIjp7IjAyMDVjYiI6eyJyb2xlcyI6WyJ1bWFfcHJvdGVjdGlvbiJdfSwiYWNjb3VudCI6eyJyb2xlcyI6WyJtYW5hZ2UtYWNjb3VudCIsIm1hbmFnZS1hY2NvdW50LWxpbmtzIiwidmlldy1wcm9maWxlIl19fSwic2NvcGUiOiJwcm9maWxlIGVtYWlsIiwiZW1haWxfdmVyaWZpZWQiOmZhbHNlLCJjbGllbnRIb3N0IjoiMTAuMTAuMTAuMTUxIiwicHJlZmVycmVkX3VzZXJuYW1lIjoic2VydmljZS1hY2NvdW50LTAyMDVjYiIsImNsaWVudEFkZHJlc3MiOiIxMC4xMC4xMC4xNTEiLCJjbGllbnRfaWQiOiIwMjA1Y2IifQ.bATUogohrEqy7Voa4mFnsBzOnGy6tnjZGh_lOYRn-0hWXMY_fz-280nTu2Vv68eO3HeoewtWlt45S_iLI2-ml3pqpAlt3DXWVmLvVHw6d7TICHBfQsa0jGXMexKnyar7EinrVhF3deSK25Ap_ajC_82EvVvXrVG-7p9F1dEdq39y2R72JympejF5uhY_z_jNmqJSsnLEZVOo3WMJn76u9tTcYVIldC5uWGFWbPGEhvWPx4ZGpsuq_wrPOGdRmyJDFJPJl7LnLGHK0DBhuVtJUq_NFQkMus2fTTf_mWhRnoqNU-wUCS-fxMs6QusGzIVd-C3O29J3rerHTrGg21LAsQ[\r][\n]"
14:14:56.603 [main] DEBUG org.apache.http.wire - http-outgoing-14 >> "Content-Length: 514[\r][\n]"
14:14:56.603 [main] DEBUG org.apache.http.wire - http-outgoing-14 >> "Host: apipanapayqa.coonecta.com.ec[\r][\n]"
14:14:56.603 [main] DEBUG org.apache.http.wire - http-outgoing-14 >> "Connection: Keep-Alive[\r][\n]"
14:14:56.603 [main] DEBUG org.apache.http.wire - http-outgoing-14 >> "User-Agent: Apache-HttpClient/4.5.14 (Java/17.0.12)[\r][\n]"
14:14:56.603 [main] DEBUG org.apache.http.wire - http-outgoing-14 >> "Accept-Encoding: gzip,deflate[\r][\n]"
14:14:56.603 [main] DEBUG org.apache.http.wire - http-outgoing-14 >> "[\r][\n]"
14:14:56.603 [main] DEBUG org.apache.http.wire - http-outgoing-14 >> "{"GrpHdr":{"msgId":"02052025102286051865074","creDtTm":"2025-10-22T14:14:56","nbOfTxs":1,"sttlmInf":{"sttlmMtd":"INGA"},"instgAgt":{"finInstnId":"0205"},"InstdAgt":{"FinInstnId":"0205"},"Mge":{"Type":"acmt.998.321.01"},"ChnlId":"APP"},"CdtTrfTxInf":{"PmtId":{"EndToEndId":"02052025102249135"},"IntrBkSttlmAmt":{"Amt":5000.0,"Ccy":"USD"},"DbtrAcctId":{"IBAN":"EC5002051000000000020501052673"},"CdtrAcctId":{"IBAN":"EC0402051000000000020101002318"},"Prtry":{"CustRef":"QA22","ChanRef":"TERM001","AgtRef":"AGT0002"}}}"
14:14:58.104 [main] DEBUG org.apache.http.wire - http-outgoing-14 << "HTTP/1.1 400 Bad Request[\r][\n]"
14:14:58.104 [main] DEBUG org.apache.http.wire - http-outgoing-14 << "Date: Wed, 22 Oct 2025 19:14:50 GMT[\r][\n]"
14:14:58.104 [main] DEBUG org.apache.http.wire - http-outgoing-14 << "Content-Type: application/json; charset=utf-8[\r][\n]"
14:14:58.104 [main] DEBUG org.apache.http.wire - http-outgoing-14 << "Transfer-Encoding: chunked[\r][\n]"
14:14:58.104 [main] DEBUG org.apache.http.wire - http-outgoing-14 << "Connection: keep-alive[\r][\n]"
14:14:58.104 [main] DEBUG org.apache.http.wire - http-outgoing-14 << "Server: Kestrel[\r][\n]"
14:14:58.104 [main] DEBUG org.apache.http.wire - http-outgoing-14 << "Set-Cookie: ARRAffinity=135f536e0d078a815c3b83fda3468ab8a3a2abc604a35eefb28648d3961cfa9b;Path=/;HttpOnly;Secure;Domain=app-apipanapay-qa.azurewebsites.net[\r][\n]"
14:14:58.104 [main] DEBUG org.apache.http.wire - http-outgoing-14 << "Set-Cookie: ARRAffinitySameSite=135f536e0d078a815c3b83fda3468ab8a3a2abc604a35eefb28648d3961cfa9b;Path=/;HttpOnly;SameSite=None;Secure;Domain=app-apipanapay-qa.azurewebsites.net[\r][\n]"
14:14:58.104 [main] DEBUG org.apache.http.wire - http-outgoing-14 << "Request-Context: appId=cid-v1:a7a77847-2713-450f-9030-b350a2d54a28[\r][\n]"
14:14:58.104 [main] DEBUG org.apache.http.wire - http-outgoing-14 << "X-Powered-By: ASP.NET[\r][\n]"
14:14:58.104 [main] DEBUG org.apache.http.wire - http-outgoing-14 << "X-ARR-ClientCert: -----BEGIN%20CERTIFICATE-----%0AMIIEHDCCAgSgAwIBAgIUZIZBO0fb7VZ4KXrs01S4RYbWyJ8wDQYJKoZIhvcNAQEL%0ABQAwJTEjMCEGA1UEAwwacm9vdGNlcnQuY2JpYmxpYW4uaW50ZXJuYWwwHhcNMjUw%0AODEzMTMyNTU5WhcNMjgwODEyMTMyNTU5WjAnMSUwIwYDVQQDDBxjbGllbnRjZXJ0%0ALmNiaWJsaWFuLmludGVybmFsMIIBIjANBgkqhkiG9w0BAQEFAAOCAQ8AMIIBCgKC%0AAQEAskUDap6NmyYq8RT6F7z3DpZGQiflNQTvUT84TmxsKXEBRAkgINnkJqgKkd7f%0ASEybzqglQTbr4s41lCiPsy3X66qYjU2L%2Bojhni%2BOCVOX7n3JBYovL%2FqfMP3%2FkhZP%0AQIlK%2FQWPcrnl39fYkGOQv%2BYqoCGEPzGkib2m1Ma5Q1HOCKh1ErMjqTLGy%2ByJj6JY%0AiZvMx3YrJSvjUS0uKpNwxPtGyiexRfKsmR%2FHqPzRHa0iY%2B752KSgUedwJPv1Wod%2B%0AY9BMAMIdU25UtkUEsaOYtorGWDaZSn2Bl0LYmP87kjcYypnHx0jtPtUCXfVHrE6u%0AZnDRFYsZbeXylY3mJkyOL2DzZwIDAQABo0IwQDAdBgNVHQ4EFgQURPhJwTAcUWUp%0ArOqQO68P%2FbJoqjMwHwYDVR0jBBgwFoAU7GdlxoSeEXucEXhjadHRC9xzS0UwDQYJ%0AKoZIhvcNAQELBQADggIBAGTnlyF2n%2F6s9phYbO8V17niO0BXB62ToX6gPhcw9f3y%0AhMui6RnrM1oiHlBWqZquCqYJ5ETvYJE1RqvoqtGysxCnIj0OTJHV4WtF3SHsd1Tu%0ATg%2B%2FUnGivtBTDQxj9sbAtCaSYRBqPByP8jvSTDgXR1mgOrEGjr2PZdZSoKLj4OHi%0A9UCMJw7pJsyA4lbroKshQTYv5Ks5SqtJpdp0%2BUX0UUlbPJqXiadfbKdoXvEgcwbP%0ACqR9v7kGYmNxfaGLNGVrV%2BnLawIDmdYXJE%2F4WJh6sHfiZxEsE%2BB4PoKADrb1Eapt%0AnSdHUgRfc0i5f2lcmErnU8nCMO5TWdHFOgpYwTS8w17FhNFZpaSmyZKM7uHcUs7y%0AUbuiQtdXocfSSMf%2FeycBEU%2FHAVIWQEqY%2BbJdC0q%2FR%2BsESeBtXd4IEIxR0QfgscGk%0AJyCSFC8z%2FvCgrRsH5rePqKO7%2FLAsDTP4GIQNFNfF4Wh6bsPXuJmvvoMcnmy%2F58Wo%0AE0XaG8UPHVAeyEmhncdM32E7SJbR91aRr2CkV23OoUz%2BwKG2%2FuObHmAkuMkCbbcz%0AJQoC7DZg5FGw%2BZR7v1DIBct5QNJQ8bG%2FXGRxjWC6dU7jrGhOF1X%2B2YYcdx9XnwyM%0A9YPxUy5bVfMhIiKP2wEso5fjOZ4RTvnB5R6zD3maJK%2FtZAXVhtyqXSkBYFi4MvEs%0A-----END%20CERTIFICATE-----%0A[\r][\n]"
14:14:58.104 [main] DEBUG org.apache.http.wire - http-outgoing-14 << "[\r][\n]"
14:14:58.104 [main] DEBUG org.apache.http.wire - http-outgoing-14 << "1e2[\r][\n]"
14:14:58.104 [main] DEBUG org.apache.http.wire - http-outgoing-14 << "{"GrpHdr":{"MsgId":"000020251022020367","CreDtTm":"2025-10-22T14:14:49","NbOfTxs":1,"SttlmInf":{"SttlmMtd":"INGA"},"InstgAgt":{"FinInstnId":"0205"},"InstdAgt":{"FinInstnId":"0205"},"Mge":{"Type":"acmt.998.322.001"},"ChnlId":"APP"},"CdtTrfTxInf":{"OrgnGrpInf":{"OrgnlMsgId":"02052025102286051865074","OrgnlMgeType":"acmt.998.321.01","OrgnlCreDtTm":"2025-10-22T14:14:56"},"TxSts":"ERR","Rsn":{"RsnCd":"AM02","AddtlInf":"El monto excede el m[0xc3][0xa1]ximo permitido."},"SttlmDt":"2025-10-22"}}[\r][\n]"
14:14:58.104 [main] DEBUG org.apache.http.wire - http-outgoing-14 << "0[\r][\n]"
14:14:58.104 [main] DEBUG org.apache.http.wire - http-outgoing-14 << "[\r][\n]"
14:14:58.104 [main] DEBUG org.apache.http.headers - http-outgoing-14 << HTTP/1.1 400 Bad Request
14:14:58.104 [main] DEBUG org.apache.http.headers - http-outgoing-14 << Date: Wed, 22 Oct 2025 19:14:50 GMT
14:14:58.104 [main] DEBUG org.apache.http.headers - http-outgoing-14 << Content-Type: application/json; charset=utf-8
14:14:58.104 [main] DEBUG org.apache.http.headers - http-outgoing-14 << Transfer-Encoding: chunked
14:14:58.104 [main] DEBUG org.apache.http.headers - http-outgoing-14 << Connection: keep-alive
14:14:58.104 [main] DEBUG org.apache.http.headers - http-outgoing-14 << Server: Kestrel
14:14:58.104 [main] DEBUG org.apache.http.headers - http-outgoing-14 << Set-Cookie: ARRAffinity=135f536e0d078a815c3b83fda3468ab8a3a2abc604a35eefb28648d3961cfa9b;Path=/;HttpOnly;Secure;Domain=app-apipanapay-qa.azurewebsites.net
14:14:58.104 [main] DEBUG org.apache.http.headers - http-outgoing-14 << Set-Cookie: ARRAffinitySameSite=135f536e0d078a815c3b83fda3468ab8a3a2abc604a35eefb28648d3961cfa9b;Path=/;HttpOnly;SameSite=None;Secure;Domain=app-apipanapay-qa.azurewebsites.net
14:14:58.104 [main] DEBUG org.apache.http.headers - http-outgoing-14 << Request-Context: appId=cid-v1:a7a77847-2713-450f-9030-b350a2d54a28
14:14:58.110 [main] DEBUG org.apache.http.headers - http-outgoing-14 << X-Powered-By: ASP.NET
14:14:58.110 [main] DEBUG org.apache.http.headers - http-outgoing-14 << X-ARR-ClientCert: -----BEGIN%20CERTIFICATE-----%0AMIIEHDCCAgSgAwIBAgIUZIZBO0fb7VZ4KXrs01S4RYbWyJ8wDQYJKoZIhvcNAQEL%0ABQAwJTEjMCEGA1UEAwwacm9vdGNlcnQuY2JpYmxpYW4uaW50ZXJuYWwwHhcNMjUw%0AODEzMTMyNTU5WhcNMjgwODEyMTMyNTU5WjAnMSUwIwYDVQQDDBxjbGllbnRjZXJ0%0ALmNiaWJsaWFuLmludGVybmFsMIIBIjANBgkqhkiG9w0BAQEFAAOCAQ8AMIIBCgKC%0AAQEAskUDap6NmyYq8RT6F7z3DpZGQiflNQTvUT84TmxsKXEBRAkgINnkJqgKkd7f%0ASEybzqglQTbr4s41lCiPsy3X66qYjU2L%2Bojhni%2BOCVOX7n3JBYovL%2FqfMP3%2FkhZP%0AQIlK%2FQWPcrnl39fYkGOQv%2BYqoCGEPzGkib2m1Ma5Q1HOCKh1ErMjqTLGy%2ByJj6JY%0AiZvMx3YrJSvjUS0uKpNwxPtGyiexRfKsmR%2FHqPzRHa0iY%2B752KSgUedwJPv1Wod%2B%0AY9BMAMIdU25UtkUEsaOYtorGWDaZSn2Bl0LYmP87kjcYypnHx0jtPtUCXfVHrE6u%0AZnDRFYsZbeXylY3mJkyOL2DzZwIDAQABo0IwQDAdBgNVHQ4EFgQURPhJwTAcUWUp%0ArOqQO68P%2FbJoqjMwHwYDVR0jBBgwFoAU7GdlxoSeEXucEXhjadHRC9xzS0UwDQYJ%0AKoZIhvcNAQELBQADggIBAGTnlyF2n%2F6s9phYbO8V17niO0BXB62ToX6gPhcw9f3y%0AhMui6RnrM1oiHlBWqZquCqYJ5ETvYJE1RqvoqtGysxCnIj0OTJHV4WtF3SHsd1Tu%0ATg%2B%2FUnGivtBTDQxj9sbAtCaSYRBqPByP8jvSTDgXR1mgOrEGjr2PZdZSoKLj4OHi%0A9UCMJw7pJsyA4lbroKshQTYv5Ks5SqtJpdp0%2BUX0UUlbPJqXiadfbKdoXvEgcwbP%0ACqR9v7kGYmNxfaGLNGVrV%2BnLawIDmdYXJE%2F4WJh6sHfiZxEsE%2BB4PoKADrb1Eapt%0AnSdHUgRfc0i5f2lcmErnU8nCMO5TWdHFOgpYwTS8w17FhNFZpaSmyZKM7uHcUs7y%0AUbuiQtdXocfSSMf%2FeycBEU%2FHAVIWQEqY%2BbJdC0q%2FR%2BsESeBtXd4IEIxR0QfgscGk%0AJyCSFC8z%2FvCgrRsH5rePqKO7%2FLAsDTP4GIQNFNfF4Wh6bsPXuJmvvoMcnmy%2F58Wo%0AE0XaG8UPHVAeyEmhncdM32E7SJbR91aRr2CkV23OoUz%2BwKG2%2FuObHmAkuMkCbbcz%0AJQoC7DZg5FGw%2BZR7v1DIBct5QNJQ8bG%2FXGRxjWC6dU7jrGhOF1X%2B2YYcdx9XnwyM%0A9YPxUy5bVfMhIiKP2wEso5fjOZ4RTvnB5R6zD3maJK%2FtZAXVhtyqXSkBYFi4MvEs%0A-----END%20CERTIFICATE-----%0A
14:14:58.110 [main] DEBUG org.apache.http.impl.execchain.MainClientExec - Connection can be kept alive indefinitely
14:14:58.110 [main] DEBUG org.apache.http.client.protocol.ResponseProcessCookies - Cookie accepted [ARRAffinity="135f536e0d078a815c3b83fda3468ab8a3a2abc604a35eefb28648d3961cfa9b", version:0, domain:app-apipanapay-qa.azurewebsites.net, path:/, expiry:null]
14:14:58.110 [main] DEBUG org.apache.http.client.protocol.ResponseProcessCookies - Cookie accepted [ARRAffinitySameSite="135f536e0d078a815c3b83fda3468ab8a3a2abc604a35eefb28648d3961cfa9b", version:0, domain:app-apipanapay-qa.azurewebsites.net, path:/, expiry:null]
14:14:58.111 [main] DEBUG org.apache.http.impl.conn.PoolingHttpClientConnectionManager - Connection [id: 14][route: {s}->https://apipanapayqa.coonecta.com.ec:443][state: CN=clientcert.cbiblian.internal] can be kept alive indefinitely
14:14:58.111 [main] DEBUG org.apache.http.impl.conn.DefaultManagedHttpClientConnection - http-outgoing-14: set socket timeout to 0
14:14:58.111 [main] DEBUG org.apache.http.impl.conn.PoolingHttpClientConnectionManager - Connection released: [id: 14][route: {s}->https://apipanapayqa.coonecta.com.ec:443][state: CN=clientcert.cbiblian.internal][total available: 1; route allocated: 1 of 5; total allocated: 1 of 10]
14:14:58.111 [main] DEBUG org.apache.http.impl.conn.PoolingHttpClientConnectionManager - Connection manager is shutting down
14:14:58.111 [main] DEBUG org.apache.http.impl.conn.DefaultManagedHttpClientConnection - http-outgoing-14: Close connection
14:14:58.111 [main] DEBUG org.apache.http.impl.conn.PoolingHttpClientConnectionManager - Connection manager shut down
14:14:58.111 [main] DEBUG com.intuit.karate - response time in milliseconds: 1791
1 < 400
1 < Date: Wed, 22 Oct 2025 19:14:50 GMT
1 < Content-Type: application/json; charset=utf-8
1 < Transfer-Encoding: chunked
1 < Connection: keep-alive
1 < Server: Kestrel
1 < Set-Cookie: ARRAffinity=135f536e0d078a815c3b83fda3468ab8a3a2abc604a35eefb28648d3961cfa9b;Path=/;HttpOnly;Secure;Domain=app-apipanapay-qa.azurewebsites.net
1 < Set-Cookie: ARRAffinitySameSite=135f536e0d078a815c3b83fda3468ab8a3a2abc604a35eefb28648d3961cfa9b;Path=/;HttpOnly;SameSite=None;Secure;Domain=app-apipanapay-qa.azurewebsites.net
1 < Request-Context: appId=cid-v1:a7a77847-2713-450f-9030-b350a2d54a28
1 < X-Powered-By: ASP.NET
1 < X-ARR-ClientCert: -----BEGIN%20CERTIFICATE-----%0AMIIEHDCCAgSgAwIBAgIUZIZBO0fb7VZ4KXrs01S4RYbWyJ8wDQYJKoZIhvcNAQEL%0ABQAwJTEjMCEGA1UEAwwacm9vdGNlcnQuY2JpYmxpYW4uaW50ZXJuYWwwHhcNMjUw%0AODEzMTMyNTU5WhcNMjgwODEyMTMyNTU5WjAnMSUwIwYDVQQDDBxjbGllbnRjZXJ0%0ALmNiaWJsaWFuLmludGVybmFsMIIBIjANBgkqhkiG9w0BAQEFAAOCAQ8AMIIBCgKC%0AAQEAskUDap6NmyYq8RT6F7z3DpZGQiflNQTvUT84TmxsKXEBRAkgINnkJqgKkd7f%0ASEybzqglQTbr4s41lCiPsy3X66qYjU2L%2Bojhni%2BOCVOX7n3JBYovL%2FqfMP3%2FkhZP%0AQIlK%2FQWPcrnl39fYkGOQv%2BYqoCGEPzGkib2m1Ma5Q1HOCKh1ErMjqTLGy%2ByJj6JY%0AiZvMx3YrJSvjUS0uKpNwxPtGyiexRfKsmR%2FHqPzRHa0iY%2B752KSgUedwJPv1Wod%2B%0AY9BMAMIdU25UtkUEsaOYtorGWDaZSn2Bl0LYmP87kjcYypnHx0jtPtUCXfVHrE6u%0AZnDRFYsZbeXylY3mJkyOL2DzZwIDAQABo0IwQDAdBgNVHQ4EFgQURPhJwTAcUWUp%0ArOqQO68P%2FbJoqjMwHwYDVR0jBBgwFoAU7GdlxoSeEXucEXhjadHRC9xzS0UwDQYJ%0AKoZIhvcNAQELBQADggIBAGTnlyF2n%2F6s9phYbO8V17niO0BXB62ToX6gPhcw9f3y%0AhMui6RnrM1oiHlBWqZquCqYJ5ETvYJE1RqvoqtGysxCnIj0OTJHV4WtF3SHsd1Tu%0ATg%2B%2FUnGivtBTDQxj9sbAtCaSYRBqPByP8jvSTDgXR1mgOrEGjr2PZdZSoKLj4OHi%0A9UCMJw7pJsyA4lbroKshQTYv5Ks5SqtJpdp0%2BUX0UUlbPJqXiadfbKdoXvEgcwbP%0ACqR9v7kGYmNxfaGLNGVrV%2BnLawIDmdYXJE%2F4WJh6sHfiZxEsE%2BB4PoKADrb1Eapt%0AnSdHUgRfc0i5f2lcmErnU8nCMO5TWdHFOgpYwTS8w17FhNFZpaSmyZKM7uHcUs7y%0AUbuiQtdXocfSSMf%2FeycBEU%2FHAVIWQEqY%2BbJdC0q%2FR%2BsESeBtXd4IEIxR0QfgscGk%0AJyCSFC8z%2FvCgrRsH5rePqKO7%2FLAsDTP4GIQNFNfF4Wh6bsPXuJmvvoMcnmy%2F58Wo%0AE0XaG8UPHVAeyEmhncdM32E7SJbR91aRr2CkV23OoUz%2BwKG2%2FuObHmAkuMkCbbcz%0AJQoC7DZg5FGw%2BZR7v1DIBct5QNJQ8bG%2FXGRxjWC6dU7jrGhOF1X%2B2YYcdx9XnwyM%0A9YPxUy5bVfMhIiKP2wEso5fjOZ4RTvnB5R6zD3maJK%2FtZAXVhtyqXSkBYFi4MvEs%0A-----END%20CERTIFICATE-----%0A
{"GrpHdr":{"MsgId":"000020251022020367","CreDtTm":"2025-10-22T14:14:49","NbOfTxs":1,"SttlmInf":{"SttlmMtd":"INGA"},"InstgAgt":{"FinInstnId":"0205"},"InstdAgt":{"FinInstnId":"0205"},"Mge":{"Type":"acmt.998.322.001"},"ChnlId":"APP"},"CdtTrfTxInf":{"OrgnGrpInf":{"OrgnlMsgId":"02052025102286051865074","OrgnlMgeType":"acmt.998.321.01","OrgnlCreDtTm":"2025-10-22T14:14:56"},"TxSts":"ERR","Rsn":{"RsnCd":"AM02","AddtlInf":"El monto excede el máximo permitido."},"SttlmDt":"2025-10-22"}}

14:14:58.111 [main] ERROR com.intuit.karate - classpath:Transferencia.feature:328
Then match responseStatus in normalizedStatus
no step-definition method match found for: match responseStatus in normalizedStatus
classpath:Transferencia.feature:328
]]></system-out>
  </testcase>
  <testcase name="[15:332] Validar limites por transacciones de usuario, monto acumulado mensual superior al permitido" classname="Transferencia" time="1.938">
    <failure message="no step-definition method match found for: match responseStatus in normalizedStatus&#10;classpath:Transferencia.feature:339" type="org.opentest4j.AssertionFailedError"><![CDATA[org.opentest4j.AssertionFailedError: 
no step-definition method match found for: match responseStatus in normalizedStatus
classpath:Transferencia.feature:339
	at org.junit.jupiter.api.AssertionUtils.fail(AssertionUtils.java:38)
	at org.junit.jupiter.api.Assertions.fail(Assertions.java:135)
	at com.intuit.karate.junit5.FeatureNode.lambda$next$1(FeatureNode.java:86)
	at org.junit.jupiter.engine.descriptor.DynamicTestTestDescriptor.lambda$execute$0(DynamicTestTestDescriptor.java:53)
	at org.junit.jupiter.engine.execution.InvocationInterceptorChain$ValidatingInvocation.proceed(InvocationInterceptorChain.java:131)
	at org.junit.jupiter.api.extension.InvocationInterceptor.interceptDynamicTest(InvocationInterceptor.java:167)
	at org.junit.jupiter.api.extension.InvocationInterceptor.interceptDynamicTest(InvocationInterceptor.java:184)
	at org.junit.jupiter.engine.descriptor.DynamicTestTestDescriptor.lambda$execute$1(DynamicTestTestDescriptor.java:61)
	at org.junit.jupiter.engine.execution.InvocationInterceptorChain$InterceptorCall.lambda$ofVoid$0(InvocationInterceptorChain.java:78)
	at org.junit.jupiter.engine.execution.InvocationInterceptorChain$InterceptedInvocation.proceed(InvocationInterceptorChain.java:106)
	at org.junit.jupiter.engine.execution.InvocationInterceptorChain.proceed(InvocationInterceptorChain.java:64)
	at org.junit.jupiter.engine.execution.InvocationInterceptorChain.chainAndInvoke(InvocationInterceptorChain.java:45)
	at org.junit.jupiter.engine.execution.InvocationInterceptorChain.invoke(InvocationInterceptorChain.java:37)
	at org.junit.jupiter.engine.descriptor.DynamicTestTestDescriptor.execute(DynamicTestTestDescriptor.java:60)
	at org.junit.jupiter.engine.descriptor.DynamicTestTestDescriptor.execute(DynamicTestTestDescriptor.java:32)
	at org.junit.platform.engine.support.hierarchical.NodeTestTask.lambda$executeRecursively$6(NodeTestTask.java:151)
	at org.junit.platform.engine.support.hierarchical.ThrowableCollector.execute(ThrowableCollector.java:73)
	at org.junit.platform.engine.support.hierarchical.NodeTestTask.lambda$executeRecursively$8(NodeTestTask.java:141)
	at org.junit.platform.engine.support.hierarchical.Node.around(Node.java:137)
	at org.junit.platform.engine.support.hierarchical.NodeTestTask.lambda$executeRecursively$9(NodeTestTask.java:139)
	at org.junit.platform.engine.support.hierarchical.ThrowableCollector.execute(ThrowableCollector.java:73)
	at org.junit.platform.engine.support.hierarchical.NodeTestTask.executeRecursively(NodeTestTask.java:138)
	at org.junit.platform.engine.support.hierarchical.NodeTestTask.execute(NodeTestTask.java:95)
	at org.junit.platform.engine.support.hierarchical.SameThreadHierarchicalTestExecutorService.submit(SameThreadHierarchicalTestExecutorService.java:35)
	at org.junit.platform.engine.support.hierarchical.NodeTestTask$DefaultDynamicTestExecutor.execute(NodeTestTask.java:226)
	at org.junit.platform.engine.support.hierarchical.NodeTestTask$DefaultDynamicTestExecutor.execute(NodeTestTask.java:204)
	at java.base/java.util.stream.ForEachOps$ForEachOp$OfRef.accept(ForEachOps.java:183)
	at java.base/java.util.stream.ReferencePipeline$3$1.accept(ReferencePipeline.java:197)
	at java.base/java.util.stream.ReferencePipeline$2$1.accept(ReferencePipeline.java:179)
	at java.base/java.util.stream.ReferencePipeline$3$1.accept(ReferencePipeline.java:197)
	at java.base/java.util.Iterator.forEachRemaining(Iterator.java:133)
	at java.base/java.util.Spliterators$IteratorSpliterator.forEachRemaining(Spliterators.java:1845)
	at java.base/java.util.stream.AbstractPipeline.copyInto(AbstractPipeline.java:509)
	at java.base/java.util.stream.AbstractPipeline.wrapAndCopyInto(AbstractPipeline.java:499)
	at java.base/java.util.stream.ForEachOps$ForEachOp.evaluateSequential(ForEachOps.java:150)
	at java.base/java.util.stream.ForEachOps$ForEachOp$OfRef.evaluateSequential(ForEachOps.java:173)
	at java.base/java.util.stream.AbstractPipeline.evaluate(AbstractPipeline.java:234)
	at java.base/java.util.stream.ReferencePipeline.forEachOrdered(ReferencePipeline.java:601)
	at org.junit.jupiter.engine.descriptor.DynamicContainerTestDescriptor.execute(DynamicContainerTestDescriptor.java:67)
	at org.junit.jupiter.engine.descriptor.DynamicContainerTestDescriptor.execute(DynamicContainerTestDescriptor.java:33)
	at org.junit.platform.engine.support.hierarchical.NodeTestTask.lambda$executeRecursively$6(NodeTestTask.java:151)
	at org.junit.platform.engine.support.hierarchical.ThrowableCollector.execute(ThrowableCollector.java:73)
	at org.junit.platform.engine.support.hierarchical.NodeTestTask.lambda$executeRecursively$8(NodeTestTask.java:141)
	at org.junit.platform.engine.support.hierarchical.Node.around(Node.java:137)
	at org.junit.platform.engine.support.hierarchical.NodeTestTask.lambda$executeRecursively$9(NodeTestTask.java:139)
	at org.junit.platform.engine.support.hierarchical.ThrowableCollector.execute(ThrowableCollector.java:73)
	at org.junit.platform.engine.support.hierarchical.NodeTestTask.executeRecursively(NodeTestTask.java:138)
	at org.junit.platform.engine.support.hierarchical.NodeTestTask.execute(NodeTestTask.java:95)
	at org.junit.platform.engine.support.hierarchical.SameThreadHierarchicalTestExecutorService.submit(SameThreadHierarchicalTestExecutorService.java:35)
	at org.junit.platform.engine.support.hierarchical.NodeTestTask$DefaultDynamicTestExecutor.execute(NodeTestTask.java:226)
	at org.junit.platform.engine.support.hierarchical.NodeTestTask$DefaultDynamicTestExecutor.execute(NodeTestTask.java:204)
	at java.base/java.util.Optional.ifPresent(Optional.java:178)
	at org.junit.jupiter.engine.descriptor.TestFactoryTestDescriptor.lambda$invokeTestMethod$1(TestFactoryTestDescriptor.java:108)
	at org.junit.platform.engine.support.hierarchical.ThrowableCollector.execute(ThrowableCollector.java:73)
	at org.junit.jupiter.engine.descriptor.TestFactoryTestDescriptor.invokeTestMethod(TestFactoryTestDescriptor.java:95)
	at org.junit.jupiter.engine.descriptor.TestMethodTestDescriptor.execute(TestMethodTestDescriptor.java:138)
	at org.junit.jupiter.engine.descriptor.TestMethodTestDescriptor.execute(TestMethodTestDescriptor.java:68)
	at org.junit.platform.engine.support.hierarchical.NodeTestTask.lambda$executeRecursively$6(NodeTestTask.java:151)
	at org.junit.platform.engine.support.hierarchical.ThrowableCollector.execute(ThrowableCollector.java:73)
	at org.junit.platform.engine.support.hierarchical.NodeTestTask.lambda$executeRecursively$8(NodeTestTask.java:141)
	at org.junit.platform.engine.support.hierarchical.Node.around(Node.java:137)
	at org.junit.platform.engine.support.hierarchical.NodeTestTask.lambda$executeRecursively$9(NodeTestTask.java:139)
	at org.junit.platform.engine.support.hierarchical.ThrowableCollector.execute(ThrowableCollector.java:73)
	at org.junit.platform.engine.support.hierarchical.NodeTestTask.executeRecursively(NodeTestTask.java:138)
	at org.junit.platform.engine.support.hierarchical.NodeTestTask.execute(NodeTestTask.java:95)
	at java.base/java.util.ArrayList.forEach(ArrayList.java:1511)
	at org.junit.platform.engine.support.hierarchical.SameThreadHierarchicalTestExecutorService.invokeAll(SameThreadHierarchicalTestExecutorService.java:41)
	at org.junit.platform.engine.support.hierarchical.NodeTestTask.lambda$executeRecursively$6(NodeTestTask.java:155)
	at org.junit.platform.engine.support.hierarchical.ThrowableCollector.execute(ThrowableCollector.java:73)
	at org.junit.platform.engine.support.hierarchical.NodeTestTask.lambda$executeRecursively$8(NodeTestTask.java:141)
	at org.junit.platform.engine.support.hierarchical.Node.around(Node.java:137)
	at org.junit.platform.engine.support.hierarchical.NodeTestTask.lambda$executeRecursively$9(NodeTestTask.java:139)
	at org.junit.platform.engine.support.hierarchical.ThrowableCollector.execute(ThrowableCollector.java:73)
	at org.junit.platform.engine.support.hierarchical.NodeTestTask.executeRecursively(NodeTestTask.java:138)
	at org.junit.platform.engine.support.hierarchical.NodeTestTask.execute(NodeTestTask.java:95)
	at java.base/java.util.ArrayList.forEach(ArrayList.java:1511)
	at org.junit.platform.engine.support.hierarchical.SameThreadHierarchicalTestExecutorService.invokeAll(SameThreadHierarchicalTestExecutorService.java:41)
	at org.junit.platform.engine.support.hierarchical.NodeTestTask.lambda$executeRecursively$6(NodeTestTask.java:155)
	at org.junit.platform.engine.support.hierarchical.ThrowableCollector.execute(ThrowableCollector.java:73)
	at org.junit.platform.engine.support.hierarchical.NodeTestTask.lambda$executeRecursively$8(NodeTestTask.java:141)
	at org.junit.platform.engine.support.hierarchical.Node.around(Node.java:137)
	at org.junit.platform.engine.support.hierarchical.NodeTestTask.lambda$executeRecursively$9(NodeTestTask.java:139)
	at org.junit.platform.engine.support.hierarchical.ThrowableCollector.execute(ThrowableCollector.java:73)
	at org.junit.platform.engine.support.hierarchical.NodeTestTask.executeRecursively(NodeTestTask.java:138)
	at org.junit.platform.engine.support.hierarchical.NodeTestTask.execute(NodeTestTask.java:95)
	at org.junit.platform.engine.support.hierarchical.SameThreadHierarchicalTestExecutorService.submit(SameThreadHierarchicalTestExecutorService.java:35)
	at org.junit.platform.engine.support.hierarchical.HierarchicalTestExecutor.execute(HierarchicalTestExecutor.java:57)
	at org.junit.platform.engine.support.hierarchical.HierarchicalTestEngine.execute(HierarchicalTestEngine.java:54)
	at org.junit.platform.launcher.core.EngineExecutionOrchestrator.execute(EngineExecutionOrchestrator.java:147)
	at org.junit.platform.launcher.core.EngineExecutionOrchestrator.execute(EngineExecutionOrchestrator.java:127)
	at org.junit.platform.launcher.core.EngineExecutionOrchestrator.execute(EngineExecutionOrchestrator.java:90)
	at org.junit.platform.launcher.core.EngineExecutionOrchestrator.lambda$execute$0(EngineExecutionOrchestrator.java:55)
	at org.junit.platform.launcher.core.EngineExecutionOrchestrator.withInterceptedStreams(EngineExecutionOrchestrator.java:102)
	at org.junit.platform.launcher.core.EngineExecutionOrchestrator.execute(EngineExecutionOrchestrator.java:54)
	at org.junit.platform.launcher.core.DefaultLauncher.execute(DefaultLauncher.java:114)
	at org.junit.platform.launcher.core.DefaultLauncher.execute(DefaultLauncher.java:86)
	at org.junit.platform.launcher.core.DefaultLauncherSession$DelegatingLauncher.execute(DefaultLauncherSession.java:86)
	at org.apache.maven.surefire.junitplatform.LazyLauncher.execute(LazyLauncher.java:56)
	at org.apache.maven.surefire.junitplatform.JUnitPlatformProvider.execute(JUnitPlatformProvider.java:184)
	at org.apache.maven.surefire.junitplatform.JUnitPlatformProvider.invokeAllTests(JUnitPlatformProvider.java:148)
	at org.apache.maven.surefire.junitplatform.JUnitPlatformProvider.invoke(JUnitPlatformProvider.java:122)
	at org.apache.maven.surefire.booter.ForkedBooter.runSuitesInProcess(ForkedBooter.java:385)
	at org.apache.maven.surefire.booter.ForkedBooter.execute(ForkedBooter.java:162)
	at org.apache.maven.surefire.booter.ForkedBooter.run(ForkedBooter.java:507)
	at org.apache.maven.surefire.booter.ForkedBooter.main(ForkedBooter.java:495)
]]></failure>
    <system-out><![CDATA[14:14:58.136 [main] DEBUG com.intuit.karate - key store key count for classpath:certificado/clientcert.cbiblian.internal 1.pfx: 1
14:14:58.146 [main] DEBUG com.jayway.jsonpath.internal.path.CompiledPath - Evaluating path: $
14:14:58.149 [main] DEBUG com.jayway.jsonpath.internal.path.CompiledPath - Evaluating path: $['Authorization']
14:14:58.149 [main] DEBUG com.jayway.jsonpath.internal.path.CompiledPath - Evaluating path: $
14:14:58.149 [main] DEBUG com.jayway.jsonpath.internal.path.CompiledPath - Evaluating path: $
14:14:58.149 [main] DEBUG com.jayway.jsonpath.internal.JsonContext - Put path $ key Authorization value {}
14:14:58.149 [main] DEBUG com.jayway.jsonpath.internal.path.CompiledPath - Evaluating path: $
14:14:58.149 [main] DEBUG com.jayway.jsonpath.internal.JsonContext - Put path $ key Authorization value Bearer eyJhbGciOiJSUzI1NiIsInR5cCIgOiAiSldUIiwia2lkIiA6ICI2dUJWTkN6VlViUFBlTFdReEM0WDAyYVM3UnM2UGRYV1dja1dfc0xZMHlFIn0.eyJleHAiOjE3NjExNjA3NTAsImlhdCI6MTc2MTE2MDQ1MCwianRpIjoidHJydGNjOjQ5Yjg0NDVjLTgzYTAtMjI4Ni02NDczLWE2ZGEzOTBhOWQ0YSIsImlzcyI6Imh0dHBzOi8vYXV0ZW50aWNhY2lvbnFhLmNvb25lY3RhLmNvbS5lYy9hdXRoL3JlYWxtcy9QQU5BUEFZIiwiYXVkIjoiYWNjb3VudCIsInN1YiI6Ijk5OGMyZmUwLTJjOGYtNGQwNC1iZjExLWY1OWExZTM5ODg3MyIsInR5cCI6IkJlYXJlciIsImF6cCI6IjAyMDVjYiIsImFjciI6IjEiLCJhbGxvd2VkLW9yaWdpbnMiOlsiLyoiXSwicmVhbG1fYWNjZXNzIjp7InJvbGVzIjpbImRlZmF1bHQtcm9sZXMtYWRtaW5wYW5hcGF5Iiwib2ZmbGluZV9hY2Nlc3MiLCJ1bWFfYXV0aG9yaXphdGlvbiJdfSwicmVzb3VyY2VfYWNjZXNzIjp7IjAyMDVjYiI6eyJyb2xlcyI6WyJ1bWFfcHJvdGVjdGlvbiJdfSwiYWNjb3VudCI6eyJyb2xlcyI6WyJtYW5hZ2UtYWNjb3VudCIsIm1hbmFnZS1hY2NvdW50LWxpbmtzIiwidmlldy1wcm9maWxlIl19fSwic2NvcGUiOiJwcm9maWxlIGVtYWlsIiwiZW1haWxfdmVyaWZpZWQiOmZhbHNlLCJjbGllbnRIb3N0IjoiMTAuMTAuMTAuMTUxIiwicHJlZmVycmVkX3VzZXJuYW1lIjoic2VydmljZS1hY2NvdW50LTAyMDVjYiIsImNsaWVudEFkZHJlc3MiOiIxMC4xMC4xMC4xNTEiLCJjbGllbnRfaWQiOiIwMjA1Y2IifQ.bATUogohrEqy7Voa4mFnsBzOnGy6tnjZGh_lOYRn-0hWXMY_fz-280nTu2Vv68eO3HeoewtWlt45S_iLI2-ml3pqpAlt3DXWVmLvVHw6d7TICHBfQsa0jGXMexKnyar7EinrVhF3deSK25Ap_ajC_82EvVvXrVG-7p9F1dEdq39y2R72JympejF5uhY_z_jNmqJSsnLEZVOo3WMJn76u9tTcYVIldC5uWGFWbPGEhvWPx4ZGpsuq_wrPOGdRmyJDFJPJl7LnLGHK0DBhuVtJUq_NFQkMus2fTTf_mWhRnoqNU-wUCS-fxMs6QusGzIVd-C3O29J3rerHTrGg21LAsQ
14:14:58.149 [main] DEBUG com.jayway.jsonpath.internal.path.CompiledPath - Evaluating path: $
14:14:58.152 [main] DEBUG com.jayway.jsonpath.internal.path.CompiledPath - Evaluating path: $
14:14:58.160 [main] DEBUG org.apache.http.client.protocol.RequestAddCookies - CookieSpec selected: karate
14:14:58.160 [main] DEBUG org.apache.http.client.protocol.RequestAuthCache - Auth cache not set in the context
14:14:58.160 [main] DEBUG com.intuit.karate - request:
1 > POST https://apipanapayqa.coonecta.com.ec/api/switchcentral/finan/transferencia
1 > Content-Type: application/json; charset=UTF-8
1 > Authorization: Bearer eyJhbGciOiJSUzI1NiIsInR5cCIgOiAiSldUIiwia2lkIiA6ICI2dUJWTkN6VlViUFBlTFdReEM0WDAyYVM3UnM2UGRYV1dja1dfc0xZMHlFIn0.eyJleHAiOjE3NjExNjA3NTAsImlhdCI6MTc2MTE2MDQ1MCwianRpIjoidHJydGNjOjQ5Yjg0NDVjLTgzYTAtMjI4Ni02NDczLWE2ZGEzOTBhOWQ0YSIsImlzcyI6Imh0dHBzOi8vYXV0ZW50aWNhY2lvbnFhLmNvb25lY3RhLmNvbS5lYy9hdXRoL3JlYWxtcy9QQU5BUEFZIiwiYXVkIjoiYWNjb3VudCIsInN1YiI6Ijk5OGMyZmUwLTJjOGYtNGQwNC1iZjExLWY1OWExZTM5ODg3MyIsInR5cCI6IkJlYXJlciIsImF6cCI6IjAyMDVjYiIsImFjciI6IjEiLCJhbGxvd2VkLW9yaWdpbnMiOlsiLyoiXSwicmVhbG1fYWNjZXNzIjp7InJvbGVzIjpbImRlZmF1bHQtcm9sZXMtYWRtaW5wYW5hcGF5Iiwib2ZmbGluZV9hY2Nlc3MiLCJ1bWFfYXV0aG9yaXphdGlvbiJdfSwicmVzb3VyY2VfYWNjZXNzIjp7IjAyMDVjYiI6eyJyb2xlcyI6WyJ1bWFfcHJvdGVjdGlvbiJdfSwiYWNjb3VudCI6eyJyb2xlcyI6WyJtYW5hZ2UtYWNjb3VudCIsIm1hbmFnZS1hY2NvdW50LWxpbmtzIiwidmlldy1wcm9maWxlIl19fSwic2NvcGUiOiJwcm9maWxlIGVtYWlsIiwiZW1haWxfdmVyaWZpZWQiOmZhbHNlLCJjbGllbnRIb3N0IjoiMTAuMTAuMTAuMTUxIiwicHJlZmVycmVkX3VzZXJuYW1lIjoic2VydmljZS1hY2NvdW50LTAyMDVjYiIsImNsaWVudEFkZHJlc3MiOiIxMC4xMC4xMC4xNTEiLCJjbGllbnRfaWQiOiIwMjA1Y2IifQ.bATUogohrEqy7Voa4mFnsBzOnGy6tnjZGh_lOYRn-0hWXMY_fz-280nTu2Vv68eO3HeoewtWlt45S_iLI2-ml3pqpAlt3DXWVmLvVHw6d7TICHBfQsa0jGXMexKnyar7EinrVhF3deSK25Ap_ajC_82EvVvXrVG-7p9F1dEdq39y2R72JympejF5uhY_z_jNmqJSsnLEZVOo3WMJn76u9tTcYVIldC5uWGFWbPGEhvWPx4ZGpsuq_wrPOGdRmyJDFJPJl7LnLGHK0DBhuVtJUq_NFQkMus2fTTf_mWhRnoqNU-wUCS-fxMs6QusGzIVd-C3O29J3rerHTrGg21LAsQ
1 > Content-Length: 515
1 > Host: apipanapayqa.coonecta.com.ec
1 > Connection: Keep-Alive
1 > User-Agent: Apache-HttpClient/4.5.14 (Java/17.0.12)
1 > Accept-Encoding: gzip,deflate
{"GrpHdr":{"msgId":"02052025102217544221669","creDtTm":"2025-10-22T14:14:58","nbOfTxs":1,"sttlmInf":{"sttlmMtd":"INGA"},"instgAgt":{"finInstnId":"0205"},"InstdAgt":{"FinInstnId":"0205"},"Mge":{"Type":"acmt.998.321.01"},"ChnlId":"APP"},"CdtTrfTxInf":{"PmtId":{"EndToEndId":"02052025102228612"},"IntrBkSttlmAmt":{"Amt":12000.0,"Ccy":"USD"},"DbtrAcctId":{"IBAN":"EC5002051000000000020501052673"},"CdtrAcctId":{"IBAN":"EC0402051000000000020101002318"},"Prtry":{"CustRef":"QA22","ChanRef":"TERM001","AgtRef":"AGT0002"}}}

14:14:58.160 [main] DEBUG org.apache.http.impl.conn.PoolingHttpClientConnectionManager - Connection request: [route: {s}->https://apipanapayqa.coonecta.com.ec:443][total available: 0; route allocated: 0 of 5; total allocated: 0 of 10]
14:14:58.160 [main] DEBUG org.apache.http.impl.conn.PoolingHttpClientConnectionManager - Connection leased: [id: 15][route: {s}->https://apipanapayqa.coonecta.com.ec:443][total available: 0; route allocated: 1 of 5; total allocated: 1 of 10]
14:14:58.160 [main] DEBUG org.apache.http.impl.execchain.MainClientExec - Opening connection {s}->https://apipanapayqa.coonecta.com.ec:443
14:14:58.160 [main] DEBUG org.apache.http.impl.conn.DefaultHttpClientConnectionOperator - Connecting to apipanapayqa.coonecta.com.ec/10.1.0.133:443
14:14:58.160 [main] DEBUG org.apache.http.conn.ssl.SSLConnectionSocketFactory - Connecting socket to apipanapayqa.coonecta.com.ec/10.1.0.133:443 with timeout 30000
14:14:58.251 [main] DEBUG org.apache.http.conn.ssl.SSLConnectionSocketFactory - Enabled protocols: [TLSv1.3, TLSv1.2]
14:14:58.251 [main] DEBUG org.apache.http.conn.ssl.SSLConnectionSocketFactory - Enabled cipher suites:[TLS_AES_256_GCM_SHA384, TLS_AES_128_GCM_SHA256, TLS_CHACHA20_POLY1305_SHA256, TLS_ECDHE_ECDSA_WITH_AES_256_GCM_SHA384, TLS_ECDHE_ECDSA_WITH_AES_128_GCM_SHA256, TLS_ECDHE_ECDSA_WITH_CHACHA20_POLY1305_SHA256, TLS_ECDHE_RSA_WITH_AES_256_GCM_SHA384, TLS_ECDHE_RSA_WITH_CHACHA20_POLY1305_SHA256, TLS_ECDHE_RSA_WITH_AES_128_GCM_SHA256, TLS_DHE_RSA_WITH_AES_256_GCM_SHA384, TLS_DHE_RSA_WITH_CHACHA20_POLY1305_SHA256, TLS_DHE_DSS_WITH_AES_256_GCM_SHA384, TLS_DHE_RSA_WITH_AES_128_GCM_SHA256, TLS_DHE_DSS_WITH_AES_128_GCM_SHA256, TLS_ECDHE_ECDSA_WITH_AES_256_CBC_SHA384, TLS_ECDHE_RSA_WITH_AES_256_CBC_SHA384, TLS_ECDHE_ECDSA_WITH_AES_128_CBC_SHA256, TLS_ECDHE_RSA_WITH_AES_128_CBC_SHA256, TLS_DHE_RSA_WITH_AES_256_CBC_SHA256, TLS_DHE_DSS_WITH_AES_256_CBC_SHA256, TLS_DHE_RSA_WITH_AES_128_CBC_SHA256, TLS_DHE_DSS_WITH_AES_128_CBC_SHA256, TLS_ECDH_ECDSA_WITH_AES_256_GCM_SHA384, TLS_ECDH_RSA_WITH_AES_256_GCM_SHA384, TLS_ECDH_ECDSA_WITH_AES_128_GCM_SHA256, TLS_ECDH_RSA_WITH_AES_128_GCM_SHA256, TLS_ECDH_ECDSA_WITH_AES_256_CBC_SHA384, TLS_ECDH_RSA_WITH_AES_256_CBC_SHA384, TLS_ECDH_ECDSA_WITH_AES_128_CBC_SHA256, TLS_ECDH_RSA_WITH_AES_128_CBC_SHA256, TLS_ECDHE_ECDSA_WITH_AES_256_CBC_SHA, TLS_ECDHE_RSA_WITH_AES_256_CBC_SHA, TLS_ECDHE_ECDSA_WITH_AES_128_CBC_SHA, TLS_ECDHE_RSA_WITH_AES_128_CBC_SHA, TLS_DHE_RSA_WITH_AES_256_CBC_SHA, TLS_DHE_DSS_WITH_AES_256_CBC_SHA, TLS_DHE_RSA_WITH_AES_128_CBC_SHA, TLS_DHE_DSS_WITH_AES_128_CBC_SHA, TLS_ECDH_ECDSA_WITH_AES_256_CBC_SHA, TLS_ECDH_RSA_WITH_AES_256_CBC_SHA, TLS_ECDH_ECDSA_WITH_AES_128_CBC_SHA, TLS_ECDH_RSA_WITH_AES_128_CBC_SHA, TLS_RSA_WITH_AES_256_GCM_SHA384, TLS_RSA_WITH_AES_128_GCM_SHA256, TLS_RSA_WITH_AES_256_CBC_SHA256, TLS_RSA_WITH_AES_128_CBC_SHA256, TLS_RSA_WITH_AES_256_CBC_SHA, TLS_RSA_WITH_AES_128_CBC_SHA, TLS_EMPTY_RENEGOTIATION_INFO_SCSV]
14:14:58.251 [main] DEBUG org.apache.http.conn.ssl.SSLConnectionSocketFactory - Starting handshake
14:14:58.445 [main] DEBUG org.apache.http.conn.ssl.SSLConnectionSocketFactory - Secure session established
14:14:58.445 [main] DEBUG org.apache.http.conn.ssl.SSLConnectionSocketFactory -  negotiated protocol: TLSv1.3
14:14:58.445 [main] DEBUG org.apache.http.conn.ssl.SSLConnectionSocketFactory -  negotiated cipher suite: TLS_AES_256_GCM_SHA384
14:14:58.445 [main] DEBUG org.apache.http.conn.ssl.SSLConnectionSocketFactory -  peer principal: CN=apipanapayqa.coonecta.com.ec, O=Red Transaccional Cooperativa S.A. RTC, L=Quito, ST=Pichincha, C=EC
14:14:58.445 [main] DEBUG org.apache.http.conn.ssl.SSLConnectionSocketFactory -  peer alternative names: [apipanapayqa.coonecta.com.ec]
14:14:58.445 [main] DEBUG org.apache.http.conn.ssl.SSLConnectionSocketFactory -  issuer principal: CN=DigiCert Global G2 TLS RSA SHA256 2020 CA1, O=DigiCert Inc, C=US
14:14:58.445 [main] DEBUG org.apache.http.impl.conn.DefaultHttpClientConnectionOperator - Connection established 10.10.10.151:49811<->10.1.0.133:443
14:14:58.445 [main] DEBUG org.apache.http.impl.conn.DefaultManagedHttpClientConnection - http-outgoing-15: set socket timeout to 30000
14:14:58.445 [main] DEBUG org.apache.http.impl.execchain.MainClientExec - Executing request POST /api/switchcentral/finan/transferencia HTTP/1.1
14:14:58.445 [main] DEBUG org.apache.http.impl.execchain.MainClientExec - Proxy auth state: UNCHALLENGED
14:14:58.445 [main] DEBUG org.apache.http.headers - http-outgoing-15 >> POST /api/switchcentral/finan/transferencia HTTP/1.1
14:14:58.445 [main] DEBUG org.apache.http.headers - http-outgoing-15 >> Content-Type: application/json; charset=UTF-8
14:14:58.445 [main] DEBUG org.apache.http.headers - http-outgoing-15 >> Authorization: Bearer eyJhbGciOiJSUzI1NiIsInR5cCIgOiAiSldUIiwia2lkIiA6ICI2dUJWTkN6VlViUFBlTFdReEM0WDAyYVM3UnM2UGRYV1dja1dfc0xZMHlFIn0.eyJleHAiOjE3NjExNjA3NTAsImlhdCI6MTc2MTE2MDQ1MCwianRpIjoidHJydGNjOjQ5Yjg0NDVjLTgzYTAtMjI4Ni02NDczLWE2ZGEzOTBhOWQ0YSIsImlzcyI6Imh0dHBzOi8vYXV0ZW50aWNhY2lvbnFhLmNvb25lY3RhLmNvbS5lYy9hdXRoL3JlYWxtcy9QQU5BUEFZIiwiYXVkIjoiYWNjb3VudCIsInN1YiI6Ijk5OGMyZmUwLTJjOGYtNGQwNC1iZjExLWY1OWExZTM5ODg3MyIsInR5cCI6IkJlYXJlciIsImF6cCI6IjAyMDVjYiIsImFjciI6IjEiLCJhbGxvd2VkLW9yaWdpbnMiOlsiLyoiXSwicmVhbG1fYWNjZXNzIjp7InJvbGVzIjpbImRlZmF1bHQtcm9sZXMtYWRtaW5wYW5hcGF5Iiwib2ZmbGluZV9hY2Nlc3MiLCJ1bWFfYXV0aG9yaXphdGlvbiJdfSwicmVzb3VyY2VfYWNjZXNzIjp7IjAyMDVjYiI6eyJyb2xlcyI6WyJ1bWFfcHJvdGVjdGlvbiJdfSwiYWNjb3VudCI6eyJyb2xlcyI6WyJtYW5hZ2UtYWNjb3VudCIsIm1hbmFnZS1hY2NvdW50LWxpbmtzIiwidmlldy1wcm9maWxlIl19fSwic2NvcGUiOiJwcm9maWxlIGVtYWlsIiwiZW1haWxfdmVyaWZpZWQiOmZhbHNlLCJjbGllbnRIb3N0IjoiMTAuMTAuMTAuMTUxIiwicHJlZmVycmVkX3VzZXJuYW1lIjoic2VydmljZS1hY2NvdW50LTAyMDVjYiIsImNsaWVudEFkZHJlc3MiOiIxMC4xMC4xMC4xNTEiLCJjbGllbnRfaWQiOiIwMjA1Y2IifQ.bATUogohrEqy7Voa4mFnsBzOnGy6tnjZGh_lOYRn-0hWXMY_fz-280nTu2Vv68eO3HeoewtWlt45S_iLI2-ml3pqpAlt3DXWVmLvVHw6d7TICHBfQsa0jGXMexKnyar7EinrVhF3deSK25Ap_ajC_82EvVvXrVG-7p9F1dEdq39y2R72JympejF5uhY_z_jNmqJSsnLEZVOo3WMJn76u9tTcYVIldC5uWGFWbPGEhvWPx4ZGpsuq_wrPOGdRmyJDFJPJl7LnLGHK0DBhuVtJUq_NFQkMus2fTTf_mWhRnoqNU-wUCS-fxMs6QusGzIVd-C3O29J3rerHTrGg21LAsQ
14:14:58.445 [main] DEBUG org.apache.http.headers - http-outgoing-15 >> Content-Length: 515
14:14:58.445 [main] DEBUG org.apache.http.headers - http-outgoing-15 >> Host: apipanapayqa.coonecta.com.ec
14:14:58.445 [main] DEBUG org.apache.http.headers - http-outgoing-15 >> Connection: Keep-Alive
14:14:58.445 [main] DEBUG org.apache.http.headers - http-outgoing-15 >> User-Agent: Apache-HttpClient/4.5.14 (Java/17.0.12)
14:14:58.445 [main] DEBUG org.apache.http.headers - http-outgoing-15 >> Accept-Encoding: gzip,deflate
14:14:58.445 [main] DEBUG org.apache.http.wire - http-outgoing-15 >> "POST /api/switchcentral/finan/transferencia HTTP/1.1[\r][\n]"
14:14:58.445 [main] DEBUG org.apache.http.wire - http-outgoing-15 >> "Content-Type: application/json; charset=UTF-8[\r][\n]"
14:14:58.445 [main] DEBUG org.apache.http.wire - http-outgoing-15 >> "Authorization: Bearer eyJhbGciOiJSUzI1NiIsInR5cCIgOiAiSldUIiwia2lkIiA6ICI2dUJWTkN6VlViUFBlTFdReEM0WDAyYVM3UnM2UGRYV1dja1dfc0xZMHlFIn0.eyJleHAiOjE3NjExNjA3NTAsImlhdCI6MTc2MTE2MDQ1MCwianRpIjoidHJydGNjOjQ5Yjg0NDVjLTgzYTAtMjI4Ni02NDczLWE2ZGEzOTBhOWQ0YSIsImlzcyI6Imh0dHBzOi8vYXV0ZW50aWNhY2lvbnFhLmNvb25lY3RhLmNvbS5lYy9hdXRoL3JlYWxtcy9QQU5BUEFZIiwiYXVkIjoiYWNjb3VudCIsInN1YiI6Ijk5OGMyZmUwLTJjOGYtNGQwNC1iZjExLWY1OWExZTM5ODg3MyIsInR5cCI6IkJlYXJlciIsImF6cCI6IjAyMDVjYiIsImFjciI6IjEiLCJhbGxvd2VkLW9yaWdpbnMiOlsiLyoiXSwicmVhbG1fYWNjZXNzIjp7InJvbGVzIjpbImRlZmF1bHQtcm9sZXMtYWRtaW5wYW5hcGF5Iiwib2ZmbGluZV9hY2Nlc3MiLCJ1bWFfYXV0aG9yaXphdGlvbiJdfSwicmVzb3VyY2VfYWNjZXNzIjp7IjAyMDVjYiI6eyJyb2xlcyI6WyJ1bWFfcHJvdGVjdGlvbiJdfSwiYWNjb3VudCI6eyJyb2xlcyI6WyJtYW5hZ2UtYWNjb3VudCIsIm1hbmFnZS1hY2NvdW50LWxpbmtzIiwidmlldy1wcm9maWxlIl19fSwic2NvcGUiOiJwcm9maWxlIGVtYWlsIiwiZW1haWxfdmVyaWZpZWQiOmZhbHNlLCJjbGllbnRIb3N0IjoiMTAuMTAuMTAuMTUxIiwicHJlZmVycmVkX3VzZXJuYW1lIjoic2VydmljZS1hY2NvdW50LTAyMDVjYiIsImNsaWVudEFkZHJlc3MiOiIxMC4xMC4xMC4xNTEiLCJjbGllbnRfaWQiOiIwMjA1Y2IifQ.bATUogohrEqy7Voa4mFnsBzOnGy6tnjZGh_lOYRn-0hWXMY_fz-280nTu2Vv68eO3HeoewtWlt45S_iLI2-ml3pqpAlt3DXWVmLvVHw6d7TICHBfQsa0jGXMexKnyar7EinrVhF3deSK25Ap_ajC_82EvVvXrVG-7p9F1dEdq39y2R72JympejF5uhY_z_jNmqJSsnLEZVOo3WMJn76u9tTcYVIldC5uWGFWbPGEhvWPx4ZGpsuq_wrPOGdRmyJDFJPJl7LnLGHK0DBhuVtJUq_NFQkMus2fTTf_mWhRnoqNU-wUCS-fxMs6QusGzIVd-C3O29J3rerHTrGg21LAsQ[\r][\n]"
14:14:58.445 [main] DEBUG org.apache.http.wire - http-outgoing-15 >> "Content-Length: 515[\r][\n]"
14:14:58.445 [main] DEBUG org.apache.http.wire - http-outgoing-15 >> "Host: apipanapayqa.coonecta.com.ec[\r][\n]"
14:14:58.445 [main] DEBUG org.apache.http.wire - http-outgoing-15 >> "Connection: Keep-Alive[\r][\n]"
14:14:58.445 [main] DEBUG org.apache.http.wire - http-outgoing-15 >> "User-Agent: Apache-HttpClient/4.5.14 (Java/17.0.12)[\r][\n]"
14:14:58.445 [main] DEBUG org.apache.http.wire - http-outgoing-15 >> "Accept-Encoding: gzip,deflate[\r][\n]"
14:14:58.445 [main] DEBUG org.apache.http.wire - http-outgoing-15 >> "[\r][\n]"
14:14:58.445 [main] DEBUG org.apache.http.wire - http-outgoing-15 >> "{"GrpHdr":{"msgId":"02052025102217544221669","creDtTm":"2025-10-22T14:14:58","nbOfTxs":1,"sttlmInf":{"sttlmMtd":"INGA"},"instgAgt":{"finInstnId":"0205"},"InstdAgt":{"FinInstnId":"0205"},"Mge":{"Type":"acmt.998.321.01"},"ChnlId":"APP"},"CdtTrfTxInf":{"PmtId":{"EndToEndId":"02052025102228612"},"IntrBkSttlmAmt":{"Amt":12000.0,"Ccy":"USD"},"DbtrAcctId":{"IBAN":"EC5002051000000000020501052673"},"CdtrAcctId":{"IBAN":"EC0402051000000000020101002318"},"Prtry":{"CustRef":"QA22","ChanRef":"TERM001","AgtRef":"AGT0002"}}}"
14:15:00.057 [main] DEBUG org.apache.http.wire - http-outgoing-15 << "HTTP/1.1 400 Bad Request[\r][\n]"
14:15:00.057 [main] DEBUG org.apache.http.wire - http-outgoing-15 << "Date: Wed, 22 Oct 2025 19:14:51 GMT[\r][\n]"
14:15:00.057 [main] DEBUG org.apache.http.wire - http-outgoing-15 << "Content-Type: application/json; charset=utf-8[\r][\n]"
14:15:00.057 [main] DEBUG org.apache.http.wire - http-outgoing-15 << "Transfer-Encoding: chunked[\r][\n]"
14:15:00.057 [main] DEBUG org.apache.http.wire - http-outgoing-15 << "Connection: keep-alive[\r][\n]"
14:15:00.057 [main] DEBUG org.apache.http.wire - http-outgoing-15 << "Server: Kestrel[\r][\n]"
14:15:00.057 [main] DEBUG org.apache.http.wire - http-outgoing-15 << "Set-Cookie: ARRAffinity=135f536e0d078a815c3b83fda3468ab8a3a2abc604a35eefb28648d3961cfa9b;Path=/;HttpOnly;Secure;Domain=app-apipanapay-qa.azurewebsites.net[\r][\n]"
14:15:00.057 [main] DEBUG org.apache.http.wire - http-outgoing-15 << "Set-Cookie: ARRAffinitySameSite=135f536e0d078a815c3b83fda3468ab8a3a2abc604a35eefb28648d3961cfa9b;Path=/;HttpOnly;SameSite=None;Secure;Domain=app-apipanapay-qa.azurewebsites.net[\r][\n]"
14:15:00.057 [main] DEBUG org.apache.http.wire - http-outgoing-15 << "Request-Context: appId=cid-v1:a7a77847-2713-450f-9030-b350a2d54a28[\r][\n]"
14:15:00.057 [main] DEBUG org.apache.http.wire - http-outgoing-15 << "X-Powered-By: ASP.NET[\r][\n]"
14:15:00.057 [main] DEBUG org.apache.http.wire - http-outgoing-15 << "X-ARR-ClientCert: -----BEGIN%20CERTIFICATE-----%0AMIIEHDCCAgSgAwIBAgIUZIZBO0fb7VZ4KXrs01S4RYbWyJ8wDQYJKoZIhvcNAQEL%0ABQAwJTEjMCEGA1UEAwwacm9vdGNlcnQuY2JpYmxpYW4uaW50ZXJuYWwwHhcNMjUw%0AODEzMTMyNTU5WhcNMjgwODEyMTMyNTU5WjAnMSUwIwYDVQQDDBxjbGllbnRjZXJ0%0ALmNiaWJsaWFuLmludGVybmFsMIIBIjANBgkqhkiG9w0BAQEFAAOCAQ8AMIIBCgKC%0AAQEAskUDap6NmyYq8RT6F7z3DpZGQiflNQTvUT84TmxsKXEBRAkgINnkJqgKkd7f%0ASEybzqglQTbr4s41lCiPsy3X66qYjU2L%2Bojhni%2BOCVOX7n3JBYovL%2FqfMP3%2FkhZP%0AQIlK%2FQWPcrnl39fYkGOQv%2BYqoCGEPzGkib2m1Ma5Q1HOCKh1ErMjqTLGy%2ByJj6JY%0AiZvMx3YrJSvjUS0uKpNwxPtGyiexRfKsmR%2FHqPzRHa0iY%2B752KSgUedwJPv1Wod%2B%0AY9BMAMIdU25UtkUEsaOYtorGWDaZSn2Bl0LYmP87kjcYypnHx0jtPtUCXfVHrE6u%0AZnDRFYsZbeXylY3mJkyOL2DzZwIDAQABo0IwQDAdBgNVHQ4EFgQURPhJwTAcUWUp%0ArOqQO68P%2FbJoqjMwHwYDVR0jBBgwFoAU7GdlxoSeEXucEXhjadHRC9xzS0UwDQYJ%0AKoZIhvcNAQELBQADggIBAGTnlyF2n%2F6s9phYbO8V17niO0BXB62ToX6gPhcw9f3y%0AhMui6RnrM1oiHlBWqZquCqYJ5ETvYJE1RqvoqtGysxCnIj0OTJHV4WtF3SHsd1Tu%0ATg%2B%2FUnGivtBTDQxj9sbAtCaSYRBqPByP8jvSTDgXR1mgOrEGjr2PZdZSoKLj4OHi%0A9UCMJw7pJsyA4lbroKshQTYv5Ks5SqtJpdp0%2BUX0UUlbPJqXiadfbKdoXvEgcwbP%0ACqR9v7kGYmNxfaGLNGVrV%2BnLawIDmdYXJE%2F4WJh6sHfiZxEsE%2BB4PoKADrb1Eapt%0AnSdHUgRfc0i5f2lcmErnU8nCMO5TWdHFOgpYwTS8w17FhNFZpaSmyZKM7uHcUs7y%0AUbuiQtdXocfSSMf%2FeycBEU%2FHAVIWQEqY%2BbJdC0q%2FR%2BsESeBtXd4IEIxR0QfgscGk%0AJyCSFC8z%2FvCgrRsH5rePqKO7%2FLAsDTP4GIQNFNfF4Wh6bsPXuJmvvoMcnmy%2F58Wo%0AE0XaG8UPHVAeyEmhncdM32E7SJbR91aRr2CkV23OoUz%2BwKG2%2FuObHmAkuMkCbbcz%0AJQoC7DZg5FGw%2BZR7v1DIBct5QNJQ8bG%2FXGRxjWC6dU7jrGhOF1X%2B2YYcdx9XnwyM%0A9YPxUy5bVfMhIiKP2wEso5fjOZ4RTvnB5R6zD3maJK%2FtZAXVhtyqXSkBYFi4MvEs%0A-----END%20CERTIFICATE-----%0A[\r][\n]"
14:15:00.057 [main] DEBUG org.apache.http.wire - http-outgoing-15 << "[\r][\n]"
14:15:00.057 [main] DEBUG org.apache.http.wire - http-outgoing-15 << "1e2[\r][\n]"
14:15:00.057 [main] DEBUG org.apache.http.wire - http-outgoing-15 << "{"GrpHdr":{"MsgId":"000020251022020368","CreDtTm":"2025-10-22T14:14:51","NbOfTxs":1,"SttlmInf":{"SttlmMtd":"INGA"},"InstgAgt":{"FinInstnId":"0205"},"InstdAgt":{"FinInstnId":"0205"},"Mge":{"Type":"acmt.998.322.001"},"ChnlId":"APP"},"CdtTrfTxInf":{"OrgnGrpInf":{"OrgnlMsgId":"02052025102217544221669","OrgnlMgeType":"acmt.998.321.01","OrgnlCreDtTm":"2025-10-22T14:14:58"},"TxSts":"ERR","Rsn":{"RsnCd":"AM02","AddtlInf":"El monto excede el m[0xc3][0xa1]ximo permitido."},"SttlmDt":"2025-10-22"}}[\r][\n]"
14:15:00.057 [main] DEBUG org.apache.http.wire - http-outgoing-15 << "0[\r][\n]"
14:15:00.057 [main] DEBUG org.apache.http.wire - http-outgoing-15 << "[\r][\n]"
14:15:00.057 [main] DEBUG org.apache.http.headers - http-outgoing-15 << HTTP/1.1 400 Bad Request
14:15:00.057 [main] DEBUG org.apache.http.headers - http-outgoing-15 << Date: Wed, 22 Oct 2025 19:14:51 GMT
14:15:00.057 [main] DEBUG org.apache.http.headers - http-outgoing-15 << Content-Type: application/json; charset=utf-8
14:15:00.057 [main] DEBUG org.apache.http.headers - http-outgoing-15 << Transfer-Encoding: chunked
14:15:00.057 [main] DEBUG org.apache.http.headers - http-outgoing-15 << Connection: keep-alive
14:15:00.057 [main] DEBUG org.apache.http.headers - http-outgoing-15 << Server: Kestrel
14:15:00.057 [main] DEBUG org.apache.http.headers - http-outgoing-15 << Set-Cookie: ARRAffinity=135f536e0d078a815c3b83fda3468ab8a3a2abc604a35eefb28648d3961cfa9b;Path=/;HttpOnly;Secure;Domain=app-apipanapay-qa.azurewebsites.net
14:15:00.057 [main] DEBUG org.apache.http.headers - http-outgoing-15 << Set-Cookie: ARRAffinitySameSite=135f536e0d078a815c3b83fda3468ab8a3a2abc604a35eefb28648d3961cfa9b;Path=/;HttpOnly;SameSite=None;Secure;Domain=app-apipanapay-qa.azurewebsites.net
14:15:00.057 [main] DEBUG org.apache.http.headers - http-outgoing-15 << Request-Context: appId=cid-v1:a7a77847-2713-450f-9030-b350a2d54a28
14:15:00.057 [main] DEBUG org.apache.http.headers - http-outgoing-15 << X-Powered-By: ASP.NET
14:15:00.057 [main] DEBUG org.apache.http.headers - http-outgoing-15 << X-ARR-ClientCert: -----BEGIN%20CERTIFICATE-----%0AMIIEHDCCAgSgAwIBAgIUZIZBO0fb7VZ4KXrs01S4RYbWyJ8wDQYJKoZIhvcNAQEL%0ABQAwJTEjMCEGA1UEAwwacm9vdGNlcnQuY2JpYmxpYW4uaW50ZXJuYWwwHhcNMjUw%0AODEzMTMyNTU5WhcNMjgwODEyMTMyNTU5WjAnMSUwIwYDVQQDDBxjbGllbnRjZXJ0%0ALmNiaWJsaWFuLmludGVybmFsMIIBIjANBgkqhkiG9w0BAQEFAAOCAQ8AMIIBCgKC%0AAQEAskUDap6NmyYq8RT6F7z3DpZGQiflNQTvUT84TmxsKXEBRAkgINnkJqgKkd7f%0ASEybzqglQTbr4s41lCiPsy3X66qYjU2L%2Bojhni%2BOCVOX7n3JBYovL%2FqfMP3%2FkhZP%0AQIlK%2FQWPcrnl39fYkGOQv%2BYqoCGEPzGkib2m1Ma5Q1HOCKh1ErMjqTLGy%2ByJj6JY%0AiZvMx3YrJSvjUS0uKpNwxPtGyiexRfKsmR%2FHqPzRHa0iY%2B752KSgUedwJPv1Wod%2B%0AY9BMAMIdU25UtkUEsaOYtorGWDaZSn2Bl0LYmP87kjcYypnHx0jtPtUCXfVHrE6u%0AZnDRFYsZbeXylY3mJkyOL2DzZwIDAQABo0IwQDAdBgNVHQ4EFgQURPhJwTAcUWUp%0ArOqQO68P%2FbJoqjMwHwYDVR0jBBgwFoAU7GdlxoSeEXucEXhjadHRC9xzS0UwDQYJ%0AKoZIhvcNAQELBQADggIBAGTnlyF2n%2F6s9phYbO8V17niO0BXB62ToX6gPhcw9f3y%0AhMui6RnrM1oiHlBWqZquCqYJ5ETvYJE1RqvoqtGysxCnIj0OTJHV4WtF3SHsd1Tu%0ATg%2B%2FUnGivtBTDQxj9sbAtCaSYRBqPByP8jvSTDgXR1mgOrEGjr2PZdZSoKLj4OHi%0A9UCMJw7pJsyA4lbroKshQTYv5Ks5SqtJpdp0%2BUX0UUlbPJqXiadfbKdoXvEgcwbP%0ACqR9v7kGYmNxfaGLNGVrV%2BnLawIDmdYXJE%2F4WJh6sHfiZxEsE%2BB4PoKADrb1Eapt%0AnSdHUgRfc0i5f2lcmErnU8nCMO5TWdHFOgpYwTS8w17FhNFZpaSmyZKM7uHcUs7y%0AUbuiQtdXocfSSMf%2FeycBEU%2FHAVIWQEqY%2BbJdC0q%2FR%2BsESeBtXd4IEIxR0QfgscGk%0AJyCSFC8z%2FvCgrRsH5rePqKO7%2FLAsDTP4GIQNFNfF4Wh6bsPXuJmvvoMcnmy%2F58Wo%0AE0XaG8UPHVAeyEmhncdM32E7SJbR91aRr2CkV23OoUz%2BwKG2%2FuObHmAkuMkCbbcz%0AJQoC7DZg5FGw%2BZR7v1DIBct5QNJQ8bG%2FXGRxjWC6dU7jrGhOF1X%2B2YYcdx9XnwyM%0A9YPxUy5bVfMhIiKP2wEso5fjOZ4RTvnB5R6zD3maJK%2FtZAXVhtyqXSkBYFi4MvEs%0A-----END%20CERTIFICATE-----%0A
14:15:00.057 [main] DEBUG org.apache.http.impl.execchain.MainClientExec - Connection can be kept alive indefinitely
14:15:00.057 [main] DEBUG org.apache.http.client.protocol.ResponseProcessCookies - Cookie accepted [ARRAffinity="135f536e0d078a815c3b83fda3468ab8a3a2abc604a35eefb28648d3961cfa9b", version:0, domain:app-apipanapay-qa.azurewebsites.net, path:/, expiry:null]
14:15:00.057 [main] DEBUG org.apache.http.client.protocol.ResponseProcessCookies - Cookie accepted [ARRAffinitySameSite="135f536e0d078a815c3b83fda3468ab8a3a2abc604a35eefb28648d3961cfa9b", version:0, domain:app-apipanapay-qa.azurewebsites.net, path:/, expiry:null]
14:15:00.057 [main] DEBUG org.apache.http.impl.conn.PoolingHttpClientConnectionManager - Connection [id: 15][route: {s}->https://apipanapayqa.coonecta.com.ec:443][state: CN=clientcert.cbiblian.internal] can be kept alive indefinitely
14:15:00.057 [main] DEBUG org.apache.http.impl.conn.DefaultManagedHttpClientConnection - http-outgoing-15: set socket timeout to 0
14:15:00.057 [main] DEBUG org.apache.http.impl.conn.PoolingHttpClientConnectionManager - Connection released: [id: 15][route: {s}->https://apipanapayqa.coonecta.com.ec:443][state: CN=clientcert.cbiblian.internal][total available: 1; route allocated: 1 of 5; total allocated: 1 of 10]
14:15:00.057 [main] DEBUG org.apache.http.impl.conn.PoolingHttpClientConnectionManager - Connection manager is shutting down
14:15:00.057 [main] DEBUG org.apache.http.impl.conn.DefaultManagedHttpClientConnection - http-outgoing-15: Close connection
14:15:00.060 [main] DEBUG org.apache.http.impl.conn.PoolingHttpClientConnectionManager - Connection manager shut down
14:15:00.060 [main] DEBUG com.intuit.karate - response time in milliseconds: 1897
1 < 400
1 < Date: Wed, 22 Oct 2025 19:14:51 GMT
1 < Content-Type: application/json; charset=utf-8
1 < Transfer-Encoding: chunked
1 < Connection: keep-alive
1 < Server: Kestrel
1 < Set-Cookie: ARRAffinity=135f536e0d078a815c3b83fda3468ab8a3a2abc604a35eefb28648d3961cfa9b;Path=/;HttpOnly;Secure;Domain=app-apipanapay-qa.azurewebsites.net
1 < Set-Cookie: ARRAffinitySameSite=135f536e0d078a815c3b83fda3468ab8a3a2abc604a35eefb28648d3961cfa9b;Path=/;HttpOnly;SameSite=None;Secure;Domain=app-apipanapay-qa.azurewebsites.net
1 < Request-Context: appId=cid-v1:a7a77847-2713-450f-9030-b350a2d54a28
1 < X-Powered-By: ASP.NET
1 < X-ARR-ClientCert: -----BEGIN%20CERTIFICATE-----%0AMIIEHDCCAgSgAwIBAgIUZIZBO0fb7VZ4KXrs01S4RYbWyJ8wDQYJKoZIhvcNAQEL%0ABQAwJTEjMCEGA1UEAwwacm9vdGNlcnQuY2JpYmxpYW4uaW50ZXJuYWwwHhcNMjUw%0AODEzMTMyNTU5WhcNMjgwODEyMTMyNTU5WjAnMSUwIwYDVQQDDBxjbGllbnRjZXJ0%0ALmNiaWJsaWFuLmludGVybmFsMIIBIjANBgkqhkiG9w0BAQEFAAOCAQ8AMIIBCgKC%0AAQEAskUDap6NmyYq8RT6F7z3DpZGQiflNQTvUT84TmxsKXEBRAkgINnkJqgKkd7f%0ASEybzqglQTbr4s41lCiPsy3X66qYjU2L%2Bojhni%2BOCVOX7n3JBYovL%2FqfMP3%2FkhZP%0AQIlK%2FQWPcrnl39fYkGOQv%2BYqoCGEPzGkib2m1Ma5Q1HOCKh1ErMjqTLGy%2ByJj6JY%0AiZvMx3YrJSvjUS0uKpNwxPtGyiexRfKsmR%2FHqPzRHa0iY%2B752KSgUedwJPv1Wod%2B%0AY9BMAMIdU25UtkUEsaOYtorGWDaZSn2Bl0LYmP87kjcYypnHx0jtPtUCXfVHrE6u%0AZnDRFYsZbeXylY3mJkyOL2DzZwIDAQABo0IwQDAdBgNVHQ4EFgQURPhJwTAcUWUp%0ArOqQO68P%2FbJoqjMwHwYDVR0jBBgwFoAU7GdlxoSeEXucEXhjadHRC9xzS0UwDQYJ%0AKoZIhvcNAQELBQADggIBAGTnlyF2n%2F6s9phYbO8V17niO0BXB62ToX6gPhcw9f3y%0AhMui6RnrM1oiHlBWqZquCqYJ5ETvYJE1RqvoqtGysxCnIj0OTJHV4WtF3SHsd1Tu%0ATg%2B%2FUnGivtBTDQxj9sbAtCaSYRBqPByP8jvSTDgXR1mgOrEGjr2PZdZSoKLj4OHi%0A9UCMJw7pJsyA4lbroKshQTYv5Ks5SqtJpdp0%2BUX0UUlbPJqXiadfbKdoXvEgcwbP%0ACqR9v7kGYmNxfaGLNGVrV%2BnLawIDmdYXJE%2F4WJh6sHfiZxEsE%2BB4PoKADrb1Eapt%0AnSdHUgRfc0i5f2lcmErnU8nCMO5TWdHFOgpYwTS8w17FhNFZpaSmyZKM7uHcUs7y%0AUbuiQtdXocfSSMf%2FeycBEU%2FHAVIWQEqY%2BbJdC0q%2FR%2BsESeBtXd4IEIxR0QfgscGk%0AJyCSFC8z%2FvCgrRsH5rePqKO7%2FLAsDTP4GIQNFNfF4Wh6bsPXuJmvvoMcnmy%2F58Wo%0AE0XaG8UPHVAeyEmhncdM32E7SJbR91aRr2CkV23OoUz%2BwKG2%2FuObHmAkuMkCbbcz%0AJQoC7DZg5FGw%2BZR7v1DIBct5QNJQ8bG%2FXGRxjWC6dU7jrGhOF1X%2B2YYcdx9XnwyM%0A9YPxUy5bVfMhIiKP2wEso5fjOZ4RTvnB5R6zD3maJK%2FtZAXVhtyqXSkBYFi4MvEs%0A-----END%20CERTIFICATE-----%0A
{"GrpHdr":{"MsgId":"000020251022020368","CreDtTm":"2025-10-22T14:14:51","NbOfTxs":1,"SttlmInf":{"SttlmMtd":"INGA"},"InstgAgt":{"FinInstnId":"0205"},"InstdAgt":{"FinInstnId":"0205"},"Mge":{"Type":"acmt.998.322.001"},"ChnlId":"APP"},"CdtTrfTxInf":{"OrgnGrpInf":{"OrgnlMsgId":"02052025102217544221669","OrgnlMgeType":"acmt.998.321.01","OrgnlCreDtTm":"2025-10-22T14:14:58"},"TxSts":"ERR","Rsn":{"RsnCd":"AM02","AddtlInf":"El monto excede el máximo permitido."},"SttlmDt":"2025-10-22"}}

14:15:00.060 [main] ERROR com.intuit.karate - classpath:Transferencia.feature:339
Then match responseStatus in normalizedStatus
no step-definition method match found for: match responseStatus in normalizedStatus
classpath:Transferencia.feature:339
]]></system-out>
  </testcase>
  <testcase name="[16:343] Transferencia exitosa, monto total diario permitido despues de modificar el parametro" classname="Transferencia" time="2.478">
    <failure message="no step-definition method match found for: match responseStatus in normalizedStatus&#10;classpath:Transferencia.feature:351" type="org.opentest4j.AssertionFailedError"><![CDATA[org.opentest4j.AssertionFailedError: 
no step-definition method match found for: match responseStatus in normalizedStatus
classpath:Transferencia.feature:351
	at org.junit.jupiter.api.AssertionUtils.fail(AssertionUtils.java:38)
	at org.junit.jupiter.api.Assertions.fail(Assertions.java:135)
	at com.intuit.karate.junit5.FeatureNode.lambda$next$1(FeatureNode.java:86)
	at org.junit.jupiter.engine.descriptor.DynamicTestTestDescriptor.lambda$execute$0(DynamicTestTestDescriptor.java:53)
	at org.junit.jupiter.engine.execution.InvocationInterceptorChain$ValidatingInvocation.proceed(InvocationInterceptorChain.java:131)
	at org.junit.jupiter.api.extension.InvocationInterceptor.interceptDynamicTest(InvocationInterceptor.java:167)
	at org.junit.jupiter.api.extension.InvocationInterceptor.interceptDynamicTest(InvocationInterceptor.java:184)
	at org.junit.jupiter.engine.descriptor.DynamicTestTestDescriptor.lambda$execute$1(DynamicTestTestDescriptor.java:61)
	at org.junit.jupiter.engine.execution.InvocationInterceptorChain$InterceptorCall.lambda$ofVoid$0(InvocationInterceptorChain.java:78)
	at org.junit.jupiter.engine.execution.InvocationInterceptorChain$InterceptedInvocation.proceed(InvocationInterceptorChain.java:106)
	at org.junit.jupiter.engine.execution.InvocationInterceptorChain.proceed(InvocationInterceptorChain.java:64)
	at org.junit.jupiter.engine.execution.InvocationInterceptorChain.chainAndInvoke(InvocationInterceptorChain.java:45)
	at org.junit.jupiter.engine.execution.InvocationInterceptorChain.invoke(InvocationInterceptorChain.java:37)
	at org.junit.jupiter.engine.descriptor.DynamicTestTestDescriptor.execute(DynamicTestTestDescriptor.java:60)
	at org.junit.jupiter.engine.descriptor.DynamicTestTestDescriptor.execute(DynamicTestTestDescriptor.java:32)
	at org.junit.platform.engine.support.hierarchical.NodeTestTask.lambda$executeRecursively$6(NodeTestTask.java:151)
	at org.junit.platform.engine.support.hierarchical.ThrowableCollector.execute(ThrowableCollector.java:73)
	at org.junit.platform.engine.support.hierarchical.NodeTestTask.lambda$executeRecursively$8(NodeTestTask.java:141)
	at org.junit.platform.engine.support.hierarchical.Node.around(Node.java:137)
	at org.junit.platform.engine.support.hierarchical.NodeTestTask.lambda$executeRecursively$9(NodeTestTask.java:139)
	at org.junit.platform.engine.support.hierarchical.ThrowableCollector.execute(ThrowableCollector.java:73)
	at org.junit.platform.engine.support.hierarchical.NodeTestTask.executeRecursively(NodeTestTask.java:138)
	at org.junit.platform.engine.support.hierarchical.NodeTestTask.execute(NodeTestTask.java:95)
	at org.junit.platform.engine.support.hierarchical.SameThreadHierarchicalTestExecutorService.submit(SameThreadHierarchicalTestExecutorService.java:35)
	at org.junit.platform.engine.support.hierarchical.NodeTestTask$DefaultDynamicTestExecutor.execute(NodeTestTask.java:226)
	at org.junit.platform.engine.support.hierarchical.NodeTestTask$DefaultDynamicTestExecutor.execute(NodeTestTask.java:204)
	at java.base/java.util.stream.ForEachOps$ForEachOp$OfRef.accept(ForEachOps.java:183)
	at java.base/java.util.stream.ReferencePipeline$3$1.accept(ReferencePipeline.java:197)
	at java.base/java.util.stream.ReferencePipeline$2$1.accept(ReferencePipeline.java:179)
	at java.base/java.util.stream.ReferencePipeline$3$1.accept(ReferencePipeline.java:197)
	at java.base/java.util.Iterator.forEachRemaining(Iterator.java:133)
	at java.base/java.util.Spliterators$IteratorSpliterator.forEachRemaining(Spliterators.java:1845)
	at java.base/java.util.stream.AbstractPipeline.copyInto(AbstractPipeline.java:509)
	at java.base/java.util.stream.AbstractPipeline.wrapAndCopyInto(AbstractPipeline.java:499)
	at java.base/java.util.stream.ForEachOps$ForEachOp.evaluateSequential(ForEachOps.java:150)
	at java.base/java.util.stream.ForEachOps$ForEachOp$OfRef.evaluateSequential(ForEachOps.java:173)
	at java.base/java.util.stream.AbstractPipeline.evaluate(AbstractPipeline.java:234)
	at java.base/java.util.stream.ReferencePipeline.forEachOrdered(ReferencePipeline.java:601)
	at org.junit.jupiter.engine.descriptor.DynamicContainerTestDescriptor.execute(DynamicContainerTestDescriptor.java:67)
	at org.junit.jupiter.engine.descriptor.DynamicContainerTestDescriptor.execute(DynamicContainerTestDescriptor.java:33)
	at org.junit.platform.engine.support.hierarchical.NodeTestTask.lambda$executeRecursively$6(NodeTestTask.java:151)
	at org.junit.platform.engine.support.hierarchical.ThrowableCollector.execute(ThrowableCollector.java:73)
	at org.junit.platform.engine.support.hierarchical.NodeTestTask.lambda$executeRecursively$8(NodeTestTask.java:141)
	at org.junit.platform.engine.support.hierarchical.Node.around(Node.java:137)
	at org.junit.platform.engine.support.hierarchical.NodeTestTask.lambda$executeRecursively$9(NodeTestTask.java:139)
	at org.junit.platform.engine.support.hierarchical.ThrowableCollector.execute(ThrowableCollector.java:73)
	at org.junit.platform.engine.support.hierarchical.NodeTestTask.executeRecursively(NodeTestTask.java:138)
	at org.junit.platform.engine.support.hierarchical.NodeTestTask.execute(NodeTestTask.java:95)
	at org.junit.platform.engine.support.hierarchical.SameThreadHierarchicalTestExecutorService.submit(SameThreadHierarchicalTestExecutorService.java:35)
	at org.junit.platform.engine.support.hierarchical.NodeTestTask$DefaultDynamicTestExecutor.execute(NodeTestTask.java:226)
	at org.junit.platform.engine.support.hierarchical.NodeTestTask$DefaultDynamicTestExecutor.execute(NodeTestTask.java:204)
	at java.base/java.util.Optional.ifPresent(Optional.java:178)
	at org.junit.jupiter.engine.descriptor.TestFactoryTestDescriptor.lambda$invokeTestMethod$1(TestFactoryTestDescriptor.java:108)
	at org.junit.platform.engine.support.hierarchical.ThrowableCollector.execute(ThrowableCollector.java:73)
	at org.junit.jupiter.engine.descriptor.TestFactoryTestDescriptor.invokeTestMethod(TestFactoryTestDescriptor.java:95)
	at org.junit.jupiter.engine.descriptor.TestMethodTestDescriptor.execute(TestMethodTestDescriptor.java:138)
	at org.junit.jupiter.engine.descriptor.TestMethodTestDescriptor.execute(TestMethodTestDescriptor.java:68)
	at org.junit.platform.engine.support.hierarchical.NodeTestTask.lambda$executeRecursively$6(NodeTestTask.java:151)
	at org.junit.platform.engine.support.hierarchical.ThrowableCollector.execute(ThrowableCollector.java:73)
	at org.junit.platform.engine.support.hierarchical.NodeTestTask.lambda$executeRecursively$8(NodeTestTask.java:141)
	at org.junit.platform.engine.support.hierarchical.Node.around(Node.java:137)
	at org.junit.platform.engine.support.hierarchical.NodeTestTask.lambda$executeRecursively$9(NodeTestTask.java:139)
	at org.junit.platform.engine.support.hierarchical.ThrowableCollector.execute(ThrowableCollector.java:73)
	at org.junit.platform.engine.support.hierarchical.NodeTestTask.executeRecursively(NodeTestTask.java:138)
	at org.junit.platform.engine.support.hierarchical.NodeTestTask.execute(NodeTestTask.java:95)
	at java.base/java.util.ArrayList.forEach(ArrayList.java:1511)
	at org.junit.platform.engine.support.hierarchical.SameThreadHierarchicalTestExecutorService.invokeAll(SameThreadHierarchicalTestExecutorService.java:41)
	at org.junit.platform.engine.support.hierarchical.NodeTestTask.lambda$executeRecursively$6(NodeTestTask.java:155)
	at org.junit.platform.engine.support.hierarchical.ThrowableCollector.execute(ThrowableCollector.java:73)
	at org.junit.platform.engine.support.hierarchical.NodeTestTask.lambda$executeRecursively$8(NodeTestTask.java:141)
	at org.junit.platform.engine.support.hierarchical.Node.around(Node.java:137)
	at org.junit.platform.engine.support.hierarchical.NodeTestTask.lambda$executeRecursively$9(NodeTestTask.java:139)
	at org.junit.platform.engine.support.hierarchical.ThrowableCollector.execute(ThrowableCollector.java:73)
	at org.junit.platform.engine.support.hierarchical.NodeTestTask.executeRecursively(NodeTestTask.java:138)
	at org.junit.platform.engine.support.hierarchical.NodeTestTask.execute(NodeTestTask.java:95)
	at java.base/java.util.ArrayList.forEach(ArrayList.java:1511)
	at org.junit.platform.engine.support.hierarchical.SameThreadHierarchicalTestExecutorService.invokeAll(SameThreadHierarchicalTestExecutorService.java:41)
	at org.junit.platform.engine.support.hierarchical.NodeTestTask.lambda$executeRecursively$6(NodeTestTask.java:155)
	at org.junit.platform.engine.support.hierarchical.ThrowableCollector.execute(ThrowableCollector.java:73)
	at org.junit.platform.engine.support.hierarchical.NodeTestTask.lambda$executeRecursively$8(NodeTestTask.java:141)
	at org.junit.platform.engine.support.hierarchical.Node.around(Node.java:137)
	at org.junit.platform.engine.support.hierarchical.NodeTestTask.lambda$executeRecursively$9(NodeTestTask.java:139)
	at org.junit.platform.engine.support.hierarchical.ThrowableCollector.execute(ThrowableCollector.java:73)
	at org.junit.platform.engine.support.hierarchical.NodeTestTask.executeRecursively(NodeTestTask.java:138)
	at org.junit.platform.engine.support.hierarchical.NodeTestTask.execute(NodeTestTask.java:95)
	at org.junit.platform.engine.support.hierarchical.SameThreadHierarchicalTestExecutorService.submit(SameThreadHierarchicalTestExecutorService.java:35)
	at org.junit.platform.engine.support.hierarchical.HierarchicalTestExecutor.execute(HierarchicalTestExecutor.java:57)
	at org.junit.platform.engine.support.hierarchical.HierarchicalTestEngine.execute(HierarchicalTestEngine.java:54)
	at org.junit.platform.launcher.core.EngineExecutionOrchestrator.execute(EngineExecutionOrchestrator.java:147)
	at org.junit.platform.launcher.core.EngineExecutionOrchestrator.execute(EngineExecutionOrchestrator.java:127)
	at org.junit.platform.launcher.core.EngineExecutionOrchestrator.execute(EngineExecutionOrchestrator.java:90)
	at org.junit.platform.launcher.core.EngineExecutionOrchestrator.lambda$execute$0(EngineExecutionOrchestrator.java:55)
	at org.junit.platform.launcher.core.EngineExecutionOrchestrator.withInterceptedStreams(EngineExecutionOrchestrator.java:102)
	at org.junit.platform.launcher.core.EngineExecutionOrchestrator.execute(EngineExecutionOrchestrator.java:54)
	at org.junit.platform.launcher.core.DefaultLauncher.execute(DefaultLauncher.java:114)
	at org.junit.platform.launcher.core.DefaultLauncher.execute(DefaultLauncher.java:86)
	at org.junit.platform.launcher.core.DefaultLauncherSession$DelegatingLauncher.execute(DefaultLauncherSession.java:86)
	at org.apache.maven.surefire.junitplatform.LazyLauncher.execute(LazyLauncher.java:56)
	at org.apache.maven.surefire.junitplatform.JUnitPlatformProvider.execute(JUnitPlatformProvider.java:184)
	at org.apache.maven.surefire.junitplatform.JUnitPlatformProvider.invokeAllTests(JUnitPlatformProvider.java:148)
	at org.apache.maven.surefire.junitplatform.JUnitPlatformProvider.invoke(JUnitPlatformProvider.java:122)
	at org.apache.maven.surefire.booter.ForkedBooter.runSuitesInProcess(ForkedBooter.java:385)
	at org.apache.maven.surefire.booter.ForkedBooter.execute(ForkedBooter.java:162)
	at org.apache.maven.surefire.booter.ForkedBooter.run(ForkedBooter.java:507)
	at org.apache.maven.surefire.booter.ForkedBooter.main(ForkedBooter.java:495)
]]></failure>
    <system-out><![CDATA[14:15:00.081 [main] DEBUG com.intuit.karate - key store key count for classpath:certificado/clientcert.cbiblian.internal 1.pfx: 1
14:15:00.089 [main] DEBUG com.jayway.jsonpath.internal.path.CompiledPath - Evaluating path: $
14:15:00.089 [main] DEBUG com.jayway.jsonpath.internal.path.CompiledPath - Evaluating path: $['Authorization']
14:15:00.089 [main] DEBUG com.jayway.jsonpath.internal.path.CompiledPath - Evaluating path: $
14:15:00.089 [main] DEBUG com.jayway.jsonpath.internal.path.CompiledPath - Evaluating path: $
14:15:00.089 [main] DEBUG com.jayway.jsonpath.internal.JsonContext - Put path $ key Authorization value {}
14:15:00.089 [main] DEBUG com.jayway.jsonpath.internal.path.CompiledPath - Evaluating path: $
14:15:00.089 [main] DEBUG com.jayway.jsonpath.internal.JsonContext - Put path $ key Authorization value Bearer eyJhbGciOiJSUzI1NiIsInR5cCIgOiAiSldUIiwia2lkIiA6ICI2dUJWTkN6VlViUFBlTFdReEM0WDAyYVM3UnM2UGRYV1dja1dfc0xZMHlFIn0.eyJleHAiOjE3NjExNjA3NTAsImlhdCI6MTc2MTE2MDQ1MCwianRpIjoidHJydGNjOjQ5Yjg0NDVjLTgzYTAtMjI4Ni02NDczLWE2ZGEzOTBhOWQ0YSIsImlzcyI6Imh0dHBzOi8vYXV0ZW50aWNhY2lvbnFhLmNvb25lY3RhLmNvbS5lYy9hdXRoL3JlYWxtcy9QQU5BUEFZIiwiYXVkIjoiYWNjb3VudCIsInN1YiI6Ijk5OGMyZmUwLTJjOGYtNGQwNC1iZjExLWY1OWExZTM5ODg3MyIsInR5cCI6IkJlYXJlciIsImF6cCI6IjAyMDVjYiIsImFjciI6IjEiLCJhbGxvd2VkLW9yaWdpbnMiOlsiLyoiXSwicmVhbG1fYWNjZXNzIjp7InJvbGVzIjpbImRlZmF1bHQtcm9sZXMtYWRtaW5wYW5hcGF5Iiwib2ZmbGluZV9hY2Nlc3MiLCJ1bWFfYXV0aG9yaXphdGlvbiJdfSwicmVzb3VyY2VfYWNjZXNzIjp7IjAyMDVjYiI6eyJyb2xlcyI6WyJ1bWFfcHJvdGVjdGlvbiJdfSwiYWNjb3VudCI6eyJyb2xlcyI6WyJtYW5hZ2UtYWNjb3VudCIsIm1hbmFnZS1hY2NvdW50LWxpbmtzIiwidmlldy1wcm9maWxlIl19fSwic2NvcGUiOiJwcm9maWxlIGVtYWlsIiwiZW1haWxfdmVyaWZpZWQiOmZhbHNlLCJjbGllbnRIb3N0IjoiMTAuMTAuMTAuMTUxIiwicHJlZmVycmVkX3VzZXJuYW1lIjoic2VydmljZS1hY2NvdW50LTAyMDVjYiIsImNsaWVudEFkZHJlc3MiOiIxMC4xMC4xMC4xNTEiLCJjbGllbnRfaWQiOiIwMjA1Y2IifQ.bATUogohrEqy7Voa4mFnsBzOnGy6tnjZGh_lOYRn-0hWXMY_fz-280nTu2Vv68eO3HeoewtWlt45S_iLI2-ml3pqpAlt3DXWVmLvVHw6d7TICHBfQsa0jGXMexKnyar7EinrVhF3deSK25Ap_ajC_82EvVvXrVG-7p9F1dEdq39y2R72JympejF5uhY_z_jNmqJSsnLEZVOo3WMJn76u9tTcYVIldC5uWGFWbPGEhvWPx4ZGpsuq_wrPOGdRmyJDFJPJl7LnLGHK0DBhuVtJUq_NFQkMus2fTTf_mWhRnoqNU-wUCS-fxMs6QusGzIVd-C3O29J3rerHTrGg21LAsQ
14:15:00.091 [main] DEBUG com.jayway.jsonpath.internal.path.CompiledPath - Evaluating path: $
14:15:00.091 [main] INFO com.intuit.karate - Asegurar que el parametro de limite diario haya sido actualizado antes de ejecutar este escenario. 
14:15:00.097 [main] DEBUG com.jayway.jsonpath.internal.path.CompiledPath - Evaluating path: $
14:15:00.105 [main] DEBUG org.apache.http.client.protocol.RequestAddCookies - CookieSpec selected: karate
14:15:00.105 [main] DEBUG org.apache.http.client.protocol.RequestAuthCache - Auth cache not set in the context
14:15:00.105 [main] DEBUG com.intuit.karate - request:
1 > POST https://apipanapayqa.coonecta.com.ec/api/switchcentral/finan/transferencia
1 > Content-Type: application/json; charset=UTF-8
1 > Authorization: Bearer eyJhbGciOiJSUzI1NiIsInR5cCIgOiAiSldUIiwia2lkIiA6ICI2dUJWTkN6VlViUFBlTFdReEM0WDAyYVM3UnM2UGRYV1dja1dfc0xZMHlFIn0.eyJleHAiOjE3NjExNjA3NTAsImlhdCI6MTc2MTE2MDQ1MCwianRpIjoidHJydGNjOjQ5Yjg0NDVjLTgzYTAtMjI4Ni02NDczLWE2ZGEzOTBhOWQ0YSIsImlzcyI6Imh0dHBzOi8vYXV0ZW50aWNhY2lvbnFhLmNvb25lY3RhLmNvbS5lYy9hdXRoL3JlYWxtcy9QQU5BUEFZIiwiYXVkIjoiYWNjb3VudCIsInN1YiI6Ijk5OGMyZmUwLTJjOGYtNGQwNC1iZjExLWY1OWExZTM5ODg3MyIsInR5cCI6IkJlYXJlciIsImF6cCI6IjAyMDVjYiIsImFjciI6IjEiLCJhbGxvd2VkLW9yaWdpbnMiOlsiLyoiXSwicmVhbG1fYWNjZXNzIjp7InJvbGVzIjpbImRlZmF1bHQtcm9sZXMtYWRtaW5wYW5hcGF5Iiwib2ZmbGluZV9hY2Nlc3MiLCJ1bWFfYXV0aG9yaXphdGlvbiJdfSwicmVzb3VyY2VfYWNjZXNzIjp7IjAyMDVjYiI6eyJyb2xlcyI6WyJ1bWFfcHJvdGVjdGlvbiJdfSwiYWNjb3VudCI6eyJyb2xlcyI6WyJtYW5hZ2UtYWNjb3VudCIsIm1hbmFnZS1hY2NvdW50LWxpbmtzIiwidmlldy1wcm9maWxlIl19fSwic2NvcGUiOiJwcm9maWxlIGVtYWlsIiwiZW1haWxfdmVyaWZpZWQiOmZhbHNlLCJjbGllbnRIb3N0IjoiMTAuMTAuMTAuMTUxIiwicHJlZmVycmVkX3VzZXJuYW1lIjoic2VydmljZS1hY2NvdW50LTAyMDVjYiIsImNsaWVudEFkZHJlc3MiOiIxMC4xMC4xMC4xNTEiLCJjbGllbnRfaWQiOiIwMjA1Y2IifQ.bATUogohrEqy7Voa4mFnsBzOnGy6tnjZGh_lOYRn-0hWXMY_fz-280nTu2Vv68eO3HeoewtWlt45S_iLI2-ml3pqpAlt3DXWVmLvVHw6d7TICHBfQsa0jGXMexKnyar7EinrVhF3deSK25Ap_ajC_82EvVvXrVG-7p9F1dEdq39y2R72JympejF5uhY_z_jNmqJSsnLEZVOo3WMJn76u9tTcYVIldC5uWGFWbPGEhvWPx4ZGpsuq_wrPOGdRmyJDFJPJl7LnLGHK0DBhuVtJUq_NFQkMus2fTTf_mWhRnoqNU-wUCS-fxMs6QusGzIVd-C3O29J3rerHTrGg21LAsQ
1 > Content-Length: 514
1 > Host: apipanapayqa.coonecta.com.ec
1 > Connection: Keep-Alive
1 > User-Agent: Apache-HttpClient/4.5.14 (Java/17.0.12)
1 > Accept-Encoding: gzip,deflate
{"GrpHdr":{"msgId":"02052025102296620949532","creDtTm":"2025-10-22T14:15:00","nbOfTxs":1,"sttlmInf":{"sttlmMtd":"INGA"},"instgAgt":{"finInstnId":"0205"},"InstdAgt":{"FinInstnId":"0205"},"Mge":{"Type":"acmt.998.321.01"},"ChnlId":"APP"},"CdtTrfTxInf":{"PmtId":{"EndToEndId":"02052025102241597"},"IntrBkSttlmAmt":{"Amt":3000.0,"Ccy":"USD"},"DbtrAcctId":{"IBAN":"EC5002051000000000020501052673"},"CdtrAcctId":{"IBAN":"EC0402051000000000020101002318"},"Prtry":{"CustRef":"QA22","ChanRef":"TERM001","AgtRef":"AGT0002"}}}

14:15:00.105 [main] DEBUG org.apache.http.impl.conn.PoolingHttpClientConnectionManager - Connection request: [route: {s}->https://apipanapayqa.coonecta.com.ec:443][total available: 0; route allocated: 0 of 5; total allocated: 0 of 10]
14:15:00.105 [main] DEBUG org.apache.http.impl.conn.PoolingHttpClientConnectionManager - Connection leased: [id: 16][route: {s}->https://apipanapayqa.coonecta.com.ec:443][total available: 0; route allocated: 1 of 5; total allocated: 1 of 10]
14:15:00.105 [main] DEBUG org.apache.http.impl.execchain.MainClientExec - Opening connection {s}->https://apipanapayqa.coonecta.com.ec:443
14:15:00.105 [main] DEBUG org.apache.http.impl.conn.DefaultHttpClientConnectionOperator - Connecting to apipanapayqa.coonecta.com.ec/10.1.0.133:443
14:15:00.108 [main] DEBUG org.apache.http.conn.ssl.SSLConnectionSocketFactory - Connecting socket to apipanapayqa.coonecta.com.ec/10.1.0.133:443 with timeout 30000
14:15:00.199 [main] DEBUG org.apache.http.conn.ssl.SSLConnectionSocketFactory - Enabled protocols: [TLSv1.3, TLSv1.2]
14:15:00.199 [main] DEBUG org.apache.http.conn.ssl.SSLConnectionSocketFactory - Enabled cipher suites:[TLS_AES_256_GCM_SHA384, TLS_AES_128_GCM_SHA256, TLS_CHACHA20_POLY1305_SHA256, TLS_ECDHE_ECDSA_WITH_AES_256_GCM_SHA384, TLS_ECDHE_ECDSA_WITH_AES_128_GCM_SHA256, TLS_ECDHE_ECDSA_WITH_CHACHA20_POLY1305_SHA256, TLS_ECDHE_RSA_WITH_AES_256_GCM_SHA384, TLS_ECDHE_RSA_WITH_CHACHA20_POLY1305_SHA256, TLS_ECDHE_RSA_WITH_AES_128_GCM_SHA256, TLS_DHE_RSA_WITH_AES_256_GCM_SHA384, TLS_DHE_RSA_WITH_CHACHA20_POLY1305_SHA256, TLS_DHE_DSS_WITH_AES_256_GCM_SHA384, TLS_DHE_RSA_WITH_AES_128_GCM_SHA256, TLS_DHE_DSS_WITH_AES_128_GCM_SHA256, TLS_ECDHE_ECDSA_WITH_AES_256_CBC_SHA384, TLS_ECDHE_RSA_WITH_AES_256_CBC_SHA384, TLS_ECDHE_ECDSA_WITH_AES_128_CBC_SHA256, TLS_ECDHE_RSA_WITH_AES_128_CBC_SHA256, TLS_DHE_RSA_WITH_AES_256_CBC_SHA256, TLS_DHE_DSS_WITH_AES_256_CBC_SHA256, TLS_DHE_RSA_WITH_AES_128_CBC_SHA256, TLS_DHE_DSS_WITH_AES_128_CBC_SHA256, TLS_ECDH_ECDSA_WITH_AES_256_GCM_SHA384, TLS_ECDH_RSA_WITH_AES_256_GCM_SHA384, TLS_ECDH_ECDSA_WITH_AES_128_GCM_SHA256, TLS_ECDH_RSA_WITH_AES_128_GCM_SHA256, TLS_ECDH_ECDSA_WITH_AES_256_CBC_SHA384, TLS_ECDH_RSA_WITH_AES_256_CBC_SHA384, TLS_ECDH_ECDSA_WITH_AES_128_CBC_SHA256, TLS_ECDH_RSA_WITH_AES_128_CBC_SHA256, TLS_ECDHE_ECDSA_WITH_AES_256_CBC_SHA, TLS_ECDHE_RSA_WITH_AES_256_CBC_SHA, TLS_ECDHE_ECDSA_WITH_AES_128_CBC_SHA, TLS_ECDHE_RSA_WITH_AES_128_CBC_SHA, TLS_DHE_RSA_WITH_AES_256_CBC_SHA, TLS_DHE_DSS_WITH_AES_256_CBC_SHA, TLS_DHE_RSA_WITH_AES_128_CBC_SHA, TLS_DHE_DSS_WITH_AES_128_CBC_SHA, TLS_ECDH_ECDSA_WITH_AES_256_CBC_SHA, TLS_ECDH_RSA_WITH_AES_256_CBC_SHA, TLS_ECDH_ECDSA_WITH_AES_128_CBC_SHA, TLS_ECDH_RSA_WITH_AES_128_CBC_SHA, TLS_RSA_WITH_AES_256_GCM_SHA384, TLS_RSA_WITH_AES_128_GCM_SHA256, TLS_RSA_WITH_AES_256_CBC_SHA256, TLS_RSA_WITH_AES_128_CBC_SHA256, TLS_RSA_WITH_AES_256_CBC_SHA, TLS_RSA_WITH_AES_128_CBC_SHA, TLS_EMPTY_RENEGOTIATION_INFO_SCSV]
14:15:00.199 [main] DEBUG org.apache.http.conn.ssl.SSLConnectionSocketFactory - Starting handshake
14:15:00.392 [main] DEBUG org.apache.http.conn.ssl.SSLConnectionSocketFactory - Secure session established
14:15:00.392 [main] DEBUG org.apache.http.conn.ssl.SSLConnectionSocketFactory -  negotiated protocol: TLSv1.3
14:15:00.392 [main] DEBUG org.apache.http.conn.ssl.SSLConnectionSocketFactory -  negotiated cipher suite: TLS_AES_256_GCM_SHA384
14:15:00.392 [main] DEBUG org.apache.http.conn.ssl.SSLConnectionSocketFactory -  peer principal: CN=apipanapayqa.coonecta.com.ec, O=Red Transaccional Cooperativa S.A. RTC, L=Quito, ST=Pichincha, C=EC
14:15:00.392 [main] DEBUG org.apache.http.conn.ssl.SSLConnectionSocketFactory -  peer alternative names: [apipanapayqa.coonecta.com.ec]
14:15:00.392 [main] DEBUG org.apache.http.conn.ssl.SSLConnectionSocketFactory -  issuer principal: CN=DigiCert Global G2 TLS RSA SHA256 2020 CA1, O=DigiCert Inc, C=US
14:15:00.392 [main] DEBUG org.apache.http.impl.conn.DefaultHttpClientConnectionOperator - Connection established 10.10.10.151:49812<->10.1.0.133:443
14:15:00.392 [main] DEBUG org.apache.http.impl.conn.DefaultManagedHttpClientConnection - http-outgoing-16: set socket timeout to 30000
14:15:00.392 [main] DEBUG org.apache.http.impl.execchain.MainClientExec - Executing request POST /api/switchcentral/finan/transferencia HTTP/1.1
14:15:00.392 [main] DEBUG org.apache.http.impl.execchain.MainClientExec - Proxy auth state: UNCHALLENGED
14:15:00.392 [main] DEBUG org.apache.http.headers - http-outgoing-16 >> POST /api/switchcentral/finan/transferencia HTTP/1.1
14:15:00.392 [main] DEBUG org.apache.http.headers - http-outgoing-16 >> Content-Type: application/json; charset=UTF-8
14:15:00.392 [main] DEBUG org.apache.http.headers - http-outgoing-16 >> Authorization: Bearer eyJhbGciOiJSUzI1NiIsInR5cCIgOiAiSldUIiwia2lkIiA6ICI2dUJWTkN6VlViUFBlTFdReEM0WDAyYVM3UnM2UGRYV1dja1dfc0xZMHlFIn0.eyJleHAiOjE3NjExNjA3NTAsImlhdCI6MTc2MTE2MDQ1MCwianRpIjoidHJydGNjOjQ5Yjg0NDVjLTgzYTAtMjI4Ni02NDczLWE2ZGEzOTBhOWQ0YSIsImlzcyI6Imh0dHBzOi8vYXV0ZW50aWNhY2lvbnFhLmNvb25lY3RhLmNvbS5lYy9hdXRoL3JlYWxtcy9QQU5BUEFZIiwiYXVkIjoiYWNjb3VudCIsInN1YiI6Ijk5OGMyZmUwLTJjOGYtNGQwNC1iZjExLWY1OWExZTM5ODg3MyIsInR5cCI6IkJlYXJlciIsImF6cCI6IjAyMDVjYiIsImFjciI6IjEiLCJhbGxvd2VkLW9yaWdpbnMiOlsiLyoiXSwicmVhbG1fYWNjZXNzIjp7InJvbGVzIjpbImRlZmF1bHQtcm9sZXMtYWRtaW5wYW5hcGF5Iiwib2ZmbGluZV9hY2Nlc3MiLCJ1bWFfYXV0aG9yaXphdGlvbiJdfSwicmVzb3VyY2VfYWNjZXNzIjp7IjAyMDVjYiI6eyJyb2xlcyI6WyJ1bWFfcHJvdGVjdGlvbiJdfSwiYWNjb3VudCI6eyJyb2xlcyI6WyJtYW5hZ2UtYWNjb3VudCIsIm1hbmFnZS1hY2NvdW50LWxpbmtzIiwidmlldy1wcm9maWxlIl19fSwic2NvcGUiOiJwcm9maWxlIGVtYWlsIiwiZW1haWxfdmVyaWZpZWQiOmZhbHNlLCJjbGllbnRIb3N0IjoiMTAuMTAuMTAuMTUxIiwicHJlZmVycmVkX3VzZXJuYW1lIjoic2VydmljZS1hY2NvdW50LTAyMDVjYiIsImNsaWVudEFkZHJlc3MiOiIxMC4xMC4xMC4xNTEiLCJjbGllbnRfaWQiOiIwMjA1Y2IifQ.bATUogohrEqy7Voa4mFnsBzOnGy6tnjZGh_lOYRn-0hWXMY_fz-280nTu2Vv68eO3HeoewtWlt45S_iLI2-ml3pqpAlt3DXWVmLvVHw6d7TICHBfQsa0jGXMexKnyar7EinrVhF3deSK25Ap_ajC_82EvVvXrVG-7p9F1dEdq39y2R72JympejF5uhY_z_jNmqJSsnLEZVOo3WMJn76u9tTcYVIldC5uWGFWbPGEhvWPx4ZGpsuq_wrPOGdRmyJDFJPJl7LnLGHK0DBhuVtJUq_NFQkMus2fTTf_mWhRnoqNU-wUCS-fxMs6QusGzIVd-C3O29J3rerHTrGg21LAsQ
14:15:00.392 [main] DEBUG org.apache.http.headers - http-outgoing-16 >> Content-Length: 514
14:15:00.392 [main] DEBUG org.apache.http.headers - http-outgoing-16 >> Host: apipanapayqa.coonecta.com.ec
14:15:00.392 [main] DEBUG org.apache.http.headers - http-outgoing-16 >> Connection: Keep-Alive
14:15:00.392 [main] DEBUG org.apache.http.headers - http-outgoing-16 >> User-Agent: Apache-HttpClient/4.5.14 (Java/17.0.12)
14:15:00.392 [main] DEBUG org.apache.http.headers - http-outgoing-16 >> Accept-Encoding: gzip,deflate
14:15:00.394 [main] DEBUG org.apache.http.wire - http-outgoing-16 >> "POST /api/switchcentral/finan/transferencia HTTP/1.1[\r][\n]"
14:15:00.394 [main] DEBUG org.apache.http.wire - http-outgoing-16 >> "Content-Type: application/json; charset=UTF-8[\r][\n]"
14:15:00.394 [main] DEBUG org.apache.http.wire - http-outgoing-16 >> "Authorization: Bearer eyJhbGciOiJSUzI1NiIsInR5cCIgOiAiSldUIiwia2lkIiA6ICI2dUJWTkN6VlViUFBlTFdReEM0WDAyYVM3UnM2UGRYV1dja1dfc0xZMHlFIn0.eyJleHAiOjE3NjExNjA3NTAsImlhdCI6MTc2MTE2MDQ1MCwianRpIjoidHJydGNjOjQ5Yjg0NDVjLTgzYTAtMjI4Ni02NDczLWE2ZGEzOTBhOWQ0YSIsImlzcyI6Imh0dHBzOi8vYXV0ZW50aWNhY2lvbnFhLmNvb25lY3RhLmNvbS5lYy9hdXRoL3JlYWxtcy9QQU5BUEFZIiwiYXVkIjoiYWNjb3VudCIsInN1YiI6Ijk5OGMyZmUwLTJjOGYtNGQwNC1iZjExLWY1OWExZTM5ODg3MyIsInR5cCI6IkJlYXJlciIsImF6cCI6IjAyMDVjYiIsImFjciI6IjEiLCJhbGxvd2VkLW9yaWdpbnMiOlsiLyoiXSwicmVhbG1fYWNjZXNzIjp7InJvbGVzIjpbImRlZmF1bHQtcm9sZXMtYWRtaW5wYW5hcGF5Iiwib2ZmbGluZV9hY2Nlc3MiLCJ1bWFfYXV0aG9yaXphdGlvbiJdfSwicmVzb3VyY2VfYWNjZXNzIjp7IjAyMDVjYiI6eyJyb2xlcyI6WyJ1bWFfcHJvdGVjdGlvbiJdfSwiYWNjb3VudCI6eyJyb2xlcyI6WyJtYW5hZ2UtYWNjb3VudCIsIm1hbmFnZS1hY2NvdW50LWxpbmtzIiwidmlldy1wcm9maWxlIl19fSwic2NvcGUiOiJwcm9maWxlIGVtYWlsIiwiZW1haWxfdmVyaWZpZWQiOmZhbHNlLCJjbGllbnRIb3N0IjoiMTAuMTAuMTAuMTUxIiwicHJlZmVycmVkX3VzZXJuYW1lIjoic2VydmljZS1hY2NvdW50LTAyMDVjYiIsImNsaWVudEFkZHJlc3MiOiIxMC4xMC4xMC4xNTEiLCJjbGllbnRfaWQiOiIwMjA1Y2IifQ.bATUogohrEqy7Voa4mFnsBzOnGy6tnjZGh_lOYRn-0hWXMY_fz-280nTu2Vv68eO3HeoewtWlt45S_iLI2-ml3pqpAlt3DXWVmLvVHw6d7TICHBfQsa0jGXMexKnyar7EinrVhF3deSK25Ap_ajC_82EvVvXrVG-7p9F1dEdq39y2R72JympejF5uhY_z_jNmqJSsnLEZVOo3WMJn76u9tTcYVIldC5uWGFWbPGEhvWPx4ZGpsuq_wrPOGdRmyJDFJPJl7LnLGHK0DBhuVtJUq_NFQkMus2fTTf_mWhRnoqNU-wUCS-fxMs6QusGzIVd-C3O29J3rerHTrGg21LAsQ[\r][\n]"
14:15:00.394 [main] DEBUG org.apache.http.wire - http-outgoing-16 >> "Content-Length: 514[\r][\n]"
14:15:00.394 [main] DEBUG org.apache.http.wire - http-outgoing-16 >> "Host: apipanapayqa.coonecta.com.ec[\r][\n]"
14:15:00.394 [main] DEBUG org.apache.http.wire - http-outgoing-16 >> "Connection: Keep-Alive[\r][\n]"
14:15:00.394 [main] DEBUG org.apache.http.wire - http-outgoing-16 >> "User-Agent: Apache-HttpClient/4.5.14 (Java/17.0.12)[\r][\n]"
14:15:00.394 [main] DEBUG org.apache.http.wire - http-outgoing-16 >> "Accept-Encoding: gzip,deflate[\r][\n]"
14:15:00.394 [main] DEBUG org.apache.http.wire - http-outgoing-16 >> "[\r][\n]"
14:15:00.394 [main] DEBUG org.apache.http.wire - http-outgoing-16 >> "{"GrpHdr":{"msgId":"02052025102296620949532","creDtTm":"2025-10-22T14:15:00","nbOfTxs":1,"sttlmInf":{"sttlmMtd":"INGA"},"instgAgt":{"finInstnId":"0205"},"InstdAgt":{"FinInstnId":"0205"},"Mge":{"Type":"acmt.998.321.01"},"ChnlId":"APP"},"CdtTrfTxInf":{"PmtId":{"EndToEndId":"02052025102241597"},"IntrBkSttlmAmt":{"Amt":3000.0,"Ccy":"USD"},"DbtrAcctId":{"IBAN":"EC5002051000000000020501052673"},"CdtrAcctId":{"IBAN":"EC0402051000000000020101002318"},"Prtry":{"CustRef":"QA22","ChanRef":"TERM001","AgtRef":"AGT0002"}}}"
14:15:02.536 [main] DEBUG org.apache.http.wire - http-outgoing-16 << "HTTP/1.1 400 Bad Request[\r][\n]"
14:15:02.536 [main] DEBUG org.apache.http.wire - http-outgoing-16 << "Date: Wed, 22 Oct 2025 19:14:54 GMT[\r][\n]"
14:15:02.536 [main] DEBUG org.apache.http.wire - http-outgoing-16 << "Content-Type: application/json; charset=utf-8[\r][\n]"
14:15:02.536 [main] DEBUG org.apache.http.wire - http-outgoing-16 << "Transfer-Encoding: chunked[\r][\n]"
14:15:02.536 [main] DEBUG org.apache.http.wire - http-outgoing-16 << "Connection: keep-alive[\r][\n]"
14:15:02.536 [main] DEBUG org.apache.http.wire - http-outgoing-16 << "Server: Kestrel[\r][\n]"
14:15:02.536 [main] DEBUG org.apache.http.wire - http-outgoing-16 << "Set-Cookie: ARRAffinity=135f536e0d078a815c3b83fda3468ab8a3a2abc604a35eefb28648d3961cfa9b;Path=/;HttpOnly;Secure;Domain=app-apipanapay-qa.azurewebsites.net[\r][\n]"
14:15:02.536 [main] DEBUG org.apache.http.wire - http-outgoing-16 << "Set-Cookie: ARRAffinitySameSite=135f536e0d078a815c3b83fda3468ab8a3a2abc604a35eefb28648d3961cfa9b;Path=/;HttpOnly;SameSite=None;Secure;Domain=app-apipanapay-qa.azurewebsites.net[\r][\n]"
14:15:02.536 [main] DEBUG org.apache.http.wire - http-outgoing-16 << "Request-Context: appId=cid-v1:a7a77847-2713-450f-9030-b350a2d54a28[\r][\n]"
14:15:02.536 [main] DEBUG org.apache.http.wire - http-outgoing-16 << "X-Powered-By: ASP.NET[\r][\n]"
14:15:02.536 [main] DEBUG org.apache.http.wire - http-outgoing-16 << "X-ARR-ClientCert: -----BEGIN%20CERTIFICATE-----%0AMIIEHDCCAgSgAwIBAgIUZIZBO0fb7VZ4KXrs01S4RYbWyJ8wDQYJKoZIhvcNAQEL%0ABQAwJTEjMCEGA1UEAwwacm9vdGNlcnQuY2JpYmxpYW4uaW50ZXJuYWwwHhcNMjUw%0AODEzMTMyNTU5WhcNMjgwODEyMTMyNTU5WjAnMSUwIwYDVQQDDBxjbGllbnRjZXJ0%0ALmNiaWJsaWFuLmludGVybmFsMIIBIjANBgkqhkiG9w0BAQEFAAOCAQ8AMIIBCgKC%0AAQEAskUDap6NmyYq8RT6F7z3DpZGQiflNQTvUT84TmxsKXEBRAkgINnkJqgKkd7f%0ASEybzqglQTbr4s41lCiPsy3X66qYjU2L%2Bojhni%2BOCVOX7n3JBYovL%2FqfMP3%2FkhZP%0AQIlK%2FQWPcrnl39fYkGOQv%2BYqoCGEPzGkib2m1Ma5Q1HOCKh1ErMjqTLGy%2ByJj6JY%0AiZvMx3YrJSvjUS0uKpNwxPtGyiexRfKsmR%2FHqPzRHa0iY%2B752KSgUedwJPv1Wod%2B%0AY9BMAMIdU25UtkUEsaOYtorGWDaZSn2Bl0LYmP87kjcYypnHx0jtPtUCXfVHrE6u%0AZnDRFYsZbeXylY3mJkyOL2DzZwIDAQABo0IwQDAdBgNVHQ4EFgQURPhJwTAcUWUp%0ArOqQO68P%2FbJoqjMwHwYDVR0jBBgwFoAU7GdlxoSeEXucEXhjadHRC9xzS0UwDQYJ%0AKoZIhvcNAQELBQADggIBAGTnlyF2n%2F6s9phYbO8V17niO0BXB62ToX6gPhcw9f3y%0AhMui6RnrM1oiHlBWqZquCqYJ5ETvYJE1RqvoqtGysxCnIj0OTJHV4WtF3SHsd1Tu%0ATg%2B%2FUnGivtBTDQxj9sbAtCaSYRBqPByP8jvSTDgXR1mgOrEGjr2PZdZSoKLj4OHi%0A9UCMJw7pJsyA4lbroKshQTYv5Ks5SqtJpdp0%2BUX0UUlbPJqXiadfbKdoXvEgcwbP%0ACqR9v7kGYmNxfaGLNGVrV%2BnLawIDmdYXJE%2F4WJh6sHfiZxEsE%2BB4PoKADrb1Eapt%0AnSdHUgRfc0i5f2lcmErnU8nCMO5TWdHFOgpYwTS8w17FhNFZpaSmyZKM7uHcUs7y%0AUbuiQtdXocfSSMf%2FeycBEU%2FHAVIWQEqY%2BbJdC0q%2FR%2BsESeBtXd4IEIxR0QfgscGk%0AJyCSFC8z%2FvCgrRsH5rePqKO7%2FLAsDTP4GIQNFNfF4Wh6bsPXuJmvvoMcnmy%2F58Wo%0AE0XaG8UPHVAeyEmhncdM32E7SJbR91aRr2CkV23OoUz%2BwKG2%2FuObHmAkuMkCbbcz%0AJQoC7DZg5FGw%2BZR7v1DIBct5QNJQ8bG%2FXGRxjWC6dU7jrGhOF1X%2B2YYcdx9XnwyM%0A9YPxUy5bVfMhIiKP2wEso5fjOZ4RTvnB5R6zD3maJK%2FtZAXVhtyqXSkBYFi4MvEs%0A-----END%20CERTIFICATE-----%0A[\r][\n]"
14:15:02.536 [main] DEBUG org.apache.http.wire - http-outgoing-16 << "[\r][\n]"
14:15:02.536 [main] DEBUG org.apache.http.wire - http-outgoing-16 << "1e2[\r][\n]"
14:15:02.536 [main] DEBUG org.apache.http.wire - http-outgoing-16 << "{"GrpHdr":{"MsgId":"000020251022020369","CreDtTm":"2025-10-22T14:14:53","NbOfTxs":1,"SttlmInf":{"SttlmMtd":"INGA"},"InstgAgt":{"FinInstnId":"0205"},"InstdAgt":{"FinInstnId":"0205"},"Mge":{"Type":"acmt.998.322.001"},"ChnlId":"APP"},"CdtTrfTxInf":{"OrgnGrpInf":{"OrgnlMsgId":"02052025102296620949532","OrgnlMgeType":"acmt.998.321.01","OrgnlCreDtTm":"2025-10-22T14:15:00"},"TxSts":"ERR","Rsn":{"RsnCd":"AM02","AddtlInf":"El monto excede el m[0xc3][0xa1]ximo permitido."},"SttlmDt":"2025-10-22"}}[\r][\n]"
14:15:02.536 [main] DEBUG org.apache.http.wire - http-outgoing-16 << "0[\r][\n]"
14:15:02.536 [main] DEBUG org.apache.http.wire - http-outgoing-16 << "[\r][\n]"
14:15:02.536 [main] DEBUG org.apache.http.headers - http-outgoing-16 << HTTP/1.1 400 Bad Request
14:15:02.536 [main] DEBUG org.apache.http.headers - http-outgoing-16 << Date: Wed, 22 Oct 2025 19:14:54 GMT
14:15:02.536 [main] DEBUG org.apache.http.headers - http-outgoing-16 << Content-Type: application/json; charset=utf-8
14:15:02.536 [main] DEBUG org.apache.http.headers - http-outgoing-16 << Transfer-Encoding: chunked
14:15:02.536 [main] DEBUG org.apache.http.headers - http-outgoing-16 << Connection: keep-alive
14:15:02.536 [main] DEBUG org.apache.http.headers - http-outgoing-16 << Server: Kestrel
14:15:02.536 [main] DEBUG org.apache.http.headers - http-outgoing-16 << Set-Cookie: ARRAffinity=135f536e0d078a815c3b83fda3468ab8a3a2abc604a35eefb28648d3961cfa9b;Path=/;HttpOnly;Secure;Domain=app-apipanapay-qa.azurewebsites.net
14:15:02.536 [main] DEBUG org.apache.http.headers - http-outgoing-16 << Set-Cookie: ARRAffinitySameSite=135f536e0d078a815c3b83fda3468ab8a3a2abc604a35eefb28648d3961cfa9b;Path=/;HttpOnly;SameSite=None;Secure;Domain=app-apipanapay-qa.azurewebsites.net
14:15:02.536 [main] DEBUG org.apache.http.headers - http-outgoing-16 << Request-Context: appId=cid-v1:a7a77847-2713-450f-9030-b350a2d54a28
14:15:02.536 [main] DEBUG org.apache.http.headers - http-outgoing-16 << X-Powered-By: ASP.NET
14:15:02.536 [main] DEBUG org.apache.http.headers - http-outgoing-16 << X-ARR-ClientCert: -----BEGIN%20CERTIFICATE-----%0AMIIEHDCCAgSgAwIBAgIUZIZBO0fb7VZ4KXrs01S4RYbWyJ8wDQYJKoZIhvcNAQEL%0ABQAwJTEjMCEGA1UEAwwacm9vdGNlcnQuY2JpYmxpYW4uaW50ZXJuYWwwHhcNMjUw%0AODEzMTMyNTU5WhcNMjgwODEyMTMyNTU5WjAnMSUwIwYDVQQDDBxjbGllbnRjZXJ0%0ALmNiaWJsaWFuLmludGVybmFsMIIBIjANBgkqhkiG9w0BAQEFAAOCAQ8AMIIBCgKC%0AAQEAskUDap6NmyYq8RT6F7z3DpZGQiflNQTvUT84TmxsKXEBRAkgINnkJqgKkd7f%0ASEybzqglQTbr4s41lCiPsy3X66qYjU2L%2Bojhni%2BOCVOX7n3JBYovL%2FqfMP3%2FkhZP%0AQIlK%2FQWPcrnl39fYkGOQv%2BYqoCGEPzGkib2m1Ma5Q1HOCKh1ErMjqTLGy%2ByJj6JY%0AiZvMx3YrJSvjUS0uKpNwxPtGyiexRfKsmR%2FHqPzRHa0iY%2B752KSgUedwJPv1Wod%2B%0AY9BMAMIdU25UtkUEsaOYtorGWDaZSn2Bl0LYmP87kjcYypnHx0jtPtUCXfVHrE6u%0AZnDRFYsZbeXylY3mJkyOL2DzZwIDAQABo0IwQDAdBgNVHQ4EFgQURPhJwTAcUWUp%0ArOqQO68P%2FbJoqjMwHwYDVR0jBBgwFoAU7GdlxoSeEXucEXhjadHRC9xzS0UwDQYJ%0AKoZIhvcNAQELBQADggIBAGTnlyF2n%2F6s9phYbO8V17niO0BXB62ToX6gPhcw9f3y%0AhMui6RnrM1oiHlBWqZquCqYJ5ETvYJE1RqvoqtGysxCnIj0OTJHV4WtF3SHsd1Tu%0ATg%2B%2FUnGivtBTDQxj9sbAtCaSYRBqPByP8jvSTDgXR1mgOrEGjr2PZdZSoKLj4OHi%0A9UCMJw7pJsyA4lbroKshQTYv5Ks5SqtJpdp0%2BUX0UUlbPJqXiadfbKdoXvEgcwbP%0ACqR9v7kGYmNxfaGLNGVrV%2BnLawIDmdYXJE%2F4WJh6sHfiZxEsE%2BB4PoKADrb1Eapt%0AnSdHUgRfc0i5f2lcmErnU8nCMO5TWdHFOgpYwTS8w17FhNFZpaSmyZKM7uHcUs7y%0AUbuiQtdXocfSSMf%2FeycBEU%2FHAVIWQEqY%2BbJdC0q%2FR%2BsESeBtXd4IEIxR0QfgscGk%0AJyCSFC8z%2FvCgrRsH5rePqKO7%2FLAsDTP4GIQNFNfF4Wh6bsPXuJmvvoMcnmy%2F58Wo%0AE0XaG8UPHVAeyEmhncdM32E7SJbR91aRr2CkV23OoUz%2BwKG2%2FuObHmAkuMkCbbcz%0AJQoC7DZg5FGw%2BZR7v1DIBct5QNJQ8bG%2FXGRxjWC6dU7jrGhOF1X%2B2YYcdx9XnwyM%0A9YPxUy5bVfMhIiKP2wEso5fjOZ4RTvnB5R6zD3maJK%2FtZAXVhtyqXSkBYFi4MvEs%0A-----END%20CERTIFICATE-----%0A
14:15:02.536 [main] DEBUG org.apache.http.impl.execchain.MainClientExec - Connection can be kept alive indefinitely
14:15:02.536 [main] DEBUG org.apache.http.client.protocol.ResponseProcessCookies - Cookie accepted [ARRAffinity="135f536e0d078a815c3b83fda3468ab8a3a2abc604a35eefb28648d3961cfa9b", version:0, domain:app-apipanapay-qa.azurewebsites.net, path:/, expiry:null]
14:15:02.536 [main] DEBUG org.apache.http.client.protocol.ResponseProcessCookies - Cookie accepted [ARRAffinitySameSite="135f536e0d078a815c3b83fda3468ab8a3a2abc604a35eefb28648d3961cfa9b", version:0, domain:app-apipanapay-qa.azurewebsites.net, path:/, expiry:null]
14:15:02.536 [main] DEBUG org.apache.http.impl.conn.PoolingHttpClientConnectionManager - Connection [id: 16][route: {s}->https://apipanapayqa.coonecta.com.ec:443][state: CN=clientcert.cbiblian.internal] can be kept alive indefinitely
14:15:02.536 [main] DEBUG org.apache.http.impl.conn.DefaultManagedHttpClientConnection - http-outgoing-16: set socket timeout to 0
14:15:02.536 [main] DEBUG org.apache.http.impl.conn.PoolingHttpClientConnectionManager - Connection released: [id: 16][route: {s}->https://apipanapayqa.coonecta.com.ec:443][state: CN=clientcert.cbiblian.internal][total available: 1; route allocated: 1 of 5; total allocated: 1 of 10]
14:15:02.536 [main] DEBUG org.apache.http.impl.conn.PoolingHttpClientConnectionManager - Connection manager is shutting down
14:15:02.536 [main] DEBUG org.apache.http.impl.conn.DefaultManagedHttpClientConnection - http-outgoing-16: Close connection
14:15:02.536 [main] DEBUG org.apache.http.impl.conn.PoolingHttpClientConnectionManager - Connection manager shut down
14:15:02.536 [main] DEBUG com.intuit.karate - response time in milliseconds: 2431
1 < 400
1 < Date: Wed, 22 Oct 2025 19:14:54 GMT
1 < Content-Type: application/json; charset=utf-8
1 < Transfer-Encoding: chunked
1 < Connection: keep-alive
1 < Server: Kestrel
1 < Set-Cookie: ARRAffinity=135f536e0d078a815c3b83fda3468ab8a3a2abc604a35eefb28648d3961cfa9b;Path=/;HttpOnly;Secure;Domain=app-apipanapay-qa.azurewebsites.net
1 < Set-Cookie: ARRAffinitySameSite=135f536e0d078a815c3b83fda3468ab8a3a2abc604a35eefb28648d3961cfa9b;Path=/;HttpOnly;SameSite=None;Secure;Domain=app-apipanapay-qa.azurewebsites.net
1 < Request-Context: appId=cid-v1:a7a77847-2713-450f-9030-b350a2d54a28
1 < X-Powered-By: ASP.NET
1 < X-ARR-ClientCert: -----BEGIN%20CERTIFICATE-----%0AMIIEHDCCAgSgAwIBAgIUZIZBO0fb7VZ4KXrs01S4RYbWyJ8wDQYJKoZIhvcNAQEL%0ABQAwJTEjMCEGA1UEAwwacm9vdGNlcnQuY2JpYmxpYW4uaW50ZXJuYWwwHhcNMjUw%0AODEzMTMyNTU5WhcNMjgwODEyMTMyNTU5WjAnMSUwIwYDVQQDDBxjbGllbnRjZXJ0%0ALmNiaWJsaWFuLmludGVybmFsMIIBIjANBgkqhkiG9w0BAQEFAAOCAQ8AMIIBCgKC%0AAQEAskUDap6NmyYq8RT6F7z3DpZGQiflNQTvUT84TmxsKXEBRAkgINnkJqgKkd7f%0ASEybzqglQTbr4s41lCiPsy3X66qYjU2L%2Bojhni%2BOCVOX7n3JBYovL%2FqfMP3%2FkhZP%0AQIlK%2FQWPcrnl39fYkGOQv%2BYqoCGEPzGkib2m1Ma5Q1HOCKh1ErMjqTLGy%2ByJj6JY%0AiZvMx3YrJSvjUS0uKpNwxPtGyiexRfKsmR%2FHqPzRHa0iY%2B752KSgUedwJPv1Wod%2B%0AY9BMAMIdU25UtkUEsaOYtorGWDaZSn2Bl0LYmP87kjcYypnHx0jtPtUCXfVHrE6u%0AZnDRFYsZbeXylY3mJkyOL2DzZwIDAQABo0IwQDAdBgNVHQ4EFgQURPhJwTAcUWUp%0ArOqQO68P%2FbJoqjMwHwYDVR0jBBgwFoAU7GdlxoSeEXucEXhjadHRC9xzS0UwDQYJ%0AKoZIhvcNAQELBQADggIBAGTnlyF2n%2F6s9phYbO8V17niO0BXB62ToX6gPhcw9f3y%0AhMui6RnrM1oiHlBWqZquCqYJ5ETvYJE1RqvoqtGysxCnIj0OTJHV4WtF3SHsd1Tu%0ATg%2B%2FUnGivtBTDQxj9sbAtCaSYRBqPByP8jvSTDgXR1mgOrEGjr2PZdZSoKLj4OHi%0A9UCMJw7pJsyA4lbroKshQTYv5Ks5SqtJpdp0%2BUX0UUlbPJqXiadfbKdoXvEgcwbP%0ACqR9v7kGYmNxfaGLNGVrV%2BnLawIDmdYXJE%2F4WJh6sHfiZxEsE%2BB4PoKADrb1Eapt%0AnSdHUgRfc0i5f2lcmErnU8nCMO5TWdHFOgpYwTS8w17FhNFZpaSmyZKM7uHcUs7y%0AUbuiQtdXocfSSMf%2FeycBEU%2FHAVIWQEqY%2BbJdC0q%2FR%2BsESeBtXd4IEIxR0QfgscGk%0AJyCSFC8z%2FvCgrRsH5rePqKO7%2FLAsDTP4GIQNFNfF4Wh6bsPXuJmvvoMcnmy%2F58Wo%0AE0XaG8UPHVAeyEmhncdM32E7SJbR91aRr2CkV23OoUz%2BwKG2%2FuObHmAkuMkCbbcz%0AJQoC7DZg5FGw%2BZR7v1DIBct5QNJQ8bG%2FXGRxjWC6dU7jrGhOF1X%2B2YYcdx9XnwyM%0A9YPxUy5bVfMhIiKP2wEso5fjOZ4RTvnB5R6zD3maJK%2FtZAXVhtyqXSkBYFi4MvEs%0A-----END%20CERTIFICATE-----%0A
{"GrpHdr":{"MsgId":"000020251022020369","CreDtTm":"2025-10-22T14:14:53","NbOfTxs":1,"SttlmInf":{"SttlmMtd":"INGA"},"InstgAgt":{"FinInstnId":"0205"},"InstdAgt":{"FinInstnId":"0205"},"Mge":{"Type":"acmt.998.322.001"},"ChnlId":"APP"},"CdtTrfTxInf":{"OrgnGrpInf":{"OrgnlMsgId":"02052025102296620949532","OrgnlMgeType":"acmt.998.321.01","OrgnlCreDtTm":"2025-10-22T14:15:00"},"TxSts":"ERR","Rsn":{"RsnCd":"AM02","AddtlInf":"El monto excede el máximo permitido."},"SttlmDt":"2025-10-22"}}

14:15:02.543 [main] ERROR com.intuit.karate - classpath:Transferencia.feature:351
Then match responseStatus in normalizedStatus
no step-definition method match found for: match responseStatus in normalizedStatus
classpath:Transferencia.feature:351
]]></system-out>
  </testcase>
  <testcase name="[17:355] Transferencia exitosa, monto total mensual permitido despues de modificar el parametro" classname="Transferencia" time="1.607">
    <failure message="no step-definition method match found for: match responseStatus in normalizedStatus&#10;classpath:Transferencia.feature:363" type="org.opentest4j.AssertionFailedError"><![CDATA[org.opentest4j.AssertionFailedError: 
no step-definition method match found for: match responseStatus in normalizedStatus
classpath:Transferencia.feature:363
	at org.junit.jupiter.api.AssertionUtils.fail(AssertionUtils.java:38)
	at org.junit.jupiter.api.Assertions.fail(Assertions.java:135)
	at com.intuit.karate.junit5.FeatureNode.lambda$next$1(FeatureNode.java:86)
	at org.junit.jupiter.engine.descriptor.DynamicTestTestDescriptor.lambda$execute$0(DynamicTestTestDescriptor.java:53)
	at org.junit.jupiter.engine.execution.InvocationInterceptorChain$ValidatingInvocation.proceed(InvocationInterceptorChain.java:131)
	at org.junit.jupiter.api.extension.InvocationInterceptor.interceptDynamicTest(InvocationInterceptor.java:167)
	at org.junit.jupiter.api.extension.InvocationInterceptor.interceptDynamicTest(InvocationInterceptor.java:184)
	at org.junit.jupiter.engine.descriptor.DynamicTestTestDescriptor.lambda$execute$1(DynamicTestTestDescriptor.java:61)
	at org.junit.jupiter.engine.execution.InvocationInterceptorChain$InterceptorCall.lambda$ofVoid$0(InvocationInterceptorChain.java:78)
	at org.junit.jupiter.engine.execution.InvocationInterceptorChain$InterceptedInvocation.proceed(InvocationInterceptorChain.java:106)
	at org.junit.jupiter.engine.execution.InvocationInterceptorChain.proceed(InvocationInterceptorChain.java:64)
	at org.junit.jupiter.engine.execution.InvocationInterceptorChain.chainAndInvoke(InvocationInterceptorChain.java:45)
	at org.junit.jupiter.engine.execution.InvocationInterceptorChain.invoke(InvocationInterceptorChain.java:37)
	at org.junit.jupiter.engine.descriptor.DynamicTestTestDescriptor.execute(DynamicTestTestDescriptor.java:60)
	at org.junit.jupiter.engine.descriptor.DynamicTestTestDescriptor.execute(DynamicTestTestDescriptor.java:32)
	at org.junit.platform.engine.support.hierarchical.NodeTestTask.lambda$executeRecursively$6(NodeTestTask.java:151)
	at org.junit.platform.engine.support.hierarchical.ThrowableCollector.execute(ThrowableCollector.java:73)
	at org.junit.platform.engine.support.hierarchical.NodeTestTask.lambda$executeRecursively$8(NodeTestTask.java:141)
	at org.junit.platform.engine.support.hierarchical.Node.around(Node.java:137)
	at org.junit.platform.engine.support.hierarchical.NodeTestTask.lambda$executeRecursively$9(NodeTestTask.java:139)
	at org.junit.platform.engine.support.hierarchical.ThrowableCollector.execute(ThrowableCollector.java:73)
	at org.junit.platform.engine.support.hierarchical.NodeTestTask.executeRecursively(NodeTestTask.java:138)
	at org.junit.platform.engine.support.hierarchical.NodeTestTask.execute(NodeTestTask.java:95)
	at org.junit.platform.engine.support.hierarchical.SameThreadHierarchicalTestExecutorService.submit(SameThreadHierarchicalTestExecutorService.java:35)
	at org.junit.platform.engine.support.hierarchical.NodeTestTask$DefaultDynamicTestExecutor.execute(NodeTestTask.java:226)
	at org.junit.platform.engine.support.hierarchical.NodeTestTask$DefaultDynamicTestExecutor.execute(NodeTestTask.java:204)
	at java.base/java.util.stream.ForEachOps$ForEachOp$OfRef.accept(ForEachOps.java:183)
	at java.base/java.util.stream.ReferencePipeline$3$1.accept(ReferencePipeline.java:197)
	at java.base/java.util.stream.ReferencePipeline$2$1.accept(ReferencePipeline.java:179)
	at java.base/java.util.stream.ReferencePipeline$3$1.accept(ReferencePipeline.java:197)
	at java.base/java.util.Iterator.forEachRemaining(Iterator.java:133)
	at java.base/java.util.Spliterators$IteratorSpliterator.forEachRemaining(Spliterators.java:1845)
	at java.base/java.util.stream.AbstractPipeline.copyInto(AbstractPipeline.java:509)
	at java.base/java.util.stream.AbstractPipeline.wrapAndCopyInto(AbstractPipeline.java:499)
	at java.base/java.util.stream.ForEachOps$ForEachOp.evaluateSequential(ForEachOps.java:150)
	at java.base/java.util.stream.ForEachOps$ForEachOp$OfRef.evaluateSequential(ForEachOps.java:173)
	at java.base/java.util.stream.AbstractPipeline.evaluate(AbstractPipeline.java:234)
	at java.base/java.util.stream.ReferencePipeline.forEachOrdered(ReferencePipeline.java:601)
	at org.junit.jupiter.engine.descriptor.DynamicContainerTestDescriptor.execute(DynamicContainerTestDescriptor.java:67)
	at org.junit.jupiter.engine.descriptor.DynamicContainerTestDescriptor.execute(DynamicContainerTestDescriptor.java:33)
	at org.junit.platform.engine.support.hierarchical.NodeTestTask.lambda$executeRecursively$6(NodeTestTask.java:151)
	at org.junit.platform.engine.support.hierarchical.ThrowableCollector.execute(ThrowableCollector.java:73)
	at org.junit.platform.engine.support.hierarchical.NodeTestTask.lambda$executeRecursively$8(NodeTestTask.java:141)
	at org.junit.platform.engine.support.hierarchical.Node.around(Node.java:137)
	at org.junit.platform.engine.support.hierarchical.NodeTestTask.lambda$executeRecursively$9(NodeTestTask.java:139)
	at org.junit.platform.engine.support.hierarchical.ThrowableCollector.execute(ThrowableCollector.java:73)
	at org.junit.platform.engine.support.hierarchical.NodeTestTask.executeRecursively(NodeTestTask.java:138)
	at org.junit.platform.engine.support.hierarchical.NodeTestTask.execute(NodeTestTask.java:95)
	at org.junit.platform.engine.support.hierarchical.SameThreadHierarchicalTestExecutorService.submit(SameThreadHierarchicalTestExecutorService.java:35)
	at org.junit.platform.engine.support.hierarchical.NodeTestTask$DefaultDynamicTestExecutor.execute(NodeTestTask.java:226)
	at org.junit.platform.engine.support.hierarchical.NodeTestTask$DefaultDynamicTestExecutor.execute(NodeTestTask.java:204)
	at java.base/java.util.Optional.ifPresent(Optional.java:178)
	at org.junit.jupiter.engine.descriptor.TestFactoryTestDescriptor.lambda$invokeTestMethod$1(TestFactoryTestDescriptor.java:108)
	at org.junit.platform.engine.support.hierarchical.ThrowableCollector.execute(ThrowableCollector.java:73)
	at org.junit.jupiter.engine.descriptor.TestFactoryTestDescriptor.invokeTestMethod(TestFactoryTestDescriptor.java:95)
	at org.junit.jupiter.engine.descriptor.TestMethodTestDescriptor.execute(TestMethodTestDescriptor.java:138)
	at org.junit.jupiter.engine.descriptor.TestMethodTestDescriptor.execute(TestMethodTestDescriptor.java:68)
	at org.junit.platform.engine.support.hierarchical.NodeTestTask.lambda$executeRecursively$6(NodeTestTask.java:151)
	at org.junit.platform.engine.support.hierarchical.ThrowableCollector.execute(ThrowableCollector.java:73)
	at org.junit.platform.engine.support.hierarchical.NodeTestTask.lambda$executeRecursively$8(NodeTestTask.java:141)
	at org.junit.platform.engine.support.hierarchical.Node.around(Node.java:137)
	at org.junit.platform.engine.support.hierarchical.NodeTestTask.lambda$executeRecursively$9(NodeTestTask.java:139)
	at org.junit.platform.engine.support.hierarchical.ThrowableCollector.execute(ThrowableCollector.java:73)
	at org.junit.platform.engine.support.hierarchical.NodeTestTask.executeRecursively(NodeTestTask.java:138)
	at org.junit.platform.engine.support.hierarchical.NodeTestTask.execute(NodeTestTask.java:95)
	at java.base/java.util.ArrayList.forEach(ArrayList.java:1511)
	at org.junit.platform.engine.support.hierarchical.SameThreadHierarchicalTestExecutorService.invokeAll(SameThreadHierarchicalTestExecutorService.java:41)
	at org.junit.platform.engine.support.hierarchical.NodeTestTask.lambda$executeRecursively$6(NodeTestTask.java:155)
	at org.junit.platform.engine.support.hierarchical.ThrowableCollector.execute(ThrowableCollector.java:73)
	at org.junit.platform.engine.support.hierarchical.NodeTestTask.lambda$executeRecursively$8(NodeTestTask.java:141)
	at org.junit.platform.engine.support.hierarchical.Node.around(Node.java:137)
	at org.junit.platform.engine.support.hierarchical.NodeTestTask.lambda$executeRecursively$9(NodeTestTask.java:139)
	at org.junit.platform.engine.support.hierarchical.ThrowableCollector.execute(ThrowableCollector.java:73)
	at org.junit.platform.engine.support.hierarchical.NodeTestTask.executeRecursively(NodeTestTask.java:138)
	at org.junit.platform.engine.support.hierarchical.NodeTestTask.execute(NodeTestTask.java:95)
	at java.base/java.util.ArrayList.forEach(ArrayList.java:1511)
	at org.junit.platform.engine.support.hierarchical.SameThreadHierarchicalTestExecutorService.invokeAll(SameThreadHierarchicalTestExecutorService.java:41)
	at org.junit.platform.engine.support.hierarchical.NodeTestTask.lambda$executeRecursively$6(NodeTestTask.java:155)
	at org.junit.platform.engine.support.hierarchical.ThrowableCollector.execute(ThrowableCollector.java:73)
	at org.junit.platform.engine.support.hierarchical.NodeTestTask.lambda$executeRecursively$8(NodeTestTask.java:141)
	at org.junit.platform.engine.support.hierarchical.Node.around(Node.java:137)
	at org.junit.platform.engine.support.hierarchical.NodeTestTask.lambda$executeRecursively$9(NodeTestTask.java:139)
	at org.junit.platform.engine.support.hierarchical.ThrowableCollector.execute(ThrowableCollector.java:73)
	at org.junit.platform.engine.support.hierarchical.NodeTestTask.executeRecursively(NodeTestTask.java:138)
	at org.junit.platform.engine.support.hierarchical.NodeTestTask.execute(NodeTestTask.java:95)
	at org.junit.platform.engine.support.hierarchical.SameThreadHierarchicalTestExecutorService.submit(SameThreadHierarchicalTestExecutorService.java:35)
	at org.junit.platform.engine.support.hierarchical.HierarchicalTestExecutor.execute(HierarchicalTestExecutor.java:57)
	at org.junit.platform.engine.support.hierarchical.HierarchicalTestEngine.execute(HierarchicalTestEngine.java:54)
	at org.junit.platform.launcher.core.EngineExecutionOrchestrator.execute(EngineExecutionOrchestrator.java:147)
	at org.junit.platform.launcher.core.EngineExecutionOrchestrator.execute(EngineExecutionOrchestrator.java:127)
	at org.junit.platform.launcher.core.EngineExecutionOrchestrator.execute(EngineExecutionOrchestrator.java:90)
	at org.junit.platform.launcher.core.EngineExecutionOrchestrator.lambda$execute$0(EngineExecutionOrchestrator.java:55)
	at org.junit.platform.launcher.core.EngineExecutionOrchestrator.withInterceptedStreams(EngineExecutionOrchestrator.java:102)
	at org.junit.platform.launcher.core.EngineExecutionOrchestrator.execute(EngineExecutionOrchestrator.java:54)
	at org.junit.platform.launcher.core.DefaultLauncher.execute(DefaultLauncher.java:114)
	at org.junit.platform.launcher.core.DefaultLauncher.execute(DefaultLauncher.java:86)
	at org.junit.platform.launcher.core.DefaultLauncherSession$DelegatingLauncher.execute(DefaultLauncherSession.java:86)
	at org.apache.maven.surefire.junitplatform.LazyLauncher.execute(LazyLauncher.java:56)
	at org.apache.maven.surefire.junitplatform.JUnitPlatformProvider.execute(JUnitPlatformProvider.java:184)
	at org.apache.maven.surefire.junitplatform.JUnitPlatformProvider.invokeAllTests(JUnitPlatformProvider.java:148)
	at org.apache.maven.surefire.junitplatform.JUnitPlatformProvider.invoke(JUnitPlatformProvider.java:122)
	at org.apache.maven.surefire.booter.ForkedBooter.runSuitesInProcess(ForkedBooter.java:385)
	at org.apache.maven.surefire.booter.ForkedBooter.execute(ForkedBooter.java:162)
	at org.apache.maven.surefire.booter.ForkedBooter.run(ForkedBooter.java:507)
	at org.apache.maven.surefire.booter.ForkedBooter.main(ForkedBooter.java:495)
]]></failure>
    <system-out><![CDATA[14:15:02.559 [main] DEBUG com.intuit.karate - key store key count for classpath:certificado/clientcert.cbiblian.internal 1.pfx: 1
14:15:02.573 [main] DEBUG com.jayway.jsonpath.internal.path.CompiledPath - Evaluating path: $
14:15:02.573 [main] DEBUG com.jayway.jsonpath.internal.path.CompiledPath - Evaluating path: $['Authorization']
14:15:02.573 [main] DEBUG com.jayway.jsonpath.internal.path.CompiledPath - Evaluating path: $
14:15:02.573 [main] DEBUG com.jayway.jsonpath.internal.path.CompiledPath - Evaluating path: $
14:15:02.573 [main] DEBUG com.jayway.jsonpath.internal.JsonContext - Put path $ key Authorization value {}
14:15:02.575 [main] DEBUG com.jayway.jsonpath.internal.path.CompiledPath - Evaluating path: $
14:15:02.575 [main] DEBUG com.jayway.jsonpath.internal.JsonContext - Put path $ key Authorization value Bearer eyJhbGciOiJSUzI1NiIsInR5cCIgOiAiSldUIiwia2lkIiA6ICI2dUJWTkN6VlViUFBlTFdReEM0WDAyYVM3UnM2UGRYV1dja1dfc0xZMHlFIn0.eyJleHAiOjE3NjExNjA3NTAsImlhdCI6MTc2MTE2MDQ1MCwianRpIjoidHJydGNjOjQ5Yjg0NDVjLTgzYTAtMjI4Ni02NDczLWE2ZGEzOTBhOWQ0YSIsImlzcyI6Imh0dHBzOi8vYXV0ZW50aWNhY2lvbnFhLmNvb25lY3RhLmNvbS5lYy9hdXRoL3JlYWxtcy9QQU5BUEFZIiwiYXVkIjoiYWNjb3VudCIsInN1YiI6Ijk5OGMyZmUwLTJjOGYtNGQwNC1iZjExLWY1OWExZTM5ODg3MyIsInR5cCI6IkJlYXJlciIsImF6cCI6IjAyMDVjYiIsImFjciI6IjEiLCJhbGxvd2VkLW9yaWdpbnMiOlsiLyoiXSwicmVhbG1fYWNjZXNzIjp7InJvbGVzIjpbImRlZmF1bHQtcm9sZXMtYWRtaW5wYW5hcGF5Iiwib2ZmbGluZV9hY2Nlc3MiLCJ1bWFfYXV0aG9yaXphdGlvbiJdfSwicmVzb3VyY2VfYWNjZXNzIjp7IjAyMDVjYiI6eyJyb2xlcyI6WyJ1bWFfcHJvdGVjdGlvbiJdfSwiYWNjb3VudCI6eyJyb2xlcyI6WyJtYW5hZ2UtYWNjb3VudCIsIm1hbmFnZS1hY2NvdW50LWxpbmtzIiwidmlldy1wcm9maWxlIl19fSwic2NvcGUiOiJwcm9maWxlIGVtYWlsIiwiZW1haWxfdmVyaWZpZWQiOmZhbHNlLCJjbGllbnRIb3N0IjoiMTAuMTAuMTAuMTUxIiwicHJlZmVycmVkX3VzZXJuYW1lIjoic2VydmljZS1hY2NvdW50LTAyMDVjYiIsImNsaWVudEFkZHJlc3MiOiIxMC4xMC4xMC4xNTEiLCJjbGllbnRfaWQiOiIwMjA1Y2IifQ.bATUogohrEqy7Voa4mFnsBzOnGy6tnjZGh_lOYRn-0hWXMY_fz-280nTu2Vv68eO3HeoewtWlt45S_iLI2-ml3pqpAlt3DXWVmLvVHw6d7TICHBfQsa0jGXMexKnyar7EinrVhF3deSK25Ap_ajC_82EvVvXrVG-7p9F1dEdq39y2R72JympejF5uhY_z_jNmqJSsnLEZVOo3WMJn76u9tTcYVIldC5uWGFWbPGEhvWPx4ZGpsuq_wrPOGdRmyJDFJPJl7LnLGHK0DBhuVtJUq_NFQkMus2fTTf_mWhRnoqNU-wUCS-fxMs6QusGzIVd-C3O29J3rerHTrGg21LAsQ
14:15:02.575 [main] DEBUG com.jayway.jsonpath.internal.path.CompiledPath - Evaluating path: $
14:15:02.577 [main] INFO com.intuit.karate - Asegurar que el parametro de limite mensual haya sido actualizado antes de ejecutar este escenario. 
14:15:02.583 [main] DEBUG com.jayway.jsonpath.internal.path.CompiledPath - Evaluating path: $
14:15:02.587 [main] DEBUG org.apache.http.client.protocol.RequestAddCookies - CookieSpec selected: karate
14:15:02.587 [main] DEBUG org.apache.http.client.protocol.RequestAuthCache - Auth cache not set in the context
14:15:02.587 [main] DEBUG com.intuit.karate - request:
1 > POST https://apipanapayqa.coonecta.com.ec/api/switchcentral/finan/transferencia
1 > Content-Type: application/json; charset=UTF-8
1 > Authorization: Bearer eyJhbGciOiJSUzI1NiIsInR5cCIgOiAiSldUIiwia2lkIiA6ICI2dUJWTkN6VlViUFBlTFdReEM0WDAyYVM3UnM2UGRYV1dja1dfc0xZMHlFIn0.eyJleHAiOjE3NjExNjA3NTAsImlhdCI6MTc2MTE2MDQ1MCwianRpIjoidHJydGNjOjQ5Yjg0NDVjLTgzYTAtMjI4Ni02NDczLWE2ZGEzOTBhOWQ0YSIsImlzcyI6Imh0dHBzOi8vYXV0ZW50aWNhY2lvbnFhLmNvb25lY3RhLmNvbS5lYy9hdXRoL3JlYWxtcy9QQU5BUEFZIiwiYXVkIjoiYWNjb3VudCIsInN1YiI6Ijk5OGMyZmUwLTJjOGYtNGQwNC1iZjExLWY1OWExZTM5ODg3MyIsInR5cCI6IkJlYXJlciIsImF6cCI6IjAyMDVjYiIsImFjciI6IjEiLCJhbGxvd2VkLW9yaWdpbnMiOlsiLyoiXSwicmVhbG1fYWNjZXNzIjp7InJvbGVzIjpbImRlZmF1bHQtcm9sZXMtYWRtaW5wYW5hcGF5Iiwib2ZmbGluZV9hY2Nlc3MiLCJ1bWFfYXV0aG9yaXphdGlvbiJdfSwicmVzb3VyY2VfYWNjZXNzIjp7IjAyMDVjYiI6eyJyb2xlcyI6WyJ1bWFfcHJvdGVjdGlvbiJdfSwiYWNjb3VudCI6eyJyb2xlcyI6WyJtYW5hZ2UtYWNjb3VudCIsIm1hbmFnZS1hY2NvdW50LWxpbmtzIiwidmlldy1wcm9maWxlIl19fSwic2NvcGUiOiJwcm9maWxlIGVtYWlsIiwiZW1haWxfdmVyaWZpZWQiOmZhbHNlLCJjbGllbnRIb3N0IjoiMTAuMTAuMTAuMTUxIiwicHJlZmVycmVkX3VzZXJuYW1lIjoic2VydmljZS1hY2NvdW50LTAyMDVjYiIsImNsaWVudEFkZHJlc3MiOiIxMC4xMC4xMC4xNTEiLCJjbGllbnRfaWQiOiIwMjA1Y2IifQ.bATUogohrEqy7Voa4mFnsBzOnGy6tnjZGh_lOYRn-0hWXMY_fz-280nTu2Vv68eO3HeoewtWlt45S_iLI2-ml3pqpAlt3DXWVmLvVHw6d7TICHBfQsa0jGXMexKnyar7EinrVhF3deSK25Ap_ajC_82EvVvXrVG-7p9F1dEdq39y2R72JympejF5uhY_z_jNmqJSsnLEZVOo3WMJn76u9tTcYVIldC5uWGFWbPGEhvWPx4ZGpsuq_wrPOGdRmyJDFJPJl7LnLGHK0DBhuVtJUq_NFQkMus2fTTf_mWhRnoqNU-wUCS-fxMs6QusGzIVd-C3O29J3rerHTrGg21LAsQ
1 > Content-Length: 515
1 > Host: apipanapayqa.coonecta.com.ec
1 > Connection: Keep-Alive
1 > User-Agent: Apache-HttpClient/4.5.14 (Java/17.0.12)
1 > Accept-Encoding: gzip,deflate
{"GrpHdr":{"msgId":"02052025102245431330268","creDtTm":"2025-10-22T14:15:02","nbOfTxs":1,"sttlmInf":{"sttlmMtd":"INGA"},"instgAgt":{"finInstnId":"0205"},"InstdAgt":{"FinInstnId":"0205"},"Mge":{"Type":"acmt.998.321.01"},"ChnlId":"APP"},"CdtTrfTxInf":{"PmtId":{"EndToEndId":"02052025102273504"},"IntrBkSttlmAmt":{"Amt":15000.0,"Ccy":"USD"},"DbtrAcctId":{"IBAN":"EC5002051000000000020501052673"},"CdtrAcctId":{"IBAN":"EC0402051000000000020101002318"},"Prtry":{"CustRef":"QA22","ChanRef":"TERM001","AgtRef":"AGT0002"}}}

14:15:02.587 [main] DEBUG org.apache.http.impl.conn.PoolingHttpClientConnectionManager - Connection request: [route: {s}->https://apipanapayqa.coonecta.com.ec:443][total available: 0; route allocated: 0 of 5; total allocated: 0 of 10]
14:15:02.589 [main] DEBUG org.apache.http.impl.conn.PoolingHttpClientConnectionManager - Connection leased: [id: 17][route: {s}->https://apipanapayqa.coonecta.com.ec:443][total available: 0; route allocated: 1 of 5; total allocated: 1 of 10]
14:15:02.589 [main] DEBUG org.apache.http.impl.execchain.MainClientExec - Opening connection {s}->https://apipanapayqa.coonecta.com.ec:443
14:15:02.589 [main] DEBUG org.apache.http.impl.conn.DefaultHttpClientConnectionOperator - Connecting to apipanapayqa.coonecta.com.ec/10.1.0.133:443
14:15:02.589 [main] DEBUG org.apache.http.conn.ssl.SSLConnectionSocketFactory - Connecting socket to apipanapayqa.coonecta.com.ec/10.1.0.133:443 with timeout 30000
14:15:02.678 [main] DEBUG org.apache.http.conn.ssl.SSLConnectionSocketFactory - Enabled protocols: [TLSv1.3, TLSv1.2]
14:15:02.678 [main] DEBUG org.apache.http.conn.ssl.SSLConnectionSocketFactory - Enabled cipher suites:[TLS_AES_256_GCM_SHA384, TLS_AES_128_GCM_SHA256, TLS_CHACHA20_POLY1305_SHA256, TLS_ECDHE_ECDSA_WITH_AES_256_GCM_SHA384, TLS_ECDHE_ECDSA_WITH_AES_128_GCM_SHA256, TLS_ECDHE_ECDSA_WITH_CHACHA20_POLY1305_SHA256, TLS_ECDHE_RSA_WITH_AES_256_GCM_SHA384, TLS_ECDHE_RSA_WITH_CHACHA20_POLY1305_SHA256, TLS_ECDHE_RSA_WITH_AES_128_GCM_SHA256, TLS_DHE_RSA_WITH_AES_256_GCM_SHA384, TLS_DHE_RSA_WITH_CHACHA20_POLY1305_SHA256, TLS_DHE_DSS_WITH_AES_256_GCM_SHA384, TLS_DHE_RSA_WITH_AES_128_GCM_SHA256, TLS_DHE_DSS_WITH_AES_128_GCM_SHA256, TLS_ECDHE_ECDSA_WITH_AES_256_CBC_SHA384, TLS_ECDHE_RSA_WITH_AES_256_CBC_SHA384, TLS_ECDHE_ECDSA_WITH_AES_128_CBC_SHA256, TLS_ECDHE_RSA_WITH_AES_128_CBC_SHA256, TLS_DHE_RSA_WITH_AES_256_CBC_SHA256, TLS_DHE_DSS_WITH_AES_256_CBC_SHA256, TLS_DHE_RSA_WITH_AES_128_CBC_SHA256, TLS_DHE_DSS_WITH_AES_128_CBC_SHA256, TLS_ECDH_ECDSA_WITH_AES_256_GCM_SHA384, TLS_ECDH_RSA_WITH_AES_256_GCM_SHA384, TLS_ECDH_ECDSA_WITH_AES_128_GCM_SHA256, TLS_ECDH_RSA_WITH_AES_128_GCM_SHA256, TLS_ECDH_ECDSA_WITH_AES_256_CBC_SHA384, TLS_ECDH_RSA_WITH_AES_256_CBC_SHA384, TLS_ECDH_ECDSA_WITH_AES_128_CBC_SHA256, TLS_ECDH_RSA_WITH_AES_128_CBC_SHA256, TLS_ECDHE_ECDSA_WITH_AES_256_CBC_SHA, TLS_ECDHE_RSA_WITH_AES_256_CBC_SHA, TLS_ECDHE_ECDSA_WITH_AES_128_CBC_SHA, TLS_ECDHE_RSA_WITH_AES_128_CBC_SHA, TLS_DHE_RSA_WITH_AES_256_CBC_SHA, TLS_DHE_DSS_WITH_AES_256_CBC_SHA, TLS_DHE_RSA_WITH_AES_128_CBC_SHA, TLS_DHE_DSS_WITH_AES_128_CBC_SHA, TLS_ECDH_ECDSA_WITH_AES_256_CBC_SHA, TLS_ECDH_RSA_WITH_AES_256_CBC_SHA, TLS_ECDH_ECDSA_WITH_AES_128_CBC_SHA, TLS_ECDH_RSA_WITH_AES_128_CBC_SHA, TLS_RSA_WITH_AES_256_GCM_SHA384, TLS_RSA_WITH_AES_128_GCM_SHA256, TLS_RSA_WITH_AES_256_CBC_SHA256, TLS_RSA_WITH_AES_128_CBC_SHA256, TLS_RSA_WITH_AES_256_CBC_SHA, TLS_RSA_WITH_AES_128_CBC_SHA, TLS_EMPTY_RENEGOTIATION_INFO_SCSV]
14:15:02.678 [main] DEBUG org.apache.http.conn.ssl.SSLConnectionSocketFactory - Starting handshake
14:15:02.868 [main] DEBUG org.apache.http.conn.ssl.SSLConnectionSocketFactory - Secure session established
14:15:02.868 [main] DEBUG org.apache.http.conn.ssl.SSLConnectionSocketFactory -  negotiated protocol: TLSv1.3
14:15:02.868 [main] DEBUG org.apache.http.conn.ssl.SSLConnectionSocketFactory -  negotiated cipher suite: TLS_AES_256_GCM_SHA384
14:15:02.868 [main] DEBUG org.apache.http.conn.ssl.SSLConnectionSocketFactory -  peer principal: CN=apipanapayqa.coonecta.com.ec, O=Red Transaccional Cooperativa S.A. RTC, L=Quito, ST=Pichincha, C=EC
14:15:02.868 [main] DEBUG org.apache.http.conn.ssl.SSLConnectionSocketFactory -  peer alternative names: [apipanapayqa.coonecta.com.ec]
14:15:02.868 [main] DEBUG org.apache.http.conn.ssl.SSLConnectionSocketFactory -  issuer principal: CN=DigiCert Global G2 TLS RSA SHA256 2020 CA1, O=DigiCert Inc, C=US
14:15:02.868 [main] DEBUG org.apache.http.impl.conn.DefaultHttpClientConnectionOperator - Connection established 10.10.10.151:49813<->10.1.0.133:443
14:15:02.868 [main] DEBUG org.apache.http.impl.conn.DefaultManagedHttpClientConnection - http-outgoing-17: set socket timeout to 30000
14:15:02.868 [main] DEBUG org.apache.http.impl.execchain.MainClientExec - Executing request POST /api/switchcentral/finan/transferencia HTTP/1.1
14:15:02.868 [main] DEBUG org.apache.http.impl.execchain.MainClientExec - Proxy auth state: UNCHALLENGED
14:15:02.868 [main] DEBUG org.apache.http.headers - http-outgoing-17 >> POST /api/switchcentral/finan/transferencia HTTP/1.1
14:15:02.868 [main] DEBUG org.apache.http.headers - http-outgoing-17 >> Content-Type: application/json; charset=UTF-8
14:15:02.868 [main] DEBUG org.apache.http.headers - http-outgoing-17 >> Authorization: Bearer eyJhbGciOiJSUzI1NiIsInR5cCIgOiAiSldUIiwia2lkIiA6ICI2dUJWTkN6VlViUFBlTFdReEM0WDAyYVM3UnM2UGRYV1dja1dfc0xZMHlFIn0.eyJleHAiOjE3NjExNjA3NTAsImlhdCI6MTc2MTE2MDQ1MCwianRpIjoidHJydGNjOjQ5Yjg0NDVjLTgzYTAtMjI4Ni02NDczLWE2ZGEzOTBhOWQ0YSIsImlzcyI6Imh0dHBzOi8vYXV0ZW50aWNhY2lvbnFhLmNvb25lY3RhLmNvbS5lYy9hdXRoL3JlYWxtcy9QQU5BUEFZIiwiYXVkIjoiYWNjb3VudCIsInN1YiI6Ijk5OGMyZmUwLTJjOGYtNGQwNC1iZjExLWY1OWExZTM5ODg3MyIsInR5cCI6IkJlYXJlciIsImF6cCI6IjAyMDVjYiIsImFjciI6IjEiLCJhbGxvd2VkLW9yaWdpbnMiOlsiLyoiXSwicmVhbG1fYWNjZXNzIjp7InJvbGVzIjpbImRlZmF1bHQtcm9sZXMtYWRtaW5wYW5hcGF5Iiwib2ZmbGluZV9hY2Nlc3MiLCJ1bWFfYXV0aG9yaXphdGlvbiJdfSwicmVzb3VyY2VfYWNjZXNzIjp7IjAyMDVjYiI6eyJyb2xlcyI6WyJ1bWFfcHJvdGVjdGlvbiJdfSwiYWNjb3VudCI6eyJyb2xlcyI6WyJtYW5hZ2UtYWNjb3VudCIsIm1hbmFnZS1hY2NvdW50LWxpbmtzIiwidmlldy1wcm9maWxlIl19fSwic2NvcGUiOiJwcm9maWxlIGVtYWlsIiwiZW1haWxfdmVyaWZpZWQiOmZhbHNlLCJjbGllbnRIb3N0IjoiMTAuMTAuMTAuMTUxIiwicHJlZmVycmVkX3VzZXJuYW1lIjoic2VydmljZS1hY2NvdW50LTAyMDVjYiIsImNsaWVudEFkZHJlc3MiOiIxMC4xMC4xMC4xNTEiLCJjbGllbnRfaWQiOiIwMjA1Y2IifQ.bATUogohrEqy7Voa4mFnsBzOnGy6tnjZGh_lOYRn-0hWXMY_fz-280nTu2Vv68eO3HeoewtWlt45S_iLI2-ml3pqpAlt3DXWVmLvVHw6d7TICHBfQsa0jGXMexKnyar7EinrVhF3deSK25Ap_ajC_82EvVvXrVG-7p9F1dEdq39y2R72JympejF5uhY_z_jNmqJSsnLEZVOo3WMJn76u9tTcYVIldC5uWGFWbPGEhvWPx4ZGpsuq_wrPOGdRmyJDFJPJl7LnLGHK0DBhuVtJUq_NFQkMus2fTTf_mWhRnoqNU-wUCS-fxMs6QusGzIVd-C3O29J3rerHTrGg21LAsQ
14:15:02.868 [main] DEBUG org.apache.http.headers - http-outgoing-17 >> Content-Length: 515
14:15:02.868 [main] DEBUG org.apache.http.headers - http-outgoing-17 >> Host: apipanapayqa.coonecta.com.ec
14:15:02.868 [main] DEBUG org.apache.http.headers - http-outgoing-17 >> Connection: Keep-Alive
14:15:02.868 [main] DEBUG org.apache.http.headers - http-outgoing-17 >> User-Agent: Apache-HttpClient/4.5.14 (Java/17.0.12)
14:15:02.868 [main] DEBUG org.apache.http.headers - http-outgoing-17 >> Accept-Encoding: gzip,deflate
14:15:02.868 [main] DEBUG org.apache.http.wire - http-outgoing-17 >> "POST /api/switchcentral/finan/transferencia HTTP/1.1[\r][\n]"
14:15:02.868 [main] DEBUG org.apache.http.wire - http-outgoing-17 >> "Content-Type: application/json; charset=UTF-8[\r][\n]"
14:15:02.868 [main] DEBUG org.apache.http.wire - http-outgoing-17 >> "Authorization: Bearer eyJhbGciOiJSUzI1NiIsInR5cCIgOiAiSldUIiwia2lkIiA6ICI2dUJWTkN6VlViUFBlTFdReEM0WDAyYVM3UnM2UGRYV1dja1dfc0xZMHlFIn0.eyJleHAiOjE3NjExNjA3NTAsImlhdCI6MTc2MTE2MDQ1MCwianRpIjoidHJydGNjOjQ5Yjg0NDVjLTgzYTAtMjI4Ni02NDczLWE2ZGEzOTBhOWQ0YSIsImlzcyI6Imh0dHBzOi8vYXV0ZW50aWNhY2lvbnFhLmNvb25lY3RhLmNvbS5lYy9hdXRoL3JlYWxtcy9QQU5BUEFZIiwiYXVkIjoiYWNjb3VudCIsInN1YiI6Ijk5OGMyZmUwLTJjOGYtNGQwNC1iZjExLWY1OWExZTM5ODg3MyIsInR5cCI6IkJlYXJlciIsImF6cCI6IjAyMDVjYiIsImFjciI6IjEiLCJhbGxvd2VkLW9yaWdpbnMiOlsiLyoiXSwicmVhbG1fYWNjZXNzIjp7InJvbGVzIjpbImRlZmF1bHQtcm9sZXMtYWRtaW5wYW5hcGF5Iiwib2ZmbGluZV9hY2Nlc3MiLCJ1bWFfYXV0aG9yaXphdGlvbiJdfSwicmVzb3VyY2VfYWNjZXNzIjp7IjAyMDVjYiI6eyJyb2xlcyI6WyJ1bWFfcHJvdGVjdGlvbiJdfSwiYWNjb3VudCI6eyJyb2xlcyI6WyJtYW5hZ2UtYWNjb3VudCIsIm1hbmFnZS1hY2NvdW50LWxpbmtzIiwidmlldy1wcm9maWxlIl19fSwic2NvcGUiOiJwcm9maWxlIGVtYWlsIiwiZW1haWxfdmVyaWZpZWQiOmZhbHNlLCJjbGllbnRIb3N0IjoiMTAuMTAuMTAuMTUxIiwicHJlZmVycmVkX3VzZXJuYW1lIjoic2VydmljZS1hY2NvdW50LTAyMDVjYiIsImNsaWVudEFkZHJlc3MiOiIxMC4xMC4xMC4xNTEiLCJjbGllbnRfaWQiOiIwMjA1Y2IifQ.bATUogohrEqy7Voa4mFnsBzOnGy6tnjZGh_lOYRn-0hWXMY_fz-280nTu2Vv68eO3HeoewtWlt45S_iLI2-ml3pqpAlt3DXWVmLvVHw6d7TICHBfQsa0jGXMexKnyar7EinrVhF3deSK25Ap_ajC_82EvVvXrVG-7p9F1dEdq39y2R72JympejF5uhY_z_jNmqJSsnLEZVOo3WMJn76u9tTcYVIldC5uWGFWbPGEhvWPx4ZGpsuq_wrPOGdRmyJDFJPJl7LnLGHK0DBhuVtJUq_NFQkMus2fTTf_mWhRnoqNU-wUCS-fxMs6QusGzIVd-C3O29J3rerHTrGg21LAsQ[\r][\n]"
14:15:02.868 [main] DEBUG org.apache.http.wire - http-outgoing-17 >> "Content-Length: 515[\r][\n]"
14:15:02.868 [main] DEBUG org.apache.http.wire - http-outgoing-17 >> "Host: apipanapayqa.coonecta.com.ec[\r][\n]"
14:15:02.868 [main] DEBUG org.apache.http.wire - http-outgoing-17 >> "Connection: Keep-Alive[\r][\n]"
14:15:02.868 [main] DEBUG org.apache.http.wire - http-outgoing-17 >> "User-Agent: Apache-HttpClient/4.5.14 (Java/17.0.12)[\r][\n]"
14:15:02.868 [main] DEBUG org.apache.http.wire - http-outgoing-17 >> "Accept-Encoding: gzip,deflate[\r][\n]"
14:15:02.868 [main] DEBUG org.apache.http.wire - http-outgoing-17 >> "[\r][\n]"
14:15:02.868 [main] DEBUG org.apache.http.wire - http-outgoing-17 >> "{"GrpHdr":{"msgId":"02052025102245431330268","creDtTm":"2025-10-22T14:15:02","nbOfTxs":1,"sttlmInf":{"sttlmMtd":"INGA"},"instgAgt":{"finInstnId":"0205"},"InstdAgt":{"FinInstnId":"0205"},"Mge":{"Type":"acmt.998.321.01"},"ChnlId":"APP"},"CdtTrfTxInf":{"PmtId":{"EndToEndId":"02052025102273504"},"IntrBkSttlmAmt":{"Amt":15000.0,"Ccy":"USD"},"DbtrAcctId":{"IBAN":"EC5002051000000000020501052673"},"CdtrAcctId":{"IBAN":"EC0402051000000000020101002318"},"Prtry":{"CustRef":"QA22","ChanRef":"TERM001","AgtRef":"AGT0002"}}}"
14:15:04.152 [main] DEBUG org.apache.http.wire - http-outgoing-17 << "HTTP/1.1 400 Bad Request[\r][\n]"
14:15:04.152 [main] DEBUG org.apache.http.wire - http-outgoing-17 << "Date: Wed, 22 Oct 2025 19:14:55 GMT[\r][\n]"
14:15:04.152 [main] DEBUG org.apache.http.wire - http-outgoing-17 << "Content-Type: application/json; charset=utf-8[\r][\n]"
14:15:04.152 [main] DEBUG org.apache.http.wire - http-outgoing-17 << "Transfer-Encoding: chunked[\r][\n]"
14:15:04.152 [main] DEBUG org.apache.http.wire - http-outgoing-17 << "Connection: keep-alive[\r][\n]"
14:15:04.152 [main] DEBUG org.apache.http.wire - http-outgoing-17 << "Server: Kestrel[\r][\n]"
14:15:04.152 [main] DEBUG org.apache.http.wire - http-outgoing-17 << "Set-Cookie: ARRAffinity=135f536e0d078a815c3b83fda3468ab8a3a2abc604a35eefb28648d3961cfa9b;Path=/;HttpOnly;Secure;Domain=app-apipanapay-qa.azurewebsites.net[\r][\n]"
14:15:04.152 [main] DEBUG org.apache.http.wire - http-outgoing-17 << "Set-Cookie: ARRAffinitySameSite=135f536e0d078a815c3b83fda3468ab8a3a2abc604a35eefb28648d3961cfa9b;Path=/;HttpOnly;SameSite=None;Secure;Domain=app-apipanapay-qa.azurewebsites.net[\r][\n]"
14:15:04.152 [main] DEBUG org.apache.http.wire - http-outgoing-17 << "Request-Context: appId=cid-v1:a7a77847-2713-450f-9030-b350a2d54a28[\r][\n]"
14:15:04.152 [main] DEBUG org.apache.http.wire - http-outgoing-17 << "X-Powered-By: ASP.NET[\r][\n]"
14:15:04.152 [main] DEBUG org.apache.http.wire - http-outgoing-17 << "X-ARR-ClientCert: -----BEGIN%20CERTIFICATE-----%0AMIIEHDCCAgSgAwIBAgIUZIZBO0fb7VZ4KXrs01S4RYbWyJ8wDQYJKoZIhvcNAQEL%0ABQAwJTEjMCEGA1UEAwwacm9vdGNlcnQuY2JpYmxpYW4uaW50ZXJuYWwwHhcNMjUw%0AODEzMTMyNTU5WhcNMjgwODEyMTMyNTU5WjAnMSUwIwYDVQQDDBxjbGllbnRjZXJ0%0ALmNiaWJsaWFuLmludGVybmFsMIIBIjANBgkqhkiG9w0BAQEFAAOCAQ8AMIIBCgKC%0AAQEAskUDap6NmyYq8RT6F7z3DpZGQiflNQTvUT84TmxsKXEBRAkgINnkJqgKkd7f%0ASEybzqglQTbr4s41lCiPsy3X66qYjU2L%2Bojhni%2BOCVOX7n3JBYovL%2FqfMP3%2FkhZP%0AQIlK%2FQWPcrnl39fYkGOQv%2BYqoCGEPzGkib2m1Ma5Q1HOCKh1ErMjqTLGy%2ByJj6JY%0AiZvMx3YrJSvjUS0uKpNwxPtGyiexRfKsmR%2FHqPzRHa0iY%2B752KSgUedwJPv1Wod%2B%0AY9BMAMIdU25UtkUEsaOYtorGWDaZSn2Bl0LYmP87kjcYypnHx0jtPtUCXfVHrE6u%0AZnDRFYsZbeXylY3mJkyOL2DzZwIDAQABo0IwQDAdBgNVHQ4EFgQURPhJwTAcUWUp%0ArOqQO68P%2FbJoqjMwHwYDVR0jBBgwFoAU7GdlxoSeEXucEXhjadHRC9xzS0UwDQYJ%0AKoZIhvcNAQELBQADggIBAGTnlyF2n%2F6s9phYbO8V17niO0BXB62ToX6gPhcw9f3y%0AhMui6RnrM1oiHlBWqZquCqYJ5ETvYJE1RqvoqtGysxCnIj0OTJHV4WtF3SHsd1Tu%0ATg%2B%2FUnGivtBTDQxj9sbAtCaSYRBqPByP8jvSTDgXR1mgOrEGjr2PZdZSoKLj4OHi%0A9UCMJw7pJsyA4lbroKshQTYv5Ks5SqtJpdp0%2BUX0UUlbPJqXiadfbKdoXvEgcwbP%0ACqR9v7kGYmNxfaGLNGVrV%2BnLawIDmdYXJE%2F4WJh6sHfiZxEsE%2BB4PoKADrb1Eapt%0AnSdHUgRfc0i5f2lcmErnU8nCMO5TWdHFOgpYwTS8w17FhNFZpaSmyZKM7uHcUs7y%0AUbuiQtdXocfSSMf%2FeycBEU%2FHAVIWQEqY%2BbJdC0q%2FR%2BsESeBtXd4IEIxR0QfgscGk%0AJyCSFC8z%2FvCgrRsH5rePqKO7%2FLAsDTP4GIQNFNfF4Wh6bsPXuJmvvoMcnmy%2F58Wo%0AE0XaG8UPHVAeyEmhncdM32E7SJbR91aRr2CkV23OoUz%2BwKG2%2FuObHmAkuMkCbbcz%0AJQoC7DZg5FGw%2BZR7v1DIBct5QNJQ8bG%2FXGRxjWC6dU7jrGhOF1X%2B2YYcdx9XnwyM%0A9YPxUy5bVfMhIiKP2wEso5fjOZ4RTvnB5R6zD3maJK%2FtZAXVhtyqXSkBYFi4MvEs%0A-----END%20CERTIFICATE-----%0A[\r][\n]"
14:15:04.152 [main] DEBUG org.apache.http.wire - http-outgoing-17 << "[\r][\n]"
14:15:04.152 [main] DEBUG org.apache.http.wire - http-outgoing-17 << "1e2[\r][\n]"
14:15:04.152 [main] DEBUG org.apache.http.wire - http-outgoing-17 << "{"GrpHdr":{"MsgId":"000020251022020370","CreDtTm":"2025-10-22T14:14:56","NbOfTxs":1,"SttlmInf":{"SttlmMtd":"INGA"},"InstgAgt":{"FinInstnId":"0205"},"InstdAgt":{"FinInstnId":"0205"},"Mge":{"Type":"acmt.998.322.001"},"ChnlId":"APP"},"CdtTrfTxInf":{"OrgnGrpInf":{"OrgnlMsgId":"02052025102245431330268","OrgnlMgeType":"acmt.998.321.01","OrgnlCreDtTm":"2025-10-22T14:15:02"},"TxSts":"ERR","Rsn":{"RsnCd":"AM02","AddtlInf":"El monto excede el m[0xc3][0xa1]ximo permitido."},"SttlmDt":"2025-10-22"}}[\r][\n]"
14:15:04.152 [main] DEBUG org.apache.http.wire - http-outgoing-17 << "0[\r][\n]"
14:15:04.152 [main] DEBUG org.apache.http.wire - http-outgoing-17 << "[\r][\n]"
14:15:04.152 [main] DEBUG org.apache.http.headers - http-outgoing-17 << HTTP/1.1 400 Bad Request
14:15:04.152 [main] DEBUG org.apache.http.headers - http-outgoing-17 << Date: Wed, 22 Oct 2025 19:14:55 GMT
14:15:04.152 [main] DEBUG org.apache.http.headers - http-outgoing-17 << Content-Type: application/json; charset=utf-8
14:15:04.152 [main] DEBUG org.apache.http.headers - http-outgoing-17 << Transfer-Encoding: chunked
14:15:04.152 [main] DEBUG org.apache.http.headers - http-outgoing-17 << Connection: keep-alive
14:15:04.152 [main] DEBUG org.apache.http.headers - http-outgoing-17 << Server: Kestrel
14:15:04.152 [main] DEBUG org.apache.http.headers - http-outgoing-17 << Set-Cookie: ARRAffinity=135f536e0d078a815c3b83fda3468ab8a3a2abc604a35eefb28648d3961cfa9b;Path=/;HttpOnly;Secure;Domain=app-apipanapay-qa.azurewebsites.net
14:15:04.152 [main] DEBUG org.apache.http.headers - http-outgoing-17 << Set-Cookie: ARRAffinitySameSite=135f536e0d078a815c3b83fda3468ab8a3a2abc604a35eefb28648d3961cfa9b;Path=/;HttpOnly;SameSite=None;Secure;Domain=app-apipanapay-qa.azurewebsites.net
14:15:04.152 [main] DEBUG org.apache.http.headers - http-outgoing-17 << Request-Context: appId=cid-v1:a7a77847-2713-450f-9030-b350a2d54a28
14:15:04.152 [main] DEBUG org.apache.http.headers - http-outgoing-17 << X-Powered-By: ASP.NET
14:15:04.152 [main] DEBUG org.apache.http.headers - http-outgoing-17 << X-ARR-ClientCert: -----BEGIN%20CERTIFICATE-----%0AMIIEHDCCAgSgAwIBAgIUZIZBO0fb7VZ4KXrs01S4RYbWyJ8wDQYJKoZIhvcNAQEL%0ABQAwJTEjMCEGA1UEAwwacm9vdGNlcnQuY2JpYmxpYW4uaW50ZXJuYWwwHhcNMjUw%0AODEzMTMyNTU5WhcNMjgwODEyMTMyNTU5WjAnMSUwIwYDVQQDDBxjbGllbnRjZXJ0%0ALmNiaWJsaWFuLmludGVybmFsMIIBIjANBgkqhkiG9w0BAQEFAAOCAQ8AMIIBCgKC%0AAQEAskUDap6NmyYq8RT6F7z3DpZGQiflNQTvUT84TmxsKXEBRAkgINnkJqgKkd7f%0ASEybzqglQTbr4s41lCiPsy3X66qYjU2L%2Bojhni%2BOCVOX7n3JBYovL%2FqfMP3%2FkhZP%0AQIlK%2FQWPcrnl39fYkGOQv%2BYqoCGEPzGkib2m1Ma5Q1HOCKh1ErMjqTLGy%2ByJj6JY%0AiZvMx3YrJSvjUS0uKpNwxPtGyiexRfKsmR%2FHqPzRHa0iY%2B752KSgUedwJPv1Wod%2B%0AY9BMAMIdU25UtkUEsaOYtorGWDaZSn2Bl0LYmP87kjcYypnHx0jtPtUCXfVHrE6u%0AZnDRFYsZbeXylY3mJkyOL2DzZwIDAQABo0IwQDAdBgNVHQ4EFgQURPhJwTAcUWUp%0ArOqQO68P%2FbJoqjMwHwYDVR0jBBgwFoAU7GdlxoSeEXucEXhjadHRC9xzS0UwDQYJ%0AKoZIhvcNAQELBQADggIBAGTnlyF2n%2F6s9phYbO8V17niO0BXB62ToX6gPhcw9f3y%0AhMui6RnrM1oiHlBWqZquCqYJ5ETvYJE1RqvoqtGysxCnIj0OTJHV4WtF3SHsd1Tu%0ATg%2B%2FUnGivtBTDQxj9sbAtCaSYRBqPByP8jvSTDgXR1mgOrEGjr2PZdZSoKLj4OHi%0A9UCMJw7pJsyA4lbroKshQTYv5Ks5SqtJpdp0%2BUX0UUlbPJqXiadfbKdoXvEgcwbP%0ACqR9v7kGYmNxfaGLNGVrV%2BnLawIDmdYXJE%2F4WJh6sHfiZxEsE%2BB4PoKADrb1Eapt%0AnSdHUgRfc0i5f2lcmErnU8nCMO5TWdHFOgpYwTS8w17FhNFZpaSmyZKM7uHcUs7y%0AUbuiQtdXocfSSMf%2FeycBEU%2FHAVIWQEqY%2BbJdC0q%2FR%2BsESeBtXd4IEIxR0QfgscGk%0AJyCSFC8z%2FvCgrRsH5rePqKO7%2FLAsDTP4GIQNFNfF4Wh6bsPXuJmvvoMcnmy%2F58Wo%0AE0XaG8UPHVAeyEmhncdM32E7SJbR91aRr2CkV23OoUz%2BwKG2%2FuObHmAkuMkCbbcz%0AJQoC7DZg5FGw%2BZR7v1DIBct5QNJQ8bG%2FXGRxjWC6dU7jrGhOF1X%2B2YYcdx9XnwyM%0A9YPxUy5bVfMhIiKP2wEso5fjOZ4RTvnB5R6zD3maJK%2FtZAXVhtyqXSkBYFi4MvEs%0A-----END%20CERTIFICATE-----%0A
14:15:04.152 [main] DEBUG org.apache.http.impl.execchain.MainClientExec - Connection can be kept alive indefinitely
14:15:04.152 [main] DEBUG org.apache.http.client.protocol.ResponseProcessCookies - Cookie accepted [ARRAffinity="135f536e0d078a815c3b83fda3468ab8a3a2abc604a35eefb28648d3961cfa9b", version:0, domain:app-apipanapay-qa.azurewebsites.net, path:/, expiry:null]
14:15:04.152 [main] DEBUG org.apache.http.client.protocol.ResponseProcessCookies - Cookie accepted [ARRAffinitySameSite="135f536e0d078a815c3b83fda3468ab8a3a2abc604a35eefb28648d3961cfa9b", version:0, domain:app-apipanapay-qa.azurewebsites.net, path:/, expiry:null]
14:15:04.152 [main] DEBUG org.apache.http.impl.conn.PoolingHttpClientConnectionManager - Connection [id: 17][route: {s}->https://apipanapayqa.coonecta.com.ec:443][state: CN=clientcert.cbiblian.internal] can be kept alive indefinitely
14:15:04.152 [main] DEBUG org.apache.http.impl.conn.DefaultManagedHttpClientConnection - http-outgoing-17: set socket timeout to 0
14:15:04.152 [main] DEBUG org.apache.http.impl.conn.PoolingHttpClientConnectionManager - Connection released: [id: 17][route: {s}->https://apipanapayqa.coonecta.com.ec:443][state: CN=clientcert.cbiblian.internal][total available: 1; route allocated: 1 of 5; total allocated: 1 of 10]
14:15:04.152 [main] DEBUG org.apache.http.impl.conn.PoolingHttpClientConnectionManager - Connection manager is shutting down
14:15:04.152 [main] DEBUG org.apache.http.impl.conn.DefaultManagedHttpClientConnection - http-outgoing-17: Close connection
14:15:04.152 [main] DEBUG org.apache.http.impl.conn.PoolingHttpClientConnectionManager - Connection manager shut down
14:15:04.152 [main] DEBUG com.intuit.karate - response time in milliseconds: 1565
1 < 400
1 < Date: Wed, 22 Oct 2025 19:14:55 GMT
1 < Content-Type: application/json; charset=utf-8
1 < Transfer-Encoding: chunked
1 < Connection: keep-alive
1 < Server: Kestrel
1 < Set-Cookie: ARRAffinity=135f536e0d078a815c3b83fda3468ab8a3a2abc604a35eefb28648d3961cfa9b;Path=/;HttpOnly;Secure;Domain=app-apipanapay-qa.azurewebsites.net
1 < Set-Cookie: ARRAffinitySameSite=135f536e0d078a815c3b83fda3468ab8a3a2abc604a35eefb28648d3961cfa9b;Path=/;HttpOnly;SameSite=None;Secure;Domain=app-apipanapay-qa.azurewebsites.net
1 < Request-Context: appId=cid-v1:a7a77847-2713-450f-9030-b350a2d54a28
1 < X-Powered-By: ASP.NET
1 < X-ARR-ClientCert: -----BEGIN%20CERTIFICATE-----%0AMIIEHDCCAgSgAwIBAgIUZIZBO0fb7VZ4KXrs01S4RYbWyJ8wDQYJKoZIhvcNAQEL%0ABQAwJTEjMCEGA1UEAwwacm9vdGNlcnQuY2JpYmxpYW4uaW50ZXJuYWwwHhcNMjUw%0AODEzMTMyNTU5WhcNMjgwODEyMTMyNTU5WjAnMSUwIwYDVQQDDBxjbGllbnRjZXJ0%0ALmNiaWJsaWFuLmludGVybmFsMIIBIjANBgkqhkiG9w0BAQEFAAOCAQ8AMIIBCgKC%0AAQEAskUDap6NmyYq8RT6F7z3DpZGQiflNQTvUT84TmxsKXEBRAkgINnkJqgKkd7f%0ASEybzqglQTbr4s41lCiPsy3X66qYjU2L%2Bojhni%2BOCVOX7n3JBYovL%2FqfMP3%2FkhZP%0AQIlK%2FQWPcrnl39fYkGOQv%2BYqoCGEPzGkib2m1Ma5Q1HOCKh1ErMjqTLGy%2ByJj6JY%0AiZvMx3YrJSvjUS0uKpNwxPtGyiexRfKsmR%2FHqPzRHa0iY%2B752KSgUedwJPv1Wod%2B%0AY9BMAMIdU25UtkUEsaOYtorGWDaZSn2Bl0LYmP87kjcYypnHx0jtPtUCXfVHrE6u%0AZnDRFYsZbeXylY3mJkyOL2DzZwIDAQABo0IwQDAdBgNVHQ4EFgQURPhJwTAcUWUp%0ArOqQO68P%2FbJoqjMwHwYDVR0jBBgwFoAU7GdlxoSeEXucEXhjadHRC9xzS0UwDQYJ%0AKoZIhvcNAQELBQADggIBAGTnlyF2n%2F6s9phYbO8V17niO0BXB62ToX6gPhcw9f3y%0AhMui6RnrM1oiHlBWqZquCqYJ5ETvYJE1RqvoqtGysxCnIj0OTJHV4WtF3SHsd1Tu%0ATg%2B%2FUnGivtBTDQxj9sbAtCaSYRBqPByP8jvSTDgXR1mgOrEGjr2PZdZSoKLj4OHi%0A9UCMJw7pJsyA4lbroKshQTYv5Ks5SqtJpdp0%2BUX0UUlbPJqXiadfbKdoXvEgcwbP%0ACqR9v7kGYmNxfaGLNGVrV%2BnLawIDmdYXJE%2F4WJh6sHfiZxEsE%2BB4PoKADrb1Eapt%0AnSdHUgRfc0i5f2lcmErnU8nCMO5TWdHFOgpYwTS8w17FhNFZpaSmyZKM7uHcUs7y%0AUbuiQtdXocfSSMf%2FeycBEU%2FHAVIWQEqY%2BbJdC0q%2FR%2BsESeBtXd4IEIxR0QfgscGk%0AJyCSFC8z%2FvCgrRsH5rePqKO7%2FLAsDTP4GIQNFNfF4Wh6bsPXuJmvvoMcnmy%2F58Wo%0AE0XaG8UPHVAeyEmhncdM32E7SJbR91aRr2CkV23OoUz%2BwKG2%2FuObHmAkuMkCbbcz%0AJQoC7DZg5FGw%2BZR7v1DIBct5QNJQ8bG%2FXGRxjWC6dU7jrGhOF1X%2B2YYcdx9XnwyM%0A9YPxUy5bVfMhIiKP2wEso5fjOZ4RTvnB5R6zD3maJK%2FtZAXVhtyqXSkBYFi4MvEs%0A-----END%20CERTIFICATE-----%0A
{"GrpHdr":{"MsgId":"000020251022020370","CreDtTm":"2025-10-22T14:14:56","NbOfTxs":1,"SttlmInf":{"SttlmMtd":"INGA"},"InstgAgt":{"FinInstnId":"0205"},"InstdAgt":{"FinInstnId":"0205"},"Mge":{"Type":"acmt.998.322.001"},"ChnlId":"APP"},"CdtTrfTxInf":{"OrgnGrpInf":{"OrgnlMsgId":"02052025102245431330268","OrgnlMgeType":"acmt.998.321.01","OrgnlCreDtTm":"2025-10-22T14:15:02"},"TxSts":"ERR","Rsn":{"RsnCd":"AM02","AddtlInf":"El monto excede el máximo permitido."},"SttlmDt":"2025-10-22"}}

14:15:04.155 [main] ERROR com.intuit.karate - classpath:Transferencia.feature:363
Then match responseStatus in normalizedStatus
no step-definition method match found for: match responseStatus in normalizedStatus
classpath:Transferencia.feature:363
]]></system-out>
  </testcase>
  <testcase name="[18:367] Transferencia no exitosa, fondos insuficientes" classname="Transferencia" time="2.246">
    <failure message="no step-definition method match found for: match responseStatus in normalizedStatus&#10;classpath:Transferencia.feature:374" type="org.opentest4j.AssertionFailedError"><![CDATA[org.opentest4j.AssertionFailedError: 
no step-definition method match found for: match responseStatus in normalizedStatus
classpath:Transferencia.feature:374
	at org.junit.jupiter.api.AssertionUtils.fail(AssertionUtils.java:38)
	at org.junit.jupiter.api.Assertions.fail(Assertions.java:135)
	at com.intuit.karate.junit5.FeatureNode.lambda$next$1(FeatureNode.java:86)
	at org.junit.jupiter.engine.descriptor.DynamicTestTestDescriptor.lambda$execute$0(DynamicTestTestDescriptor.java:53)
	at org.junit.jupiter.engine.execution.InvocationInterceptorChain$ValidatingInvocation.proceed(InvocationInterceptorChain.java:131)
	at org.junit.jupiter.api.extension.InvocationInterceptor.interceptDynamicTest(InvocationInterceptor.java:167)
	at org.junit.jupiter.api.extension.InvocationInterceptor.interceptDynamicTest(InvocationInterceptor.java:184)
	at org.junit.jupiter.engine.descriptor.DynamicTestTestDescriptor.lambda$execute$1(DynamicTestTestDescriptor.java:61)
	at org.junit.jupiter.engine.execution.InvocationInterceptorChain$InterceptorCall.lambda$ofVoid$0(InvocationInterceptorChain.java:78)
	at org.junit.jupiter.engine.execution.InvocationInterceptorChain$InterceptedInvocation.proceed(InvocationInterceptorChain.java:106)
	at org.junit.jupiter.engine.execution.InvocationInterceptorChain.proceed(InvocationInterceptorChain.java:64)
	at org.junit.jupiter.engine.execution.InvocationInterceptorChain.chainAndInvoke(InvocationInterceptorChain.java:45)
	at org.junit.jupiter.engine.execution.InvocationInterceptorChain.invoke(InvocationInterceptorChain.java:37)
	at org.junit.jupiter.engine.descriptor.DynamicTestTestDescriptor.execute(DynamicTestTestDescriptor.java:60)
	at org.junit.jupiter.engine.descriptor.DynamicTestTestDescriptor.execute(DynamicTestTestDescriptor.java:32)
	at org.junit.platform.engine.support.hierarchical.NodeTestTask.lambda$executeRecursively$6(NodeTestTask.java:151)
	at org.junit.platform.engine.support.hierarchical.ThrowableCollector.execute(ThrowableCollector.java:73)
	at org.junit.platform.engine.support.hierarchical.NodeTestTask.lambda$executeRecursively$8(NodeTestTask.java:141)
	at org.junit.platform.engine.support.hierarchical.Node.around(Node.java:137)
	at org.junit.platform.engine.support.hierarchical.NodeTestTask.lambda$executeRecursively$9(NodeTestTask.java:139)
	at org.junit.platform.engine.support.hierarchical.ThrowableCollector.execute(ThrowableCollector.java:73)
	at org.junit.platform.engine.support.hierarchical.NodeTestTask.executeRecursively(NodeTestTask.java:138)
	at org.junit.platform.engine.support.hierarchical.NodeTestTask.execute(NodeTestTask.java:95)
	at org.junit.platform.engine.support.hierarchical.SameThreadHierarchicalTestExecutorService.submit(SameThreadHierarchicalTestExecutorService.java:35)
	at org.junit.platform.engine.support.hierarchical.NodeTestTask$DefaultDynamicTestExecutor.execute(NodeTestTask.java:226)
	at org.junit.platform.engine.support.hierarchical.NodeTestTask$DefaultDynamicTestExecutor.execute(NodeTestTask.java:204)
	at java.base/java.util.stream.ForEachOps$ForEachOp$OfRef.accept(ForEachOps.java:183)
	at java.base/java.util.stream.ReferencePipeline$3$1.accept(ReferencePipeline.java:197)
	at java.base/java.util.stream.ReferencePipeline$2$1.accept(ReferencePipeline.java:179)
	at java.base/java.util.stream.ReferencePipeline$3$1.accept(ReferencePipeline.java:197)
	at java.base/java.util.Iterator.forEachRemaining(Iterator.java:133)
	at java.base/java.util.Spliterators$IteratorSpliterator.forEachRemaining(Spliterators.java:1845)
	at java.base/java.util.stream.AbstractPipeline.copyInto(AbstractPipeline.java:509)
	at java.base/java.util.stream.AbstractPipeline.wrapAndCopyInto(AbstractPipeline.java:499)
	at java.base/java.util.stream.ForEachOps$ForEachOp.evaluateSequential(ForEachOps.java:150)
	at java.base/java.util.stream.ForEachOps$ForEachOp$OfRef.evaluateSequential(ForEachOps.java:173)
	at java.base/java.util.stream.AbstractPipeline.evaluate(AbstractPipeline.java:234)
	at java.base/java.util.stream.ReferencePipeline.forEachOrdered(ReferencePipeline.java:601)
	at org.junit.jupiter.engine.descriptor.DynamicContainerTestDescriptor.execute(DynamicContainerTestDescriptor.java:67)
	at org.junit.jupiter.engine.descriptor.DynamicContainerTestDescriptor.execute(DynamicContainerTestDescriptor.java:33)
	at org.junit.platform.engine.support.hierarchical.NodeTestTask.lambda$executeRecursively$6(NodeTestTask.java:151)
	at org.junit.platform.engine.support.hierarchical.ThrowableCollector.execute(ThrowableCollector.java:73)
	at org.junit.platform.engine.support.hierarchical.NodeTestTask.lambda$executeRecursively$8(NodeTestTask.java:141)
	at org.junit.platform.engine.support.hierarchical.Node.around(Node.java:137)
	at org.junit.platform.engine.support.hierarchical.NodeTestTask.lambda$executeRecursively$9(NodeTestTask.java:139)
	at org.junit.platform.engine.support.hierarchical.ThrowableCollector.execute(ThrowableCollector.java:73)
	at org.junit.platform.engine.support.hierarchical.NodeTestTask.executeRecursively(NodeTestTask.java:138)
	at org.junit.platform.engine.support.hierarchical.NodeTestTask.execute(NodeTestTask.java:95)
	at org.junit.platform.engine.support.hierarchical.SameThreadHierarchicalTestExecutorService.submit(SameThreadHierarchicalTestExecutorService.java:35)
	at org.junit.platform.engine.support.hierarchical.NodeTestTask$DefaultDynamicTestExecutor.execute(NodeTestTask.java:226)
	at org.junit.platform.engine.support.hierarchical.NodeTestTask$DefaultDynamicTestExecutor.execute(NodeTestTask.java:204)
	at java.base/java.util.Optional.ifPresent(Optional.java:178)
	at org.junit.jupiter.engine.descriptor.TestFactoryTestDescriptor.lambda$invokeTestMethod$1(TestFactoryTestDescriptor.java:108)
	at org.junit.platform.engine.support.hierarchical.ThrowableCollector.execute(ThrowableCollector.java:73)
	at org.junit.jupiter.engine.descriptor.TestFactoryTestDescriptor.invokeTestMethod(TestFactoryTestDescriptor.java:95)
	at org.junit.jupiter.engine.descriptor.TestMethodTestDescriptor.execute(TestMethodTestDescriptor.java:138)
	at org.junit.jupiter.engine.descriptor.TestMethodTestDescriptor.execute(TestMethodTestDescriptor.java:68)
	at org.junit.platform.engine.support.hierarchical.NodeTestTask.lambda$executeRecursively$6(NodeTestTask.java:151)
	at org.junit.platform.engine.support.hierarchical.ThrowableCollector.execute(ThrowableCollector.java:73)
	at org.junit.platform.engine.support.hierarchical.NodeTestTask.lambda$executeRecursively$8(NodeTestTask.java:141)
	at org.junit.platform.engine.support.hierarchical.Node.around(Node.java:137)
	at org.junit.platform.engine.support.hierarchical.NodeTestTask.lambda$executeRecursively$9(NodeTestTask.java:139)
	at org.junit.platform.engine.support.hierarchical.ThrowableCollector.execute(ThrowableCollector.java:73)
	at org.junit.platform.engine.support.hierarchical.NodeTestTask.executeRecursively(NodeTestTask.java:138)
	at org.junit.platform.engine.support.hierarchical.NodeTestTask.execute(NodeTestTask.java:95)
	at java.base/java.util.ArrayList.forEach(ArrayList.java:1511)
	at org.junit.platform.engine.support.hierarchical.SameThreadHierarchicalTestExecutorService.invokeAll(SameThreadHierarchicalTestExecutorService.java:41)
	at org.junit.platform.engine.support.hierarchical.NodeTestTask.lambda$executeRecursively$6(NodeTestTask.java:155)
	at org.junit.platform.engine.support.hierarchical.ThrowableCollector.execute(ThrowableCollector.java:73)
	at org.junit.platform.engine.support.hierarchical.NodeTestTask.lambda$executeRecursively$8(NodeTestTask.java:141)
	at org.junit.platform.engine.support.hierarchical.Node.around(Node.java:137)
	at org.junit.platform.engine.support.hierarchical.NodeTestTask.lambda$executeRecursively$9(NodeTestTask.java:139)
	at org.junit.platform.engine.support.hierarchical.ThrowableCollector.execute(ThrowableCollector.java:73)
	at org.junit.platform.engine.support.hierarchical.NodeTestTask.executeRecursively(NodeTestTask.java:138)
	at org.junit.platform.engine.support.hierarchical.NodeTestTask.execute(NodeTestTask.java:95)
	at java.base/java.util.ArrayList.forEach(ArrayList.java:1511)
	at org.junit.platform.engine.support.hierarchical.SameThreadHierarchicalTestExecutorService.invokeAll(SameThreadHierarchicalTestExecutorService.java:41)
	at org.junit.platform.engine.support.hierarchical.NodeTestTask.lambda$executeRecursively$6(NodeTestTask.java:155)
	at org.junit.platform.engine.support.hierarchical.ThrowableCollector.execute(ThrowableCollector.java:73)
	at org.junit.platform.engine.support.hierarchical.NodeTestTask.lambda$executeRecursively$8(NodeTestTask.java:141)
	at org.junit.platform.engine.support.hierarchical.Node.around(Node.java:137)
	at org.junit.platform.engine.support.hierarchical.NodeTestTask.lambda$executeRecursively$9(NodeTestTask.java:139)
	at org.junit.platform.engine.support.hierarchical.ThrowableCollector.execute(ThrowableCollector.java:73)
	at org.junit.platform.engine.support.hierarchical.NodeTestTask.executeRecursively(NodeTestTask.java:138)
	at org.junit.platform.engine.support.hierarchical.NodeTestTask.execute(NodeTestTask.java:95)
	at org.junit.platform.engine.support.hierarchical.SameThreadHierarchicalTestExecutorService.submit(SameThreadHierarchicalTestExecutorService.java:35)
	at org.junit.platform.engine.support.hierarchical.HierarchicalTestExecutor.execute(HierarchicalTestExecutor.java:57)
	at org.junit.platform.engine.support.hierarchical.HierarchicalTestEngine.execute(HierarchicalTestEngine.java:54)
	at org.junit.platform.launcher.core.EngineExecutionOrchestrator.execute(EngineExecutionOrchestrator.java:147)
	at org.junit.platform.launcher.core.EngineExecutionOrchestrator.execute(EngineExecutionOrchestrator.java:127)
	at org.junit.platform.launcher.core.EngineExecutionOrchestrator.execute(EngineExecutionOrchestrator.java:90)
	at org.junit.platform.launcher.core.EngineExecutionOrchestrator.lambda$execute$0(EngineExecutionOrchestrator.java:55)
	at org.junit.platform.launcher.core.EngineExecutionOrchestrator.withInterceptedStreams(EngineExecutionOrchestrator.java:102)
	at org.junit.platform.launcher.core.EngineExecutionOrchestrator.execute(EngineExecutionOrchestrator.java:54)
	at org.junit.platform.launcher.core.DefaultLauncher.execute(DefaultLauncher.java:114)
	at org.junit.platform.launcher.core.DefaultLauncher.execute(DefaultLauncher.java:86)
	at org.junit.platform.launcher.core.DefaultLauncherSession$DelegatingLauncher.execute(DefaultLauncherSession.java:86)
	at org.apache.maven.surefire.junitplatform.LazyLauncher.execute(LazyLauncher.java:56)
	at org.apache.maven.surefire.junitplatform.JUnitPlatformProvider.execute(JUnitPlatformProvider.java:184)
	at org.apache.maven.surefire.junitplatform.JUnitPlatformProvider.invokeAllTests(JUnitPlatformProvider.java:148)
	at org.apache.maven.surefire.junitplatform.JUnitPlatformProvider.invoke(JUnitPlatformProvider.java:122)
	at org.apache.maven.surefire.booter.ForkedBooter.runSuitesInProcess(ForkedBooter.java:385)
	at org.apache.maven.surefire.booter.ForkedBooter.execute(ForkedBooter.java:162)
	at org.apache.maven.surefire.booter.ForkedBooter.run(ForkedBooter.java:507)
	at org.apache.maven.surefire.booter.ForkedBooter.main(ForkedBooter.java:495)
]]></failure>
    <system-out><![CDATA[14:15:04.171 [main] DEBUG com.intuit.karate - key store key count for classpath:certificado/clientcert.cbiblian.internal 1.pfx: 1
14:15:04.183 [main] DEBUG com.jayway.jsonpath.internal.path.CompiledPath - Evaluating path: $
14:15:04.185 [main] DEBUG com.jayway.jsonpath.internal.path.CompiledPath - Evaluating path: $['Authorization']
14:15:04.185 [main] DEBUG com.jayway.jsonpath.internal.path.CompiledPath - Evaluating path: $
14:15:04.185 [main] DEBUG com.jayway.jsonpath.internal.path.CompiledPath - Evaluating path: $
14:15:04.185 [main] DEBUG com.jayway.jsonpath.internal.JsonContext - Put path $ key Authorization value {}
14:15:04.185 [main] DEBUG com.jayway.jsonpath.internal.path.CompiledPath - Evaluating path: $
14:15:04.185 [main] DEBUG com.jayway.jsonpath.internal.JsonContext - Put path $ key Authorization value Bearer eyJhbGciOiJSUzI1NiIsInR5cCIgOiAiSldUIiwia2lkIiA6ICI2dUJWTkN6VlViUFBlTFdReEM0WDAyYVM3UnM2UGRYV1dja1dfc0xZMHlFIn0.eyJleHAiOjE3NjExNjA3NTAsImlhdCI6MTc2MTE2MDQ1MCwianRpIjoidHJydGNjOjQ5Yjg0NDVjLTgzYTAtMjI4Ni02NDczLWE2ZGEzOTBhOWQ0YSIsImlzcyI6Imh0dHBzOi8vYXV0ZW50aWNhY2lvbnFhLmNvb25lY3RhLmNvbS5lYy9hdXRoL3JlYWxtcy9QQU5BUEFZIiwiYXVkIjoiYWNjb3VudCIsInN1YiI6Ijk5OGMyZmUwLTJjOGYtNGQwNC1iZjExLWY1OWExZTM5ODg3MyIsInR5cCI6IkJlYXJlciIsImF6cCI6IjAyMDVjYiIsImFjciI6IjEiLCJhbGxvd2VkLW9yaWdpbnMiOlsiLyoiXSwicmVhbG1fYWNjZXNzIjp7InJvbGVzIjpbImRlZmF1bHQtcm9sZXMtYWRtaW5wYW5hcGF5Iiwib2ZmbGluZV9hY2Nlc3MiLCJ1bWFfYXV0aG9yaXphdGlvbiJdfSwicmVzb3VyY2VfYWNjZXNzIjp7IjAyMDVjYiI6eyJyb2xlcyI6WyJ1bWFfcHJvdGVjdGlvbiJdfSwiYWNjb3VudCI6eyJyb2xlcyI6WyJtYW5hZ2UtYWNjb3VudCIsIm1hbmFnZS1hY2NvdW50LWxpbmtzIiwidmlldy1wcm9maWxlIl19fSwic2NvcGUiOiJwcm9maWxlIGVtYWlsIiwiZW1haWxfdmVyaWZpZWQiOmZhbHNlLCJjbGllbnRIb3N0IjoiMTAuMTAuMTAuMTUxIiwicHJlZmVycmVkX3VzZXJuYW1lIjoic2VydmljZS1hY2NvdW50LTAyMDVjYiIsImNsaWVudEFkZHJlc3MiOiIxMC4xMC4xMC4xNTEiLCJjbGllbnRfaWQiOiIwMjA1Y2IifQ.bATUogohrEqy7Voa4mFnsBzOnGy6tnjZGh_lOYRn-0hWXMY_fz-280nTu2Vv68eO3HeoewtWlt45S_iLI2-ml3pqpAlt3DXWVmLvVHw6d7TICHBfQsa0jGXMexKnyar7EinrVhF3deSK25Ap_ajC_82EvVvXrVG-7p9F1dEdq39y2R72JympejF5uhY_z_jNmqJSsnLEZVOo3WMJn76u9tTcYVIldC5uWGFWbPGEhvWPx4ZGpsuq_wrPOGdRmyJDFJPJl7LnLGHK0DBhuVtJUq_NFQkMus2fTTf_mWhRnoqNU-wUCS-fxMs6QusGzIVd-C3O29J3rerHTrGg21LAsQ
14:15:04.187 [main] DEBUG com.jayway.jsonpath.internal.path.CompiledPath - Evaluating path: $
14:15:04.217 [main] DEBUG com.jayway.jsonpath.internal.path.CompiledPath - Evaluating path: $
14:15:04.223 [main] DEBUG org.apache.http.client.protocol.RequestAddCookies - CookieSpec selected: karate
14:15:04.225 [main] DEBUG org.apache.http.client.protocol.RequestAuthCache - Auth cache not set in the context
14:15:04.225 [main] DEBUG com.intuit.karate - request:
1 > POST https://apipanapayqa.coonecta.com.ec/api/switchcentral/finan/transferencia
1 > Content-Type: application/json; charset=UTF-8
1 > Authorization: Bearer eyJhbGciOiJSUzI1NiIsInR5cCIgOiAiSldUIiwia2lkIiA6ICI2dUJWTkN6VlViUFBlTFdReEM0WDAyYVM3UnM2UGRYV1dja1dfc0xZMHlFIn0.eyJleHAiOjE3NjExNjA3NTAsImlhdCI6MTc2MTE2MDQ1MCwianRpIjoidHJydGNjOjQ5Yjg0NDVjLTgzYTAtMjI4Ni02NDczLWE2ZGEzOTBhOWQ0YSIsImlzcyI6Imh0dHBzOi8vYXV0ZW50aWNhY2lvbnFhLmNvb25lY3RhLmNvbS5lYy9hdXRoL3JlYWxtcy9QQU5BUEFZIiwiYXVkIjoiYWNjb3VudCIsInN1YiI6Ijk5OGMyZmUwLTJjOGYtNGQwNC1iZjExLWY1OWExZTM5ODg3MyIsInR5cCI6IkJlYXJlciIsImF6cCI6IjAyMDVjYiIsImFjciI6IjEiLCJhbGxvd2VkLW9yaWdpbnMiOlsiLyoiXSwicmVhbG1fYWNjZXNzIjp7InJvbGVzIjpbImRlZmF1bHQtcm9sZXMtYWRtaW5wYW5hcGF5Iiwib2ZmbGluZV9hY2Nlc3MiLCJ1bWFfYXV0aG9yaXphdGlvbiJdfSwicmVzb3VyY2VfYWNjZXNzIjp7IjAyMDVjYiI6eyJyb2xlcyI6WyJ1bWFfcHJvdGVjdGlvbiJdfSwiYWNjb3VudCI6eyJyb2xlcyI6WyJtYW5hZ2UtYWNjb3VudCIsIm1hbmFnZS1hY2NvdW50LWxpbmtzIiwidmlldy1wcm9maWxlIl19fSwic2NvcGUiOiJwcm9maWxlIGVtYWlsIiwiZW1haWxfdmVyaWZpZWQiOmZhbHNlLCJjbGllbnRIb3N0IjoiMTAuMTAuMTAuMTUxIiwicHJlZmVycmVkX3VzZXJuYW1lIjoic2VydmljZS1hY2NvdW50LTAyMDVjYiIsImNsaWVudEFkZHJlc3MiOiIxMC4xMC4xMC4xNTEiLCJjbGllbnRfaWQiOiIwMjA1Y2IifQ.bATUogohrEqy7Voa4mFnsBzOnGy6tnjZGh_lOYRn-0hWXMY_fz-280nTu2Vv68eO3HeoewtWlt45S_iLI2-ml3pqpAlt3DXWVmLvVHw6d7TICHBfQsa0jGXMexKnyar7EinrVhF3deSK25Ap_ajC_82EvVvXrVG-7p9F1dEdq39y2R72JympejF5uhY_z_jNmqJSsnLEZVOo3WMJn76u9tTcYVIldC5uWGFWbPGEhvWPx4ZGpsuq_wrPOGdRmyJDFJPJl7LnLGHK0DBhuVtJUq_NFQkMus2fTTf_mWhRnoqNU-wUCS-fxMs6QusGzIVd-C3O29J3rerHTrGg21LAsQ
1 > Content-Length: 522
1 > Host: apipanapayqa.coonecta.com.ec
1 > Connection: Keep-Alive
1 > User-Agent: Apache-HttpClient/4.5.14 (Java/17.0.12)
1 > Accept-Encoding: gzip,deflate
{"GrpHdr":{"msgId":"02052025102278671249079","creDtTm":"2025-10-22T14:15:04","nbOfTxs":1,"sttlmInf":{"sttlmMtd":"INGA"},"instgAgt":{"finInstnId":"0205"},"InstdAgt":{"FinInstnId":"0205"},"Mge":{"Type":"acmt.998.321.01"},"ChnlId":"APP"},"CdtTrfTxInf":{"PmtId":{"EndToEndId":"02052025102207042"},"IntrBkSttlmAmt":{"Amt":7500.0,"Ccy":"USD"},"DbtrAcctId":{"IBAN":"EC5002051000000000020501052673"},"CdtrAcctId":{"IBAN":"EC0402051000000000020101002318"},"Prtry":{"CustRef":"FONDOS_INSUF","ChanRef":"TERM001","AgtRef":"AGT0002"}}}

14:15:04.225 [main] DEBUG org.apache.http.impl.conn.PoolingHttpClientConnectionManager - Connection request: [route: {s}->https://apipanapayqa.coonecta.com.ec:443][total available: 0; route allocated: 0 of 5; total allocated: 0 of 10]
14:15:04.225 [main] DEBUG org.apache.http.impl.conn.PoolingHttpClientConnectionManager - Connection leased: [id: 18][route: {s}->https://apipanapayqa.coonecta.com.ec:443][total available: 0; route allocated: 1 of 5; total allocated: 1 of 10]
14:15:04.225 [main] DEBUG org.apache.http.impl.execchain.MainClientExec - Opening connection {s}->https://apipanapayqa.coonecta.com.ec:443
14:15:04.225 [main] DEBUG org.apache.http.impl.conn.DefaultHttpClientConnectionOperator - Connecting to apipanapayqa.coonecta.com.ec/10.1.0.133:443
14:15:04.225 [main] DEBUG org.apache.http.conn.ssl.SSLConnectionSocketFactory - Connecting socket to apipanapayqa.coonecta.com.ec/10.1.0.133:443 with timeout 30000
14:15:04.319 [main] DEBUG org.apache.http.conn.ssl.SSLConnectionSocketFactory - Enabled protocols: [TLSv1.3, TLSv1.2]
14:15:04.319 [main] DEBUG org.apache.http.conn.ssl.SSLConnectionSocketFactory - Enabled cipher suites:[TLS_AES_256_GCM_SHA384, TLS_AES_128_GCM_SHA256, TLS_CHACHA20_POLY1305_SHA256, TLS_ECDHE_ECDSA_WITH_AES_256_GCM_SHA384, TLS_ECDHE_ECDSA_WITH_AES_128_GCM_SHA256, TLS_ECDHE_ECDSA_WITH_CHACHA20_POLY1305_SHA256, TLS_ECDHE_RSA_WITH_AES_256_GCM_SHA384, TLS_ECDHE_RSA_WITH_CHACHA20_POLY1305_SHA256, TLS_ECDHE_RSA_WITH_AES_128_GCM_SHA256, TLS_DHE_RSA_WITH_AES_256_GCM_SHA384, TLS_DHE_RSA_WITH_CHACHA20_POLY1305_SHA256, TLS_DHE_DSS_WITH_AES_256_GCM_SHA384, TLS_DHE_RSA_WITH_AES_128_GCM_SHA256, TLS_DHE_DSS_WITH_AES_128_GCM_SHA256, TLS_ECDHE_ECDSA_WITH_AES_256_CBC_SHA384, TLS_ECDHE_RSA_WITH_AES_256_CBC_SHA384, TLS_ECDHE_ECDSA_WITH_AES_128_CBC_SHA256, TLS_ECDHE_RSA_WITH_AES_128_CBC_SHA256, TLS_DHE_RSA_WITH_AES_256_CBC_SHA256, TLS_DHE_DSS_WITH_AES_256_CBC_SHA256, TLS_DHE_RSA_WITH_AES_128_CBC_SHA256, TLS_DHE_DSS_WITH_AES_128_CBC_SHA256, TLS_ECDH_ECDSA_WITH_AES_256_GCM_SHA384, TLS_ECDH_RSA_WITH_AES_256_GCM_SHA384, TLS_ECDH_ECDSA_WITH_AES_128_GCM_SHA256, TLS_ECDH_RSA_WITH_AES_128_GCM_SHA256, TLS_ECDH_ECDSA_WITH_AES_256_CBC_SHA384, TLS_ECDH_RSA_WITH_AES_256_CBC_SHA384, TLS_ECDH_ECDSA_WITH_AES_128_CBC_SHA256, TLS_ECDH_RSA_WITH_AES_128_CBC_SHA256, TLS_ECDHE_ECDSA_WITH_AES_256_CBC_SHA, TLS_ECDHE_RSA_WITH_AES_256_CBC_SHA, TLS_ECDHE_ECDSA_WITH_AES_128_CBC_SHA, TLS_ECDHE_RSA_WITH_AES_128_CBC_SHA, TLS_DHE_RSA_WITH_AES_256_CBC_SHA, TLS_DHE_DSS_WITH_AES_256_CBC_SHA, TLS_DHE_RSA_WITH_AES_128_CBC_SHA, TLS_DHE_DSS_WITH_AES_128_CBC_SHA, TLS_ECDH_ECDSA_WITH_AES_256_CBC_SHA, TLS_ECDH_RSA_WITH_AES_256_CBC_SHA, TLS_ECDH_ECDSA_WITH_AES_128_CBC_SHA, TLS_ECDH_RSA_WITH_AES_128_CBC_SHA, TLS_RSA_WITH_AES_256_GCM_SHA384, TLS_RSA_WITH_AES_128_GCM_SHA256, TLS_RSA_WITH_AES_256_CBC_SHA256, TLS_RSA_WITH_AES_128_CBC_SHA256, TLS_RSA_WITH_AES_256_CBC_SHA, TLS_RSA_WITH_AES_128_CBC_SHA, TLS_EMPTY_RENEGOTIATION_INFO_SCSV]
14:15:04.319 [main] DEBUG org.apache.http.conn.ssl.SSLConnectionSocketFactory - Starting handshake
14:15:04.513 [main] DEBUG org.apache.http.conn.ssl.SSLConnectionSocketFactory - Secure session established
14:15:04.513 [main] DEBUG org.apache.http.conn.ssl.SSLConnectionSocketFactory -  negotiated protocol: TLSv1.3
14:15:04.513 [main] DEBUG org.apache.http.conn.ssl.SSLConnectionSocketFactory -  negotiated cipher suite: TLS_AES_256_GCM_SHA384
14:15:04.513 [main] DEBUG org.apache.http.conn.ssl.SSLConnectionSocketFactory -  peer principal: CN=apipanapayqa.coonecta.com.ec, O=Red Transaccional Cooperativa S.A. RTC, L=Quito, ST=Pichincha, C=EC
14:15:04.513 [main] DEBUG org.apache.http.conn.ssl.SSLConnectionSocketFactory -  peer alternative names: [apipanapayqa.coonecta.com.ec]
14:15:04.513 [main] DEBUG org.apache.http.conn.ssl.SSLConnectionSocketFactory -  issuer principal: CN=DigiCert Global G2 TLS RSA SHA256 2020 CA1, O=DigiCert Inc, C=US
14:15:04.513 [main] DEBUG org.apache.http.impl.conn.DefaultHttpClientConnectionOperator - Connection established 10.10.10.151:49814<->10.1.0.133:443
14:15:04.513 [main] DEBUG org.apache.http.impl.conn.DefaultManagedHttpClientConnection - http-outgoing-18: set socket timeout to 30000
14:15:04.513 [main] DEBUG org.apache.http.impl.execchain.MainClientExec - Executing request POST /api/switchcentral/finan/transferencia HTTP/1.1
14:15:04.513 [main] DEBUG org.apache.http.impl.execchain.MainClientExec - Proxy auth state: UNCHALLENGED
14:15:04.513 [main] DEBUG org.apache.http.headers - http-outgoing-18 >> POST /api/switchcentral/finan/transferencia HTTP/1.1
14:15:04.513 [main] DEBUG org.apache.http.headers - http-outgoing-18 >> Content-Type: application/json; charset=UTF-8
14:15:04.513 [main] DEBUG org.apache.http.headers - http-outgoing-18 >> Authorization: Bearer eyJhbGciOiJSUzI1NiIsInR5cCIgOiAiSldUIiwia2lkIiA6ICI2dUJWTkN6VlViUFBlTFdReEM0WDAyYVM3UnM2UGRYV1dja1dfc0xZMHlFIn0.eyJleHAiOjE3NjExNjA3NTAsImlhdCI6MTc2MTE2MDQ1MCwianRpIjoidHJydGNjOjQ5Yjg0NDVjLTgzYTAtMjI4Ni02NDczLWE2ZGEzOTBhOWQ0YSIsImlzcyI6Imh0dHBzOi8vYXV0ZW50aWNhY2lvbnFhLmNvb25lY3RhLmNvbS5lYy9hdXRoL3JlYWxtcy9QQU5BUEFZIiwiYXVkIjoiYWNjb3VudCIsInN1YiI6Ijk5OGMyZmUwLTJjOGYtNGQwNC1iZjExLWY1OWExZTM5ODg3MyIsInR5cCI6IkJlYXJlciIsImF6cCI6IjAyMDVjYiIsImFjciI6IjEiLCJhbGxvd2VkLW9yaWdpbnMiOlsiLyoiXSwicmVhbG1fYWNjZXNzIjp7InJvbGVzIjpbImRlZmF1bHQtcm9sZXMtYWRtaW5wYW5hcGF5Iiwib2ZmbGluZV9hY2Nlc3MiLCJ1bWFfYXV0aG9yaXphdGlvbiJdfSwicmVzb3VyY2VfYWNjZXNzIjp7IjAyMDVjYiI6eyJyb2xlcyI6WyJ1bWFfcHJvdGVjdGlvbiJdfSwiYWNjb3VudCI6eyJyb2xlcyI6WyJtYW5hZ2UtYWNjb3VudCIsIm1hbmFnZS1hY2NvdW50LWxpbmtzIiwidmlldy1wcm9maWxlIl19fSwic2NvcGUiOiJwcm9maWxlIGVtYWlsIiwiZW1haWxfdmVyaWZpZWQiOmZhbHNlLCJjbGllbnRIb3N0IjoiMTAuMTAuMTAuMTUxIiwicHJlZmVycmVkX3VzZXJuYW1lIjoic2VydmljZS1hY2NvdW50LTAyMDVjYiIsImNsaWVudEFkZHJlc3MiOiIxMC4xMC4xMC4xNTEiLCJjbGllbnRfaWQiOiIwMjA1Y2IifQ.bATUogohrEqy7Voa4mFnsBzOnGy6tnjZGh_lOYRn-0hWXMY_fz-280nTu2Vv68eO3HeoewtWlt45S_iLI2-ml3pqpAlt3DXWVmLvVHw6d7TICHBfQsa0jGXMexKnyar7EinrVhF3deSK25Ap_ajC_82EvVvXrVG-7p9F1dEdq39y2R72JympejF5uhY_z_jNmqJSsnLEZVOo3WMJn76u9tTcYVIldC5uWGFWbPGEhvWPx4ZGpsuq_wrPOGdRmyJDFJPJl7LnLGHK0DBhuVtJUq_NFQkMus2fTTf_mWhRnoqNU-wUCS-fxMs6QusGzIVd-C3O29J3rerHTrGg21LAsQ
14:15:04.513 [main] DEBUG org.apache.http.headers - http-outgoing-18 >> Content-Length: 522
14:15:04.513 [main] DEBUG org.apache.http.headers - http-outgoing-18 >> Host: apipanapayqa.coonecta.com.ec
14:15:04.513 [main] DEBUG org.apache.http.headers - http-outgoing-18 >> Connection: Keep-Alive
14:15:04.513 [main] DEBUG org.apache.http.headers - http-outgoing-18 >> User-Agent: Apache-HttpClient/4.5.14 (Java/17.0.12)
14:15:04.513 [main] DEBUG org.apache.http.headers - http-outgoing-18 >> Accept-Encoding: gzip,deflate
14:15:04.513 [main] DEBUG org.apache.http.wire - http-outgoing-18 >> "POST /api/switchcentral/finan/transferencia HTTP/1.1[\r][\n]"
14:15:04.513 [main] DEBUG org.apache.http.wire - http-outgoing-18 >> "Content-Type: application/json; charset=UTF-8[\r][\n]"
14:15:04.513 [main] DEBUG org.apache.http.wire - http-outgoing-18 >> "Authorization: Bearer eyJhbGciOiJSUzI1NiIsInR5cCIgOiAiSldUIiwia2lkIiA6ICI2dUJWTkN6VlViUFBlTFdReEM0WDAyYVM3UnM2UGRYV1dja1dfc0xZMHlFIn0.eyJleHAiOjE3NjExNjA3NTAsImlhdCI6MTc2MTE2MDQ1MCwianRpIjoidHJydGNjOjQ5Yjg0NDVjLTgzYTAtMjI4Ni02NDczLWE2ZGEzOTBhOWQ0YSIsImlzcyI6Imh0dHBzOi8vYXV0ZW50aWNhY2lvbnFhLmNvb25lY3RhLmNvbS5lYy9hdXRoL3JlYWxtcy9QQU5BUEFZIiwiYXVkIjoiYWNjb3VudCIsInN1YiI6Ijk5OGMyZmUwLTJjOGYtNGQwNC1iZjExLWY1OWExZTM5ODg3MyIsInR5cCI6IkJlYXJlciIsImF6cCI6IjAyMDVjYiIsImFjciI6IjEiLCJhbGxvd2VkLW9yaWdpbnMiOlsiLyoiXSwicmVhbG1fYWNjZXNzIjp7InJvbGVzIjpbImRlZmF1bHQtcm9sZXMtYWRtaW5wYW5hcGF5Iiwib2ZmbGluZV9hY2Nlc3MiLCJ1bWFfYXV0aG9yaXphdGlvbiJdfSwicmVzb3VyY2VfYWNjZXNzIjp7IjAyMDVjYiI6eyJyb2xlcyI6WyJ1bWFfcHJvdGVjdGlvbiJdfSwiYWNjb3VudCI6eyJyb2xlcyI6WyJtYW5hZ2UtYWNjb3VudCIsIm1hbmFnZS1hY2NvdW50LWxpbmtzIiwidmlldy1wcm9maWxlIl19fSwic2NvcGUiOiJwcm9maWxlIGVtYWlsIiwiZW1haWxfdmVyaWZpZWQiOmZhbHNlLCJjbGllbnRIb3N0IjoiMTAuMTAuMTAuMTUxIiwicHJlZmVycmVkX3VzZXJuYW1lIjoic2VydmljZS1hY2NvdW50LTAyMDVjYiIsImNsaWVudEFkZHJlc3MiOiIxMC4xMC4xMC4xNTEiLCJjbGllbnRfaWQiOiIwMjA1Y2IifQ.bATUogohrEqy7Voa4mFnsBzOnGy6tnjZGh_lOYRn-0hWXMY_fz-280nTu2Vv68eO3HeoewtWlt45S_iLI2-ml3pqpAlt3DXWVmLvVHw6d7TICHBfQsa0jGXMexKnyar7EinrVhF3deSK25Ap_ajC_82EvVvXrVG-7p9F1dEdq39y2R72JympejF5uhY_z_jNmqJSsnLEZVOo3WMJn76u9tTcYVIldC5uWGFWbPGEhvWPx4ZGpsuq_wrPOGdRmyJDFJPJl7LnLGHK0DBhuVtJUq_NFQkMus2fTTf_mWhRnoqNU-wUCS-fxMs6QusGzIVd-C3O29J3rerHTrGg21LAsQ[\r][\n]"
14:15:04.513 [main] DEBUG org.apache.http.wire - http-outgoing-18 >> "Content-Length: 522[\r][\n]"
14:15:04.513 [main] DEBUG org.apache.http.wire - http-outgoing-18 >> "Host: apipanapayqa.coonecta.com.ec[\r][\n]"
14:15:04.513 [main] DEBUG org.apache.http.wire - http-outgoing-18 >> "Connection: Keep-Alive[\r][\n]"
14:15:04.513 [main] DEBUG org.apache.http.wire - http-outgoing-18 >> "User-Agent: Apache-HttpClient/4.5.14 (Java/17.0.12)[\r][\n]"
14:15:04.513 [main] DEBUG org.apache.http.wire - http-outgoing-18 >> "Accept-Encoding: gzip,deflate[\r][\n]"
14:15:04.513 [main] DEBUG org.apache.http.wire - http-outgoing-18 >> "[\r][\n]"
14:15:04.513 [main] DEBUG org.apache.http.wire - http-outgoing-18 >> "{"GrpHdr":{"msgId":"02052025102278671249079","creDtTm":"2025-10-22T14:15:04","nbOfTxs":1,"sttlmInf":{"sttlmMtd":"INGA"},"instgAgt":{"finInstnId":"0205"},"InstdAgt":{"FinInstnId":"0205"},"Mge":{"Type":"acmt.998.321.01"},"ChnlId":"APP"},"CdtTrfTxInf":{"PmtId":{"EndToEndId":"02052025102207042"},"IntrBkSttlmAmt":{"Amt":7500.0,"Ccy":"USD"},"DbtrAcctId":{"IBAN":"EC5002051000000000020501052673"},"CdtrAcctId":{"IBAN":"EC0402051000000000020101002318"},"Prtry":{"CustRef":"FONDOS_INSUF","ChanRef":"TERM001","AgtRef":"AGT0002"}}}"
14:15:06.404 [main] DEBUG org.apache.http.wire - http-outgoing-18 << "HTTP/1.1 400 Bad Request[\r][\n]"
14:15:06.404 [main] DEBUG org.apache.http.wire - http-outgoing-18 << "Date: Wed, 22 Oct 2025 19:14:58 GMT[\r][\n]"
14:15:06.404 [main] DEBUG org.apache.http.wire - http-outgoing-18 << "Content-Type: application/json; charset=utf-8[\r][\n]"
14:15:06.404 [main] DEBUG org.apache.http.wire - http-outgoing-18 << "Transfer-Encoding: chunked[\r][\n]"
14:15:06.404 [main] DEBUG org.apache.http.wire - http-outgoing-18 << "Connection: keep-alive[\r][\n]"
14:15:06.404 [main] DEBUG org.apache.http.wire - http-outgoing-18 << "Server: Kestrel[\r][\n]"
14:15:06.404 [main] DEBUG org.apache.http.wire - http-outgoing-18 << "Set-Cookie: ARRAffinity=135f536e0d078a815c3b83fda3468ab8a3a2abc604a35eefb28648d3961cfa9b;Path=/;HttpOnly;Secure;Domain=app-apipanapay-qa.azurewebsites.net[\r][\n]"
14:15:06.404 [main] DEBUG org.apache.http.wire - http-outgoing-18 << "Set-Cookie: ARRAffinitySameSite=135f536e0d078a815c3b83fda3468ab8a3a2abc604a35eefb28648d3961cfa9b;Path=/;HttpOnly;SameSite=None;Secure;Domain=app-apipanapay-qa.azurewebsites.net[\r][\n]"
14:15:06.404 [main] DEBUG org.apache.http.wire - http-outgoing-18 << "Request-Context: appId=cid-v1:a7a77847-2713-450f-9030-b350a2d54a28[\r][\n]"
14:15:06.404 [main] DEBUG org.apache.http.wire - http-outgoing-18 << "X-Powered-By: ASP.NET[\r][\n]"
14:15:06.406 [main] DEBUG org.apache.http.wire - http-outgoing-18 << "X-ARR-ClientCert: -----BEGIN%20CERTIFICATE-----%0AMIIEHDCCAgSgAwIBAgIUZIZBO0fb7VZ4KXrs01S4RYbWyJ8wDQYJKoZIhvcNAQEL%0ABQAwJTEjMCEGA1UEAwwacm9vdGNlcnQuY2JpYmxpYW4uaW50ZXJuYWwwHhcNMjUw%0AODEzMTMyNTU5WhcNMjgwODEyMTMyNTU5WjAnMSUwIwYDVQQDDBxjbGllbnRjZXJ0%0ALmNiaWJsaWFuLmludGVybmFsMIIBIjANBgkqhkiG9w0BAQEFAAOCAQ8AMIIBCgKC%0AAQEAskUDap6NmyYq8RT6F7z3DpZGQiflNQTvUT84TmxsKXEBRAkgINnkJqgKkd7f%0ASEybzqglQTbr4s41lCiPsy3X66qYjU2L%2Bojhni%2BOCVOX7n3JBYovL%2FqfMP3%2FkhZP%0AQIlK%2FQWPcrnl39fYkGOQv%2BYqoCGEPzGkib2m1Ma5Q1HOCKh1ErMjqTLGy%2ByJj6JY%0AiZvMx3YrJSvjUS0uKpNwxPtGyiexRfKsmR%2FHqPzRHa0iY%2B752KSgUedwJPv1Wod%2B%0AY9BMAMIdU25UtkUEsaOYtorGWDaZSn2Bl0LYmP87kjcYypnHx0jtPtUCXfVHrE6u%0AZnDRFYsZbeXylY3mJkyOL2DzZwIDAQABo0IwQDAdBgNVHQ4EFgQURPhJwTAcUWUp%0ArOqQO68P%2FbJoqjMwHwYDVR0jBBgwFoAU7GdlxoSeEXucEXhjadHRC9xzS0UwDQYJ%0AKoZIhvcNAQELBQADggIBAGTnlyF2n%2F6s9phYbO8V17niO0BXB62ToX6gPhcw9f3y%0AhMui6RnrM1oiHlBWqZquCqYJ5ETvYJE1RqvoqtGysxCnIj0OTJHV4WtF3SHsd1Tu%0ATg%2B%2FUnGivtBTDQxj9sbAtCaSYRBqPByP8jvSTDgXR1mgOrEGjr2PZdZSoKLj4OHi%0A9UCMJw7pJsyA4lbroKshQTYv5Ks5SqtJpdp0%2BUX0UUlbPJqXiadfbKdoXvEgcwbP%0ACqR9v7kGYmNxfaGLNGVrV%2BnLawIDmdYXJE%2F4WJh6sHfiZxEsE%2BB4PoKADrb1Eapt%0AnSdHUgRfc0i5f2lcmErnU8nCMO5TWdHFOgpYwTS8w17FhNFZpaSmyZKM7uHcUs7y%0AUbuiQtdXocfSSMf%2FeycBEU%2FHAVIWQEqY%2BbJdC0q%2FR%2BsESeBtXd4IEIxR0QfgscGk%0AJyCSFC8z%2FvCgrRsH5rePqKO7%2FLAsDTP4GIQNFNfF4Wh6bsPXuJmvvoMcnmy%2F58Wo%0AE0XaG8UPHVAeyEmhncdM32E7SJbR91aRr2CkV23OoUz%2BwKG2%2FuObHmAkuMkCbbcz%0AJQoC7DZg5FGw%2BZR7v1DIBct5QNJQ8bG%2FXGRxjWC6dU7jrGhOF1X%2B2YYcdx9XnwyM%0A9YPxUy5bVfMhIiKP2wEso5fjOZ4RTvnB5R6zD3maJK%2FtZAXVhtyqXSkBYFi4MvEs%0A-----END%20CERTIFICATE-----%0A[\r][\n]"
14:15:06.406 [main] DEBUG org.apache.http.wire - http-outgoing-18 << "[\r][\n]"
14:15:06.406 [main] DEBUG org.apache.http.wire - http-outgoing-18 << "1e2[\r][\n]"
14:15:06.406 [main] DEBUG org.apache.http.wire - http-outgoing-18 << "{"GrpHdr":{"MsgId":"000020251022020371","CreDtTm":"2025-10-22T14:14:57","NbOfTxs":1,"SttlmInf":{"SttlmMtd":"INGA"},"InstgAgt":{"FinInstnId":"0205"},"InstdAgt":{"FinInstnId":"0205"},"Mge":{"Type":"acmt.998.322.001"},"ChnlId":"APP"},"CdtTrfTxInf":{"OrgnGrpInf":{"OrgnlMsgId":"02052025102278671249079","OrgnlMgeType":"acmt.998.321.01","OrgnlCreDtTm":"2025-10-22T14:15:04"},"TxSts":"ERR","Rsn":{"RsnCd":"AM02","AddtlInf":"El monto excede el m[0xc3][0xa1]ximo permitido."},"SttlmDt":"2025-10-22"}}[\r][\n]"
14:15:06.406 [main] DEBUG org.apache.http.wire - http-outgoing-18 << "0[\r][\n]"
14:15:06.406 [main] DEBUG org.apache.http.wire - http-outgoing-18 << "[\r][\n]"
14:15:06.407 [main] DEBUG org.apache.http.headers - http-outgoing-18 << HTTP/1.1 400 Bad Request
14:15:06.407 [main] DEBUG org.apache.http.headers - http-outgoing-18 << Date: Wed, 22 Oct 2025 19:14:58 GMT
14:15:06.407 [main] DEBUG org.apache.http.headers - http-outgoing-18 << Content-Type: application/json; charset=utf-8
14:15:06.407 [main] DEBUG org.apache.http.headers - http-outgoing-18 << Transfer-Encoding: chunked
14:15:06.407 [main] DEBUG org.apache.http.headers - http-outgoing-18 << Connection: keep-alive
14:15:06.407 [main] DEBUG org.apache.http.headers - http-outgoing-18 << Server: Kestrel
14:15:06.407 [main] DEBUG org.apache.http.headers - http-outgoing-18 << Set-Cookie: ARRAffinity=135f536e0d078a815c3b83fda3468ab8a3a2abc604a35eefb28648d3961cfa9b;Path=/;HttpOnly;Secure;Domain=app-apipanapay-qa.azurewebsites.net
14:15:06.407 [main] DEBUG org.apache.http.headers - http-outgoing-18 << Set-Cookie: ARRAffinitySameSite=135f536e0d078a815c3b83fda3468ab8a3a2abc604a35eefb28648d3961cfa9b;Path=/;HttpOnly;SameSite=None;Secure;Domain=app-apipanapay-qa.azurewebsites.net
14:15:06.407 [main] DEBUG org.apache.http.headers - http-outgoing-18 << Request-Context: appId=cid-v1:a7a77847-2713-450f-9030-b350a2d54a28
14:15:06.407 [main] DEBUG org.apache.http.headers - http-outgoing-18 << X-Powered-By: ASP.NET
14:15:06.407 [main] DEBUG org.apache.http.headers - http-outgoing-18 << X-ARR-ClientCert: -----BEGIN%20CERTIFICATE-----%0AMIIEHDCCAgSgAwIBAgIUZIZBO0fb7VZ4KXrs01S4RYbWyJ8wDQYJKoZIhvcNAQEL%0ABQAwJTEjMCEGA1UEAwwacm9vdGNlcnQuY2JpYmxpYW4uaW50ZXJuYWwwHhcNMjUw%0AODEzMTMyNTU5WhcNMjgwODEyMTMyNTU5WjAnMSUwIwYDVQQDDBxjbGllbnRjZXJ0%0ALmNiaWJsaWFuLmludGVybmFsMIIBIjANBgkqhkiG9w0BAQEFAAOCAQ8AMIIBCgKC%0AAQEAskUDap6NmyYq8RT6F7z3DpZGQiflNQTvUT84TmxsKXEBRAkgINnkJqgKkd7f%0ASEybzqglQTbr4s41lCiPsy3X66qYjU2L%2Bojhni%2BOCVOX7n3JBYovL%2FqfMP3%2FkhZP%0AQIlK%2FQWPcrnl39fYkGOQv%2BYqoCGEPzGkib2m1Ma5Q1HOCKh1ErMjqTLGy%2ByJj6JY%0AiZvMx3YrJSvjUS0uKpNwxPtGyiexRfKsmR%2FHqPzRHa0iY%2B752KSgUedwJPv1Wod%2B%0AY9BMAMIdU25UtkUEsaOYtorGWDaZSn2Bl0LYmP87kjcYypnHx0jtPtUCXfVHrE6u%0AZnDRFYsZbeXylY3mJkyOL2DzZwIDAQABo0IwQDAdBgNVHQ4EFgQURPhJwTAcUWUp%0ArOqQO68P%2FbJoqjMwHwYDVR0jBBgwFoAU7GdlxoSeEXucEXhjadHRC9xzS0UwDQYJ%0AKoZIhvcNAQELBQADggIBAGTnlyF2n%2F6s9phYbO8V17niO0BXB62ToX6gPhcw9f3y%0AhMui6RnrM1oiHlBWqZquCqYJ5ETvYJE1RqvoqtGysxCnIj0OTJHV4WtF3SHsd1Tu%0ATg%2B%2FUnGivtBTDQxj9sbAtCaSYRBqPByP8jvSTDgXR1mgOrEGjr2PZdZSoKLj4OHi%0A9UCMJw7pJsyA4lbroKshQTYv5Ks5SqtJpdp0%2BUX0UUlbPJqXiadfbKdoXvEgcwbP%0ACqR9v7kGYmNxfaGLNGVrV%2BnLawIDmdYXJE%2F4WJh6sHfiZxEsE%2BB4PoKADrb1Eapt%0AnSdHUgRfc0i5f2lcmErnU8nCMO5TWdHFOgpYwTS8w17FhNFZpaSmyZKM7uHcUs7y%0AUbuiQtdXocfSSMf%2FeycBEU%2FHAVIWQEqY%2BbJdC0q%2FR%2BsESeBtXd4IEIxR0QfgscGk%0AJyCSFC8z%2FvCgrRsH5rePqKO7%2FLAsDTP4GIQNFNfF4Wh6bsPXuJmvvoMcnmy%2F58Wo%0AE0XaG8UPHVAeyEmhncdM32E7SJbR91aRr2CkV23OoUz%2BwKG2%2FuObHmAkuMkCbbcz%0AJQoC7DZg5FGw%2BZR7v1DIBct5QNJQ8bG%2FXGRxjWC6dU7jrGhOF1X%2B2YYcdx9XnwyM%0A9YPxUy5bVfMhIiKP2wEso5fjOZ4RTvnB5R6zD3maJK%2FtZAXVhtyqXSkBYFi4MvEs%0A-----END%20CERTIFICATE-----%0A
14:15:06.408 [main] DEBUG org.apache.http.impl.execchain.MainClientExec - Connection can be kept alive indefinitely
14:15:06.408 [main] DEBUG org.apache.http.client.protocol.ResponseProcessCookies - Cookie accepted [ARRAffinity="135f536e0d078a815c3b83fda3468ab8a3a2abc604a35eefb28648d3961cfa9b", version:0, domain:app-apipanapay-qa.azurewebsites.net, path:/, expiry:null]
14:15:06.408 [main] DEBUG org.apache.http.client.protocol.ResponseProcessCookies - Cookie accepted [ARRAffinitySameSite="135f536e0d078a815c3b83fda3468ab8a3a2abc604a35eefb28648d3961cfa9b", version:0, domain:app-apipanapay-qa.azurewebsites.net, path:/, expiry:null]
14:15:06.408 [main] DEBUG org.apache.http.impl.conn.PoolingHttpClientConnectionManager - Connection [id: 18][route: {s}->https://apipanapayqa.coonecta.com.ec:443][state: CN=clientcert.cbiblian.internal] can be kept alive indefinitely
14:15:06.408 [main] DEBUG org.apache.http.impl.conn.DefaultManagedHttpClientConnection - http-outgoing-18: set socket timeout to 0
14:15:06.408 [main] DEBUG org.apache.http.impl.conn.PoolingHttpClientConnectionManager - Connection released: [id: 18][route: {s}->https://apipanapayqa.coonecta.com.ec:443][state: CN=clientcert.cbiblian.internal][total available: 1; route allocated: 1 of 5; total allocated: 1 of 10]
14:15:06.408 [main] DEBUG org.apache.http.impl.conn.PoolingHttpClientConnectionManager - Connection manager is shutting down
14:15:06.408 [main] DEBUG org.apache.http.impl.conn.DefaultManagedHttpClientConnection - http-outgoing-18: Close connection
14:15:06.408 [main] DEBUG org.apache.http.impl.conn.PoolingHttpClientConnectionManager - Connection manager shut down
14:15:06.408 [main] DEBUG com.intuit.karate - response time in milliseconds: 2183
1 < 400
1 < Date: Wed, 22 Oct 2025 19:14:58 GMT
1 < Content-Type: application/json; charset=utf-8
1 < Transfer-Encoding: chunked
1 < Connection: keep-alive
1 < Server: Kestrel
1 < Set-Cookie: ARRAffinity=135f536e0d078a815c3b83fda3468ab8a3a2abc604a35eefb28648d3961cfa9b;Path=/;HttpOnly;Secure;Domain=app-apipanapay-qa.azurewebsites.net
1 < Set-Cookie: ARRAffinitySameSite=135f536e0d078a815c3b83fda3468ab8a3a2abc604a35eefb28648d3961cfa9b;Path=/;HttpOnly;SameSite=None;Secure;Domain=app-apipanapay-qa.azurewebsites.net
1 < Request-Context: appId=cid-v1:a7a77847-2713-450f-9030-b350a2d54a28
1 < X-Powered-By: ASP.NET
1 < X-ARR-ClientCert: -----BEGIN%20CERTIFICATE-----%0AMIIEHDCCAgSgAwIBAgIUZIZBO0fb7VZ4KXrs01S4RYbWyJ8wDQYJKoZIhvcNAQEL%0ABQAwJTEjMCEGA1UEAwwacm9vdGNlcnQuY2JpYmxpYW4uaW50ZXJuYWwwHhcNMjUw%0AODEzMTMyNTU5WhcNMjgwODEyMTMyNTU5WjAnMSUwIwYDVQQDDBxjbGllbnRjZXJ0%0ALmNiaWJsaWFuLmludGVybmFsMIIBIjANBgkqhkiG9w0BAQEFAAOCAQ8AMIIBCgKC%0AAQEAskUDap6NmyYq8RT6F7z3DpZGQiflNQTvUT84TmxsKXEBRAkgINnkJqgKkd7f%0ASEybzqglQTbr4s41lCiPsy3X66qYjU2L%2Bojhni%2BOCVOX7n3JBYovL%2FqfMP3%2FkhZP%0AQIlK%2FQWPcrnl39fYkGOQv%2BYqoCGEPzGkib2m1Ma5Q1HOCKh1ErMjqTLGy%2ByJj6JY%0AiZvMx3YrJSvjUS0uKpNwxPtGyiexRfKsmR%2FHqPzRHa0iY%2B752KSgUedwJPv1Wod%2B%0AY9BMAMIdU25UtkUEsaOYtorGWDaZSn2Bl0LYmP87kjcYypnHx0jtPtUCXfVHrE6u%0AZnDRFYsZbeXylY3mJkyOL2DzZwIDAQABo0IwQDAdBgNVHQ4EFgQURPhJwTAcUWUp%0ArOqQO68P%2FbJoqjMwHwYDVR0jBBgwFoAU7GdlxoSeEXucEXhjadHRC9xzS0UwDQYJ%0AKoZIhvcNAQELBQADggIBAGTnlyF2n%2F6s9phYbO8V17niO0BXB62ToX6gPhcw9f3y%0AhMui6RnrM1oiHlBWqZquCqYJ5ETvYJE1RqvoqtGysxCnIj0OTJHV4WtF3SHsd1Tu%0ATg%2B%2FUnGivtBTDQxj9sbAtCaSYRBqPByP8jvSTDgXR1mgOrEGjr2PZdZSoKLj4OHi%0A9UCMJw7pJsyA4lbroKshQTYv5Ks5SqtJpdp0%2BUX0UUlbPJqXiadfbKdoXvEgcwbP%0ACqR9v7kGYmNxfaGLNGVrV%2BnLawIDmdYXJE%2F4WJh6sHfiZxEsE%2BB4PoKADrb1Eapt%0AnSdHUgRfc0i5f2lcmErnU8nCMO5TWdHFOgpYwTS8w17FhNFZpaSmyZKM7uHcUs7y%0AUbuiQtdXocfSSMf%2FeycBEU%2FHAVIWQEqY%2BbJdC0q%2FR%2BsESeBtXd4IEIxR0QfgscGk%0AJyCSFC8z%2FvCgrRsH5rePqKO7%2FLAsDTP4GIQNFNfF4Wh6bsPXuJmvvoMcnmy%2F58Wo%0AE0XaG8UPHVAeyEmhncdM32E7SJbR91aRr2CkV23OoUz%2BwKG2%2FuObHmAkuMkCbbcz%0AJQoC7DZg5FGw%2BZR7v1DIBct5QNJQ8bG%2FXGRxjWC6dU7jrGhOF1X%2B2YYcdx9XnwyM%0A9YPxUy5bVfMhIiKP2wEso5fjOZ4RTvnB5R6zD3maJK%2FtZAXVhtyqXSkBYFi4MvEs%0A-----END%20CERTIFICATE-----%0A
{"GrpHdr":{"MsgId":"000020251022020371","CreDtTm":"2025-10-22T14:14:57","NbOfTxs":1,"SttlmInf":{"SttlmMtd":"INGA"},"InstgAgt":{"FinInstnId":"0205"},"InstdAgt":{"FinInstnId":"0205"},"Mge":{"Type":"acmt.998.322.001"},"ChnlId":"APP"},"CdtTrfTxInf":{"OrgnGrpInf":{"OrgnlMsgId":"02052025102278671249079","OrgnlMgeType":"acmt.998.321.01","OrgnlCreDtTm":"2025-10-22T14:15:04"},"TxSts":"ERR","Rsn":{"RsnCd":"AM02","AddtlInf":"El monto excede el máximo permitido."},"SttlmDt":"2025-10-22"}}

14:15:06.408 [main] ERROR com.intuit.karate - classpath:Transferencia.feature:374
Then match responseStatus in normalizedStatus
no step-definition method match found for: match responseStatus in normalizedStatus
classpath:Transferencia.feature:374
]]></system-out>
  </testcase>
  <testcase name="[19:378] Transferencia no exitosa, cuenta ordenante bloqueada en el directorio" classname="Transferencia" time="4.191">
    <failure message="no step-definition method match found for: match responseStatus in normalizedStatus&#10;classpath:Transferencia.feature:386" type="org.opentest4j.AssertionFailedError"><![CDATA[org.opentest4j.AssertionFailedError: 
no step-definition method match found for: match responseStatus in normalizedStatus
classpath:Transferencia.feature:386
	at org.junit.jupiter.api.AssertionUtils.fail(AssertionUtils.java:38)
	at org.junit.jupiter.api.Assertions.fail(Assertions.java:135)
	at com.intuit.karate.junit5.FeatureNode.lambda$next$1(FeatureNode.java:86)
	at org.junit.jupiter.engine.descriptor.DynamicTestTestDescriptor.lambda$execute$0(DynamicTestTestDescriptor.java:53)
	at org.junit.jupiter.engine.execution.InvocationInterceptorChain$ValidatingInvocation.proceed(InvocationInterceptorChain.java:131)
	at org.junit.jupiter.api.extension.InvocationInterceptor.interceptDynamicTest(InvocationInterceptor.java:167)
	at org.junit.jupiter.api.extension.InvocationInterceptor.interceptDynamicTest(InvocationInterceptor.java:184)
	at org.junit.jupiter.engine.descriptor.DynamicTestTestDescriptor.lambda$execute$1(DynamicTestTestDescriptor.java:61)
	at org.junit.jupiter.engine.execution.InvocationInterceptorChain$InterceptorCall.lambda$ofVoid$0(InvocationInterceptorChain.java:78)
	at org.junit.jupiter.engine.execution.InvocationInterceptorChain$InterceptedInvocation.proceed(InvocationInterceptorChain.java:106)
	at org.junit.jupiter.engine.execution.InvocationInterceptorChain.proceed(InvocationInterceptorChain.java:64)
	at org.junit.jupiter.engine.execution.InvocationInterceptorChain.chainAndInvoke(InvocationInterceptorChain.java:45)
	at org.junit.jupiter.engine.execution.InvocationInterceptorChain.invoke(InvocationInterceptorChain.java:37)
	at org.junit.jupiter.engine.descriptor.DynamicTestTestDescriptor.execute(DynamicTestTestDescriptor.java:60)
	at org.junit.jupiter.engine.descriptor.DynamicTestTestDescriptor.execute(DynamicTestTestDescriptor.java:32)
	at org.junit.platform.engine.support.hierarchical.NodeTestTask.lambda$executeRecursively$6(NodeTestTask.java:151)
	at org.junit.platform.engine.support.hierarchical.ThrowableCollector.execute(ThrowableCollector.java:73)
	at org.junit.platform.engine.support.hierarchical.NodeTestTask.lambda$executeRecursively$8(NodeTestTask.java:141)
	at org.junit.platform.engine.support.hierarchical.Node.around(Node.java:137)
	at org.junit.platform.engine.support.hierarchical.NodeTestTask.lambda$executeRecursively$9(NodeTestTask.java:139)
	at org.junit.platform.engine.support.hierarchical.ThrowableCollector.execute(ThrowableCollector.java:73)
	at org.junit.platform.engine.support.hierarchical.NodeTestTask.executeRecursively(NodeTestTask.java:138)
	at org.junit.platform.engine.support.hierarchical.NodeTestTask.execute(NodeTestTask.java:95)
	at org.junit.platform.engine.support.hierarchical.SameThreadHierarchicalTestExecutorService.submit(SameThreadHierarchicalTestExecutorService.java:35)
	at org.junit.platform.engine.support.hierarchical.NodeTestTask$DefaultDynamicTestExecutor.execute(NodeTestTask.java:226)
	at org.junit.platform.engine.support.hierarchical.NodeTestTask$DefaultDynamicTestExecutor.execute(NodeTestTask.java:204)
	at java.base/java.util.stream.ForEachOps$ForEachOp$OfRef.accept(ForEachOps.java:183)
	at java.base/java.util.stream.ReferencePipeline$3$1.accept(ReferencePipeline.java:197)
	at java.base/java.util.stream.ReferencePipeline$2$1.accept(ReferencePipeline.java:179)
	at java.base/java.util.stream.ReferencePipeline$3$1.accept(ReferencePipeline.java:197)
	at java.base/java.util.Iterator.forEachRemaining(Iterator.java:133)
	at java.base/java.util.Spliterators$IteratorSpliterator.forEachRemaining(Spliterators.java:1845)
	at java.base/java.util.stream.AbstractPipeline.copyInto(AbstractPipeline.java:509)
	at java.base/java.util.stream.AbstractPipeline.wrapAndCopyInto(AbstractPipeline.java:499)
	at java.base/java.util.stream.ForEachOps$ForEachOp.evaluateSequential(ForEachOps.java:150)
	at java.base/java.util.stream.ForEachOps$ForEachOp$OfRef.evaluateSequential(ForEachOps.java:173)
	at java.base/java.util.stream.AbstractPipeline.evaluate(AbstractPipeline.java:234)
	at java.base/java.util.stream.ReferencePipeline.forEachOrdered(ReferencePipeline.java:601)
	at org.junit.jupiter.engine.descriptor.DynamicContainerTestDescriptor.execute(DynamicContainerTestDescriptor.java:67)
	at org.junit.jupiter.engine.descriptor.DynamicContainerTestDescriptor.execute(DynamicContainerTestDescriptor.java:33)
	at org.junit.platform.engine.support.hierarchical.NodeTestTask.lambda$executeRecursively$6(NodeTestTask.java:151)
	at org.junit.platform.engine.support.hierarchical.ThrowableCollector.execute(ThrowableCollector.java:73)
	at org.junit.platform.engine.support.hierarchical.NodeTestTask.lambda$executeRecursively$8(NodeTestTask.java:141)
	at org.junit.platform.engine.support.hierarchical.Node.around(Node.java:137)
	at org.junit.platform.engine.support.hierarchical.NodeTestTask.lambda$executeRecursively$9(NodeTestTask.java:139)
	at org.junit.platform.engine.support.hierarchical.ThrowableCollector.execute(ThrowableCollector.java:73)
	at org.junit.platform.engine.support.hierarchical.NodeTestTask.executeRecursively(NodeTestTask.java:138)
	at org.junit.platform.engine.support.hierarchical.NodeTestTask.execute(NodeTestTask.java:95)
	at org.junit.platform.engine.support.hierarchical.SameThreadHierarchicalTestExecutorService.submit(SameThreadHierarchicalTestExecutorService.java:35)
	at org.junit.platform.engine.support.hierarchical.NodeTestTask$DefaultDynamicTestExecutor.execute(NodeTestTask.java:226)
	at org.junit.platform.engine.support.hierarchical.NodeTestTask$DefaultDynamicTestExecutor.execute(NodeTestTask.java:204)
	at java.base/java.util.Optional.ifPresent(Optional.java:178)
	at org.junit.jupiter.engine.descriptor.TestFactoryTestDescriptor.lambda$invokeTestMethod$1(TestFactoryTestDescriptor.java:108)
	at org.junit.platform.engine.support.hierarchical.ThrowableCollector.execute(ThrowableCollector.java:73)
	at org.junit.jupiter.engine.descriptor.TestFactoryTestDescriptor.invokeTestMethod(TestFactoryTestDescriptor.java:95)
	at org.junit.jupiter.engine.descriptor.TestMethodTestDescriptor.execute(TestMethodTestDescriptor.java:138)
	at org.junit.jupiter.engine.descriptor.TestMethodTestDescriptor.execute(TestMethodTestDescriptor.java:68)
	at org.junit.platform.engine.support.hierarchical.NodeTestTask.lambda$executeRecursively$6(NodeTestTask.java:151)
	at org.junit.platform.engine.support.hierarchical.ThrowableCollector.execute(ThrowableCollector.java:73)
	at org.junit.platform.engine.support.hierarchical.NodeTestTask.lambda$executeRecursively$8(NodeTestTask.java:141)
	at org.junit.platform.engine.support.hierarchical.Node.around(Node.java:137)
	at org.junit.platform.engine.support.hierarchical.NodeTestTask.lambda$executeRecursively$9(NodeTestTask.java:139)
	at org.junit.platform.engine.support.hierarchical.ThrowableCollector.execute(ThrowableCollector.java:73)
	at org.junit.platform.engine.support.hierarchical.NodeTestTask.executeRecursively(NodeTestTask.java:138)
	at org.junit.platform.engine.support.hierarchical.NodeTestTask.execute(NodeTestTask.java:95)
	at java.base/java.util.ArrayList.forEach(ArrayList.java:1511)
	at org.junit.platform.engine.support.hierarchical.SameThreadHierarchicalTestExecutorService.invokeAll(SameThreadHierarchicalTestExecutorService.java:41)
	at org.junit.platform.engine.support.hierarchical.NodeTestTask.lambda$executeRecursively$6(NodeTestTask.java:155)
	at org.junit.platform.engine.support.hierarchical.ThrowableCollector.execute(ThrowableCollector.java:73)
	at org.junit.platform.engine.support.hierarchical.NodeTestTask.lambda$executeRecursively$8(NodeTestTask.java:141)
	at org.junit.platform.engine.support.hierarchical.Node.around(Node.java:137)
	at org.junit.platform.engine.support.hierarchical.NodeTestTask.lambda$executeRecursively$9(NodeTestTask.java:139)
	at org.junit.platform.engine.support.hierarchical.ThrowableCollector.execute(ThrowableCollector.java:73)
	at org.junit.platform.engine.support.hierarchical.NodeTestTask.executeRecursively(NodeTestTask.java:138)
	at org.junit.platform.engine.support.hierarchical.NodeTestTask.execute(NodeTestTask.java:95)
	at java.base/java.util.ArrayList.forEach(ArrayList.java:1511)
	at org.junit.platform.engine.support.hierarchical.SameThreadHierarchicalTestExecutorService.invokeAll(SameThreadHierarchicalTestExecutorService.java:41)
	at org.junit.platform.engine.support.hierarchical.NodeTestTask.lambda$executeRecursively$6(NodeTestTask.java:155)
	at org.junit.platform.engine.support.hierarchical.ThrowableCollector.execute(ThrowableCollector.java:73)
	at org.junit.platform.engine.support.hierarchical.NodeTestTask.lambda$executeRecursively$8(NodeTestTask.java:141)
	at org.junit.platform.engine.support.hierarchical.Node.around(Node.java:137)
	at org.junit.platform.engine.support.hierarchical.NodeTestTask.lambda$executeRecursively$9(NodeTestTask.java:139)
	at org.junit.platform.engine.support.hierarchical.ThrowableCollector.execute(ThrowableCollector.java:73)
	at org.junit.platform.engine.support.hierarchical.NodeTestTask.executeRecursively(NodeTestTask.java:138)
	at org.junit.platform.engine.support.hierarchical.NodeTestTask.execute(NodeTestTask.java:95)
	at org.junit.platform.engine.support.hierarchical.SameThreadHierarchicalTestExecutorService.submit(SameThreadHierarchicalTestExecutorService.java:35)
	at org.junit.platform.engine.support.hierarchical.HierarchicalTestExecutor.execute(HierarchicalTestExecutor.java:57)
	at org.junit.platform.engine.support.hierarchical.HierarchicalTestEngine.execute(HierarchicalTestEngine.java:54)
	at org.junit.platform.launcher.core.EngineExecutionOrchestrator.execute(EngineExecutionOrchestrator.java:147)
	at org.junit.platform.launcher.core.EngineExecutionOrchestrator.execute(EngineExecutionOrchestrator.java:127)
	at org.junit.platform.launcher.core.EngineExecutionOrchestrator.execute(EngineExecutionOrchestrator.java:90)
	at org.junit.platform.launcher.core.EngineExecutionOrchestrator.lambda$execute$0(EngineExecutionOrchestrator.java:55)
	at org.junit.platform.launcher.core.EngineExecutionOrchestrator.withInterceptedStreams(EngineExecutionOrchestrator.java:102)
	at org.junit.platform.launcher.core.EngineExecutionOrchestrator.execute(EngineExecutionOrchestrator.java:54)
	at org.junit.platform.launcher.core.DefaultLauncher.execute(DefaultLauncher.java:114)
	at org.junit.platform.launcher.core.DefaultLauncher.execute(DefaultLauncher.java:86)
	at org.junit.platform.launcher.core.DefaultLauncherSession$DelegatingLauncher.execute(DefaultLauncherSession.java:86)
	at org.apache.maven.surefire.junitplatform.LazyLauncher.execute(LazyLauncher.java:56)
	at org.apache.maven.surefire.junitplatform.JUnitPlatformProvider.execute(JUnitPlatformProvider.java:184)
	at org.apache.maven.surefire.junitplatform.JUnitPlatformProvider.invokeAllTests(JUnitPlatformProvider.java:148)
	at org.apache.maven.surefire.junitplatform.JUnitPlatformProvider.invoke(JUnitPlatformProvider.java:122)
	at org.apache.maven.surefire.booter.ForkedBooter.runSuitesInProcess(ForkedBooter.java:385)
	at org.apache.maven.surefire.booter.ForkedBooter.execute(ForkedBooter.java:162)
	at org.apache.maven.surefire.booter.ForkedBooter.run(ForkedBooter.java:507)
	at org.apache.maven.surefire.booter.ForkedBooter.main(ForkedBooter.java:495)
]]></failure>
    <system-out><![CDATA[14:15:06.428 [main] DEBUG com.intuit.karate - key store key count for classpath:certificado/clientcert.cbiblian.internal 1.pfx: 1
14:15:06.435 [main] DEBUG com.jayway.jsonpath.internal.path.CompiledPath - Evaluating path: $
14:15:06.437 [main] DEBUG com.jayway.jsonpath.internal.path.CompiledPath - Evaluating path: $['Authorization']
14:15:06.437 [main] DEBUG com.jayway.jsonpath.internal.path.CompiledPath - Evaluating path: $
14:15:06.437 [main] DEBUG com.jayway.jsonpath.internal.path.CompiledPath - Evaluating path: $
14:15:06.437 [main] DEBUG com.jayway.jsonpath.internal.JsonContext - Put path $ key Authorization value {}
14:15:06.437 [main] DEBUG com.jayway.jsonpath.internal.path.CompiledPath - Evaluating path: $
14:15:06.437 [main] DEBUG com.jayway.jsonpath.internal.JsonContext - Put path $ key Authorization value Bearer eyJhbGciOiJSUzI1NiIsInR5cCIgOiAiSldUIiwia2lkIiA6ICI2dUJWTkN6VlViUFBlTFdReEM0WDAyYVM3UnM2UGRYV1dja1dfc0xZMHlFIn0.eyJleHAiOjE3NjExNjA3NTAsImlhdCI6MTc2MTE2MDQ1MCwianRpIjoidHJydGNjOjQ5Yjg0NDVjLTgzYTAtMjI4Ni02NDczLWE2ZGEzOTBhOWQ0YSIsImlzcyI6Imh0dHBzOi8vYXV0ZW50aWNhY2lvbnFhLmNvb25lY3RhLmNvbS5lYy9hdXRoL3JlYWxtcy9QQU5BUEFZIiwiYXVkIjoiYWNjb3VudCIsInN1YiI6Ijk5OGMyZmUwLTJjOGYtNGQwNC1iZjExLWY1OWExZTM5ODg3MyIsInR5cCI6IkJlYXJlciIsImF6cCI6IjAyMDVjYiIsImFjciI6IjEiLCJhbGxvd2VkLW9yaWdpbnMiOlsiLyoiXSwicmVhbG1fYWNjZXNzIjp7InJvbGVzIjpbImRlZmF1bHQtcm9sZXMtYWRtaW5wYW5hcGF5Iiwib2ZmbGluZV9hY2Nlc3MiLCJ1bWFfYXV0aG9yaXphdGlvbiJdfSwicmVzb3VyY2VfYWNjZXNzIjp7IjAyMDVjYiI6eyJyb2xlcyI6WyJ1bWFfcHJvdGVjdGlvbiJdfSwiYWNjb3VudCI6eyJyb2xlcyI6WyJtYW5hZ2UtYWNjb3VudCIsIm1hbmFnZS1hY2NvdW50LWxpbmtzIiwidmlldy1wcm9maWxlIl19fSwic2NvcGUiOiJwcm9maWxlIGVtYWlsIiwiZW1haWxfdmVyaWZpZWQiOmZhbHNlLCJjbGllbnRIb3N0IjoiMTAuMTAuMTAuMTUxIiwicHJlZmVycmVkX3VzZXJuYW1lIjoic2VydmljZS1hY2NvdW50LTAyMDVjYiIsImNsaWVudEFkZHJlc3MiOiIxMC4xMC4xMC4xNTEiLCJjbGllbnRfaWQiOiIwMjA1Y2IifQ.bATUogohrEqy7Voa4mFnsBzOnGy6tnjZGh_lOYRn-0hWXMY_fz-280nTu2Vv68eO3HeoewtWlt45S_iLI2-ml3pqpAlt3DXWVmLvVHw6d7TICHBfQsa0jGXMexKnyar7EinrVhF3deSK25Ap_ajC_82EvVvXrVG-7p9F1dEdq39y2R72JympejF5uhY_z_jNmqJSsnLEZVOo3WMJn76u9tTcYVIldC5uWGFWbPGEhvWPx4ZGpsuq_wrPOGdRmyJDFJPJl7LnLGHK0DBhuVtJUq_NFQkMus2fTTf_mWhRnoqNU-wUCS-fxMs6QusGzIVd-C3O29J3rerHTrGg21LAsQ
14:15:06.437 [main] DEBUG com.jayway.jsonpath.internal.path.CompiledPath - Evaluating path: $
14:15:06.442 [main] INFO com.intuit.karate - Preparar la cuenta ordenante en estado BLOQUEADO antes de la prueba. 
14:15:06.447 [main] DEBUG com.jayway.jsonpath.internal.path.CompiledPath - Evaluating path: $
14:15:06.454 [main] DEBUG org.apache.http.client.protocol.RequestAddCookies - CookieSpec selected: karate
14:15:06.454 [main] DEBUG org.apache.http.client.protocol.RequestAuthCache - Auth cache not set in the context
14:15:06.454 [main] DEBUG com.intuit.karate - request:
1 > POST https://apipanapayqa.coonecta.com.ec/api/switchcentral/finan/transferencia
1 > Content-Type: application/json; charset=UTF-8
1 > Authorization: Bearer eyJhbGciOiJSUzI1NiIsInR5cCIgOiAiSldUIiwia2lkIiA6ICI2dUJWTkN6VlViUFBlTFdReEM0WDAyYVM3UnM2UGRYV1dja1dfc0xZMHlFIn0.eyJleHAiOjE3NjExNjA3NTAsImlhdCI6MTc2MTE2MDQ1MCwianRpIjoidHJydGNjOjQ5Yjg0NDVjLTgzYTAtMjI4Ni02NDczLWE2ZGEzOTBhOWQ0YSIsImlzcyI6Imh0dHBzOi8vYXV0ZW50aWNhY2lvbnFhLmNvb25lY3RhLmNvbS5lYy9hdXRoL3JlYWxtcy9QQU5BUEFZIiwiYXVkIjoiYWNjb3VudCIsInN1YiI6Ijk5OGMyZmUwLTJjOGYtNGQwNC1iZjExLWY1OWExZTM5ODg3MyIsInR5cCI6IkJlYXJlciIsImF6cCI6IjAyMDVjYiIsImFjciI6IjEiLCJhbGxvd2VkLW9yaWdpbnMiOlsiLyoiXSwicmVhbG1fYWNjZXNzIjp7InJvbGVzIjpbImRlZmF1bHQtcm9sZXMtYWRtaW5wYW5hcGF5Iiwib2ZmbGluZV9hY2Nlc3MiLCJ1bWFfYXV0aG9yaXphdGlvbiJdfSwicmVzb3VyY2VfYWNjZXNzIjp7IjAyMDVjYiI6eyJyb2xlcyI6WyJ1bWFfcHJvdGVjdGlvbiJdfSwiYWNjb3VudCI6eyJyb2xlcyI6WyJtYW5hZ2UtYWNjb3VudCIsIm1hbmFnZS1hY2NvdW50LWxpbmtzIiwidmlldy1wcm9maWxlIl19fSwic2NvcGUiOiJwcm9maWxlIGVtYWlsIiwiZW1haWxfdmVyaWZpZWQiOmZhbHNlLCJjbGllbnRIb3N0IjoiMTAuMTAuMTAuMTUxIiwicHJlZmVycmVkX3VzZXJuYW1lIjoic2VydmljZS1hY2NvdW50LTAyMDVjYiIsImNsaWVudEFkZHJlc3MiOiIxMC4xMC4xMC4xNTEiLCJjbGllbnRfaWQiOiIwMjA1Y2IifQ.bATUogohrEqy7Voa4mFnsBzOnGy6tnjZGh_lOYRn-0hWXMY_fz-280nTu2Vv68eO3HeoewtWlt45S_iLI2-ml3pqpAlt3DXWVmLvVHw6d7TICHBfQsa0jGXMexKnyar7EinrVhF3deSK25Ap_ajC_82EvVvXrVG-7p9F1dEdq39y2R72JympejF5uhY_z_jNmqJSsnLEZVOo3WMJn76u9tTcYVIldC5uWGFWbPGEhvWPx4ZGpsuq_wrPOGdRmyJDFJPJl7LnLGHK0DBhuVtJUq_NFQkMus2fTTf_mWhRnoqNU-wUCS-fxMs6QusGzIVd-C3O29J3rerHTrGg21LAsQ
1 > Content-Length: 517
1 > Host: apipanapayqa.coonecta.com.ec
1 > Connection: Keep-Alive
1 > User-Agent: Apache-HttpClient/4.5.14 (Java/17.0.12)
1 > Accept-Encoding: gzip,deflate
{"GrpHdr":{"msgId":"02052025102295333963656","creDtTm":"2025-10-22T14:15:06","nbOfTxs":1,"sttlmInf":{"sttlmMtd":"INGA"},"instgAgt":{"finInstnId":"0205"},"InstdAgt":{"FinInstnId":"0205"},"Mge":{"Type":"acmt.998.321.01"},"ChnlId":"APP"},"CdtTrfTxInf":{"PmtId":{"EndToEndId":"02052025102214975"},"IntrBkSttlmAmt":{"Amt":1.0,"Ccy":"USD"},"DbtrAcctId":{"IBAN":"EC5002051000000000020501052673"},"CdtrAcctId":{"IBAN":"EC0402051000000000020101002318"},"Prtry":{"CustRef":"LOCKED-ORD","ChanRef":"TERM001","AgtRef":"AGT0002"}}}

14:15:06.456 [main] DEBUG org.apache.http.impl.conn.PoolingHttpClientConnectionManager - Connection request: [route: {s}->https://apipanapayqa.coonecta.com.ec:443][total available: 0; route allocated: 0 of 5; total allocated: 0 of 10]
14:15:06.458 [main] DEBUG org.apache.http.impl.conn.PoolingHttpClientConnectionManager - Connection leased: [id: 19][route: {s}->https://apipanapayqa.coonecta.com.ec:443][total available: 0; route allocated: 1 of 5; total allocated: 1 of 10]
14:15:06.458 [main] DEBUG org.apache.http.impl.execchain.MainClientExec - Opening connection {s}->https://apipanapayqa.coonecta.com.ec:443
14:15:06.458 [main] DEBUG org.apache.http.impl.conn.DefaultHttpClientConnectionOperator - Connecting to apipanapayqa.coonecta.com.ec/10.1.0.133:443
14:15:06.458 [main] DEBUG org.apache.http.conn.ssl.SSLConnectionSocketFactory - Connecting socket to apipanapayqa.coonecta.com.ec/10.1.0.133:443 with timeout 30000
14:15:06.546 [main] DEBUG org.apache.http.conn.ssl.SSLConnectionSocketFactory - Enabled protocols: [TLSv1.3, TLSv1.2]
14:15:06.548 [main] DEBUG org.apache.http.conn.ssl.SSLConnectionSocketFactory - Enabled cipher suites:[TLS_AES_256_GCM_SHA384, TLS_AES_128_GCM_SHA256, TLS_CHACHA20_POLY1305_SHA256, TLS_ECDHE_ECDSA_WITH_AES_256_GCM_SHA384, TLS_ECDHE_ECDSA_WITH_AES_128_GCM_SHA256, TLS_ECDHE_ECDSA_WITH_CHACHA20_POLY1305_SHA256, TLS_ECDHE_RSA_WITH_AES_256_GCM_SHA384, TLS_ECDHE_RSA_WITH_CHACHA20_POLY1305_SHA256, TLS_ECDHE_RSA_WITH_AES_128_GCM_SHA256, TLS_DHE_RSA_WITH_AES_256_GCM_SHA384, TLS_DHE_RSA_WITH_CHACHA20_POLY1305_SHA256, TLS_DHE_DSS_WITH_AES_256_GCM_SHA384, TLS_DHE_RSA_WITH_AES_128_GCM_SHA256, TLS_DHE_DSS_WITH_AES_128_GCM_SHA256, TLS_ECDHE_ECDSA_WITH_AES_256_CBC_SHA384, TLS_ECDHE_RSA_WITH_AES_256_CBC_SHA384, TLS_ECDHE_ECDSA_WITH_AES_128_CBC_SHA256, TLS_ECDHE_RSA_WITH_AES_128_CBC_SHA256, TLS_DHE_RSA_WITH_AES_256_CBC_SHA256, TLS_DHE_DSS_WITH_AES_256_CBC_SHA256, TLS_DHE_RSA_WITH_AES_128_CBC_SHA256, TLS_DHE_DSS_WITH_AES_128_CBC_SHA256, TLS_ECDH_ECDSA_WITH_AES_256_GCM_SHA384, TLS_ECDH_RSA_WITH_AES_256_GCM_SHA384, TLS_ECDH_ECDSA_WITH_AES_128_GCM_SHA256, TLS_ECDH_RSA_WITH_AES_128_GCM_SHA256, TLS_ECDH_ECDSA_WITH_AES_256_CBC_SHA384, TLS_ECDH_RSA_WITH_AES_256_CBC_SHA384, TLS_ECDH_ECDSA_WITH_AES_128_CBC_SHA256, TLS_ECDH_RSA_WITH_AES_128_CBC_SHA256, TLS_ECDHE_ECDSA_WITH_AES_256_CBC_SHA, TLS_ECDHE_RSA_WITH_AES_256_CBC_SHA, TLS_ECDHE_ECDSA_WITH_AES_128_CBC_SHA, TLS_ECDHE_RSA_WITH_AES_128_CBC_SHA, TLS_DHE_RSA_WITH_AES_256_CBC_SHA, TLS_DHE_DSS_WITH_AES_256_CBC_SHA, TLS_DHE_RSA_WITH_AES_128_CBC_SHA, TLS_DHE_DSS_WITH_AES_128_CBC_SHA, TLS_ECDH_ECDSA_WITH_AES_256_CBC_SHA, TLS_ECDH_RSA_WITH_AES_256_CBC_SHA, TLS_ECDH_ECDSA_WITH_AES_128_CBC_SHA, TLS_ECDH_RSA_WITH_AES_128_CBC_SHA, TLS_RSA_WITH_AES_256_GCM_SHA384, TLS_RSA_WITH_AES_128_GCM_SHA256, TLS_RSA_WITH_AES_256_CBC_SHA256, TLS_RSA_WITH_AES_128_CBC_SHA256, TLS_RSA_WITH_AES_256_CBC_SHA, TLS_RSA_WITH_AES_128_CBC_SHA, TLS_EMPTY_RENEGOTIATION_INFO_SCSV]
14:15:06.548 [main] DEBUG org.apache.http.conn.ssl.SSLConnectionSocketFactory - Starting handshake
14:15:06.730 [main] DEBUG org.apache.http.conn.ssl.SSLConnectionSocketFactory - Secure session established
14:15:06.730 [main] DEBUG org.apache.http.conn.ssl.SSLConnectionSocketFactory -  negotiated protocol: TLSv1.3
14:15:06.730 [main] DEBUG org.apache.http.conn.ssl.SSLConnectionSocketFactory -  negotiated cipher suite: TLS_AES_256_GCM_SHA384
14:15:06.730 [main] DEBUG org.apache.http.conn.ssl.SSLConnectionSocketFactory -  peer principal: CN=apipanapayqa.coonecta.com.ec, O=Red Transaccional Cooperativa S.A. RTC, L=Quito, ST=Pichincha, C=EC
14:15:06.730 [main] DEBUG org.apache.http.conn.ssl.SSLConnectionSocketFactory -  peer alternative names: [apipanapayqa.coonecta.com.ec]
14:15:06.730 [main] DEBUG org.apache.http.conn.ssl.SSLConnectionSocketFactory -  issuer principal: CN=DigiCert Global G2 TLS RSA SHA256 2020 CA1, O=DigiCert Inc, C=US
14:15:06.733 [main] DEBUG org.apache.http.impl.conn.DefaultHttpClientConnectionOperator - Connection established 10.10.10.151:49815<->10.1.0.133:443
14:15:06.733 [main] DEBUG org.apache.http.impl.conn.DefaultManagedHttpClientConnection - http-outgoing-19: set socket timeout to 30000
14:15:06.733 [main] DEBUG org.apache.http.impl.execchain.MainClientExec - Executing request POST /api/switchcentral/finan/transferencia HTTP/1.1
14:15:06.733 [main] DEBUG org.apache.http.impl.execchain.MainClientExec - Proxy auth state: UNCHALLENGED
14:15:06.733 [main] DEBUG org.apache.http.headers - http-outgoing-19 >> POST /api/switchcentral/finan/transferencia HTTP/1.1
14:15:06.733 [main] DEBUG org.apache.http.headers - http-outgoing-19 >> Content-Type: application/json; charset=UTF-8
14:15:06.733 [main] DEBUG org.apache.http.headers - http-outgoing-19 >> Authorization: Bearer eyJhbGciOiJSUzI1NiIsInR5cCIgOiAiSldUIiwia2lkIiA6ICI2dUJWTkN6VlViUFBlTFdReEM0WDAyYVM3UnM2UGRYV1dja1dfc0xZMHlFIn0.eyJleHAiOjE3NjExNjA3NTAsImlhdCI6MTc2MTE2MDQ1MCwianRpIjoidHJydGNjOjQ5Yjg0NDVjLTgzYTAtMjI4Ni02NDczLWE2ZGEzOTBhOWQ0YSIsImlzcyI6Imh0dHBzOi8vYXV0ZW50aWNhY2lvbnFhLmNvb25lY3RhLmNvbS5lYy9hdXRoL3JlYWxtcy9QQU5BUEFZIiwiYXVkIjoiYWNjb3VudCIsInN1YiI6Ijk5OGMyZmUwLTJjOGYtNGQwNC1iZjExLWY1OWExZTM5ODg3MyIsInR5cCI6IkJlYXJlciIsImF6cCI6IjAyMDVjYiIsImFjciI6IjEiLCJhbGxvd2VkLW9yaWdpbnMiOlsiLyoiXSwicmVhbG1fYWNjZXNzIjp7InJvbGVzIjpbImRlZmF1bHQtcm9sZXMtYWRtaW5wYW5hcGF5Iiwib2ZmbGluZV9hY2Nlc3MiLCJ1bWFfYXV0aG9yaXphdGlvbiJdfSwicmVzb3VyY2VfYWNjZXNzIjp7IjAyMDVjYiI6eyJyb2xlcyI6WyJ1bWFfcHJvdGVjdGlvbiJdfSwiYWNjb3VudCI6eyJyb2xlcyI6WyJtYW5hZ2UtYWNjb3VudCIsIm1hbmFnZS1hY2NvdW50LWxpbmtzIiwidmlldy1wcm9maWxlIl19fSwic2NvcGUiOiJwcm9maWxlIGVtYWlsIiwiZW1haWxfdmVyaWZpZWQiOmZhbHNlLCJjbGllbnRIb3N0IjoiMTAuMTAuMTAuMTUxIiwicHJlZmVycmVkX3VzZXJuYW1lIjoic2VydmljZS1hY2NvdW50LTAyMDVjYiIsImNsaWVudEFkZHJlc3MiOiIxMC4xMC4xMC4xNTEiLCJjbGllbnRfaWQiOiIwMjA1Y2IifQ.bATUogohrEqy7Voa4mFnsBzOnGy6tnjZGh_lOYRn-0hWXMY_fz-280nTu2Vv68eO3HeoewtWlt45S_iLI2-ml3pqpAlt3DXWVmLvVHw6d7TICHBfQsa0jGXMexKnyar7EinrVhF3deSK25Ap_ajC_82EvVvXrVG-7p9F1dEdq39y2R72JympejF5uhY_z_jNmqJSsnLEZVOo3WMJn76u9tTcYVIldC5uWGFWbPGEhvWPx4ZGpsuq_wrPOGdRmyJDFJPJl7LnLGHK0DBhuVtJUq_NFQkMus2fTTf_mWhRnoqNU-wUCS-fxMs6QusGzIVd-C3O29J3rerHTrGg21LAsQ
14:15:06.733 [main] DEBUG org.apache.http.headers - http-outgoing-19 >> Content-Length: 517
14:15:06.733 [main] DEBUG org.apache.http.headers - http-outgoing-19 >> Host: apipanapayqa.coonecta.com.ec
14:15:06.733 [main] DEBUG org.apache.http.headers - http-outgoing-19 >> Connection: Keep-Alive
14:15:06.733 [main] DEBUG org.apache.http.headers - http-outgoing-19 >> User-Agent: Apache-HttpClient/4.5.14 (Java/17.0.12)
14:15:06.733 [main] DEBUG org.apache.http.headers - http-outgoing-19 >> Accept-Encoding: gzip,deflate
14:15:06.733 [main] DEBUG org.apache.http.wire - http-outgoing-19 >> "POST /api/switchcentral/finan/transferencia HTTP/1.1[\r][\n]"
14:15:06.733 [main] DEBUG org.apache.http.wire - http-outgoing-19 >> "Content-Type: application/json; charset=UTF-8[\r][\n]"
14:15:06.733 [main] DEBUG org.apache.http.wire - http-outgoing-19 >> "Authorization: Bearer eyJhbGciOiJSUzI1NiIsInR5cCIgOiAiSldUIiwia2lkIiA6ICI2dUJWTkN6VlViUFBlTFdReEM0WDAyYVM3UnM2UGRYV1dja1dfc0xZMHlFIn0.eyJleHAiOjE3NjExNjA3NTAsImlhdCI6MTc2MTE2MDQ1MCwianRpIjoidHJydGNjOjQ5Yjg0NDVjLTgzYTAtMjI4Ni02NDczLWE2ZGEzOTBhOWQ0YSIsImlzcyI6Imh0dHBzOi8vYXV0ZW50aWNhY2lvbnFhLmNvb25lY3RhLmNvbS5lYy9hdXRoL3JlYWxtcy9QQU5BUEFZIiwiYXVkIjoiYWNjb3VudCIsInN1YiI6Ijk5OGMyZmUwLTJjOGYtNGQwNC1iZjExLWY1OWExZTM5ODg3MyIsInR5cCI6IkJlYXJlciIsImF6cCI6IjAyMDVjYiIsImFjciI6IjEiLCJhbGxvd2VkLW9yaWdpbnMiOlsiLyoiXSwicmVhbG1fYWNjZXNzIjp7InJvbGVzIjpbImRlZmF1bHQtcm9sZXMtYWRtaW5wYW5hcGF5Iiwib2ZmbGluZV9hY2Nlc3MiLCJ1bWFfYXV0aG9yaXphdGlvbiJdfSwicmVzb3VyY2VfYWNjZXNzIjp7IjAyMDVjYiI6eyJyb2xlcyI6WyJ1bWFfcHJvdGVjdGlvbiJdfSwiYWNjb3VudCI6eyJyb2xlcyI6WyJtYW5hZ2UtYWNjb3VudCIsIm1hbmFnZS1hY2NvdW50LWxpbmtzIiwidmlldy1wcm9maWxlIl19fSwic2NvcGUiOiJwcm9maWxlIGVtYWlsIiwiZW1haWxfdmVyaWZpZWQiOmZhbHNlLCJjbGllbnRIb3N0IjoiMTAuMTAuMTAuMTUxIiwicHJlZmVycmVkX3VzZXJuYW1lIjoic2VydmljZS1hY2NvdW50LTAyMDVjYiIsImNsaWVudEFkZHJlc3MiOiIxMC4xMC4xMC4xNTEiLCJjbGllbnRfaWQiOiIwMjA1Y2IifQ.bATUogohrEqy7Voa4mFnsBzOnGy6tnjZGh_lOYRn-0hWXMY_fz-280nTu2Vv68eO3HeoewtWlt45S_iLI2-ml3pqpAlt3DXWVmLvVHw6d7TICHBfQsa0jGXMexKnyar7EinrVhF3deSK25Ap_ajC_82EvVvXrVG-7p9F1dEdq39y2R72JympejF5uhY_z_jNmqJSsnLEZVOo3WMJn76u9tTcYVIldC5uWGFWbPGEhvWPx4ZGpsuq_wrPOGdRmyJDFJPJl7LnLGHK0DBhuVtJUq_NFQkMus2fTTf_mWhRnoqNU-wUCS-fxMs6QusGzIVd-C3O29J3rerHTrGg21LAsQ[\r][\n]"
14:15:06.733 [main] DEBUG org.apache.http.wire - http-outgoing-19 >> "Content-Length: 517[\r][\n]"
14:15:06.733 [main] DEBUG org.apache.http.wire - http-outgoing-19 >> "Host: apipanapayqa.coonecta.com.ec[\r][\n]"
14:15:06.733 [main] DEBUG org.apache.http.wire - http-outgoing-19 >> "Connection: Keep-Alive[\r][\n]"
14:15:06.733 [main] DEBUG org.apache.http.wire - http-outgoing-19 >> "User-Agent: Apache-HttpClient/4.5.14 (Java/17.0.12)[\r][\n]"
14:15:06.733 [main] DEBUG org.apache.http.wire - http-outgoing-19 >> "Accept-Encoding: gzip,deflate[\r][\n]"
14:15:06.733 [main] DEBUG org.apache.http.wire - http-outgoing-19 >> "[\r][\n]"
14:15:06.733 [main] DEBUG org.apache.http.wire - http-outgoing-19 >> "{"GrpHdr":{"msgId":"02052025102295333963656","creDtTm":"2025-10-22T14:15:06","nbOfTxs":1,"sttlmInf":{"sttlmMtd":"INGA"},"instgAgt":{"finInstnId":"0205"},"InstdAgt":{"FinInstnId":"0205"},"Mge":{"Type":"acmt.998.321.01"},"ChnlId":"APP"},"CdtTrfTxInf":{"PmtId":{"EndToEndId":"02052025102214975"},"IntrBkSttlmAmt":{"Amt":1.0,"Ccy":"USD"},"DbtrAcctId":{"IBAN":"EC5002051000000000020501052673"},"CdtrAcctId":{"IBAN":"EC0402051000000000020101002318"},"Prtry":{"CustRef":"LOCKED-ORD","ChanRef":"TERM001","AgtRef":"AGT0002"}}}"
14:15:10.501 [main] DEBUG org.apache.http.wire - http-outgoing-19 << "HTTP/1.1 200 OK[\r][\n]"
14:15:10.501 [main] DEBUG org.apache.http.wire - http-outgoing-19 << "Date: Wed, 22 Oct 2025 19:15:01 GMT[\r][\n]"
14:15:10.501 [main] DEBUG org.apache.http.wire - http-outgoing-19 << "Content-Type: application/json; charset=utf-8[\r][\n]"
14:15:10.501 [main] DEBUG org.apache.http.wire - http-outgoing-19 << "Transfer-Encoding: chunked[\r][\n]"
14:15:10.501 [main] DEBUG org.apache.http.wire - http-outgoing-19 << "Connection: keep-alive[\r][\n]"
14:15:10.501 [main] DEBUG org.apache.http.wire - http-outgoing-19 << "Server: Kestrel[\r][\n]"
14:15:10.503 [main] DEBUG org.apache.http.wire - http-outgoing-19 << "Content-Encoding: gzip[\r][\n]"
14:15:10.503 [main] DEBUG org.apache.http.wire - http-outgoing-19 << "Set-Cookie: ARRAffinity=135f536e0d078a815c3b83fda3468ab8a3a2abc604a35eefb28648d3961cfa9b;Path=/;HttpOnly;Secure;Domain=app-apipanapay-qa.azurewebsites.net[\r][\n]"
14:15:10.503 [main] DEBUG org.apache.http.wire - http-outgoing-19 << "Set-Cookie: ARRAffinitySameSite=135f536e0d078a815c3b83fda3468ab8a3a2abc604a35eefb28648d3961cfa9b;Path=/;HttpOnly;SameSite=None;Secure;Domain=app-apipanapay-qa.azurewebsites.net[\r][\n]"
14:15:10.503 [main] DEBUG org.apache.http.wire - http-outgoing-19 << "Vary: Accept-Encoding[\r][\n]"
14:15:10.503 [main] DEBUG org.apache.http.wire - http-outgoing-19 << "Request-Context: appId=cid-v1:a7a77847-2713-450f-9030-b350a2d54a28[\r][\n]"
14:15:10.503 [main] DEBUG org.apache.http.wire - http-outgoing-19 << "X-Powered-By: ASP.NET[\r][\n]"
14:15:10.503 [main] DEBUG org.apache.http.wire - http-outgoing-19 << "X-ARR-ClientCert: -----BEGIN%20CERTIFICATE-----%0AMIIEHDCCAgSgAwIBAgIUZIZBO0fb7VZ4KXrs01S4RYbWyJ8wDQYJKoZIhvcNAQEL%0ABQAwJTEjMCEGA1UEAwwacm9vdGNlcnQuY2JpYmxpYW4uaW50ZXJuYWwwHhcNMjUw%0AODEzMTMyNTU5WhcNMjgwODEyMTMyNTU5WjAnMSUwIwYDVQQDDBxjbGllbnRjZXJ0%0ALmNiaWJsaWFuLmludGVybmFsMIIBIjANBgkqhkiG9w0BAQEFAAOCAQ8AMIIBCgKC%0AAQEAskUDap6NmyYq8RT6F7z3DpZGQiflNQTvUT84TmxsKXEBRAkgINnkJqgKkd7f%0ASEybzqglQTbr4s41lCiPsy3X66qYjU2L%2Bojhni%2BOCVOX7n3JBYovL%2FqfMP3%2FkhZP%0AQIlK%2FQWPcrnl39fYkGOQv%2BYqoCGEPzGkib2m1Ma5Q1HOCKh1ErMjqTLGy%2ByJj6JY%0AiZvMx3YrJSvjUS0uKpNwxPtGyiexRfKsmR%2FHqPzRHa0iY%2B752KSgUedwJPv1Wod%2B%0AY9BMAMIdU25UtkUEsaOYtorGWDaZSn2Bl0LYmP87kjcYypnHx0jtPtUCXfVHrE6u%0AZnDRFYsZbeXylY3mJkyOL2DzZwIDAQABo0IwQDAdBgNVHQ4EFgQURPhJwTAcUWUp%0ArOqQO68P%2FbJoqjMwHwYDVR0jBBgwFoAU7GdlxoSeEXucEXhjadHRC9xzS0UwDQYJ%0AKoZIhvcNAQELBQADggIBAGTnlyF2n%2F6s9phYbO8V17niO0BXB62ToX6gPhcw9f3y%0AhMui6RnrM1oiHlBWqZquCqYJ5ETvYJE1RqvoqtGysxCnIj0OTJHV4WtF3SHsd1Tu%0ATg%2B%2FUnGivtBTDQxj9sbAtCaSYRBqPByP8jvSTDgXR1mgOrEGjr2PZdZSoKLj4OHi%0A9UCMJw7pJsyA4lbroKshQTYv5Ks5SqtJpdp0%2BUX0UUlbPJqXiadfbKdoXvEgcwbP%0ACqR9v7kGYmNxfaGLNGVrV%2BnLawIDmdYXJE%2F4WJh6sHfiZxEsE%2BB4PoKADrb1Eapt%0AnSdHUgRfc0i5f2lcmErnU8nCMO5TWdHFOgpYwTS8w17FhNFZpaSmyZKM7uHcUs7y%0AUbuiQtdXocfSSMf%2FeycBEU%2FHAVIWQEqY%2BbJdC0q%2FR%2BsESeBtXd4IEIxR0QfgscGk%0AJyCSFC8z%2FvCgrRsH5rePqKO7%2FLAsDTP4GIQNFNfF4Wh6bsPXuJmvvoMcnmy%2F58Wo%0AE0XaG8UPHVAeyEmhncdM32E7SJbR91aRr2CkV23OoUz%2BwKG2%2FuObHmAkuMkCbbcz%0AJQoC7DZg5FGw%2BZR7v1DIBct5QNJQ8bG%2FXGRxjWC6dU7jrGhOF1X%2B2YYcdx9XnwyM%0A9YPxUy5bVfMhIiKP2wEso5fjOZ4RTvnB5R6zD3maJK%2FtZAXVhtyqXSkBYFi4MvEs%0A-----END%20CERTIFICATE-----%0A[\r][\n]"
14:15:10.503 [main] DEBUG org.apache.http.wire - http-outgoing-19 << "[\r][\n]"
14:15:10.503 [main] DEBUG org.apache.http.wire - http-outgoing-19 << "1ce[\r][\n]"
14:15:10.503 [main] DEBUG org.apache.http.wire - http-outgoing-19 << "[0x1f][0x8b][0x8][0x0][0x0][0x0][0x0][0x0][0x4][0x0][0xed][0xbd][0x7]`[0x1c]I[0x96]%&/m[0xca]{J[0xf5]J[0xd7][0xe0]t[0xa1][0x8][0x80]`[0x13]$[0xd8][0x90]@[0x10][0xec][0xc1][0x88][0xcd][0xe6][0x92][0xec][0x1d]iG#)[0xab]*[0x81][0xca]eVe]f[0x16]@[0xcc][0xed][0x9d][0xbc][0xf7][0xde]{[0xef][0xbd][0xf7][0xde]{[0xef][0xbd][0xf7][0xba];[0x9d]N'[0xf7][0xdf][0xff]?\fd[0x1]l[0xf6][0xce]J[0xda][0xc9][0x9e]![0x80][0xaa][0xc8][0x1f]?~|[0x1f]?"~[0xf1]G[0x9f][0xd7][0xab]o[0xcf][0xea][0x8f][0x1e][0xfd][0xe2][0x8f][0xbe]h.[0xce]f[0x1f]=[0xfa]h[0x87][0x9e][0xbd][0x9d][0xbd][0xfb][0xbb];{[0xf4]c[0xe7][0xde][0x83][0xbd][0x8f]F[0x1f][0x9d][0xd4][0xf9][0xd3][0xf6][0xcd][0x82][0xbe][0xa6][0xcf][0xee]o[0xef][0xee]l[0xef][0xed][0xbd][0xd9][0xdd][0xb4]{[0xff][0xd1][0xce][0xe]}[0xff]b[0xf2][0xe5][0xf9][0x9b]w[0xcd]G[0x8f]vG[0x1f][0xbd]n[0xdb]rq[0xb6]<[0x7]P[0xfe][0xfd][0x8b][0x16]p[0xcf]^|~[0xfc][0xd1]/[0x19]}t[0xb6]l[0xda][0x8b][0xe3][0x8b][0x16]_?+[0x96][0xf8]s)[0x1d][0xef][0xed][0xdc]7[\r]f[0x9b][0x1a]|q[0x91][0xe3][0xbb]7[0xd7]+[0xfa][0xf9]Q6][0xb4][0xe3][0x87][0xf][0xf][0xc6][0xf7][0xf6][0xf6][0xc6];;[0xbb]hq2_[0x96][0xfc][0xca][0xf1][0xcb][0x97][0xfc][0xf7][0xac]}S[0x13][0x82][0x8a][0xd5][0x97][0xf5][0xc5][0x92][0x6][0xee][0xfd]U[0xda][0xd1]S[0x1f][0x18]"F[0xff][0xf0][0xfe][0xbd]{[0xf7][0x1e]~z[0xef][0xd3][0xfb][0x9f][0xd2][0x10][0xa5][0xd9]E[0xde][0xef]vwL[0xbd]j[0x83]M[0x84][0xfa][0x14][0xa8][0xbc]\[0xb4][0xe8][0xe8][0x17]t[0xba][0x9c][0xbd][0xa9][0xe8][0x1f][0xfc][0x15]t[0xbb][0xbb][0xff][0xf0][0xc1]}[0x82]G[0xe8][0xe2][0xab][0xdd][0x83][0xfb][0xfb];x[0xf3][0xcd][0xbb][0xd7]-Q[0xf8][0xa3]/[0xdf][0xd2][0x97][0xaf][0x9a]%[0x80][0xd0][0x8f][0x13]4[0xa2]9[0xc3]4[0x1c][0xcf]fm[0xc9][0xc3][0xfa][0xe8]M[0x9d]-[0x9b]l:-[0xfe][0xd1][0xbf]u[0x99][0x9e][0xbe]+[0xda][0xaa][0xc9][0x0][0xe5][0xe9][0xa4][0xe5][0xe9]>^[0xb7][0xf3][0x93]j[0x86][0xa1][0x84][0x9d][0xef][0xde][0xdf][0xd9][0xdd][0xd9][0xfd][0xf4][0xe1]=[0xa1][0xe4][0xec][0x16][0xcd][0xf7][0xef][0xdf]{@lB[0xcd]y[0xbe][0x9f][0xd2][0xd4]y[0xc3][0xff][0xe8][0x97][\r][\n]"
14:15:10.503 [main] DEBUG org.apache.http.wire - http-outgoing-19 << "c[\r][\n]"
14:15:10.503 [main] DEBUG org.apache.http.wire - http-outgoing-19 << "[0xfc][0x92][0xff][0x7][0xfa]%')h[0x2][0x0][0x0][\r][\n]"
14:15:10.503 [main] DEBUG org.apache.http.wire - http-outgoing-19 << "0[\r][\n]"
14:15:10.503 [main] DEBUG org.apache.http.wire - http-outgoing-19 << "[\r][\n]"
14:15:10.503 [main] DEBUG org.apache.http.headers - http-outgoing-19 << HTTP/1.1 200 OK
14:15:10.503 [main] DEBUG org.apache.http.headers - http-outgoing-19 << Date: Wed, 22 Oct 2025 19:15:01 GMT
14:15:10.503 [main] DEBUG org.apache.http.headers - http-outgoing-19 << Content-Type: application/json; charset=utf-8
14:15:10.503 [main] DEBUG org.apache.http.headers - http-outgoing-19 << Transfer-Encoding: chunked
14:15:10.503 [main] DEBUG org.apache.http.headers - http-outgoing-19 << Connection: keep-alive
14:15:10.503 [main] DEBUG org.apache.http.headers - http-outgoing-19 << Server: Kestrel
14:15:10.503 [main] DEBUG org.apache.http.headers - http-outgoing-19 << Content-Encoding: gzip
14:15:10.503 [main] DEBUG org.apache.http.headers - http-outgoing-19 << Set-Cookie: ARRAffinity=135f536e0d078a815c3b83fda3468ab8a3a2abc604a35eefb28648d3961cfa9b;Path=/;HttpOnly;Secure;Domain=app-apipanapay-qa.azurewebsites.net
14:15:10.503 [main] DEBUG org.apache.http.headers - http-outgoing-19 << Set-Cookie: ARRAffinitySameSite=135f536e0d078a815c3b83fda3468ab8a3a2abc604a35eefb28648d3961cfa9b;Path=/;HttpOnly;SameSite=None;Secure;Domain=app-apipanapay-qa.azurewebsites.net
14:15:10.503 [main] DEBUG org.apache.http.headers - http-outgoing-19 << Vary: Accept-Encoding
14:15:10.503 [main] DEBUG org.apache.http.headers - http-outgoing-19 << Request-Context: appId=cid-v1:a7a77847-2713-450f-9030-b350a2d54a28
14:15:10.503 [main] DEBUG org.apache.http.headers - http-outgoing-19 << X-Powered-By: ASP.NET
14:15:10.503 [main] DEBUG org.apache.http.headers - http-outgoing-19 << X-ARR-ClientCert: -----BEGIN%20CERTIFICATE-----%0AMIIEHDCCAgSgAwIBAgIUZIZBO0fb7VZ4KXrs01S4RYbWyJ8wDQYJKoZIhvcNAQEL%0ABQAwJTEjMCEGA1UEAwwacm9vdGNlcnQuY2JpYmxpYW4uaW50ZXJuYWwwHhcNMjUw%0AODEzMTMyNTU5WhcNMjgwODEyMTMyNTU5WjAnMSUwIwYDVQQDDBxjbGllbnRjZXJ0%0ALmNiaWJsaWFuLmludGVybmFsMIIBIjANBgkqhkiG9w0BAQEFAAOCAQ8AMIIBCgKC%0AAQEAskUDap6NmyYq8RT6F7z3DpZGQiflNQTvUT84TmxsKXEBRAkgINnkJqgKkd7f%0ASEybzqglQTbr4s41lCiPsy3X66qYjU2L%2Bojhni%2BOCVOX7n3JBYovL%2FqfMP3%2FkhZP%0AQIlK%2FQWPcrnl39fYkGOQv%2BYqoCGEPzGkib2m1Ma5Q1HOCKh1ErMjqTLGy%2ByJj6JY%0AiZvMx3YrJSvjUS0uKpNwxPtGyiexRfKsmR%2FHqPzRHa0iY%2B752KSgUedwJPv1Wod%2B%0AY9BMAMIdU25UtkUEsaOYtorGWDaZSn2Bl0LYmP87kjcYypnHx0jtPtUCXfVHrE6u%0AZnDRFYsZbeXylY3mJkyOL2DzZwIDAQABo0IwQDAdBgNVHQ4EFgQURPhJwTAcUWUp%0ArOqQO68P%2FbJoqjMwHwYDVR0jBBgwFoAU7GdlxoSeEXucEXhjadHRC9xzS0UwDQYJ%0AKoZIhvcNAQELBQADggIBAGTnlyF2n%2F6s9phYbO8V17niO0BXB62ToX6gPhcw9f3y%0AhMui6RnrM1oiHlBWqZquCqYJ5ETvYJE1RqvoqtGysxCnIj0OTJHV4WtF3SHsd1Tu%0ATg%2B%2FUnGivtBTDQxj9sbAtCaSYRBqPByP8jvSTDgXR1mgOrEGjr2PZdZSoKLj4OHi%0A9UCMJw7pJsyA4lbroKshQTYv5Ks5SqtJpdp0%2BUX0UUlbPJqXiadfbKdoXvEgcwbP%0ACqR9v7kGYmNxfaGLNGVrV%2BnLawIDmdYXJE%2F4WJh6sHfiZxEsE%2BB4PoKADrb1Eapt%0AnSdHUgRfc0i5f2lcmErnU8nCMO5TWdHFOgpYwTS8w17FhNFZpaSmyZKM7uHcUs7y%0AUbuiQtdXocfSSMf%2FeycBEU%2FHAVIWQEqY%2BbJdC0q%2FR%2BsESeBtXd4IEIxR0QfgscGk%0AJyCSFC8z%2FvCgrRsH5rePqKO7%2FLAsDTP4GIQNFNfF4Wh6bsPXuJmvvoMcnmy%2F58Wo%0AE0XaG8UPHVAeyEmhncdM32E7SJbR91aRr2CkV23OoUz%2BwKG2%2FuObHmAkuMkCbbcz%0AJQoC7DZg5FGw%2BZR7v1DIBct5QNJQ8bG%2FXGRxjWC6dU7jrGhOF1X%2B2YYcdx9XnwyM%0A9YPxUy5bVfMhIiKP2wEso5fjOZ4RTvnB5R6zD3maJK%2FtZAXVhtyqXSkBYFi4MvEs%0A-----END%20CERTIFICATE-----%0A
14:15:10.503 [main] DEBUG org.apache.http.impl.execchain.MainClientExec - Connection can be kept alive indefinitely
14:15:10.503 [main] DEBUG org.apache.http.client.protocol.ResponseProcessCookies - Cookie accepted [ARRAffinity="135f536e0d078a815c3b83fda3468ab8a3a2abc604a35eefb28648d3961cfa9b", version:0, domain:app-apipanapay-qa.azurewebsites.net, path:/, expiry:null]
14:15:10.504 [main] DEBUG org.apache.http.client.protocol.ResponseProcessCookies - Cookie accepted [ARRAffinitySameSite="135f536e0d078a815c3b83fda3468ab8a3a2abc604a35eefb28648d3961cfa9b", version:0, domain:app-apipanapay-qa.azurewebsites.net, path:/, expiry:null]
14:15:10.506 [main] DEBUG org.apache.http.impl.conn.DefaultManagedHttpClientConnection - http-outgoing-19: Close connection
14:15:10.603 [main] DEBUG org.apache.http.impl.execchain.MainClientExec - Connection discarded
14:15:10.603 [main] DEBUG org.apache.http.impl.conn.PoolingHttpClientConnectionManager - Connection released: [id: 19][route: {s}->https://apipanapayqa.coonecta.com.ec:443][total available: 0; route allocated: 0 of 5; total allocated: 0 of 10]
14:15:10.603 [main] DEBUG org.apache.http.impl.conn.PoolingHttpClientConnectionManager - Connection manager is shutting down
14:15:10.603 [main] DEBUG org.apache.http.impl.conn.PoolingHttpClientConnectionManager - Connection manager shut down
14:15:10.604 [main] DEBUG com.intuit.karate - response time in milliseconds: 4048
1 < 200
1 < Date: Wed, 22 Oct 2025 19:15:01 GMT
1 < Content-Type: application/json; charset=utf-8
1 < Transfer-Encoding: chunked
1 < Connection: keep-alive
1 < Server: Kestrel
1 < Set-Cookie: ARRAffinity=135f536e0d078a815c3b83fda3468ab8a3a2abc604a35eefb28648d3961cfa9b;Path=/;HttpOnly;Secure;Domain=app-apipanapay-qa.azurewebsites.net
1 < Set-Cookie: ARRAffinitySameSite=135f536e0d078a815c3b83fda3468ab8a3a2abc604a35eefb28648d3961cfa9b;Path=/;HttpOnly;SameSite=None;Secure;Domain=app-apipanapay-qa.azurewebsites.net
1 < Vary: Accept-Encoding
1 < Request-Context: appId=cid-v1:a7a77847-2713-450f-9030-b350a2d54a28
1 < X-Powered-By: ASP.NET
1 < X-ARR-ClientCert: -----BEGIN%20CERTIFICATE-----%0AMIIEHDCCAgSgAwIBAgIUZIZBO0fb7VZ4KXrs01S4RYbWyJ8wDQYJKoZIhvcNAQEL%0ABQAwJTEjMCEGA1UEAwwacm9vdGNlcnQuY2JpYmxpYW4uaW50ZXJuYWwwHhcNMjUw%0AODEzMTMyNTU5WhcNMjgwODEyMTMyNTU5WjAnMSUwIwYDVQQDDBxjbGllbnRjZXJ0%0ALmNiaWJsaWFuLmludGVybmFsMIIBIjANBgkqhkiG9w0BAQEFAAOCAQ8AMIIBCgKC%0AAQEAskUDap6NmyYq8RT6F7z3DpZGQiflNQTvUT84TmxsKXEBRAkgINnkJqgKkd7f%0ASEybzqglQTbr4s41lCiPsy3X66qYjU2L%2Bojhni%2BOCVOX7n3JBYovL%2FqfMP3%2FkhZP%0AQIlK%2FQWPcrnl39fYkGOQv%2BYqoCGEPzGkib2m1Ma5Q1HOCKh1ErMjqTLGy%2ByJj6JY%0AiZvMx3YrJSvjUS0uKpNwxPtGyiexRfKsmR%2FHqPzRHa0iY%2B752KSgUedwJPv1Wod%2B%0AY9BMAMIdU25UtkUEsaOYtorGWDaZSn2Bl0LYmP87kjcYypnHx0jtPtUCXfVHrE6u%0AZnDRFYsZbeXylY3mJkyOL2DzZwIDAQABo0IwQDAdBgNVHQ4EFgQURPhJwTAcUWUp%0ArOqQO68P%2FbJoqjMwHwYDVR0jBBgwFoAU7GdlxoSeEXucEXhjadHRC9xzS0UwDQYJ%0AKoZIhvcNAQELBQADggIBAGTnlyF2n%2F6s9phYbO8V17niO0BXB62ToX6gPhcw9f3y%0AhMui6RnrM1oiHlBWqZquCqYJ5ETvYJE1RqvoqtGysxCnIj0OTJHV4WtF3SHsd1Tu%0ATg%2B%2FUnGivtBTDQxj9sbAtCaSYRBqPByP8jvSTDgXR1mgOrEGjr2PZdZSoKLj4OHi%0A9UCMJw7pJsyA4lbroKshQTYv5Ks5SqtJpdp0%2BUX0UUlbPJqXiadfbKdoXvEgcwbP%0ACqR9v7kGYmNxfaGLNGVrV%2BnLawIDmdYXJE%2F4WJh6sHfiZxEsE%2BB4PoKADrb1Eapt%0AnSdHUgRfc0i5f2lcmErnU8nCMO5TWdHFOgpYwTS8w17FhNFZpaSmyZKM7uHcUs7y%0AUbuiQtdXocfSSMf%2FeycBEU%2FHAVIWQEqY%2BbJdC0q%2FR%2BsESeBtXd4IEIxR0QfgscGk%0AJyCSFC8z%2FvCgrRsH5rePqKO7%2FLAsDTP4GIQNFNfF4Wh6bsPXuJmvvoMcnmy%2F58Wo%0AE0XaG8UPHVAeyEmhncdM32E7SJbR91aRr2CkV23OoUz%2BwKG2%2FuObHmAkuMkCbbcz%0AJQoC7DZg5FGw%2BZR7v1DIBct5QNJQ8bG%2FXGRxjWC6dU7jrGhOF1X%2B2YYcdx9XnwyM%0A9YPxUy5bVfMhIiKP2wEso5fjOZ4RTvnB5R6zD3maJK%2FtZAXVhtyqXSkBYFi4MvEs%0A-----END%20CERTIFICATE-----%0A
{"GrpHdr":{"MsgId":"000020251022020372","CreDtTm":"2025-10-22T14:15:00","NbOfTxs":1,"SttlmInf":{"SttlmMtd":"INGA"},"InstgAgt":{"FinInstnId":"0205"},"InstdAgt":{"FinInstnId":"0205"},"Mge":{"Type":"acmt.998.322.001"},"ChnlId":"APP"},"CdtTrfTxInf":{"OrgnGrpInf":{"OrgnlMsgId":"02052025102295333963656","OrgnlMgeType":"acmt.998.321.01","OrgnlCreDtTm":"2025-10-22T14:15:06"},"PmtId":{"EndToEndId":"02052025102214975","TxId":"18540"},"TxSts":"Ok","Rsn":{"RsnCd":"0000","AddtlInf":"Transacción Exitosa"},"Dbtr":{"AuthCode":"020520251022141501016931"},"Cdtr":{"AuthCode":"020520251022141501453772"},"SttlmDt":"2025-10-22"}}

14:15:10.605 [main] ERROR com.intuit.karate - classpath:Transferencia.feature:386
Then match responseStatus in normalizedStatus
no step-definition method match found for: match responseStatus in normalizedStatus
classpath:Transferencia.feature:386
]]></system-out>
  </testcase>
  <testcase name="[20:390] Transferencia exitosa, cuenta ordenante desbloqueada en el directorio" classname="Transferencia" time="4.8">
    <failure message="no step-definition method match found for: match responseStatus in normalizedStatus&#10;classpath:Transferencia.feature:398" type="org.opentest4j.AssertionFailedError"><![CDATA[org.opentest4j.AssertionFailedError: 
no step-definition method match found for: match responseStatus in normalizedStatus
classpath:Transferencia.feature:398
	at org.junit.jupiter.api.AssertionUtils.fail(AssertionUtils.java:38)
	at org.junit.jupiter.api.Assertions.fail(Assertions.java:135)
	at com.intuit.karate.junit5.FeatureNode.lambda$next$1(FeatureNode.java:86)
	at org.junit.jupiter.engine.descriptor.DynamicTestTestDescriptor.lambda$execute$0(DynamicTestTestDescriptor.java:53)
	at org.junit.jupiter.engine.execution.InvocationInterceptorChain$ValidatingInvocation.proceed(InvocationInterceptorChain.java:131)
	at org.junit.jupiter.api.extension.InvocationInterceptor.interceptDynamicTest(InvocationInterceptor.java:167)
	at org.junit.jupiter.api.extension.InvocationInterceptor.interceptDynamicTest(InvocationInterceptor.java:184)
	at org.junit.jupiter.engine.descriptor.DynamicTestTestDescriptor.lambda$execute$1(DynamicTestTestDescriptor.java:61)
	at org.junit.jupiter.engine.execution.InvocationInterceptorChain$InterceptorCall.lambda$ofVoid$0(InvocationInterceptorChain.java:78)
	at org.junit.jupiter.engine.execution.InvocationInterceptorChain$InterceptedInvocation.proceed(InvocationInterceptorChain.java:106)
	at org.junit.jupiter.engine.execution.InvocationInterceptorChain.proceed(InvocationInterceptorChain.java:64)
	at org.junit.jupiter.engine.execution.InvocationInterceptorChain.chainAndInvoke(InvocationInterceptorChain.java:45)
	at org.junit.jupiter.engine.execution.InvocationInterceptorChain.invoke(InvocationInterceptorChain.java:37)
	at org.junit.jupiter.engine.descriptor.DynamicTestTestDescriptor.execute(DynamicTestTestDescriptor.java:60)
	at org.junit.jupiter.engine.descriptor.DynamicTestTestDescriptor.execute(DynamicTestTestDescriptor.java:32)
	at org.junit.platform.engine.support.hierarchical.NodeTestTask.lambda$executeRecursively$6(NodeTestTask.java:151)
	at org.junit.platform.engine.support.hierarchical.ThrowableCollector.execute(ThrowableCollector.java:73)
	at org.junit.platform.engine.support.hierarchical.NodeTestTask.lambda$executeRecursively$8(NodeTestTask.java:141)
	at org.junit.platform.engine.support.hierarchical.Node.around(Node.java:137)
	at org.junit.platform.engine.support.hierarchical.NodeTestTask.lambda$executeRecursively$9(NodeTestTask.java:139)
	at org.junit.platform.engine.support.hierarchical.ThrowableCollector.execute(ThrowableCollector.java:73)
	at org.junit.platform.engine.support.hierarchical.NodeTestTask.executeRecursively(NodeTestTask.java:138)
	at org.junit.platform.engine.support.hierarchical.NodeTestTask.execute(NodeTestTask.java:95)
	at org.junit.platform.engine.support.hierarchical.SameThreadHierarchicalTestExecutorService.submit(SameThreadHierarchicalTestExecutorService.java:35)
	at org.junit.platform.engine.support.hierarchical.NodeTestTask$DefaultDynamicTestExecutor.execute(NodeTestTask.java:226)
	at org.junit.platform.engine.support.hierarchical.NodeTestTask$DefaultDynamicTestExecutor.execute(NodeTestTask.java:204)
	at java.base/java.util.stream.ForEachOps$ForEachOp$OfRef.accept(ForEachOps.java:183)
	at java.base/java.util.stream.ReferencePipeline$3$1.accept(ReferencePipeline.java:197)
	at java.base/java.util.stream.ReferencePipeline$2$1.accept(ReferencePipeline.java:179)
	at java.base/java.util.stream.ReferencePipeline$3$1.accept(ReferencePipeline.java:197)
	at java.base/java.util.Iterator.forEachRemaining(Iterator.java:133)
	at java.base/java.util.Spliterators$IteratorSpliterator.forEachRemaining(Spliterators.java:1845)
	at java.base/java.util.stream.AbstractPipeline.copyInto(AbstractPipeline.java:509)
	at java.base/java.util.stream.AbstractPipeline.wrapAndCopyInto(AbstractPipeline.java:499)
	at java.base/java.util.stream.ForEachOps$ForEachOp.evaluateSequential(ForEachOps.java:150)
	at java.base/java.util.stream.ForEachOps$ForEachOp$OfRef.evaluateSequential(ForEachOps.java:173)
	at java.base/java.util.stream.AbstractPipeline.evaluate(AbstractPipeline.java:234)
	at java.base/java.util.stream.ReferencePipeline.forEachOrdered(ReferencePipeline.java:601)
	at org.junit.jupiter.engine.descriptor.DynamicContainerTestDescriptor.execute(DynamicContainerTestDescriptor.java:67)
	at org.junit.jupiter.engine.descriptor.DynamicContainerTestDescriptor.execute(DynamicContainerTestDescriptor.java:33)
	at org.junit.platform.engine.support.hierarchical.NodeTestTask.lambda$executeRecursively$6(NodeTestTask.java:151)
	at org.junit.platform.engine.support.hierarchical.ThrowableCollector.execute(ThrowableCollector.java:73)
	at org.junit.platform.engine.support.hierarchical.NodeTestTask.lambda$executeRecursively$8(NodeTestTask.java:141)
	at org.junit.platform.engine.support.hierarchical.Node.around(Node.java:137)
	at org.junit.platform.engine.support.hierarchical.NodeTestTask.lambda$executeRecursively$9(NodeTestTask.java:139)
	at org.junit.platform.engine.support.hierarchical.ThrowableCollector.execute(ThrowableCollector.java:73)
	at org.junit.platform.engine.support.hierarchical.NodeTestTask.executeRecursively(NodeTestTask.java:138)
	at org.junit.platform.engine.support.hierarchical.NodeTestTask.execute(NodeTestTask.java:95)
	at org.junit.platform.engine.support.hierarchical.SameThreadHierarchicalTestExecutorService.submit(SameThreadHierarchicalTestExecutorService.java:35)
	at org.junit.platform.engine.support.hierarchical.NodeTestTask$DefaultDynamicTestExecutor.execute(NodeTestTask.java:226)
	at org.junit.platform.engine.support.hierarchical.NodeTestTask$DefaultDynamicTestExecutor.execute(NodeTestTask.java:204)
	at java.base/java.util.Optional.ifPresent(Optional.java:178)
	at org.junit.jupiter.engine.descriptor.TestFactoryTestDescriptor.lambda$invokeTestMethod$1(TestFactoryTestDescriptor.java:108)
	at org.junit.platform.engine.support.hierarchical.ThrowableCollector.execute(ThrowableCollector.java:73)
	at org.junit.jupiter.engine.descriptor.TestFactoryTestDescriptor.invokeTestMethod(TestFactoryTestDescriptor.java:95)
	at org.junit.jupiter.engine.descriptor.TestMethodTestDescriptor.execute(TestMethodTestDescriptor.java:138)
	at org.junit.jupiter.engine.descriptor.TestMethodTestDescriptor.execute(TestMethodTestDescriptor.java:68)
	at org.junit.platform.engine.support.hierarchical.NodeTestTask.lambda$executeRecursively$6(NodeTestTask.java:151)
	at org.junit.platform.engine.support.hierarchical.ThrowableCollector.execute(ThrowableCollector.java:73)
	at org.junit.platform.engine.support.hierarchical.NodeTestTask.lambda$executeRecursively$8(NodeTestTask.java:141)
	at org.junit.platform.engine.support.hierarchical.Node.around(Node.java:137)
	at org.junit.platform.engine.support.hierarchical.NodeTestTask.lambda$executeRecursively$9(NodeTestTask.java:139)
	at org.junit.platform.engine.support.hierarchical.ThrowableCollector.execute(ThrowableCollector.java:73)
	at org.junit.platform.engine.support.hierarchical.NodeTestTask.executeRecursively(NodeTestTask.java:138)
	at org.junit.platform.engine.support.hierarchical.NodeTestTask.execute(NodeTestTask.java:95)
	at java.base/java.util.ArrayList.forEach(ArrayList.java:1511)
	at org.junit.platform.engine.support.hierarchical.SameThreadHierarchicalTestExecutorService.invokeAll(SameThreadHierarchicalTestExecutorService.java:41)
	at org.junit.platform.engine.support.hierarchical.NodeTestTask.lambda$executeRecursively$6(NodeTestTask.java:155)
	at org.junit.platform.engine.support.hierarchical.ThrowableCollector.execute(ThrowableCollector.java:73)
	at org.junit.platform.engine.support.hierarchical.NodeTestTask.lambda$executeRecursively$8(NodeTestTask.java:141)
	at org.junit.platform.engine.support.hierarchical.Node.around(Node.java:137)
	at org.junit.platform.engine.support.hierarchical.NodeTestTask.lambda$executeRecursively$9(NodeTestTask.java:139)
	at org.junit.platform.engine.support.hierarchical.ThrowableCollector.execute(ThrowableCollector.java:73)
	at org.junit.platform.engine.support.hierarchical.NodeTestTask.executeRecursively(NodeTestTask.java:138)
	at org.junit.platform.engine.support.hierarchical.NodeTestTask.execute(NodeTestTask.java:95)
	at java.base/java.util.ArrayList.forEach(ArrayList.java:1511)
	at org.junit.platform.engine.support.hierarchical.SameThreadHierarchicalTestExecutorService.invokeAll(SameThreadHierarchicalTestExecutorService.java:41)
	at org.junit.platform.engine.support.hierarchical.NodeTestTask.lambda$executeRecursively$6(NodeTestTask.java:155)
	at org.junit.platform.engine.support.hierarchical.ThrowableCollector.execute(ThrowableCollector.java:73)
	at org.junit.platform.engine.support.hierarchical.NodeTestTask.lambda$executeRecursively$8(NodeTestTask.java:141)
	at org.junit.platform.engine.support.hierarchical.Node.around(Node.java:137)
	at org.junit.platform.engine.support.hierarchical.NodeTestTask.lambda$executeRecursively$9(NodeTestTask.java:139)
	at org.junit.platform.engine.support.hierarchical.ThrowableCollector.execute(ThrowableCollector.java:73)
	at org.junit.platform.engine.support.hierarchical.NodeTestTask.executeRecursively(NodeTestTask.java:138)
	at org.junit.platform.engine.support.hierarchical.NodeTestTask.execute(NodeTestTask.java:95)
	at org.junit.platform.engine.support.hierarchical.SameThreadHierarchicalTestExecutorService.submit(SameThreadHierarchicalTestExecutorService.java:35)
	at org.junit.platform.engine.support.hierarchical.HierarchicalTestExecutor.execute(HierarchicalTestExecutor.java:57)
	at org.junit.platform.engine.support.hierarchical.HierarchicalTestEngine.execute(HierarchicalTestEngine.java:54)
	at org.junit.platform.launcher.core.EngineExecutionOrchestrator.execute(EngineExecutionOrchestrator.java:147)
	at org.junit.platform.launcher.core.EngineExecutionOrchestrator.execute(EngineExecutionOrchestrator.java:127)
	at org.junit.platform.launcher.core.EngineExecutionOrchestrator.execute(EngineExecutionOrchestrator.java:90)
	at org.junit.platform.launcher.core.EngineExecutionOrchestrator.lambda$execute$0(EngineExecutionOrchestrator.java:55)
	at org.junit.platform.launcher.core.EngineExecutionOrchestrator.withInterceptedStreams(EngineExecutionOrchestrator.java:102)
	at org.junit.platform.launcher.core.EngineExecutionOrchestrator.execute(EngineExecutionOrchestrator.java:54)
	at org.junit.platform.launcher.core.DefaultLauncher.execute(DefaultLauncher.java:114)
	at org.junit.platform.launcher.core.DefaultLauncher.execute(DefaultLauncher.java:86)
	at org.junit.platform.launcher.core.DefaultLauncherSession$DelegatingLauncher.execute(DefaultLauncherSession.java:86)
	at org.apache.maven.surefire.junitplatform.LazyLauncher.execute(LazyLauncher.java:56)
	at org.apache.maven.surefire.junitplatform.JUnitPlatformProvider.execute(JUnitPlatformProvider.java:184)
	at org.apache.maven.surefire.junitplatform.JUnitPlatformProvider.invokeAllTests(JUnitPlatformProvider.java:148)
	at org.apache.maven.surefire.junitplatform.JUnitPlatformProvider.invoke(JUnitPlatformProvider.java:122)
	at org.apache.maven.surefire.booter.ForkedBooter.runSuitesInProcess(ForkedBooter.java:385)
	at org.apache.maven.surefire.booter.ForkedBooter.execute(ForkedBooter.java:162)
	at org.apache.maven.surefire.booter.ForkedBooter.run(ForkedBooter.java:507)
	at org.apache.maven.surefire.booter.ForkedBooter.main(ForkedBooter.java:495)
]]></failure>
    <system-out><![CDATA[14:15:10.625 [main] DEBUG com.intuit.karate - key store key count for classpath:certificado/clientcert.cbiblian.internal 1.pfx: 1
14:15:10.634 [main] DEBUG com.jayway.jsonpath.internal.path.CompiledPath - Evaluating path: $
14:15:10.635 [main] DEBUG com.jayway.jsonpath.internal.path.CompiledPath - Evaluating path: $['Authorization']
14:15:10.635 [main] DEBUG com.jayway.jsonpath.internal.path.CompiledPath - Evaluating path: $
14:15:10.635 [main] DEBUG com.jayway.jsonpath.internal.path.CompiledPath - Evaluating path: $
14:15:10.635 [main] DEBUG com.jayway.jsonpath.internal.JsonContext - Put path $ key Authorization value {}
14:15:10.635 [main] DEBUG com.jayway.jsonpath.internal.path.CompiledPath - Evaluating path: $
14:15:10.635 [main] DEBUG com.jayway.jsonpath.internal.JsonContext - Put path $ key Authorization value Bearer eyJhbGciOiJSUzI1NiIsInR5cCIgOiAiSldUIiwia2lkIiA6ICI2dUJWTkN6VlViUFBlTFdReEM0WDAyYVM3UnM2UGRYV1dja1dfc0xZMHlFIn0.eyJleHAiOjE3NjExNjA3NTAsImlhdCI6MTc2MTE2MDQ1MCwianRpIjoidHJydGNjOjQ5Yjg0NDVjLTgzYTAtMjI4Ni02NDczLWE2ZGEzOTBhOWQ0YSIsImlzcyI6Imh0dHBzOi8vYXV0ZW50aWNhY2lvbnFhLmNvb25lY3RhLmNvbS5lYy9hdXRoL3JlYWxtcy9QQU5BUEFZIiwiYXVkIjoiYWNjb3VudCIsInN1YiI6Ijk5OGMyZmUwLTJjOGYtNGQwNC1iZjExLWY1OWExZTM5ODg3MyIsInR5cCI6IkJlYXJlciIsImF6cCI6IjAyMDVjYiIsImFjciI6IjEiLCJhbGxvd2VkLW9yaWdpbnMiOlsiLyoiXSwicmVhbG1fYWNjZXNzIjp7InJvbGVzIjpbImRlZmF1bHQtcm9sZXMtYWRtaW5wYW5hcGF5Iiwib2ZmbGluZV9hY2Nlc3MiLCJ1bWFfYXV0aG9yaXphdGlvbiJdfSwicmVzb3VyY2VfYWNjZXNzIjp7IjAyMDVjYiI6eyJyb2xlcyI6WyJ1bWFfcHJvdGVjdGlvbiJdfSwiYWNjb3VudCI6eyJyb2xlcyI6WyJtYW5hZ2UtYWNjb3VudCIsIm1hbmFnZS1hY2NvdW50LWxpbmtzIiwidmlldy1wcm9maWxlIl19fSwic2NvcGUiOiJwcm9maWxlIGVtYWlsIiwiZW1haWxfdmVyaWZpZWQiOmZhbHNlLCJjbGllbnRIb3N0IjoiMTAuMTAuMTAuMTUxIiwicHJlZmVycmVkX3VzZXJuYW1lIjoic2VydmljZS1hY2NvdW50LTAyMDVjYiIsImNsaWVudEFkZHJlc3MiOiIxMC4xMC4xMC4xNTEiLCJjbGllbnRfaWQiOiIwMjA1Y2IifQ.bATUogohrEqy7Voa4mFnsBzOnGy6tnjZGh_lOYRn-0hWXMY_fz-280nTu2Vv68eO3HeoewtWlt45S_iLI2-ml3pqpAlt3DXWVmLvVHw6d7TICHBfQsa0jGXMexKnyar7EinrVhF3deSK25Ap_ajC_82EvVvXrVG-7p9F1dEdq39y2R72JympejF5uhY_z_jNmqJSsnLEZVOo3WMJn76u9tTcYVIldC5uWGFWbPGEhvWPx4ZGpsuq_wrPOGdRmyJDFJPJl7LnLGHK0DBhuVtJUq_NFQkMus2fTTf_mWhRnoqNU-wUCS-fxMs6QusGzIVd-C3O29J3rerHTrGg21LAsQ
14:15:10.638 [main] DEBUG com.jayway.jsonpath.internal.path.CompiledPath - Evaluating path: $
14:15:10.638 [main] INFO com.intuit.karate - Asegurar que la cuenta ordenante esta DESBLOQUEADA antes de la prueba. 
14:15:10.644 [main] DEBUG com.jayway.jsonpath.internal.path.CompiledPath - Evaluating path: $
14:15:10.653 [main] DEBUG org.apache.http.client.protocol.RequestAddCookies - CookieSpec selected: karate
14:15:10.653 [main] DEBUG org.apache.http.client.protocol.RequestAuthCache - Auth cache not set in the context
14:15:10.653 [main] DEBUG com.intuit.karate - request:
1 > POST https://apipanapayqa.coonecta.com.ec/api/switchcentral/finan/transferencia
1 > Content-Type: application/json; charset=UTF-8
1 > Authorization: Bearer eyJhbGciOiJSUzI1NiIsInR5cCIgOiAiSldUIiwia2lkIiA6ICI2dUJWTkN6VlViUFBlTFdReEM0WDAyYVM3UnM2UGRYV1dja1dfc0xZMHlFIn0.eyJleHAiOjE3NjExNjA3NTAsImlhdCI6MTc2MTE2MDQ1MCwianRpIjoidHJydGNjOjQ5Yjg0NDVjLTgzYTAtMjI4Ni02NDczLWE2ZGEzOTBhOWQ0YSIsImlzcyI6Imh0dHBzOi8vYXV0ZW50aWNhY2lvbnFhLmNvb25lY3RhLmNvbS5lYy9hdXRoL3JlYWxtcy9QQU5BUEFZIiwiYXVkIjoiYWNjb3VudCIsInN1YiI6Ijk5OGMyZmUwLTJjOGYtNGQwNC1iZjExLWY1OWExZTM5ODg3MyIsInR5cCI6IkJlYXJlciIsImF6cCI6IjAyMDVjYiIsImFjciI6IjEiLCJhbGxvd2VkLW9yaWdpbnMiOlsiLyoiXSwicmVhbG1fYWNjZXNzIjp7InJvbGVzIjpbImRlZmF1bHQtcm9sZXMtYWRtaW5wYW5hcGF5Iiwib2ZmbGluZV9hY2Nlc3MiLCJ1bWFfYXV0aG9yaXphdGlvbiJdfSwicmVzb3VyY2VfYWNjZXNzIjp7IjAyMDVjYiI6eyJyb2xlcyI6WyJ1bWFfcHJvdGVjdGlvbiJdfSwiYWNjb3VudCI6eyJyb2xlcyI6WyJtYW5hZ2UtYWNjb3VudCIsIm1hbmFnZS1hY2NvdW50LWxpbmtzIiwidmlldy1wcm9maWxlIl19fSwic2NvcGUiOiJwcm9maWxlIGVtYWlsIiwiZW1haWxfdmVyaWZpZWQiOmZhbHNlLCJjbGllbnRIb3N0IjoiMTAuMTAuMTAuMTUxIiwicHJlZmVycmVkX3VzZXJuYW1lIjoic2VydmljZS1hY2NvdW50LTAyMDVjYiIsImNsaWVudEFkZHJlc3MiOiIxMC4xMC4xMC4xNTEiLCJjbGllbnRfaWQiOiIwMjA1Y2IifQ.bATUogohrEqy7Voa4mFnsBzOnGy6tnjZGh_lOYRn-0hWXMY_fz-280nTu2Vv68eO3HeoewtWlt45S_iLI2-ml3pqpAlt3DXWVmLvVHw6d7TICHBfQsa0jGXMexKnyar7EinrVhF3deSK25Ap_ajC_82EvVvXrVG-7p9F1dEdq39y2R72JympejF5uhY_z_jNmqJSsnLEZVOo3WMJn76u9tTcYVIldC5uWGFWbPGEhvWPx4ZGpsuq_wrPOGdRmyJDFJPJl7LnLGHK0DBhuVtJUq_NFQkMus2fTTf_mWhRnoqNU-wUCS-fxMs6QusGzIVd-C3O29J3rerHTrGg21LAsQ
1 > Content-Length: 517
1 > Host: apipanapayqa.coonecta.com.ec
1 > Connection: Keep-Alive
1 > User-Agent: Apache-HttpClient/4.5.14 (Java/17.0.12)
1 > Accept-Encoding: gzip,deflate
{"GrpHdr":{"msgId":"02052025102215092595510","creDtTm":"2025-10-22T14:15:10","nbOfTxs":1,"sttlmInf":{"sttlmMtd":"INGA"},"instgAgt":{"finInstnId":"0205"},"InstdAgt":{"FinInstnId":"0205"},"Mge":{"Type":"acmt.998.321.01"},"ChnlId":"APP"},"CdtTrfTxInf":{"PmtId":{"EndToEndId":"02052025102238936"},"IntrBkSttlmAmt":{"Amt":1.0,"Ccy":"USD"},"DbtrAcctId":{"IBAN":"EC5002051000000000020501052673"},"CdtrAcctId":{"IBAN":"EC0402051000000000020101002318"},"Prtry":{"CustRef":"UNLOCK-ORD","ChanRef":"TERM001","AgtRef":"AGT0002"}}}

14:15:10.653 [main] DEBUG org.apache.http.impl.conn.PoolingHttpClientConnectionManager - Connection request: [route: {s}->https://apipanapayqa.coonecta.com.ec:443][total available: 0; route allocated: 0 of 5; total allocated: 0 of 10]
14:15:10.653 [main] DEBUG org.apache.http.impl.conn.PoolingHttpClientConnectionManager - Connection leased: [id: 20][route: {s}->https://apipanapayqa.coonecta.com.ec:443][total available: 0; route allocated: 1 of 5; total allocated: 1 of 10]
14:15:10.653 [main] DEBUG org.apache.http.impl.execchain.MainClientExec - Opening connection {s}->https://apipanapayqa.coonecta.com.ec:443
14:15:10.653 [main] DEBUG org.apache.http.impl.conn.DefaultHttpClientConnectionOperator - Connecting to apipanapayqa.coonecta.com.ec/10.1.0.133:443
14:15:10.653 [main] DEBUG org.apache.http.conn.ssl.SSLConnectionSocketFactory - Connecting socket to apipanapayqa.coonecta.com.ec/10.1.0.133:443 with timeout 30000
14:15:10.744 [main] DEBUG org.apache.http.conn.ssl.SSLConnectionSocketFactory - Enabled protocols: [TLSv1.3, TLSv1.2]
14:15:10.744 [main] DEBUG org.apache.http.conn.ssl.SSLConnectionSocketFactory - Enabled cipher suites:[TLS_AES_256_GCM_SHA384, TLS_AES_128_GCM_SHA256, TLS_CHACHA20_POLY1305_SHA256, TLS_ECDHE_ECDSA_WITH_AES_256_GCM_SHA384, TLS_ECDHE_ECDSA_WITH_AES_128_GCM_SHA256, TLS_ECDHE_ECDSA_WITH_CHACHA20_POLY1305_SHA256, TLS_ECDHE_RSA_WITH_AES_256_GCM_SHA384, TLS_ECDHE_RSA_WITH_CHACHA20_POLY1305_SHA256, TLS_ECDHE_RSA_WITH_AES_128_GCM_SHA256, TLS_DHE_RSA_WITH_AES_256_GCM_SHA384, TLS_DHE_RSA_WITH_CHACHA20_POLY1305_SHA256, TLS_DHE_DSS_WITH_AES_256_GCM_SHA384, TLS_DHE_RSA_WITH_AES_128_GCM_SHA256, TLS_DHE_DSS_WITH_AES_128_GCM_SHA256, TLS_ECDHE_ECDSA_WITH_AES_256_CBC_SHA384, TLS_ECDHE_RSA_WITH_AES_256_CBC_SHA384, TLS_ECDHE_ECDSA_WITH_AES_128_CBC_SHA256, TLS_ECDHE_RSA_WITH_AES_128_CBC_SHA256, TLS_DHE_RSA_WITH_AES_256_CBC_SHA256, TLS_DHE_DSS_WITH_AES_256_CBC_SHA256, TLS_DHE_RSA_WITH_AES_128_CBC_SHA256, TLS_DHE_DSS_WITH_AES_128_CBC_SHA256, TLS_ECDH_ECDSA_WITH_AES_256_GCM_SHA384, TLS_ECDH_RSA_WITH_AES_256_GCM_SHA384, TLS_ECDH_ECDSA_WITH_AES_128_GCM_SHA256, TLS_ECDH_RSA_WITH_AES_128_GCM_SHA256, TLS_ECDH_ECDSA_WITH_AES_256_CBC_SHA384, TLS_ECDH_RSA_WITH_AES_256_CBC_SHA384, TLS_ECDH_ECDSA_WITH_AES_128_CBC_SHA256, TLS_ECDH_RSA_WITH_AES_128_CBC_SHA256, TLS_ECDHE_ECDSA_WITH_AES_256_CBC_SHA, TLS_ECDHE_RSA_WITH_AES_256_CBC_SHA, TLS_ECDHE_ECDSA_WITH_AES_128_CBC_SHA, TLS_ECDHE_RSA_WITH_AES_128_CBC_SHA, TLS_DHE_RSA_WITH_AES_256_CBC_SHA, TLS_DHE_DSS_WITH_AES_256_CBC_SHA, TLS_DHE_RSA_WITH_AES_128_CBC_SHA, TLS_DHE_DSS_WITH_AES_128_CBC_SHA, TLS_ECDH_ECDSA_WITH_AES_256_CBC_SHA, TLS_ECDH_RSA_WITH_AES_256_CBC_SHA, TLS_ECDH_ECDSA_WITH_AES_128_CBC_SHA, TLS_ECDH_RSA_WITH_AES_128_CBC_SHA, TLS_RSA_WITH_AES_256_GCM_SHA384, TLS_RSA_WITH_AES_128_GCM_SHA256, TLS_RSA_WITH_AES_256_CBC_SHA256, TLS_RSA_WITH_AES_128_CBC_SHA256, TLS_RSA_WITH_AES_256_CBC_SHA, TLS_RSA_WITH_AES_128_CBC_SHA, TLS_EMPTY_RENEGOTIATION_INFO_SCSV]
14:15:10.744 [main] DEBUG org.apache.http.conn.ssl.SSLConnectionSocketFactory - Starting handshake
14:15:10.928 [main] DEBUG org.apache.http.conn.ssl.SSLConnectionSocketFactory - Secure session established
14:15:10.928 [main] DEBUG org.apache.http.conn.ssl.SSLConnectionSocketFactory -  negotiated protocol: TLSv1.3
14:15:10.928 [main] DEBUG org.apache.http.conn.ssl.SSLConnectionSocketFactory -  negotiated cipher suite: TLS_AES_256_GCM_SHA384
14:15:10.928 [main] DEBUG org.apache.http.conn.ssl.SSLConnectionSocketFactory -  peer principal: CN=apipanapayqa.coonecta.com.ec, O=Red Transaccional Cooperativa S.A. RTC, L=Quito, ST=Pichincha, C=EC
14:15:10.928 [main] DEBUG org.apache.http.conn.ssl.SSLConnectionSocketFactory -  peer alternative names: [apipanapayqa.coonecta.com.ec]
14:15:10.928 [main] DEBUG org.apache.http.conn.ssl.SSLConnectionSocketFactory -  issuer principal: CN=DigiCert Global G2 TLS RSA SHA256 2020 CA1, O=DigiCert Inc, C=US
14:15:10.930 [main] DEBUG org.apache.http.impl.conn.DefaultHttpClientConnectionOperator - Connection established 10.10.10.151:49816<->10.1.0.133:443
14:15:10.930 [main] DEBUG org.apache.http.impl.conn.DefaultManagedHttpClientConnection - http-outgoing-20: set socket timeout to 30000
14:15:10.930 [main] DEBUG org.apache.http.impl.execchain.MainClientExec - Executing request POST /api/switchcentral/finan/transferencia HTTP/1.1
14:15:10.930 [main] DEBUG org.apache.http.impl.execchain.MainClientExec - Proxy auth state: UNCHALLENGED
14:15:10.930 [main] DEBUG org.apache.http.headers - http-outgoing-20 >> POST /api/switchcentral/finan/transferencia HTTP/1.1
14:15:10.930 [main] DEBUG org.apache.http.headers - http-outgoing-20 >> Content-Type: application/json; charset=UTF-8
14:15:10.930 [main] DEBUG org.apache.http.headers - http-outgoing-20 >> Authorization: Bearer eyJhbGciOiJSUzI1NiIsInR5cCIgOiAiSldUIiwia2lkIiA6ICI2dUJWTkN6VlViUFBlTFdReEM0WDAyYVM3UnM2UGRYV1dja1dfc0xZMHlFIn0.eyJleHAiOjE3NjExNjA3NTAsImlhdCI6MTc2MTE2MDQ1MCwianRpIjoidHJydGNjOjQ5Yjg0NDVjLTgzYTAtMjI4Ni02NDczLWE2ZGEzOTBhOWQ0YSIsImlzcyI6Imh0dHBzOi8vYXV0ZW50aWNhY2lvbnFhLmNvb25lY3RhLmNvbS5lYy9hdXRoL3JlYWxtcy9QQU5BUEFZIiwiYXVkIjoiYWNjb3VudCIsInN1YiI6Ijk5OGMyZmUwLTJjOGYtNGQwNC1iZjExLWY1OWExZTM5ODg3MyIsInR5cCI6IkJlYXJlciIsImF6cCI6IjAyMDVjYiIsImFjciI6IjEiLCJhbGxvd2VkLW9yaWdpbnMiOlsiLyoiXSwicmVhbG1fYWNjZXNzIjp7InJvbGVzIjpbImRlZmF1bHQtcm9sZXMtYWRtaW5wYW5hcGF5Iiwib2ZmbGluZV9hY2Nlc3MiLCJ1bWFfYXV0aG9yaXphdGlvbiJdfSwicmVzb3VyY2VfYWNjZXNzIjp7IjAyMDVjYiI6eyJyb2xlcyI6WyJ1bWFfcHJvdGVjdGlvbiJdfSwiYWNjb3VudCI6eyJyb2xlcyI6WyJtYW5hZ2UtYWNjb3VudCIsIm1hbmFnZS1hY2NvdW50LWxpbmtzIiwidmlldy1wcm9maWxlIl19fSwic2NvcGUiOiJwcm9maWxlIGVtYWlsIiwiZW1haWxfdmVyaWZpZWQiOmZhbHNlLCJjbGllbnRIb3N0IjoiMTAuMTAuMTAuMTUxIiwicHJlZmVycmVkX3VzZXJuYW1lIjoic2VydmljZS1hY2NvdW50LTAyMDVjYiIsImNsaWVudEFkZHJlc3MiOiIxMC4xMC4xMC4xNTEiLCJjbGllbnRfaWQiOiIwMjA1Y2IifQ.bATUogohrEqy7Voa4mFnsBzOnGy6tnjZGh_lOYRn-0hWXMY_fz-280nTu2Vv68eO3HeoewtWlt45S_iLI2-ml3pqpAlt3DXWVmLvVHw6d7TICHBfQsa0jGXMexKnyar7EinrVhF3deSK25Ap_ajC_82EvVvXrVG-7p9F1dEdq39y2R72JympejF5uhY_z_jNmqJSsnLEZVOo3WMJn76u9tTcYVIldC5uWGFWbPGEhvWPx4ZGpsuq_wrPOGdRmyJDFJPJl7LnLGHK0DBhuVtJUq_NFQkMus2fTTf_mWhRnoqNU-wUCS-fxMs6QusGzIVd-C3O29J3rerHTrGg21LAsQ
14:15:10.930 [main] DEBUG org.apache.http.headers - http-outgoing-20 >> Content-Length: 517
14:15:10.930 [main] DEBUG org.apache.http.headers - http-outgoing-20 >> Host: apipanapayqa.coonecta.com.ec
14:15:10.930 [main] DEBUG org.apache.http.headers - http-outgoing-20 >> Connection: Keep-Alive
14:15:10.930 [main] DEBUG org.apache.http.headers - http-outgoing-20 >> User-Agent: Apache-HttpClient/4.5.14 (Java/17.0.12)
14:15:10.930 [main] DEBUG org.apache.http.headers - http-outgoing-20 >> Accept-Encoding: gzip,deflate
14:15:10.930 [main] DEBUG org.apache.http.wire - http-outgoing-20 >> "POST /api/switchcentral/finan/transferencia HTTP/1.1[\r][\n]"
14:15:10.930 [main] DEBUG org.apache.http.wire - http-outgoing-20 >> "Content-Type: application/json; charset=UTF-8[\r][\n]"
14:15:10.930 [main] DEBUG org.apache.http.wire - http-outgoing-20 >> "Authorization: Bearer eyJhbGciOiJSUzI1NiIsInR5cCIgOiAiSldUIiwia2lkIiA6ICI2dUJWTkN6VlViUFBlTFdReEM0WDAyYVM3UnM2UGRYV1dja1dfc0xZMHlFIn0.eyJleHAiOjE3NjExNjA3NTAsImlhdCI6MTc2MTE2MDQ1MCwianRpIjoidHJydGNjOjQ5Yjg0NDVjLTgzYTAtMjI4Ni02NDczLWE2ZGEzOTBhOWQ0YSIsImlzcyI6Imh0dHBzOi8vYXV0ZW50aWNhY2lvbnFhLmNvb25lY3RhLmNvbS5lYy9hdXRoL3JlYWxtcy9QQU5BUEFZIiwiYXVkIjoiYWNjb3VudCIsInN1YiI6Ijk5OGMyZmUwLTJjOGYtNGQwNC1iZjExLWY1OWExZTM5ODg3MyIsInR5cCI6IkJlYXJlciIsImF6cCI6IjAyMDVjYiIsImFjciI6IjEiLCJhbGxvd2VkLW9yaWdpbnMiOlsiLyoiXSwicmVhbG1fYWNjZXNzIjp7InJvbGVzIjpbImRlZmF1bHQtcm9sZXMtYWRtaW5wYW5hcGF5Iiwib2ZmbGluZV9hY2Nlc3MiLCJ1bWFfYXV0aG9yaXphdGlvbiJdfSwicmVzb3VyY2VfYWNjZXNzIjp7IjAyMDVjYiI6eyJyb2xlcyI6WyJ1bWFfcHJvdGVjdGlvbiJdfSwiYWNjb3VudCI6eyJyb2xlcyI6WyJtYW5hZ2UtYWNjb3VudCIsIm1hbmFnZS1hY2NvdW50LWxpbmtzIiwidmlldy1wcm9maWxlIl19fSwic2NvcGUiOiJwcm9maWxlIGVtYWlsIiwiZW1haWxfdmVyaWZpZWQiOmZhbHNlLCJjbGllbnRIb3N0IjoiMTAuMTAuMTAuMTUxIiwicHJlZmVycmVkX3VzZXJuYW1lIjoic2VydmljZS1hY2NvdW50LTAyMDVjYiIsImNsaWVudEFkZHJlc3MiOiIxMC4xMC4xMC4xNTEiLCJjbGllbnRfaWQiOiIwMjA1Y2IifQ.bATUogohrEqy7Voa4mFnsBzOnGy6tnjZGh_lOYRn-0hWXMY_fz-280nTu2Vv68eO3HeoewtWlt45S_iLI2-ml3pqpAlt3DXWVmLvVHw6d7TICHBfQsa0jGXMexKnyar7EinrVhF3deSK25Ap_ajC_82EvVvXrVG-7p9F1dEdq39y2R72JympejF5uhY_z_jNmqJSsnLEZVOo3WMJn76u9tTcYVIldC5uWGFWbPGEhvWPx4ZGpsuq_wrPOGdRmyJDFJPJl7LnLGHK0DBhuVtJUq_NFQkMus2fTTf_mWhRnoqNU-wUCS-fxMs6QusGzIVd-C3O29J3rerHTrGg21LAsQ[\r][\n]"
14:15:10.930 [main] DEBUG org.apache.http.wire - http-outgoing-20 >> "Content-Length: 517[\r][\n]"
14:15:10.930 [main] DEBUG org.apache.http.wire - http-outgoing-20 >> "Host: apipanapayqa.coonecta.com.ec[\r][\n]"
14:15:10.930 [main] DEBUG org.apache.http.wire - http-outgoing-20 >> "Connection: Keep-Alive[\r][\n]"
14:15:10.930 [main] DEBUG org.apache.http.wire - http-outgoing-20 >> "User-Agent: Apache-HttpClient/4.5.14 (Java/17.0.12)[\r][\n]"
14:15:10.930 [main] DEBUG org.apache.http.wire - http-outgoing-20 >> "Accept-Encoding: gzip,deflate[\r][\n]"
14:15:10.930 [main] DEBUG org.apache.http.wire - http-outgoing-20 >> "[\r][\n]"
14:15:10.930 [main] DEBUG org.apache.http.wire - http-outgoing-20 >> "{"GrpHdr":{"msgId":"02052025102215092595510","creDtTm":"2025-10-22T14:15:10","nbOfTxs":1,"sttlmInf":{"sttlmMtd":"INGA"},"instgAgt":{"finInstnId":"0205"},"InstdAgt":{"FinInstnId":"0205"},"Mge":{"Type":"acmt.998.321.01"},"ChnlId":"APP"},"CdtTrfTxInf":{"PmtId":{"EndToEndId":"02052025102238936"},"IntrBkSttlmAmt":{"Amt":1.0,"Ccy":"USD"},"DbtrAcctId":{"IBAN":"EC5002051000000000020501052673"},"CdtrAcctId":{"IBAN":"EC0402051000000000020101002318"},"Prtry":{"CustRef":"UNLOCK-ORD","ChanRef":"TERM001","AgtRef":"AGT0002"}}}"
14:15:15.315 [main] DEBUG org.apache.http.wire - http-outgoing-20 << "HTTP/1.1 200 OK[\r][\n]"
14:15:15.315 [main] DEBUG org.apache.http.wire - http-outgoing-20 << "Date: Wed, 22 Oct 2025 19:15:07 GMT[\r][\n]"
14:15:15.315 [main] DEBUG org.apache.http.wire - http-outgoing-20 << "Content-Type: application/json; charset=utf-8[\r][\n]"
14:15:15.315 [main] DEBUG org.apache.http.wire - http-outgoing-20 << "Transfer-Encoding: chunked[\r][\n]"
14:15:15.315 [main] DEBUG org.apache.http.wire - http-outgoing-20 << "Connection: keep-alive[\r][\n]"
14:15:15.315 [main] DEBUG org.apache.http.wire - http-outgoing-20 << "Server: Kestrel[\r][\n]"
14:15:15.315 [main] DEBUG org.apache.http.wire - http-outgoing-20 << "Content-Encoding: gzip[\r][\n]"
14:15:15.315 [main] DEBUG org.apache.http.wire - http-outgoing-20 << "Set-Cookie: ARRAffinity=135f536e0d078a815c3b83fda3468ab8a3a2abc604a35eefb28648d3961cfa9b;Path=/;HttpOnly;Secure;Domain=app-apipanapay-qa.azurewebsites.net[\r][\n]"
14:15:15.315 [main] DEBUG org.apache.http.wire - http-outgoing-20 << "Set-Cookie: ARRAffinitySameSite=135f536e0d078a815c3b83fda3468ab8a3a2abc604a35eefb28648d3961cfa9b;Path=/;HttpOnly;SameSite=None;Secure;Domain=app-apipanapay-qa.azurewebsites.net[\r][\n]"
14:15:15.315 [main] DEBUG org.apache.http.wire - http-outgoing-20 << "Vary: Accept-Encoding[\r][\n]"
14:15:15.315 [main] DEBUG org.apache.http.wire - http-outgoing-20 << "Request-Context: appId=cid-v1:a7a77847-2713-450f-9030-b350a2d54a28[\r][\n]"
14:15:15.315 [main] DEBUG org.apache.http.wire - http-outgoing-20 << "X-Powered-By: ASP.NET[\r][\n]"
14:15:15.315 [main] DEBUG org.apache.http.wire - http-outgoing-20 << "X-ARR-ClientCert: -----BEGIN%20CERTIFICATE-----%0AMIIEHDCCAgSgAwIBAgIUZIZBO0fb7VZ4KXrs01S4RYbWyJ8wDQYJKoZIhvcNAQEL%0ABQAwJTEjMCEGA1UEAwwacm9vdGNlcnQuY2JpYmxpYW4uaW50ZXJuYWwwHhcNMjUw%0AODEzMTMyNTU5WhcNMjgwODEyMTMyNTU5WjAnMSUwIwYDVQQDDBxjbGllbnRjZXJ0%0ALmNiaWJsaWFuLmludGVybmFsMIIBIjANBgkqhkiG9w0BAQEFAAOCAQ8AMIIBCgKC%0AAQEAskUDap6NmyYq8RT6F7z3DpZGQiflNQTvUT84TmxsKXEBRAkgINnkJqgKkd7f%0ASEybzqglQTbr4s41lCiPsy3X66qYjU2L%2Bojhni%2BOCVOX7n3JBYovL%2FqfMP3%2FkhZP%0AQIlK%2FQWPcrnl39fYkGOQv%2BYqoCGEPzGkib2m1Ma5Q1HOCKh1ErMjqTLGy%2ByJj6JY%0AiZvMx3YrJSvjUS0uKpNwxPtGyiexRfKsmR%2FHqPzRHa0iY%2B752KSgUedwJPv1Wod%2B%0AY9BMAMIdU25UtkUEsaOYtorGWDaZSn2Bl0LYmP87kjcYypnHx0jtPtUCXfVHrE6u%0AZnDRFYsZbeXylY3mJkyOL2DzZwIDAQABo0IwQDAdBgNVHQ4EFgQURPhJwTAcUWUp%0ArOqQO68P%2FbJoqjMwHwYDVR0jBBgwFoAU7GdlxoSeEXucEXhjadHRC9xzS0UwDQYJ%0AKoZIhvcNAQELBQADggIBAGTnlyF2n%2F6s9phYbO8V17niO0BXB62ToX6gPhcw9f3y%0AhMui6RnrM1oiHlBWqZquCqYJ5ETvYJE1RqvoqtGysxCnIj0OTJHV4WtF3SHsd1Tu%0ATg%2B%2FUnGivtBTDQxj9sbAtCaSYRBqPByP8jvSTDgXR1mgOrEGjr2PZdZSoKLj4OHi%0A9UCMJw7pJsyA4lbroKshQTYv5Ks5SqtJpdp0%2BUX0UUlbPJqXiadfbKdoXvEgcwbP%0ACqR9v7kGYmNxfaGLNGVrV%2BnLawIDmdYXJE%2F4WJh6sHfiZxEsE%2BB4PoKADrb1Eapt%0AnSdHUgRfc0i5f2lcmErnU8nCMO5TWdHFOgpYwTS8w17FhNFZpaSmyZKM7uHcUs7y%0AUbuiQtdXocfSSMf%2FeycBEU%2FHAVIWQEqY%2BbJdC0q%2FR%2BsESeBtXd4IEIxR0QfgscGk%0AJyCSFC8z%2FvCgrRsH5rePqKO7%2FLAsDTP4GIQNFNfF4Wh6bsPXuJmvvoMcnmy%2F58Wo%0AE0XaG8UPHVAeyEmhncdM32E7SJbR91aRr2CkV23OoUz%2BwKG2%2FuObHmAkuMkCbbcz%0AJQoC7DZg5FGw%2BZR7v1DIBct5QNJQ8bG%2FXGRxjWC6dU7jrGhOF1X%2B2YYcdx9XnwyM%0A9YPxUy5bVfMhIiKP2wEso5fjOZ4RTvnB5R6zD3maJK%2FtZAXVhtyqXSkBYFi4MvEs%0A-----END%20CERTIFICATE-----%0A[\r][\n]"
14:15:15.315 [main] DEBUG org.apache.http.wire - http-outgoing-20 << "[\r][\n]"
14:15:15.315 [main] DEBUG org.apache.http.wire - http-outgoing-20 << "1ce[\r][\n]"
14:15:15.315 [main] DEBUG org.apache.http.wire - http-outgoing-20 << "[0x1f][0x8b][0x8][0x0][0x0][0x0][0x0][0x0][0x4][0x0][0xed][0xbd][0x7]`[0x1c]I[0x96]%&/m[0xca]{J[0xf5]J[0xd7][0xe0]t[0xa1][0x8][0x80]`[0x13]$[0xd8][0x90]@[0x10][0xec][0xc1][0x88][0xcd][0xe6][0x92][0xec][0x1d]iG#)[0xab]*[0x81][0xca]eVe]f[0x16]@[0xcc][0xed][0x9d][0xbc][0xf7][0xde]{[0xef][0xbd][0xf7][0xde]{[0xef][0xbd][0xf7][0xba];[0x9d]N'[0xf7][0xdf][0xff]?\fd[0x1]l[0xf6][0xce]J[0xda][0xc9][0x9e]![0x80][0xaa][0xc8][0x1f]?~|[0x1f]?"~[0xf1]G[0x9f][0xd7][0xab]o[0xcf][0xea][0x8f][0x1e][0xfd][0xe2][0x8f][0xbe]h.[0xce]f[0x1f]=[0xfa]h[0x87][0x9e][0xbd][0x9d][0xbd][0xfb][0xbb];{[0xf4]c[0xe7][0xde][0x83]{[0x1f][0x8d]>:[0xa9][0xf3][0xa7][0xed][0x9b][0x5]}M[0x9f][0xdd][0xdf][0xde][0xdd][0xd9][0xde][0xdb]{[0xb3][0xbb][0xff]h[0xf7][0xfe][0xa3][0x9d]}[0xfa][0xfe][0xc5][0xe4][0xcb][0xf3]7[0xef][0x9a][0x8f][0x1e][0xed][0x8e]>z[0xdd][0xb6][0xe5][0xe2]ly[0xe][0xa0][0xfc][0xfb][0x17]-[0xe0][0x9e][0xbd][0xf8][0xfc][0xf8][0xa3]_2[0xfa][0xe8]l[0xd9][0xb4][0x17][0xc7][0x17]-[0xbe]~V,[0xf1][0xe7]R:[0xde][0xdb][0xb9]o[0x1a][0xcc]65[0xf8][0xe2]"[0xc7]wo[0xae]W[0xf4][0xf3][0xa3]l[0xba]h[0xc7][0xf][0x1f][0x1e][0x8c][0xef][0xed][0xed][0x8d]wvv[0xd1][0xe2]d[0xbe],[0xf9][0x95][0xe3][0x97]/[0xf9][0xef]Y[0xfb][0xa6]&[0x4][0x15][0xab]/[0xeb][0x8b]%[\r][0xdc][0xfb][0xab][0xb4][0xa3][0xa7]>0D[0x8c]~[0xf7][0xfe][0xce][0xc3][0xbd][0xfb][0xf][0xef][0xd3][0x1f]4Div[0x91][0xf7][0xbb][0xdd][0x1d]S[0xaf][0xda]`[0x3][0xa1][0x8][\n]"
14:15:15.315 [main] DEBUG org.apache.http.wire - http-outgoing-20 << "[0xa1][0xf2]r[0xd1][0xa2][0xa3]_[0xfc][0xd1][0xe9]r[0xf6][0xa6][0xa2][0xf0]W[0xd0][0xed][0xbd][0x83][0x87][0xf7]>%x[0x84].[0xbe][0xda]=[0xb8][0xbf][0xcf][0x83]z[0xf3][0xee]uK[0x14][0xfe][0xe8][0xcb][0xb7][0xf4][0xe5][0xab]f[0x9] [0xf4][0xe3][0x4][0x8d]h[0xce][0x80][0xe3][0xf1]l[0xd6][0x96]<[0xac][0x8f][0xde][0xd4][0xd9][0xb2][0xc9][0xa6][0xd3][0xe2][0x1f][0xfd][[0x97][0xe9][0xe9][0xbb][0xa2][0xad][0x9a][0xc]P[0x9e]NZ[0x9e][0xee][0xe3]u;?[0xa9]f[0x18][0x8a][0xdf][0xf9][0xee]>[0x8d][0xfa]S[0xfa]w[0xf7]![0x9a][0x13][0xe5]nn[0xfe][0xe9][0xee][0xce][0xfe][0xbd]}4[0xe7][0xf9]~JS[0xe7][\r][0xff][0xa3]_[0xf2]K[\r][\n]"
14:15:15.315 [main] DEBUG org.apache.http.wire - http-outgoing-20 << "a[\r][\n]"
14:15:15.315 [main] DEBUG org.apache.http.wire - http-outgoing-20 << "[0xfe][0x1f][0xa2][0xff][0xa8][0xdf]h[0x2][0x0][0x0][\r][\n]"
14:15:15.315 [main] DEBUG org.apache.http.wire - http-outgoing-20 << "0[\r][\n]"
14:15:15.315 [main] DEBUG org.apache.http.wire - http-outgoing-20 << "[\r][\n]"
14:15:15.315 [main] DEBUG org.apache.http.headers - http-outgoing-20 << HTTP/1.1 200 OK
14:15:15.315 [main] DEBUG org.apache.http.headers - http-outgoing-20 << Date: Wed, 22 Oct 2025 19:15:07 GMT
14:15:15.315 [main] DEBUG org.apache.http.headers - http-outgoing-20 << Content-Type: application/json; charset=utf-8
14:15:15.315 [main] DEBUG org.apache.http.headers - http-outgoing-20 << Transfer-Encoding: chunked
14:15:15.315 [main] DEBUG org.apache.http.headers - http-outgoing-20 << Connection: keep-alive
14:15:15.315 [main] DEBUG org.apache.http.headers - http-outgoing-20 << Server: Kestrel
14:15:15.315 [main] DEBUG org.apache.http.headers - http-outgoing-20 << Content-Encoding: gzip
14:15:15.315 [main] DEBUG org.apache.http.headers - http-outgoing-20 << Set-Cookie: ARRAffinity=135f536e0d078a815c3b83fda3468ab8a3a2abc604a35eefb28648d3961cfa9b;Path=/;HttpOnly;Secure;Domain=app-apipanapay-qa.azurewebsites.net
14:15:15.317 [main] DEBUG org.apache.http.headers - http-outgoing-20 << Set-Cookie: ARRAffinitySameSite=135f536e0d078a815c3b83fda3468ab8a3a2abc604a35eefb28648d3961cfa9b;Path=/;HttpOnly;SameSite=None;Secure;Domain=app-apipanapay-qa.azurewebsites.net
14:15:15.317 [main] DEBUG org.apache.http.headers - http-outgoing-20 << Vary: Accept-Encoding
14:15:15.317 [main] DEBUG org.apache.http.headers - http-outgoing-20 << Request-Context: appId=cid-v1:a7a77847-2713-450f-9030-b350a2d54a28
14:15:15.317 [main] DEBUG org.apache.http.headers - http-outgoing-20 << X-Powered-By: ASP.NET
14:15:15.317 [main] DEBUG org.apache.http.headers - http-outgoing-20 << X-ARR-ClientCert: -----BEGIN%20CERTIFICATE-----%0AMIIEHDCCAgSgAwIBAgIUZIZBO0fb7VZ4KXrs01S4RYbWyJ8wDQYJKoZIhvcNAQEL%0ABQAwJTEjMCEGA1UEAwwacm9vdGNlcnQuY2JpYmxpYW4uaW50ZXJuYWwwHhcNMjUw%0AODEzMTMyNTU5WhcNMjgwODEyMTMyNTU5WjAnMSUwIwYDVQQDDBxjbGllbnRjZXJ0%0ALmNiaWJsaWFuLmludGVybmFsMIIBIjANBgkqhkiG9w0BAQEFAAOCAQ8AMIIBCgKC%0AAQEAskUDap6NmyYq8RT6F7z3DpZGQiflNQTvUT84TmxsKXEBRAkgINnkJqgKkd7f%0ASEybzqglQTbr4s41lCiPsy3X66qYjU2L%2Bojhni%2BOCVOX7n3JBYovL%2FqfMP3%2FkhZP%0AQIlK%2FQWPcrnl39fYkGOQv%2BYqoCGEPzGkib2m1Ma5Q1HOCKh1ErMjqTLGy%2ByJj6JY%0AiZvMx3YrJSvjUS0uKpNwxPtGyiexRfKsmR%2FHqPzRHa0iY%2B752KSgUedwJPv1Wod%2B%0AY9BMAMIdU25UtkUEsaOYtorGWDaZSn2Bl0LYmP87kjcYypnHx0jtPtUCXfVHrE6u%0AZnDRFYsZbeXylY3mJkyOL2DzZwIDAQABo0IwQDAdBgNVHQ4EFgQURPhJwTAcUWUp%0ArOqQO68P%2FbJoqjMwHwYDVR0jBBgwFoAU7GdlxoSeEXucEXhjadHRC9xzS0UwDQYJ%0AKoZIhvcNAQELBQADggIBAGTnlyF2n%2F6s9phYbO8V17niO0BXB62ToX6gPhcw9f3y%0AhMui6RnrM1oiHlBWqZquCqYJ5ETvYJE1RqvoqtGysxCnIj0OTJHV4WtF3SHsd1Tu%0ATg%2B%2FUnGivtBTDQxj9sbAtCaSYRBqPByP8jvSTDgXR1mgOrEGjr2PZdZSoKLj4OHi%0A9UCMJw7pJsyA4lbroKshQTYv5Ks5SqtJpdp0%2BUX0UUlbPJqXiadfbKdoXvEgcwbP%0ACqR9v7kGYmNxfaGLNGVrV%2BnLawIDmdYXJE%2F4WJh6sHfiZxEsE%2BB4PoKADrb1Eapt%0AnSdHUgRfc0i5f2lcmErnU8nCMO5TWdHFOgpYwTS8w17FhNFZpaSmyZKM7uHcUs7y%0AUbuiQtdXocfSSMf%2FeycBEU%2FHAVIWQEqY%2BbJdC0q%2FR%2BsESeBtXd4IEIxR0QfgscGk%0AJyCSFC8z%2FvCgrRsH5rePqKO7%2FLAsDTP4GIQNFNfF4Wh6bsPXuJmvvoMcnmy%2F58Wo%0AE0XaG8UPHVAeyEmhncdM32E7SJbR91aRr2CkV23OoUz%2BwKG2%2FuObHmAkuMkCbbcz%0AJQoC7DZg5FGw%2BZR7v1DIBct5QNJQ8bG%2FXGRxjWC6dU7jrGhOF1X%2B2YYcdx9XnwyM%0A9YPxUy5bVfMhIiKP2wEso5fjOZ4RTvnB5R6zD3maJK%2FtZAXVhtyqXSkBYFi4MvEs%0A-----END%20CERTIFICATE-----%0A
14:15:15.317 [main] DEBUG org.apache.http.impl.execchain.MainClientExec - Connection can be kept alive indefinitely
14:15:15.317 [main] DEBUG org.apache.http.client.protocol.ResponseProcessCookies - Cookie accepted [ARRAffinity="135f536e0d078a815c3b83fda3468ab8a3a2abc604a35eefb28648d3961cfa9b", version:0, domain:app-apipanapay-qa.azurewebsites.net, path:/, expiry:null]
14:15:15.317 [main] DEBUG org.apache.http.client.protocol.ResponseProcessCookies - Cookie accepted [ARRAffinitySameSite="135f536e0d078a815c3b83fda3468ab8a3a2abc604a35eefb28648d3961cfa9b", version:0, domain:app-apipanapay-qa.azurewebsites.net, path:/, expiry:null]
14:15:15.317 [main] DEBUG org.apache.http.impl.conn.DefaultManagedHttpClientConnection - http-outgoing-20: Close connection
14:15:15.405 [main] DEBUG org.apache.http.impl.execchain.MainClientExec - Connection discarded
14:15:15.405 [main] DEBUG org.apache.http.impl.conn.PoolingHttpClientConnectionManager - Connection released: [id: 20][route: {s}->https://apipanapayqa.coonecta.com.ec:443][total available: 0; route allocated: 0 of 5; total allocated: 0 of 10]
14:15:15.405 [main] DEBUG org.apache.http.impl.conn.PoolingHttpClientConnectionManager - Connection manager is shutting down
14:15:15.405 [main] DEBUG org.apache.http.impl.conn.PoolingHttpClientConnectionManager - Connection manager shut down
14:15:15.405 [main] DEBUG com.intuit.karate - response time in milliseconds: 4664
1 < 200
1 < Date: Wed, 22 Oct 2025 19:15:07 GMT
1 < Content-Type: application/json; charset=utf-8
1 < Transfer-Encoding: chunked
1 < Connection: keep-alive
1 < Server: Kestrel
1 < Set-Cookie: ARRAffinity=135f536e0d078a815c3b83fda3468ab8a3a2abc604a35eefb28648d3961cfa9b;Path=/;HttpOnly;Secure;Domain=app-apipanapay-qa.azurewebsites.net
1 < Set-Cookie: ARRAffinitySameSite=135f536e0d078a815c3b83fda3468ab8a3a2abc604a35eefb28648d3961cfa9b;Path=/;HttpOnly;SameSite=None;Secure;Domain=app-apipanapay-qa.azurewebsites.net
1 < Vary: Accept-Encoding
1 < Request-Context: appId=cid-v1:a7a77847-2713-450f-9030-b350a2d54a28
1 < X-Powered-By: ASP.NET
1 < X-ARR-ClientCert: -----BEGIN%20CERTIFICATE-----%0AMIIEHDCCAgSgAwIBAgIUZIZBO0fb7VZ4KXrs01S4RYbWyJ8wDQYJKoZIhvcNAQEL%0ABQAwJTEjMCEGA1UEAwwacm9vdGNlcnQuY2JpYmxpYW4uaW50ZXJuYWwwHhcNMjUw%0AODEzMTMyNTU5WhcNMjgwODEyMTMyNTU5WjAnMSUwIwYDVQQDDBxjbGllbnRjZXJ0%0ALmNiaWJsaWFuLmludGVybmFsMIIBIjANBgkqhkiG9w0BAQEFAAOCAQ8AMIIBCgKC%0AAQEAskUDap6NmyYq8RT6F7z3DpZGQiflNQTvUT84TmxsKXEBRAkgINnkJqgKkd7f%0ASEybzqglQTbr4s41lCiPsy3X66qYjU2L%2Bojhni%2BOCVOX7n3JBYovL%2FqfMP3%2FkhZP%0AQIlK%2FQWPcrnl39fYkGOQv%2BYqoCGEPzGkib2m1Ma5Q1HOCKh1ErMjqTLGy%2ByJj6JY%0AiZvMx3YrJSvjUS0uKpNwxPtGyiexRfKsmR%2FHqPzRHa0iY%2B752KSgUedwJPv1Wod%2B%0AY9BMAMIdU25UtkUEsaOYtorGWDaZSn2Bl0LYmP87kjcYypnHx0jtPtUCXfVHrE6u%0AZnDRFYsZbeXylY3mJkyOL2DzZwIDAQABo0IwQDAdBgNVHQ4EFgQURPhJwTAcUWUp%0ArOqQO68P%2FbJoqjMwHwYDVR0jBBgwFoAU7GdlxoSeEXucEXhjadHRC9xzS0UwDQYJ%0AKoZIhvcNAQELBQADggIBAGTnlyF2n%2F6s9phYbO8V17niO0BXB62ToX6gPhcw9f3y%0AhMui6RnrM1oiHlBWqZquCqYJ5ETvYJE1RqvoqtGysxCnIj0OTJHV4WtF3SHsd1Tu%0ATg%2B%2FUnGivtBTDQxj9sbAtCaSYRBqPByP8jvSTDgXR1mgOrEGjr2PZdZSoKLj4OHi%0A9UCMJw7pJsyA4lbroKshQTYv5Ks5SqtJpdp0%2BUX0UUlbPJqXiadfbKdoXvEgcwbP%0ACqR9v7kGYmNxfaGLNGVrV%2BnLawIDmdYXJE%2F4WJh6sHfiZxEsE%2BB4PoKADrb1Eapt%0AnSdHUgRfc0i5f2lcmErnU8nCMO5TWdHFOgpYwTS8w17FhNFZpaSmyZKM7uHcUs7y%0AUbuiQtdXocfSSMf%2FeycBEU%2FHAVIWQEqY%2BbJdC0q%2FR%2BsESeBtXd4IEIxR0QfgscGk%0AJyCSFC8z%2FvCgrRsH5rePqKO7%2FLAsDTP4GIQNFNfF4Wh6bsPXuJmvvoMcnmy%2F58Wo%0AE0XaG8UPHVAeyEmhncdM32E7SJbR91aRr2CkV23OoUz%2BwKG2%2FuObHmAkuMkCbbcz%0AJQoC7DZg5FGw%2BZR7v1DIBct5QNJQ8bG%2FXGRxjWC6dU7jrGhOF1X%2B2YYcdx9XnwyM%0A9YPxUy5bVfMhIiKP2wEso5fjOZ4RTvnB5R6zD3maJK%2FtZAXVhtyqXSkBYFi4MvEs%0A-----END%20CERTIFICATE-----%0A
{"GrpHdr":{"MsgId":"000020251022020373","CreDtTm":"2025-10-22T14:15:04","NbOfTxs":1,"SttlmInf":{"SttlmMtd":"INGA"},"InstgAgt":{"FinInstnId":"0205"},"InstdAgt":{"FinInstnId":"0205"},"Mge":{"Type":"acmt.998.322.001"},"ChnlId":"APP"},"CdtTrfTxInf":{"OrgnGrpInf":{"OrgnlMsgId":"02052025102215092595510","OrgnlMgeType":"acmt.998.321.01","OrgnlCreDtTm":"2025-10-22T14:15:10"},"PmtId":{"EndToEndId":"02052025102238936","TxId":"18541"},"TxSts":"Ok","Rsn":{"RsnCd":"0000","AddtlInf":"Transacción Exitosa"},"Dbtr":{"AuthCode":"020520251022141506141419"},"Cdtr":{"AuthCode":"020520251022141506610434"},"SttlmDt":"2025-10-22"}}

14:15:15.405 [main] ERROR com.intuit.karate - classpath:Transferencia.feature:398
Then match responseStatus in normalizedStatus
no step-definition method match found for: match responseStatus in normalizedStatus
classpath:Transferencia.feature:398
]]></system-out>
  </testcase>
  <testcase name="[21:402] Transferencia no exitosa mediante QR, cuenta receptora desafiliada en el directorio" classname="Transferencia" time="1.969">
    <failure message="no step-definition method match found for: match responseStatus in normalizedStatus&#10;classpath:Transferencia.feature:410" type="org.opentest4j.AssertionFailedError"><![CDATA[org.opentest4j.AssertionFailedError: 
no step-definition method match found for: match responseStatus in normalizedStatus
classpath:Transferencia.feature:410
	at org.junit.jupiter.api.AssertionUtils.fail(AssertionUtils.java:38)
	at org.junit.jupiter.api.Assertions.fail(Assertions.java:135)
	at com.intuit.karate.junit5.FeatureNode.lambda$next$1(FeatureNode.java:86)
	at org.junit.jupiter.engine.descriptor.DynamicTestTestDescriptor.lambda$execute$0(DynamicTestTestDescriptor.java:53)
	at org.junit.jupiter.engine.execution.InvocationInterceptorChain$ValidatingInvocation.proceed(InvocationInterceptorChain.java:131)
	at org.junit.jupiter.api.extension.InvocationInterceptor.interceptDynamicTest(InvocationInterceptor.java:167)
	at org.junit.jupiter.api.extension.InvocationInterceptor.interceptDynamicTest(InvocationInterceptor.java:184)
	at org.junit.jupiter.engine.descriptor.DynamicTestTestDescriptor.lambda$execute$1(DynamicTestTestDescriptor.java:61)
	at org.junit.jupiter.engine.execution.InvocationInterceptorChain$InterceptorCall.lambda$ofVoid$0(InvocationInterceptorChain.java:78)
	at org.junit.jupiter.engine.execution.InvocationInterceptorChain$InterceptedInvocation.proceed(InvocationInterceptorChain.java:106)
	at org.junit.jupiter.engine.execution.InvocationInterceptorChain.proceed(InvocationInterceptorChain.java:64)
	at org.junit.jupiter.engine.execution.InvocationInterceptorChain.chainAndInvoke(InvocationInterceptorChain.java:45)
	at org.junit.jupiter.engine.execution.InvocationInterceptorChain.invoke(InvocationInterceptorChain.java:37)
	at org.junit.jupiter.engine.descriptor.DynamicTestTestDescriptor.execute(DynamicTestTestDescriptor.java:60)
	at org.junit.jupiter.engine.descriptor.DynamicTestTestDescriptor.execute(DynamicTestTestDescriptor.java:32)
	at org.junit.platform.engine.support.hierarchical.NodeTestTask.lambda$executeRecursively$6(NodeTestTask.java:151)
	at org.junit.platform.engine.support.hierarchical.ThrowableCollector.execute(ThrowableCollector.java:73)
	at org.junit.platform.engine.support.hierarchical.NodeTestTask.lambda$executeRecursively$8(NodeTestTask.java:141)
	at org.junit.platform.engine.support.hierarchical.Node.around(Node.java:137)
	at org.junit.platform.engine.support.hierarchical.NodeTestTask.lambda$executeRecursively$9(NodeTestTask.java:139)
	at org.junit.platform.engine.support.hierarchical.ThrowableCollector.execute(ThrowableCollector.java:73)
	at org.junit.platform.engine.support.hierarchical.NodeTestTask.executeRecursively(NodeTestTask.java:138)
	at org.junit.platform.engine.support.hierarchical.NodeTestTask.execute(NodeTestTask.java:95)
	at org.junit.platform.engine.support.hierarchical.SameThreadHierarchicalTestExecutorService.submit(SameThreadHierarchicalTestExecutorService.java:35)
	at org.junit.platform.engine.support.hierarchical.NodeTestTask$DefaultDynamicTestExecutor.execute(NodeTestTask.java:226)
	at org.junit.platform.engine.support.hierarchical.NodeTestTask$DefaultDynamicTestExecutor.execute(NodeTestTask.java:204)
	at java.base/java.util.stream.ForEachOps$ForEachOp$OfRef.accept(ForEachOps.java:183)
	at java.base/java.util.stream.ReferencePipeline$3$1.accept(ReferencePipeline.java:197)
	at java.base/java.util.stream.ReferencePipeline$2$1.accept(ReferencePipeline.java:179)
	at java.base/java.util.stream.ReferencePipeline$3$1.accept(ReferencePipeline.java:197)
	at java.base/java.util.Iterator.forEachRemaining(Iterator.java:133)
	at java.base/java.util.Spliterators$IteratorSpliterator.forEachRemaining(Spliterators.java:1845)
	at java.base/java.util.stream.AbstractPipeline.copyInto(AbstractPipeline.java:509)
	at java.base/java.util.stream.AbstractPipeline.wrapAndCopyInto(AbstractPipeline.java:499)
	at java.base/java.util.stream.ForEachOps$ForEachOp.evaluateSequential(ForEachOps.java:150)
	at java.base/java.util.stream.ForEachOps$ForEachOp$OfRef.evaluateSequential(ForEachOps.java:173)
	at java.base/java.util.stream.AbstractPipeline.evaluate(AbstractPipeline.java:234)
	at java.base/java.util.stream.ReferencePipeline.forEachOrdered(ReferencePipeline.java:601)
	at org.junit.jupiter.engine.descriptor.DynamicContainerTestDescriptor.execute(DynamicContainerTestDescriptor.java:67)
	at org.junit.jupiter.engine.descriptor.DynamicContainerTestDescriptor.execute(DynamicContainerTestDescriptor.java:33)
	at org.junit.platform.engine.support.hierarchical.NodeTestTask.lambda$executeRecursively$6(NodeTestTask.java:151)
	at org.junit.platform.engine.support.hierarchical.ThrowableCollector.execute(ThrowableCollector.java:73)
	at org.junit.platform.engine.support.hierarchical.NodeTestTask.lambda$executeRecursively$8(NodeTestTask.java:141)
	at org.junit.platform.engine.support.hierarchical.Node.around(Node.java:137)
	at org.junit.platform.engine.support.hierarchical.NodeTestTask.lambda$executeRecursively$9(NodeTestTask.java:139)
	at org.junit.platform.engine.support.hierarchical.ThrowableCollector.execute(ThrowableCollector.java:73)
	at org.junit.platform.engine.support.hierarchical.NodeTestTask.executeRecursively(NodeTestTask.java:138)
	at org.junit.platform.engine.support.hierarchical.NodeTestTask.execute(NodeTestTask.java:95)
	at org.junit.platform.engine.support.hierarchical.SameThreadHierarchicalTestExecutorService.submit(SameThreadHierarchicalTestExecutorService.java:35)
	at org.junit.platform.engine.support.hierarchical.NodeTestTask$DefaultDynamicTestExecutor.execute(NodeTestTask.java:226)
	at org.junit.platform.engine.support.hierarchical.NodeTestTask$DefaultDynamicTestExecutor.execute(NodeTestTask.java:204)
	at java.base/java.util.Optional.ifPresent(Optional.java:178)
	at org.junit.jupiter.engine.descriptor.TestFactoryTestDescriptor.lambda$invokeTestMethod$1(TestFactoryTestDescriptor.java:108)
	at org.junit.platform.engine.support.hierarchical.ThrowableCollector.execute(ThrowableCollector.java:73)
	at org.junit.jupiter.engine.descriptor.TestFactoryTestDescriptor.invokeTestMethod(TestFactoryTestDescriptor.java:95)
	at org.junit.jupiter.engine.descriptor.TestMethodTestDescriptor.execute(TestMethodTestDescriptor.java:138)
	at org.junit.jupiter.engine.descriptor.TestMethodTestDescriptor.execute(TestMethodTestDescriptor.java:68)
	at org.junit.platform.engine.support.hierarchical.NodeTestTask.lambda$executeRecursively$6(NodeTestTask.java:151)
	at org.junit.platform.engine.support.hierarchical.ThrowableCollector.execute(ThrowableCollector.java:73)
	at org.junit.platform.engine.support.hierarchical.NodeTestTask.lambda$executeRecursively$8(NodeTestTask.java:141)
	at org.junit.platform.engine.support.hierarchical.Node.around(Node.java:137)
	at org.junit.platform.engine.support.hierarchical.NodeTestTask.lambda$executeRecursively$9(NodeTestTask.java:139)
	at org.junit.platform.engine.support.hierarchical.ThrowableCollector.execute(ThrowableCollector.java:73)
	at org.junit.platform.engine.support.hierarchical.NodeTestTask.executeRecursively(NodeTestTask.java:138)
	at org.junit.platform.engine.support.hierarchical.NodeTestTask.execute(NodeTestTask.java:95)
	at java.base/java.util.ArrayList.forEach(ArrayList.java:1511)
	at org.junit.platform.engine.support.hierarchical.SameThreadHierarchicalTestExecutorService.invokeAll(SameThreadHierarchicalTestExecutorService.java:41)
	at org.junit.platform.engine.support.hierarchical.NodeTestTask.lambda$executeRecursively$6(NodeTestTask.java:155)
	at org.junit.platform.engine.support.hierarchical.ThrowableCollector.execute(ThrowableCollector.java:73)
	at org.junit.platform.engine.support.hierarchical.NodeTestTask.lambda$executeRecursively$8(NodeTestTask.java:141)
	at org.junit.platform.engine.support.hierarchical.Node.around(Node.java:137)
	at org.junit.platform.engine.support.hierarchical.NodeTestTask.lambda$executeRecursively$9(NodeTestTask.java:139)
	at org.junit.platform.engine.support.hierarchical.ThrowableCollector.execute(ThrowableCollector.java:73)
	at org.junit.platform.engine.support.hierarchical.NodeTestTask.executeRecursively(NodeTestTask.java:138)
	at org.junit.platform.engine.support.hierarchical.NodeTestTask.execute(NodeTestTask.java:95)
	at java.base/java.util.ArrayList.forEach(ArrayList.java:1511)
	at org.junit.platform.engine.support.hierarchical.SameThreadHierarchicalTestExecutorService.invokeAll(SameThreadHierarchicalTestExecutorService.java:41)
	at org.junit.platform.engine.support.hierarchical.NodeTestTask.lambda$executeRecursively$6(NodeTestTask.java:155)
	at org.junit.platform.engine.support.hierarchical.ThrowableCollector.execute(ThrowableCollector.java:73)
	at org.junit.platform.engine.support.hierarchical.NodeTestTask.lambda$executeRecursively$8(NodeTestTask.java:141)
	at org.junit.platform.engine.support.hierarchical.Node.around(Node.java:137)
	at org.junit.platform.engine.support.hierarchical.NodeTestTask.lambda$executeRecursively$9(NodeTestTask.java:139)
	at org.junit.platform.engine.support.hierarchical.ThrowableCollector.execute(ThrowableCollector.java:73)
	at org.junit.platform.engine.support.hierarchical.NodeTestTask.executeRecursively(NodeTestTask.java:138)
	at org.junit.platform.engine.support.hierarchical.NodeTestTask.execute(NodeTestTask.java:95)
	at org.junit.platform.engine.support.hierarchical.SameThreadHierarchicalTestExecutorService.submit(SameThreadHierarchicalTestExecutorService.java:35)
	at org.junit.platform.engine.support.hierarchical.HierarchicalTestExecutor.execute(HierarchicalTestExecutor.java:57)
	at org.junit.platform.engine.support.hierarchical.HierarchicalTestEngine.execute(HierarchicalTestEngine.java:54)
	at org.junit.platform.launcher.core.EngineExecutionOrchestrator.execute(EngineExecutionOrchestrator.java:147)
	at org.junit.platform.launcher.core.EngineExecutionOrchestrator.execute(EngineExecutionOrchestrator.java:127)
	at org.junit.platform.launcher.core.EngineExecutionOrchestrator.execute(EngineExecutionOrchestrator.java:90)
	at org.junit.platform.launcher.core.EngineExecutionOrchestrator.lambda$execute$0(EngineExecutionOrchestrator.java:55)
	at org.junit.platform.launcher.core.EngineExecutionOrchestrator.withInterceptedStreams(EngineExecutionOrchestrator.java:102)
	at org.junit.platform.launcher.core.EngineExecutionOrchestrator.execute(EngineExecutionOrchestrator.java:54)
	at org.junit.platform.launcher.core.DefaultLauncher.execute(DefaultLauncher.java:114)
	at org.junit.platform.launcher.core.DefaultLauncher.execute(DefaultLauncher.java:86)
	at org.junit.platform.launcher.core.DefaultLauncherSession$DelegatingLauncher.execute(DefaultLauncherSession.java:86)
	at org.apache.maven.surefire.junitplatform.LazyLauncher.execute(LazyLauncher.java:56)
	at org.apache.maven.surefire.junitplatform.JUnitPlatformProvider.execute(JUnitPlatformProvider.java:184)
	at org.apache.maven.surefire.junitplatform.JUnitPlatformProvider.invokeAllTests(JUnitPlatformProvider.java:148)
	at org.apache.maven.surefire.junitplatform.JUnitPlatformProvider.invoke(JUnitPlatformProvider.java:122)
	at org.apache.maven.surefire.booter.ForkedBooter.runSuitesInProcess(ForkedBooter.java:385)
	at org.apache.maven.surefire.booter.ForkedBooter.execute(ForkedBooter.java:162)
	at org.apache.maven.surefire.booter.ForkedBooter.run(ForkedBooter.java:507)
	at org.apache.maven.surefire.booter.ForkedBooter.main(ForkedBooter.java:495)
]]></failure>
    <system-out><![CDATA[14:15:15.430 [main] DEBUG com.intuit.karate - key store key count for classpath:certificado/clientcert.cbiblian.internal 1.pfx: 1
14:15:15.439 [main] DEBUG com.jayway.jsonpath.internal.path.CompiledPath - Evaluating path: $
14:15:15.441 [main] DEBUG com.jayway.jsonpath.internal.path.CompiledPath - Evaluating path: $['Authorization']
14:15:15.441 [main] DEBUG com.jayway.jsonpath.internal.path.CompiledPath - Evaluating path: $
14:15:15.441 [main] DEBUG com.jayway.jsonpath.internal.path.CompiledPath - Evaluating path: $
14:15:15.441 [main] DEBUG com.jayway.jsonpath.internal.JsonContext - Put path $ key Authorization value {}
14:15:15.441 [main] DEBUG com.jayway.jsonpath.internal.path.CompiledPath - Evaluating path: $
14:15:15.441 [main] DEBUG com.jayway.jsonpath.internal.JsonContext - Put path $ key Authorization value Bearer eyJhbGciOiJSUzI1NiIsInR5cCIgOiAiSldUIiwia2lkIiA6ICI2dUJWTkN6VlViUFBlTFdReEM0WDAyYVM3UnM2UGRYV1dja1dfc0xZMHlFIn0.eyJleHAiOjE3NjExNjA3NTAsImlhdCI6MTc2MTE2MDQ1MCwianRpIjoidHJydGNjOjQ5Yjg0NDVjLTgzYTAtMjI4Ni02NDczLWE2ZGEzOTBhOWQ0YSIsImlzcyI6Imh0dHBzOi8vYXV0ZW50aWNhY2lvbnFhLmNvb25lY3RhLmNvbS5lYy9hdXRoL3JlYWxtcy9QQU5BUEFZIiwiYXVkIjoiYWNjb3VudCIsInN1YiI6Ijk5OGMyZmUwLTJjOGYtNGQwNC1iZjExLWY1OWExZTM5ODg3MyIsInR5cCI6IkJlYXJlciIsImF6cCI6IjAyMDVjYiIsImFjciI6IjEiLCJhbGxvd2VkLW9yaWdpbnMiOlsiLyoiXSwicmVhbG1fYWNjZXNzIjp7InJvbGVzIjpbImRlZmF1bHQtcm9sZXMtYWRtaW5wYW5hcGF5Iiwib2ZmbGluZV9hY2Nlc3MiLCJ1bWFfYXV0aG9yaXphdGlvbiJdfSwicmVzb3VyY2VfYWNjZXNzIjp7IjAyMDVjYiI6eyJyb2xlcyI6WyJ1bWFfcHJvdGVjdGlvbiJdfSwiYWNjb3VudCI6eyJyb2xlcyI6WyJtYW5hZ2UtYWNjb3VudCIsIm1hbmFnZS1hY2NvdW50LWxpbmtzIiwidmlldy1wcm9maWxlIl19fSwic2NvcGUiOiJwcm9maWxlIGVtYWlsIiwiZW1haWxfdmVyaWZpZWQiOmZhbHNlLCJjbGllbnRIb3N0IjoiMTAuMTAuMTAuMTUxIiwicHJlZmVycmVkX3VzZXJuYW1lIjoic2VydmljZS1hY2NvdW50LTAyMDVjYiIsImNsaWVudEFkZHJlc3MiOiIxMC4xMC4xMC4xNTEiLCJjbGllbnRfaWQiOiIwMjA1Y2IifQ.bATUogohrEqy7Voa4mFnsBzOnGy6tnjZGh_lOYRn-0hWXMY_fz-280nTu2Vv68eO3HeoewtWlt45S_iLI2-ml3pqpAlt3DXWVmLvVHw6d7TICHBfQsa0jGXMexKnyar7EinrVhF3deSK25Ap_ajC_82EvVvXrVG-7p9F1dEdq39y2R72JympejF5uhY_z_jNmqJSsnLEZVOo3WMJn76u9tTcYVIldC5uWGFWbPGEhvWPx4ZGpsuq_wrPOGdRmyJDFJPJl7LnLGHK0DBhuVtJUq_NFQkMus2fTTf_mWhRnoqNU-wUCS-fxMs6QusGzIVd-C3O29J3rerHTrGg21LAsQ
14:15:15.441 [main] DEBUG com.jayway.jsonpath.internal.path.CompiledPath - Evaluating path: $
14:15:15.441 [main] INFO com.intuit.karate - Configurar la cuenta receptora como DESAFILIADA antes de la prueba. 
14:15:15.451 [main] DEBUG com.jayway.jsonpath.internal.path.CompiledPath - Evaluating path: $
14:15:15.454 [main] DEBUG org.apache.http.client.protocol.RequestAddCookies - CookieSpec selected: karate
14:15:15.454 [main] DEBUG org.apache.http.client.protocol.RequestAuthCache - Auth cache not set in the context
14:15:15.454 [main] DEBUG com.intuit.karate - request:
1 > POST https://apipanapayqa.coonecta.com.ec/api/switchcentral/finan/transferencia
1 > Content-Type: application/json; charset=UTF-8
1 > Authorization: Bearer eyJhbGciOiJSUzI1NiIsInR5cCIgOiAiSldUIiwia2lkIiA6ICI2dUJWTkN6VlViUFBlTFdReEM0WDAyYVM3UnM2UGRYV1dja1dfc0xZMHlFIn0.eyJleHAiOjE3NjExNjA3NTAsImlhdCI6MTc2MTE2MDQ1MCwianRpIjoidHJydGNjOjQ5Yjg0NDVjLTgzYTAtMjI4Ni02NDczLWE2ZGEzOTBhOWQ0YSIsImlzcyI6Imh0dHBzOi8vYXV0ZW50aWNhY2lvbnFhLmNvb25lY3RhLmNvbS5lYy9hdXRoL3JlYWxtcy9QQU5BUEFZIiwiYXVkIjoiYWNjb3VudCIsInN1YiI6Ijk5OGMyZmUwLTJjOGYtNGQwNC1iZjExLWY1OWExZTM5ODg3MyIsInR5cCI6IkJlYXJlciIsImF6cCI6IjAyMDVjYiIsImFjciI6IjEiLCJhbGxvd2VkLW9yaWdpbnMiOlsiLyoiXSwicmVhbG1fYWNjZXNzIjp7InJvbGVzIjpbImRlZmF1bHQtcm9sZXMtYWRtaW5wYW5hcGF5Iiwib2ZmbGluZV9hY2Nlc3MiLCJ1bWFfYXV0aG9yaXphdGlvbiJdfSwicmVzb3VyY2VfYWNjZXNzIjp7IjAyMDVjYiI6eyJyb2xlcyI6WyJ1bWFfcHJvdGVjdGlvbiJdfSwiYWNjb3VudCI6eyJyb2xlcyI6WyJtYW5hZ2UtYWNjb3VudCIsIm1hbmFnZS1hY2NvdW50LWxpbmtzIiwidmlldy1wcm9maWxlIl19fSwic2NvcGUiOiJwcm9maWxlIGVtYWlsIiwiZW1haWxfdmVyaWZpZWQiOmZhbHNlLCJjbGllbnRIb3N0IjoiMTAuMTAuMTAuMTUxIiwicHJlZmVycmVkX3VzZXJuYW1lIjoic2VydmljZS1hY2NvdW50LTAyMDVjYiIsImNsaWVudEFkZHJlc3MiOiIxMC4xMC4xMC4xNTEiLCJjbGllbnRfaWQiOiIwMjA1Y2IifQ.bATUogohrEqy7Voa4mFnsBzOnGy6tnjZGh_lOYRn-0hWXMY_fz-280nTu2Vv68eO3HeoewtWlt45S_iLI2-ml3pqpAlt3DXWVmLvVHw6d7TICHBfQsa0jGXMexKnyar7EinrVhF3deSK25Ap_ajC_82EvVvXrVG-7p9F1dEdq39y2R72JympejF5uhY_z_jNmqJSsnLEZVOo3WMJn76u9tTcYVIldC5uWGFWbPGEhvWPx4ZGpsuq_wrPOGdRmyJDFJPJl7LnLGHK0DBhuVtJUq_NFQkMus2fTTf_mWhRnoqNU-wUCS-fxMs6QusGzIVd-C3O29J3rerHTrGg21LAsQ
1 > Content-Length: 514
1 > Host: apipanapayqa.coonecta.com.ec
1 > Connection: Keep-Alive
1 > User-Agent: Apache-HttpClient/4.5.14 (Java/17.0.12)
1 > Accept-Encoding: gzip,deflate
{"GrpHdr":{"msgId":"02052025102282355753137","creDtTm":"2025-10-22T14:15:15","nbOfTxs":1,"sttlmInf":{"sttlmMtd":"INGA"},"instgAgt":{"finInstnId":"0205"},"InstdAgt":{"FinInstnId":"0205"},"Mge":{"Type":"acmt.998.321.01"},"ChnlId":"QR"},"CdtTrfTxInf":{"PmtId":{"EndToEndId":"02052025102271721"},"IntrBkSttlmAmt":{"Amt":1.0,"Ccy":"USD"},"DbtrAcctId":{"IBAN":"EC5002051000000000020501052673"},"CdtrAcctId":{"IBAN":"EC0402051000000000020101002318"},"Prtry":{"CustRef":"QR-DESAF","ChanRef":"QR-DESA","AgtRef":"AGT0002"}}}

14:15:15.454 [main] DEBUG org.apache.http.impl.conn.PoolingHttpClientConnectionManager - Connection request: [route: {s}->https://apipanapayqa.coonecta.com.ec:443][total available: 0; route allocated: 0 of 5; total allocated: 0 of 10]
14:15:15.454 [main] DEBUG org.apache.http.impl.conn.PoolingHttpClientConnectionManager - Connection leased: [id: 21][route: {s}->https://apipanapayqa.coonecta.com.ec:443][total available: 0; route allocated: 1 of 5; total allocated: 1 of 10]
14:15:15.454 [main] DEBUG org.apache.http.impl.execchain.MainClientExec - Opening connection {s}->https://apipanapayqa.coonecta.com.ec:443
14:15:15.454 [main] DEBUG org.apache.http.impl.conn.DefaultHttpClientConnectionOperator - Connecting to apipanapayqa.coonecta.com.ec/10.1.0.133:443
14:15:15.454 [main] DEBUG org.apache.http.conn.ssl.SSLConnectionSocketFactory - Connecting socket to apipanapayqa.coonecta.com.ec/10.1.0.133:443 with timeout 30000
14:15:15.547 [main] DEBUG org.apache.http.conn.ssl.SSLConnectionSocketFactory - Enabled protocols: [TLSv1.3, TLSv1.2]
14:15:15.549 [main] DEBUG org.apache.http.conn.ssl.SSLConnectionSocketFactory - Enabled cipher suites:[TLS_AES_256_GCM_SHA384, TLS_AES_128_GCM_SHA256, TLS_CHACHA20_POLY1305_SHA256, TLS_ECDHE_ECDSA_WITH_AES_256_GCM_SHA384, TLS_ECDHE_ECDSA_WITH_AES_128_GCM_SHA256, TLS_ECDHE_ECDSA_WITH_CHACHA20_POLY1305_SHA256, TLS_ECDHE_RSA_WITH_AES_256_GCM_SHA384, TLS_ECDHE_RSA_WITH_CHACHA20_POLY1305_SHA256, TLS_ECDHE_RSA_WITH_AES_128_GCM_SHA256, TLS_DHE_RSA_WITH_AES_256_GCM_SHA384, TLS_DHE_RSA_WITH_CHACHA20_POLY1305_SHA256, TLS_DHE_DSS_WITH_AES_256_GCM_SHA384, TLS_DHE_RSA_WITH_AES_128_GCM_SHA256, TLS_DHE_DSS_WITH_AES_128_GCM_SHA256, TLS_ECDHE_ECDSA_WITH_AES_256_CBC_SHA384, TLS_ECDHE_RSA_WITH_AES_256_CBC_SHA384, TLS_ECDHE_ECDSA_WITH_AES_128_CBC_SHA256, TLS_ECDHE_RSA_WITH_AES_128_CBC_SHA256, TLS_DHE_RSA_WITH_AES_256_CBC_SHA256, TLS_DHE_DSS_WITH_AES_256_CBC_SHA256, TLS_DHE_RSA_WITH_AES_128_CBC_SHA256, TLS_DHE_DSS_WITH_AES_128_CBC_SHA256, TLS_ECDH_ECDSA_WITH_AES_256_GCM_SHA384, TLS_ECDH_RSA_WITH_AES_256_GCM_SHA384, TLS_ECDH_ECDSA_WITH_AES_128_GCM_SHA256, TLS_ECDH_RSA_WITH_AES_128_GCM_SHA256, TLS_ECDH_ECDSA_WITH_AES_256_CBC_SHA384, TLS_ECDH_RSA_WITH_AES_256_CBC_SHA384, TLS_ECDH_ECDSA_WITH_AES_128_CBC_SHA256, TLS_ECDH_RSA_WITH_AES_128_CBC_SHA256, TLS_ECDHE_ECDSA_WITH_AES_256_CBC_SHA, TLS_ECDHE_RSA_WITH_AES_256_CBC_SHA, TLS_ECDHE_ECDSA_WITH_AES_128_CBC_SHA, TLS_ECDHE_RSA_WITH_AES_128_CBC_SHA, TLS_DHE_RSA_WITH_AES_256_CBC_SHA, TLS_DHE_DSS_WITH_AES_256_CBC_SHA, TLS_DHE_RSA_WITH_AES_128_CBC_SHA, TLS_DHE_DSS_WITH_AES_128_CBC_SHA, TLS_ECDH_ECDSA_WITH_AES_256_CBC_SHA, TLS_ECDH_RSA_WITH_AES_256_CBC_SHA, TLS_ECDH_ECDSA_WITH_AES_128_CBC_SHA, TLS_ECDH_RSA_WITH_AES_128_CBC_SHA, TLS_RSA_WITH_AES_256_GCM_SHA384, TLS_RSA_WITH_AES_128_GCM_SHA256, TLS_RSA_WITH_AES_256_CBC_SHA256, TLS_RSA_WITH_AES_128_CBC_SHA256, TLS_RSA_WITH_AES_256_CBC_SHA, TLS_RSA_WITH_AES_128_CBC_SHA, TLS_EMPTY_RENEGOTIATION_INFO_SCSV]
14:15:15.549 [main] DEBUG org.apache.http.conn.ssl.SSLConnectionSocketFactory - Starting handshake
14:15:15.730 [main] DEBUG org.apache.http.conn.ssl.SSLConnectionSocketFactory - Secure session established
14:15:15.730 [main] DEBUG org.apache.http.conn.ssl.SSLConnectionSocketFactory -  negotiated protocol: TLSv1.3
14:15:15.730 [main] DEBUG org.apache.http.conn.ssl.SSLConnectionSocketFactory -  negotiated cipher suite: TLS_AES_256_GCM_SHA384
14:15:15.730 [main] DEBUG org.apache.http.conn.ssl.SSLConnectionSocketFactory -  peer principal: CN=apipanapayqa.coonecta.com.ec, O=Red Transaccional Cooperativa S.A. RTC, L=Quito, ST=Pichincha, C=EC
14:15:15.730 [main] DEBUG org.apache.http.conn.ssl.SSLConnectionSocketFactory -  peer alternative names: [apipanapayqa.coonecta.com.ec]
14:15:15.730 [main] DEBUG org.apache.http.conn.ssl.SSLConnectionSocketFactory -  issuer principal: CN=DigiCert Global G2 TLS RSA SHA256 2020 CA1, O=DigiCert Inc, C=US
14:15:15.734 [main] DEBUG org.apache.http.impl.conn.DefaultHttpClientConnectionOperator - Connection established 10.10.10.151:49817<->10.1.0.133:443
14:15:15.734 [main] DEBUG org.apache.http.impl.conn.DefaultManagedHttpClientConnection - http-outgoing-21: set socket timeout to 30000
14:15:15.734 [main] DEBUG org.apache.http.impl.execchain.MainClientExec - Executing request POST /api/switchcentral/finan/transferencia HTTP/1.1
14:15:15.734 [main] DEBUG org.apache.http.impl.execchain.MainClientExec - Proxy auth state: UNCHALLENGED
14:15:15.734 [main] DEBUG org.apache.http.headers - http-outgoing-21 >> POST /api/switchcentral/finan/transferencia HTTP/1.1
14:15:15.734 [main] DEBUG org.apache.http.headers - http-outgoing-21 >> Content-Type: application/json; charset=UTF-8
14:15:15.734 [main] DEBUG org.apache.http.headers - http-outgoing-21 >> Authorization: Bearer eyJhbGciOiJSUzI1NiIsInR5cCIgOiAiSldUIiwia2lkIiA6ICI2dUJWTkN6VlViUFBlTFdReEM0WDAyYVM3UnM2UGRYV1dja1dfc0xZMHlFIn0.eyJleHAiOjE3NjExNjA3NTAsImlhdCI6MTc2MTE2MDQ1MCwianRpIjoidHJydGNjOjQ5Yjg0NDVjLTgzYTAtMjI4Ni02NDczLWE2ZGEzOTBhOWQ0YSIsImlzcyI6Imh0dHBzOi8vYXV0ZW50aWNhY2lvbnFhLmNvb25lY3RhLmNvbS5lYy9hdXRoL3JlYWxtcy9QQU5BUEFZIiwiYXVkIjoiYWNjb3VudCIsInN1YiI6Ijk5OGMyZmUwLTJjOGYtNGQwNC1iZjExLWY1OWExZTM5ODg3MyIsInR5cCI6IkJlYXJlciIsImF6cCI6IjAyMDVjYiIsImFjciI6IjEiLCJhbGxvd2VkLW9yaWdpbnMiOlsiLyoiXSwicmVhbG1fYWNjZXNzIjp7InJvbGVzIjpbImRlZmF1bHQtcm9sZXMtYWRtaW5wYW5hcGF5Iiwib2ZmbGluZV9hY2Nlc3MiLCJ1bWFfYXV0aG9yaXphdGlvbiJdfSwicmVzb3VyY2VfYWNjZXNzIjp7IjAyMDVjYiI6eyJyb2xlcyI6WyJ1bWFfcHJvdGVjdGlvbiJdfSwiYWNjb3VudCI6eyJyb2xlcyI6WyJtYW5hZ2UtYWNjb3VudCIsIm1hbmFnZS1hY2NvdW50LWxpbmtzIiwidmlldy1wcm9maWxlIl19fSwic2NvcGUiOiJwcm9maWxlIGVtYWlsIiwiZW1haWxfdmVyaWZpZWQiOmZhbHNlLCJjbGllbnRIb3N0IjoiMTAuMTAuMTAuMTUxIiwicHJlZmVycmVkX3VzZXJuYW1lIjoic2VydmljZS1hY2NvdW50LTAyMDVjYiIsImNsaWVudEFkZHJlc3MiOiIxMC4xMC4xMC4xNTEiLCJjbGllbnRfaWQiOiIwMjA1Y2IifQ.bATUogohrEqy7Voa4mFnsBzOnGy6tnjZGh_lOYRn-0hWXMY_fz-280nTu2Vv68eO3HeoewtWlt45S_iLI2-ml3pqpAlt3DXWVmLvVHw6d7TICHBfQsa0jGXMexKnyar7EinrVhF3deSK25Ap_ajC_82EvVvXrVG-7p9F1dEdq39y2R72JympejF5uhY_z_jNmqJSsnLEZVOo3WMJn76u9tTcYVIldC5uWGFWbPGEhvWPx4ZGpsuq_wrPOGdRmyJDFJPJl7LnLGHK0DBhuVtJUq_NFQkMus2fTTf_mWhRnoqNU-wUCS-fxMs6QusGzIVd-C3O29J3rerHTrGg21LAsQ
14:15:15.734 [main] DEBUG org.apache.http.headers - http-outgoing-21 >> Content-Length: 514
14:15:15.734 [main] DEBUG org.apache.http.headers - http-outgoing-21 >> Host: apipanapayqa.coonecta.com.ec
14:15:15.734 [main] DEBUG org.apache.http.headers - http-outgoing-21 >> Connection: Keep-Alive
14:15:15.734 [main] DEBUG org.apache.http.headers - http-outgoing-21 >> User-Agent: Apache-HttpClient/4.5.14 (Java/17.0.12)
14:15:15.734 [main] DEBUG org.apache.http.headers - http-outgoing-21 >> Accept-Encoding: gzip,deflate
14:15:15.734 [main] DEBUG org.apache.http.wire - http-outgoing-21 >> "POST /api/switchcentral/finan/transferencia HTTP/1.1[\r][\n]"
14:15:15.734 [main] DEBUG org.apache.http.wire - http-outgoing-21 >> "Content-Type: application/json; charset=UTF-8[\r][\n]"
14:15:15.734 [main] DEBUG org.apache.http.wire - http-outgoing-21 >> "Authorization: Bearer eyJhbGciOiJSUzI1NiIsInR5cCIgOiAiSldUIiwia2lkIiA6ICI2dUJWTkN6VlViUFBlTFdReEM0WDAyYVM3UnM2UGRYV1dja1dfc0xZMHlFIn0.eyJleHAiOjE3NjExNjA3NTAsImlhdCI6MTc2MTE2MDQ1MCwianRpIjoidHJydGNjOjQ5Yjg0NDVjLTgzYTAtMjI4Ni02NDczLWE2ZGEzOTBhOWQ0YSIsImlzcyI6Imh0dHBzOi8vYXV0ZW50aWNhY2lvbnFhLmNvb25lY3RhLmNvbS5lYy9hdXRoL3JlYWxtcy9QQU5BUEFZIiwiYXVkIjoiYWNjb3VudCIsInN1YiI6Ijk5OGMyZmUwLTJjOGYtNGQwNC1iZjExLWY1OWExZTM5ODg3MyIsInR5cCI6IkJlYXJlciIsImF6cCI6IjAyMDVjYiIsImFjciI6IjEiLCJhbGxvd2VkLW9yaWdpbnMiOlsiLyoiXSwicmVhbG1fYWNjZXNzIjp7InJvbGVzIjpbImRlZmF1bHQtcm9sZXMtYWRtaW5wYW5hcGF5Iiwib2ZmbGluZV9hY2Nlc3MiLCJ1bWFfYXV0aG9yaXphdGlvbiJdfSwicmVzb3VyY2VfYWNjZXNzIjp7IjAyMDVjYiI6eyJyb2xlcyI6WyJ1bWFfcHJvdGVjdGlvbiJdfSwiYWNjb3VudCI6eyJyb2xlcyI6WyJtYW5hZ2UtYWNjb3VudCIsIm1hbmFnZS1hY2NvdW50LWxpbmtzIiwidmlldy1wcm9maWxlIl19fSwic2NvcGUiOiJwcm9maWxlIGVtYWlsIiwiZW1haWxfdmVyaWZpZWQiOmZhbHNlLCJjbGllbnRIb3N0IjoiMTAuMTAuMTAuMTUxIiwicHJlZmVycmVkX3VzZXJuYW1lIjoic2VydmljZS1hY2NvdW50LTAyMDVjYiIsImNsaWVudEFkZHJlc3MiOiIxMC4xMC4xMC4xNTEiLCJjbGllbnRfaWQiOiIwMjA1Y2IifQ.bATUogohrEqy7Voa4mFnsBzOnGy6tnjZGh_lOYRn-0hWXMY_fz-280nTu2Vv68eO3HeoewtWlt45S_iLI2-ml3pqpAlt3DXWVmLvVHw6d7TICHBfQsa0jGXMexKnyar7EinrVhF3deSK25Ap_ajC_82EvVvXrVG-7p9F1dEdq39y2R72JympejF5uhY_z_jNmqJSsnLEZVOo3WMJn76u9tTcYVIldC5uWGFWbPGEhvWPx4ZGpsuq_wrPOGdRmyJDFJPJl7LnLGHK0DBhuVtJUq_NFQkMus2fTTf_mWhRnoqNU-wUCS-fxMs6QusGzIVd-C3O29J3rerHTrGg21LAsQ[\r][\n]"
14:15:15.734 [main] DEBUG org.apache.http.wire - http-outgoing-21 >> "Content-Length: 514[\r][\n]"
14:15:15.734 [main] DEBUG org.apache.http.wire - http-outgoing-21 >> "Host: apipanapayqa.coonecta.com.ec[\r][\n]"
14:15:15.734 [main] DEBUG org.apache.http.wire - http-outgoing-21 >> "Connection: Keep-Alive[\r][\n]"
14:15:15.734 [main] DEBUG org.apache.http.wire - http-outgoing-21 >> "User-Agent: Apache-HttpClient/4.5.14 (Java/17.0.12)[\r][\n]"
14:15:15.734 [main] DEBUG org.apache.http.wire - http-outgoing-21 >> "Accept-Encoding: gzip,deflate[\r][\n]"
14:15:15.734 [main] DEBUG org.apache.http.wire - http-outgoing-21 >> "[\r][\n]"
14:15:15.734 [main] DEBUG org.apache.http.wire - http-outgoing-21 >> "{"GrpHdr":{"msgId":"02052025102282355753137","creDtTm":"2025-10-22T14:15:15","nbOfTxs":1,"sttlmInf":{"sttlmMtd":"INGA"},"instgAgt":{"finInstnId":"0205"},"InstdAgt":{"FinInstnId":"0205"},"Mge":{"Type":"acmt.998.321.01"},"ChnlId":"QR"},"CdtTrfTxInf":{"PmtId":{"EndToEndId":"02052025102271721"},"IntrBkSttlmAmt":{"Amt":1.0,"Ccy":"USD"},"DbtrAcctId":{"IBAN":"EC5002051000000000020501052673"},"CdtrAcctId":{"IBAN":"EC0402051000000000020101002318"},"Prtry":{"CustRef":"QR-DESAF","ChanRef":"QR-DESA","AgtRef":"AGT0002"}}}"
14:15:17.382 [main] DEBUG org.apache.http.wire - http-outgoing-21 << "HTTP/1.1 400 Bad Request[\r][\n]"
14:15:17.382 [main] DEBUG org.apache.http.wire - http-outgoing-21 << "Date: Wed, 22 Oct 2025 19:15:08 GMT[\r][\n]"
14:15:17.382 [main] DEBUG org.apache.http.wire - http-outgoing-21 << "Content-Type: application/json; charset=utf-8[\r][\n]"
14:15:17.382 [main] DEBUG org.apache.http.wire - http-outgoing-21 << "Transfer-Encoding: chunked[\r][\n]"
14:15:17.382 [main] DEBUG org.apache.http.wire - http-outgoing-21 << "Connection: keep-alive[\r][\n]"
14:15:17.382 [main] DEBUG org.apache.http.wire - http-outgoing-21 << "Server: Kestrel[\r][\n]"
14:15:17.382 [main] DEBUG org.apache.http.wire - http-outgoing-21 << "Set-Cookie: ARRAffinity=135f536e0d078a815c3b83fda3468ab8a3a2abc604a35eefb28648d3961cfa9b;Path=/;HttpOnly;Secure;Domain=app-apipanapay-qa.azurewebsites.net[\r][\n]"
14:15:17.382 [main] DEBUG org.apache.http.wire - http-outgoing-21 << "Set-Cookie: ARRAffinitySameSite=135f536e0d078a815c3b83fda3468ab8a3a2abc604a35eefb28648d3961cfa9b;Path=/;HttpOnly;SameSite=None;Secure;Domain=app-apipanapay-qa.azurewebsites.net[\r][\n]"
14:15:17.382 [main] DEBUG org.apache.http.wire - http-outgoing-21 << "Request-Context: appId=cid-v1:a7a77847-2713-450f-9030-b350a2d54a28[\r][\n]"
14:15:17.382 [main] DEBUG org.apache.http.wire - http-outgoing-21 << "X-Powered-By: ASP.NET[\r][\n]"
14:15:17.382 [main] DEBUG org.apache.http.wire - http-outgoing-21 << "X-ARR-ClientCert: -----BEGIN%20CERTIFICATE-----%0AMIIEHDCCAgSgAwIBAgIUZIZBO0fb7VZ4KXrs01S4RYbWyJ8wDQYJKoZIhvcNAQEL%0ABQAwJTEjMCEGA1UEAwwacm9vdGNlcnQuY2JpYmxpYW4uaW50ZXJuYWwwHhcNMjUw%0AODEzMTMyNTU5WhcNMjgwODEyMTMyNTU5WjAnMSUwIwYDVQQDDBxjbGllbnRjZXJ0%0ALmNiaWJsaWFuLmludGVybmFsMIIBIjANBgkqhkiG9w0BAQEFAAOCAQ8AMIIBCgKC%0AAQEAskUDap6NmyYq8RT6F7z3DpZGQiflNQTvUT84TmxsKXEBRAkgINnkJqgKkd7f%0ASEybzqglQTbr4s41lCiPsy3X66qYjU2L%2Bojhni%2BOCVOX7n3JBYovL%2FqfMP3%2FkhZP%0AQIlK%2FQWPcrnl39fYkGOQv%2BYqoCGEPzGkib2m1Ma5Q1HOCKh1ErMjqTLGy%2ByJj6JY%0AiZvMx3YrJSvjUS0uKpNwxPtGyiexRfKsmR%2FHqPzRHa0iY%2B752KSgUedwJPv1Wod%2B%0AY9BMAMIdU25UtkUEsaOYtorGWDaZSn2Bl0LYmP87kjcYypnHx0jtPtUCXfVHrE6u%0AZnDRFYsZbeXylY3mJkyOL2DzZwIDAQABo0IwQDAdBgNVHQ4EFgQURPhJwTAcUWUp%0ArOqQO68P%2FbJoqjMwHwYDVR0jBBgwFoAU7GdlxoSeEXucEXhjadHRC9xzS0UwDQYJ%0AKoZIhvcNAQELBQADggIBAGTnlyF2n%2F6s9phYbO8V17niO0BXB62ToX6gPhcw9f3y%0AhMui6RnrM1oiHlBWqZquCqYJ5ETvYJE1RqvoqtGysxCnIj0OTJHV4WtF3SHsd1Tu%0ATg%2B%2FUnGivtBTDQxj9sbAtCaSYRBqPByP8jvSTDgXR1mgOrEGjr2PZdZSoKLj4OHi%0A9UCMJw7pJsyA4lbroKshQTYv5Ks5SqtJpdp0%2BUX0UUlbPJqXiadfbKdoXvEgcwbP%0ACqR9v7kGYmNxfaGLNGVrV%2BnLawIDmdYXJE%2F4WJh6sHfiZxEsE%2BB4PoKADrb1Eapt%0AnSdHUgRfc0i5f2lcmErnU8nCMO5TWdHFOgpYwTS8w17FhNFZpaSmyZKM7uHcUs7y%0AUbuiQtdXocfSSMf%2FeycBEU%2FHAVIWQEqY%2BbJdC0q%2FR%2BsESeBtXd4IEIxR0QfgscGk%0AJyCSFC8z%2FvCgrRsH5rePqKO7%2FLAsDTP4GIQNFNfF4Wh6bsPXuJmvvoMcnmy%2F58Wo%0AE0XaG8UPHVAeyEmhncdM32E7SJbR91aRr2CkV23OoUz%2BwKG2%2FuObHmAkuMkCbbcz%0AJQoC7DZg5FGw%2BZR7v1DIBct5QNJQ8bG%2FXGRxjWC6dU7jrGhOF1X%2B2YYcdx9XnwyM%0A9YPxUy5bVfMhIiKP2wEso5fjOZ4RTvnB5R6zD3maJK%2FtZAXVhtyqXSkBYFi4MvEs%0A-----END%20CERTIFICATE-----%0A[\r][\n]"
14:15:17.382 [main] DEBUG org.apache.http.wire - http-outgoing-21 << "[\r][\n]"
14:15:17.382 [main] DEBUG org.apache.http.wire - http-outgoing-21 << "1f9[\r][\n]"
14:15:17.382 [main] DEBUG org.apache.http.wire - http-outgoing-21 << "{"GrpHdr":{"MsgId":"000020251022020374","CreDtTm":"2025-10-22T14:15:08","NbOfTxs":1,"SttlmInf":{"SttlmMtd":"INGA"},"InstgAgt":{"FinInstnId":"0205"},"InstdAgt":{"FinInstnId":"0205"},"Mge":{"Type":"acmt.998.322.001"},"ChnlId":"QR"},"CdtTrfTxInf":{"OrgnGrpInf":{"OrgnlMsgId":"02052025102282355753137","OrgnlMgeType":"acmt.998.321.01","OrgnlCreDtTm":"2025-10-22T14:15:15"},"TxSts":"ERR","Rsn":{"RsnCd":"9000","AddtlInf":"El canal de origen de la transacci[0xc3][0xb3]n enviado no es correcto."},"SttlmDt":"2025-10-22"}}[\r][\n]"
14:15:17.382 [main] DEBUG org.apache.http.wire - http-outgoing-21 << "0[\r][\n]"
14:15:17.382 [main] DEBUG org.apache.http.wire - http-outgoing-21 << "[\r][\n]"
14:15:17.382 [main] DEBUG org.apache.http.headers - http-outgoing-21 << HTTP/1.1 400 Bad Request
14:15:17.382 [main] DEBUG org.apache.http.headers - http-outgoing-21 << Date: Wed, 22 Oct 2025 19:15:08 GMT
14:15:17.382 [main] DEBUG org.apache.http.headers - http-outgoing-21 << Content-Type: application/json; charset=utf-8
14:15:17.382 [main] DEBUG org.apache.http.headers - http-outgoing-21 << Transfer-Encoding: chunked
14:15:17.382 [main] DEBUG org.apache.http.headers - http-outgoing-21 << Connection: keep-alive
14:15:17.382 [main] DEBUG org.apache.http.headers - http-outgoing-21 << Server: Kestrel
14:15:17.382 [main] DEBUG org.apache.http.headers - http-outgoing-21 << Set-Cookie: ARRAffinity=135f536e0d078a815c3b83fda3468ab8a3a2abc604a35eefb28648d3961cfa9b;Path=/;HttpOnly;Secure;Domain=app-apipanapay-qa.azurewebsites.net
14:15:17.382 [main] DEBUG org.apache.http.headers - http-outgoing-21 << Set-Cookie: ARRAffinitySameSite=135f536e0d078a815c3b83fda3468ab8a3a2abc604a35eefb28648d3961cfa9b;Path=/;HttpOnly;SameSite=None;Secure;Domain=app-apipanapay-qa.azurewebsites.net
14:15:17.382 [main] DEBUG org.apache.http.headers - http-outgoing-21 << Request-Context: appId=cid-v1:a7a77847-2713-450f-9030-b350a2d54a28
14:15:17.382 [main] DEBUG org.apache.http.headers - http-outgoing-21 << X-Powered-By: ASP.NET
14:15:17.382 [main] DEBUG org.apache.http.headers - http-outgoing-21 << X-ARR-ClientCert: -----BEGIN%20CERTIFICATE-----%0AMIIEHDCCAgSgAwIBAgIUZIZBO0fb7VZ4KXrs01S4RYbWyJ8wDQYJKoZIhvcNAQEL%0ABQAwJTEjMCEGA1UEAwwacm9vdGNlcnQuY2JpYmxpYW4uaW50ZXJuYWwwHhcNMjUw%0AODEzMTMyNTU5WhcNMjgwODEyMTMyNTU5WjAnMSUwIwYDVQQDDBxjbGllbnRjZXJ0%0ALmNiaWJsaWFuLmludGVybmFsMIIBIjANBgkqhkiG9w0BAQEFAAOCAQ8AMIIBCgKC%0AAQEAskUDap6NmyYq8RT6F7z3DpZGQiflNQTvUT84TmxsKXEBRAkgINnkJqgKkd7f%0ASEybzqglQTbr4s41lCiPsy3X66qYjU2L%2Bojhni%2BOCVOX7n3JBYovL%2FqfMP3%2FkhZP%0AQIlK%2FQWPcrnl39fYkGOQv%2BYqoCGEPzGkib2m1Ma5Q1HOCKh1ErMjqTLGy%2ByJj6JY%0AiZvMx3YrJSvjUS0uKpNwxPtGyiexRfKsmR%2FHqPzRHa0iY%2B752KSgUedwJPv1Wod%2B%0AY9BMAMIdU25UtkUEsaOYtorGWDaZSn2Bl0LYmP87kjcYypnHx0jtPtUCXfVHrE6u%0AZnDRFYsZbeXylY3mJkyOL2DzZwIDAQABo0IwQDAdBgNVHQ4EFgQURPhJwTAcUWUp%0ArOqQO68P%2FbJoqjMwHwYDVR0jBBgwFoAU7GdlxoSeEXucEXhjadHRC9xzS0UwDQYJ%0AKoZIhvcNAQELBQADggIBAGTnlyF2n%2F6s9phYbO8V17niO0BXB62ToX6gPhcw9f3y%0AhMui6RnrM1oiHlBWqZquCqYJ5ETvYJE1RqvoqtGysxCnIj0OTJHV4WtF3SHsd1Tu%0ATg%2B%2FUnGivtBTDQxj9sbAtCaSYRBqPByP8jvSTDgXR1mgOrEGjr2PZdZSoKLj4OHi%0A9UCMJw7pJsyA4lbroKshQTYv5Ks5SqtJpdp0%2BUX0UUlbPJqXiadfbKdoXvEgcwbP%0ACqR9v7kGYmNxfaGLNGVrV%2BnLawIDmdYXJE%2F4WJh6sHfiZxEsE%2BB4PoKADrb1Eapt%0AnSdHUgRfc0i5f2lcmErnU8nCMO5TWdHFOgpYwTS8w17FhNFZpaSmyZKM7uHcUs7y%0AUbuiQtdXocfSSMf%2FeycBEU%2FHAVIWQEqY%2BbJdC0q%2FR%2BsESeBtXd4IEIxR0QfgscGk%0AJyCSFC8z%2FvCgrRsH5rePqKO7%2FLAsDTP4GIQNFNfF4Wh6bsPXuJmvvoMcnmy%2F58Wo%0AE0XaG8UPHVAeyEmhncdM32E7SJbR91aRr2CkV23OoUz%2BwKG2%2FuObHmAkuMkCbbcz%0AJQoC7DZg5FGw%2BZR7v1DIBct5QNJQ8bG%2FXGRxjWC6dU7jrGhOF1X%2B2YYcdx9XnwyM%0A9YPxUy5bVfMhIiKP2wEso5fjOZ4RTvnB5R6zD3maJK%2FtZAXVhtyqXSkBYFi4MvEs%0A-----END%20CERTIFICATE-----%0A
14:15:17.382 [main] DEBUG org.apache.http.impl.execchain.MainClientExec - Connection can be kept alive indefinitely
14:15:17.382 [main] DEBUG org.apache.http.client.protocol.ResponseProcessCookies - Cookie accepted [ARRAffinity="135f536e0d078a815c3b83fda3468ab8a3a2abc604a35eefb28648d3961cfa9b", version:0, domain:app-apipanapay-qa.azurewebsites.net, path:/, expiry:null]
14:15:17.382 [main] DEBUG org.apache.http.client.protocol.ResponseProcessCookies - Cookie accepted [ARRAffinitySameSite="135f536e0d078a815c3b83fda3468ab8a3a2abc604a35eefb28648d3961cfa9b", version:0, domain:app-apipanapay-qa.azurewebsites.net, path:/, expiry:null]
14:15:17.382 [main] DEBUG org.apache.http.impl.conn.PoolingHttpClientConnectionManager - Connection [id: 21][route: {s}->https://apipanapayqa.coonecta.com.ec:443][state: CN=clientcert.cbiblian.internal] can be kept alive indefinitely
14:15:17.382 [main] DEBUG org.apache.http.impl.conn.DefaultManagedHttpClientConnection - http-outgoing-21: set socket timeout to 0
14:15:17.382 [main] DEBUG org.apache.http.impl.conn.PoolingHttpClientConnectionManager - Connection released: [id: 21][route: {s}->https://apipanapayqa.coonecta.com.ec:443][state: CN=clientcert.cbiblian.internal][total available: 1; route allocated: 1 of 5; total allocated: 1 of 10]
14:15:17.382 [main] DEBUG org.apache.http.impl.conn.PoolingHttpClientConnectionManager - Connection manager is shutting down
14:15:17.382 [main] DEBUG org.apache.http.impl.conn.DefaultManagedHttpClientConnection - http-outgoing-21: Close connection
14:15:17.385 [main] DEBUG org.apache.http.impl.conn.PoolingHttpClientConnectionManager - Connection manager shut down
14:15:17.385 [main] DEBUG com.intuit.karate - response time in milliseconds: 1928
1 < 400
1 < Date: Wed, 22 Oct 2025 19:15:08 GMT
1 < Content-Type: application/json; charset=utf-8
1 < Transfer-Encoding: chunked
1 < Connection: keep-alive
1 < Server: Kestrel
1 < Set-Cookie: ARRAffinity=135f536e0d078a815c3b83fda3468ab8a3a2abc604a35eefb28648d3961cfa9b;Path=/;HttpOnly;Secure;Domain=app-apipanapay-qa.azurewebsites.net
1 < Set-Cookie: ARRAffinitySameSite=135f536e0d078a815c3b83fda3468ab8a3a2abc604a35eefb28648d3961cfa9b;Path=/;HttpOnly;SameSite=None;Secure;Domain=app-apipanapay-qa.azurewebsites.net
1 < Request-Context: appId=cid-v1:a7a77847-2713-450f-9030-b350a2d54a28
1 < X-Powered-By: ASP.NET
1 < X-ARR-ClientCert: -----BEGIN%20CERTIFICATE-----%0AMIIEHDCCAgSgAwIBAgIUZIZBO0fb7VZ4KXrs01S4RYbWyJ8wDQYJKoZIhvcNAQEL%0ABQAwJTEjMCEGA1UEAwwacm9vdGNlcnQuY2JpYmxpYW4uaW50ZXJuYWwwHhcNMjUw%0AODEzMTMyNTU5WhcNMjgwODEyMTMyNTU5WjAnMSUwIwYDVQQDDBxjbGllbnRjZXJ0%0ALmNiaWJsaWFuLmludGVybmFsMIIBIjANBgkqhkiG9w0BAQEFAAOCAQ8AMIIBCgKC%0AAQEAskUDap6NmyYq8RT6F7z3DpZGQiflNQTvUT84TmxsKXEBRAkgINnkJqgKkd7f%0ASEybzqglQTbr4s41lCiPsy3X66qYjU2L%2Bojhni%2BOCVOX7n3JBYovL%2FqfMP3%2FkhZP%0AQIlK%2FQWPcrnl39fYkGOQv%2BYqoCGEPzGkib2m1Ma5Q1HOCKh1ErMjqTLGy%2ByJj6JY%0AiZvMx3YrJSvjUS0uKpNwxPtGyiexRfKsmR%2FHqPzRHa0iY%2B752KSgUedwJPv1Wod%2B%0AY9BMAMIdU25UtkUEsaOYtorGWDaZSn2Bl0LYmP87kjcYypnHx0jtPtUCXfVHrE6u%0AZnDRFYsZbeXylY3mJkyOL2DzZwIDAQABo0IwQDAdBgNVHQ4EFgQURPhJwTAcUWUp%0ArOqQO68P%2FbJoqjMwHwYDVR0jBBgwFoAU7GdlxoSeEXucEXhjadHRC9xzS0UwDQYJ%0AKoZIhvcNAQELBQADggIBAGTnlyF2n%2F6s9phYbO8V17niO0BXB62ToX6gPhcw9f3y%0AhMui6RnrM1oiHlBWqZquCqYJ5ETvYJE1RqvoqtGysxCnIj0OTJHV4WtF3SHsd1Tu%0ATg%2B%2FUnGivtBTDQxj9sbAtCaSYRBqPByP8jvSTDgXR1mgOrEGjr2PZdZSoKLj4OHi%0A9UCMJw7pJsyA4lbroKshQTYv5Ks5SqtJpdp0%2BUX0UUlbPJqXiadfbKdoXvEgcwbP%0ACqR9v7kGYmNxfaGLNGVrV%2BnLawIDmdYXJE%2F4WJh6sHfiZxEsE%2BB4PoKADrb1Eapt%0AnSdHUgRfc0i5f2lcmErnU8nCMO5TWdHFOgpYwTS8w17FhNFZpaSmyZKM7uHcUs7y%0AUbuiQtdXocfSSMf%2FeycBEU%2FHAVIWQEqY%2BbJdC0q%2FR%2BsESeBtXd4IEIxR0QfgscGk%0AJyCSFC8z%2FvCgrRsH5rePqKO7%2FLAsDTP4GIQNFNfF4Wh6bsPXuJmvvoMcnmy%2F58Wo%0AE0XaG8UPHVAeyEmhncdM32E7SJbR91aRr2CkV23OoUz%2BwKG2%2FuObHmAkuMkCbbcz%0AJQoC7DZg5FGw%2BZR7v1DIBct5QNJQ8bG%2FXGRxjWC6dU7jrGhOF1X%2B2YYcdx9XnwyM%0A9YPxUy5bVfMhIiKP2wEso5fjOZ4RTvnB5R6zD3maJK%2FtZAXVhtyqXSkBYFi4MvEs%0A-----END%20CERTIFICATE-----%0A
{"GrpHdr":{"MsgId":"000020251022020374","CreDtTm":"2025-10-22T14:15:08","NbOfTxs":1,"SttlmInf":{"SttlmMtd":"INGA"},"InstgAgt":{"FinInstnId":"0205"},"InstdAgt":{"FinInstnId":"0205"},"Mge":{"Type":"acmt.998.322.001"},"ChnlId":"QR"},"CdtTrfTxInf":{"OrgnGrpInf":{"OrgnlMsgId":"02052025102282355753137","OrgnlMgeType":"acmt.998.321.01","OrgnlCreDtTm":"2025-10-22T14:15:15"},"TxSts":"ERR","Rsn":{"RsnCd":"9000","AddtlInf":"El canal de origen de la transacción enviado no es correcto."},"SttlmDt":"2025-10-22"}}

14:15:17.388 [main] ERROR com.intuit.karate - classpath:Transferencia.feature:410
Then match responseStatus in normalizedStatus
no step-definition method match found for: match responseStatus in normalizedStatus
classpath:Transferencia.feature:410
]]></system-out>
  </testcase>
  <testcase name="[22:414] Transferencia no exitosa, cuenta receptora bloqueada en el directorio" classname="Transferencia" time="5.253">
    <failure message="no step-definition method match found for: match responseStatus in normalizedStatus&#10;classpath:Transferencia.feature:422" type="org.opentest4j.AssertionFailedError"><![CDATA[org.opentest4j.AssertionFailedError: 
no step-definition method match found for: match responseStatus in normalizedStatus
classpath:Transferencia.feature:422
	at org.junit.jupiter.api.AssertionUtils.fail(AssertionUtils.java:38)
	at org.junit.jupiter.api.Assertions.fail(Assertions.java:135)
	at com.intuit.karate.junit5.FeatureNode.lambda$next$1(FeatureNode.java:86)
	at org.junit.jupiter.engine.descriptor.DynamicTestTestDescriptor.lambda$execute$0(DynamicTestTestDescriptor.java:53)
	at org.junit.jupiter.engine.execution.InvocationInterceptorChain$ValidatingInvocation.proceed(InvocationInterceptorChain.java:131)
	at org.junit.jupiter.api.extension.InvocationInterceptor.interceptDynamicTest(InvocationInterceptor.java:167)
	at org.junit.jupiter.api.extension.InvocationInterceptor.interceptDynamicTest(InvocationInterceptor.java:184)
	at org.junit.jupiter.engine.descriptor.DynamicTestTestDescriptor.lambda$execute$1(DynamicTestTestDescriptor.java:61)
	at org.junit.jupiter.engine.execution.InvocationInterceptorChain$InterceptorCall.lambda$ofVoid$0(InvocationInterceptorChain.java:78)
	at org.junit.jupiter.engine.execution.InvocationInterceptorChain$InterceptedInvocation.proceed(InvocationInterceptorChain.java:106)
	at org.junit.jupiter.engine.execution.InvocationInterceptorChain.proceed(InvocationInterceptorChain.java:64)
	at org.junit.jupiter.engine.execution.InvocationInterceptorChain.chainAndInvoke(InvocationInterceptorChain.java:45)
	at org.junit.jupiter.engine.execution.InvocationInterceptorChain.invoke(InvocationInterceptorChain.java:37)
	at org.junit.jupiter.engine.descriptor.DynamicTestTestDescriptor.execute(DynamicTestTestDescriptor.java:60)
	at org.junit.jupiter.engine.descriptor.DynamicTestTestDescriptor.execute(DynamicTestTestDescriptor.java:32)
	at org.junit.platform.engine.support.hierarchical.NodeTestTask.lambda$executeRecursively$6(NodeTestTask.java:151)
	at org.junit.platform.engine.support.hierarchical.ThrowableCollector.execute(ThrowableCollector.java:73)
	at org.junit.platform.engine.support.hierarchical.NodeTestTask.lambda$executeRecursively$8(NodeTestTask.java:141)
	at org.junit.platform.engine.support.hierarchical.Node.around(Node.java:137)
	at org.junit.platform.engine.support.hierarchical.NodeTestTask.lambda$executeRecursively$9(NodeTestTask.java:139)
	at org.junit.platform.engine.support.hierarchical.ThrowableCollector.execute(ThrowableCollector.java:73)
	at org.junit.platform.engine.support.hierarchical.NodeTestTask.executeRecursively(NodeTestTask.java:138)
	at org.junit.platform.engine.support.hierarchical.NodeTestTask.execute(NodeTestTask.java:95)
	at org.junit.platform.engine.support.hierarchical.SameThreadHierarchicalTestExecutorService.submit(SameThreadHierarchicalTestExecutorService.java:35)
	at org.junit.platform.engine.support.hierarchical.NodeTestTask$DefaultDynamicTestExecutor.execute(NodeTestTask.java:226)
	at org.junit.platform.engine.support.hierarchical.NodeTestTask$DefaultDynamicTestExecutor.execute(NodeTestTask.java:204)
	at java.base/java.util.stream.ForEachOps$ForEachOp$OfRef.accept(ForEachOps.java:183)
	at java.base/java.util.stream.ReferencePipeline$3$1.accept(ReferencePipeline.java:197)
	at java.base/java.util.stream.ReferencePipeline$2$1.accept(ReferencePipeline.java:179)
	at java.base/java.util.stream.ReferencePipeline$3$1.accept(ReferencePipeline.java:197)
	at java.base/java.util.Iterator.forEachRemaining(Iterator.java:133)
	at java.base/java.util.Spliterators$IteratorSpliterator.forEachRemaining(Spliterators.java:1845)
	at java.base/java.util.stream.AbstractPipeline.copyInto(AbstractPipeline.java:509)
	at java.base/java.util.stream.AbstractPipeline.wrapAndCopyInto(AbstractPipeline.java:499)
	at java.base/java.util.stream.ForEachOps$ForEachOp.evaluateSequential(ForEachOps.java:150)
	at java.base/java.util.stream.ForEachOps$ForEachOp$OfRef.evaluateSequential(ForEachOps.java:173)
	at java.base/java.util.stream.AbstractPipeline.evaluate(AbstractPipeline.java:234)
	at java.base/java.util.stream.ReferencePipeline.forEachOrdered(ReferencePipeline.java:601)
	at org.junit.jupiter.engine.descriptor.DynamicContainerTestDescriptor.execute(DynamicContainerTestDescriptor.java:67)
	at org.junit.jupiter.engine.descriptor.DynamicContainerTestDescriptor.execute(DynamicContainerTestDescriptor.java:33)
	at org.junit.platform.engine.support.hierarchical.NodeTestTask.lambda$executeRecursively$6(NodeTestTask.java:151)
	at org.junit.platform.engine.support.hierarchical.ThrowableCollector.execute(ThrowableCollector.java:73)
	at org.junit.platform.engine.support.hierarchical.NodeTestTask.lambda$executeRecursively$8(NodeTestTask.java:141)
	at org.junit.platform.engine.support.hierarchical.Node.around(Node.java:137)
	at org.junit.platform.engine.support.hierarchical.NodeTestTask.lambda$executeRecursively$9(NodeTestTask.java:139)
	at org.junit.platform.engine.support.hierarchical.ThrowableCollector.execute(ThrowableCollector.java:73)
	at org.junit.platform.engine.support.hierarchical.NodeTestTask.executeRecursively(NodeTestTask.java:138)
	at org.junit.platform.engine.support.hierarchical.NodeTestTask.execute(NodeTestTask.java:95)
	at org.junit.platform.engine.support.hierarchical.SameThreadHierarchicalTestExecutorService.submit(SameThreadHierarchicalTestExecutorService.java:35)
	at org.junit.platform.engine.support.hierarchical.NodeTestTask$DefaultDynamicTestExecutor.execute(NodeTestTask.java:226)
	at org.junit.platform.engine.support.hierarchical.NodeTestTask$DefaultDynamicTestExecutor.execute(NodeTestTask.java:204)
	at java.base/java.util.Optional.ifPresent(Optional.java:178)
	at org.junit.jupiter.engine.descriptor.TestFactoryTestDescriptor.lambda$invokeTestMethod$1(TestFactoryTestDescriptor.java:108)
	at org.junit.platform.engine.support.hierarchical.ThrowableCollector.execute(ThrowableCollector.java:73)
	at org.junit.jupiter.engine.descriptor.TestFactoryTestDescriptor.invokeTestMethod(TestFactoryTestDescriptor.java:95)
	at org.junit.jupiter.engine.descriptor.TestMethodTestDescriptor.execute(TestMethodTestDescriptor.java:138)
	at org.junit.jupiter.engine.descriptor.TestMethodTestDescriptor.execute(TestMethodTestDescriptor.java:68)
	at org.junit.platform.engine.support.hierarchical.NodeTestTask.lambda$executeRecursively$6(NodeTestTask.java:151)
	at org.junit.platform.engine.support.hierarchical.ThrowableCollector.execute(ThrowableCollector.java:73)
	at org.junit.platform.engine.support.hierarchical.NodeTestTask.lambda$executeRecursively$8(NodeTestTask.java:141)
	at org.junit.platform.engine.support.hierarchical.Node.around(Node.java:137)
	at org.junit.platform.engine.support.hierarchical.NodeTestTask.lambda$executeRecursively$9(NodeTestTask.java:139)
	at org.junit.platform.engine.support.hierarchical.ThrowableCollector.execute(ThrowableCollector.java:73)
	at org.junit.platform.engine.support.hierarchical.NodeTestTask.executeRecursively(NodeTestTask.java:138)
	at org.junit.platform.engine.support.hierarchical.NodeTestTask.execute(NodeTestTask.java:95)
	at java.base/java.util.ArrayList.forEach(ArrayList.java:1511)
	at org.junit.platform.engine.support.hierarchical.SameThreadHierarchicalTestExecutorService.invokeAll(SameThreadHierarchicalTestExecutorService.java:41)
	at org.junit.platform.engine.support.hierarchical.NodeTestTask.lambda$executeRecursively$6(NodeTestTask.java:155)
	at org.junit.platform.engine.support.hierarchical.ThrowableCollector.execute(ThrowableCollector.java:73)
	at org.junit.platform.engine.support.hierarchical.NodeTestTask.lambda$executeRecursively$8(NodeTestTask.java:141)
	at org.junit.platform.engine.support.hierarchical.Node.around(Node.java:137)
	at org.junit.platform.engine.support.hierarchical.NodeTestTask.lambda$executeRecursively$9(NodeTestTask.java:139)
	at org.junit.platform.engine.support.hierarchical.ThrowableCollector.execute(ThrowableCollector.java:73)
	at org.junit.platform.engine.support.hierarchical.NodeTestTask.executeRecursively(NodeTestTask.java:138)
	at org.junit.platform.engine.support.hierarchical.NodeTestTask.execute(NodeTestTask.java:95)
	at java.base/java.util.ArrayList.forEach(ArrayList.java:1511)
	at org.junit.platform.engine.support.hierarchical.SameThreadHierarchicalTestExecutorService.invokeAll(SameThreadHierarchicalTestExecutorService.java:41)
	at org.junit.platform.engine.support.hierarchical.NodeTestTask.lambda$executeRecursively$6(NodeTestTask.java:155)
	at org.junit.platform.engine.support.hierarchical.ThrowableCollector.execute(ThrowableCollector.java:73)
	at org.junit.platform.engine.support.hierarchical.NodeTestTask.lambda$executeRecursively$8(NodeTestTask.java:141)
	at org.junit.platform.engine.support.hierarchical.Node.around(Node.java:137)
	at org.junit.platform.engine.support.hierarchical.NodeTestTask.lambda$executeRecursively$9(NodeTestTask.java:139)
	at org.junit.platform.engine.support.hierarchical.ThrowableCollector.execute(ThrowableCollector.java:73)
	at org.junit.platform.engine.support.hierarchical.NodeTestTask.executeRecursively(NodeTestTask.java:138)
	at org.junit.platform.engine.support.hierarchical.NodeTestTask.execute(NodeTestTask.java:95)
	at org.junit.platform.engine.support.hierarchical.SameThreadHierarchicalTestExecutorService.submit(SameThreadHierarchicalTestExecutorService.java:35)
	at org.junit.platform.engine.support.hierarchical.HierarchicalTestExecutor.execute(HierarchicalTestExecutor.java:57)
	at org.junit.platform.engine.support.hierarchical.HierarchicalTestEngine.execute(HierarchicalTestEngine.java:54)
	at org.junit.platform.launcher.core.EngineExecutionOrchestrator.execute(EngineExecutionOrchestrator.java:147)
	at org.junit.platform.launcher.core.EngineExecutionOrchestrator.execute(EngineExecutionOrchestrator.java:127)
	at org.junit.platform.launcher.core.EngineExecutionOrchestrator.execute(EngineExecutionOrchestrator.java:90)
	at org.junit.platform.launcher.core.EngineExecutionOrchestrator.lambda$execute$0(EngineExecutionOrchestrator.java:55)
	at org.junit.platform.launcher.core.EngineExecutionOrchestrator.withInterceptedStreams(EngineExecutionOrchestrator.java:102)
	at org.junit.platform.launcher.core.EngineExecutionOrchestrator.execute(EngineExecutionOrchestrator.java:54)
	at org.junit.platform.launcher.core.DefaultLauncher.execute(DefaultLauncher.java:114)
	at org.junit.platform.launcher.core.DefaultLauncher.execute(DefaultLauncher.java:86)
	at org.junit.platform.launcher.core.DefaultLauncherSession$DelegatingLauncher.execute(DefaultLauncherSession.java:86)
	at org.apache.maven.surefire.junitplatform.LazyLauncher.execute(LazyLauncher.java:56)
	at org.apache.maven.surefire.junitplatform.JUnitPlatformProvider.execute(JUnitPlatformProvider.java:184)
	at org.apache.maven.surefire.junitplatform.JUnitPlatformProvider.invokeAllTests(JUnitPlatformProvider.java:148)
	at org.apache.maven.surefire.junitplatform.JUnitPlatformProvider.invoke(JUnitPlatformProvider.java:122)
	at org.apache.maven.surefire.booter.ForkedBooter.runSuitesInProcess(ForkedBooter.java:385)
	at org.apache.maven.surefire.booter.ForkedBooter.execute(ForkedBooter.java:162)
	at org.apache.maven.surefire.booter.ForkedBooter.run(ForkedBooter.java:507)
	at org.apache.maven.surefire.booter.ForkedBooter.main(ForkedBooter.java:495)
]]></failure>
    <system-out><![CDATA[14:15:17.405 [main] DEBUG com.intuit.karate - key store key count for classpath:certificado/clientcert.cbiblian.internal 1.pfx: 1
14:15:17.413 [main] DEBUG com.jayway.jsonpath.internal.path.CompiledPath - Evaluating path: $
14:15:17.413 [main] DEBUG com.jayway.jsonpath.internal.path.CompiledPath - Evaluating path: $['Authorization']
14:15:17.413 [main] DEBUG com.jayway.jsonpath.internal.path.CompiledPath - Evaluating path: $
14:15:17.413 [main] DEBUG com.jayway.jsonpath.internal.path.CompiledPath - Evaluating path: $
14:15:17.413 [main] DEBUG com.jayway.jsonpath.internal.JsonContext - Put path $ key Authorization value {}
14:15:17.413 [main] DEBUG com.jayway.jsonpath.internal.path.CompiledPath - Evaluating path: $
14:15:17.413 [main] DEBUG com.jayway.jsonpath.internal.JsonContext - Put path $ key Authorization value Bearer eyJhbGciOiJSUzI1NiIsInR5cCIgOiAiSldUIiwia2lkIiA6ICI2dUJWTkN6VlViUFBlTFdReEM0WDAyYVM3UnM2UGRYV1dja1dfc0xZMHlFIn0.eyJleHAiOjE3NjExNjA3NTAsImlhdCI6MTc2MTE2MDQ1MCwianRpIjoidHJydGNjOjQ5Yjg0NDVjLTgzYTAtMjI4Ni02NDczLWE2ZGEzOTBhOWQ0YSIsImlzcyI6Imh0dHBzOi8vYXV0ZW50aWNhY2lvbnFhLmNvb25lY3RhLmNvbS5lYy9hdXRoL3JlYWxtcy9QQU5BUEFZIiwiYXVkIjoiYWNjb3VudCIsInN1YiI6Ijk5OGMyZmUwLTJjOGYtNGQwNC1iZjExLWY1OWExZTM5ODg3MyIsInR5cCI6IkJlYXJlciIsImF6cCI6IjAyMDVjYiIsImFjciI6IjEiLCJhbGxvd2VkLW9yaWdpbnMiOlsiLyoiXSwicmVhbG1fYWNjZXNzIjp7InJvbGVzIjpbImRlZmF1bHQtcm9sZXMtYWRtaW5wYW5hcGF5Iiwib2ZmbGluZV9hY2Nlc3MiLCJ1bWFfYXV0aG9yaXphdGlvbiJdfSwicmVzb3VyY2VfYWNjZXNzIjp7IjAyMDVjYiI6eyJyb2xlcyI6WyJ1bWFfcHJvdGVjdGlvbiJdfSwiYWNjb3VudCI6eyJyb2xlcyI6WyJtYW5hZ2UtYWNjb3VudCIsIm1hbmFnZS1hY2NvdW50LWxpbmtzIiwidmlldy1wcm9maWxlIl19fSwic2NvcGUiOiJwcm9maWxlIGVtYWlsIiwiZW1haWxfdmVyaWZpZWQiOmZhbHNlLCJjbGllbnRIb3N0IjoiMTAuMTAuMTAuMTUxIiwicHJlZmVycmVkX3VzZXJuYW1lIjoic2VydmljZS1hY2NvdW50LTAyMDVjYiIsImNsaWVudEFkZHJlc3MiOiIxMC4xMC4xMC4xNTEiLCJjbGllbnRfaWQiOiIwMjA1Y2IifQ.bATUogohrEqy7Voa4mFnsBzOnGy6tnjZGh_lOYRn-0hWXMY_fz-280nTu2Vv68eO3HeoewtWlt45S_iLI2-ml3pqpAlt3DXWVmLvVHw6d7TICHBfQsa0jGXMexKnyar7EinrVhF3deSK25Ap_ajC_82EvVvXrVG-7p9F1dEdq39y2R72JympejF5uhY_z_jNmqJSsnLEZVOo3WMJn76u9tTcYVIldC5uWGFWbPGEhvWPx4ZGpsuq_wrPOGdRmyJDFJPJl7LnLGHK0DBhuVtJUq_NFQkMus2fTTf_mWhRnoqNU-wUCS-fxMs6QusGzIVd-C3O29J3rerHTrGg21LAsQ
14:15:17.413 [main] DEBUG com.jayway.jsonpath.internal.path.CompiledPath - Evaluating path: $
14:15:17.416 [main] INFO com.intuit.karate - Configurar la cuenta receptora en estado BLOQUEADO antes de la prueba. 
14:15:17.423 [main] DEBUG com.jayway.jsonpath.internal.path.CompiledPath - Evaluating path: $
14:15:17.429 [main] DEBUG org.apache.http.client.protocol.RequestAddCookies - CookieSpec selected: karate
14:15:17.429 [main] DEBUG org.apache.http.client.protocol.RequestAuthCache - Auth cache not set in the context
14:15:17.429 [main] DEBUG com.intuit.karate - request:
1 > POST https://apipanapayqa.coonecta.com.ec/api/switchcentral/finan/transferencia
1 > Content-Type: application/json; charset=UTF-8
1 > Authorization: Bearer eyJhbGciOiJSUzI1NiIsInR5cCIgOiAiSldUIiwia2lkIiA6ICI2dUJWTkN6VlViUFBlTFdReEM0WDAyYVM3UnM2UGRYV1dja1dfc0xZMHlFIn0.eyJleHAiOjE3NjExNjA3NTAsImlhdCI6MTc2MTE2MDQ1MCwianRpIjoidHJydGNjOjQ5Yjg0NDVjLTgzYTAtMjI4Ni02NDczLWE2ZGEzOTBhOWQ0YSIsImlzcyI6Imh0dHBzOi8vYXV0ZW50aWNhY2lvbnFhLmNvb25lY3RhLmNvbS5lYy9hdXRoL3JlYWxtcy9QQU5BUEFZIiwiYXVkIjoiYWNjb3VudCIsInN1YiI6Ijk5OGMyZmUwLTJjOGYtNGQwNC1iZjExLWY1OWExZTM5ODg3MyIsInR5cCI6IkJlYXJlciIsImF6cCI6IjAyMDVjYiIsImFjciI6IjEiLCJhbGxvd2VkLW9yaWdpbnMiOlsiLyoiXSwicmVhbG1fYWNjZXNzIjp7InJvbGVzIjpbImRlZmF1bHQtcm9sZXMtYWRtaW5wYW5hcGF5Iiwib2ZmbGluZV9hY2Nlc3MiLCJ1bWFfYXV0aG9yaXphdGlvbiJdfSwicmVzb3VyY2VfYWNjZXNzIjp7IjAyMDVjYiI6eyJyb2xlcyI6WyJ1bWFfcHJvdGVjdGlvbiJdfSwiYWNjb3VudCI6eyJyb2xlcyI6WyJtYW5hZ2UtYWNjb3VudCIsIm1hbmFnZS1hY2NvdW50LWxpbmtzIiwidmlldy1wcm9maWxlIl19fSwic2NvcGUiOiJwcm9maWxlIGVtYWlsIiwiZW1haWxfdmVyaWZpZWQiOmZhbHNlLCJjbGllbnRIb3N0IjoiMTAuMTAuMTAuMTUxIiwicHJlZmVycmVkX3VzZXJuYW1lIjoic2VydmljZS1hY2NvdW50LTAyMDVjYiIsImNsaWVudEFkZHJlc3MiOiIxMC4xMC4xMC4xNTEiLCJjbGllbnRfaWQiOiIwMjA1Y2IifQ.bATUogohrEqy7Voa4mFnsBzOnGy6tnjZGh_lOYRn-0hWXMY_fz-280nTu2Vv68eO3HeoewtWlt45S_iLI2-ml3pqpAlt3DXWVmLvVHw6d7TICHBfQsa0jGXMexKnyar7EinrVhF3deSK25Ap_ajC_82EvVvXrVG-7p9F1dEdq39y2R72JympejF5uhY_z_jNmqJSsnLEZVOo3WMJn76u9tTcYVIldC5uWGFWbPGEhvWPx4ZGpsuq_wrPOGdRmyJDFJPJl7LnLGHK0DBhuVtJUq_NFQkMus2fTTf_mWhRnoqNU-wUCS-fxMs6QusGzIVd-C3O29J3rerHTrGg21LAsQ
1 > Content-Length: 517
1 > Host: apipanapayqa.coonecta.com.ec
1 > Connection: Keep-Alive
1 > User-Agent: Apache-HttpClient/4.5.14 (Java/17.0.12)
1 > Accept-Encoding: gzip,deflate
{"GrpHdr":{"msgId":"02052025102234215767818","creDtTm":"2025-10-22T14:15:17","nbOfTxs":1,"sttlmInf":{"sttlmMtd":"INGA"},"instgAgt":{"finInstnId":"0205"},"InstdAgt":{"FinInstnId":"0205"},"Mge":{"Type":"acmt.998.321.01"},"ChnlId":"APP"},"CdtTrfTxInf":{"PmtId":{"EndToEndId":"02052025102227331"},"IntrBkSttlmAmt":{"Amt":1.0,"Ccy":"USD"},"DbtrAcctId":{"IBAN":"EC5002051000000000020501052673"},"CdtrAcctId":{"IBAN":"EC0402051000000000020101002318"},"Prtry":{"CustRef":"LOCKED-REC","ChanRef":"TERM001","AgtRef":"AGT0002"}}}

14:15:17.429 [main] DEBUG org.apache.http.impl.conn.PoolingHttpClientConnectionManager - Connection request: [route: {s}->https://apipanapayqa.coonecta.com.ec:443][total available: 0; route allocated: 0 of 5; total allocated: 0 of 10]
14:15:17.429 [main] DEBUG org.apache.http.impl.conn.PoolingHttpClientConnectionManager - Connection leased: [id: 22][route: {s}->https://apipanapayqa.coonecta.com.ec:443][total available: 0; route allocated: 1 of 5; total allocated: 1 of 10]
14:15:17.429 [main] DEBUG org.apache.http.impl.execchain.MainClientExec - Opening connection {s}->https://apipanapayqa.coonecta.com.ec:443
14:15:17.431 [main] DEBUG org.apache.http.impl.conn.DefaultHttpClientConnectionOperator - Connecting to apipanapayqa.coonecta.com.ec/10.1.0.133:443
14:15:17.431 [main] DEBUG org.apache.http.conn.ssl.SSLConnectionSocketFactory - Connecting socket to apipanapayqa.coonecta.com.ec/10.1.0.133:443 with timeout 30000
14:15:17.519 [main] DEBUG org.apache.http.conn.ssl.SSLConnectionSocketFactory - Enabled protocols: [TLSv1.3, TLSv1.2]
14:15:17.519 [main] DEBUG org.apache.http.conn.ssl.SSLConnectionSocketFactory - Enabled cipher suites:[TLS_AES_256_GCM_SHA384, TLS_AES_128_GCM_SHA256, TLS_CHACHA20_POLY1305_SHA256, TLS_ECDHE_ECDSA_WITH_AES_256_GCM_SHA384, TLS_ECDHE_ECDSA_WITH_AES_128_GCM_SHA256, TLS_ECDHE_ECDSA_WITH_CHACHA20_POLY1305_SHA256, TLS_ECDHE_RSA_WITH_AES_256_GCM_SHA384, TLS_ECDHE_RSA_WITH_CHACHA20_POLY1305_SHA256, TLS_ECDHE_RSA_WITH_AES_128_GCM_SHA256, TLS_DHE_RSA_WITH_AES_256_GCM_SHA384, TLS_DHE_RSA_WITH_CHACHA20_POLY1305_SHA256, TLS_DHE_DSS_WITH_AES_256_GCM_SHA384, TLS_DHE_RSA_WITH_AES_128_GCM_SHA256, TLS_DHE_DSS_WITH_AES_128_GCM_SHA256, TLS_ECDHE_ECDSA_WITH_AES_256_CBC_SHA384, TLS_ECDHE_RSA_WITH_AES_256_CBC_SHA384, TLS_ECDHE_ECDSA_WITH_AES_128_CBC_SHA256, TLS_ECDHE_RSA_WITH_AES_128_CBC_SHA256, TLS_DHE_RSA_WITH_AES_256_CBC_SHA256, TLS_DHE_DSS_WITH_AES_256_CBC_SHA256, TLS_DHE_RSA_WITH_AES_128_CBC_SHA256, TLS_DHE_DSS_WITH_AES_128_CBC_SHA256, TLS_ECDH_ECDSA_WITH_AES_256_GCM_SHA384, TLS_ECDH_RSA_WITH_AES_256_GCM_SHA384, TLS_ECDH_ECDSA_WITH_AES_128_GCM_SHA256, TLS_ECDH_RSA_WITH_AES_128_GCM_SHA256, TLS_ECDH_ECDSA_WITH_AES_256_CBC_SHA384, TLS_ECDH_RSA_WITH_AES_256_CBC_SHA384, TLS_ECDH_ECDSA_WITH_AES_128_CBC_SHA256, TLS_ECDH_RSA_WITH_AES_128_CBC_SHA256, TLS_ECDHE_ECDSA_WITH_AES_256_CBC_SHA, TLS_ECDHE_RSA_WITH_AES_256_CBC_SHA, TLS_ECDHE_ECDSA_WITH_AES_128_CBC_SHA, TLS_ECDHE_RSA_WITH_AES_128_CBC_SHA, TLS_DHE_RSA_WITH_AES_256_CBC_SHA, TLS_DHE_DSS_WITH_AES_256_CBC_SHA, TLS_DHE_RSA_WITH_AES_128_CBC_SHA, TLS_DHE_DSS_WITH_AES_128_CBC_SHA, TLS_ECDH_ECDSA_WITH_AES_256_CBC_SHA, TLS_ECDH_RSA_WITH_AES_256_CBC_SHA, TLS_ECDH_ECDSA_WITH_AES_128_CBC_SHA, TLS_ECDH_RSA_WITH_AES_128_CBC_SHA, TLS_RSA_WITH_AES_256_GCM_SHA384, TLS_RSA_WITH_AES_128_GCM_SHA256, TLS_RSA_WITH_AES_256_CBC_SHA256, TLS_RSA_WITH_AES_128_CBC_SHA256, TLS_RSA_WITH_AES_256_CBC_SHA, TLS_RSA_WITH_AES_128_CBC_SHA, TLS_EMPTY_RENEGOTIATION_INFO_SCSV]
14:15:17.519 [main] DEBUG org.apache.http.conn.ssl.SSLConnectionSocketFactory - Starting handshake
14:15:17.703 [main] DEBUG org.apache.http.conn.ssl.SSLConnectionSocketFactory - Secure session established
14:15:17.703 [main] DEBUG org.apache.http.conn.ssl.SSLConnectionSocketFactory -  negotiated protocol: TLSv1.3
14:15:17.703 [main] DEBUG org.apache.http.conn.ssl.SSLConnectionSocketFactory -  negotiated cipher suite: TLS_AES_256_GCM_SHA384
14:15:17.703 [main] DEBUG org.apache.http.conn.ssl.SSLConnectionSocketFactory -  peer principal: CN=apipanapayqa.coonecta.com.ec, O=Red Transaccional Cooperativa S.A. RTC, L=Quito, ST=Pichincha, C=EC
14:15:17.703 [main] DEBUG org.apache.http.conn.ssl.SSLConnectionSocketFactory -  peer alternative names: [apipanapayqa.coonecta.com.ec]
14:15:17.703 [main] DEBUG org.apache.http.conn.ssl.SSLConnectionSocketFactory -  issuer principal: CN=DigiCert Global G2 TLS RSA SHA256 2020 CA1, O=DigiCert Inc, C=US
14:15:17.703 [main] DEBUG org.apache.http.impl.conn.DefaultHttpClientConnectionOperator - Connection established 10.10.10.151:49818<->10.1.0.133:443
14:15:17.703 [main] DEBUG org.apache.http.impl.conn.DefaultManagedHttpClientConnection - http-outgoing-22: set socket timeout to 30000
14:15:17.703 [main] DEBUG org.apache.http.impl.execchain.MainClientExec - Executing request POST /api/switchcentral/finan/transferencia HTTP/1.1
14:15:17.703 [main] DEBUG org.apache.http.impl.execchain.MainClientExec - Proxy auth state: UNCHALLENGED
14:15:17.703 [main] DEBUG org.apache.http.headers - http-outgoing-22 >> POST /api/switchcentral/finan/transferencia HTTP/1.1
14:15:17.703 [main] DEBUG org.apache.http.headers - http-outgoing-22 >> Content-Type: application/json; charset=UTF-8
14:15:17.703 [main] DEBUG org.apache.http.headers - http-outgoing-22 >> Authorization: Bearer eyJhbGciOiJSUzI1NiIsInR5cCIgOiAiSldUIiwia2lkIiA6ICI2dUJWTkN6VlViUFBlTFdReEM0WDAyYVM3UnM2UGRYV1dja1dfc0xZMHlFIn0.eyJleHAiOjE3NjExNjA3NTAsImlhdCI6MTc2MTE2MDQ1MCwianRpIjoidHJydGNjOjQ5Yjg0NDVjLTgzYTAtMjI4Ni02NDczLWE2ZGEzOTBhOWQ0YSIsImlzcyI6Imh0dHBzOi8vYXV0ZW50aWNhY2lvbnFhLmNvb25lY3RhLmNvbS5lYy9hdXRoL3JlYWxtcy9QQU5BUEFZIiwiYXVkIjoiYWNjb3VudCIsInN1YiI6Ijk5OGMyZmUwLTJjOGYtNGQwNC1iZjExLWY1OWExZTM5ODg3MyIsInR5cCI6IkJlYXJlciIsImF6cCI6IjAyMDVjYiIsImFjciI6IjEiLCJhbGxvd2VkLW9yaWdpbnMiOlsiLyoiXSwicmVhbG1fYWNjZXNzIjp7InJvbGVzIjpbImRlZmF1bHQtcm9sZXMtYWRtaW5wYW5hcGF5Iiwib2ZmbGluZV9hY2Nlc3MiLCJ1bWFfYXV0aG9yaXphdGlvbiJdfSwicmVzb3VyY2VfYWNjZXNzIjp7IjAyMDVjYiI6eyJyb2xlcyI6WyJ1bWFfcHJvdGVjdGlvbiJdfSwiYWNjb3VudCI6eyJyb2xlcyI6WyJtYW5hZ2UtYWNjb3VudCIsIm1hbmFnZS1hY2NvdW50LWxpbmtzIiwidmlldy1wcm9maWxlIl19fSwic2NvcGUiOiJwcm9maWxlIGVtYWlsIiwiZW1haWxfdmVyaWZpZWQiOmZhbHNlLCJjbGllbnRIb3N0IjoiMTAuMTAuMTAuMTUxIiwicHJlZmVycmVkX3VzZXJuYW1lIjoic2VydmljZS1hY2NvdW50LTAyMDVjYiIsImNsaWVudEFkZHJlc3MiOiIxMC4xMC4xMC4xNTEiLCJjbGllbnRfaWQiOiIwMjA1Y2IifQ.bATUogohrEqy7Voa4mFnsBzOnGy6tnjZGh_lOYRn-0hWXMY_fz-280nTu2Vv68eO3HeoewtWlt45S_iLI2-ml3pqpAlt3DXWVmLvVHw6d7TICHBfQsa0jGXMexKnyar7EinrVhF3deSK25Ap_ajC_82EvVvXrVG-7p9F1dEdq39y2R72JympejF5uhY_z_jNmqJSsnLEZVOo3WMJn76u9tTcYVIldC5uWGFWbPGEhvWPx4ZGpsuq_wrPOGdRmyJDFJPJl7LnLGHK0DBhuVtJUq_NFQkMus2fTTf_mWhRnoqNU-wUCS-fxMs6QusGzIVd-C3O29J3rerHTrGg21LAsQ
14:15:17.703 [main] DEBUG org.apache.http.headers - http-outgoing-22 >> Content-Length: 517
14:15:17.703 [main] DEBUG org.apache.http.headers - http-outgoing-22 >> Host: apipanapayqa.coonecta.com.ec
14:15:17.703 [main] DEBUG org.apache.http.headers - http-outgoing-22 >> Connection: Keep-Alive
14:15:17.703 [main] DEBUG org.apache.http.headers - http-outgoing-22 >> User-Agent: Apache-HttpClient/4.5.14 (Java/17.0.12)
14:15:17.703 [main] DEBUG org.apache.http.headers - http-outgoing-22 >> Accept-Encoding: gzip,deflate
14:15:17.703 [main] DEBUG org.apache.http.wire - http-outgoing-22 >> "POST /api/switchcentral/finan/transferencia HTTP/1.1[\r][\n]"
14:15:17.703 [main] DEBUG org.apache.http.wire - http-outgoing-22 >> "Content-Type: application/json; charset=UTF-8[\r][\n]"
14:15:17.705 [main] DEBUG org.apache.http.wire - http-outgoing-22 >> "Authorization: Bearer eyJhbGciOiJSUzI1NiIsInR5cCIgOiAiSldUIiwia2lkIiA6ICI2dUJWTkN6VlViUFBlTFdReEM0WDAyYVM3UnM2UGRYV1dja1dfc0xZMHlFIn0.eyJleHAiOjE3NjExNjA3NTAsImlhdCI6MTc2MTE2MDQ1MCwianRpIjoidHJydGNjOjQ5Yjg0NDVjLTgzYTAtMjI4Ni02NDczLWE2ZGEzOTBhOWQ0YSIsImlzcyI6Imh0dHBzOi8vYXV0ZW50aWNhY2lvbnFhLmNvb25lY3RhLmNvbS5lYy9hdXRoL3JlYWxtcy9QQU5BUEFZIiwiYXVkIjoiYWNjb3VudCIsInN1YiI6Ijk5OGMyZmUwLTJjOGYtNGQwNC1iZjExLWY1OWExZTM5ODg3MyIsInR5cCI6IkJlYXJlciIsImF6cCI6IjAyMDVjYiIsImFjciI6IjEiLCJhbGxvd2VkLW9yaWdpbnMiOlsiLyoiXSwicmVhbG1fYWNjZXNzIjp7InJvbGVzIjpbImRlZmF1bHQtcm9sZXMtYWRtaW5wYW5hcGF5Iiwib2ZmbGluZV9hY2Nlc3MiLCJ1bWFfYXV0aG9yaXphdGlvbiJdfSwicmVzb3VyY2VfYWNjZXNzIjp7IjAyMDVjYiI6eyJyb2xlcyI6WyJ1bWFfcHJvdGVjdGlvbiJdfSwiYWNjb3VudCI6eyJyb2xlcyI6WyJtYW5hZ2UtYWNjb3VudCIsIm1hbmFnZS1hY2NvdW50LWxpbmtzIiwidmlldy1wcm9maWxlIl19fSwic2NvcGUiOiJwcm9maWxlIGVtYWlsIiwiZW1haWxfdmVyaWZpZWQiOmZhbHNlLCJjbGllbnRIb3N0IjoiMTAuMTAuMTAuMTUxIiwicHJlZmVycmVkX3VzZXJuYW1lIjoic2VydmljZS1hY2NvdW50LTAyMDVjYiIsImNsaWVudEFkZHJlc3MiOiIxMC4xMC4xMC4xNTEiLCJjbGllbnRfaWQiOiIwMjA1Y2IifQ.bATUogohrEqy7Voa4mFnsBzOnGy6tnjZGh_lOYRn-0hWXMY_fz-280nTu2Vv68eO3HeoewtWlt45S_iLI2-ml3pqpAlt3DXWVmLvVHw6d7TICHBfQsa0jGXMexKnyar7EinrVhF3deSK25Ap_ajC_82EvVvXrVG-7p9F1dEdq39y2R72JympejF5uhY_z_jNmqJSsnLEZVOo3WMJn76u9tTcYVIldC5uWGFWbPGEhvWPx4ZGpsuq_wrPOGdRmyJDFJPJl7LnLGHK0DBhuVtJUq_NFQkMus2fTTf_mWhRnoqNU-wUCS-fxMs6QusGzIVd-C3O29J3rerHTrGg21LAsQ[\r][\n]"
14:15:17.705 [main] DEBUG org.apache.http.wire - http-outgoing-22 >> "Content-Length: 517[\r][\n]"
14:15:17.705 [main] DEBUG org.apache.http.wire - http-outgoing-22 >> "Host: apipanapayqa.coonecta.com.ec[\r][\n]"
14:15:17.705 [main] DEBUG org.apache.http.wire - http-outgoing-22 >> "Connection: Keep-Alive[\r][\n]"
14:15:17.705 [main] DEBUG org.apache.http.wire - http-outgoing-22 >> "User-Agent: Apache-HttpClient/4.5.14 (Java/17.0.12)[\r][\n]"
14:15:17.705 [main] DEBUG org.apache.http.wire - http-outgoing-22 >> "Accept-Encoding: gzip,deflate[\r][\n]"
14:15:17.705 [main] DEBUG org.apache.http.wire - http-outgoing-22 >> "[\r][\n]"
14:15:17.705 [main] DEBUG org.apache.http.wire - http-outgoing-22 >> "{"GrpHdr":{"msgId":"02052025102234215767818","creDtTm":"2025-10-22T14:15:17","nbOfTxs":1,"sttlmInf":{"sttlmMtd":"INGA"},"instgAgt":{"finInstnId":"0205"},"InstdAgt":{"FinInstnId":"0205"},"Mge":{"Type":"acmt.998.321.01"},"ChnlId":"APP"},"CdtTrfTxInf":{"PmtId":{"EndToEndId":"02052025102227331"},"IntrBkSttlmAmt":{"Amt":1.0,"Ccy":"USD"},"DbtrAcctId":{"IBAN":"EC5002051000000000020501052673"},"CdtrAcctId":{"IBAN":"EC0402051000000000020101002318"},"Prtry":{"CustRef":"LOCKED-REC","ChanRef":"TERM001","AgtRef":"AGT0002"}}}"
14:15:22.546 [main] DEBUG org.apache.http.wire - http-outgoing-22 << "HTTP/1.1 200 OK[\r][\n]"
14:15:22.546 [main] DEBUG org.apache.http.wire - http-outgoing-22 << "Date: Wed, 22 Oct 2025 19:15:14 GMT[\r][\n]"
14:15:22.546 [main] DEBUG org.apache.http.wire - http-outgoing-22 << "Content-Type: application/json; charset=utf-8[\r][\n]"
14:15:22.546 [main] DEBUG org.apache.http.wire - http-outgoing-22 << "Transfer-Encoding: chunked[\r][\n]"
14:15:22.546 [main] DEBUG org.apache.http.wire - http-outgoing-22 << "Connection: keep-alive[\r][\n]"
14:15:22.546 [main] DEBUG org.apache.http.wire - http-outgoing-22 << "Server: Kestrel[\r][\n]"
14:15:22.546 [main] DEBUG org.apache.http.wire - http-outgoing-22 << "Content-Encoding: gzip[\r][\n]"
14:15:22.546 [main] DEBUG org.apache.http.wire - http-outgoing-22 << "Set-Cookie: ARRAffinity=135f536e0d078a815c3b83fda3468ab8a3a2abc604a35eefb28648d3961cfa9b;Path=/;HttpOnly;Secure;Domain=app-apipanapay-qa.azurewebsites.net[\r][\n]"
14:15:22.546 [main] DEBUG org.apache.http.wire - http-outgoing-22 << "Set-Cookie: ARRAffinitySameSite=135f536e0d078a815c3b83fda3468ab8a3a2abc604a35eefb28648d3961cfa9b;Path=/;HttpOnly;SameSite=None;Secure;Domain=app-apipanapay-qa.azurewebsites.net[\r][\n]"
14:15:22.546 [main] DEBUG org.apache.http.wire - http-outgoing-22 << "Vary: Accept-Encoding[\r][\n]"
14:15:22.548 [main] DEBUG org.apache.http.wire - http-outgoing-22 << "Request-Context: appId=cid-v1:a7a77847-2713-450f-9030-b350a2d54a28[\r][\n]"
14:15:22.548 [main] DEBUG org.apache.http.wire - http-outgoing-22 << "X-Powered-By: ASP.NET[\r][\n]"
14:15:22.548 [main] DEBUG org.apache.http.wire - http-outgoing-22 << "X-ARR-ClientCert: -----BEGIN%20CERTIFICATE-----%0AMIIEHDCCAgSgAwIBAgIUZIZBO0fb7VZ4KXrs01S4RYbWyJ8wDQYJKoZIhvcNAQEL%0ABQAwJTEjMCEGA1UEAwwacm9vdGNlcnQuY2JpYmxpYW4uaW50ZXJuYWwwHhcNMjUw%0AODEzMTMyNTU5WhcNMjgwODEyMTMyNTU5WjAnMSUwIwYDVQQDDBxjbGllbnRjZXJ0%0ALmNiaWJsaWFuLmludGVybmFsMIIBIjANBgkqhkiG9w0BAQEFAAOCAQ8AMIIBCgKC%0AAQEAskUDap6NmyYq8RT6F7z3DpZGQiflNQTvUT84TmxsKXEBRAkgINnkJqgKkd7f%0ASEybzqglQTbr4s41lCiPsy3X66qYjU2L%2Bojhni%2BOCVOX7n3JBYovL%2FqfMP3%2FkhZP%0AQIlK%2FQWPcrnl39fYkGOQv%2BYqoCGEPzGkib2m1Ma5Q1HOCKh1ErMjqTLGy%2ByJj6JY%0AiZvMx3YrJSvjUS0uKpNwxPtGyiexRfKsmR%2FHqPzRHa0iY%2B752KSgUedwJPv1Wod%2B%0AY9BMAMIdU25UtkUEsaOYtorGWDaZSn2Bl0LYmP87kjcYypnHx0jtPtUCXfVHrE6u%0AZnDRFYsZbeXylY3mJkyOL2DzZwIDAQABo0IwQDAdBgNVHQ4EFgQURPhJwTAcUWUp%0ArOqQO68P%2FbJoqjMwHwYDVR0jBBgwFoAU7GdlxoSeEXucEXhjadHRC9xzS0UwDQYJ%0AKoZIhvcNAQELBQADggIBAGTnlyF2n%2F6s9phYbO8V17niO0BXB62ToX6gPhcw9f3y%0AhMui6RnrM1oiHlBWqZquCqYJ5ETvYJE1RqvoqtGysxCnIj0OTJHV4WtF3SHsd1Tu%0ATg%2B%2FUnGivtBTDQxj9sbAtCaSYRBqPByP8jvSTDgXR1mgOrEGjr2PZdZSoKLj4OHi%0A9UCMJw7pJsyA4lbroKshQTYv5Ks5SqtJpdp0%2BUX0UUlbPJqXiadfbKdoXvEgcwbP%0ACqR9v7kGYmNxfaGLNGVrV%2BnLawIDmdYXJE%2F4WJh6sHfiZxEsE%2BB4PoKADrb1Eapt%0AnSdHUgRfc0i5f2lcmErnU8nCMO5TWdHFOgpYwTS8w17FhNFZpaSmyZKM7uHcUs7y%0AUbuiQtdXocfSSMf%2FeycBEU%2FHAVIWQEqY%2BbJdC0q%2FR%2BsESeBtXd4IEIxR0QfgscGk%0AJyCSFC8z%2FvCgrRsH5rePqKO7%2FLAsDTP4GIQNFNfF4Wh6bsPXuJmvvoMcnmy%2F58Wo%0AE0XaG8UPHVAeyEmhncdM32E7SJbR91aRr2CkV23OoUz%2BwKG2%2FuObHmAkuMkCbbcz%0AJQoC7DZg5FGw%2BZR7v1DIBct5QNJQ8bG%2FXGRxjWC6dU7jrGhOF1X%2B2YYcdx9XnwyM%0A9YPxUy5bVfMhIiKP2wEso5fjOZ4RTvnB5R6zD3maJK%2FtZAXVhtyqXSkBYFi4MvEs%0A-----END%20CERTIFICATE-----%0A[\r][\n]"
14:15:22.548 [main] DEBUG org.apache.http.wire - http-outgoing-22 << "[\r][\n]"
14:15:22.548 [main] DEBUG org.apache.http.wire - http-outgoing-22 << "1d2[\r][\n]"
14:15:22.548 [main] DEBUG org.apache.http.wire - http-outgoing-22 << "[0x1f][0x8b][0x8][0x0][0x0][0x0][0x0][0x0][0x4][0x0][0xed][0xbd][0x7]`[0x1c]I[0x96]%&/m[0xca]{J[0xf5]J[0xd7][0xe0]t[0xa1][0x8][0x80]`[0x13]$[0xd8][0x90]@[0x10][0xec][0xc1][0x88][0xcd][0xe6][0x92][0xec][0x1d]iG#)[0xab]*[0x81][0xca]eVe]f[0x16]@[0xcc][0xed][0x9d][0xbc][0xf7][0xde]{[0xef][0xbd][0xf7][0xde]{[0xef][0xbd][0xf7][0xba];[0x9d]N'[0xf7][0xdf][0xff]?\fd[0x1]l[0xf6][0xce]J[0xda][0xc9][0x9e]![0x80][0xaa][0xc8][0x1f]?~|[0x1f]?"~[0xf1]G[0x9f][0xd7][0xab]o[0xcf][0xea][0x8f][0x1e][0xfd][0xe2][0x8f][0xbe]h.[0xce]f[0x1f]=[0xfa]h[0x87][0x9e][0xbd][0x9d][0xbd][0xfb][0xbb];{[0xf4]c[0xe7][0xde][0x83][0xfb][0x1f][0x8d]>:[0xa9][0xf3][0xa7][0xed][0x9b][0x5]}M[0x9f][0xdd][0xdf][0xde][0xdd][0xd9][0xde][0xdb]{[0xb3][0xbb][0xff]h[0xf7][0xfe][0xa3][0xdd]][0xfa][0xfe][0xc5][0xe4][0xcb][0xf3]7[0xef][0x9a][0x8f][0x1e][0xed][0x8e]>z[0xdd][0xb6][0xe5][0xe2]ly[0xe][0xa0][0xfc][0xfb][0x17]-[0xe0][0x9e][0xbd][0xf8][0xfc][0xf8][0xa3]_2[0xfa][0xe8]l[0xd9][0xb4][0x17][0xc7][0x17]-[0xbe]~V,[0xf1][0xe7]R:[0xde][0xdb][0xb9]o[0x1a][0xcc]65[0xf8][0xe2]"[0xc7]wo[0xae]W[0xf4][0xf3][0xa3]l[0xba]h[0xc7][0xf][0x1f][0x1e][0x8c][0xef][0xed][0xed][0x8d]wvv[0xd1][0xe2]d[0xbe],[0xf9][0x95][0xe3][0x97]/[0xf9][0xef]Y[0xfb][0xa6]&[0x4][0x15][0xab]/[0xeb][0x8b]%[\r][0xdc][0xfb][0xab][0xb4][0xa3][0xa7]>0[0xc4]][0x1a][0xfd][0xbd][0xfd][0xbd][0xdd][0xfb][0xf]>}p[0xb0]{@C[0x94]f[0x17]y[0xbf][0xdb][0xdd]1[0xf5][0xaa][\r]6[0x11][0xea][0x1]Py[0xb9]h[0xd1][0xd1]/[0xfe][0xe8]t9{S[0xd1]?[0xf8]+[0xe8]v[0xef][0xc1][0xbd]{[0x80]G[0xe8][0xe2][0xab][0xdd][0x83][0xfb][0xfb]{x[0xf3][0xcd][0xbb][0xd7]-Q[0xf8][0xa3]/[0xdf][0xd2][0x97][0xaf][0x9a]%[0x80][0xd0][0x8f][0x13]4[0xa2]9[0xdb][0xa1]O[0x8f]g[0xb3][0xb6][0xe4]a}[0xf4][0xa6][0xce][0x96]M6[0x9d][0x16][0xff][0xe8][0xdf][0xba]LO[0xdf][0x15]m[0xd5]d[0x80][0xf2]t[0xd2][0xf2]t[0x1f][0xaf][0xdb][0xf9]I5[0xc3]P[0xfc][0xce]w[0xf7]w[0xef][0xef][0xde][0xfb]t[0xef][0xd3][0x7][0xf7][0x18]][0xa2][0xdc][0x8d][0xcd][0xf7]w>[0xbd][0xb7][0xbb][0xc3][0xcd]y[0xbe][0x9f][0xd2][0xd4]y[0xc3][0xff][0xe8][0x97][0xfc][\r][\n]"
14:15:22.548 [main] DEBUG org.apache.http.wire - http-outgoing-22 << "b[\r][\n]"
14:15:22.548 [main] DEBUG org.apache.http.wire - http-outgoing-22 << "[0x92][0xff][0x7]5[0xf8][0x19]$h[0x2][0x0][0x0][\r][\n]"
14:15:22.548 [main] DEBUG org.apache.http.wire - http-outgoing-22 << "0[\r][\n]"
14:15:22.548 [main] DEBUG org.apache.http.wire - http-outgoing-22 << "[\r][\n]"
14:15:22.548 [main] DEBUG org.apache.http.headers - http-outgoing-22 << HTTP/1.1 200 OK
14:15:22.548 [main] DEBUG org.apache.http.headers - http-outgoing-22 << Date: Wed, 22 Oct 2025 19:15:14 GMT
14:15:22.548 [main] DEBUG org.apache.http.headers - http-outgoing-22 << Content-Type: application/json; charset=utf-8
14:15:22.548 [main] DEBUG org.apache.http.headers - http-outgoing-22 << Transfer-Encoding: chunked
14:15:22.548 [main] DEBUG org.apache.http.headers - http-outgoing-22 << Connection: keep-alive
14:15:22.548 [main] DEBUG org.apache.http.headers - http-outgoing-22 << Server: Kestrel
14:15:22.548 [main] DEBUG org.apache.http.headers - http-outgoing-22 << Content-Encoding: gzip
14:15:22.548 [main] DEBUG org.apache.http.headers - http-outgoing-22 << Set-Cookie: ARRAffinity=135f536e0d078a815c3b83fda3468ab8a3a2abc604a35eefb28648d3961cfa9b;Path=/;HttpOnly;Secure;Domain=app-apipanapay-qa.azurewebsites.net
14:15:22.548 [main] DEBUG org.apache.http.headers - http-outgoing-22 << Set-Cookie: ARRAffinitySameSite=135f536e0d078a815c3b83fda3468ab8a3a2abc604a35eefb28648d3961cfa9b;Path=/;HttpOnly;SameSite=None;Secure;Domain=app-apipanapay-qa.azurewebsites.net
14:15:22.548 [main] DEBUG org.apache.http.headers - http-outgoing-22 << Vary: Accept-Encoding
14:15:22.548 [main] DEBUG org.apache.http.headers - http-outgoing-22 << Request-Context: appId=cid-v1:a7a77847-2713-450f-9030-b350a2d54a28
14:15:22.548 [main] DEBUG org.apache.http.headers - http-outgoing-22 << X-Powered-By: ASP.NET
14:15:22.548 [main] DEBUG org.apache.http.headers - http-outgoing-22 << X-ARR-ClientCert: -----BEGIN%20CERTIFICATE-----%0AMIIEHDCCAgSgAwIBAgIUZIZBO0fb7VZ4KXrs01S4RYbWyJ8wDQYJKoZIhvcNAQEL%0ABQAwJTEjMCEGA1UEAwwacm9vdGNlcnQuY2JpYmxpYW4uaW50ZXJuYWwwHhcNMjUw%0AODEzMTMyNTU5WhcNMjgwODEyMTMyNTU5WjAnMSUwIwYDVQQDDBxjbGllbnRjZXJ0%0ALmNiaWJsaWFuLmludGVybmFsMIIBIjANBgkqhkiG9w0BAQEFAAOCAQ8AMIIBCgKC%0AAQEAskUDap6NmyYq8RT6F7z3DpZGQiflNQTvUT84TmxsKXEBRAkgINnkJqgKkd7f%0ASEybzqglQTbr4s41lCiPsy3X66qYjU2L%2Bojhni%2BOCVOX7n3JBYovL%2FqfMP3%2FkhZP%0AQIlK%2FQWPcrnl39fYkGOQv%2BYqoCGEPzGkib2m1Ma5Q1HOCKh1ErMjqTLGy%2ByJj6JY%0AiZvMx3YrJSvjUS0uKpNwxPtGyiexRfKsmR%2FHqPzRHa0iY%2B752KSgUedwJPv1Wod%2B%0AY9BMAMIdU25UtkUEsaOYtorGWDaZSn2Bl0LYmP87kjcYypnHx0jtPtUCXfVHrE6u%0AZnDRFYsZbeXylY3mJkyOL2DzZwIDAQABo0IwQDAdBgNVHQ4EFgQURPhJwTAcUWUp%0ArOqQO68P%2FbJoqjMwHwYDVR0jBBgwFoAU7GdlxoSeEXucEXhjadHRC9xzS0UwDQYJ%0AKoZIhvcNAQELBQADggIBAGTnlyF2n%2F6s9phYbO8V17niO0BXB62ToX6gPhcw9f3y%0AhMui6RnrM1oiHlBWqZquCqYJ5ETvYJE1RqvoqtGysxCnIj0OTJHV4WtF3SHsd1Tu%0ATg%2B%2FUnGivtBTDQxj9sbAtCaSYRBqPByP8jvSTDgXR1mgOrEGjr2PZdZSoKLj4OHi%0A9UCMJw7pJsyA4lbroKshQTYv5Ks5SqtJpdp0%2BUX0UUlbPJqXiadfbKdoXvEgcwbP%0ACqR9v7kGYmNxfaGLNGVrV%2BnLawIDmdYXJE%2F4WJh6sHfiZxEsE%2BB4PoKADrb1Eapt%0AnSdHUgRfc0i5f2lcmErnU8nCMO5TWdHFOgpYwTS8w17FhNFZpaSmyZKM7uHcUs7y%0AUbuiQtdXocfSSMf%2FeycBEU%2FHAVIWQEqY%2BbJdC0q%2FR%2BsESeBtXd4IEIxR0QfgscGk%0AJyCSFC8z%2FvCgrRsH5rePqKO7%2FLAsDTP4GIQNFNfF4Wh6bsPXuJmvvoMcnmy%2F58Wo%0AE0XaG8UPHVAeyEmhncdM32E7SJbR91aRr2CkV23OoUz%2BwKG2%2FuObHmAkuMkCbbcz%0AJQoC7DZg5FGw%2BZR7v1DIBct5QNJQ8bG%2FXGRxjWC6dU7jrGhOF1X%2B2YYcdx9XnwyM%0A9YPxUy5bVfMhIiKP2wEso5fjOZ4RTvnB5R6zD3maJK%2FtZAXVhtyqXSkBYFi4MvEs%0A-----END%20CERTIFICATE-----%0A
14:15:22.548 [main] DEBUG org.apache.http.impl.execchain.MainClientExec - Connection can be kept alive indefinitely
14:15:22.549 [main] DEBUG org.apache.http.client.protocol.ResponseProcessCookies - Cookie accepted [ARRAffinity="135f536e0d078a815c3b83fda3468ab8a3a2abc604a35eefb28648d3961cfa9b", version:0, domain:app-apipanapay-qa.azurewebsites.net, path:/, expiry:null]
14:15:22.549 [main] DEBUG org.apache.http.client.protocol.ResponseProcessCookies - Cookie accepted [ARRAffinitySameSite="135f536e0d078a815c3b83fda3468ab8a3a2abc604a35eefb28648d3961cfa9b", version:0, domain:app-apipanapay-qa.azurewebsites.net, path:/, expiry:null]
14:15:22.549 [main] DEBUG org.apache.http.impl.conn.DefaultManagedHttpClientConnection - http-outgoing-22: Close connection
14:15:22.644 [main] DEBUG org.apache.http.impl.execchain.MainClientExec - Connection discarded
14:15:22.644 [main] DEBUG org.apache.http.impl.conn.PoolingHttpClientConnectionManager - Connection released: [id: 22][route: {s}->https://apipanapayqa.coonecta.com.ec:443][total available: 0; route allocated: 0 of 5; total allocated: 0 of 10]
14:15:22.644 [main] DEBUG org.apache.http.impl.conn.PoolingHttpClientConnectionManager - Connection manager is shutting down
14:15:22.644 [main] DEBUG org.apache.http.impl.conn.PoolingHttpClientConnectionManager - Connection manager shut down
14:15:22.644 [main] DEBUG com.intuit.karate - response time in milliseconds: 5120
1 < 200
1 < Date: Wed, 22 Oct 2025 19:15:14 GMT
1 < Content-Type: application/json; charset=utf-8
1 < Transfer-Encoding: chunked
1 < Connection: keep-alive
1 < Server: Kestrel
1 < Set-Cookie: ARRAffinity=135f536e0d078a815c3b83fda3468ab8a3a2abc604a35eefb28648d3961cfa9b;Path=/;HttpOnly;Secure;Domain=app-apipanapay-qa.azurewebsites.net
1 < Set-Cookie: ARRAffinitySameSite=135f536e0d078a815c3b83fda3468ab8a3a2abc604a35eefb28648d3961cfa9b;Path=/;HttpOnly;SameSite=None;Secure;Domain=app-apipanapay-qa.azurewebsites.net
1 < Vary: Accept-Encoding
1 < Request-Context: appId=cid-v1:a7a77847-2713-450f-9030-b350a2d54a28
1 < X-Powered-By: ASP.NET
1 < X-ARR-ClientCert: -----BEGIN%20CERTIFICATE-----%0AMIIEHDCCAgSgAwIBAgIUZIZBO0fb7VZ4KXrs01S4RYbWyJ8wDQYJKoZIhvcNAQEL%0ABQAwJTEjMCEGA1UEAwwacm9vdGNlcnQuY2JpYmxpYW4uaW50ZXJuYWwwHhcNMjUw%0AODEzMTMyNTU5WhcNMjgwODEyMTMyNTU5WjAnMSUwIwYDVQQDDBxjbGllbnRjZXJ0%0ALmNiaWJsaWFuLmludGVybmFsMIIBIjANBgkqhkiG9w0BAQEFAAOCAQ8AMIIBCgKC%0AAQEAskUDap6NmyYq8RT6F7z3DpZGQiflNQTvUT84TmxsKXEBRAkgINnkJqgKkd7f%0ASEybzqglQTbr4s41lCiPsy3X66qYjU2L%2Bojhni%2BOCVOX7n3JBYovL%2FqfMP3%2FkhZP%0AQIlK%2FQWPcrnl39fYkGOQv%2BYqoCGEPzGkib2m1Ma5Q1HOCKh1ErMjqTLGy%2ByJj6JY%0AiZvMx3YrJSvjUS0uKpNwxPtGyiexRfKsmR%2FHqPzRHa0iY%2B752KSgUedwJPv1Wod%2B%0AY9BMAMIdU25UtkUEsaOYtorGWDaZSn2Bl0LYmP87kjcYypnHx0jtPtUCXfVHrE6u%0AZnDRFYsZbeXylY3mJkyOL2DzZwIDAQABo0IwQDAdBgNVHQ4EFgQURPhJwTAcUWUp%0ArOqQO68P%2FbJoqjMwHwYDVR0jBBgwFoAU7GdlxoSeEXucEXhjadHRC9xzS0UwDQYJ%0AKoZIhvcNAQELBQADggIBAGTnlyF2n%2F6s9phYbO8V17niO0BXB62ToX6gPhcw9f3y%0AhMui6RnrM1oiHlBWqZquCqYJ5ETvYJE1RqvoqtGysxCnIj0OTJHV4WtF3SHsd1Tu%0ATg%2B%2FUnGivtBTDQxj9sbAtCaSYRBqPByP8jvSTDgXR1mgOrEGjr2PZdZSoKLj4OHi%0A9UCMJw7pJsyA4lbroKshQTYv5Ks5SqtJpdp0%2BUX0UUlbPJqXiadfbKdoXvEgcwbP%0ACqR9v7kGYmNxfaGLNGVrV%2BnLawIDmdYXJE%2F4WJh6sHfiZxEsE%2BB4PoKADrb1Eapt%0AnSdHUgRfc0i5f2lcmErnU8nCMO5TWdHFOgpYwTS8w17FhNFZpaSmyZKM7uHcUs7y%0AUbuiQtdXocfSSMf%2FeycBEU%2FHAVIWQEqY%2BbJdC0q%2FR%2BsESeBtXd4IEIxR0QfgscGk%0AJyCSFC8z%2FvCgrRsH5rePqKO7%2FLAsDTP4GIQNFNfF4Wh6bsPXuJmvvoMcnmy%2F58Wo%0AE0XaG8UPHVAeyEmhncdM32E7SJbR91aRr2CkV23OoUz%2BwKG2%2FuObHmAkuMkCbbcz%0AJQoC7DZg5FGw%2BZR7v1DIBct5QNJQ8bG%2FXGRxjWC6dU7jrGhOF1X%2B2YYcdx9XnwyM%0A9YPxUy5bVfMhIiKP2wEso5fjOZ4RTvnB5R6zD3maJK%2FtZAXVhtyqXSkBYFi4MvEs%0A-----END%20CERTIFICATE-----%0A
{"GrpHdr":{"MsgId":"000020251022020375","CreDtTm":"2025-10-22T14:15:11","NbOfTxs":1,"SttlmInf":{"SttlmMtd":"INGA"},"InstgAgt":{"FinInstnId":"0205"},"InstdAgt":{"FinInstnId":"0205"},"Mge":{"Type":"acmt.998.322.001"},"ChnlId":"APP"},"CdtTrfTxInf":{"OrgnGrpInf":{"OrgnlMsgId":"02052025102234215767818","OrgnlMgeType":"acmt.998.321.01","OrgnlCreDtTm":"2025-10-22T14:15:17"},"PmtId":{"EndToEndId":"02052025102227331","TxId":"18542"},"TxSts":"Ok","Rsn":{"RsnCd":"0000","AddtlInf":"Transacción Exitosa"},"Dbtr":{"AuthCode":"020520251022141513626737"},"Cdtr":{"AuthCode":"020520251022141514063107"},"SttlmDt":"2025-10-22"}}

14:15:22.644 [main] ERROR com.intuit.karate - classpath:Transferencia.feature:422
Then match responseStatus in normalizedStatus
no step-definition method match found for: match responseStatus in normalizedStatus
classpath:Transferencia.feature:422
]]></system-out>
  </testcase>
  <testcase name="[23:426] Transferencia exitosa, cuenta receptora desbloqueada en el directorio" classname="Transferencia" time="3.493">
    <failure message="no step-definition method match found for: match responseStatus in normalizedStatus&#10;classpath:Transferencia.feature:434" type="org.opentest4j.AssertionFailedError"><![CDATA[org.opentest4j.AssertionFailedError: 
no step-definition method match found for: match responseStatus in normalizedStatus
classpath:Transferencia.feature:434
	at org.junit.jupiter.api.AssertionUtils.fail(AssertionUtils.java:38)
	at org.junit.jupiter.api.Assertions.fail(Assertions.java:135)
	at com.intuit.karate.junit5.FeatureNode.lambda$next$1(FeatureNode.java:86)
	at org.junit.jupiter.engine.descriptor.DynamicTestTestDescriptor.lambda$execute$0(DynamicTestTestDescriptor.java:53)
	at org.junit.jupiter.engine.execution.InvocationInterceptorChain$ValidatingInvocation.proceed(InvocationInterceptorChain.java:131)
	at org.junit.jupiter.api.extension.InvocationInterceptor.interceptDynamicTest(InvocationInterceptor.java:167)
	at org.junit.jupiter.api.extension.InvocationInterceptor.interceptDynamicTest(InvocationInterceptor.java:184)
	at org.junit.jupiter.engine.descriptor.DynamicTestTestDescriptor.lambda$execute$1(DynamicTestTestDescriptor.java:61)
	at org.junit.jupiter.engine.execution.InvocationInterceptorChain$InterceptorCall.lambda$ofVoid$0(InvocationInterceptorChain.java:78)
	at org.junit.jupiter.engine.execution.InvocationInterceptorChain$InterceptedInvocation.proceed(InvocationInterceptorChain.java:106)
	at org.junit.jupiter.engine.execution.InvocationInterceptorChain.proceed(InvocationInterceptorChain.java:64)
	at org.junit.jupiter.engine.execution.InvocationInterceptorChain.chainAndInvoke(InvocationInterceptorChain.java:45)
	at org.junit.jupiter.engine.execution.InvocationInterceptorChain.invoke(InvocationInterceptorChain.java:37)
	at org.junit.jupiter.engine.descriptor.DynamicTestTestDescriptor.execute(DynamicTestTestDescriptor.java:60)
	at org.junit.jupiter.engine.descriptor.DynamicTestTestDescriptor.execute(DynamicTestTestDescriptor.java:32)
	at org.junit.platform.engine.support.hierarchical.NodeTestTask.lambda$executeRecursively$6(NodeTestTask.java:151)
	at org.junit.platform.engine.support.hierarchical.ThrowableCollector.execute(ThrowableCollector.java:73)
	at org.junit.platform.engine.support.hierarchical.NodeTestTask.lambda$executeRecursively$8(NodeTestTask.java:141)
	at org.junit.platform.engine.support.hierarchical.Node.around(Node.java:137)
	at org.junit.platform.engine.support.hierarchical.NodeTestTask.lambda$executeRecursively$9(NodeTestTask.java:139)
	at org.junit.platform.engine.support.hierarchical.ThrowableCollector.execute(ThrowableCollector.java:73)
	at org.junit.platform.engine.support.hierarchical.NodeTestTask.executeRecursively(NodeTestTask.java:138)
	at org.junit.platform.engine.support.hierarchical.NodeTestTask.execute(NodeTestTask.java:95)
	at org.junit.platform.engine.support.hierarchical.SameThreadHierarchicalTestExecutorService.submit(SameThreadHierarchicalTestExecutorService.java:35)
	at org.junit.platform.engine.support.hierarchical.NodeTestTask$DefaultDynamicTestExecutor.execute(NodeTestTask.java:226)
	at org.junit.platform.engine.support.hierarchical.NodeTestTask$DefaultDynamicTestExecutor.execute(NodeTestTask.java:204)
	at java.base/java.util.stream.ForEachOps$ForEachOp$OfRef.accept(ForEachOps.java:183)
	at java.base/java.util.stream.ReferencePipeline$3$1.accept(ReferencePipeline.java:197)
	at java.base/java.util.stream.ReferencePipeline$2$1.accept(ReferencePipeline.java:179)
	at java.base/java.util.stream.ReferencePipeline$3$1.accept(ReferencePipeline.java:197)
	at java.base/java.util.Iterator.forEachRemaining(Iterator.java:133)
	at java.base/java.util.Spliterators$IteratorSpliterator.forEachRemaining(Spliterators.java:1845)
	at java.base/java.util.stream.AbstractPipeline.copyInto(AbstractPipeline.java:509)
	at java.base/java.util.stream.AbstractPipeline.wrapAndCopyInto(AbstractPipeline.java:499)
	at java.base/java.util.stream.ForEachOps$ForEachOp.evaluateSequential(ForEachOps.java:150)
	at java.base/java.util.stream.ForEachOps$ForEachOp$OfRef.evaluateSequential(ForEachOps.java:173)
	at java.base/java.util.stream.AbstractPipeline.evaluate(AbstractPipeline.java:234)
	at java.base/java.util.stream.ReferencePipeline.forEachOrdered(ReferencePipeline.java:601)
	at org.junit.jupiter.engine.descriptor.DynamicContainerTestDescriptor.execute(DynamicContainerTestDescriptor.java:67)
	at org.junit.jupiter.engine.descriptor.DynamicContainerTestDescriptor.execute(DynamicContainerTestDescriptor.java:33)
	at org.junit.platform.engine.support.hierarchical.NodeTestTask.lambda$executeRecursively$6(NodeTestTask.java:151)
	at org.junit.platform.engine.support.hierarchical.ThrowableCollector.execute(ThrowableCollector.java:73)
	at org.junit.platform.engine.support.hierarchical.NodeTestTask.lambda$executeRecursively$8(NodeTestTask.java:141)
	at org.junit.platform.engine.support.hierarchical.Node.around(Node.java:137)
	at org.junit.platform.engine.support.hierarchical.NodeTestTask.lambda$executeRecursively$9(NodeTestTask.java:139)
	at org.junit.platform.engine.support.hierarchical.ThrowableCollector.execute(ThrowableCollector.java:73)
	at org.junit.platform.engine.support.hierarchical.NodeTestTask.executeRecursively(NodeTestTask.java:138)
	at org.junit.platform.engine.support.hierarchical.NodeTestTask.execute(NodeTestTask.java:95)
	at org.junit.platform.engine.support.hierarchical.SameThreadHierarchicalTestExecutorService.submit(SameThreadHierarchicalTestExecutorService.java:35)
	at org.junit.platform.engine.support.hierarchical.NodeTestTask$DefaultDynamicTestExecutor.execute(NodeTestTask.java:226)
	at org.junit.platform.engine.support.hierarchical.NodeTestTask$DefaultDynamicTestExecutor.execute(NodeTestTask.java:204)
	at java.base/java.util.Optional.ifPresent(Optional.java:178)
	at org.junit.jupiter.engine.descriptor.TestFactoryTestDescriptor.lambda$invokeTestMethod$1(TestFactoryTestDescriptor.java:108)
	at org.junit.platform.engine.support.hierarchical.ThrowableCollector.execute(ThrowableCollector.java:73)
	at org.junit.jupiter.engine.descriptor.TestFactoryTestDescriptor.invokeTestMethod(TestFactoryTestDescriptor.java:95)
	at org.junit.jupiter.engine.descriptor.TestMethodTestDescriptor.execute(TestMethodTestDescriptor.java:138)
	at org.junit.jupiter.engine.descriptor.TestMethodTestDescriptor.execute(TestMethodTestDescriptor.java:68)
	at org.junit.platform.engine.support.hierarchical.NodeTestTask.lambda$executeRecursively$6(NodeTestTask.java:151)
	at org.junit.platform.engine.support.hierarchical.ThrowableCollector.execute(ThrowableCollector.java:73)
	at org.junit.platform.engine.support.hierarchical.NodeTestTask.lambda$executeRecursively$8(NodeTestTask.java:141)
	at org.junit.platform.engine.support.hierarchical.Node.around(Node.java:137)
	at org.junit.platform.engine.support.hierarchical.NodeTestTask.lambda$executeRecursively$9(NodeTestTask.java:139)
	at org.junit.platform.engine.support.hierarchical.ThrowableCollector.execute(ThrowableCollector.java:73)
	at org.junit.platform.engine.support.hierarchical.NodeTestTask.executeRecursively(NodeTestTask.java:138)
	at org.junit.platform.engine.support.hierarchical.NodeTestTask.execute(NodeTestTask.java:95)
	at java.base/java.util.ArrayList.forEach(ArrayList.java:1511)
	at org.junit.platform.engine.support.hierarchical.SameThreadHierarchicalTestExecutorService.invokeAll(SameThreadHierarchicalTestExecutorService.java:41)
	at org.junit.platform.engine.support.hierarchical.NodeTestTask.lambda$executeRecursively$6(NodeTestTask.java:155)
	at org.junit.platform.engine.support.hierarchical.ThrowableCollector.execute(ThrowableCollector.java:73)
	at org.junit.platform.engine.support.hierarchical.NodeTestTask.lambda$executeRecursively$8(NodeTestTask.java:141)
	at org.junit.platform.engine.support.hierarchical.Node.around(Node.java:137)
	at org.junit.platform.engine.support.hierarchical.NodeTestTask.lambda$executeRecursively$9(NodeTestTask.java:139)
	at org.junit.platform.engine.support.hierarchical.ThrowableCollector.execute(ThrowableCollector.java:73)
	at org.junit.platform.engine.support.hierarchical.NodeTestTask.executeRecursively(NodeTestTask.java:138)
	at org.junit.platform.engine.support.hierarchical.NodeTestTask.execute(NodeTestTask.java:95)
	at java.base/java.util.ArrayList.forEach(ArrayList.java:1511)
	at org.junit.platform.engine.support.hierarchical.SameThreadHierarchicalTestExecutorService.invokeAll(SameThreadHierarchicalTestExecutorService.java:41)
	at org.junit.platform.engine.support.hierarchical.NodeTestTask.lambda$executeRecursively$6(NodeTestTask.java:155)
	at org.junit.platform.engine.support.hierarchical.ThrowableCollector.execute(ThrowableCollector.java:73)
	at org.junit.platform.engine.support.hierarchical.NodeTestTask.lambda$executeRecursively$8(NodeTestTask.java:141)
	at org.junit.platform.engine.support.hierarchical.Node.around(Node.java:137)
	at org.junit.platform.engine.support.hierarchical.NodeTestTask.lambda$executeRecursively$9(NodeTestTask.java:139)
	at org.junit.platform.engine.support.hierarchical.ThrowableCollector.execute(ThrowableCollector.java:73)
	at org.junit.platform.engine.support.hierarchical.NodeTestTask.executeRecursively(NodeTestTask.java:138)
	at org.junit.platform.engine.support.hierarchical.NodeTestTask.execute(NodeTestTask.java:95)
	at org.junit.platform.engine.support.hierarchical.SameThreadHierarchicalTestExecutorService.submit(SameThreadHierarchicalTestExecutorService.java:35)
	at org.junit.platform.engine.support.hierarchical.HierarchicalTestExecutor.execute(HierarchicalTestExecutor.java:57)
	at org.junit.platform.engine.support.hierarchical.HierarchicalTestEngine.execute(HierarchicalTestEngine.java:54)
	at org.junit.platform.launcher.core.EngineExecutionOrchestrator.execute(EngineExecutionOrchestrator.java:147)
	at org.junit.platform.launcher.core.EngineExecutionOrchestrator.execute(EngineExecutionOrchestrator.java:127)
	at org.junit.platform.launcher.core.EngineExecutionOrchestrator.execute(EngineExecutionOrchestrator.java:90)
	at org.junit.platform.launcher.core.EngineExecutionOrchestrator.lambda$execute$0(EngineExecutionOrchestrator.java:55)
	at org.junit.platform.launcher.core.EngineExecutionOrchestrator.withInterceptedStreams(EngineExecutionOrchestrator.java:102)
	at org.junit.platform.launcher.core.EngineExecutionOrchestrator.execute(EngineExecutionOrchestrator.java:54)
	at org.junit.platform.launcher.core.DefaultLauncher.execute(DefaultLauncher.java:114)
	at org.junit.platform.launcher.core.DefaultLauncher.execute(DefaultLauncher.java:86)
	at org.junit.platform.launcher.core.DefaultLauncherSession$DelegatingLauncher.execute(DefaultLauncherSession.java:86)
	at org.apache.maven.surefire.junitplatform.LazyLauncher.execute(LazyLauncher.java:56)
	at org.apache.maven.surefire.junitplatform.JUnitPlatformProvider.execute(JUnitPlatformProvider.java:184)
	at org.apache.maven.surefire.junitplatform.JUnitPlatformProvider.invokeAllTests(JUnitPlatformProvider.java:148)
	at org.apache.maven.surefire.junitplatform.JUnitPlatformProvider.invoke(JUnitPlatformProvider.java:122)
	at org.apache.maven.surefire.booter.ForkedBooter.runSuitesInProcess(ForkedBooter.java:385)
	at org.apache.maven.surefire.booter.ForkedBooter.execute(ForkedBooter.java:162)
	at org.apache.maven.surefire.booter.ForkedBooter.run(ForkedBooter.java:507)
	at org.apache.maven.surefire.booter.ForkedBooter.main(ForkedBooter.java:495)
]]></failure>
    <system-out><![CDATA[14:15:22.665 [main] DEBUG com.intuit.karate - key store key count for classpath:certificado/clientcert.cbiblian.internal 1.pfx: 1
14:15:22.676 [main] DEBUG com.jayway.jsonpath.internal.path.CompiledPath - Evaluating path: $
14:15:22.676 [main] DEBUG com.jayway.jsonpath.internal.path.CompiledPath - Evaluating path: $['Authorization']
14:15:22.676 [main] DEBUG com.jayway.jsonpath.internal.path.CompiledPath - Evaluating path: $
14:15:22.676 [main] DEBUG com.jayway.jsonpath.internal.path.CompiledPath - Evaluating path: $
14:15:22.676 [main] DEBUG com.jayway.jsonpath.internal.JsonContext - Put path $ key Authorization value {}
14:15:22.676 [main] DEBUG com.jayway.jsonpath.internal.path.CompiledPath - Evaluating path: $
14:15:22.676 [main] DEBUG com.jayway.jsonpath.internal.JsonContext - Put path $ key Authorization value Bearer eyJhbGciOiJSUzI1NiIsInR5cCIgOiAiSldUIiwia2lkIiA6ICI2dUJWTkN6VlViUFBlTFdReEM0WDAyYVM3UnM2UGRYV1dja1dfc0xZMHlFIn0.eyJleHAiOjE3NjExNjA3NTAsImlhdCI6MTc2MTE2MDQ1MCwianRpIjoidHJydGNjOjQ5Yjg0NDVjLTgzYTAtMjI4Ni02NDczLWE2ZGEzOTBhOWQ0YSIsImlzcyI6Imh0dHBzOi8vYXV0ZW50aWNhY2lvbnFhLmNvb25lY3RhLmNvbS5lYy9hdXRoL3JlYWxtcy9QQU5BUEFZIiwiYXVkIjoiYWNjb3VudCIsInN1YiI6Ijk5OGMyZmUwLTJjOGYtNGQwNC1iZjExLWY1OWExZTM5ODg3MyIsInR5cCI6IkJlYXJlciIsImF6cCI6IjAyMDVjYiIsImFjciI6IjEiLCJhbGxvd2VkLW9yaWdpbnMiOlsiLyoiXSwicmVhbG1fYWNjZXNzIjp7InJvbGVzIjpbImRlZmF1bHQtcm9sZXMtYWRtaW5wYW5hcGF5Iiwib2ZmbGluZV9hY2Nlc3MiLCJ1bWFfYXV0aG9yaXphdGlvbiJdfSwicmVzb3VyY2VfYWNjZXNzIjp7IjAyMDVjYiI6eyJyb2xlcyI6WyJ1bWFfcHJvdGVjdGlvbiJdfSwiYWNjb3VudCI6eyJyb2xlcyI6WyJtYW5hZ2UtYWNjb3VudCIsIm1hbmFnZS1hY2NvdW50LWxpbmtzIiwidmlldy1wcm9maWxlIl19fSwic2NvcGUiOiJwcm9maWxlIGVtYWlsIiwiZW1haWxfdmVyaWZpZWQiOmZhbHNlLCJjbGllbnRIb3N0IjoiMTAuMTAuMTAuMTUxIiwicHJlZmVycmVkX3VzZXJuYW1lIjoic2VydmljZS1hY2NvdW50LTAyMDVjYiIsImNsaWVudEFkZHJlc3MiOiIxMC4xMC4xMC4xNTEiLCJjbGllbnRfaWQiOiIwMjA1Y2IifQ.bATUogohrEqy7Voa4mFnsBzOnGy6tnjZGh_lOYRn-0hWXMY_fz-280nTu2Vv68eO3HeoewtWlt45S_iLI2-ml3pqpAlt3DXWVmLvVHw6d7TICHBfQsa0jGXMexKnyar7EinrVhF3deSK25Ap_ajC_82EvVvXrVG-7p9F1dEdq39y2R72JympejF5uhY_z_jNmqJSsnLEZVOo3WMJn76u9tTcYVIldC5uWGFWbPGEhvWPx4ZGpsuq_wrPOGdRmyJDFJPJl7LnLGHK0DBhuVtJUq_NFQkMus2fTTf_mWhRnoqNU-wUCS-fxMs6QusGzIVd-C3O29J3rerHTrGg21LAsQ
14:15:22.678 [main] DEBUG com.jayway.jsonpath.internal.path.CompiledPath - Evaluating path: $
14:15:22.680 [main] INFO com.intuit.karate - Asegurar que la cuenta receptora esta DESBLOQUEADA antes de la prueba. 
14:15:22.684 [main] DEBUG com.jayway.jsonpath.internal.path.CompiledPath - Evaluating path: $
14:15:22.687 [main] DEBUG org.apache.http.client.protocol.RequestAddCookies - CookieSpec selected: karate
14:15:22.687 [main] DEBUG org.apache.http.client.protocol.RequestAuthCache - Auth cache not set in the context
14:15:22.687 [main] DEBUG com.intuit.karate - request:
1 > POST https://apipanapayqa.coonecta.com.ec/api/switchcentral/finan/transferencia
1 > Content-Type: application/json; charset=UTF-8
1 > Authorization: Bearer eyJhbGciOiJSUzI1NiIsInR5cCIgOiAiSldUIiwia2lkIiA6ICI2dUJWTkN6VlViUFBlTFdReEM0WDAyYVM3UnM2UGRYV1dja1dfc0xZMHlFIn0.eyJleHAiOjE3NjExNjA3NTAsImlhdCI6MTc2MTE2MDQ1MCwianRpIjoidHJydGNjOjQ5Yjg0NDVjLTgzYTAtMjI4Ni02NDczLWE2ZGEzOTBhOWQ0YSIsImlzcyI6Imh0dHBzOi8vYXV0ZW50aWNhY2lvbnFhLmNvb25lY3RhLmNvbS5lYy9hdXRoL3JlYWxtcy9QQU5BUEFZIiwiYXVkIjoiYWNjb3VudCIsInN1YiI6Ijk5OGMyZmUwLTJjOGYtNGQwNC1iZjExLWY1OWExZTM5ODg3MyIsInR5cCI6IkJlYXJlciIsImF6cCI6IjAyMDVjYiIsImFjciI6IjEiLCJhbGxvd2VkLW9yaWdpbnMiOlsiLyoiXSwicmVhbG1fYWNjZXNzIjp7InJvbGVzIjpbImRlZmF1bHQtcm9sZXMtYWRtaW5wYW5hcGF5Iiwib2ZmbGluZV9hY2Nlc3MiLCJ1bWFfYXV0aG9yaXphdGlvbiJdfSwicmVzb3VyY2VfYWNjZXNzIjp7IjAyMDVjYiI6eyJyb2xlcyI6WyJ1bWFfcHJvdGVjdGlvbiJdfSwiYWNjb3VudCI6eyJyb2xlcyI6WyJtYW5hZ2UtYWNjb3VudCIsIm1hbmFnZS1hY2NvdW50LWxpbmtzIiwidmlldy1wcm9maWxlIl19fSwic2NvcGUiOiJwcm9maWxlIGVtYWlsIiwiZW1haWxfdmVyaWZpZWQiOmZhbHNlLCJjbGllbnRIb3N0IjoiMTAuMTAuMTAuMTUxIiwicHJlZmVycmVkX3VzZXJuYW1lIjoic2VydmljZS1hY2NvdW50LTAyMDVjYiIsImNsaWVudEFkZHJlc3MiOiIxMC4xMC4xMC4xNTEiLCJjbGllbnRfaWQiOiIwMjA1Y2IifQ.bATUogohrEqy7Voa4mFnsBzOnGy6tnjZGh_lOYRn-0hWXMY_fz-280nTu2Vv68eO3HeoewtWlt45S_iLI2-ml3pqpAlt3DXWVmLvVHw6d7TICHBfQsa0jGXMexKnyar7EinrVhF3deSK25Ap_ajC_82EvVvXrVG-7p9F1dEdq39y2R72JympejF5uhY_z_jNmqJSsnLEZVOo3WMJn76u9tTcYVIldC5uWGFWbPGEhvWPx4ZGpsuq_wrPOGdRmyJDFJPJl7LnLGHK0DBhuVtJUq_NFQkMus2fTTf_mWhRnoqNU-wUCS-fxMs6QusGzIVd-C3O29J3rerHTrGg21LAsQ
1 > Content-Length: 517
1 > Host: apipanapayqa.coonecta.com.ec
1 > Connection: Keep-Alive
1 > User-Agent: Apache-HttpClient/4.5.14 (Java/17.0.12)
1 > Accept-Encoding: gzip,deflate
{"GrpHdr":{"msgId":"02052025102235748785005","creDtTm":"2025-10-22T14:15:22","nbOfTxs":1,"sttlmInf":{"sttlmMtd":"INGA"},"instgAgt":{"finInstnId":"0205"},"InstdAgt":{"FinInstnId":"0205"},"Mge":{"Type":"acmt.998.321.01"},"ChnlId":"APP"},"CdtTrfTxInf":{"PmtId":{"EndToEndId":"02052025102272793"},"IntrBkSttlmAmt":{"Amt":1.0,"Ccy":"USD"},"DbtrAcctId":{"IBAN":"EC5002051000000000020501052673"},"CdtrAcctId":{"IBAN":"EC0402051000000000020101002318"},"Prtry":{"CustRef":"UNLOCK-REC","ChanRef":"TERM001","AgtRef":"AGT0002"}}}

14:15:22.687 [main] DEBUG org.apache.http.impl.conn.PoolingHttpClientConnectionManager - Connection request: [route: {s}->https://apipanapayqa.coonecta.com.ec:443][total available: 0; route allocated: 0 of 5; total allocated: 0 of 10]
14:15:22.687 [main] DEBUG org.apache.http.impl.conn.PoolingHttpClientConnectionManager - Connection leased: [id: 23][route: {s}->https://apipanapayqa.coonecta.com.ec:443][total available: 0; route allocated: 1 of 5; total allocated: 1 of 10]
14:15:22.687 [main] DEBUG org.apache.http.impl.execchain.MainClientExec - Opening connection {s}->https://apipanapayqa.coonecta.com.ec:443
14:15:22.699 [main] DEBUG org.apache.http.impl.conn.DefaultHttpClientConnectionOperator - Connecting to apipanapayqa.coonecta.com.ec/10.1.0.133:443
14:15:22.699 [main] DEBUG org.apache.http.conn.ssl.SSLConnectionSocketFactory - Connecting socket to apipanapayqa.coonecta.com.ec/10.1.0.133:443 with timeout 30000
14:15:22.790 [main] DEBUG org.apache.http.conn.ssl.SSLConnectionSocketFactory - Enabled protocols: [TLSv1.3, TLSv1.2]
14:15:22.790 [main] DEBUG org.apache.http.conn.ssl.SSLConnectionSocketFactory - Enabled cipher suites:[TLS_AES_256_GCM_SHA384, TLS_AES_128_GCM_SHA256, TLS_CHACHA20_POLY1305_SHA256, TLS_ECDHE_ECDSA_WITH_AES_256_GCM_SHA384, TLS_ECDHE_ECDSA_WITH_AES_128_GCM_SHA256, TLS_ECDHE_ECDSA_WITH_CHACHA20_POLY1305_SHA256, TLS_ECDHE_RSA_WITH_AES_256_GCM_SHA384, TLS_ECDHE_RSA_WITH_CHACHA20_POLY1305_SHA256, TLS_ECDHE_RSA_WITH_AES_128_GCM_SHA256, TLS_DHE_RSA_WITH_AES_256_GCM_SHA384, TLS_DHE_RSA_WITH_CHACHA20_POLY1305_SHA256, TLS_DHE_DSS_WITH_AES_256_GCM_SHA384, TLS_DHE_RSA_WITH_AES_128_GCM_SHA256, TLS_DHE_DSS_WITH_AES_128_GCM_SHA256, TLS_ECDHE_ECDSA_WITH_AES_256_CBC_SHA384, TLS_ECDHE_RSA_WITH_AES_256_CBC_SHA384, TLS_ECDHE_ECDSA_WITH_AES_128_CBC_SHA256, TLS_ECDHE_RSA_WITH_AES_128_CBC_SHA256, TLS_DHE_RSA_WITH_AES_256_CBC_SHA256, TLS_DHE_DSS_WITH_AES_256_CBC_SHA256, TLS_DHE_RSA_WITH_AES_128_CBC_SHA256, TLS_DHE_DSS_WITH_AES_128_CBC_SHA256, TLS_ECDH_ECDSA_WITH_AES_256_GCM_SHA384, TLS_ECDH_RSA_WITH_AES_256_GCM_SHA384, TLS_ECDH_ECDSA_WITH_AES_128_GCM_SHA256, TLS_ECDH_RSA_WITH_AES_128_GCM_SHA256, TLS_ECDH_ECDSA_WITH_AES_256_CBC_SHA384, TLS_ECDH_RSA_WITH_AES_256_CBC_SHA384, TLS_ECDH_ECDSA_WITH_AES_128_CBC_SHA256, TLS_ECDH_RSA_WITH_AES_128_CBC_SHA256, TLS_ECDHE_ECDSA_WITH_AES_256_CBC_SHA, TLS_ECDHE_RSA_WITH_AES_256_CBC_SHA, TLS_ECDHE_ECDSA_WITH_AES_128_CBC_SHA, TLS_ECDHE_RSA_WITH_AES_128_CBC_SHA, TLS_DHE_RSA_WITH_AES_256_CBC_SHA, TLS_DHE_DSS_WITH_AES_256_CBC_SHA, TLS_DHE_RSA_WITH_AES_128_CBC_SHA, TLS_DHE_DSS_WITH_AES_128_CBC_SHA, TLS_ECDH_ECDSA_WITH_AES_256_CBC_SHA, TLS_ECDH_RSA_WITH_AES_256_CBC_SHA, TLS_ECDH_ECDSA_WITH_AES_128_CBC_SHA, TLS_ECDH_RSA_WITH_AES_128_CBC_SHA, TLS_RSA_WITH_AES_256_GCM_SHA384, TLS_RSA_WITH_AES_128_GCM_SHA256, TLS_RSA_WITH_AES_256_CBC_SHA256, TLS_RSA_WITH_AES_128_CBC_SHA256, TLS_RSA_WITH_AES_256_CBC_SHA, TLS_RSA_WITH_AES_128_CBC_SHA, TLS_EMPTY_RENEGOTIATION_INFO_SCSV]
14:15:22.798 [main] DEBUG org.apache.http.conn.ssl.SSLConnectionSocketFactory - Starting handshake
14:15:22.991 [main] DEBUG org.apache.http.conn.ssl.SSLConnectionSocketFactory - Secure session established
14:15:22.991 [main] DEBUG org.apache.http.conn.ssl.SSLConnectionSocketFactory -  negotiated protocol: TLSv1.3
14:15:22.991 [main] DEBUG org.apache.http.conn.ssl.SSLConnectionSocketFactory -  negotiated cipher suite: TLS_AES_256_GCM_SHA384
14:15:22.991 [main] DEBUG org.apache.http.conn.ssl.SSLConnectionSocketFactory -  peer principal: CN=apipanapayqa.coonecta.com.ec, O=Red Transaccional Cooperativa S.A. RTC, L=Quito, ST=Pichincha, C=EC
14:15:22.991 [main] DEBUG org.apache.http.conn.ssl.SSLConnectionSocketFactory -  peer alternative names: [apipanapayqa.coonecta.com.ec]
14:15:22.991 [main] DEBUG org.apache.http.conn.ssl.SSLConnectionSocketFactory -  issuer principal: CN=DigiCert Global G2 TLS RSA SHA256 2020 CA1, O=DigiCert Inc, C=US
14:15:22.991 [main] DEBUG org.apache.http.impl.conn.DefaultHttpClientConnectionOperator - Connection established 10.10.10.151:49819<->10.1.0.133:443
14:15:22.991 [main] DEBUG org.apache.http.impl.conn.DefaultManagedHttpClientConnection - http-outgoing-23: set socket timeout to 30000
14:15:22.991 [main] DEBUG org.apache.http.impl.execchain.MainClientExec - Executing request POST /api/switchcentral/finan/transferencia HTTP/1.1
14:15:22.991 [main] DEBUG org.apache.http.impl.execchain.MainClientExec - Proxy auth state: UNCHALLENGED
14:15:22.997 [main] DEBUG org.apache.http.headers - http-outgoing-23 >> POST /api/switchcentral/finan/transferencia HTTP/1.1
14:15:22.997 [main] DEBUG org.apache.http.headers - http-outgoing-23 >> Content-Type: application/json; charset=UTF-8
14:15:22.997 [main] DEBUG org.apache.http.headers - http-outgoing-23 >> Authorization: Bearer eyJhbGciOiJSUzI1NiIsInR5cCIgOiAiSldUIiwia2lkIiA6ICI2dUJWTkN6VlViUFBlTFdReEM0WDAyYVM3UnM2UGRYV1dja1dfc0xZMHlFIn0.eyJleHAiOjE3NjExNjA3NTAsImlhdCI6MTc2MTE2MDQ1MCwianRpIjoidHJydGNjOjQ5Yjg0NDVjLTgzYTAtMjI4Ni02NDczLWE2ZGEzOTBhOWQ0YSIsImlzcyI6Imh0dHBzOi8vYXV0ZW50aWNhY2lvbnFhLmNvb25lY3RhLmNvbS5lYy9hdXRoL3JlYWxtcy9QQU5BUEFZIiwiYXVkIjoiYWNjb3VudCIsInN1YiI6Ijk5OGMyZmUwLTJjOGYtNGQwNC1iZjExLWY1OWExZTM5ODg3MyIsInR5cCI6IkJlYXJlciIsImF6cCI6IjAyMDVjYiIsImFjciI6IjEiLCJhbGxvd2VkLW9yaWdpbnMiOlsiLyoiXSwicmVhbG1fYWNjZXNzIjp7InJvbGVzIjpbImRlZmF1bHQtcm9sZXMtYWRtaW5wYW5hcGF5Iiwib2ZmbGluZV9hY2Nlc3MiLCJ1bWFfYXV0aG9yaXphdGlvbiJdfSwicmVzb3VyY2VfYWNjZXNzIjp7IjAyMDVjYiI6eyJyb2xlcyI6WyJ1bWFfcHJvdGVjdGlvbiJdfSwiYWNjb3VudCI6eyJyb2xlcyI6WyJtYW5hZ2UtYWNjb3VudCIsIm1hbmFnZS1hY2NvdW50LWxpbmtzIiwidmlldy1wcm9maWxlIl19fSwic2NvcGUiOiJwcm9maWxlIGVtYWlsIiwiZW1haWxfdmVyaWZpZWQiOmZhbHNlLCJjbGllbnRIb3N0IjoiMTAuMTAuMTAuMTUxIiwicHJlZmVycmVkX3VzZXJuYW1lIjoic2VydmljZS1hY2NvdW50LTAyMDVjYiIsImNsaWVudEFkZHJlc3MiOiIxMC4xMC4xMC4xNTEiLCJjbGllbnRfaWQiOiIwMjA1Y2IifQ.bATUogohrEqy7Voa4mFnsBzOnGy6tnjZGh_lOYRn-0hWXMY_fz-280nTu2Vv68eO3HeoewtWlt45S_iLI2-ml3pqpAlt3DXWVmLvVHw6d7TICHBfQsa0jGXMexKnyar7EinrVhF3deSK25Ap_ajC_82EvVvXrVG-7p9F1dEdq39y2R72JympejF5uhY_z_jNmqJSsnLEZVOo3WMJn76u9tTcYVIldC5uWGFWbPGEhvWPx4ZGpsuq_wrPOGdRmyJDFJPJl7LnLGHK0DBhuVtJUq_NFQkMus2fTTf_mWhRnoqNU-wUCS-fxMs6QusGzIVd-C3O29J3rerHTrGg21LAsQ
14:15:22.997 [main] DEBUG org.apache.http.headers - http-outgoing-23 >> Content-Length: 517
14:15:22.997 [main] DEBUG org.apache.http.headers - http-outgoing-23 >> Host: apipanapayqa.coonecta.com.ec
14:15:22.997 [main] DEBUG org.apache.http.headers - http-outgoing-23 >> Connection: Keep-Alive
14:15:22.997 [main] DEBUG org.apache.http.headers - http-outgoing-23 >> User-Agent: Apache-HttpClient/4.5.14 (Java/17.0.12)
14:15:22.997 [main] DEBUG org.apache.http.headers - http-outgoing-23 >> Accept-Encoding: gzip,deflate
14:15:22.997 [main] DEBUG org.apache.http.wire - http-outgoing-23 >> "POST /api/switchcentral/finan/transferencia HTTP/1.1[\r][\n]"
14:15:22.997 [main] DEBUG org.apache.http.wire - http-outgoing-23 >> "Content-Type: application/json; charset=UTF-8[\r][\n]"
14:15:22.997 [main] DEBUG org.apache.http.wire - http-outgoing-23 >> "Authorization: Bearer eyJhbGciOiJSUzI1NiIsInR5cCIgOiAiSldUIiwia2lkIiA6ICI2dUJWTkN6VlViUFBlTFdReEM0WDAyYVM3UnM2UGRYV1dja1dfc0xZMHlFIn0.eyJleHAiOjE3NjExNjA3NTAsImlhdCI6MTc2MTE2MDQ1MCwianRpIjoidHJydGNjOjQ5Yjg0NDVjLTgzYTAtMjI4Ni02NDczLWE2ZGEzOTBhOWQ0YSIsImlzcyI6Imh0dHBzOi8vYXV0ZW50aWNhY2lvbnFhLmNvb25lY3RhLmNvbS5lYy9hdXRoL3JlYWxtcy9QQU5BUEFZIiwiYXVkIjoiYWNjb3VudCIsInN1YiI6Ijk5OGMyZmUwLTJjOGYtNGQwNC1iZjExLWY1OWExZTM5ODg3MyIsInR5cCI6IkJlYXJlciIsImF6cCI6IjAyMDVjYiIsImFjciI6IjEiLCJhbGxvd2VkLW9yaWdpbnMiOlsiLyoiXSwicmVhbG1fYWNjZXNzIjp7InJvbGVzIjpbImRlZmF1bHQtcm9sZXMtYWRtaW5wYW5hcGF5Iiwib2ZmbGluZV9hY2Nlc3MiLCJ1bWFfYXV0aG9yaXphdGlvbiJdfSwicmVzb3VyY2VfYWNjZXNzIjp7IjAyMDVjYiI6eyJyb2xlcyI6WyJ1bWFfcHJvdGVjdGlvbiJdfSwiYWNjb3VudCI6eyJyb2xlcyI6WyJtYW5hZ2UtYWNjb3VudCIsIm1hbmFnZS1hY2NvdW50LWxpbmtzIiwidmlldy1wcm9maWxlIl19fSwic2NvcGUiOiJwcm9maWxlIGVtYWlsIiwiZW1haWxfdmVyaWZpZWQiOmZhbHNlLCJjbGllbnRIb3N0IjoiMTAuMTAuMTAuMTUxIiwicHJlZmVycmVkX3VzZXJuYW1lIjoic2VydmljZS1hY2NvdW50LTAyMDVjYiIsImNsaWVudEFkZHJlc3MiOiIxMC4xMC4xMC4xNTEiLCJjbGllbnRfaWQiOiIwMjA1Y2IifQ.bATUogohrEqy7Voa4mFnsBzOnGy6tnjZGh_lOYRn-0hWXMY_fz-280nTu2Vv68eO3HeoewtWlt45S_iLI2-ml3pqpAlt3DXWVmLvVHw6d7TICHBfQsa0jGXMexKnyar7EinrVhF3deSK25Ap_ajC_82EvVvXrVG-7p9F1dEdq39y2R72JympejF5uhY_z_jNmqJSsnLEZVOo3WMJn76u9tTcYVIldC5uWGFWbPGEhvWPx4ZGpsuq_wrPOGdRmyJDFJPJl7LnLGHK0DBhuVtJUq_NFQkMus2fTTf_mWhRnoqNU-wUCS-fxMs6QusGzIVd-C3O29J3rerHTrGg21LAsQ[\r][\n]"
14:15:22.997 [main] DEBUG org.apache.http.wire - http-outgoing-23 >> "Content-Length: 517[\r][\n]"
14:15:22.997 [main] DEBUG org.apache.http.wire - http-outgoing-23 >> "Host: apipanapayqa.coonecta.com.ec[\r][\n]"
14:15:22.997 [main] DEBUG org.apache.http.wire - http-outgoing-23 >> "Connection: Keep-Alive[\r][\n]"
14:15:22.997 [main] DEBUG org.apache.http.wire - http-outgoing-23 >> "User-Agent: Apache-HttpClient/4.5.14 (Java/17.0.12)[\r][\n]"
14:15:22.997 [main] DEBUG org.apache.http.wire - http-outgoing-23 >> "Accept-Encoding: gzip,deflate[\r][\n]"
14:15:22.997 [main] DEBUG org.apache.http.wire - http-outgoing-23 >> "[\r][\n]"
14:15:22.997 [main] DEBUG org.apache.http.wire - http-outgoing-23 >> "{"GrpHdr":{"msgId":"02052025102235748785005","creDtTm":"2025-10-22T14:15:22","nbOfTxs":1,"sttlmInf":{"sttlmMtd":"INGA"},"instgAgt":{"finInstnId":"0205"},"InstdAgt":{"FinInstnId":"0205"},"Mge":{"Type":"acmt.998.321.01"},"ChnlId":"APP"},"CdtTrfTxInf":{"PmtId":{"EndToEndId":"02052025102272793"},"IntrBkSttlmAmt":{"Amt":1.0,"Ccy":"USD"},"DbtrAcctId":{"IBAN":"EC5002051000000000020501052673"},"CdtrAcctId":{"IBAN":"EC0402051000000000020101002318"},"Prtry":{"CustRef":"UNLOCK-REC","ChanRef":"TERM001","AgtRef":"AGT0002"}}}"
14:15:26.055 [main] DEBUG org.apache.http.wire - http-outgoing-23 << "HTTP/1.1 200 OK[\r][\n]"
14:15:26.055 [main] DEBUG org.apache.http.wire - http-outgoing-23 << "Date: Wed, 22 Oct 2025 19:15:17 GMT[\r][\n]"
14:15:26.055 [main] DEBUG org.apache.http.wire - http-outgoing-23 << "Content-Type: application/json; charset=utf-8[\r][\n]"
14:15:26.055 [main] DEBUG org.apache.http.wire - http-outgoing-23 << "Transfer-Encoding: chunked[\r][\n]"
14:15:26.055 [main] DEBUG org.apache.http.wire - http-outgoing-23 << "Connection: keep-alive[\r][\n]"
14:15:26.055 [main] DEBUG org.apache.http.wire - http-outgoing-23 << "Server: Kestrel[\r][\n]"
14:15:26.055 [main] DEBUG org.apache.http.wire - http-outgoing-23 << "Content-Encoding: gzip[\r][\n]"
14:15:26.055 [main] DEBUG org.apache.http.wire - http-outgoing-23 << "Set-Cookie: ARRAffinity=135f536e0d078a815c3b83fda3468ab8a3a2abc604a35eefb28648d3961cfa9b;Path=/;HttpOnly;Secure;Domain=app-apipanapay-qa.azurewebsites.net[\r][\n]"
14:15:26.055 [main] DEBUG org.apache.http.wire - http-outgoing-23 << "Set-Cookie: ARRAffinitySameSite=135f536e0d078a815c3b83fda3468ab8a3a2abc604a35eefb28648d3961cfa9b;Path=/;HttpOnly;SameSite=None;Secure;Domain=app-apipanapay-qa.azurewebsites.net[\r][\n]"
14:15:26.055 [main] DEBUG org.apache.http.wire - http-outgoing-23 << "Vary: Accept-Encoding[\r][\n]"
14:15:26.055 [main] DEBUG org.apache.http.wire - http-outgoing-23 << "Request-Context: appId=cid-v1:a7a77847-2713-450f-9030-b350a2d54a28[\r][\n]"
14:15:26.055 [main] DEBUG org.apache.http.wire - http-outgoing-23 << "X-Powered-By: ASP.NET[\r][\n]"
14:15:26.055 [main] DEBUG org.apache.http.wire - http-outgoing-23 << "X-ARR-ClientCert: -----BEGIN%20CERTIFICATE-----%0AMIIEHDCCAgSgAwIBAgIUZIZBO0fb7VZ4KXrs01S4RYbWyJ8wDQYJKoZIhvcNAQEL%0ABQAwJTEjMCEGA1UEAwwacm9vdGNlcnQuY2JpYmxpYW4uaW50ZXJuYWwwHhcNMjUw%0AODEzMTMyNTU5WhcNMjgwODEyMTMyNTU5WjAnMSUwIwYDVQQDDBxjbGllbnRjZXJ0%0ALmNiaWJsaWFuLmludGVybmFsMIIBIjANBgkqhkiG9w0BAQEFAAOCAQ8AMIIBCgKC%0AAQEAskUDap6NmyYq8RT6F7z3DpZGQiflNQTvUT84TmxsKXEBRAkgINnkJqgKkd7f%0ASEybzqglQTbr4s41lCiPsy3X66qYjU2L%2Bojhni%2BOCVOX7n3JBYovL%2FqfMP3%2FkhZP%0AQIlK%2FQWPcrnl39fYkGOQv%2BYqoCGEPzGkib2m1Ma5Q1HOCKh1ErMjqTLGy%2ByJj6JY%0AiZvMx3YrJSvjUS0uKpNwxPtGyiexRfKsmR%2FHqPzRHa0iY%2B752KSgUedwJPv1Wod%2B%0AY9BMAMIdU25UtkUEsaOYtorGWDaZSn2Bl0LYmP87kjcYypnHx0jtPtUCXfVHrE6u%0AZnDRFYsZbeXylY3mJkyOL2DzZwIDAQABo0IwQDAdBgNVHQ4EFgQURPhJwTAcUWUp%0ArOqQO68P%2FbJoqjMwHwYDVR0jBBgwFoAU7GdlxoSeEXucEXhjadHRC9xzS0UwDQYJ%0AKoZIhvcNAQELBQADggIBAGTnlyF2n%2F6s9phYbO8V17niO0BXB62ToX6gPhcw9f3y%0AhMui6RnrM1oiHlBWqZquCqYJ5ETvYJE1RqvoqtGysxCnIj0OTJHV4WtF3SHsd1Tu%0ATg%2B%2FUnGivtBTDQxj9sbAtCaSYRBqPByP8jvSTDgXR1mgOrEGjr2PZdZSoKLj4OHi%0A9UCMJw7pJsyA4lbroKshQTYv5Ks5SqtJpdp0%2BUX0UUlbPJqXiadfbKdoXvEgcwbP%0ACqR9v7kGYmNxfaGLNGVrV%2BnLawIDmdYXJE%2F4WJh6sHfiZxEsE%2BB4PoKADrb1Eapt%0AnSdHUgRfc0i5f2lcmErnU8nCMO5TWdHFOgpYwTS8w17FhNFZpaSmyZKM7uHcUs7y%0AUbuiQtdXocfSSMf%2FeycBEU%2FHAVIWQEqY%2BbJdC0q%2FR%2BsESeBtXd4IEIxR0QfgscGk%0AJyCSFC8z%2FvCgrRsH5rePqKO7%2FLAsDTP4GIQNFNfF4Wh6bsPXuJmvvoMcnmy%2F58Wo%0AE0XaG8UPHVAeyEmhncdM32E7SJbR91aRr2CkV23OoUz%2BwKG2%2FuObHmAkuMkCbbcz%0AJQoC7DZg5FGw%2BZR7v1DIBct5QNJQ8bG%2FXGRxjWC6dU7jrGhOF1X%2B2YYcdx9XnwyM%0A9YPxUy5bVfMhIiKP2wEso5fjOZ4RTvnB5R6zD3maJK%2FtZAXVhtyqXSkBYFi4MvEs%0A-----END%20CERTIFICATE-----%0A[\r][\n]"
14:15:26.055 [main] DEBUG org.apache.http.wire - http-outgoing-23 << "[\r][\n]"
14:15:26.055 [main] DEBUG org.apache.http.wire - http-outgoing-23 << "1d0[\r][\n]"
14:15:26.055 [main] DEBUG org.apache.http.wire - http-outgoing-23 << "[0x1f][0x8b][0x8][0x0][0x0][0x0][0x0][0x0][0x4][0x0][0xed][0xbd][0x7]`[0x1c]I[0x96]%&/m[0xca]{J[0xf5]J[0xd7][0xe0]t[0xa1][0x8][0x80]`[0x13]$[0xd8][0x90]@[0x10][0xec][0xc1][0x88][0xcd][0xe6][0x92][0xec][0x1d]iG#)[0xab]*[0x81][0xca]eVe]f[0x16]@[0xcc][0xed][0x9d][0xbc][0xf7][0xde]{[0xef][0xbd][0xf7][0xde]{[0xef][0xbd][0xf7][0xba];[0x9d]N'[0xf7][0xdf][0xff]?\fd[0x1]l[0xf6][0xce]J[0xda][0xc9][0x9e]![0x80][0xaa][0xc8][0x1f]?~|[0x1f]?"~[0xf1]G[0x9f][0xd7][0xab]o[0xcf][0xea][0x8f][0x1e][0xfd][0xe2][0x8f][0xbe]h.[0xce]f[0x1f]=[0xfa]h[0x87][0x9e][0xbd][0x9d][0xbd][0xfb][0xbb];{[0xf4]c[0xe7][0xde][0x83]O?[0x1a]}tR[0xe7]O[0xdb]7[0xb][0xfa][0x9a]>[0xbb][0xbf][0xbd][0xbb][0xb3][0xbd][0xb7][0xf7]fw[0xff][0xd1][0xee][0xfd]G[0xbb][0xf8][0xfe][0xc5][0xe4][0xcb][0xf3]7[0xef][0x9a][0x8f][0x1e][0xed][0x8e]>z[0xdd][0xb6][0xe5][0xe2]ly[0xe][0xa0][0xfc][0xfb][0x17]-[0xe0][0x9e][0xbd][0xf8][0xfc][0xf8][0xa3]_2[0xfa][0xe8]l[0xd9][0xb4][0x17][0xc7][0x17]-[0xbe]~V,[0xf1][0xe7]R:[0xde][0xdb][0xb9]o[0x1a][0xcc]65[0xf8][0xe2]"[0xc7]wo[0xae]W[0xf4][0xf3][0xa3]l[0xba]h[0xc7][0xf][0x1f][0x1e][0x8c][0xef][0xed][0xed][0x8d]wvv[0xd1][0xe2]d[0xbe],[0xf9][0x95][0xe3][0x97]/[0xf9][0xef]Y[0xfb][0xa6]&[0x4][0x15][0xab]/[0xeb][0x8b]%[\r][0xdc][0xfb][0xab][0xb4][0xa3][0xa7]>0D[0x8c][0xfe][0xde][0xfd][0x7][0xfb][0x7][0xf][0xe][0xee][0xef]P[0xb7]#mv[0x91][0xf7][0xbb][0xdd][0x1d]S[0xaf][0xda]`[0x3][0xa1][0xf6][0xf6][0x80][0xca][0xcb]E[0x8b][0x8e]~[0xf1]G[0xa7][0xcb][0xd9][0x9b][0x8a][0xfe][0xc1]_A[0xb7][0xf][0xf6][0x1e]<[0xbc]G[0xf0][0x8]]|[0xb5]{p[0xff][0x1e][0xde]|[0xf3][0xee]uK[0x14][0xfe][0xe8][0xcb][0xb7][0xf4][0xe5][0xab]f[0x9] [0xf4][0xe3][0x4][0x8d]h[0xce]v[0xe8][0xd3][0xe3][0xd9][0xac]-yX[0x1f][0xbd][0xa9][0xb3]e[0x93]M[0xa7][0xc5]?[0xfa][0xb7].[0xd3][0xd3]wE[5[0x19][0xa0]<[0x9d][0xb4]<[0xdd][0xc7][0xeb]v~R[0xcd]0[0x14][0xbf][0xf3][0xdd][0xfd][0xdd][0xfb][0xbb][0xf][0xf6]v>}x[0x7][0xcd][0x89]r77[0xff][0xf4][0xfe][0x1e]Q[0x1][0xcd]y[0xbe][0x9f][0xd2][0xd4]y[0xc3][0xff][0xe8][0x97][0xfc][\r][\n]"
14:15:26.055 [main] DEBUG org.apache.http.wire - http-outgoing-23 << "b[\r][\n]"
14:15:26.055 [main] DEBUG org.apache.http.wire - http-outgoing-23 << "[0x92][0xff][0x7][0xc2][0xe3][0x1b]:h[0x2][0x0][0x0][\r][\n]"
14:15:26.055 [main] DEBUG org.apache.http.wire - http-outgoing-23 << "0[\r][\n]"
14:15:26.055 [main] DEBUG org.apache.http.wire - http-outgoing-23 << "[\r][\n]"
14:15:26.055 [main] DEBUG org.apache.http.headers - http-outgoing-23 << HTTP/1.1 200 OK
14:15:26.055 [main] DEBUG org.apache.http.headers - http-outgoing-23 << Date: Wed, 22 Oct 2025 19:15:17 GMT
14:15:26.055 [main] DEBUG org.apache.http.headers - http-outgoing-23 << Content-Type: application/json; charset=utf-8
14:15:26.055 [main] DEBUG org.apache.http.headers - http-outgoing-23 << Transfer-Encoding: chunked
14:15:26.055 [main] DEBUG org.apache.http.headers - http-outgoing-23 << Connection: keep-alive
14:15:26.055 [main] DEBUG org.apache.http.headers - http-outgoing-23 << Server: Kestrel
14:15:26.055 [main] DEBUG org.apache.http.headers - http-outgoing-23 << Content-Encoding: gzip
14:15:26.055 [main] DEBUG org.apache.http.headers - http-outgoing-23 << Set-Cookie: ARRAffinity=135f536e0d078a815c3b83fda3468ab8a3a2abc604a35eefb28648d3961cfa9b;Path=/;HttpOnly;Secure;Domain=app-apipanapay-qa.azurewebsites.net
14:15:26.055 [main] DEBUG org.apache.http.headers - http-outgoing-23 << Set-Cookie: ARRAffinitySameSite=135f536e0d078a815c3b83fda3468ab8a3a2abc604a35eefb28648d3961cfa9b;Path=/;HttpOnly;SameSite=None;Secure;Domain=app-apipanapay-qa.azurewebsites.net
14:15:26.055 [main] DEBUG org.apache.http.headers - http-outgoing-23 << Vary: Accept-Encoding
14:15:26.055 [main] DEBUG org.apache.http.headers - http-outgoing-23 << Request-Context: appId=cid-v1:a7a77847-2713-450f-9030-b350a2d54a28
14:15:26.055 [main] DEBUG org.apache.http.headers - http-outgoing-23 << X-Powered-By: ASP.NET
14:15:26.055 [main] DEBUG org.apache.http.headers - http-outgoing-23 << X-ARR-ClientCert: -----BEGIN%20CERTIFICATE-----%0AMIIEHDCCAgSgAwIBAgIUZIZBO0fb7VZ4KXrs01S4RYbWyJ8wDQYJKoZIhvcNAQEL%0ABQAwJTEjMCEGA1UEAwwacm9vdGNlcnQuY2JpYmxpYW4uaW50ZXJuYWwwHhcNMjUw%0AODEzMTMyNTU5WhcNMjgwODEyMTMyNTU5WjAnMSUwIwYDVQQDDBxjbGllbnRjZXJ0%0ALmNiaWJsaWFuLmludGVybmFsMIIBIjANBgkqhkiG9w0BAQEFAAOCAQ8AMIIBCgKC%0AAQEAskUDap6NmyYq8RT6F7z3DpZGQiflNQTvUT84TmxsKXEBRAkgINnkJqgKkd7f%0ASEybzqglQTbr4s41lCiPsy3X66qYjU2L%2Bojhni%2BOCVOX7n3JBYovL%2FqfMP3%2FkhZP%0AQIlK%2FQWPcrnl39fYkGOQv%2BYqoCGEPzGkib2m1Ma5Q1HOCKh1ErMjqTLGy%2ByJj6JY%0AiZvMx3YrJSvjUS0uKpNwxPtGyiexRfKsmR%2FHqPzRHa0iY%2B752KSgUedwJPv1Wod%2B%0AY9BMAMIdU25UtkUEsaOYtorGWDaZSn2Bl0LYmP87kjcYypnHx0jtPtUCXfVHrE6u%0AZnDRFYsZbeXylY3mJkyOL2DzZwIDAQABo0IwQDAdBgNVHQ4EFgQURPhJwTAcUWUp%0ArOqQO68P%2FbJoqjMwHwYDVR0jBBgwFoAU7GdlxoSeEXucEXhjadHRC9xzS0UwDQYJ%0AKoZIhvcNAQELBQADggIBAGTnlyF2n%2F6s9phYbO8V17niO0BXB62ToX6gPhcw9f3y%0AhMui6RnrM1oiHlBWqZquCqYJ5ETvYJE1RqvoqtGysxCnIj0OTJHV4WtF3SHsd1Tu%0ATg%2B%2FUnGivtBTDQxj9sbAtCaSYRBqPByP8jvSTDgXR1mgOrEGjr2PZdZSoKLj4OHi%0A9UCMJw7pJsyA4lbroKshQTYv5Ks5SqtJpdp0%2BUX0UUlbPJqXiadfbKdoXvEgcwbP%0ACqR9v7kGYmNxfaGLNGVrV%2BnLawIDmdYXJE%2F4WJh6sHfiZxEsE%2BB4PoKADrb1Eapt%0AnSdHUgRfc0i5f2lcmErnU8nCMO5TWdHFOgpYwTS8w17FhNFZpaSmyZKM7uHcUs7y%0AUbuiQtdXocfSSMf%2FeycBEU%2FHAVIWQEqY%2BbJdC0q%2FR%2BsESeBtXd4IEIxR0QfgscGk%0AJyCSFC8z%2FvCgrRsH5rePqKO7%2FLAsDTP4GIQNFNfF4Wh6bsPXuJmvvoMcnmy%2F58Wo%0AE0XaG8UPHVAeyEmhncdM32E7SJbR91aRr2CkV23OoUz%2BwKG2%2FuObHmAkuMkCbbcz%0AJQoC7DZg5FGw%2BZR7v1DIBct5QNJQ8bG%2FXGRxjWC6dU7jrGhOF1X%2B2YYcdx9XnwyM%0A9YPxUy5bVfMhIiKP2wEso5fjOZ4RTvnB5R6zD3maJK%2FtZAXVhtyqXSkBYFi4MvEs%0A-----END%20CERTIFICATE-----%0A
14:15:26.055 [main] DEBUG org.apache.http.impl.execchain.MainClientExec - Connection can be kept alive indefinitely
14:15:26.055 [main] DEBUG org.apache.http.client.protocol.ResponseProcessCookies - Cookie accepted [ARRAffinity="135f536e0d078a815c3b83fda3468ab8a3a2abc604a35eefb28648d3961cfa9b", version:0, domain:app-apipanapay-qa.azurewebsites.net, path:/, expiry:null]
14:15:26.055 [main] DEBUG org.apache.http.client.protocol.ResponseProcessCookies - Cookie accepted [ARRAffinitySameSite="135f536e0d078a815c3b83fda3468ab8a3a2abc604a35eefb28648d3961cfa9b", version:0, domain:app-apipanapay-qa.azurewebsites.net, path:/, expiry:null]
14:15:26.055 [main] DEBUG org.apache.http.impl.conn.DefaultManagedHttpClientConnection - http-outgoing-23: Close connection
14:15:26.146 [main] DEBUG org.apache.http.impl.execchain.MainClientExec - Connection discarded
14:15:26.146 [main] DEBUG org.apache.http.impl.conn.PoolingHttpClientConnectionManager - Connection released: [id: 23][route: {s}->https://apipanapayqa.coonecta.com.ec:443][total available: 0; route allocated: 0 of 5; total allocated: 0 of 10]
14:15:26.146 [main] DEBUG org.apache.http.impl.conn.PoolingHttpClientConnectionManager - Connection manager is shutting down
14:15:26.146 [main] DEBUG org.apache.http.impl.conn.PoolingHttpClientConnectionManager - Connection manager shut down
14:15:26.146 [main] DEBUG com.intuit.karate - response time in milliseconds: 3368
1 < 200
1 < Date: Wed, 22 Oct 2025 19:15:17 GMT
1 < Content-Type: application/json; charset=utf-8
1 < Transfer-Encoding: chunked
1 < Connection: keep-alive
1 < Server: Kestrel
1 < Set-Cookie: ARRAffinity=135f536e0d078a815c3b83fda3468ab8a3a2abc604a35eefb28648d3961cfa9b;Path=/;HttpOnly;Secure;Domain=app-apipanapay-qa.azurewebsites.net
1 < Set-Cookie: ARRAffinitySameSite=135f536e0d078a815c3b83fda3468ab8a3a2abc604a35eefb28648d3961cfa9b;Path=/;HttpOnly;SameSite=None;Secure;Domain=app-apipanapay-qa.azurewebsites.net
1 < Vary: Accept-Encoding
1 < Request-Context: appId=cid-v1:a7a77847-2713-450f-9030-b350a2d54a28
1 < X-Powered-By: ASP.NET
1 < X-ARR-ClientCert: -----BEGIN%20CERTIFICATE-----%0AMIIEHDCCAgSgAwIBAgIUZIZBO0fb7VZ4KXrs01S4RYbWyJ8wDQYJKoZIhvcNAQEL%0ABQAwJTEjMCEGA1UEAwwacm9vdGNlcnQuY2JpYmxpYW4uaW50ZXJuYWwwHhcNMjUw%0AODEzMTMyNTU5WhcNMjgwODEyMTMyNTU5WjAnMSUwIwYDVQQDDBxjbGllbnRjZXJ0%0ALmNiaWJsaWFuLmludGVybmFsMIIBIjANBgkqhkiG9w0BAQEFAAOCAQ8AMIIBCgKC%0AAQEAskUDap6NmyYq8RT6F7z3DpZGQiflNQTvUT84TmxsKXEBRAkgINnkJqgKkd7f%0ASEybzqglQTbr4s41lCiPsy3X66qYjU2L%2Bojhni%2BOCVOX7n3JBYovL%2FqfMP3%2FkhZP%0AQIlK%2FQWPcrnl39fYkGOQv%2BYqoCGEPzGkib2m1Ma5Q1HOCKh1ErMjqTLGy%2ByJj6JY%0AiZvMx3YrJSvjUS0uKpNwxPtGyiexRfKsmR%2FHqPzRHa0iY%2B752KSgUedwJPv1Wod%2B%0AY9BMAMIdU25UtkUEsaOYtorGWDaZSn2Bl0LYmP87kjcYypnHx0jtPtUCXfVHrE6u%0AZnDRFYsZbeXylY3mJkyOL2DzZwIDAQABo0IwQDAdBgNVHQ4EFgQURPhJwTAcUWUp%0ArOqQO68P%2FbJoqjMwHwYDVR0jBBgwFoAU7GdlxoSeEXucEXhjadHRC9xzS0UwDQYJ%0AKoZIhvcNAQELBQADggIBAGTnlyF2n%2F6s9phYbO8V17niO0BXB62ToX6gPhcw9f3y%0AhMui6RnrM1oiHlBWqZquCqYJ5ETvYJE1RqvoqtGysxCnIj0OTJHV4WtF3SHsd1Tu%0ATg%2B%2FUnGivtBTDQxj9sbAtCaSYRBqPByP8jvSTDgXR1mgOrEGjr2PZdZSoKLj4OHi%0A9UCMJw7pJsyA4lbroKshQTYv5Ks5SqtJpdp0%2BUX0UUlbPJqXiadfbKdoXvEgcwbP%0ACqR9v7kGYmNxfaGLNGVrV%2BnLawIDmdYXJE%2F4WJh6sHfiZxEsE%2BB4PoKADrb1Eapt%0AnSdHUgRfc0i5f2lcmErnU8nCMO5TWdHFOgpYwTS8w17FhNFZpaSmyZKM7uHcUs7y%0AUbuiQtdXocfSSMf%2FeycBEU%2FHAVIWQEqY%2BbJdC0q%2FR%2BsESeBtXd4IEIxR0QfgscGk%0AJyCSFC8z%2FvCgrRsH5rePqKO7%2FLAsDTP4GIQNFNfF4Wh6bsPXuJmvvoMcnmy%2F58Wo%0AE0XaG8UPHVAeyEmhncdM32E7SJbR91aRr2CkV23OoUz%2BwKG2%2FuObHmAkuMkCbbcz%0AJQoC7DZg5FGw%2BZR7v1DIBct5QNJQ8bG%2FXGRxjWC6dU7jrGhOF1X%2B2YYcdx9XnwyM%0A9YPxUy5bVfMhIiKP2wEso5fjOZ4RTvnB5R6zD3maJK%2FtZAXVhtyqXSkBYFi4MvEs%0A-----END%20CERTIFICATE-----%0A
{"GrpHdr":{"MsgId":"000020251022020376","CreDtTm":"2025-10-22T14:15:16","NbOfTxs":1,"SttlmInf":{"SttlmMtd":"INGA"},"InstgAgt":{"FinInstnId":"0205"},"InstdAgt":{"FinInstnId":"0205"},"Mge":{"Type":"acmt.998.322.001"},"ChnlId":"APP"},"CdtTrfTxInf":{"OrgnGrpInf":{"OrgnlMsgId":"02052025102235748785005","OrgnlMgeType":"acmt.998.321.01","OrgnlCreDtTm":"2025-10-22T14:15:22"},"PmtId":{"EndToEndId":"02052025102272793","TxId":"18543"},"TxSts":"Ok","Rsn":{"RsnCd":"0000","AddtlInf":"Transacción Exitosa"},"Dbtr":{"AuthCode":"020520251022141517206950"},"Cdtr":{"AuthCode":"020520251022141517652321"},"SttlmDt":"2025-10-22"}}

14:15:26.146 [main] ERROR com.intuit.karate - classpath:Transferencia.feature:434
Then match responseStatus in normalizedStatus
no step-definition method match found for: match responseStatus in normalizedStatus
classpath:Transferencia.feature:434
]]></system-out>
  </testcase>
  <testcase name="[24:438] Transferencia no exitosa, debito aplicado y switch detenido" classname="Transferencia" time="3.909">
    <failure message="no step-definition method match found for: match responseStatus in normalizedStatus&#10;classpath:Transferencia.feature:446" type="org.opentest4j.AssertionFailedError"><![CDATA[org.opentest4j.AssertionFailedError: 
no step-definition method match found for: match responseStatus in normalizedStatus
classpath:Transferencia.feature:446
	at org.junit.jupiter.api.AssertionUtils.fail(AssertionUtils.java:38)
	at org.junit.jupiter.api.Assertions.fail(Assertions.java:135)
	at com.intuit.karate.junit5.FeatureNode.lambda$next$1(FeatureNode.java:86)
	at org.junit.jupiter.engine.descriptor.DynamicTestTestDescriptor.lambda$execute$0(DynamicTestTestDescriptor.java:53)
	at org.junit.jupiter.engine.execution.InvocationInterceptorChain$ValidatingInvocation.proceed(InvocationInterceptorChain.java:131)
	at org.junit.jupiter.api.extension.InvocationInterceptor.interceptDynamicTest(InvocationInterceptor.java:167)
	at org.junit.jupiter.api.extension.InvocationInterceptor.interceptDynamicTest(InvocationInterceptor.java:184)
	at org.junit.jupiter.engine.descriptor.DynamicTestTestDescriptor.lambda$execute$1(DynamicTestTestDescriptor.java:61)
	at org.junit.jupiter.engine.execution.InvocationInterceptorChain$InterceptorCall.lambda$ofVoid$0(InvocationInterceptorChain.java:78)
	at org.junit.jupiter.engine.execution.InvocationInterceptorChain$InterceptedInvocation.proceed(InvocationInterceptorChain.java:106)
	at org.junit.jupiter.engine.execution.InvocationInterceptorChain.proceed(InvocationInterceptorChain.java:64)
	at org.junit.jupiter.engine.execution.InvocationInterceptorChain.chainAndInvoke(InvocationInterceptorChain.java:45)
	at org.junit.jupiter.engine.execution.InvocationInterceptorChain.invoke(InvocationInterceptorChain.java:37)
	at org.junit.jupiter.engine.descriptor.DynamicTestTestDescriptor.execute(DynamicTestTestDescriptor.java:60)
	at org.junit.jupiter.engine.descriptor.DynamicTestTestDescriptor.execute(DynamicTestTestDescriptor.java:32)
	at org.junit.platform.engine.support.hierarchical.NodeTestTask.lambda$executeRecursively$6(NodeTestTask.java:151)
	at org.junit.platform.engine.support.hierarchical.ThrowableCollector.execute(ThrowableCollector.java:73)
	at org.junit.platform.engine.support.hierarchical.NodeTestTask.lambda$executeRecursively$8(NodeTestTask.java:141)
	at org.junit.platform.engine.support.hierarchical.Node.around(Node.java:137)
	at org.junit.platform.engine.support.hierarchical.NodeTestTask.lambda$executeRecursively$9(NodeTestTask.java:139)
	at org.junit.platform.engine.support.hierarchical.ThrowableCollector.execute(ThrowableCollector.java:73)
	at org.junit.platform.engine.support.hierarchical.NodeTestTask.executeRecursively(NodeTestTask.java:138)
	at org.junit.platform.engine.support.hierarchical.NodeTestTask.execute(NodeTestTask.java:95)
	at org.junit.platform.engine.support.hierarchical.SameThreadHierarchicalTestExecutorService.submit(SameThreadHierarchicalTestExecutorService.java:35)
	at org.junit.platform.engine.support.hierarchical.NodeTestTask$DefaultDynamicTestExecutor.execute(NodeTestTask.java:226)
	at org.junit.platform.engine.support.hierarchical.NodeTestTask$DefaultDynamicTestExecutor.execute(NodeTestTask.java:204)
	at java.base/java.util.stream.ForEachOps$ForEachOp$OfRef.accept(ForEachOps.java:183)
	at java.base/java.util.stream.ReferencePipeline$3$1.accept(ReferencePipeline.java:197)
	at java.base/java.util.stream.ReferencePipeline$2$1.accept(ReferencePipeline.java:179)
	at java.base/java.util.stream.ReferencePipeline$3$1.accept(ReferencePipeline.java:197)
	at java.base/java.util.Iterator.forEachRemaining(Iterator.java:133)
	at java.base/java.util.Spliterators$IteratorSpliterator.forEachRemaining(Spliterators.java:1845)
	at java.base/java.util.stream.AbstractPipeline.copyInto(AbstractPipeline.java:509)
	at java.base/java.util.stream.AbstractPipeline.wrapAndCopyInto(AbstractPipeline.java:499)
	at java.base/java.util.stream.ForEachOps$ForEachOp.evaluateSequential(ForEachOps.java:150)
	at java.base/java.util.stream.ForEachOps$ForEachOp$OfRef.evaluateSequential(ForEachOps.java:173)
	at java.base/java.util.stream.AbstractPipeline.evaluate(AbstractPipeline.java:234)
	at java.base/java.util.stream.ReferencePipeline.forEachOrdered(ReferencePipeline.java:601)
	at org.junit.jupiter.engine.descriptor.DynamicContainerTestDescriptor.execute(DynamicContainerTestDescriptor.java:67)
	at org.junit.jupiter.engine.descriptor.DynamicContainerTestDescriptor.execute(DynamicContainerTestDescriptor.java:33)
	at org.junit.platform.engine.support.hierarchical.NodeTestTask.lambda$executeRecursively$6(NodeTestTask.java:151)
	at org.junit.platform.engine.support.hierarchical.ThrowableCollector.execute(ThrowableCollector.java:73)
	at org.junit.platform.engine.support.hierarchical.NodeTestTask.lambda$executeRecursively$8(NodeTestTask.java:141)
	at org.junit.platform.engine.support.hierarchical.Node.around(Node.java:137)
	at org.junit.platform.engine.support.hierarchical.NodeTestTask.lambda$executeRecursively$9(NodeTestTask.java:139)
	at org.junit.platform.engine.support.hierarchical.ThrowableCollector.execute(ThrowableCollector.java:73)
	at org.junit.platform.engine.support.hierarchical.NodeTestTask.executeRecursively(NodeTestTask.java:138)
	at org.junit.platform.engine.support.hierarchical.NodeTestTask.execute(NodeTestTask.java:95)
	at org.junit.platform.engine.support.hierarchical.SameThreadHierarchicalTestExecutorService.submit(SameThreadHierarchicalTestExecutorService.java:35)
	at org.junit.platform.engine.support.hierarchical.NodeTestTask$DefaultDynamicTestExecutor.execute(NodeTestTask.java:226)
	at org.junit.platform.engine.support.hierarchical.NodeTestTask$DefaultDynamicTestExecutor.execute(NodeTestTask.java:204)
	at java.base/java.util.Optional.ifPresent(Optional.java:178)
	at org.junit.jupiter.engine.descriptor.TestFactoryTestDescriptor.lambda$invokeTestMethod$1(TestFactoryTestDescriptor.java:108)
	at org.junit.platform.engine.support.hierarchical.ThrowableCollector.execute(ThrowableCollector.java:73)
	at org.junit.jupiter.engine.descriptor.TestFactoryTestDescriptor.invokeTestMethod(TestFactoryTestDescriptor.java:95)
	at org.junit.jupiter.engine.descriptor.TestMethodTestDescriptor.execute(TestMethodTestDescriptor.java:138)
	at org.junit.jupiter.engine.descriptor.TestMethodTestDescriptor.execute(TestMethodTestDescriptor.java:68)
	at org.junit.platform.engine.support.hierarchical.NodeTestTask.lambda$executeRecursively$6(NodeTestTask.java:151)
	at org.junit.platform.engine.support.hierarchical.ThrowableCollector.execute(ThrowableCollector.java:73)
	at org.junit.platform.engine.support.hierarchical.NodeTestTask.lambda$executeRecursively$8(NodeTestTask.java:141)
	at org.junit.platform.engine.support.hierarchical.Node.around(Node.java:137)
	at org.junit.platform.engine.support.hierarchical.NodeTestTask.lambda$executeRecursively$9(NodeTestTask.java:139)
	at org.junit.platform.engine.support.hierarchical.ThrowableCollector.execute(ThrowableCollector.java:73)
	at org.junit.platform.engine.support.hierarchical.NodeTestTask.executeRecursively(NodeTestTask.java:138)
	at org.junit.platform.engine.support.hierarchical.NodeTestTask.execute(NodeTestTask.java:95)
	at java.base/java.util.ArrayList.forEach(ArrayList.java:1511)
	at org.junit.platform.engine.support.hierarchical.SameThreadHierarchicalTestExecutorService.invokeAll(SameThreadHierarchicalTestExecutorService.java:41)
	at org.junit.platform.engine.support.hierarchical.NodeTestTask.lambda$executeRecursively$6(NodeTestTask.java:155)
	at org.junit.platform.engine.support.hierarchical.ThrowableCollector.execute(ThrowableCollector.java:73)
	at org.junit.platform.engine.support.hierarchical.NodeTestTask.lambda$executeRecursively$8(NodeTestTask.java:141)
	at org.junit.platform.engine.support.hierarchical.Node.around(Node.java:137)
	at org.junit.platform.engine.support.hierarchical.NodeTestTask.lambda$executeRecursively$9(NodeTestTask.java:139)
	at org.junit.platform.engine.support.hierarchical.ThrowableCollector.execute(ThrowableCollector.java:73)
	at org.junit.platform.engine.support.hierarchical.NodeTestTask.executeRecursively(NodeTestTask.java:138)
	at org.junit.platform.engine.support.hierarchical.NodeTestTask.execute(NodeTestTask.java:95)
	at java.base/java.util.ArrayList.forEach(ArrayList.java:1511)
	at org.junit.platform.engine.support.hierarchical.SameThreadHierarchicalTestExecutorService.invokeAll(SameThreadHierarchicalTestExecutorService.java:41)
	at org.junit.platform.engine.support.hierarchical.NodeTestTask.lambda$executeRecursively$6(NodeTestTask.java:155)
	at org.junit.platform.engine.support.hierarchical.ThrowableCollector.execute(ThrowableCollector.java:73)
	at org.junit.platform.engine.support.hierarchical.NodeTestTask.lambda$executeRecursively$8(NodeTestTask.java:141)
	at org.junit.platform.engine.support.hierarchical.Node.around(Node.java:137)
	at org.junit.platform.engine.support.hierarchical.NodeTestTask.lambda$executeRecursively$9(NodeTestTask.java:139)
	at org.junit.platform.engine.support.hierarchical.ThrowableCollector.execute(ThrowableCollector.java:73)
	at org.junit.platform.engine.support.hierarchical.NodeTestTask.executeRecursively(NodeTestTask.java:138)
	at org.junit.platform.engine.support.hierarchical.NodeTestTask.execute(NodeTestTask.java:95)
	at org.junit.platform.engine.support.hierarchical.SameThreadHierarchicalTestExecutorService.submit(SameThreadHierarchicalTestExecutorService.java:35)
	at org.junit.platform.engine.support.hierarchical.HierarchicalTestExecutor.execute(HierarchicalTestExecutor.java:57)
	at org.junit.platform.engine.support.hierarchical.HierarchicalTestEngine.execute(HierarchicalTestEngine.java:54)
	at org.junit.platform.launcher.core.EngineExecutionOrchestrator.execute(EngineExecutionOrchestrator.java:147)
	at org.junit.platform.launcher.core.EngineExecutionOrchestrator.execute(EngineExecutionOrchestrator.java:127)
	at org.junit.platform.launcher.core.EngineExecutionOrchestrator.execute(EngineExecutionOrchestrator.java:90)
	at org.junit.platform.launcher.core.EngineExecutionOrchestrator.lambda$execute$0(EngineExecutionOrchestrator.java:55)
	at org.junit.platform.launcher.core.EngineExecutionOrchestrator.withInterceptedStreams(EngineExecutionOrchestrator.java:102)
	at org.junit.platform.launcher.core.EngineExecutionOrchestrator.execute(EngineExecutionOrchestrator.java:54)
	at org.junit.platform.launcher.core.DefaultLauncher.execute(DefaultLauncher.java:114)
	at org.junit.platform.launcher.core.DefaultLauncher.execute(DefaultLauncher.java:86)
	at org.junit.platform.launcher.core.DefaultLauncherSession$DelegatingLauncher.execute(DefaultLauncherSession.java:86)
	at org.apache.maven.surefire.junitplatform.LazyLauncher.execute(LazyLauncher.java:56)
	at org.apache.maven.surefire.junitplatform.JUnitPlatformProvider.execute(JUnitPlatformProvider.java:184)
	at org.apache.maven.surefire.junitplatform.JUnitPlatformProvider.invokeAllTests(JUnitPlatformProvider.java:148)
	at org.apache.maven.surefire.junitplatform.JUnitPlatformProvider.invoke(JUnitPlatformProvider.java:122)
	at org.apache.maven.surefire.booter.ForkedBooter.runSuitesInProcess(ForkedBooter.java:385)
	at org.apache.maven.surefire.booter.ForkedBooter.execute(ForkedBooter.java:162)
	at org.apache.maven.surefire.booter.ForkedBooter.run(ForkedBooter.java:507)
	at org.apache.maven.surefire.booter.ForkedBooter.main(ForkedBooter.java:495)
]]></failure>
    <system-out><![CDATA[14:15:26.170 [main] DEBUG com.intuit.karate - key store key count for classpath:certificado/clientcert.cbiblian.internal 1.pfx: 1
14:15:26.185 [main] DEBUG com.jayway.jsonpath.internal.path.CompiledPath - Evaluating path: $
14:15:26.185 [main] DEBUG com.jayway.jsonpath.internal.path.CompiledPath - Evaluating path: $['Authorization']
14:15:26.185 [main] DEBUG com.jayway.jsonpath.internal.path.CompiledPath - Evaluating path: $
14:15:26.185 [main] DEBUG com.jayway.jsonpath.internal.path.CompiledPath - Evaluating path: $
14:15:26.185 [main] DEBUG com.jayway.jsonpath.internal.JsonContext - Put path $ key Authorization value {}
14:15:26.185 [main] DEBUG com.jayway.jsonpath.internal.path.CompiledPath - Evaluating path: $
14:15:26.185 [main] DEBUG com.jayway.jsonpath.internal.JsonContext - Put path $ key Authorization value Bearer eyJhbGciOiJSUzI1NiIsInR5cCIgOiAiSldUIiwia2lkIiA6ICI2dUJWTkN6VlViUFBlTFdReEM0WDAyYVM3UnM2UGRYV1dja1dfc0xZMHlFIn0.eyJleHAiOjE3NjExNjA3NTAsImlhdCI6MTc2MTE2MDQ1MCwianRpIjoidHJydGNjOjQ5Yjg0NDVjLTgzYTAtMjI4Ni02NDczLWE2ZGEzOTBhOWQ0YSIsImlzcyI6Imh0dHBzOi8vYXV0ZW50aWNhY2lvbnFhLmNvb25lY3RhLmNvbS5lYy9hdXRoL3JlYWxtcy9QQU5BUEFZIiwiYXVkIjoiYWNjb3VudCIsInN1YiI6Ijk5OGMyZmUwLTJjOGYtNGQwNC1iZjExLWY1OWExZTM5ODg3MyIsInR5cCI6IkJlYXJlciIsImF6cCI6IjAyMDVjYiIsImFjciI6IjEiLCJhbGxvd2VkLW9yaWdpbnMiOlsiLyoiXSwicmVhbG1fYWNjZXNzIjp7InJvbGVzIjpbImRlZmF1bHQtcm9sZXMtYWRtaW5wYW5hcGF5Iiwib2ZmbGluZV9hY2Nlc3MiLCJ1bWFfYXV0aG9yaXphdGlvbiJdfSwicmVzb3VyY2VfYWNjZXNzIjp7IjAyMDVjYiI6eyJyb2xlcyI6WyJ1bWFfcHJvdGVjdGlvbiJdfSwiYWNjb3VudCI6eyJyb2xlcyI6WyJtYW5hZ2UtYWNjb3VudCIsIm1hbmFnZS1hY2NvdW50LWxpbmtzIiwidmlldy1wcm9maWxlIl19fSwic2NvcGUiOiJwcm9maWxlIGVtYWlsIiwiZW1haWxfdmVyaWZpZWQiOmZhbHNlLCJjbGllbnRIb3N0IjoiMTAuMTAuMTAuMTUxIiwicHJlZmVycmVkX3VzZXJuYW1lIjoic2VydmljZS1hY2NvdW50LTAyMDVjYiIsImNsaWVudEFkZHJlc3MiOiIxMC4xMC4xMC4xNTEiLCJjbGllbnRfaWQiOiIwMjA1Y2IifQ.bATUogohrEqy7Voa4mFnsBzOnGy6tnjZGh_lOYRn-0hWXMY_fz-280nTu2Vv68eO3HeoewtWlt45S_iLI2-ml3pqpAlt3DXWVmLvVHw6d7TICHBfQsa0jGXMexKnyar7EinrVhF3deSK25Ap_ajC_82EvVvXrVG-7p9F1dEdq39y2R72JympejF5uhY_z_jNmqJSsnLEZVOo3WMJn76u9tTcYVIldC5uWGFWbPGEhvWPx4ZGpsuq_wrPOGdRmyJDFJPJl7LnLGHK0DBhuVtJUq_NFQkMus2fTTf_mWhRnoqNU-wUCS-fxMs6QusGzIVd-C3O29J3rerHTrGg21LAsQ
14:15:26.185 [main] DEBUG com.jayway.jsonpath.internal.path.CompiledPath - Evaluating path: $
14:15:26.192 [main] INFO com.intuit.karate - Simular caida del switch despues del debito para validar reverso. 
14:15:26.202 [main] DEBUG com.jayway.jsonpath.internal.path.CompiledPath - Evaluating path: $
14:15:26.206 [main] DEBUG org.apache.http.client.protocol.RequestAddCookies - CookieSpec selected: karate
14:15:26.206 [main] DEBUG org.apache.http.client.protocol.RequestAuthCache - Auth cache not set in the context
14:15:26.206 [main] DEBUG com.intuit.karate - request:
1 > POST https://apipanapayqa.coonecta.com.ec/api/switchcentral/finan/transferencia
1 > Content-Type: application/json; charset=UTF-8
1 > Authorization: Bearer eyJhbGciOiJSUzI1NiIsInR5cCIgOiAiSldUIiwia2lkIiA6ICI2dUJWTkN6VlViUFBlTFdReEM0WDAyYVM3UnM2UGRYV1dja1dfc0xZMHlFIn0.eyJleHAiOjE3NjExNjA3NTAsImlhdCI6MTc2MTE2MDQ1MCwianRpIjoidHJydGNjOjQ5Yjg0NDVjLTgzYTAtMjI4Ni02NDczLWE2ZGEzOTBhOWQ0YSIsImlzcyI6Imh0dHBzOi8vYXV0ZW50aWNhY2lvbnFhLmNvb25lY3RhLmNvbS5lYy9hdXRoL3JlYWxtcy9QQU5BUEFZIiwiYXVkIjoiYWNjb3VudCIsInN1YiI6Ijk5OGMyZmUwLTJjOGYtNGQwNC1iZjExLWY1OWExZTM5ODg3MyIsInR5cCI6IkJlYXJlciIsImF6cCI6IjAyMDVjYiIsImFjciI6IjEiLCJhbGxvd2VkLW9yaWdpbnMiOlsiLyoiXSwicmVhbG1fYWNjZXNzIjp7InJvbGVzIjpbImRlZmF1bHQtcm9sZXMtYWRtaW5wYW5hcGF5Iiwib2ZmbGluZV9hY2Nlc3MiLCJ1bWFfYXV0aG9yaXphdGlvbiJdfSwicmVzb3VyY2VfYWNjZXNzIjp7IjAyMDVjYiI6eyJyb2xlcyI6WyJ1bWFfcHJvdGVjdGlvbiJdfSwiYWNjb3VudCI6eyJyb2xlcyI6WyJtYW5hZ2UtYWNjb3VudCIsIm1hbmFnZS1hY2NvdW50LWxpbmtzIiwidmlldy1wcm9maWxlIl19fSwic2NvcGUiOiJwcm9maWxlIGVtYWlsIiwiZW1haWxfdmVyaWZpZWQiOmZhbHNlLCJjbGllbnRIb3N0IjoiMTAuMTAuMTAuMTUxIiwicHJlZmVycmVkX3VzZXJuYW1lIjoic2VydmljZS1hY2NvdW50LTAyMDVjYiIsImNsaWVudEFkZHJlc3MiOiIxMC4xMC4xMC4xNTEiLCJjbGllbnRfaWQiOiIwMjA1Y2IifQ.bATUogohrEqy7Voa4mFnsBzOnGy6tnjZGh_lOYRn-0hWXMY_fz-280nTu2Vv68eO3HeoewtWlt45S_iLI2-ml3pqpAlt3DXWVmLvVHw6d7TICHBfQsa0jGXMexKnyar7EinrVhF3deSK25Ap_ajC_82EvVvXrVG-7p9F1dEdq39y2R72JympejF5uhY_z_jNmqJSsnLEZVOo3WMJn76u9tTcYVIldC5uWGFWbPGEhvWPx4ZGpsuq_wrPOGdRmyJDFJPJl7LnLGHK0DBhuVtJUq_NFQkMus2fTTf_mWhRnoqNU-wUCS-fxMs6QusGzIVd-C3O29J3rerHTrGg21LAsQ
1 > Content-Length: 518
1 > Host: apipanapayqa.coonecta.com.ec
1 > Connection: Keep-Alive
1 > User-Agent: Apache-HttpClient/4.5.14 (Java/17.0.12)
1 > Accept-Encoding: gzip,deflate
{"GrpHdr":{"msgId":"02052025102251904687427","creDtTm":"2025-10-22T14:15:26","nbOfTxs":1,"sttlmInf":{"sttlmMtd":"INGA"},"instgAgt":{"finInstnId":"0205"},"InstdAgt":{"FinInstnId":"0205"},"Mge":{"Type":"acmt.998.321.01"},"ChnlId":"APP"},"CdtTrfTxInf":{"PmtId":{"EndToEndId":"02052025102246781"},"IntrBkSttlmAmt":{"Amt":1.0,"Ccy":"USD"},"DbtrAcctId":{"IBAN":"EC5002051000000000020501052673"},"CdtrAcctId":{"IBAN":"EC0402051000000000020101002318"},"Prtry":{"CustRef":"SWITCH-DOWN","ChanRef":"TERM001","AgtRef":"AGT0002"}}}

14:15:26.206 [main] DEBUG org.apache.http.impl.conn.PoolingHttpClientConnectionManager - Connection request: [route: {s}->https://apipanapayqa.coonecta.com.ec:443][total available: 0; route allocated: 0 of 5; total allocated: 0 of 10]
14:15:26.206 [main] DEBUG org.apache.http.impl.conn.PoolingHttpClientConnectionManager - Connection leased: [id: 24][route: {s}->https://apipanapayqa.coonecta.com.ec:443][total available: 0; route allocated: 1 of 5; total allocated: 1 of 10]
14:15:26.206 [main] DEBUG org.apache.http.impl.execchain.MainClientExec - Opening connection {s}->https://apipanapayqa.coonecta.com.ec:443
14:15:26.206 [main] DEBUG org.apache.http.impl.conn.DefaultHttpClientConnectionOperator - Connecting to apipanapayqa.coonecta.com.ec/10.1.0.133:443
14:15:26.206 [main] DEBUG org.apache.http.conn.ssl.SSLConnectionSocketFactory - Connecting socket to apipanapayqa.coonecta.com.ec/10.1.0.133:443 with timeout 30000
14:15:26.480 [main] DEBUG org.apache.http.conn.ssl.SSLConnectionSocketFactory - Enabled protocols: [TLSv1.3, TLSv1.2]
14:15:26.480 [main] DEBUG org.apache.http.conn.ssl.SSLConnectionSocketFactory - Enabled cipher suites:[TLS_AES_256_GCM_SHA384, TLS_AES_128_GCM_SHA256, TLS_CHACHA20_POLY1305_SHA256, TLS_ECDHE_ECDSA_WITH_AES_256_GCM_SHA384, TLS_ECDHE_ECDSA_WITH_AES_128_GCM_SHA256, TLS_ECDHE_ECDSA_WITH_CHACHA20_POLY1305_SHA256, TLS_ECDHE_RSA_WITH_AES_256_GCM_SHA384, TLS_ECDHE_RSA_WITH_CHACHA20_POLY1305_SHA256, TLS_ECDHE_RSA_WITH_AES_128_GCM_SHA256, TLS_DHE_RSA_WITH_AES_256_GCM_SHA384, TLS_DHE_RSA_WITH_CHACHA20_POLY1305_SHA256, TLS_DHE_DSS_WITH_AES_256_GCM_SHA384, TLS_DHE_RSA_WITH_AES_128_GCM_SHA256, TLS_DHE_DSS_WITH_AES_128_GCM_SHA256, TLS_ECDHE_ECDSA_WITH_AES_256_CBC_SHA384, TLS_ECDHE_RSA_WITH_AES_256_CBC_SHA384, TLS_ECDHE_ECDSA_WITH_AES_128_CBC_SHA256, TLS_ECDHE_RSA_WITH_AES_128_CBC_SHA256, TLS_DHE_RSA_WITH_AES_256_CBC_SHA256, TLS_DHE_DSS_WITH_AES_256_CBC_SHA256, TLS_DHE_RSA_WITH_AES_128_CBC_SHA256, TLS_DHE_DSS_WITH_AES_128_CBC_SHA256, TLS_ECDH_ECDSA_WITH_AES_256_GCM_SHA384, TLS_ECDH_RSA_WITH_AES_256_GCM_SHA384, TLS_ECDH_ECDSA_WITH_AES_128_GCM_SHA256, TLS_ECDH_RSA_WITH_AES_128_GCM_SHA256, TLS_ECDH_ECDSA_WITH_AES_256_CBC_SHA384, TLS_ECDH_RSA_WITH_AES_256_CBC_SHA384, TLS_ECDH_ECDSA_WITH_AES_128_CBC_SHA256, TLS_ECDH_RSA_WITH_AES_128_CBC_SHA256, TLS_ECDHE_ECDSA_WITH_AES_256_CBC_SHA, TLS_ECDHE_RSA_WITH_AES_256_CBC_SHA, TLS_ECDHE_ECDSA_WITH_AES_128_CBC_SHA, TLS_ECDHE_RSA_WITH_AES_128_CBC_SHA, TLS_DHE_RSA_WITH_AES_256_CBC_SHA, TLS_DHE_DSS_WITH_AES_256_CBC_SHA, TLS_DHE_RSA_WITH_AES_128_CBC_SHA, TLS_DHE_DSS_WITH_AES_128_CBC_SHA, TLS_ECDH_ECDSA_WITH_AES_256_CBC_SHA, TLS_ECDH_RSA_WITH_AES_256_CBC_SHA, TLS_ECDH_ECDSA_WITH_AES_128_CBC_SHA, TLS_ECDH_RSA_WITH_AES_128_CBC_SHA, TLS_RSA_WITH_AES_256_GCM_SHA384, TLS_RSA_WITH_AES_128_GCM_SHA256, TLS_RSA_WITH_AES_256_CBC_SHA256, TLS_RSA_WITH_AES_128_CBC_SHA256, TLS_RSA_WITH_AES_256_CBC_SHA, TLS_RSA_WITH_AES_128_CBC_SHA, TLS_EMPTY_RENEGOTIATION_INFO_SCSV]
14:15:26.480 [main] DEBUG org.apache.http.conn.ssl.SSLConnectionSocketFactory - Starting handshake
14:15:26.666 [main] DEBUG org.apache.http.conn.ssl.SSLConnectionSocketFactory - Secure session established
14:15:26.666 [main] DEBUG org.apache.http.conn.ssl.SSLConnectionSocketFactory -  negotiated protocol: TLSv1.3
14:15:26.666 [main] DEBUG org.apache.http.conn.ssl.SSLConnectionSocketFactory -  negotiated cipher suite: TLS_AES_256_GCM_SHA384
14:15:26.666 [main] DEBUG org.apache.http.conn.ssl.SSLConnectionSocketFactory -  peer principal: CN=apipanapayqa.coonecta.com.ec, O=Red Transaccional Cooperativa S.A. RTC, L=Quito, ST=Pichincha, C=EC
14:15:26.666 [main] DEBUG org.apache.http.conn.ssl.SSLConnectionSocketFactory -  peer alternative names: [apipanapayqa.coonecta.com.ec]
14:15:26.666 [main] DEBUG org.apache.http.conn.ssl.SSLConnectionSocketFactory -  issuer principal: CN=DigiCert Global G2 TLS RSA SHA256 2020 CA1, O=DigiCert Inc, C=US
14:15:26.666 [main] DEBUG org.apache.http.impl.conn.DefaultHttpClientConnectionOperator - Connection established 10.10.10.151:49820<->10.1.0.133:443
14:15:26.667 [main] DEBUG org.apache.http.impl.conn.DefaultManagedHttpClientConnection - http-outgoing-24: set socket timeout to 30000
14:15:26.667 [main] DEBUG org.apache.http.impl.execchain.MainClientExec - Executing request POST /api/switchcentral/finan/transferencia HTTP/1.1
14:15:26.667 [main] DEBUG org.apache.http.impl.execchain.MainClientExec - Proxy auth state: UNCHALLENGED
14:15:26.667 [main] DEBUG org.apache.http.headers - http-outgoing-24 >> POST /api/switchcentral/finan/transferencia HTTP/1.1
14:15:26.667 [main] DEBUG org.apache.http.headers - http-outgoing-24 >> Content-Type: application/json; charset=UTF-8
14:15:26.667 [main] DEBUG org.apache.http.headers - http-outgoing-24 >> Authorization: Bearer eyJhbGciOiJSUzI1NiIsInR5cCIgOiAiSldUIiwia2lkIiA6ICI2dUJWTkN6VlViUFBlTFdReEM0WDAyYVM3UnM2UGRYV1dja1dfc0xZMHlFIn0.eyJleHAiOjE3NjExNjA3NTAsImlhdCI6MTc2MTE2MDQ1MCwianRpIjoidHJydGNjOjQ5Yjg0NDVjLTgzYTAtMjI4Ni02NDczLWE2ZGEzOTBhOWQ0YSIsImlzcyI6Imh0dHBzOi8vYXV0ZW50aWNhY2lvbnFhLmNvb25lY3RhLmNvbS5lYy9hdXRoL3JlYWxtcy9QQU5BUEFZIiwiYXVkIjoiYWNjb3VudCIsInN1YiI6Ijk5OGMyZmUwLTJjOGYtNGQwNC1iZjExLWY1OWExZTM5ODg3MyIsInR5cCI6IkJlYXJlciIsImF6cCI6IjAyMDVjYiIsImFjciI6IjEiLCJhbGxvd2VkLW9yaWdpbnMiOlsiLyoiXSwicmVhbG1fYWNjZXNzIjp7InJvbGVzIjpbImRlZmF1bHQtcm9sZXMtYWRtaW5wYW5hcGF5Iiwib2ZmbGluZV9hY2Nlc3MiLCJ1bWFfYXV0aG9yaXphdGlvbiJdfSwicmVzb3VyY2VfYWNjZXNzIjp7IjAyMDVjYiI6eyJyb2xlcyI6WyJ1bWFfcHJvdGVjdGlvbiJdfSwiYWNjb3VudCI6eyJyb2xlcyI6WyJtYW5hZ2UtYWNjb3VudCIsIm1hbmFnZS1hY2NvdW50LWxpbmtzIiwidmlldy1wcm9maWxlIl19fSwic2NvcGUiOiJwcm9maWxlIGVtYWlsIiwiZW1haWxfdmVyaWZpZWQiOmZhbHNlLCJjbGllbnRIb3N0IjoiMTAuMTAuMTAuMTUxIiwicHJlZmVycmVkX3VzZXJuYW1lIjoic2VydmljZS1hY2NvdW50LTAyMDVjYiIsImNsaWVudEFkZHJlc3MiOiIxMC4xMC4xMC4xNTEiLCJjbGllbnRfaWQiOiIwMjA1Y2IifQ.bATUogohrEqy7Voa4mFnsBzOnGy6tnjZGh_lOYRn-0hWXMY_fz-280nTu2Vv68eO3HeoewtWlt45S_iLI2-ml3pqpAlt3DXWVmLvVHw6d7TICHBfQsa0jGXMexKnyar7EinrVhF3deSK25Ap_ajC_82EvVvXrVG-7p9F1dEdq39y2R72JympejF5uhY_z_jNmqJSsnLEZVOo3WMJn76u9tTcYVIldC5uWGFWbPGEhvWPx4ZGpsuq_wrPOGdRmyJDFJPJl7LnLGHK0DBhuVtJUq_NFQkMus2fTTf_mWhRnoqNU-wUCS-fxMs6QusGzIVd-C3O29J3rerHTrGg21LAsQ
14:15:26.667 [main] DEBUG org.apache.http.headers - http-outgoing-24 >> Content-Length: 518
14:15:26.667 [main] DEBUG org.apache.http.headers - http-outgoing-24 >> Host: apipanapayqa.coonecta.com.ec
14:15:26.667 [main] DEBUG org.apache.http.headers - http-outgoing-24 >> Connection: Keep-Alive
14:15:26.667 [main] DEBUG org.apache.http.headers - http-outgoing-24 >> User-Agent: Apache-HttpClient/4.5.14 (Java/17.0.12)
14:15:26.667 [main] DEBUG org.apache.http.headers - http-outgoing-24 >> Accept-Encoding: gzip,deflate
14:15:26.667 [main] DEBUG org.apache.http.wire - http-outgoing-24 >> "POST /api/switchcentral/finan/transferencia HTTP/1.1[\r][\n]"
14:15:26.667 [main] DEBUG org.apache.http.wire - http-outgoing-24 >> "Content-Type: application/json; charset=UTF-8[\r][\n]"
14:15:26.668 [main] DEBUG org.apache.http.wire - http-outgoing-24 >> "Authorization: Bearer eyJhbGciOiJSUzI1NiIsInR5cCIgOiAiSldUIiwia2lkIiA6ICI2dUJWTkN6VlViUFBlTFdReEM0WDAyYVM3UnM2UGRYV1dja1dfc0xZMHlFIn0.eyJleHAiOjE3NjExNjA3NTAsImlhdCI6MTc2MTE2MDQ1MCwianRpIjoidHJydGNjOjQ5Yjg0NDVjLTgzYTAtMjI4Ni02NDczLWE2ZGEzOTBhOWQ0YSIsImlzcyI6Imh0dHBzOi8vYXV0ZW50aWNhY2lvbnFhLmNvb25lY3RhLmNvbS5lYy9hdXRoL3JlYWxtcy9QQU5BUEFZIiwiYXVkIjoiYWNjb3VudCIsInN1YiI6Ijk5OGMyZmUwLTJjOGYtNGQwNC1iZjExLWY1OWExZTM5ODg3MyIsInR5cCI6IkJlYXJlciIsImF6cCI6IjAyMDVjYiIsImFjciI6IjEiLCJhbGxvd2VkLW9yaWdpbnMiOlsiLyoiXSwicmVhbG1fYWNjZXNzIjp7InJvbGVzIjpbImRlZmF1bHQtcm9sZXMtYWRtaW5wYW5hcGF5Iiwib2ZmbGluZV9hY2Nlc3MiLCJ1bWFfYXV0aG9yaXphdGlvbiJdfSwicmVzb3VyY2VfYWNjZXNzIjp7IjAyMDVjYiI6eyJyb2xlcyI6WyJ1bWFfcHJvdGVjdGlvbiJdfSwiYWNjb3VudCI6eyJyb2xlcyI6WyJtYW5hZ2UtYWNjb3VudCIsIm1hbmFnZS1hY2NvdW50LWxpbmtzIiwidmlldy1wcm9maWxlIl19fSwic2NvcGUiOiJwcm9maWxlIGVtYWlsIiwiZW1haWxfdmVyaWZpZWQiOmZhbHNlLCJjbGllbnRIb3N0IjoiMTAuMTAuMTAuMTUxIiwicHJlZmVycmVkX3VzZXJuYW1lIjoic2VydmljZS1hY2NvdW50LTAyMDVjYiIsImNsaWVudEFkZHJlc3MiOiIxMC4xMC4xMC4xNTEiLCJjbGllbnRfaWQiOiIwMjA1Y2IifQ.bATUogohrEqy7Voa4mFnsBzOnGy6tnjZGh_lOYRn-0hWXMY_fz-280nTu2Vv68eO3HeoewtWlt45S_iLI2-ml3pqpAlt3DXWVmLvVHw6d7TICHBfQsa0jGXMexKnyar7EinrVhF3deSK25Ap_ajC_82EvVvXrVG-7p9F1dEdq39y2R72JympejF5uhY_z_jNmqJSsnLEZVOo3WMJn76u9tTcYVIldC5uWGFWbPGEhvWPx4ZGpsuq_wrPOGdRmyJDFJPJl7LnLGHK0DBhuVtJUq_NFQkMus2fTTf_mWhRnoqNU-wUCS-fxMs6QusGzIVd-C3O29J3rerHTrGg21LAsQ[\r][\n]"
14:15:26.668 [main] DEBUG org.apache.http.wire - http-outgoing-24 >> "Content-Length: 518[\r][\n]"
14:15:26.668 [main] DEBUG org.apache.http.wire - http-outgoing-24 >> "Host: apipanapayqa.coonecta.com.ec[\r][\n]"
14:15:26.668 [main] DEBUG org.apache.http.wire - http-outgoing-24 >> "Connection: Keep-Alive[\r][\n]"
14:15:26.668 [main] DEBUG org.apache.http.wire - http-outgoing-24 >> "User-Agent: Apache-HttpClient/4.5.14 (Java/17.0.12)[\r][\n]"
14:15:26.668 [main] DEBUG org.apache.http.wire - http-outgoing-24 >> "Accept-Encoding: gzip,deflate[\r][\n]"
14:15:26.668 [main] DEBUG org.apache.http.wire - http-outgoing-24 >> "[\r][\n]"
14:15:26.668 [main] DEBUG org.apache.http.wire - http-outgoing-24 >> "{"GrpHdr":{"msgId":"02052025102251904687427","creDtTm":"2025-10-22T14:15:26","nbOfTxs":1,"sttlmInf":{"sttlmMtd":"INGA"},"instgAgt":{"finInstnId":"0205"},"InstdAgt":{"FinInstnId":"0205"},"Mge":{"Type":"acmt.998.321.01"},"ChnlId":"APP"},"CdtTrfTxInf":{"PmtId":{"EndToEndId":"02052025102246781"},"IntrBkSttlmAmt":{"Amt":1.0,"Ccy":"USD"},"DbtrAcctId":{"IBAN":"EC5002051000000000020501052673"},"CdtrAcctId":{"IBAN":"EC0402051000000000020101002318"},"Prtry":{"CustRef":"SWITCH-DOWN","ChanRef":"TERM001","AgtRef":"AGT0002"}}}"
14:15:29.961 [main] DEBUG org.apache.http.wire - http-outgoing-24 << "HTTP/1.1 200 OK[\r][\n]"
14:15:29.961 [main] DEBUG org.apache.http.wire - http-outgoing-24 << "Date: Wed, 22 Oct 2025 19:15:22 GMT[\r][\n]"
14:15:29.961 [main] DEBUG org.apache.http.wire - http-outgoing-24 << "Content-Type: application/json; charset=utf-8[\r][\n]"
14:15:29.961 [main] DEBUG org.apache.http.wire - http-outgoing-24 << "Transfer-Encoding: chunked[\r][\n]"
14:15:29.961 [main] DEBUG org.apache.http.wire - http-outgoing-24 << "Connection: keep-alive[\r][\n]"
14:15:29.961 [main] DEBUG org.apache.http.wire - http-outgoing-24 << "Server: Kestrel[\r][\n]"
14:15:29.961 [main] DEBUG org.apache.http.wire - http-outgoing-24 << "Content-Encoding: gzip[\r][\n]"
14:15:29.961 [main] DEBUG org.apache.http.wire - http-outgoing-24 << "Set-Cookie: ARRAffinity=135f536e0d078a815c3b83fda3468ab8a3a2abc604a35eefb28648d3961cfa9b;Path=/;HttpOnly;Secure;Domain=app-apipanapay-qa.azurewebsites.net[\r][\n]"
14:15:29.961 [main] DEBUG org.apache.http.wire - http-outgoing-24 << "Set-Cookie: ARRAffinitySameSite=135f536e0d078a815c3b83fda3468ab8a3a2abc604a35eefb28648d3961cfa9b;Path=/;HttpOnly;SameSite=None;Secure;Domain=app-apipanapay-qa.azurewebsites.net[\r][\n]"
14:15:29.961 [main] DEBUG org.apache.http.wire - http-outgoing-24 << "Vary: Accept-Encoding[\r][\n]"
14:15:29.961 [main] DEBUG org.apache.http.wire - http-outgoing-24 << "Request-Context: appId=cid-v1:a7a77847-2713-450f-9030-b350a2d54a28[\r][\n]"
14:15:29.961 [main] DEBUG org.apache.http.wire - http-outgoing-24 << "X-Powered-By: ASP.NET[\r][\n]"
14:15:29.963 [main] DEBUG org.apache.http.wire - http-outgoing-24 << "X-ARR-ClientCert: -----BEGIN%20CERTIFICATE-----%0AMIIEHDCCAgSgAwIBAgIUZIZBO0fb7VZ4KXrs01S4RYbWyJ8wDQYJKoZIhvcNAQEL%0ABQAwJTEjMCEGA1UEAwwacm9vdGNlcnQuY2JpYmxpYW4uaW50ZXJuYWwwHhcNMjUw%0AODEzMTMyNTU5WhcNMjgwODEyMTMyNTU5WjAnMSUwIwYDVQQDDBxjbGllbnRjZXJ0%0ALmNiaWJsaWFuLmludGVybmFsMIIBIjANBgkqhkiG9w0BAQEFAAOCAQ8AMIIBCgKC%0AAQEAskUDap6NmyYq8RT6F7z3DpZGQiflNQTvUT84TmxsKXEBRAkgINnkJqgKkd7f%0ASEybzqglQTbr4s41lCiPsy3X66qYjU2L%2Bojhni%2BOCVOX7n3JBYovL%2FqfMP3%2FkhZP%0AQIlK%2FQWPcrnl39fYkGOQv%2BYqoCGEPzGkib2m1Ma5Q1HOCKh1ErMjqTLGy%2ByJj6JY%0AiZvMx3YrJSvjUS0uKpNwxPtGyiexRfKsmR%2FHqPzRHa0iY%2B752KSgUedwJPv1Wod%2B%0AY9BMAMIdU25UtkUEsaOYtorGWDaZSn2Bl0LYmP87kjcYypnHx0jtPtUCXfVHrE6u%0AZnDRFYsZbeXylY3mJkyOL2DzZwIDAQABo0IwQDAdBgNVHQ4EFgQURPhJwTAcUWUp%0ArOqQO68P%2FbJoqjMwHwYDVR0jBBgwFoAU7GdlxoSeEXucEXhjadHRC9xzS0UwDQYJ%0AKoZIhvcNAQELBQADggIBAGTnlyF2n%2F6s9phYbO8V17niO0BXB62ToX6gPhcw9f3y%0AhMui6RnrM1oiHlBWqZquCqYJ5ETvYJE1RqvoqtGysxCnIj0OTJHV4WtF3SHsd1Tu%0ATg%2B%2FUnGivtBTDQxj9sbAtCaSYRBqPByP8jvSTDgXR1mgOrEGjr2PZdZSoKLj4OHi%0A9UCMJw7pJsyA4lbroKshQTYv5Ks5SqtJpdp0%2BUX0UUlbPJqXiadfbKdoXvEgcwbP%0ACqR9v7kGYmNxfaGLNGVrV%2BnLawIDmdYXJE%2F4WJh6sHfiZxEsE%2BB4PoKADrb1Eapt%0AnSdHUgRfc0i5f2lcmErnU8nCMO5TWdHFOgpYwTS8w17FhNFZpaSmyZKM7uHcUs7y%0AUbuiQtdXocfSSMf%2FeycBEU%2FHAVIWQEqY%2BbJdC0q%2FR%2BsESeBtXd4IEIxR0QfgscGk%0AJyCSFC8z%2FvCgrRsH5rePqKO7%2FLAsDTP4GIQNFNfF4Wh6bsPXuJmvvoMcnmy%2F58Wo%0AE0XaG8UPHVAeyEmhncdM32E7SJbR91aRr2CkV23OoUz%2BwKG2%2FuObHmAkuMkCbbcz%0AJQoC7DZg5FGw%2BZR7v1DIBct5QNJQ8bG%2FXGRxjWC6dU7jrGhOF1X%2B2YYcdx9XnwyM%0A9YPxUy5bVfMhIiKP2wEso5fjOZ4RTvnB5R6zD3maJK%2FtZAXVhtyqXSkBYFi4MvEs%0A-----END%20CERTIFICATE-----%0A[\r][\n]"
14:15:29.963 [main] DEBUG org.apache.http.wire - http-outgoing-24 << "[\r][\n]"
14:15:29.963 [main] DEBUG org.apache.http.wire - http-outgoing-24 << "1d0[\r][\n]"
14:15:29.963 [main] DEBUG org.apache.http.wire - http-outgoing-24 << "[0x1f][0x8b][0x8][0x0][0x0][0x0][0x0][0x0][0x4][0x0][0xed][0xbd][0x7]`[0x1c]I[0x96]%&/m[0xca]{J[0xf5]J[0xd7][0xe0]t[0xa1][0x8][0x80]`[0x13]$[0xd8][0x90]@[0x10][0xec][0xc1][0x88][0xcd][0xe6][0x92][0xec][0x1d]iG#)[0xab]*[0x81][0xca]eVe]f[0x16]@[0xcc][0xed][0x9d][0xbc][0xf7][0xde]{[0xef][0xbd][0xf7][0xde]{[0xef][0xbd][0xf7][0xba];[0x9d]N'[0xf7][0xdf][0xff]?\fd[0x1]l[0xf6][0xce]J[0xda][0xc9][0x9e]![0x80][0xaa][0xc8][0x1f]?~|[0x1f]?"~[0xf1]G[0x9f][0xd7][0xab]o[0xcf][0xea][0x8f][0x1e][0xfd][0xe2][0x8f][0xbe]h.[0xce]f[0x1f]=[0xfa]h[0x87][0x9e][0xbd][0x9d][0xbd][0xfb][0xbb];{[0xf4]c[0xe7][0xde][0x83][0x7][0x1f][0x8d]>:[0xa9][0xf3][0xa7][0xed][0x9b][0x5]}M[0x9f][0xdd][0xdf][0xde][0xdd][0xd9][0xde][0xdb]{[0xb3][0xbb][0xff]h[0xf7][0xfe][0xa3][0xdd][0x87][0xf4][0xfd][0x8b][0xc9][0x97][0xe7]o[0xde]5[0x1f]=[0xda][0x1d]}[0xf4][0xba]m[0xcb][0xc5][0xd9][0xf2][0x1c]@[0xf9][0xf7]/Z[0xc0]={[0xf1][0xf9][0xf1]G[0xbf]d[0xf4][0xd1][0xd9][0xb2]i/[0x8e]/Z|[0xfd][0xac]X[0xe2][0xcf][0xa5]t[0xbc][0xb7]s[0xdf]4[0x98]mj[0xf0][0xc5]E[0x8e][0xef][0xde]\[0xaf][0xe8][0xe7]G[0xd9]t[0xd1][0x8e][0x1f]><[0x18][0xdf][0xdb][0xdb][0x1b][0xef][0xec][0xec][0xa2][0xc5][0xc9]|Y[0xf2]+[0xc7]/_[0xf2][0xdf][0xb3][0xf6]MM[0x8]*V_[0xd6][0x17]K[0x1a][0xb8][0xf7]WiGO}`[0x88][0x18][0xfd][0xfd][0xdd][0x87];[0xfb][0x9f][0x1e]<[0xd8][0xdf][0x3][0x9][0xa4][0xd9]E[0xde][0xef]vwL[0xbd]j[0x83][\r][0x84][0xda][0xfb][0x14][0xa8][0xbc]\[0xb4][0xe8][0xe8][0x17]t[0xba][0x9c][0xbd][0xa9][0xe8][0x1f][0xfc][0x15]t[0xbb][0xff][0xe9][0x83][0x3][0xc0]#t[0xf1][0xd5][0xee][0xc1][0xfd][0xfd]}[0xbc][0xf9][0xe6][0xdd][0xeb][0x96]([0xfc][0xd1][0x97]o[0xe9][0xcb]W[0xcd][0x12]@[0xe8][0xc7][0x9][0x1a][0xd1][0x9c][0xed][0xd0][0xa7][0xc7][0xb3]Y[[0xf2][0xb0]>zSg[0xcb]&[0x9b]N[0x8b][0xf4]o][0xa6][0xa7][0xef][0x8a][0xb6]j2@y:iy[0xba][0x8f][0xd7][0xed][0xfc][0xa4][0x9a]a(~[0xe7][0xbb][0xfb][0xbb][0xf4][0xfb][0xc3][0xfd][0x87][0xf]v[0xef][0xa1]9Q[0xee][0xc6][0xe6][0xbb][0xf7][0xe][0x1e][0xdc][0xbf][0xcf][0xcd]y[0xbe][0x9f][0xd2][0xd4]y[0xc3][0xff][0xe8][0x97][0xfc][\r][\n]"
14:15:29.963 [main] DEBUG org.apache.http.wire - http-outgoing-24 << "b[\r][\n]"
14:15:29.963 [main] DEBUG org.apache.http.wire - http-outgoing-24 << "[0x92][0xff][0x7]a=p[0xe9]h[0x2][0x0][0x0][\r][\n]"
14:15:29.963 [main] DEBUG org.apache.http.wire - http-outgoing-24 << "0[\r][\n]"
14:15:29.963 [main] DEBUG org.apache.http.wire - http-outgoing-24 << "[\r][\n]"
14:15:29.963 [main] DEBUG org.apache.http.headers - http-outgoing-24 << HTTP/1.1 200 OK
14:15:29.963 [main] DEBUG org.apache.http.headers - http-outgoing-24 << Date: Wed, 22 Oct 2025 19:15:22 GMT
14:15:29.963 [main] DEBUG org.apache.http.headers - http-outgoing-24 << Content-Type: application/json; charset=utf-8
14:15:29.963 [main] DEBUG org.apache.http.headers - http-outgoing-24 << Transfer-Encoding: chunked
14:15:29.963 [main] DEBUG org.apache.http.headers - http-outgoing-24 << Connection: keep-alive
14:15:29.963 [main] DEBUG org.apache.http.headers - http-outgoing-24 << Server: Kestrel
14:15:29.963 [main] DEBUG org.apache.http.headers - http-outgoing-24 << Content-Encoding: gzip
14:15:29.963 [main] DEBUG org.apache.http.headers - http-outgoing-24 << Set-Cookie: ARRAffinity=135f536e0d078a815c3b83fda3468ab8a3a2abc604a35eefb28648d3961cfa9b;Path=/;HttpOnly;Secure;Domain=app-apipanapay-qa.azurewebsites.net
14:15:29.963 [main] DEBUG org.apache.http.headers - http-outgoing-24 << Set-Cookie: ARRAffinitySameSite=135f536e0d078a815c3b83fda3468ab8a3a2abc604a35eefb28648d3961cfa9b;Path=/;HttpOnly;SameSite=None;Secure;Domain=app-apipanapay-qa.azurewebsites.net
14:15:29.963 [main] DEBUG org.apache.http.headers - http-outgoing-24 << Vary: Accept-Encoding
14:15:29.963 [main] DEBUG org.apache.http.headers - http-outgoing-24 << Request-Context: appId=cid-v1:a7a77847-2713-450f-9030-b350a2d54a28
14:15:29.963 [main] DEBUG org.apache.http.headers - http-outgoing-24 << X-Powered-By: ASP.NET
14:15:29.963 [main] DEBUG org.apache.http.headers - http-outgoing-24 << X-ARR-ClientCert: -----BEGIN%20CERTIFICATE-----%0AMIIEHDCCAgSgAwIBAgIUZIZBO0fb7VZ4KXrs01S4RYbWyJ8wDQYJKoZIhvcNAQEL%0ABQAwJTEjMCEGA1UEAwwacm9vdGNlcnQuY2JpYmxpYW4uaW50ZXJuYWwwHhcNMjUw%0AODEzMTMyNTU5WhcNMjgwODEyMTMyNTU5WjAnMSUwIwYDVQQDDBxjbGllbnRjZXJ0%0ALmNiaWJsaWFuLmludGVybmFsMIIBIjANBgkqhkiG9w0BAQEFAAOCAQ8AMIIBCgKC%0AAQEAskUDap6NmyYq8RT6F7z3DpZGQiflNQTvUT84TmxsKXEBRAkgINnkJqgKkd7f%0ASEybzqglQTbr4s41lCiPsy3X66qYjU2L%2Bojhni%2BOCVOX7n3JBYovL%2FqfMP3%2FkhZP%0AQIlK%2FQWPcrnl39fYkGOQv%2BYqoCGEPzGkib2m1Ma5Q1HOCKh1ErMjqTLGy%2ByJj6JY%0AiZvMx3YrJSvjUS0uKpNwxPtGyiexRfKsmR%2FHqPzRHa0iY%2B752KSgUedwJPv1Wod%2B%0AY9BMAMIdU25UtkUEsaOYtorGWDaZSn2Bl0LYmP87kjcYypnHx0jtPtUCXfVHrE6u%0AZnDRFYsZbeXylY3mJkyOL2DzZwIDAQABo0IwQDAdBgNVHQ4EFgQURPhJwTAcUWUp%0ArOqQO68P%2FbJoqjMwHwYDVR0jBBgwFoAU7GdlxoSeEXucEXhjadHRC9xzS0UwDQYJ%0AKoZIhvcNAQELBQADggIBAGTnlyF2n%2F6s9phYbO8V17niO0BXB62ToX6gPhcw9f3y%0AhMui6RnrM1oiHlBWqZquCqYJ5ETvYJE1RqvoqtGysxCnIj0OTJHV4WtF3SHsd1Tu%0ATg%2B%2FUnGivtBTDQxj9sbAtCaSYRBqPByP8jvSTDgXR1mgOrEGjr2PZdZSoKLj4OHi%0A9UCMJw7pJsyA4lbroKshQTYv5Ks5SqtJpdp0%2BUX0UUlbPJqXiadfbKdoXvEgcwbP%0ACqR9v7kGYmNxfaGLNGVrV%2BnLawIDmdYXJE%2F4WJh6sHfiZxEsE%2BB4PoKADrb1Eapt%0AnSdHUgRfc0i5f2lcmErnU8nCMO5TWdHFOgpYwTS8w17FhNFZpaSmyZKM7uHcUs7y%0AUbuiQtdXocfSSMf%2FeycBEU%2FHAVIWQEqY%2BbJdC0q%2FR%2BsESeBtXd4IEIxR0QfgscGk%0AJyCSFC8z%2FvCgrRsH5rePqKO7%2FLAsDTP4GIQNFNfF4Wh6bsPXuJmvvoMcnmy%2F58Wo%0AE0XaG8UPHVAeyEmhncdM32E7SJbR91aRr2CkV23OoUz%2BwKG2%2FuObHmAkuMkCbbcz%0AJQoC7DZg5FGw%2BZR7v1DIBct5QNJQ8bG%2FXGRxjWC6dU7jrGhOF1X%2B2YYcdx9XnwyM%0A9YPxUy5bVfMhIiKP2wEso5fjOZ4RTvnB5R6zD3maJK%2FtZAXVhtyqXSkBYFi4MvEs%0A-----END%20CERTIFICATE-----%0A
14:15:29.963 [main] DEBUG org.apache.http.impl.execchain.MainClientExec - Connection can be kept alive indefinitely
14:15:29.965 [main] DEBUG org.apache.http.client.protocol.ResponseProcessCookies - Cookie accepted [ARRAffinity="135f536e0d078a815c3b83fda3468ab8a3a2abc604a35eefb28648d3961cfa9b", version:0, domain:app-apipanapay-qa.azurewebsites.net, path:/, expiry:null]
14:15:29.965 [main] DEBUG org.apache.http.client.protocol.ResponseProcessCookies - Cookie accepted [ARRAffinitySameSite="135f536e0d078a815c3b83fda3468ab8a3a2abc604a35eefb28648d3961cfa9b", version:0, domain:app-apipanapay-qa.azurewebsites.net, path:/, expiry:null]
14:15:29.969 [main] DEBUG org.apache.http.impl.conn.DefaultManagedHttpClientConnection - http-outgoing-24: Close connection
14:15:30.055 [main] DEBUG org.apache.http.impl.execchain.MainClientExec - Connection discarded
14:15:30.055 [main] DEBUG org.apache.http.impl.conn.PoolingHttpClientConnectionManager - Connection released: [id: 24][route: {s}->https://apipanapayqa.coonecta.com.ec:443][total available: 0; route allocated: 0 of 5; total allocated: 0 of 10]
14:15:30.063 [main] DEBUG org.apache.http.impl.conn.PoolingHttpClientConnectionManager - Connection manager is shutting down
14:15:30.063 [main] DEBUG org.apache.http.impl.conn.PoolingHttpClientConnectionManager - Connection manager shut down
14:15:30.063 [main] DEBUG com.intuit.karate - response time in milliseconds: 3763
1 < 200
1 < Date: Wed, 22 Oct 2025 19:15:22 GMT
1 < Content-Type: application/json; charset=utf-8
1 < Transfer-Encoding: chunked
1 < Connection: keep-alive
1 < Server: Kestrel
1 < Set-Cookie: ARRAffinity=135f536e0d078a815c3b83fda3468ab8a3a2abc604a35eefb28648d3961cfa9b;Path=/;HttpOnly;Secure;Domain=app-apipanapay-qa.azurewebsites.net
1 < Set-Cookie: ARRAffinitySameSite=135f536e0d078a815c3b83fda3468ab8a3a2abc604a35eefb28648d3961cfa9b;Path=/;HttpOnly;SameSite=None;Secure;Domain=app-apipanapay-qa.azurewebsites.net
1 < Vary: Accept-Encoding
1 < Request-Context: appId=cid-v1:a7a77847-2713-450f-9030-b350a2d54a28
1 < X-Powered-By: ASP.NET
1 < X-ARR-ClientCert: -----BEGIN%20CERTIFICATE-----%0AMIIEHDCCAgSgAwIBAgIUZIZBO0fb7VZ4KXrs01S4RYbWyJ8wDQYJKoZIhvcNAQEL%0ABQAwJTEjMCEGA1UEAwwacm9vdGNlcnQuY2JpYmxpYW4uaW50ZXJuYWwwHhcNMjUw%0AODEzMTMyNTU5WhcNMjgwODEyMTMyNTU5WjAnMSUwIwYDVQQDDBxjbGllbnRjZXJ0%0ALmNiaWJsaWFuLmludGVybmFsMIIBIjANBgkqhkiG9w0BAQEFAAOCAQ8AMIIBCgKC%0AAQEAskUDap6NmyYq8RT6F7z3DpZGQiflNQTvUT84TmxsKXEBRAkgINnkJqgKkd7f%0ASEybzqglQTbr4s41lCiPsy3X66qYjU2L%2Bojhni%2BOCVOX7n3JBYovL%2FqfMP3%2FkhZP%0AQIlK%2FQWPcrnl39fYkGOQv%2BYqoCGEPzGkib2m1Ma5Q1HOCKh1ErMjqTLGy%2ByJj6JY%0AiZvMx3YrJSvjUS0uKpNwxPtGyiexRfKsmR%2FHqPzRHa0iY%2B752KSgUedwJPv1Wod%2B%0AY9BMAMIdU25UtkUEsaOYtorGWDaZSn2Bl0LYmP87kjcYypnHx0jtPtUCXfVHrE6u%0AZnDRFYsZbeXylY3mJkyOL2DzZwIDAQABo0IwQDAdBgNVHQ4EFgQURPhJwTAcUWUp%0ArOqQO68P%2FbJoqjMwHwYDVR0jBBgwFoAU7GdlxoSeEXucEXhjadHRC9xzS0UwDQYJ%0AKoZIhvcNAQELBQADggIBAGTnlyF2n%2F6s9phYbO8V17niO0BXB62ToX6gPhcw9f3y%0AhMui6RnrM1oiHlBWqZquCqYJ5ETvYJE1RqvoqtGysxCnIj0OTJHV4WtF3SHsd1Tu%0ATg%2B%2FUnGivtBTDQxj9sbAtCaSYRBqPByP8jvSTDgXR1mgOrEGjr2PZdZSoKLj4OHi%0A9UCMJw7pJsyA4lbroKshQTYv5Ks5SqtJpdp0%2BUX0UUlbPJqXiadfbKdoXvEgcwbP%0ACqR9v7kGYmNxfaGLNGVrV%2BnLawIDmdYXJE%2F4WJh6sHfiZxEsE%2BB4PoKADrb1Eapt%0AnSdHUgRfc0i5f2lcmErnU8nCMO5TWdHFOgpYwTS8w17FhNFZpaSmyZKM7uHcUs7y%0AUbuiQtdXocfSSMf%2FeycBEU%2FHAVIWQEqY%2BbJdC0q%2FR%2BsESeBtXd4IEIxR0QfgscGk%0AJyCSFC8z%2FvCgrRsH5rePqKO7%2FLAsDTP4GIQNFNfF4Wh6bsPXuJmvvoMcnmy%2F58Wo%0AE0XaG8UPHVAeyEmhncdM32E7SJbR91aRr2CkV23OoUz%2BwKG2%2FuObHmAkuMkCbbcz%0AJQoC7DZg5FGw%2BZR7v1DIBct5QNJQ8bG%2FXGRxjWC6dU7jrGhOF1X%2B2YYcdx9XnwyM%0A9YPxUy5bVfMhIiKP2wEso5fjOZ4RTvnB5R6zD3maJK%2FtZAXVhtyqXSkBYFi4MvEs%0A-----END%20CERTIFICATE-----%0A
{"GrpHdr":{"MsgId":"000020251022020377","CreDtTm":"2025-10-22T14:15:19","NbOfTxs":1,"SttlmInf":{"SttlmMtd":"INGA"},"InstgAgt":{"FinInstnId":"0205"},"InstdAgt":{"FinInstnId":"0205"},"Mge":{"Type":"acmt.998.322.001"},"ChnlId":"APP"},"CdtTrfTxInf":{"OrgnGrpInf":{"OrgnlMsgId":"02052025102251904687427","OrgnlMgeType":"acmt.998.321.01","OrgnlCreDtTm":"2025-10-22T14:15:26"},"PmtId":{"EndToEndId":"02052025102246781","TxId":"18544"},"TxSts":"Ok","Rsn":{"RsnCd":"0000","AddtlInf":"Transacción Exitosa"},"Dbtr":{"AuthCode":"020520251022141520949713"},"Cdtr":{"AuthCode":"020520251022141521387553"},"SttlmDt":"2025-10-22"}}

14:15:30.063 [main] ERROR com.intuit.karate - classpath:Transferencia.feature:446
Then match responseStatus in normalizedStatus
no step-definition method match found for: match responseStatus in normalizedStatus
classpath:Transferencia.feature:446
]]></system-out>
  </testcase>
  <testcase name="[25:450] Transferencia no exitosa, token caducado o expirado" classname="Transferencia" time="2.595">
    <failure message="js failed:&#10;&gt;&gt;&gt;&gt;&#10;01: karate.clone(authHeaders)&#10;&lt;&lt;&lt;&lt;&#10;org.graalvm.polyglot.PolyglotException: TypeError: invokeMember (clone) on com.intuit.karate.core.ScenarioBridge failed due to: Unknown identifier: clone&#10;- &lt;js&gt;.:program(Unnamed:1)&#10;&#10;classpath:Transferencia.feature:451" type="org.opentest4j.AssertionFailedError"><![CDATA[org.opentest4j.AssertionFailedError: 
js failed:
>>>>
01: karate.clone(authHeaders)
<<<<
org.graalvm.polyglot.PolyglotException: TypeError: invokeMember (clone) on com.intuit.karate.core.ScenarioBridge failed due to: Unknown identifier: clone
- <js>.:program(Unnamed:1)

classpath:Transferencia.feature:451
	at org.junit.jupiter.api.AssertionUtils.fail(AssertionUtils.java:38)
	at org.junit.jupiter.api.Assertions.fail(Assertions.java:135)
	at com.intuit.karate.junit5.FeatureNode.lambda$next$1(FeatureNode.java:86)
	at org.junit.jupiter.engine.descriptor.DynamicTestTestDescriptor.lambda$execute$0(DynamicTestTestDescriptor.java:53)
	at org.junit.jupiter.engine.execution.InvocationInterceptorChain$ValidatingInvocation.proceed(InvocationInterceptorChain.java:131)
	at org.junit.jupiter.api.extension.InvocationInterceptor.interceptDynamicTest(InvocationInterceptor.java:167)
	at org.junit.jupiter.api.extension.InvocationInterceptor.interceptDynamicTest(InvocationInterceptor.java:184)
	at org.junit.jupiter.engine.descriptor.DynamicTestTestDescriptor.lambda$execute$1(DynamicTestTestDescriptor.java:61)
	at org.junit.jupiter.engine.execution.InvocationInterceptorChain$InterceptorCall.lambda$ofVoid$0(InvocationInterceptorChain.java:78)
	at org.junit.jupiter.engine.execution.InvocationInterceptorChain$InterceptedInvocation.proceed(InvocationInterceptorChain.java:106)
	at org.junit.jupiter.engine.execution.InvocationInterceptorChain.proceed(InvocationInterceptorChain.java:64)
	at org.junit.jupiter.engine.execution.InvocationInterceptorChain.chainAndInvoke(InvocationInterceptorChain.java:45)
	at org.junit.jupiter.engine.execution.InvocationInterceptorChain.invoke(InvocationInterceptorChain.java:37)
	at org.junit.jupiter.engine.descriptor.DynamicTestTestDescriptor.execute(DynamicTestTestDescriptor.java:60)
	at org.junit.jupiter.engine.descriptor.DynamicTestTestDescriptor.execute(DynamicTestTestDescriptor.java:32)
	at org.junit.platform.engine.support.hierarchical.NodeTestTask.lambda$executeRecursively$6(NodeTestTask.java:151)
	at org.junit.platform.engine.support.hierarchical.ThrowableCollector.execute(ThrowableCollector.java:73)
	at org.junit.platform.engine.support.hierarchical.NodeTestTask.lambda$executeRecursively$8(NodeTestTask.java:141)
	at org.junit.platform.engine.support.hierarchical.Node.around(Node.java:137)
	at org.junit.platform.engine.support.hierarchical.NodeTestTask.lambda$executeRecursively$9(NodeTestTask.java:139)
	at org.junit.platform.engine.support.hierarchical.ThrowableCollector.execute(ThrowableCollector.java:73)
	at org.junit.platform.engine.support.hierarchical.NodeTestTask.executeRecursively(NodeTestTask.java:138)
	at org.junit.platform.engine.support.hierarchical.NodeTestTask.execute(NodeTestTask.java:95)
	at org.junit.platform.engine.support.hierarchical.SameThreadHierarchicalTestExecutorService.submit(SameThreadHierarchicalTestExecutorService.java:35)
	at org.junit.platform.engine.support.hierarchical.NodeTestTask$DefaultDynamicTestExecutor.execute(NodeTestTask.java:226)
	at org.junit.platform.engine.support.hierarchical.NodeTestTask$DefaultDynamicTestExecutor.execute(NodeTestTask.java:204)
	at java.base/java.util.stream.ForEachOps$ForEachOp$OfRef.accept(ForEachOps.java:183)
	at java.base/java.util.stream.ReferencePipeline$3$1.accept(ReferencePipeline.java:197)
	at java.base/java.util.stream.ReferencePipeline$2$1.accept(ReferencePipeline.java:179)
	at java.base/java.util.stream.ReferencePipeline$3$1.accept(ReferencePipeline.java:197)
	at java.base/java.util.Iterator.forEachRemaining(Iterator.java:133)
	at java.base/java.util.Spliterators$IteratorSpliterator.forEachRemaining(Spliterators.java:1845)
	at java.base/java.util.stream.AbstractPipeline.copyInto(AbstractPipeline.java:509)
	at java.base/java.util.stream.AbstractPipeline.wrapAndCopyInto(AbstractPipeline.java:499)
	at java.base/java.util.stream.ForEachOps$ForEachOp.evaluateSequential(ForEachOps.java:150)
	at java.base/java.util.stream.ForEachOps$ForEachOp$OfRef.evaluateSequential(ForEachOps.java:173)
	at java.base/java.util.stream.AbstractPipeline.evaluate(AbstractPipeline.java:234)
	at java.base/java.util.stream.ReferencePipeline.forEachOrdered(ReferencePipeline.java:601)
	at org.junit.jupiter.engine.descriptor.DynamicContainerTestDescriptor.execute(DynamicContainerTestDescriptor.java:67)
	at org.junit.jupiter.engine.descriptor.DynamicContainerTestDescriptor.execute(DynamicContainerTestDescriptor.java:33)
	at org.junit.platform.engine.support.hierarchical.NodeTestTask.lambda$executeRecursively$6(NodeTestTask.java:151)
	at org.junit.platform.engine.support.hierarchical.ThrowableCollector.execute(ThrowableCollector.java:73)
	at org.junit.platform.engine.support.hierarchical.NodeTestTask.lambda$executeRecursively$8(NodeTestTask.java:141)
	at org.junit.platform.engine.support.hierarchical.Node.around(Node.java:137)
	at org.junit.platform.engine.support.hierarchical.NodeTestTask.lambda$executeRecursively$9(NodeTestTask.java:139)
	at org.junit.platform.engine.support.hierarchical.ThrowableCollector.execute(ThrowableCollector.java:73)
	at org.junit.platform.engine.support.hierarchical.NodeTestTask.executeRecursively(NodeTestTask.java:138)
	at org.junit.platform.engine.support.hierarchical.NodeTestTask.execute(NodeTestTask.java:95)
	at org.junit.platform.engine.support.hierarchical.SameThreadHierarchicalTestExecutorService.submit(SameThreadHierarchicalTestExecutorService.java:35)
	at org.junit.platform.engine.support.hierarchical.NodeTestTask$DefaultDynamicTestExecutor.execute(NodeTestTask.java:226)
	at org.junit.platform.engine.support.hierarchical.NodeTestTask$DefaultDynamicTestExecutor.execute(NodeTestTask.java:204)
	at java.base/java.util.Optional.ifPresent(Optional.java:178)
	at org.junit.jupiter.engine.descriptor.TestFactoryTestDescriptor.lambda$invokeTestMethod$1(TestFactoryTestDescriptor.java:108)
	at org.junit.platform.engine.support.hierarchical.ThrowableCollector.execute(ThrowableCollector.java:73)
	at org.junit.jupiter.engine.descriptor.TestFactoryTestDescriptor.invokeTestMethod(TestFactoryTestDescriptor.java:95)
	at org.junit.jupiter.engine.descriptor.TestMethodTestDescriptor.execute(TestMethodTestDescriptor.java:138)
	at org.junit.jupiter.engine.descriptor.TestMethodTestDescriptor.execute(TestMethodTestDescriptor.java:68)
	at org.junit.platform.engine.support.hierarchical.NodeTestTask.lambda$executeRecursively$6(NodeTestTask.java:151)
	at org.junit.platform.engine.support.hierarchical.ThrowableCollector.execute(ThrowableCollector.java:73)
	at org.junit.platform.engine.support.hierarchical.NodeTestTask.lambda$executeRecursively$8(NodeTestTask.java:141)
	at org.junit.platform.engine.support.hierarchical.Node.around(Node.java:137)
	at org.junit.platform.engine.support.hierarchical.NodeTestTask.lambda$executeRecursively$9(NodeTestTask.java:139)
	at org.junit.platform.engine.support.hierarchical.ThrowableCollector.execute(ThrowableCollector.java:73)
	at org.junit.platform.engine.support.hierarchical.NodeTestTask.executeRecursively(NodeTestTask.java:138)
	at org.junit.platform.engine.support.hierarchical.NodeTestTask.execute(NodeTestTask.java:95)
	at java.base/java.util.ArrayList.forEach(ArrayList.java:1511)
	at org.junit.platform.engine.support.hierarchical.SameThreadHierarchicalTestExecutorService.invokeAll(SameThreadHierarchicalTestExecutorService.java:41)
	at org.junit.platform.engine.support.hierarchical.NodeTestTask.lambda$executeRecursively$6(NodeTestTask.java:155)
	at org.junit.platform.engine.support.hierarchical.ThrowableCollector.execute(ThrowableCollector.java:73)
	at org.junit.platform.engine.support.hierarchical.NodeTestTask.lambda$executeRecursively$8(NodeTestTask.java:141)
	at org.junit.platform.engine.support.hierarchical.Node.around(Node.java:137)
	at org.junit.platform.engine.support.hierarchical.NodeTestTask.lambda$executeRecursively$9(NodeTestTask.java:139)
	at org.junit.platform.engine.support.hierarchical.ThrowableCollector.execute(ThrowableCollector.java:73)
	at org.junit.platform.engine.support.hierarchical.NodeTestTask.executeRecursively(NodeTestTask.java:138)
	at org.junit.platform.engine.support.hierarchical.NodeTestTask.execute(NodeTestTask.java:95)
	at java.base/java.util.ArrayList.forEach(ArrayList.java:1511)
	at org.junit.platform.engine.support.hierarchical.SameThreadHierarchicalTestExecutorService.invokeAll(SameThreadHierarchicalTestExecutorService.java:41)
	at org.junit.platform.engine.support.hierarchical.NodeTestTask.lambda$executeRecursively$6(NodeTestTask.java:155)
	at org.junit.platform.engine.support.hierarchical.ThrowableCollector.execute(ThrowableCollector.java:73)
	at org.junit.platform.engine.support.hierarchical.NodeTestTask.lambda$executeRecursively$8(NodeTestTask.java:141)
	at org.junit.platform.engine.support.hierarchical.Node.around(Node.java:137)
	at org.junit.platform.engine.support.hierarchical.NodeTestTask.lambda$executeRecursively$9(NodeTestTask.java:139)
	at org.junit.platform.engine.support.hierarchical.ThrowableCollector.execute(ThrowableCollector.java:73)
	at org.junit.platform.engine.support.hierarchical.NodeTestTask.executeRecursively(NodeTestTask.java:138)
	at org.junit.platform.engine.support.hierarchical.NodeTestTask.execute(NodeTestTask.java:95)
	at org.junit.platform.engine.support.hierarchical.SameThreadHierarchicalTestExecutorService.submit(SameThreadHierarchicalTestExecutorService.java:35)
	at org.junit.platform.engine.support.hierarchical.HierarchicalTestExecutor.execute(HierarchicalTestExecutor.java:57)
	at org.junit.platform.engine.support.hierarchical.HierarchicalTestEngine.execute(HierarchicalTestEngine.java:54)
	at org.junit.platform.launcher.core.EngineExecutionOrchestrator.execute(EngineExecutionOrchestrator.java:147)
	at org.junit.platform.launcher.core.EngineExecutionOrchestrator.execute(EngineExecutionOrchestrator.java:127)
	at org.junit.platform.launcher.core.EngineExecutionOrchestrator.execute(EngineExecutionOrchestrator.java:90)
	at org.junit.platform.launcher.core.EngineExecutionOrchestrator.lambda$execute$0(EngineExecutionOrchestrator.java:55)
	at org.junit.platform.launcher.core.EngineExecutionOrchestrator.withInterceptedStreams(EngineExecutionOrchestrator.java:102)
	at org.junit.platform.launcher.core.EngineExecutionOrchestrator.execute(EngineExecutionOrchestrator.java:54)
	at org.junit.platform.launcher.core.DefaultLauncher.execute(DefaultLauncher.java:114)
	at org.junit.platform.launcher.core.DefaultLauncher.execute(DefaultLauncher.java:86)
	at org.junit.platform.launcher.core.DefaultLauncherSession$DelegatingLauncher.execute(DefaultLauncherSession.java:86)
	at org.apache.maven.surefire.junitplatform.LazyLauncher.execute(LazyLauncher.java:56)
	at org.apache.maven.surefire.junitplatform.JUnitPlatformProvider.execute(JUnitPlatformProvider.java:184)
	at org.apache.maven.surefire.junitplatform.JUnitPlatformProvider.invokeAllTests(JUnitPlatformProvider.java:148)
	at org.apache.maven.surefire.junitplatform.JUnitPlatformProvider.invoke(JUnitPlatformProvider.java:122)
	at org.apache.maven.surefire.booter.ForkedBooter.runSuitesInProcess(ForkedBooter.java:385)
	at org.apache.maven.surefire.booter.ForkedBooter.execute(ForkedBooter.java:162)
	at org.apache.maven.surefire.booter.ForkedBooter.run(ForkedBooter.java:507)
	at org.apache.maven.surefire.booter.ForkedBooter.main(ForkedBooter.java:495)
]]></failure>
    <system-out><![CDATA[14:15:30.088 [main] DEBUG com.intuit.karate - key store key count for classpath:certificado/clientcert.cbiblian.internal 1.pfx: 1
14:15:30.096 [main] DEBUG com.jayway.jsonpath.internal.path.CompiledPath - Evaluating path: $
14:15:30.096 [main] DEBUG com.jayway.jsonpath.internal.path.CompiledPath - Evaluating path: $['Authorization']
14:15:30.096 [main] DEBUG com.jayway.jsonpath.internal.path.CompiledPath - Evaluating path: $
14:15:30.096 [main] DEBUG com.jayway.jsonpath.internal.path.CompiledPath - Evaluating path: $
14:15:30.096 [main] DEBUG com.jayway.jsonpath.internal.JsonContext - Put path $ key Authorization value {}
14:15:30.096 [main] DEBUG com.jayway.jsonpath.internal.path.CompiledPath - Evaluating path: $
14:15:30.096 [main] DEBUG com.jayway.jsonpath.internal.JsonContext - Put path $ key Authorization value Bearer eyJhbGciOiJSUzI1NiIsInR5cCIgOiAiSldUIiwia2lkIiA6ICI2dUJWTkN6VlViUFBlTFdReEM0WDAyYVM3UnM2UGRYV1dja1dfc0xZMHlFIn0.eyJleHAiOjE3NjExNjA3NTAsImlhdCI6MTc2MTE2MDQ1MCwianRpIjoidHJydGNjOjQ5Yjg0NDVjLTgzYTAtMjI4Ni02NDczLWE2ZGEzOTBhOWQ0YSIsImlzcyI6Imh0dHBzOi8vYXV0ZW50aWNhY2lvbnFhLmNvb25lY3RhLmNvbS5lYy9hdXRoL3JlYWxtcy9QQU5BUEFZIiwiYXVkIjoiYWNjb3VudCIsInN1YiI6Ijk5OGMyZmUwLTJjOGYtNGQwNC1iZjExLWY1OWExZTM5ODg3MyIsInR5cCI6IkJlYXJlciIsImF6cCI6IjAyMDVjYiIsImFjciI6IjEiLCJhbGxvd2VkLW9yaWdpbnMiOlsiLyoiXSwicmVhbG1fYWNjZXNzIjp7InJvbGVzIjpbImRlZmF1bHQtcm9sZXMtYWRtaW5wYW5hcGF5Iiwib2ZmbGluZV9hY2Nlc3MiLCJ1bWFfYXV0aG9yaXphdGlvbiJdfSwicmVzb3VyY2VfYWNjZXNzIjp7IjAyMDVjYiI6eyJyb2xlcyI6WyJ1bWFfcHJvdGVjdGlvbiJdfSwiYWNjb3VudCI6eyJyb2xlcyI6WyJtYW5hZ2UtYWNjb3VudCIsIm1hbmFnZS1hY2NvdW50LWxpbmtzIiwidmlldy1wcm9maWxlIl19fSwic2NvcGUiOiJwcm9maWxlIGVtYWlsIiwiZW1haWxfdmVyaWZpZWQiOmZhbHNlLCJjbGllbnRIb3N0IjoiMTAuMTAuMTAuMTUxIiwicHJlZmVycmVkX3VzZXJuYW1lIjoic2VydmljZS1hY2NvdW50LTAyMDVjYiIsImNsaWVudEFkZHJlc3MiOiIxMC4xMC4xMC4xNTEiLCJjbGllbnRfaWQiOiIwMjA1Y2IifQ.bATUogohrEqy7Voa4mFnsBzOnGy6tnjZGh_lOYRn-0hWXMY_fz-280nTu2Vv68eO3HeoewtWlt45S_iLI2-ml3pqpAlt3DXWVmLvVHw6d7TICHBfQsa0jGXMexKnyar7EinrVhF3deSK25Ap_ajC_82EvVvXrVG-7p9F1dEdq39y2R72JympejF5uhY_z_jNmqJSsnLEZVOo3WMJn76u9tTcYVIldC5uWGFWbPGEhvWPx4ZGpsuq_wrPOGdRmyJDFJPJl7LnLGHK0DBhuVtJUq_NFQkMus2fTTf_mWhRnoqNU-wUCS-fxMs6QusGzIVd-C3O29J3rerHTrGg21LAsQ
14:15:30.096 [main] DEBUG com.jayway.jsonpath.internal.path.CompiledPath - Evaluating path: $
14:15:30.137 [main] ERROR com.intuit.karate - classpath:Transferencia.feature:451
* def expiredHeaders = karate.clone(authHeaders)
js failed:
>>>>
01: karate.clone(authHeaders)
<<<<
org.graalvm.polyglot.PolyglotException: TypeError: invokeMember (clone) on com.intuit.karate.core.ScenarioBridge failed due to: Unknown identifier: clone
- <js>.:program(Unnamed:1)

classpath:Transferencia.feature:451
14:15:30.151 [main] DEBUG com.jayway.jsonpath.internal.path.CompiledPath - Evaluating path: $
14:15:30.195 [main] DEBUG com.jayway.jsonpath.internal.path.CompiledPath - Evaluating path: $
14:15:30.254 [main] DEBUG org.thymeleaf.TemplateEngine - [THYMELEAF] INITIALIZING TEMPLATE ENGINE
14:15:30.534 [main] DEBUG org.thymeleaf.TemplateEngine.CONFIG - Initializing Thymeleaf Template engine configuration...
[THYMELEAF] TEMPLATE ENGINE CONFIGURATION:
[THYMELEAF] * Thymeleaf version: 3.0.14.RELEASE (built 2021-12-08T00:45:29+0000)
[THYMELEAF] * Cache Manager implementation: org.thymeleaf.cache.StandardCacheManager
[THYMELEAF] * Template resolvers:
[THYMELEAF]     * [1] com.intuit.karate.template.ResourceHtmlTemplateResolver
[THYMELEAF] * Message resolvers:
[THYMELEAF]     * org.thymeleaf.messageresolver.StandardMessageResolver
[THYMELEAF] * Link builders:
[THYMELEAF]     * org.thymeleaf.linkbuilder.StandardLinkBuilder
[THYMELEAF] * Dialect [1 of 2]: Standard (com.intuit.karate.template.KarateStandardDialect)
[THYMELEAF]     * Prefix: "th"
[THYMELEAF]     * Processors for Template Mode: HTML
[THYMELEAF]         * Element Tag Processors by [matching element and attribute name] [precedence]:
[THYMELEAF]             * [* {th:include,data-th-include}] [100]: org.thymeleaf.standard.processor.StandardIncludeTagProcessor
[THYMELEAF]             * [* {th:insert,data-th-insert}] [100]: org.thymeleaf.standard.processor.StandardInsertTagProcessor
[THYMELEAF]             * [* {th:replace,data-th-replace}] [100]: org.thymeleaf.standard.processor.StandardReplaceTagProcessor
[THYMELEAF]             * [* {th:substituteby,data-th-substituteby}] [100]: org.thymeleaf.standard.processor.StandardSubstituteByTagProcessor
[THYMELEAF]             * [* {th:each,data-th-each}] [200]: com.intuit.karate.template.KarateEachTagProcessor
[THYMELEAF]             * [* {th:switch,data-th-switch}] [250]: org.thymeleaf.standard.processor.StandardSwitchTagProcessor
[THYMELEAF]             * [* {th:case,data-th-case}] [275]: org.thymeleaf.standard.processor.StandardCaseTagProcessor
[THYMELEAF]             * [* {th:if,data-th-if}] [300]: org.thymeleaf.standard.processor.StandardIfTagProcessor
[THYMELEAF]             * [* {th:unless,data-th-unless}] [400]: org.thymeleaf.standard.processor.StandardUnlessTagProcessor
[THYMELEAF]             * [* {th:object,data-th-object}] [500]: org.thymeleaf.standard.processor.StandardObjectTagProcessor
[THYMELEAF]             * [* {th:with,data-th-with}] [600]: com.intuit.karate.template.KarateWithTagProcessor
[THYMELEAF]             * [* {th:attr,data-th-attr}] [700]: com.intuit.karate.template.KarateAttributeTagProcessor.KarateAttrTagProcessor
[THYMELEAF]             * [* {th:attrappend,data-th-attrappend}] [900]: com.intuit.karate.template.KarateAttributeTagProcessor.KarateAttrappendTagProcessor
[THYMELEAF]             * [* {th:attrprepend,data-th-attrprepend}] [900]: com.intuit.karate.template.KarateAttributeTagProcessor.KarateAttrprependTagProcessor
[THYMELEAF]             * [* {th:alt-title,data-th-alt-title}] [990]: org.thymeleaf.standard.processor.StandardAltTitleTagProcessor
[THYMELEAF]             * [* {th:lang-xmllang,data-th-lang-xmllang}] [990]: org.thymeleaf.standard.processor.StandardLangXmlLangTagProcessor
[THYMELEAF]             * [* {th:action,data-th-action}] [1000]: org.thymeleaf.standard.processor.StandardActionTagProcessor
[THYMELEAF]             * [* {th:autofocus,data-th-autofocus}] [1000]: org.thymeleaf.standard.processor.StandardConditionalFixedValueTagProcessor
[THYMELEAF]             * [* {th:formnovalidate,data-th-formnovalidate}] [1000]: org.thymeleaf.standard.processor.StandardConditionalFixedValueTagProcessor
[THYMELEAF]             * [* {th:declare,data-th-declare}] [1000]: org.thymeleaf.standard.processor.StandardConditionalFixedValueTagProcessor
[THYMELEAF]             * [* {th:checked,data-th-checked}] [1000]: org.thymeleaf.standard.processor.StandardConditionalFixedValueTagProcessor
[THYMELEAF]             * [* {th:scoped,data-th-scoped}] [1000]: org.thymeleaf.standard.processor.StandardConditionalFixedValueTagProcessor
[THYMELEAF]             * [* {th:controls,data-th-controls}] [1000]: org.thymeleaf.standard.processor.StandardConditionalFixedValueTagProcessor
[THYMELEAF]             * [* {th:pubdate,data-th-pubdate}] [1000]: org.thymeleaf.standard.processor.StandardConditionalFixedValueTagProcessor
[THYMELEAF]             * [* {th:reversed,data-th-reversed}] [1000]: org.thymeleaf.standard.processor.StandardConditionalFixedValueTagProcessor
[THYMELEAF]             * [* {th:autoplay,data-th-autoplay}] [1000]: org.thymeleaf.standard.processor.StandardConditionalFixedValueTagProcessor
[THYMELEAF]             * [* {th:seamless,data-th-seamless}] [1000]: org.thymeleaf.standard.processor.StandardConditionalFixedValueTagProcessor
[THYMELEAF]             * [* {th:default,data-th-default}] [1000]: org.thymeleaf.standard.processor.StandardConditionalFixedValueTagProcessor
[THYMELEAF]             * [* {th:readonly,data-th-readonly}] [1000]: org.thymeleaf.standard.processor.StandardConditionalFixedValueTagProcessor
[THYMELEAF]             * [* {th:open,data-th-open}] [1000]: org.thymeleaf.standard.processor.StandardConditionalFixedValueTagProcessor
[THYMELEAF]             * [* {th:hidden,data-th-hidden}] [1000]: org.thymeleaf.standard.processor.StandardConditionalFixedValueTagProcessor
[THYMELEAF]             * [* {th:nowrap,data-th-nowrap}] [1000]: org.thymeleaf.standard.processor.StandardConditionalFixedValueTagProcessor
[THYMELEAF]             * [* {th:disabled,data-th-disabled}] [1000]: org.thymeleaf.standard.processor.StandardConditionalFixedValueTagProcessor
[THYMELEAF]             * [* {th:novalidate,data-th-novalidate}] [1000]: org.thymeleaf.standard.processor.StandardConditionalFixedValueTagProcessor
[THYMELEAF]             * [* {th:loop,data-th-loop}] [1000]: org.thymeleaf.standard.processor.StandardConditionalFixedValueTagProcessor
[THYMELEAF]             * [* {th:ismap,data-th-ismap}] [1000]: org.thymeleaf.standard.processor.StandardConditionalFixedValueTagProcessor
[THYMELEAF]             * [* {th:defer,data-th-defer}] [1000]: org.thymeleaf.standard.processor.StandardConditionalFixedValueTagProcessor
[THYMELEAF]             * [* {th:required,data-th-required}] [1000]: org.thymeleaf.standard.processor.StandardConditionalFixedValueTagProcessor
[THYMELEAF]             * [* {th:selected,data-th-selected}] [1000]: org.thymeleaf.standard.processor.StandardConditionalFixedValueTagProcessor
[THYMELEAF]             * [* {th:multiple,data-th-multiple}] [1000]: org.thymeleaf.standard.processor.StandardConditionalFixedValueTagProcessor
[THYMELEAF]             * [* {th:async,data-th-async}] [1000]: org.thymeleaf.standard.processor.StandardConditionalFixedValueTagProcessor
[THYMELEAF]             * [* {th:onended,data-th-onended}] [1000]: org.thymeleaf.standard.processor.StandardDOMEventAttributeTagProcessor
[THYMELEAF]             * [* {th:onloadedmetadata,data-th-onloadedmetadata}] [1000]: org.thymeleaf.standard.processor.StandardDOMEventAttributeTagProcessor
[THYMELEAF]             * [* {th:onkeypress,data-th-onkeypress}] [1000]: org.thymeleaf.standard.processor.StandardDOMEventAttributeTagProcessor
[THYMELEAF]             * [* {th:ondragover,data-th-ondragover}] [1000]: org.thymeleaf.standard.processor.StandardDOMEventAttributeTagProcessor
[THYMELEAF]             * [* {th:onplay,data-th-onplay}] [1000]: org.thymeleaf.standard.processor.StandardDOMEventAttributeTagProcessor
[THYMELEAF]             * [* {th:onseeking,data-th-onseeking}] [1000]: org.thymeleaf.standard.processor.StandardDOMEventAttributeTagProcessor
[THYMELEAF]             * [* {th:onscroll,data-th-onscroll}] [1000]: org.thymeleaf.standard.processor.StandardDOMEventAttributeTagProcessor
[THYMELEAF]             * [* {th:onunload,data-th-onunload}] [1000]: org.thymeleaf.standard.processor.StandardDOMEventAttributeTagProcessor
[THYMELEAF]             * [* {th:onmousewheel,data-th-onmousewheel}] [1000]: org.thymeleaf.standard.processor.StandardDOMEventAttributeTagProcessor
[THYMELEAF]             * [* {th:oncanplay,data-th-oncanplay}] [1000]: org.thymeleaf.standard.processor.StandardDOMEventAttributeTagProcessor
[THYMELEAF]             * [* {th:onhashchange,data-th-onhashchange}] [1000]: org.thymeleaf.standard.processor.StandardDOMEventAttributeTagProcessor
[THYMELEAF]             * [* {th:onsuspend,data-th-onsuspend}] [1000]: org.thymeleaf.standard.processor.StandardDOMEventAttributeTagProcessor
[THYMELEAF]             * [* {th:ondragstart,data-th-ondragstart}] [1000]: org.thymeleaf.standard.processor.StandardDOMEventAttributeTagProcessor
[THYMELEAF]             * [* {th:onresize,data-th-onresize}] [1000]: org.thymeleaf.standard.processor.StandardDOMEventAttributeTagProcessor
[THYMELEAF]             * [* {th:onkeyup,data-th-onkeyup}] [1000]: org.thymeleaf.standard.processor.StandardDOMEventAttributeTagProcessor
[THYMELEAF]             * [* {th:onkeydown,data-th-onkeydown}] [1000]: org.thymeleaf.standard.processor.StandardDOMEventAttributeTagProcessor
[THYMELEAF]             * [* {th:onpopstate,data-th-onpopstate}] [1000]: org.thymeleaf.standard.processor.StandardDOMEventAttributeTagProcessor
[THYMELEAF]             * [* {th:onfocus,data-th-onfocus}] [1000]: org.thymeleaf.standard.processor.StandardDOMEventAttributeTagProcessor
[THYMELEAF]             * [* {th:ondurationchange,data-th-ondurationchange}] [1000]: org.thymeleaf.standard.processor.StandardDOMEventAttributeTagProcessor
[THYMELEAF]             * [* {th:onbeforeprint,data-th-onbeforeprint}] [1000]: org.thymeleaf.standard.processor.StandardDOMEventAttributeTagProcessor
[THYMELEAF]             * [* {th:onforminput,data-th-onforminput}] [1000]: org.thymeleaf.standard.processor.StandardDOMEventAttributeTagProcessor
[THYMELEAF]             * [* {th:onloadstart,data-th-onloadstart}] [1000]: org.thymeleaf.standard.processor.StandardDOMEventAttributeTagProcessor
[THYMELEAF]             * [* {th:onblur,data-th-onblur}] [1000]: org.thymeleaf.standard.processor.StandardDOMEventAttributeTagProcessor
[THYMELEAF]             * [* {th:onprogress,data-th-onprogress}] [1000]: org.thymeleaf.standard.processor.StandardDOMEventAttributeTagProcessor
[THYMELEAF]             * [* {th:oncanplaythrough,data-th-oncanplaythrough}] [1000]: org.thymeleaf.standard.processor.StandardDOMEventAttributeTagProcessor
[THYMELEAF]             * [* {th:onchange,data-th-onchange}] [1000]: org.thymeleaf.standard.processor.StandardDOMEventAttributeTagProcessor
[THYMELEAF]             * [* {th:onreset,data-th-onreset}] [1000]: org.thymeleaf.standard.processor.StandardDOMEventAttributeTagProcessor
[THYMELEAF]             * [* {th:onreadystatechange,data-th-onreadystatechange}] [1000]: org.thymeleaf.standard.processor.StandardDOMEventAttributeTagProcessor
[THYMELEAF]             * [* {th:ondragenter,data-th-ondragenter}] [1000]: org.thymeleaf.standard.processor.StandardDOMEventAttributeTagProcessor
[THYMELEAF]             * [* {th:ondragleave,data-th-ondragleave}] [1000]: org.thymeleaf.standard.processor.StandardDOMEventAttributeTagProcessor
[THYMELEAF]             * [* {th:onwaiting,data-th-onwaiting}] [1000]: org.thymeleaf.standard.processor.StandardDOMEventAttributeTagProcessor
[THYMELEAF]             * [* {th:onstalled,data-th-onstalled}] [1000]: org.thymeleaf.standard.processor.StandardDOMEventAttributeTagProcessor
[THYMELEAF]             * [* {th:onmouseup,data-th-onmouseup}] [1000]: org.thymeleaf.standard.processor.StandardDOMEventAttributeTagProcessor
[THYMELEAF]             * [* {th:onshow,data-th-onshow}] [1000]: org.thymeleaf.standard.processor.StandardDOMEventAttributeTagProcessor
[THYMELEAF]             * [* {th:onemptied,data-th-onemptied}] [1000]: org.thymeleaf.standard.processor.StandardDOMEventAttributeTagProcessor
[THYMELEAF]             * [* {th:onformchange,data-th-onformchange}] [1000]: org.thymeleaf.standard.processor.StandardDOMEventAttributeTagProcessor
[THYMELEAF]             * [* {th:oninput,data-th-oninput}] [1000]: org.thymeleaf.standard.processor.StandardDOMEventAttributeTagProcessor
[THYMELEAF]             * [* {th:onload,data-th-onload}] [1000]: org.thymeleaf.standard.processor.StandardDOMEventAttributeTagProcessor
[THYMELEAF]             * [* {th:ondblclick,data-th-ondblclick}] [1000]: org.thymeleaf.standard.processor.StandardDOMEventAttributeTagProcessor
[THYMELEAF]             * [* {th:ononline,data-th-ononline}] [1000]: org.thymeleaf.standard.processor.StandardDOMEventAttributeTagProcessor
[THYMELEAF]             * [* {th:onseeked,data-th-onseeked}] [1000]: org.thymeleaf.standard.processor.StandardDOMEventAttributeTagProcessor
[THYMELEAF]             * [* {th:oncontextmenu,data-th-oncontextmenu}] [1000]: org.thymeleaf.standard.processor.StandardDOMEventAttributeTagProcessor
[THYMELEAF]             * [* {th:onselect,data-th-onselect}] [1000]: org.thymeleaf.standard.processor.StandardDOMEventAttributeTagProcessor
[THYMELEAF]             * [* {th:onclick,data-th-onclick}] [1000]: org.thymeleaf.standard.processor.StandardDOMEventAttributeTagProcessor
[THYMELEAF]             * [* {th:onmousemove,data-th-onmousemove}] [1000]: org.thymeleaf.standard.processor.StandardDOMEventAttributeTagProcessor
[THYMELEAF]             * [* {th:ondrop,data-th-ondrop}] [1000]: org.thymeleaf.standard.processor.StandardDOMEventAttributeTagProcessor
[THYMELEAF]             * [* {th:onredo,data-th-onredo}] [1000]: org.thymeleaf.standard.processor.StandardDOMEventAttributeTagProcessor
[THYMELEAF]             * [* {th:onundo,data-th-onundo}] [1000]: org.thymeleaf.standard.processor.StandardDOMEventAttributeTagProcessor
[THYMELEAF]             * [* {th:oninvalid,data-th-oninvalid}] [1000]: org.thymeleaf.standard.processor.StandardDOMEventAttributeTagProcessor
[THYMELEAF]             * [* {th:onabort,data-th-onabort}] [1000]: org.thymeleaf.standard.processor.StandardDOMEventAttributeTagProcessor
[THYMELEAF]             * [* {th:onpause,data-th-onpause}] [1000]: org.thymeleaf.standard.processor.StandardDOMEventAttributeTagProcessor
[THYMELEAF]             * [* {th:ondragend,data-th-ondragend}] [1000]: org.thymeleaf.standard.processor.StandardDOMEventAttributeTagProcessor
[THYMELEAF]             * [* {th:onbeforeunload,data-th-onbeforeunload}] [1000]: org.thymeleaf.standard.processor.StandardDOMEventAttributeTagProcessor
[THYMELEAF]             * [* {th:ontimeupdate,data-th-ontimeupdate}] [1000]: org.thymeleaf.standard.processor.StandardDOMEventAttributeTagProcessor
[THYMELEAF]             * [* {th:ondrag,data-th-ondrag}] [1000]: org.thymeleaf.standard.processor.StandardDOMEventAttributeTagProcessor
[THYMELEAF]             * [* {th:onmouseover,data-th-onmouseover}] [1000]: org.thymeleaf.standard.processor.StandardDOMEventAttributeTagProcessor
[THYMELEAF]             * [* {th:onmessage,data-th-onmessage}] [1000]: org.thymeleaf.standard.processor.StandardDOMEventAttributeTagProcessor
[THYMELEAF]             * [* {th:onmousedown,data-th-onmousedown}] [1000]: org.thymeleaf.standard.processor.StandardDOMEventAttributeTagProcessor
[THYMELEAF]             * [* {th:onmouseout,data-th-onmouseout}] [1000]: org.thymeleaf.standard.processor.StandardDOMEventAttributeTagProcessor
[THYMELEAF]             * [* {th:onloadeddata,data-th-onloadeddata}] [1000]: org.thymeleaf.standard.processor.StandardDOMEventAttributeTagProcessor
[THYMELEAF]             * [* {th:onplaying,data-th-onplaying}] [1000]: org.thymeleaf.standard.processor.StandardDOMEventAttributeTagProcessor
[THYMELEAF]             * [* {th:onoffline,data-th-onoffline}] [1000]: org.thymeleaf.standard.processor.StandardDOMEventAttributeTagProcessor
[THYMELEAF]             * [* {th:onafterprint,data-th-onafterprint}] [1000]: org.thymeleaf.standard.processor.StandardDOMEventAttributeTagProcessor
[THYMELEAF]             * [* {th:onratechange,data-th-onratechange}] [1000]: org.thymeleaf.standard.processor.StandardDOMEventAttributeTagProcessor
[THYMELEAF]             * [* {th:onerror,data-th-onerror}] [1000]: org.thymeleaf.standard.processor.StandardDOMEventAttributeTagProcessor
[THYMELEAF]             * [* {th:onsubmit,data-th-onsubmit}] [1000]: org.thymeleaf.standard.processor.StandardDOMEventAttributeTagProcessor
[THYMELEAF]             * [* {th:onvolumechange,data-th-onvolumechange}] [1000]: org.thymeleaf.standard.processor.StandardDOMEventAttributeTagProcessor
[THYMELEAF]             * [* {th:onstorage,data-th-onstorage}] [1000]: org.thymeleaf.standard.processor.StandardDOMEventAttributeTagProcessor
[THYMELEAF]             * [* {th:href,data-th-href}] [1000]: org.thymeleaf.standard.processor.StandardHrefTagProcessor
[THYMELEAF]             * [* {th:inline,data-th-inline}] [1000]: org.thymeleaf.standard.processor.StandardInlineHTMLTagProcessor
[THYMELEAF]             * [* {th:method,data-th-method}] [1000]: org.thymeleaf.standard.processor.StandardMethodTagProcessor
[THYMELEAF]             * [* {th:type,data-th-type}] [1000]: org.thymeleaf.standard.processor.StandardNonRemovableAttributeTagProcessor
[THYMELEAF]             * [* {th:name,data-th-name}] [1000]: org.thymeleaf.standard.processor.StandardNonRemovableAttributeTagProcessor
[THYMELEAF]             * [* {th:title,data-th-title}] [1000]: org.thymeleaf.standard.processor.StandardRemovableAttributeTagProcessor
[THYMELEAF]             * [* {th:width,data-th-width}] [1000]: org.thymeleaf.standard.processor.StandardRemovableAttributeTagProcessor
[THYMELEAF]             * [* {th:frameborder,data-th-frameborder}] [1000]: org.thymeleaf.standard.processor.StandardRemovableAttributeTagProcessor
[THYMELEAF]             * [* {th:lang,data-th-lang}] [1000]: org.thymeleaf.standard.processor.StandardRemovableAttributeTagProcessor
[THYMELEAF]             * [* {th:datetime,data-th-datetime}] [1000]: org.thymeleaf.standard.processor.StandardRemovableAttributeTagProcessor
[THYMELEAF]             * [* {th:charset,data-th-charset}] [1000]: org.thymeleaf.standard.processor.StandardRemovableAttributeTagProcessor
[THYMELEAF]             * [* {th:spellcheck,data-th-spellcheck}] [1000]: org.thymeleaf.standard.processor.StandardRemovableAttributeTagProcessor
[THYMELEAF]             * [* {th:cite,data-th-cite}] [1000]: org.thymeleaf.standard.processor.StandardRemovableAttributeTagProcessor
[THYMELEAF]             * [* {th:manifest,data-th-manifest}] [1000]: org.thymeleaf.standard.processor.StandardRemovableAttributeTagProcessor
[THYMELEAF]             * [* {th:icon,data-th-icon}] [1000]: org.thymeleaf.standard.processor.StandardRemovableAttributeTagProcessor
[THYMELEAF]             * [* {th:axis,data-th-axis}] [1000]: org.thymeleaf.standard.processor.StandardRemovableAttributeTagProcessor
[THYMELEAF]             * [* {th:target,data-th-target}] [1000]: org.thymeleaf.standard.processor.StandardRemovableAttributeTagProcessor
[THYMELEAF]             * [* {th:bgcolor,data-th-bgcolor}] [1000]: org.thymeleaf.standard.processor.StandardRemovableAttributeTagProcessor
[THYMELEAF]             * [* {th:radiogroup,data-th-radiogroup}] [1000]: org.thymeleaf.standard.processor.StandardRemovableAttributeTagProcessor
[THYMELEAF]             * [* {th:rowspan,data-th-rowspan}] [1000]: org.thymeleaf.standard.processor.StandardRemovableAttributeTagProcessor
[THYMELEAF]             * [* {th:hreflang,data-th-hreflang}] [1000]: org.thymeleaf.standard.processor.StandardRemovableAttributeTagProcessor
[THYMELEAF]             * [* {th:challenge,data-th-challenge}] [1000]: org.thymeleaf.standard.processor.StandardRemovableAttributeTagProcessor
[THYMELEAF]             * [* {th:headers,data-th-headers}] [1000]: org.thymeleaf.standard.processor.StandardRemovableAttributeTagProcessor
[THYMELEAF]             * [* {th:align,data-th-align}] [1000]: org.thymeleaf.standard.processor.StandardRemovableAttributeTagProcessor
[THYMELEAF]             * [* {th:abbr,data-th-abbr}] [1000]: org.thymeleaf.standard.processor.StandardRemovableAttributeTagProcessor
[THYMELEAF]             * [* {th:longdesc,data-th-longdesc}] [1000]: org.thymeleaf.standard.processor.StandardRemovableAttributeTagProcessor
[THYMELEAF]             * [* {th:sandbox,data-th-sandbox}] [1000]: org.thymeleaf.standard.processor.StandardRemovableAttributeTagProcessor
[THYMELEAF]             * [* {th:accept-charset,data-th-accept-charset}] [1000]: org.thymeleaf.standard.processor.StandardRemovableAttributeTagProcessor
[THYMELEAF]             * [* {th:scheme,data-th-scheme}] [1000]: org.thymeleaf.standard.processor.StandardRemovableAttributeTagProcessor
[THYMELEAF]             * [* {th:pattern,data-th-pattern}] [1000]: org.thymeleaf.standard.processor.StandardRemovableAttributeTagProcessor
[THYMELEAF]             * [* {th:audio,data-th-audio}] [1000]: org.thymeleaf.standard.processor.StandardRemovableAttributeTagProcessor
[THYMELEAF]             * [* {th:draggable,data-th-draggable}] [1000]: org.thymeleaf.standard.processor.StandardRemovableAttributeTagProcessor
[THYMELEAF]             * [* {th:compact,data-th-compact}] [1000]: org.thymeleaf.standard.processor.StandardRemovableAttributeTagProcessor
[THYMELEAF]             * [* {th:srclang,data-th-srclang}] [1000]: org.thymeleaf.standard.processor.StandardRemovableAttributeTagProcessor
[THYMELEAF]             * [* {th:formaction,data-th-formaction}] [1000]: org.thymeleaf.standard.processor.StandardRemovableAttributeTagProcessor
[THYMELEAF]             * [* {th:summary,data-th-summary}] [1000]: org.thymeleaf.standard.processor.StandardRemovableAttributeTagProcessor
[THYMELEAF]             * [* {th:vspace,data-th-vspace}] [1000]: org.thymeleaf.standard.processor.StandardRemovableAttributeTagProcessor
[THYMELEAF]             * [* {th:alt,data-th-alt}] [1000]: org.thymeleaf.standard.processor.StandardRemovableAttributeTagProcessor
[THYMELEAF]             * [* {th:usemap,data-th-usemap}] [1000]: org.thymeleaf.standard.processor.StandardRemovableAttributeTagProcessor
[THYMELEAF]             * [* {th:codetype,data-th-codetype}] [1000]: org.thymeleaf.standard.processor.StandardRemovableAttributeTagProcessor
[THYMELEAF]             * [* {th:class,data-th-class}] [1000]: org.thymeleaf.standard.processor.StandardRemovableAttributeTagProcessor
[THYMELEAF]             * [* {th:start,data-th-start}] [1000]: org.thymeleaf.standard.processor.StandardRemovableAttributeTagProcessor
[THYMELEAF]             * [* {th:min,data-th-min}] [1000]: org.thymeleaf.standard.processor.StandardRemovableAttributeTagProcessor
[THYMELEAF]             * [* {th:formmethod,data-th-formmethod}] [1000]: org.thymeleaf.standard.processor.StandardRemovableAttributeTagProcessor
[THYMELEAF]             * [* {th:for,data-th-for}] [1000]: org.thymeleaf.standard.processor.StandardRemovableAttributeTagProcessor
[THYMELEAF]             * [* {th:form,data-th-form}] [1000]: org.thymeleaf.standard.processor.StandardRemovableAttributeTagProcessor
[THYMELEAF]             * [* {th:optimum,data-th-optimum}] [1000]: org.thymeleaf.standard.processor.StandardRemovableAttributeTagProcessor
[THYMELEAF]             * [* {th:cellspacing,data-th-cellspacing}] [1000]: org.thymeleaf.standard.processor.StandardRemovableAttributeTagProcessor
[THYMELEAF]             * [* {th:contextmenu,data-th-contextmenu}] [1000]: org.thymeleaf.standard.processor.StandardRemovableAttributeTagProcessor
[THYMELEAF]             * [* {th:accesskey,data-th-accesskey}] [1000]: org.thymeleaf.standard.processor.StandardRemovableAttributeTagProcessor
[THYMELEAF]             * [* {th:media,data-th-media}] [1000]: org.thymeleaf.standard.processor.StandardRemovableAttributeTagProcessor
[THYMELEAF]             * [* {th:scope,data-th-scope}] [1000]: org.thymeleaf.standard.processor.StandardRemovableAttributeTagProcessor
[THYMELEAF]             * [* {th:marginwidth,data-th-marginwidth}] [1000]: org.thymeleaf.standard.processor.StandardRemovableAttributeTagProcessor
[THYMELEAF]             * [* {th:background,data-th-background}] [1000]: org.thymeleaf.standard.processor.StandardRemovableAttributeTagProcessor
[THYMELEAF]             * [* {th:low,data-th-low}] [1000]: org.thymeleaf.standard.processor.StandardRemovableAttributeTagProcessor
[THYMELEAF]             * [* {th:id,data-th-id}] [1000]: org.thymeleaf.standard.processor.StandardRemovableAttributeTagProcessor
[THYMELEAF]             * [* {th:max,data-th-max}] [1000]: org.thymeleaf.standard.processor.StandardRemovableAttributeTagProcessor
[THYMELEAF]             * [* {th:maxlength,data-th-maxlength}] [1000]: org.thymeleaf.standard.processor.StandardRemovableAttributeTagProcessor
[THYMELEAF]             * [* {th:rules,data-th-rules}] [1000]: org.thymeleaf.standard.processor.StandardRemovableAttributeTagProcessor
[THYMELEAF]             * [* {th:preload,data-th-preload}] [1000]: org.thymeleaf.standard.processor.StandardRemovableAttributeTagProcessor
[THYMELEAF]             * [* {th:style,data-th-style}] [1000]: org.thymeleaf.standard.processor.StandardRemovableAttributeTagProcessor
[THYMELEAF]             * [* {th:keytype,data-th-keytype}] [1000]: org.thymeleaf.standard.processor.StandardRemovableAttributeTagProcessor
[THYMELEAF]             * [* {th:codebase,data-th-codebase}] [1000]: org.thymeleaf.standard.processor.StandardRemovableAttributeTagProcessor
[THYMELEAF]             * [* {th:kind,data-th-kind}] [1000]: org.thymeleaf.standard.processor.StandardRemovableAttributeTagProcessor
[THYMELEAF]             * [* {th:http-equiv,data-th-http-equiv}] [1000]: org.thymeleaf.standard.processor.StandardRemovableAttributeTagProcessor
[THYMELEAF]             * [* {th:poster,data-th-poster}] [1000]: org.thymeleaf.standard.processor.StandardRemovableAttributeTagProcessor
[THYMELEAF]             * [* {th:enctype,data-th-enctype}] [1000]: org.thymeleaf.standard.processor.StandardRemovableAttributeTagProcessor
[THYMELEAF]             * [* {th:list,data-th-list}] [1000]: org.thymeleaf.standard.processor.StandardRemovableAttributeTagProcessor
[THYMELEAF]             * [* {th:content,data-th-content}] [1000]: org.thymeleaf.standard.processor.StandardRemovableAttributeTagProcessor
[THYMELEAF]             * [* {th:border,data-th-border}] [1000]: org.thymeleaf.standard.processor.StandardRemovableAttributeTagProcessor
[THYMELEAF]             * [* {th:dir,data-th-dir}] [1000]: org.thymeleaf.standard.processor.StandardRemovableAttributeTagProcessor
[THYMELEAF]             * [* {th:placeholder,data-th-placeholder}] [1000]: org.thymeleaf.standard.processor.StandardRemovableAttributeTagProcessor
[THYMELEAF]             * [* {th:classid,data-th-classid}] [1000]: org.thymeleaf.standard.processor.StandardRemovableAttributeTagProcessor
[THYMELEAF]             * [* {th:step,data-th-step}] [1000]: org.thymeleaf.standard.processor.StandardRemovableAttributeTagProcessor
[THYMELEAF]             * [* {th:archive,data-th-archive}] [1000]: org.thymeleaf.standard.processor.StandardRemovableAttributeTagProcessor
[THYMELEAF]             * [* {th:formenctype,data-th-formenctype}] [1000]: org.thymeleaf.standard.processor.StandardRemovableAttributeTagProcessor
[THYMELEAF]             * [* {th:contenteditable,data-th-contenteditable}] [1000]: org.thymeleaf.standard.processor.StandardRemovableAttributeTagProcessor
[THYMELEAF]             * [* {th:scrolling,data-th-scrolling}] [1000]: org.thymeleaf.standard.processor.StandardRemovableAttributeTagProcessor
[THYMELEAF]             * [* {th:high,data-th-high}] [1000]: org.thymeleaf.standard.processor.StandardRemovableAttributeTagProcessor
[THYMELEAF]             * [* {th:rev,data-th-rev}] [1000]: org.thymeleaf.standard.processor.StandardRemovableAttributeTagProcessor
[THYMELEAF]             * [* {th:valuetype,data-th-valuetype}] [1000]: org.thymeleaf.standard.processor.StandardRemovableAttributeTagProcessor
[THYMELEAF]             * [* {th:rel,data-th-rel}] [1000]: org.thymeleaf.standard.processor.StandardRemovableAttributeTagProcessor
[THYMELEAF]             * [* {th:label,data-th-label}] [1000]: org.thymeleaf.standard.processor.StandardRemovableAttributeTagProcessor
[THYMELEAF]             * [* {th:autocomplete,data-th-autocomplete}] [1000]: org.thymeleaf.standard.processor.StandardRemovableAttributeTagProcessor
[THYMELEAF]             * [* {th:span,data-th-span}] [1000]: org.thymeleaf.standard.processor.StandardRemovableAttributeTagProcessor
[THYMELEAF]             * [* {th:tabindex,data-th-tabindex}] [1000]: org.thymeleaf.standard.processor.StandardRemovableAttributeTagProcessor
[THYMELEAF]             * [* {th:frame,data-th-frame}] [1000]: org.thymeleaf.standard.processor.StandardRemovableAttributeTagProcessor
[THYMELEAF]             * [* {th:hspace,data-th-hspace}] [1000]: org.thymeleaf.standard.processor.StandardRemovableAttributeTagProcessor
[THYMELEAF]             * [* {th:colspan,data-th-colspan}] [1000]: org.thymeleaf.standard.processor.StandardRemovableAttributeTagProcessor
[THYMELEAF]             * [* {th:cellpadding,data-th-cellpadding}] [1000]: org.thymeleaf.standard.processor.StandardRemovableAttributeTagProcessor
[THYMELEAF]             * [* {th:dropzone,data-th-dropzone}] [1000]: org.thymeleaf.standard.processor.StandardRemovableAttributeTagProcessor
[THYMELEAF]             * [* {th:sizes,data-th-sizes}] [1000]: org.thymeleaf.standard.processor.StandardRemovableAttributeTagProcessor
[THYMELEAF]             * [* {th:rows,data-th-rows}] [1000]: org.thymeleaf.standard.processor.StandardRemovableAttributeTagProcessor
[THYMELEAF]             * [* {th:standby,data-th-standby}] [1000]: org.thymeleaf.standard.processor.StandardRemovableAttributeTagProcessor
[THYMELEAF]             * [* {th:wrap,data-th-wrap}] [1000]: org.thymeleaf.standard.processor.StandardRemovableAttributeTagProcessor
[THYMELEAF]             * [* {th:height,data-th-height}] [1000]: org.thymeleaf.standard.processor.StandardRemovableAttributeTagProcessor
[THYMELEAF]             * [* {th:formtarget,data-th-formtarget}] [1000]: org.thymeleaf.standard.processor.StandardRemovableAttributeTagProcessor
[THYMELEAF]             * [* {th:data,data-th-data}] [1000]: org.thymeleaf.standard.processor.StandardRemovableAttributeTagProcessor
[THYMELEAF]             * [* {th:size,data-th-size}] [1000]: org.thymeleaf.standard.processor.StandardRemovableAttributeTagProcessor
[THYMELEAF]             * [* {th:cols,data-th-cols}] [1000]: org.thymeleaf.standard.processor.StandardRemovableAttributeTagProcessor
[THYMELEAF]             * [* {th:marginheight,data-th-marginheight}] [1000]: org.thymeleaf.standard.processor.StandardRemovableAttributeTagProcessor
[THYMELEAF]             * [* {th:accept,data-th-accept}] [1000]: org.thymeleaf.standard.processor.StandardRemovableAttributeTagProcessor
[THYMELEAF]             * [* {th:src,data-th-src}] [1000]: org.thymeleaf.standard.processor.StandardSrcTagProcessor
[THYMELEAF]             * [* {th:value,data-th-value}] [1000]: org.thymeleaf.standard.processor.StandardValueTagProcessor
[THYMELEAF]             * [* {th:xmlbase,data-th-xmlbase}] [1000]: org.thymeleaf.standard.processor.StandardXmlBaseTagProcessor
[THYMELEAF]             * [* {th:xmllang,data-th-xmllang}] [1000]: org.thymeleaf.standard.processor.StandardXmlLangTagProcessor
[THYMELEAF]             * [* {xmlns:th}] [1000]: org.thymeleaf.standard.processor.StandardXmlNsTagProcessor
[THYMELEAF]             * [* {th:xmlspace,data-th-xmlspace}] [1000]: org.thymeleaf.standard.processor.StandardXmlSpaceTagProcessor
[THYMELEAF]             * [* {th:classappend,data-th-classappend}] [1100]: org.thymeleaf.standard.processor.StandardClassappendTagProcessor
[THYMELEAF]             * [* {th:styleappend,data-th-styleappend}] [1100]: org.thymeleaf.standard.processor.StandardStyleappendTagProcessor
[THYMELEAF]             * [* {th:text,data-th-text}] [1300]: org.thymeleaf.standard.processor.StandardTextTagProcessor
[THYMELEAF]             * [* {th:utext,data-th-utext}] [1400]: org.thymeleaf.standard.processor.StandardUtextTagProcessor
[THYMELEAF]             * [* {th:fragment,data-th-fragment}] [1500]: org.thymeleaf.standard.processor.StandardFragmentTagProcessor
[THYMELEAF]             * [* {th:assert,data-th-assert}] [1550]: org.thymeleaf.standard.processor.StandardAssertTagProcessor
[THYMELEAF]             * [* {th:remove,data-th-remove}] [1600]: org.thymeleaf.standard.processor.StandardRemoveTagProcessor
[THYMELEAF]             * [* {th:ref,data-th-ref}] [10000]: org.thymeleaf.standard.processor.StandardRefAttributeTagProcessor
[THYMELEAF]             * [{th:block,th-block} *] [100000]: org.thymeleaf.standard.processor.StandardBlockTagProcessor
[THYMELEAF]             * [* th:*] [2147483647]: org.thymeleaf.standard.processor.StandardDefaultAttributesTagProcessor
[THYMELEAF]         * Text Processors by [precedence]:
[THYMELEAF]             * [1000]: org.thymeleaf.standard.processor.StandardInliningTextProcessor
[THYMELEAF]         * DOCTYPE Processors by [precedence]:
[THYMELEAF]             * [1000]: org.thymeleaf.standard.processor.StandardTranslationDocTypeProcessor
[THYMELEAF]         * CDATA Section Processors by [precedence]:
[THYMELEAF]             * [1000]: org.thymeleaf.standard.processor.StandardInliningCDATASectionProcessor
[THYMELEAF]         * Comment Processors by [precedence]:
[THYMELEAF]             * [1000]: org.thymeleaf.standard.processor.StandardInliningCommentProcessor
[THYMELEAF]             * [1100]: org.thymeleaf.standard.processor.StandardConditionalCommentProcessor
[THYMELEAF]     * Processors for Template Mode: XML
[THYMELEAF]         * Element Tag Processors by [matching element and attribute name] [precedence]:
[THYMELEAF]             * [* {th:include}] [100]: org.thymeleaf.standard.processor.StandardIncludeTagProcessor
[THYMELEAF]             * [* {th:insert}] [100]: org.thymeleaf.standard.processor.StandardInsertTagProcessor
[THYMELEAF]             * [* {th:replace}] [100]: org.thymeleaf.standard.processor.StandardReplaceTagProcessor
[THYMELEAF]             * [* {th:substituteby}] [100]: org.thymeleaf.standard.processor.StandardSubstituteByTagProcessor
[THYMELEAF]             * [* {th:each}] [200]: com.intuit.karate.template.KarateEachTagProcessor
[THYMELEAF]             * [* {th:switch}] [250]: org.thymeleaf.standard.processor.StandardSwitchTagProcessor
[THYMELEAF]             * [* {th:case}] [275]: org.thymeleaf.standard.processor.StandardCaseTagProcessor
[THYMELEAF]             * [* {th:if}] [300]: org.thymeleaf.standard.processor.StandardIfTagProcessor
[THYMELEAF]             * [* {th:unless}] [400]: org.thymeleaf.standard.processor.StandardUnlessTagProcessor
[THYMELEAF]             * [* {th:object}] [500]: org.thymeleaf.standard.processor.StandardObjectTagProcessor
[THYMELEAF]             * [* {th:with}] [600]: com.intuit.karate.template.KarateWithTagProcessor
[THYMELEAF]             * [* {th:attr}] [700]: com.intuit.karate.template.KarateAttributeTagProcessor.KarateAttrTagProcessor
[THYMELEAF]             * [* {th:attrappend}] [900]: com.intuit.karate.template.KarateAttributeTagProcessor.KarateAttrappendTagProcessor
[THYMELEAF]             * [* {th:attrprepend}] [900]: com.intuit.karate.template.KarateAttributeTagProcessor.KarateAttrprependTagProcessor
[THYMELEAF]             * [* {th:inline}] [1000]: org.thymeleaf.standard.processor.StandardInlineXMLTagProcessor
[THYMELEAF]             * [* {xmlns:th}] [1000]: org.thymeleaf.standard.processor.StandardXmlNsTagProcessor
[THYMELEAF]             * [* {th:text}] [1300]: org.thymeleaf.standard.processor.StandardTextTagProcessor
[THYMELEAF]             * [* {th:utext}] [1400]: org.thymeleaf.standard.processor.StandardUtextTagProcessor
[THYMELEAF]             * [* {th:fragment}] [1500]: org.thymeleaf.standard.processor.StandardFragmentTagProcessor
[THYMELEAF]             * [* {th:assert}] [1550]: org.thymeleaf.standard.processor.StandardAssertTagProcessor
[THYMELEAF]             * [* {th:remove}] [1600]: org.thymeleaf.standard.processor.StandardRemoveTagProcessor
[THYMELEAF]             * [* {th:ref}] [10000]: org.thymeleaf.standard.processor.StandardRefAttributeTagProcessor
[THYMELEAF]             * [{th:block} *] [100000]: org.thymeleaf.standard.processor.StandardBlockTagProcessor
[THYMELEAF]             * [* th:*] [2147483647]: org.thymeleaf.standard.processor.StandardDefaultAttributesTagProcessor
[THYMELEAF]         * Text Processors by [precedence]:
[THYMELEAF]             * [1000]: org.thymeleaf.standard.processor.StandardInliningTextProcessor
[THYMELEAF]         * CDATA Section Processors by [precedence]:
[THYMELEAF]             * [1000]: org.thymeleaf.standard.processor.StandardInliningCDATASectionProcessor
[THYMELEAF]         * Comment Processors by [precedence]:
[THYMELEAF]             * [1000]: org.thymeleaf.standard.processor.StandardInliningCommentProcessor
[THYMELEAF]     * Processors for Template Mode: TEXT
[THYMELEAF]         * Element Tag Processors by [matching element and attribute name] [precedence]:
[THYMELEAF]             * [* {th:insert}] [100]: org.thymeleaf.standard.processor.StandardInsertTagProcessor
[THYMELEAF]             * [* {th:replace}] [100]: org.thymeleaf.standard.processor.StandardReplaceTagProcessor
[THYMELEAF]             * [* {th:each}] [200]: com.intuit.karate.template.KarateEachTagProcessor
[THYMELEAF]             * [* {th:switch}] [250]: org.thymeleaf.standard.processor.StandardSwitchTagProcessor
[THYMELEAF]             * [* {th:case}] [275]: org.thymeleaf.standard.processor.StandardCaseTagProcessor
[THYMELEAF]             * [* {th:if}] [300]: org.thymeleaf.standard.processor.StandardIfTagProcessor
[THYMELEAF]             * [* {th:unless}] [400]: org.thymeleaf.standard.processor.StandardUnlessTagProcessor
[THYMELEAF]             * [* {th:object}] [500]: org.thymeleaf.standard.processor.StandardObjectTagProcessor
[THYMELEAF]             * [* {th:with}] [600]: com.intuit.karate.template.KarateWithTagProcessor
[THYMELEAF]             * [* {th:inline}] [1000]: org.thymeleaf.standard.processor.StandardInlineTextualTagProcessor
[THYMELEAF]             * [* {th:text}] [1300]: org.thymeleaf.standard.processor.StandardTextTagProcessor
[THYMELEAF]             * [* {th:utext}] [1400]: org.thymeleaf.standard.processor.StandardUtextTagProcessor
[THYMELEAF]             * [* {th:assert}] [1550]: org.thymeleaf.standard.processor.StandardAssertTagProcessor
[THYMELEAF]             * [* {th:remove}] [1600]: org.thymeleaf.standard.processor.StandardRemoveTagProcessor
[THYMELEAF]             * [{th:block} *] [100000]: org.thymeleaf.standard.processor.StandardBlockTagProcessor
[THYMELEAF]             * [* 100000] [org.thymeleaf.standard.processor.StandardBlockTagProcessor]: {}
[THYMELEAF]         * Text Processors by [precedence]:
[THYMELEAF]             * [1000]: org.thymeleaf.standard.processor.StandardInliningTextProcessor
[THYMELEAF]     * Processors for Template Mode: JAVASCRIPT
[THYMELEAF]         * Element Tag Processors by [matching element and attribute name] [precedence]:
[THYMELEAF]             * [* {th:insert}] [100]: org.thymeleaf.standard.processor.StandardInsertTagProcessor
[THYMELEAF]             * [* {th:replace}] [100]: org.thymeleaf.standard.processor.StandardReplaceTagProcessor
[THYMELEAF]             * [* {th:each}] [200]: com.intuit.karate.template.KarateEachTagProcessor
[THYMELEAF]             * [* {th:switch}] [250]: org.thymeleaf.standard.processor.StandardSwitchTagProcessor
[THYMELEAF]             * [* {th:case}] [275]: org.thymeleaf.standard.processor.StandardCaseTagProcessor
[THYMELEAF]             * [* {th:if}] [300]: org.thymeleaf.standard.processor.StandardIfTagProcessor
[THYMELEAF]             * [* {th:unless}] [400]: org.thymeleaf.standard.processor.StandardUnlessTagProcessor
[THYMELEAF]             * [* {th:object}] [500]: org.thymeleaf.standard.processor.StandardObjectTagProcessor
[THYMELEAF]             * [* {th:with}] [600]: com.intuit.karate.template.KarateWithTagProcessor
[THYMELEAF]             * [* {th:inline}] [1000]: org.thymeleaf.standard.processor.StandardInlineTextualTagProcessor
[THYMELEAF]             * [* {th:text}] [1300]: org.thymeleaf.standard.processor.StandardTextTagProcessor
[THYMELEAF]             * [* {th:utext}] [1400]: org.thymeleaf.standard.processor.StandardUtextTagProcessor
[THYMELEAF]             * [* {th:assert}] [1550]: org.thymeleaf.standard.processor.StandardAssertTagProcessor
[THYMELEAF]             * [* {th:remove}] [1600]: org.thymeleaf.standard.processor.StandardRemoveTagProcessor
[THYMELEAF]             * [{th:block} *] [100000]: org.thymeleaf.standard.processor.StandardBlockTagProcessor
[THYMELEAF]             * [* 100000] [org.thymeleaf.standard.processor.StandardBlockTagProcessor]: {}
[THYMELEAF]         * Text Processors by [precedence]:
[THYMELEAF]             * [1000]: org.thymeleaf.standard.processor.StandardInliningTextProcessor
[THYMELEAF]     * Processors for Template Mode: CSS
[THYMELEAF]         * Element Tag Processors by [matching element and attribute name] [precedence]:
[THYMELEAF]             * [* {th:insert}] [100]: org.thymeleaf.standard.processor.StandardInsertTagProcessor
[THYMELEAF]             * [* {th:replace}] [100]: org.thymeleaf.standard.processor.StandardReplaceTagProcessor
[THYMELEAF]             * [* {th:each}] [200]: com.intuit.karate.template.KarateEachTagProcessor
[THYMELEAF]             * [* {th:switch}] [250]: org.thymeleaf.standard.processor.StandardSwitchTagProcessor
[THYMELEAF]             * [* {th:case}] [275]: org.thymeleaf.standard.processor.StandardCaseTagProcessor
[THYMELEAF]             * [* {th:if}] [300]: org.thymeleaf.standard.processor.StandardIfTagProcessor
[THYMELEAF]             * [* {th:unless}] [400]: org.thymeleaf.standard.processor.StandardUnlessTagProcessor
[THYMELEAF]             * [* {th:object}] [500]: org.thymeleaf.standard.processor.StandardObjectTagProcessor
[THYMELEAF]             * [* {th:with}] [600]: com.intuit.karate.template.KarateWithTagProcessor
[THYMELEAF]             * [* {th:inline}] [1000]: org.thymeleaf.standard.processor.StandardInlineTextualTagProcessor
[THYMELEAF]             * [* {th:text}] [1300]: org.thymeleaf.standard.processor.StandardTextTagProcessor
[THYMELEAF]             * [* {th:utext}] [1400]: org.thymeleaf.standard.processor.StandardUtextTagProcessor
[THYMELEAF]             * [* {th:assert}] [1550]: org.thymeleaf.standard.processor.StandardAssertTagProcessor
[THYMELEAF]             * [* {th:remove}] [1600]: org.thymeleaf.standard.processor.StandardRemoveTagProcessor
[THYMELEAF]             * [* 100000] [org.thymeleaf.standard.processor.StandardBlockTagProcessor]: {}
[THYMELEAF]             * [{th:block} *] [100000]: org.thymeleaf.standard.processor.StandardBlockTagProcessor
[THYMELEAF]         * Text Processors by [precedence]:
[THYMELEAF]             * [1000]: org.thymeleaf.standard.processor.StandardInliningTextProcessor
[THYMELEAF]     * Expression Objects:
[THYMELEAF]         * #ctx
[THYMELEAF]         * #root
[THYMELEAF]         * #vars
[THYMELEAF]         * #object
[THYMELEAF]         * #locale
[THYMELEAF]         * #request
[THYMELEAF]         * #response
[THYMELEAF]         * #session
[THYMELEAF]         * #servletContext
[THYMELEAF]         * #conversions
[THYMELEAF]         * #uris
[THYMELEAF]         * #calendars
[THYMELEAF]         * #dates
[THYMELEAF]         * #bools
[THYMELEAF]         * #numbers
[THYMELEAF]         * #objects
[THYMELEAF]         * #strings
[THYMELEAF]         * #arrays
[THYMELEAF]         * #lists
[THYMELEAF]         * #sets
[THYMELEAF]         * #maps
[THYMELEAF]         * #aggregates
[THYMELEAF]         * #messages
[THYMELEAF]         * #ids
[THYMELEAF]         * #execInfo
[THYMELEAF]         * #httpServletRequest
[THYMELEAF]         * #httpSession
[THYMELEAF]     * Execution Attributes:
[THYMELEAF]         * "StandardExpressionParser": com.intuit.karate.template.KarateStandardDialect@45f9d394
[THYMELEAF]         * "StandardJavaScriptSerializer": org.thymeleaf.standard.serializer.StandardJavaScriptSerializer@51132514
[THYMELEAF]         * "StandardCSSSerializer": org.thymeleaf.standard.serializer.StandardCSSSerializer@20864cd1
[THYMELEAF]         * "StandardVariableExpressionEvaluator": com.intuit.karate.template.KarateStandardDialect@45f9d394
[THYMELEAF]         * "StandardConversionService": org.thymeleaf.standard.expression.StandardConversionService@5c839677
[THYMELEAF] * Dialect [2 of 2]: karate (com.intuit.karate.template.KarateScriptDialect)
[THYMELEAF]     * Prefix: "ka"
[THYMELEAF]     * Processors for Template Mode: HTML
[THYMELEAF]         * Element Tag Processors by [matching element and attribute name] [precedence]:
[THYMELEAF]             * [* {src}] [1000]: com.intuit.karate.template.KaScriptAttrProcessor
[THYMELEAF]         * Element Model Processors by [matching element and attribute name] [precedence]:
[THYMELEAF]             * [{script} {ka:scope,data-ka-scope}] [1000]: com.intuit.karate.template.KaScriptElemProcessor
[THYMELEAF]             * [* {ka:set,data-ka-set}] [1000]: com.intuit.karate.template.KaSetElemProcessor
[THYMELEAF] TEMPLATE ENGINE CONFIGURED OK
14:15:30.534 [main] DEBUG org.thymeleaf.TemplateEngine - [THYMELEAF] TEMPLATE ENGINE INITIALIZED
---------------------------------------------------------
feature: classpath:Transferencia.feature
scenarios: 25 | passed:  0 | failed: 25 | time: 73,0397
---------------------------------------------------------

Karate version: 1.4.0
======================================================
elapsed:  80,70 | threads:    1 | thread time: 73,04 
features:     1 | skipped:    0 | efficiency: 0,91
scenarios:   25 | passed:     0 | failed: 25
======================================================
>>> failed features:
no step-definition method match found for: match responseStatus in normalizedStatus
classpath:Transferencia.feature:165
no step-definition method match found for: match responseStatus in normalizedStatus
classpath:Transferencia.feature:176
no step-definition method match found for: match responseStatus in normalizedStatus
classpath:Transferencia.feature:187
no step-definition method match found for: match responseStatus in normalizedStatus
classpath:Transferencia.feature:198
no step-definition method match found for: match responseStatus in normalizedStatus
classpath:Transferencia.feature:209
no step-definition method match found for: match responseStatus in statusOk
classpath:Transferencia.feature:220
no step-definition method match found for: match responseStatus in okStatus
classpath:Transferencia.feature:241
no step-definition method match found for: match responseStatus in normalizedStatus
classpath:Transferencia.feature:262
no step-definition method match found for: match responseStatus in normalizedStatus
classpath:Transferencia.feature:273
no step-definition method match found for: match responseStatus in normalizedStatus
classpath:Transferencia.feature:284
no step-definition method match found for: match responseStatus in normalizedStatus
classpath:Transferencia.feature:295
no step-definition method match found for: match responseStatus in normalizedStatus
classpath:Transferencia.feature:306
no step-definition method match found for: match responseStatus in normalizedStatus
classpath:Transferencia.feature:317
no step-definition method match found for: match responseStatus in normalizedStatus
classpath:Transferencia.feature:328
no step-definition method match found for: match responseStatus in normalizedStatus
classpath:Transferencia.feature:339
no step-definition method match found for: match responseStatus in normalizedStatus
classpath:Transferencia.feature:351
no step-definition method match found for: match responseStatus in normalizedStatus
classpath:Transferencia.feature:363
no step-definition method match found for: match responseStatus in normalizedStatus
classpath:Transferencia.feature:374
no step-definition method match found for: match responseStatus in normalizedStatus
classpath:Transferencia.feature:386
no step-definition method match found for: match responseStatus in normalizedStatus
classpath:Transferencia.feature:398
no step-definition method match found for: match responseStatus in normalizedStatus
classpath:Transferencia.feature:410
no step-definition method match found for: match responseStatus in normalizedStatus
classpath:Transferencia.feature:422
no step-definition method match found for: match responseStatus in normalizedStatus
classpath:Transferencia.feature:434
no step-definition method match found for: match responseStatus in normalizedStatus
classpath:Transferencia.feature:446
js failed:
>>>>
01: karate.clone(authHeaders)
<<<<
org.graalvm.polyglot.PolyglotException: TypeError: invokeMember (clone) on com.intuit.karate.core.ScenarioBridge failed due to: Unknown identifier: clone
- <js>.:program(Unnamed:1)

classpath:Transferencia.feature:451
<<<
14:15:32.475 [main] DEBUG org.thymeleaf.TemplateEngine - [THYMELEAF] INITIALIZING TEMPLATE ENGINE
14:15:32.501 [main] DEBUG org.thymeleaf.TemplateEngine.CONFIG - Initializing Thymeleaf Template engine configuration...
[THYMELEAF] TEMPLATE ENGINE CONFIGURATION:
[THYMELEAF] * Thymeleaf version: 3.0.14.RELEASE (built 2021-12-08T00:45:29+0000)
[THYMELEAF] * Cache Manager implementation: org.thymeleaf.cache.StandardCacheManager
[THYMELEAF] * Template resolvers:
[THYMELEAF]     * [1] com.intuit.karate.template.ResourceHtmlTemplateResolver
[THYMELEAF] * Message resolvers:
[THYMELEAF]     * org.thymeleaf.messageresolver.StandardMessageResolver
[THYMELEAF] * Link builders:
[THYMELEAF]     * org.thymeleaf.linkbuilder.StandardLinkBuilder
[THYMELEAF] * Dialect [1 of 2]: Standard (com.intuit.karate.template.KarateStandardDialect)
[THYMELEAF]     * Prefix: "th"
[THYMELEAF]     * Processors for Template Mode: HTML
[THYMELEAF]         * Element Tag Processors by [matching element and attribute name] [precedence]:
[THYMELEAF]             * [* {th:include,data-th-include}] [100]: org.thymeleaf.standard.processor.StandardIncludeTagProcessor
[THYMELEAF]             * [* {th:insert,data-th-insert}] [100]: org.thymeleaf.standard.processor.StandardInsertTagProcessor
[THYMELEAF]             * [* {th:replace,data-th-replace}] [100]: org.thymeleaf.standard.processor.StandardReplaceTagProcessor
[THYMELEAF]             * [* {th:substituteby,data-th-substituteby}] [100]: org.thymeleaf.standard.processor.StandardSubstituteByTagProcessor
[THYMELEAF]             * [* {th:each,data-th-each}] [200]: com.intuit.karate.template.KarateEachTagProcessor
[THYMELEAF]             * [* {th:switch,data-th-switch}] [250]: org.thymeleaf.standard.processor.StandardSwitchTagProcessor
[THYMELEAF]             * [* {th:case,data-th-case}] [275]: org.thymeleaf.standard.processor.StandardCaseTagProcessor
[THYMELEAF]             * [* {th:if,data-th-if}] [300]: org.thymeleaf.standard.processor.StandardIfTagProcessor
[THYMELEAF]             * [* {th:unless,data-th-unless}] [400]: org.thymeleaf.standard.processor.StandardUnlessTagProcessor
[THYMELEAF]             * [* {th:object,data-th-object}] [500]: org.thymeleaf.standard.processor.StandardObjectTagProcessor
[THYMELEAF]             * [* {th:with,data-th-with}] [600]: com.intuit.karate.template.KarateWithTagProcessor
[THYMELEAF]             * [* {th:attr,data-th-attr}] [700]: com.intuit.karate.template.KarateAttributeTagProcessor.KarateAttrTagProcessor
[THYMELEAF]             * [* {th:attrappend,data-th-attrappend}] [900]: com.intuit.karate.template.KarateAttributeTagProcessor.KarateAttrappendTagProcessor
[THYMELEAF]             * [* {th:attrprepend,data-th-attrprepend}] [900]: com.intuit.karate.template.KarateAttributeTagProcessor.KarateAttrprependTagProcessor
[THYMELEAF]             * [* {th:alt-title,data-th-alt-title}] [990]: org.thymeleaf.standard.processor.StandardAltTitleTagProcessor
[THYMELEAF]             * [* {th:lang-xmllang,data-th-lang-xmllang}] [990]: org.thymeleaf.standard.processor.StandardLangXmlLangTagProcessor
[THYMELEAF]             * [* {th:action,data-th-action}] [1000]: org.thymeleaf.standard.processor.StandardActionTagProcessor
[THYMELEAF]             * [* {th:checked,data-th-checked}] [1000]: org.thymeleaf.standard.processor.StandardConditionalFixedValueTagProcessor
[THYMELEAF]             * [* {th:formnovalidate,data-th-formnovalidate}] [1000]: org.thymeleaf.standard.processor.StandardConditionalFixedValueTagProcessor
[THYMELEAF]             * [* {th:pubdate,data-th-pubdate}] [1000]: org.thymeleaf.standard.processor.StandardConditionalFixedValueTagProcessor
[THYMELEAF]             * [* {th:controls,data-th-controls}] [1000]: org.thymeleaf.standard.processor.StandardConditionalFixedValueTagProcessor
[THYMELEAF]             * [* {th:defer,data-th-defer}] [1000]: org.thymeleaf.standard.processor.StandardConditionalFixedValueTagProcessor
[THYMELEAF]             * [* {th:hidden,data-th-hidden}] [1000]: org.thymeleaf.standard.processor.StandardConditionalFixedValueTagProcessor
[THYMELEAF]             * [* {th:autoplay,data-th-autoplay}] [1000]: org.thymeleaf.standard.processor.StandardConditionalFixedValueTagProcessor
[THYMELEAF]             * [* {th:ismap,data-th-ismap}] [1000]: org.thymeleaf.standard.processor.StandardConditionalFixedValueTagProcessor
[THYMELEAF]             * [* {th:open,data-th-open}] [1000]: org.thymeleaf.standard.processor.StandardConditionalFixedValueTagProcessor
[THYMELEAF]             * [* {th:required,data-th-required}] [1000]: org.thymeleaf.standard.processor.StandardConditionalFixedValueTagProcessor
[THYMELEAF]             * [* {th:seamless,data-th-seamless}] [1000]: org.thymeleaf.standard.processor.StandardConditionalFixedValueTagProcessor
[THYMELEAF]             * [* {th:reversed,data-th-reversed}] [1000]: org.thymeleaf.standard.processor.StandardConditionalFixedValueTagProcessor
[THYMELEAF]             * [* {th:async,data-th-async}] [1000]: org.thymeleaf.standard.processor.StandardConditionalFixedValueTagProcessor
[THYMELEAF]             * [* {th:multiple,data-th-multiple}] [1000]: org.thymeleaf.standard.processor.StandardConditionalFixedValueTagProcessor
[THYMELEAF]             * [* {th:default,data-th-default}] [1000]: org.thymeleaf.standard.processor.StandardConditionalFixedValueTagProcessor
[THYMELEAF]             * [* {th:disabled,data-th-disabled}] [1000]: org.thymeleaf.standard.processor.StandardConditionalFixedValueTagProcessor
[THYMELEAF]             * [* {th:selected,data-th-selected}] [1000]: org.thymeleaf.standard.processor.StandardConditionalFixedValueTagProcessor
[THYMELEAF]             * [* {th:loop,data-th-loop}] [1000]: org.thymeleaf.standard.processor.StandardConditionalFixedValueTagProcessor
[THYMELEAF]             * [* {th:nowrap,data-th-nowrap}] [1000]: org.thymeleaf.standard.processor.StandardConditionalFixedValueTagProcessor
[THYMELEAF]             * [* {th:autofocus,data-th-autofocus}] [1000]: org.thymeleaf.standard.processor.StandardConditionalFixedValueTagProcessor
[THYMELEAF]             * [* {th:readonly,data-th-readonly}] [1000]: org.thymeleaf.standard.processor.StandardConditionalFixedValueTagProcessor
[THYMELEAF]             * [* {th:scoped,data-th-scoped}] [1000]: org.thymeleaf.standard.processor.StandardConditionalFixedValueTagProcessor
[THYMELEAF]             * [* {th:declare,data-th-declare}] [1000]: org.thymeleaf.standard.processor.StandardConditionalFixedValueTagProcessor
[THYMELEAF]             * [* {th:novalidate,data-th-novalidate}] [1000]: org.thymeleaf.standard.processor.StandardConditionalFixedValueTagProcessor
[THYMELEAF]             * [* {th:onended,data-th-onended}] [1000]: org.thymeleaf.standard.processor.StandardDOMEventAttributeTagProcessor
[THYMELEAF]             * [* {th:onunload,data-th-onunload}] [1000]: org.thymeleaf.standard.processor.StandardDOMEventAttributeTagProcessor
[THYMELEAF]             * [* {th:onkeyup,data-th-onkeyup}] [1000]: org.thymeleaf.standard.processor.StandardDOMEventAttributeTagProcessor
[THYMELEAF]             * [* {th:onloadstart,data-th-onloadstart}] [1000]: org.thymeleaf.standard.processor.StandardDOMEventAttributeTagProcessor
[THYMELEAF]             * [* {th:oninvalid,data-th-oninvalid}] [1000]: org.thymeleaf.standard.processor.StandardDOMEventAttributeTagProcessor
[THYMELEAF]             * [* {th:onloadeddata,data-th-onloadeddata}] [1000]: org.thymeleaf.standard.processor.StandardDOMEventAttributeTagProcessor
[THYMELEAF]             * [* {th:onload,data-th-onload}] [1000]: org.thymeleaf.standard.processor.StandardDOMEventAttributeTagProcessor
[THYMELEAF]             * [* {th:ondragover,data-th-ondragover}] [1000]: org.thymeleaf.standard.processor.StandardDOMEventAttributeTagProcessor
[THYMELEAF]             * [* {th:ononline,data-th-ononline}] [1000]: org.thymeleaf.standard.processor.StandardDOMEventAttributeTagProcessor
[THYMELEAF]             * [* {th:ondrag,data-th-ondrag}] [1000]: org.thymeleaf.standard.processor.StandardDOMEventAttributeTagProcessor
[THYMELEAF]             * [* {th:onmessage,data-th-onmessage}] [1000]: org.thymeleaf.standard.processor.StandardDOMEventAttributeTagProcessor
[THYMELEAF]             * [* {th:onstalled,data-th-onstalled}] [1000]: org.thymeleaf.standard.processor.StandardDOMEventAttributeTagProcessor
[THYMELEAF]             * [* {th:oninput,data-th-oninput}] [1000]: org.thymeleaf.standard.processor.StandardDOMEventAttributeTagProcessor
[THYMELEAF]             * [* {th:onhashchange,data-th-onhashchange}] [1000]: org.thymeleaf.standard.processor.StandardDOMEventAttributeTagProcessor
[THYMELEAF]             * [* {th:ondblclick,data-th-ondblclick}] [1000]: org.thymeleaf.standard.processor.StandardDOMEventAttributeTagProcessor
[THYMELEAF]             * [* {th:onmouseup,data-th-onmouseup}] [1000]: org.thymeleaf.standard.processor.StandardDOMEventAttributeTagProcessor
[THYMELEAF]             * [* {th:ondragenter,data-th-ondragenter}] [1000]: org.thymeleaf.standard.processor.StandardDOMEventAttributeTagProcessor
[THYMELEAF]             * [* {th:onratechange,data-th-onratechange}] [1000]: org.thymeleaf.standard.processor.StandardDOMEventAttributeTagProcessor
[THYMELEAF]             * [* {th:onemptied,data-th-onemptied}] [1000]: org.thymeleaf.standard.processor.StandardDOMEventAttributeTagProcessor
[THYMELEAF]             * [* {th:onmousedown,data-th-onmousedown}] [1000]: org.thymeleaf.standard.processor.StandardDOMEventAttributeTagProcessor
[THYMELEAF]             * [* {th:onmouseover,data-th-onmouseover}] [1000]: org.thymeleaf.standard.processor.StandardDOMEventAttributeTagProcessor
[THYMELEAF]             * [* {th:onafterprint,data-th-onafterprint}] [1000]: org.thymeleaf.standard.processor.StandardDOMEventAttributeTagProcessor
[THYMELEAF]             * [* {th:onsuspend,data-th-onsuspend}] [1000]: org.thymeleaf.standard.processor.StandardDOMEventAttributeTagProcessor
[THYMELEAF]             * [* {th:onchange,data-th-onchange}] [1000]: org.thymeleaf.standard.processor.StandardDOMEventAttributeTagProcessor
[THYMELEAF]             * [* {th:onselect,data-th-onselect}] [1000]: org.thymeleaf.standard.processor.StandardDOMEventAttributeTagProcessor
[THYMELEAF]             * [* {th:onfocus,data-th-onfocus}] [1000]: org.thymeleaf.standard.processor.StandardDOMEventAttributeTagProcessor
[THYMELEAF]             * [* {th:onredo,data-th-onredo}] [1000]: org.thymeleaf.standard.processor.StandardDOMEventAttributeTagProcessor
[THYMELEAF]             * [* {th:onseeked,data-th-onseeked}] [1000]: org.thymeleaf.standard.processor.StandardDOMEventAttributeTagProcessor
[THYMELEAF]             * [* {th:ondragend,data-th-ondragend}] [1000]: org.thymeleaf.standard.processor.StandardDOMEventAttributeTagProcessor
[THYMELEAF]             * [* {th:onloadedmetadata,data-th-onloadedmetadata}] [1000]: org.thymeleaf.standard.processor.StandardDOMEventAttributeTagProcessor
[THYMELEAF]             * [* {th:onkeypress,data-th-onkeypress}] [1000]: org.thymeleaf.standard.processor.StandardDOMEventAttributeTagProcessor
[THYMELEAF]             * [* {th:onplay,data-th-onplay}] [1000]: org.thymeleaf.standard.processor.StandardDOMEventAttributeTagProcessor
[THYMELEAF]             * [* {th:onblur,data-th-onblur}] [1000]: org.thymeleaf.standard.processor.StandardDOMEventAttributeTagProcessor
[THYMELEAF]             * [* {th:ondurationchange,data-th-ondurationchange}] [1000]: org.thymeleaf.standard.processor.StandardDOMEventAttributeTagProcessor
[THYMELEAF]             * [* {th:onpause,data-th-onpause}] [1000]: org.thymeleaf.standard.processor.StandardDOMEventAttributeTagProcessor
[THYMELEAF]             * [* {th:onformchange,data-th-onformchange}] [1000]: org.thymeleaf.standard.processor.StandardDOMEventAttributeTagProcessor
[THYMELEAF]             * [* {th:ondragstart,data-th-ondragstart}] [1000]: org.thymeleaf.standard.processor.StandardDOMEventAttributeTagProcessor
[THYMELEAF]             * [* {th:onmousewheel,data-th-onmousewheel}] [1000]: org.thymeleaf.standard.processor.StandardDOMEventAttributeTagProcessor
[THYMELEAF]             * [* {th:onbeforeprint,data-th-onbeforeprint}] [1000]: org.thymeleaf.standard.processor.StandardDOMEventAttributeTagProcessor
[THYMELEAF]             * [* {th:oncanplaythrough,data-th-oncanplaythrough}] [1000]: org.thymeleaf.standard.processor.StandardDOMEventAttributeTagProcessor
[THYMELEAF]             * [* {th:onplaying,data-th-onplaying}] [1000]: org.thymeleaf.standard.processor.StandardDOMEventAttributeTagProcessor
[THYMELEAF]             * [* {th:onerror,data-th-onerror}] [1000]: org.thymeleaf.standard.processor.StandardDOMEventAttributeTagProcessor
[THYMELEAF]             * [* {th:onvolumechange,data-th-onvolumechange}] [1000]: org.thymeleaf.standard.processor.StandardDOMEventAttributeTagProcessor
[THYMELEAF]             * [* {th:onstorage,data-th-onstorage}] [1000]: org.thymeleaf.standard.processor.StandardDOMEventAttributeTagProcessor
[THYMELEAF]             * [* {th:ondrop,data-th-ondrop}] [1000]: org.thymeleaf.standard.processor.StandardDOMEventAttributeTagProcessor
[THYMELEAF]             * [* {th:onsubmit,data-th-onsubmit}] [1000]: org.thymeleaf.standard.processor.StandardDOMEventAttributeTagProcessor
[THYMELEAF]             * [* {th:onprogress,data-th-onprogress}] [1000]: org.thymeleaf.standard.processor.StandardDOMEventAttributeTagProcessor
[THYMELEAF]             * [* {th:onwaiting,data-th-onwaiting}] [1000]: org.thymeleaf.standard.processor.StandardDOMEventAttributeTagProcessor
[THYMELEAF]             * [* {th:onmouseout,data-th-onmouseout}] [1000]: org.thymeleaf.standard.processor.StandardDOMEventAttributeTagProcessor
[THYMELEAF]             * [* {th:onscroll,data-th-onscroll}] [1000]: org.thymeleaf.standard.processor.StandardDOMEventAttributeTagProcessor
[THYMELEAF]             * [* {th:onseeking,data-th-onseeking}] [1000]: org.thymeleaf.standard.processor.StandardDOMEventAttributeTagProcessor
[THYMELEAF]             * [* {th:onmousemove,data-th-onmousemove}] [1000]: org.thymeleaf.standard.processor.StandardDOMEventAttributeTagProcessor
[THYMELEAF]             * [* {th:onkeydown,data-th-onkeydown}] [1000]: org.thymeleaf.standard.processor.StandardDOMEventAttributeTagProcessor
[THYMELEAF]             * [* {th:onundo,data-th-onundo}] [1000]: org.thymeleaf.standard.processor.StandardDOMEventAttributeTagProcessor
[THYMELEAF]             * [* {th:onpopstate,data-th-onpopstate}] [1000]: org.thymeleaf.standard.processor.StandardDOMEventAttributeTagProcessor
[THYMELEAF]             * [* {th:oncontextmenu,data-th-oncontextmenu}] [1000]: org.thymeleaf.standard.processor.StandardDOMEventAttributeTagProcessor
[THYMELEAF]             * [* {th:onbeforeunload,data-th-onbeforeunload}] [1000]: org.thymeleaf.standard.processor.StandardDOMEventAttributeTagProcessor
[THYMELEAF]             * [* {th:ondragleave,data-th-ondragleave}] [1000]: org.thymeleaf.standard.processor.StandardDOMEventAttributeTagProcessor
[THYMELEAF]             * [* {th:onresize,data-th-onresize}] [1000]: org.thymeleaf.standard.processor.StandardDOMEventAttributeTagProcessor
[THYMELEAF]             * [* {th:onreset,data-th-onreset}] [1000]: org.thymeleaf.standard.processor.StandardDOMEventAttributeTagProcessor
[THYMELEAF]             * [* {th:onabort,data-th-onabort}] [1000]: org.thymeleaf.standard.processor.StandardDOMEventAttributeTagProcessor
[THYMELEAF]             * [* {th:oncanplay,data-th-oncanplay}] [1000]: org.thymeleaf.standard.processor.StandardDOMEventAttributeTagProcessor
[THYMELEAF]             * [* {th:onshow,data-th-onshow}] [1000]: org.thymeleaf.standard.processor.StandardDOMEventAttributeTagProcessor
[THYMELEAF]             * [* {th:onreadystatechange,data-th-onreadystatechange}] [1000]: org.thymeleaf.standard.processor.StandardDOMEventAttributeTagProcessor
[THYMELEAF]             * [* {th:onoffline,data-th-onoffline}] [1000]: org.thymeleaf.standard.processor.StandardDOMEventAttributeTagProcessor
[THYMELEAF]             * [* {th:onforminput,data-th-onforminput}] [1000]: org.thymeleaf.standard.processor.StandardDOMEventAttributeTagProcessor
[THYMELEAF]             * [* {th:ontimeupdate,data-th-ontimeupdate}] [1000]: org.thymeleaf.standard.processor.StandardDOMEventAttributeTagProcessor
[THYMELEAF]             * [* {th:onclick,data-th-onclick}] [1000]: org.thymeleaf.standard.processor.StandardDOMEventAttributeTagProcessor
[THYMELEAF]             * [* {th:href,data-th-href}] [1000]: org.thymeleaf.standard.processor.StandardHrefTagProcessor
[THYMELEAF]             * [* {th:inline,data-th-inline}] [1000]: org.thymeleaf.standard.processor.StandardInlineHTMLTagProcessor
[THYMELEAF]             * [* {th:method,data-th-method}] [1000]: org.thymeleaf.standard.processor.StandardMethodTagProcessor
[THYMELEAF]             * [* {th:name,data-th-name}] [1000]: org.thymeleaf.standard.processor.StandardNonRemovableAttributeTagProcessor
[THYMELEAF]             * [* {th:type,data-th-type}] [1000]: org.thymeleaf.standard.processor.StandardNonRemovableAttributeTagProcessor
[THYMELEAF]             * [* {th:challenge,data-th-challenge}] [1000]: org.thymeleaf.standard.processor.StandardRemovableAttributeTagProcessor
[THYMELEAF]             * [* {th:formaction,data-th-formaction}] [1000]: org.thymeleaf.standard.processor.StandardRemovableAttributeTagProcessor
[THYMELEAF]             * [* {th:colspan,data-th-colspan}] [1000]: org.thymeleaf.standard.processor.StandardRemovableAttributeTagProcessor
[THYMELEAF]             * [* {th:axis,data-th-axis}] [1000]: org.thymeleaf.standard.processor.StandardRemovableAttributeTagProcessor
[THYMELEAF]             * [* {th:title,data-th-title}] [1000]: org.thymeleaf.standard.processor.StandardRemovableAttributeTagProcessor
[THYMELEAF]             * [* {th:rows,data-th-rows}] [1000]: org.thymeleaf.standard.processor.StandardRemovableAttributeTagProcessor
[THYMELEAF]             * [* {th:alt,data-th-alt}] [1000]: org.thymeleaf.standard.processor.StandardRemovableAttributeTagProcessor
[THYMELEAF]             * [* {th:style,data-th-style}] [1000]: org.thymeleaf.standard.processor.StandardRemovableAttributeTagProcessor
[THYMELEAF]             * [* {th:summary,data-th-summary}] [1000]: org.thymeleaf.standard.processor.StandardRemovableAttributeTagProcessor
[THYMELEAF]             * [* {th:start,data-th-start}] [1000]: org.thymeleaf.standard.processor.StandardRemovableAttributeTagProcessor
[THYMELEAF]             * [* {th:border,data-th-border}] [1000]: org.thymeleaf.standard.processor.StandardRemovableAttributeTagProcessor
[THYMELEAF]             * [* {th:span,data-th-span}] [1000]: org.thymeleaf.standard.processor.StandardRemovableAttributeTagProcessor
[THYMELEAF]             * [* {th:data,data-th-data}] [1000]: org.thymeleaf.standard.processor.StandardRemovableAttributeTagProcessor
[THYMELEAF]             * [* {th:hreflang,data-th-hreflang}] [1000]: org.thymeleaf.standard.processor.StandardRemovableAttributeTagProcessor
[THYMELEAF]             * [* {th:headers,data-th-headers}] [1000]: org.thymeleaf.standard.processor.StandardRemovableAttributeTagProcessor
[THYMELEAF]             * [* {th:contextmenu,data-th-contextmenu}] [1000]: org.thymeleaf.standard.processor.StandardRemovableAttributeTagProcessor
[THYMELEAF]             * [* {th:align,data-th-align}] [1000]: org.thymeleaf.standard.processor.StandardRemovableAttributeTagProcessor
[THYMELEAF]             * [* {th:radiogroup,data-th-radiogroup}] [1000]: org.thymeleaf.standard.processor.StandardRemovableAttributeTagProcessor
[THYMELEAF]             * [* {th:cite,data-th-cite}] [1000]: org.thymeleaf.standard.processor.StandardRemovableAttributeTagProcessor
[THYMELEAF]             * [* {th:rel,data-th-rel}] [1000]: org.thymeleaf.standard.processor.StandardRemovableAttributeTagProcessor
[THYMELEAF]             * [* {th:formmethod,data-th-formmethod}] [1000]: org.thymeleaf.standard.processor.StandardRemovableAttributeTagProcessor
[THYMELEAF]             * [* {th:kind,data-th-kind}] [1000]: org.thymeleaf.standard.processor.StandardRemovableAttributeTagProcessor
[THYMELEAF]             * [* {th:rules,data-th-rules}] [1000]: org.thymeleaf.standard.processor.StandardRemovableAttributeTagProcessor
[THYMELEAF]             * [* {th:enctype,data-th-enctype}] [1000]: org.thymeleaf.standard.processor.StandardRemovableAttributeTagProcessor
[THYMELEAF]             * [* {th:usemap,data-th-usemap}] [1000]: org.thymeleaf.standard.processor.StandardRemovableAttributeTagProcessor
[THYMELEAF]             * [* {th:for,data-th-for}] [1000]: org.thymeleaf.standard.processor.StandardRemovableAttributeTagProcessor
[THYMELEAF]             * [* {th:srclang,data-th-srclang}] [1000]: org.thymeleaf.standard.processor.StandardRemovableAttributeTagProcessor
[THYMELEAF]             * [* {th:cellpadding,data-th-cellpadding}] [1000]: org.thymeleaf.standard.processor.StandardRemovableAttributeTagProcessor
[THYMELEAF]             * [* {th:wrap,data-th-wrap}] [1000]: org.thymeleaf.standard.processor.StandardRemovableAttributeTagProcessor
[THYMELEAF]             * [* {th:low,data-th-low}] [1000]: org.thymeleaf.standard.processor.StandardRemovableAttributeTagProcessor
[THYMELEAF]             * [* {th:formenctype,data-th-formenctype}] [1000]: org.thymeleaf.standard.processor.StandardRemovableAttributeTagProcessor
[THYMELEAF]             * [* {th:scheme,data-th-scheme}] [1000]: org.thymeleaf.standard.processor.StandardRemovableAttributeTagProcessor
[THYMELEAF]             * [* {th:compact,data-th-compact}] [1000]: org.thymeleaf.standard.processor.StandardRemovableAttributeTagProcessor
[THYMELEAF]             * [* {th:width,data-th-width}] [1000]: org.thymeleaf.standard.processor.StandardRemovableAttributeTagProcessor
[THYMELEAF]             * [* {th:lang,data-th-lang}] [1000]: org.thymeleaf.standard.processor.StandardRemovableAttributeTagProcessor
[THYMELEAF]             * [* {th:scope,data-th-scope}] [1000]: org.thymeleaf.standard.processor.StandardRemovableAttributeTagProcessor
[THYMELEAF]             * [* {th:size,data-th-size}] [1000]: org.thymeleaf.standard.processor.StandardRemovableAttributeTagProcessor
[THYMELEAF]             * [* {th:min,data-th-min}] [1000]: org.thymeleaf.standard.processor.StandardRemovableAttributeTagProcessor
[THYMELEAF]             * [* {th:classid,data-th-classid}] [1000]: org.thymeleaf.standard.processor.StandardRemovableAttributeTagProcessor
[THYMELEAF]             * [* {th:sizes,data-th-sizes}] [1000]: org.thymeleaf.standard.processor.StandardRemovableAttributeTagProcessor
[THYMELEAF]             * [* {th:dir,data-th-dir}] [1000]: org.thymeleaf.standard.processor.StandardRemovableAttributeTagProcessor
[THYMELEAF]             * [* {th:step,data-th-step}] [1000]: org.thymeleaf.standard.processor.StandardRemovableAttributeTagProcessor
[THYMELEAF]             * [* {th:rowspan,data-th-rowspan}] [1000]: org.thymeleaf.standard.processor.StandardRemovableAttributeTagProcessor
[THYMELEAF]             * [* {th:placeholder,data-th-placeholder}] [1000]: org.thymeleaf.standard.processor.StandardRemovableAttributeTagProcessor
[THYMELEAF]             * [* {th:dropzone,data-th-dropzone}] [1000]: org.thymeleaf.standard.processor.StandardRemovableAttributeTagProcessor
[THYMELEAF]             * [* {th:codetype,data-th-codetype}] [1000]: org.thymeleaf.standard.processor.StandardRemovableAttributeTagProcessor
[THYMELEAF]             * [* {th:accept,data-th-accept}] [1000]: org.thymeleaf.standard.processor.StandardRemovableAttributeTagProcessor
[THYMELEAF]             * [* {th:height,data-th-height}] [1000]: org.thymeleaf.standard.processor.StandardRemovableAttributeTagProcessor
[THYMELEAF]             * [* {th:form,data-th-form}] [1000]: org.thymeleaf.standard.processor.StandardRemovableAttributeTagProcessor
[THYMELEAF]             * [* {th:charset,data-th-charset}] [1000]: org.thymeleaf.standard.processor.StandardRemovableAttributeTagProcessor
[THYMELEAF]             * [* {th:preload,data-th-preload}] [1000]: org.thymeleaf.standard.processor.StandardRemovableAttributeTagProcessor
[THYMELEAF]             * [* {th:bgcolor,data-th-bgcolor}] [1000]: org.thymeleaf.standard.processor.StandardRemovableAttributeTagProcessor
[THYMELEAF]             * [* {th:contenteditable,data-th-contenteditable}] [1000]: org.thymeleaf.standard.processor.StandardRemovableAttributeTagProcessor
[THYMELEAF]             * [* {th:pattern,data-th-pattern}] [1000]: org.thymeleaf.standard.processor.StandardRemovableAttributeTagProcessor
[THYMELEAF]             * [* {th:audio,data-th-audio}] [1000]: org.thymeleaf.standard.processor.StandardRemovableAttributeTagProcessor
[THYMELEAF]             * [* {th:content,data-th-content}] [1000]: org.thymeleaf.standard.processor.StandardRemovableAttributeTagProcessor
[THYMELEAF]             * [* {th:list,data-th-list}] [1000]: org.thymeleaf.standard.processor.StandardRemovableAttributeTagProcessor
[THYMELEAF]             * [* {th:marginwidth,data-th-marginwidth}] [1000]: org.thymeleaf.standard.processor.StandardRemovableAttributeTagProcessor
[THYMELEAF]             * [* {th:standby,data-th-standby}] [1000]: org.thymeleaf.standard.processor.StandardRemovableAttributeTagProcessor
[THYMELEAF]             * [* {th:valuetype,data-th-valuetype}] [1000]: org.thymeleaf.standard.processor.StandardRemovableAttributeTagProcessor
[THYMELEAF]             * [* {th:accesskey,data-th-accesskey}] [1000]: org.thymeleaf.standard.processor.StandardRemovableAttributeTagProcessor
[THYMELEAF]             * [* {th:label,data-th-label}] [1000]: org.thymeleaf.standard.processor.StandardRemovableAttributeTagProcessor
[THYMELEAF]             * [* {th:sandbox,data-th-sandbox}] [1000]: org.thymeleaf.standard.processor.StandardRemovableAttributeTagProcessor
[THYMELEAF]             * [* {th:abbr,data-th-abbr}] [1000]: org.thymeleaf.standard.processor.StandardRemovableAttributeTagProcessor
[THYMELEAF]             * [* {th:archive,data-th-archive}] [1000]: org.thymeleaf.standard.processor.StandardRemovableAttributeTagProcessor
[THYMELEAF]             * [* {th:scrolling,data-th-scrolling}] [1000]: org.thymeleaf.standard.processor.StandardRemovableAttributeTagProcessor
[THYMELEAF]             * [* {th:formtarget,data-th-formtarget}] [1000]: org.thymeleaf.standard.processor.StandardRemovableAttributeTagProcessor
[THYMELEAF]             * [* {th:id,data-th-id}] [1000]: org.thymeleaf.standard.processor.StandardRemovableAttributeTagProcessor
[THYMELEAF]             * [* {th:icon,data-th-icon}] [1000]: org.thymeleaf.standard.processor.StandardRemovableAttributeTagProcessor
[THYMELEAF]             * [* {th:cols,data-th-cols}] [1000]: org.thymeleaf.standard.processor.StandardRemovableAttributeTagProcessor
[THYMELEAF]             * [* {th:cellspacing,data-th-cellspacing}] [1000]: org.thymeleaf.standard.processor.StandardRemovableAttributeTagProcessor
[THYMELEAF]             * [* {th:rev,data-th-rev}] [1000]: org.thymeleaf.standard.processor.StandardRemovableAttributeTagProcessor
[THYMELEAF]             * [* {th:autocomplete,data-th-autocomplete}] [1000]: org.thymeleaf.standard.processor.StandardRemovableAttributeTagProcessor
[THYMELEAF]             * [* {th:codebase,data-th-codebase}] [1000]: org.thymeleaf.standard.processor.StandardRemovableAttributeTagProcessor
[THYMELEAF]             * [* {th:hspace,data-th-hspace}] [1000]: org.thymeleaf.standard.processor.StandardRemovableAttributeTagProcessor
[THYMELEAF]             * [* {th:maxlength,data-th-maxlength}] [1000]: org.thymeleaf.standard.processor.StandardRemovableAttributeTagProcessor
[THYMELEAF]             * [* {th:poster,data-th-poster}] [1000]: org.thymeleaf.standard.processor.StandardRemovableAttributeTagProcessor
[THYMELEAF]             * [* {th:datetime,data-th-datetime}] [1000]: org.thymeleaf.standard.processor.StandardRemovableAttributeTagProcessor
[THYMELEAF]             * [* {th:high,data-th-high}] [1000]: org.thymeleaf.standard.processor.StandardRemovableAttributeTagProcessor
[THYMELEAF]             * [* {th:longdesc,data-th-longdesc}] [1000]: org.thymeleaf.standard.processor.StandardRemovableAttributeTagProcessor
[THYMELEAF]             * [* {th:accept-charset,data-th-accept-charset}] [1000]: org.thymeleaf.standard.processor.StandardRemovableAttributeTagProcessor
[THYMELEAF]             * [* {th:class,data-th-class}] [1000]: org.thymeleaf.standard.processor.StandardRemovableAttributeTagProcessor
[THYMELEAF]             * [* {th:frame,data-th-frame}] [1000]: org.thymeleaf.standard.processor.StandardRemovableAttributeTagProcessor
[THYMELEAF]             * [* {th:marginheight,data-th-marginheight}] [1000]: org.thymeleaf.standard.processor.StandardRemovableAttributeTagProcessor
[THYMELEAF]             * [* {th:background,data-th-background}] [1000]: org.thymeleaf.standard.processor.StandardRemovableAttributeTagProcessor
[THYMELEAF]             * [* {th:http-equiv,data-th-http-equiv}] [1000]: org.thymeleaf.standard.processor.StandardRemovableAttributeTagProcessor
[THYMELEAF]             * [* {th:draggable,data-th-draggable}] [1000]: org.thymeleaf.standard.processor.StandardRemovableAttributeTagProcessor
[THYMELEAF]             * [* {th:target,data-th-target}] [1000]: org.thymeleaf.standard.processor.StandardRemovableAttributeTagProcessor
[THYMELEAF]             * [* {th:vspace,data-th-vspace}] [1000]: org.thymeleaf.standard.processor.StandardRemovableAttributeTagProcessor
[THYMELEAF]             * [* {th:max,data-th-max}] [1000]: org.thymeleaf.standard.processor.StandardRemovableAttributeTagProcessor
[THYMELEAF]             * [* {th:manifest,data-th-manifest}] [1000]: org.thymeleaf.standard.processor.StandardRemovableAttributeTagProcessor
[THYMELEAF]             * [* {th:optimum,data-th-optimum}] [1000]: org.thymeleaf.standard.processor.StandardRemovableAttributeTagProcessor
[THYMELEAF]             * [* {th:keytype,data-th-keytype}] [1000]: org.thymeleaf.standard.processor.StandardRemovableAttributeTagProcessor
[THYMELEAF]             * [* {th:media,data-th-media}] [1000]: org.thymeleaf.standard.processor.StandardRemovableAttributeTagProcessor
[THYMELEAF]             * [* {th:tabindex,data-th-tabindex}] [1000]: org.thymeleaf.standard.processor.StandardRemovableAttributeTagProcessor
[THYMELEAF]             * [* {th:frameborder,data-th-frameborder}] [1000]: org.thymeleaf.standard.processor.StandardRemovableAttributeTagProcessor
[THYMELEAF]             * [* {th:spellcheck,data-th-spellcheck}] [1000]: org.thymeleaf.standard.processor.StandardRemovableAttributeTagProcessor
[THYMELEAF]             * [* {th:src,data-th-src}] [1000]: org.thymeleaf.standard.processor.StandardSrcTagProcessor
[THYMELEAF]             * [* {th:value,data-th-value}] [1000]: org.thymeleaf.standard.processor.StandardValueTagProcessor
[THYMELEAF]             * [* {th:xmlbase,data-th-xmlbase}] [1000]: org.thymeleaf.standard.processor.StandardXmlBaseTagProcessor
[THYMELEAF]             * [* {th:xmllang,data-th-xmllang}] [1000]: org.thymeleaf.standard.processor.StandardXmlLangTagProcessor
[THYMELEAF]             * [* {xmlns:th}] [1000]: org.thymeleaf.standard.processor.StandardXmlNsTagProcessor
[THYMELEAF]             * [* {th:xmlspace,data-th-xmlspace}] [1000]: org.thymeleaf.standard.processor.StandardXmlSpaceTagProcessor
[THYMELEAF]             * [* {th:classappend,data-th-classappend}] [1100]: org.thymeleaf.standard.processor.StandardClassappendTagProcessor
[THYMELEAF]             * [* {th:styleappend,data-th-styleappend}] [1100]: org.thymeleaf.standard.processor.StandardStyleappendTagProcessor
[THYMELEAF]             * [* {th:text,data-th-text}] [1300]: org.thymeleaf.standard.processor.StandardTextTagProcessor
[THYMELEAF]             * [* {th:utext,data-th-utext}] [1400]: org.thymeleaf.standard.processor.StandardUtextTagProcessor
[THYMELEAF]             * [* {th:fragment,data-th-fragment}] [1500]: org.thymeleaf.standard.processor.StandardFragmentTagProcessor
[THYMELEAF]             * [* {th:assert,data-th-assert}] [1550]: org.thymeleaf.standard.processor.StandardAssertTagProcessor
[THYMELEAF]             * [* {th:remove,data-th-remove}] [1600]: org.thymeleaf.standard.processor.StandardRemoveTagProcessor
[THYMELEAF]             * [* {th:ref,data-th-ref}] [10000]: org.thymeleaf.standard.processor.StandardRefAttributeTagProcessor
[THYMELEAF]             * [{th:block,th-block} *] [100000]: org.thymeleaf.standard.processor.StandardBlockTagProcessor
[THYMELEAF]             * [* th:*] [2147483647]: org.thymeleaf.standard.processor.StandardDefaultAttributesTagProcessor
[THYMELEAF]         * Text Processors by [precedence]:
[THYMELEAF]             * [1000]: org.thymeleaf.standard.processor.StandardInliningTextProcessor
[THYMELEAF]         * DOCTYPE Processors by [precedence]:
[THYMELEAF]             * [1000]: org.thymeleaf.standard.processor.StandardTranslationDocTypeProcessor
[THYMELEAF]         * CDATA Section Processors by [precedence]:
[THYMELEAF]             * [1000]: org.thymeleaf.standard.processor.StandardInliningCDATASectionProcessor
[THYMELEAF]         * Comment Processors by [precedence]:
[THYMELEAF]             * [1000]: org.thymeleaf.standard.processor.StandardInliningCommentProcessor
[THYMELEAF]             * [1100]: org.thymeleaf.standard.processor.StandardConditionalCommentProcessor
[THYMELEAF]     * Processors for Template Mode: XML
[THYMELEAF]         * Element Tag Processors by [matching element and attribute name] [precedence]:
[THYMELEAF]             * [* {th:include}] [100]: org.thymeleaf.standard.processor.StandardIncludeTagProcessor
[THYMELEAF]             * [* {th:insert}] [100]: org.thymeleaf.standard.processor.StandardInsertTagProcessor
[THYMELEAF]             * [* {th:replace}] [100]: org.thymeleaf.standard.processor.StandardReplaceTagProcessor
[THYMELEAF]             * [* {th:substituteby}] [100]: org.thymeleaf.standard.processor.StandardSubstituteByTagProcessor
[THYMELEAF]             * [* {th:each}] [200]: com.intuit.karate.template.KarateEachTagProcessor
[THYMELEAF]             * [* {th:switch}] [250]: org.thymeleaf.standard.processor.StandardSwitchTagProcessor
[THYMELEAF]             * [* {th:case}] [275]: org.thymeleaf.standard.processor.StandardCaseTagProcessor
[THYMELEAF]             * [* {th:if}] [300]: org.thymeleaf.standard.processor.StandardIfTagProcessor
[THYMELEAF]             * [* {th:unless}] [400]: org.thymeleaf.standard.processor.StandardUnlessTagProcessor
[THYMELEAF]             * [* {th:object}] [500]: org.thymeleaf.standard.processor.StandardObjectTagProcessor
[THYMELEAF]             * [* {th:with}] [600]: com.intuit.karate.template.KarateWithTagProcessor
[THYMELEAF]             * [* {th:attr}] [700]: com.intuit.karate.template.KarateAttributeTagProcessor.KarateAttrTagProcessor
[THYMELEAF]             * [* {th:attrappend}] [900]: com.intuit.karate.template.KarateAttributeTagProcessor.KarateAttrappendTagProcessor
[THYMELEAF]             * [* {th:attrprepend}] [900]: com.intuit.karate.template.KarateAttributeTagProcessor.KarateAttrprependTagProcessor
[THYMELEAF]             * [* {th:inline}] [1000]: org.thymeleaf.standard.processor.StandardInlineXMLTagProcessor
[THYMELEAF]             * [* {xmlns:th}] [1000]: org.thymeleaf.standard.processor.StandardXmlNsTagProcessor
[THYMELEAF]             * [* {th:text}] [1300]: org.thymeleaf.standard.processor.StandardTextTagProcessor
[THYMELEAF]             * [* {th:utext}] [1400]: org.thymeleaf.standard.processor.StandardUtextTagProcessor
[THYMELEAF]             * [* {th:fragment}] [1500]: org.thymeleaf.standard.processor.StandardFragmentTagProcessor
[THYMELEAF]             * [* {th:assert}] [1550]: org.thymeleaf.standard.processor.StandardAssertTagProcessor
[THYMELEAF]             * [* {th:remove}] [1600]: org.thymeleaf.standard.processor.StandardRemoveTagProcessor
[THYMELEAF]             * [* {th:ref}] [10000]: org.thymeleaf.standard.processor.StandardRefAttributeTagProcessor
[THYMELEAF]             * [{th:block} *] [100000]: org.thymeleaf.standard.processor.StandardBlockTagProcessor
[THYMELEAF]             * [* th:*] [2147483647]: org.thymeleaf.standard.processor.StandardDefaultAttributesTagProcessor
[THYMELEAF]         * Text Processors by [precedence]:
[THYMELEAF]             * [1000]: org.thymeleaf.standard.processor.StandardInliningTextProcessor
[THYMELEAF]         * CDATA Section Processors by [precedence]:
[THYMELEAF]             * [1000]: org.thymeleaf.standard.processor.StandardInliningCDATASectionProcessor
[THYMELEAF]         * Comment Processors by [precedence]:
[THYMELEAF]             * [1000]: org.thymeleaf.standard.processor.StandardInliningCommentProcessor
[THYMELEAF]     * Processors for Template Mode: TEXT
[THYMELEAF]         * Element Tag Processors by [matching element and attribute name] [precedence]:
[THYMELEAF]             * [* {th:insert}] [100]: org.thymeleaf.standard.processor.StandardInsertTagProcessor
[THYMELEAF]             * [* {th:replace}] [100]: org.thymeleaf.standard.processor.StandardReplaceTagProcessor
[THYMELEAF]             * [* {th:each}] [200]: com.intuit.karate.template.KarateEachTagProcessor
[THYMELEAF]             * [* {th:switch}] [250]: org.thymeleaf.standard.processor.StandardSwitchTagProcessor
[THYMELEAF]             * [* {th:case}] [275]: org.thymeleaf.standard.processor.StandardCaseTagProcessor
[THYMELEAF]             * [* {th:if}] [300]: org.thymeleaf.standard.processor.StandardIfTagProcessor
[THYMELEAF]             * [* {th:unless}] [400]: org.thymeleaf.standard.processor.StandardUnlessTagProcessor
[THYMELEAF]             * [* {th:object}] [500]: org.thymeleaf.standard.processor.StandardObjectTagProcessor
[THYMELEAF]             * [* {th:with}] [600]: com.intuit.karate.template.KarateWithTagProcessor
[THYMELEAF]             * [* {th:inline}] [1000]: org.thymeleaf.standard.processor.StandardInlineTextualTagProcessor
[THYMELEAF]             * [* {th:text}] [1300]: org.thymeleaf.standard.processor.StandardTextTagProcessor
[THYMELEAF]             * [* {th:utext}] [1400]: org.thymeleaf.standard.processor.StandardUtextTagProcessor
[THYMELEAF]             * [* {th:assert}] [1550]: org.thymeleaf.standard.processor.StandardAssertTagProcessor
[THYMELEAF]             * [* {th:remove}] [1600]: org.thymeleaf.standard.processor.StandardRemoveTagProcessor
[THYMELEAF]             * [* 100000] [org.thymeleaf.standard.processor.StandardBlockTagProcessor]: {}
[THYMELEAF]             * [{th:block} *] [100000]: org.thymeleaf.standard.processor.StandardBlockTagProcessor
[THYMELEAF]         * Text Processors by [precedence]:
[THYMELEAF]             * [1000]: org.thymeleaf.standard.processor.StandardInliningTextProcessor
[THYMELEAF]     * Processors for Template Mode: JAVASCRIPT
[THYMELEAF]         * Element Tag Processors by [matching element and attribute name] [precedence]:
[THYMELEAF]             * [* {th:insert}] [100]: org.thymeleaf.standard.processor.StandardInsertTagProcessor
[THYMELEAF]             * [* {th:replace}] [100]: org.thymeleaf.standard.processor.StandardReplaceTagProcessor
[THYMELEAF]             * [* {th:each}] [200]: com.intuit.karate.template.KarateEachTagProcessor
[THYMELEAF]             * [* {th:switch}] [250]: org.thymeleaf.standard.processor.StandardSwitchTagProcessor
[THYMELEAF]             * [* {th:case}] [275]: org.thymeleaf.standard.processor.StandardCaseTagProcessor
[THYMELEAF]             * [* {th:if}] [300]: org.thymeleaf.standard.processor.StandardIfTagProcessor
[THYMELEAF]             * [* {th:unless}] [400]: org.thymeleaf.standard.processor.StandardUnlessTagProcessor
[THYMELEAF]             * [* {th:object}] [500]: org.thymeleaf.standard.processor.StandardObjectTagProcessor
[THYMELEAF]             * [* {th:with}] [600]: com.intuit.karate.template.KarateWithTagProcessor
[THYMELEAF]             * [* {th:inline}] [1000]: org.thymeleaf.standard.processor.StandardInlineTextualTagProcessor
[THYMELEAF]             * [* {th:text}] [1300]: org.thymeleaf.standard.processor.StandardTextTagProcessor
[THYMELEAF]             * [* {th:utext}] [1400]: org.thymeleaf.standard.processor.StandardUtextTagProcessor
[THYMELEAF]             * [* {th:assert}] [1550]: org.thymeleaf.standard.processor.StandardAssertTagProcessor
[THYMELEAF]             * [* {th:remove}] [1600]: org.thymeleaf.standard.processor.StandardRemoveTagProcessor
[THYMELEAF]             * [{th:block} *] [100000]: org.thymeleaf.standard.processor.StandardBlockTagProcessor
[THYMELEAF]             * [* 100000] [org.thymeleaf.standard.processor.StandardBlockTagProcessor]: {}
[THYMELEAF]         * Text Processors by [precedence]:
[THYMELEAF]             * [1000]: org.thymeleaf.standard.processor.StandardInliningTextProcessor
[THYMELEAF]     * Processors for Template Mode: CSS
[THYMELEAF]         * Element Tag Processors by [matching element and attribute name] [precedence]:
[THYMELEAF]             * [* {th:insert}] [100]: org.thymeleaf.standard.processor.StandardInsertTagProcessor
[THYMELEAF]             * [* {th:replace}] [100]: org.thymeleaf.standard.processor.StandardReplaceTagProcessor
[THYMELEAF]             * [* {th:each}] [200]: com.intuit.karate.template.KarateEachTagProcessor
[THYMELEAF]             * [* {th:switch}] [250]: org.thymeleaf.standard.processor.StandardSwitchTagProcessor
[THYMELEAF]             * [* {th:case}] [275]: org.thymeleaf.standard.processor.StandardCaseTagProcessor
[THYMELEAF]             * [* {th:if}] [300]: org.thymeleaf.standard.processor.StandardIfTagProcessor
[THYMELEAF]             * [* {th:unless}] [400]: org.thymeleaf.standard.processor.StandardUnlessTagProcessor
[THYMELEAF]             * [* {th:object}] [500]: org.thymeleaf.standard.processor.StandardObjectTagProcessor
[THYMELEAF]             * [* {th:with}] [600]: com.intuit.karate.template.KarateWithTagProcessor
[THYMELEAF]             * [* {th:inline}] [1000]: org.thymeleaf.standard.processor.StandardInlineTextualTagProcessor
[THYMELEAF]             * [* {th:text}] [1300]: org.thymeleaf.standard.processor.StandardTextTagProcessor
[THYMELEAF]             * [* {th:utext}] [1400]: org.thymeleaf.standard.processor.StandardUtextTagProcessor
[THYMELEAF]             * [* {th:assert}] [1550]: org.thymeleaf.standard.processor.StandardAssertTagProcessor
[THYMELEAF]             * [* {th:remove}] [1600]: org.thymeleaf.standard.processor.StandardRemoveTagProcessor
[THYMELEAF]             * [{th:block} *] [100000]: org.thymeleaf.standard.processor.StandardBlockTagProcessor
[THYMELEAF]             * [* 100000] [org.thymeleaf.standard.processor.StandardBlockTagProcessor]: {}
[THYMELEAF]         * Text Processors by [precedence]:
[THYMELEAF]             * [1000]: org.thymeleaf.standard.processor.StandardInliningTextProcessor
[THYMELEAF]     * Expression Objects:
[THYMELEAF]         * #ctx
[THYMELEAF]         * #root
[THYMELEAF]         * #vars
[THYMELEAF]         * #object
[THYMELEAF]         * #locale
[THYMELEAF]         * #request
[THYMELEAF]         * #response
[THYMELEAF]         * #session
[THYMELEAF]         * #servletContext
[THYMELEAF]         * #conversions
[THYMELEAF]         * #uris
[THYMELEAF]         * #calendars
[THYMELEAF]         * #dates
[THYMELEAF]         * #bools
[THYMELEAF]         * #numbers
[THYMELEAF]         * #objects
[THYMELEAF]         * #strings
[THYMELEAF]         * #arrays
[THYMELEAF]         * #lists
[THYMELEAF]         * #sets
[THYMELEAF]         * #maps
[THYMELEAF]         * #aggregates
[THYMELEAF]         * #messages
[THYMELEAF]         * #ids
[THYMELEAF]         * #execInfo
[THYMELEAF]         * #httpServletRequest
[THYMELEAF]         * #httpSession
[THYMELEAF]     * Execution Attributes:
[THYMELEAF]         * "StandardExpressionParser": com.intuit.karate.template.KarateStandardDialect@dc8b2ff
[THYMELEAF]         * "StandardJavaScriptSerializer": org.thymeleaf.standard.serializer.StandardJavaScriptSerializer@751686aa
[THYMELEAF]         * "StandardCSSSerializer": org.thymeleaf.standard.serializer.StandardCSSSerializer@638977e0
[THYMELEAF]         * "StandardVariableExpressionEvaluator": com.intuit.karate.template.KarateStandardDialect@dc8b2ff
[THYMELEAF]         * "StandardConversionService": org.thymeleaf.standard.expression.StandardConversionService@2dc3ece8
[THYMELEAF] * Dialect [2 of 2]: karate (com.intuit.karate.template.KarateScriptDialect)
[THYMELEAF]     * Prefix: "ka"
[THYMELEAF]     * Processors for Template Mode: HTML
[THYMELEAF]         * Element Tag Processors by [matching element and attribute name] [precedence]:
[THYMELEAF]             * [* {src}] [1000]: com.intuit.karate.template.KaScriptAttrProcessor
[THYMELEAF]         * Element Model Processors by [matching element and attribute name] [precedence]:
[THYMELEAF]             * [{script} {ka:scope,data-ka-scope}] [1000]: com.intuit.karate.template.KaScriptElemProcessor
[THYMELEAF]             * [* {ka:set,data-ka-set}] [1000]: com.intuit.karate.template.KaSetElemProcessor
[THYMELEAF] TEMPLATE ENGINE CONFIGURED OK
14:15:32.504 [main] DEBUG org.thymeleaf.TemplateEngine - [THYMELEAF] TEMPLATE ENGINE INITIALIZED
14:15:32.557 [main] DEBUG org.thymeleaf.TemplateEngine - [THYMELEAF] INITIALIZING TEMPLATE ENGINE
14:15:32.574 [main] DEBUG org.thymeleaf.TemplateEngine.CONFIG - Initializing Thymeleaf Template engine configuration...
[THYMELEAF] TEMPLATE ENGINE CONFIGURATION:
[THYMELEAF] * Thymeleaf version: 3.0.14.RELEASE (built 2021-12-08T00:45:29+0000)
[THYMELEAF] * Cache Manager implementation: org.thymeleaf.cache.StandardCacheManager
[THYMELEAF] * Template resolvers:
[THYMELEAF]     * [1] com.intuit.karate.template.ResourceHtmlTemplateResolver
[THYMELEAF] * Message resolvers:
[THYMELEAF]     * org.thymeleaf.messageresolver.StandardMessageResolver
[THYMELEAF] * Link builders:
[THYMELEAF]     * org.thymeleaf.linkbuilder.StandardLinkBuilder
[THYMELEAF] * Dialect [1 of 2]: Standard (com.intuit.karate.template.KarateStandardDialect)
[THYMELEAF]     * Prefix: "th"
[THYMELEAF]     * Processors for Template Mode: HTML
[THYMELEAF]         * Element Tag Processors by [matching element and attribute name] [precedence]:
[THYMELEAF]             * [* {th:include,data-th-include}] [100]: org.thymeleaf.standard.processor.StandardIncludeTagProcessor
[THYMELEAF]             * [* {th:insert,data-th-insert}] [100]: org.thymeleaf.standard.processor.StandardInsertTagProcessor
[THYMELEAF]             * [* {th:replace,data-th-replace}] [100]: org.thymeleaf.standard.processor.StandardReplaceTagProcessor
[THYMELEAF]             * [* {th:substituteby,data-th-substituteby}] [100]: org.thymeleaf.standard.processor.StandardSubstituteByTagProcessor
[THYMELEAF]             * [* {th:each,data-th-each}] [200]: com.intuit.karate.template.KarateEachTagProcessor
[THYMELEAF]             * [* {th:switch,data-th-switch}] [250]: org.thymeleaf.standard.processor.StandardSwitchTagProcessor
[THYMELEAF]             * [* {th:case,data-th-case}] [275]: org.thymeleaf.standard.processor.StandardCaseTagProcessor
[THYMELEAF]             * [* {th:if,data-th-if}] [300]: org.thymeleaf.standard.processor.StandardIfTagProcessor
[THYMELEAF]             * [* {th:unless,data-th-unless}] [400]: org.thymeleaf.standard.processor.StandardUnlessTagProcessor
[THYMELEAF]             * [* {th:object,data-th-object}] [500]: org.thymeleaf.standard.processor.StandardObjectTagProcessor
[THYMELEAF]             * [* {th:with,data-th-with}] [600]: com.intuit.karate.template.KarateWithTagProcessor
[THYMELEAF]             * [* {th:attr,data-th-attr}] [700]: com.intuit.karate.template.KarateAttributeTagProcessor.KarateAttrTagProcessor
[THYMELEAF]             * [* {th:attrappend,data-th-attrappend}] [900]: com.intuit.karate.template.KarateAttributeTagProcessor.KarateAttrappendTagProcessor
[THYMELEAF]             * [* {th:attrprepend,data-th-attrprepend}] [900]: com.intuit.karate.template.KarateAttributeTagProcessor.KarateAttrprependTagProcessor
[THYMELEAF]             * [* {th:alt-title,data-th-alt-title}] [990]: org.thymeleaf.standard.processor.StandardAltTitleTagProcessor
[THYMELEAF]             * [* {th:lang-xmllang,data-th-lang-xmllang}] [990]: org.thymeleaf.standard.processor.StandardLangXmlLangTagProcessor
[THYMELEAF]             * [* {th:action,data-th-action}] [1000]: org.thymeleaf.standard.processor.StandardActionTagProcessor
[THYMELEAF]             * [* {th:controls,data-th-controls}] [1000]: org.thymeleaf.standard.processor.StandardConditionalFixedValueTagProcessor
[THYMELEAF]             * [* {th:default,data-th-default}] [1000]: org.thymeleaf.standard.processor.StandardConditionalFixedValueTagProcessor
[THYMELEAF]             * [* {th:disabled,data-th-disabled}] [1000]: org.thymeleaf.standard.processor.StandardConditionalFixedValueTagProcessor
[THYMELEAF]             * [* {th:hidden,data-th-hidden}] [1000]: org.thymeleaf.standard.processor.StandardConditionalFixedValueTagProcessor
[THYMELEAF]             * [* {th:novalidate,data-th-novalidate}] [1000]: org.thymeleaf.standard.processor.StandardConditionalFixedValueTagProcessor
[THYMELEAF]             * [* {th:defer,data-th-defer}] [1000]: org.thymeleaf.standard.processor.StandardConditionalFixedValueTagProcessor
[THYMELEAF]             * [* {th:formnovalidate,data-th-formnovalidate}] [1000]: org.thymeleaf.standard.processor.StandardConditionalFixedValueTagProcessor
[THYMELEAF]             * [* {th:loop,data-th-loop}] [1000]: org.thymeleaf.standard.processor.StandardConditionalFixedValueTagProcessor
[THYMELEAF]             * [* {th:ismap,data-th-ismap}] [1000]: org.thymeleaf.standard.processor.StandardConditionalFixedValueTagProcessor
[THYMELEAF]             * [* {th:readonly,data-th-readonly}] [1000]: org.thymeleaf.standard.processor.StandardConditionalFixedValueTagProcessor
[THYMELEAF]             * [* {th:reversed,data-th-reversed}] [1000]: org.thymeleaf.standard.processor.StandardConditionalFixedValueTagProcessor
[THYMELEAF]             * [* {th:open,data-th-open}] [1000]: org.thymeleaf.standard.processor.StandardConditionalFixedValueTagProcessor
[THYMELEAF]             * [* {th:pubdate,data-th-pubdate}] [1000]: org.thymeleaf.standard.processor.StandardConditionalFixedValueTagProcessor
[THYMELEAF]             * [* {th:autoplay,data-th-autoplay}] [1000]: org.thymeleaf.standard.processor.StandardConditionalFixedValueTagProcessor
[THYMELEAF]             * [* {th:checked,data-th-checked}] [1000]: org.thymeleaf.standard.processor.StandardConditionalFixedValueTagProcessor
[THYMELEAF]             * [* {th:selected,data-th-selected}] [1000]: org.thymeleaf.standard.processor.StandardConditionalFixedValueTagProcessor
[THYMELEAF]             * [* {th:declare,data-th-declare}] [1000]: org.thymeleaf.standard.processor.StandardConditionalFixedValueTagProcessor
[THYMELEAF]             * [* {th:multiple,data-th-multiple}] [1000]: org.thymeleaf.standard.processor.StandardConditionalFixedValueTagProcessor
[THYMELEAF]             * [* {th:seamless,data-th-seamless}] [1000]: org.thymeleaf.standard.processor.StandardConditionalFixedValueTagProcessor
[THYMELEAF]             * [* {th:autofocus,data-th-autofocus}] [1000]: org.thymeleaf.standard.processor.StandardConditionalFixedValueTagProcessor
[THYMELEAF]             * [* {th:nowrap,data-th-nowrap}] [1000]: org.thymeleaf.standard.processor.StandardConditionalFixedValueTagProcessor
[THYMELEAF]             * [* {th:required,data-th-required}] [1000]: org.thymeleaf.standard.processor.StandardConditionalFixedValueTagProcessor
[THYMELEAF]             * [* {th:scoped,data-th-scoped}] [1000]: org.thymeleaf.standard.processor.StandardConditionalFixedValueTagProcessor
[THYMELEAF]             * [* {th:async,data-th-async}] [1000]: org.thymeleaf.standard.processor.StandardConditionalFixedValueTagProcessor
[THYMELEAF]             * [* {th:onended,data-th-onended}] [1000]: org.thymeleaf.standard.processor.StandardDOMEventAttributeTagProcessor
[THYMELEAF]             * [* {th:onafterprint,data-th-onafterprint}] [1000]: org.thymeleaf.standard.processor.StandardDOMEventAttributeTagProcessor
[THYMELEAF]             * [* {th:onunload,data-th-onunload}] [1000]: org.thymeleaf.standard.processor.StandardDOMEventAttributeTagProcessor
[THYMELEAF]             * [* {th:onoffline,data-th-onoffline}] [1000]: org.thymeleaf.standard.processor.StandardDOMEventAttributeTagProcessor
[THYMELEAF]             * [* {th:onvolumechange,data-th-onvolumechange}] [1000]: org.thymeleaf.standard.processor.StandardDOMEventAttributeTagProcessor
[THYMELEAF]             * [* {th:onforminput,data-th-onforminput}] [1000]: org.thymeleaf.standard.processor.StandardDOMEventAttributeTagProcessor
[THYMELEAF]             * [* {th:onformchange,data-th-onformchange}] [1000]: org.thymeleaf.standard.processor.StandardDOMEventAttributeTagProcessor
[THYMELEAF]             * [* {th:onmouseout,data-th-onmouseout}] [1000]: org.thymeleaf.standard.processor.StandardDOMEventAttributeTagProcessor
[THYMELEAF]             * [* {th:onratechange,data-th-onratechange}] [1000]: org.thymeleaf.standard.processor.StandardDOMEventAttributeTagProcessor
[THYMELEAF]             * [* {th:onplaying,data-th-onplaying}] [1000]: org.thymeleaf.standard.processor.StandardDOMEventAttributeTagProcessor
[THYMELEAF]             * [* {th:oncontextmenu,data-th-oncontextmenu}] [1000]: org.thymeleaf.standard.processor.StandardDOMEventAttributeTagProcessor
[THYMELEAF]             * [* {th:oninput,data-th-oninput}] [1000]: org.thymeleaf.standard.processor.StandardDOMEventAttributeTagProcessor
[THYMELEAF]             * [* {th:onprogress,data-th-onprogress}] [1000]: org.thymeleaf.standard.processor.StandardDOMEventAttributeTagProcessor
[THYMELEAF]             * [* {th:ononline,data-th-ononline}] [1000]: org.thymeleaf.standard.processor.StandardDOMEventAttributeTagProcessor
[THYMELEAF]             * [* {th:onmessage,data-th-onmessage}] [1000]: org.thymeleaf.standard.processor.StandardDOMEventAttributeTagProcessor
[THYMELEAF]             * [* {th:onplay,data-th-onplay}] [1000]: org.thymeleaf.standard.processor.StandardDOMEventAttributeTagProcessor
[THYMELEAF]             * [* {th:ondblclick,data-th-ondblclick}] [1000]: org.thymeleaf.standard.processor.StandardDOMEventAttributeTagProcessor
[THYMELEAF]             * [* {th:onkeypress,data-th-onkeypress}] [1000]: org.thymeleaf.standard.processor.StandardDOMEventAttributeTagProcessor
[THYMELEAF]             * [* {th:onredo,data-th-onredo}] [1000]: org.thymeleaf.standard.processor.StandardDOMEventAttributeTagProcessor
[THYMELEAF]             * [* {th:onkeyup,data-th-onkeyup}] [1000]: org.thymeleaf.standard.processor.StandardDOMEventAttributeTagProcessor
[THYMELEAF]             * [* {th:onchange,data-th-onchange}] [1000]: org.thymeleaf.standard.processor.StandardDOMEventAttributeTagProcessor
[THYMELEAF]             * [* {th:ondragend,data-th-ondragend}] [1000]: org.thymeleaf.standard.processor.StandardDOMEventAttributeTagProcessor
[THYMELEAF]             * [* {th:onmousedown,data-th-onmousedown}] [1000]: org.thymeleaf.standard.processor.StandardDOMEventAttributeTagProcessor
[THYMELEAF]             * [* {th:onstorage,data-th-onstorage}] [1000]: org.thymeleaf.standard.processor.StandardDOMEventAttributeTagProcessor
[THYMELEAF]             * [* {th:onloadedmetadata,data-th-onloadedmetadata}] [1000]: org.thymeleaf.standard.processor.StandardDOMEventAttributeTagProcessor
[THYMELEAF]             * [* {th:onreset,data-th-onreset}] [1000]: org.thymeleaf.standard.processor.StandardDOMEventAttributeTagProcessor
[THYMELEAF]             * [* {th:ondurationchange,data-th-ondurationchange}] [1000]: org.thymeleaf.standard.processor.StandardDOMEventAttributeTagProcessor
[THYMELEAF]             * [* {th:onkeydown,data-th-onkeydown}] [1000]: org.thymeleaf.standard.processor.StandardDOMEventAttributeTagProcessor
[THYMELEAF]             * [* {th:onerror,data-th-onerror}] [1000]: org.thymeleaf.standard.processor.StandardDOMEventAttributeTagProcessor
[THYMELEAF]             * [* {th:onfocus,data-th-onfocus}] [1000]: org.thymeleaf.standard.processor.StandardDOMEventAttributeTagProcessor
[THYMELEAF]             * [* {th:onshow,data-th-onshow}] [1000]: org.thymeleaf.standard.processor.StandardDOMEventAttributeTagProcessor
[THYMELEAF]             * [* {th:onmouseover,data-th-onmouseover}] [1000]: org.thymeleaf.standard.processor.StandardDOMEventAttributeTagProcessor
[THYMELEAF]             * [* {th:oncanplaythrough,data-th-oncanplaythrough}] [1000]: org.thymeleaf.standard.processor.StandardDOMEventAttributeTagProcessor
[THYMELEAF]             * [* {th:oncanplay,data-th-oncanplay}] [1000]: org.thymeleaf.standard.processor.StandardDOMEventAttributeTagProcessor
[THYMELEAF]             * [* {th:ondragover,data-th-ondragover}] [1000]: org.thymeleaf.standard.processor.StandardDOMEventAttributeTagProcessor
[THYMELEAF]             * [* {th:ondrop,data-th-ondrop}] [1000]: org.thymeleaf.standard.processor.StandardDOMEventAttributeTagProcessor
[THYMELEAF]             * [* {th:onsuspend,data-th-onsuspend}] [1000]: org.thymeleaf.standard.processor.StandardDOMEventAttributeTagProcessor
[THYMELEAF]             * [* {th:ondragleave,data-th-ondragleave}] [1000]: org.thymeleaf.standard.processor.StandardDOMEventAttributeTagProcessor
[THYMELEAF]             * [* {th:onbeforeunload,data-th-onbeforeunload}] [1000]: org.thymeleaf.standard.processor.StandardDOMEventAttributeTagProcessor
[THYMELEAF]             * [* {th:ondragenter,data-th-ondragenter}] [1000]: org.thymeleaf.standard.processor.StandardDOMEventAttributeTagProcessor
[THYMELEAF]             * [* {th:onwaiting,data-th-onwaiting}] [1000]: org.thymeleaf.standard.processor.StandardDOMEventAttributeTagProcessor
[THYMELEAF]             * [* {th:onmousemove,data-th-onmousemove}] [1000]: org.thymeleaf.standard.processor.StandardDOMEventAttributeTagProcessor
[THYMELEAF]             * [* {th:onpopstate,data-th-onpopstate}] [1000]: org.thymeleaf.standard.processor.StandardDOMEventAttributeTagProcessor
[THYMELEAF]             * [* {th:onseeking,data-th-onseeking}] [1000]: org.thymeleaf.standard.processor.StandardDOMEventAttributeTagProcessor
[THYMELEAF]             * [* {th:onabort,data-th-onabort}] [1000]: org.thymeleaf.standard.processor.StandardDOMEventAttributeTagProcessor
[THYMELEAF]             * [* {th:ondragstart,data-th-ondragstart}] [1000]: org.thymeleaf.standard.processor.StandardDOMEventAttributeTagProcessor
[THYMELEAF]             * [* {th:onload,data-th-onload}] [1000]: org.thymeleaf.standard.processor.StandardDOMEventAttributeTagProcessor
[THYMELEAF]             * [* {th:onsubmit,data-th-onsubmit}] [1000]: org.thymeleaf.standard.processor.StandardDOMEventAttributeTagProcessor
[THYMELEAF]             * [* {th:onblur,data-th-onblur}] [1000]: org.thymeleaf.standard.processor.StandardDOMEventAttributeTagProcessor
[THYMELEAF]             * [* {th:onresize,data-th-onresize}] [1000]: org.thymeleaf.standard.processor.StandardDOMEventAttributeTagProcessor
[THYMELEAF]             * [* {th:onmouseup,data-th-onmouseup}] [1000]: org.thymeleaf.standard.processor.StandardDOMEventAttributeTagProcessor
[THYMELEAF]             * [* {th:oninvalid,data-th-oninvalid}] [1000]: org.thymeleaf.standard.processor.StandardDOMEventAttributeTagProcessor
[THYMELEAF]             * [* {th:onhashchange,data-th-onhashchange}] [1000]: org.thymeleaf.standard.processor.StandardDOMEventAttributeTagProcessor
[THYMELEAF]             * [* {th:onundo,data-th-onundo}] [1000]: org.thymeleaf.standard.processor.StandardDOMEventAttributeTagProcessor
[THYMELEAF]             * [* {th:onemptied,data-th-onemptied}] [1000]: org.thymeleaf.standard.processor.StandardDOMEventAttributeTagProcessor
[THYMELEAF]             * [* {th:onclick,data-th-onclick}] [1000]: org.thymeleaf.standard.processor.StandardDOMEventAttributeTagProcessor
[THYMELEAF]             * [* {th:onmousewheel,data-th-onmousewheel}] [1000]: org.thymeleaf.standard.processor.StandardDOMEventAttributeTagProcessor
[THYMELEAF]             * [* {th:onseeked,data-th-onseeked}] [1000]: org.thymeleaf.standard.processor.StandardDOMEventAttributeTagProcessor
[THYMELEAF]             * [* {th:ondrag,data-th-ondrag}] [1000]: org.thymeleaf.standard.processor.StandardDOMEventAttributeTagProcessor
[THYMELEAF]             * [* {th:onloadeddata,data-th-onloadeddata}] [1000]: org.thymeleaf.standard.processor.StandardDOMEventAttributeTagProcessor
[THYMELEAF]             * [* {th:onpause,data-th-onpause}] [1000]: org.thymeleaf.standard.processor.StandardDOMEventAttributeTagProcessor
[THYMELEAF]             * [* {th:onloadstart,data-th-onloadstart}] [1000]: org.thymeleaf.standard.processor.StandardDOMEventAttributeTagProcessor
[THYMELEAF]             * [* {th:onreadystatechange,data-th-onreadystatechange}] [1000]: org.thymeleaf.standard.processor.StandardDOMEventAttributeTagProcessor
[THYMELEAF]             * [* {th:ontimeupdate,data-th-ontimeupdate}] [1000]: org.thymeleaf.standard.processor.StandardDOMEventAttributeTagProcessor
[THYMELEAF]             * [* {th:onbeforeprint,data-th-onbeforeprint}] [1000]: org.thymeleaf.standard.processor.StandardDOMEventAttributeTagProcessor
[THYMELEAF]             * [* {th:onselect,data-th-onselect}] [1000]: org.thymeleaf.standard.processor.StandardDOMEventAttributeTagProcessor
[THYMELEAF]             * [* {th:onscroll,data-th-onscroll}] [1000]: org.thymeleaf.standard.processor.StandardDOMEventAttributeTagProcessor
[THYMELEAF]             * [* {th:onstalled,data-th-onstalled}] [1000]: org.thymeleaf.standard.processor.StandardDOMEventAttributeTagProcessor
[THYMELEAF]             * [* {th:href,data-th-href}] [1000]: org.thymeleaf.standard.processor.StandardHrefTagProcessor
[THYMELEAF]             * [* {th:inline,data-th-inline}] [1000]: org.thymeleaf.standard.processor.StandardInlineHTMLTagProcessor
[THYMELEAF]             * [* {th:method,data-th-method}] [1000]: org.thymeleaf.standard.processor.StandardMethodTagProcessor
[THYMELEAF]             * [* {th:type,data-th-type}] [1000]: org.thymeleaf.standard.processor.StandardNonRemovableAttributeTagProcessor
[THYMELEAF]             * [* {th:name,data-th-name}] [1000]: org.thymeleaf.standard.processor.StandardNonRemovableAttributeTagProcessor
[THYMELEAF]             * [* {th:sandbox,data-th-sandbox}] [1000]: org.thymeleaf.standard.processor.StandardRemovableAttributeTagProcessor
[THYMELEAF]             * [* {th:audio,data-th-audio}] [1000]: org.thymeleaf.standard.processor.StandardRemovableAttributeTagProcessor
[THYMELEAF]             * [* {th:classid,data-th-classid}] [1000]: org.thymeleaf.standard.processor.StandardRemovableAttributeTagProcessor
[THYMELEAF]             * [* {th:colspan,data-th-colspan}] [1000]: org.thymeleaf.standard.processor.StandardRemovableAttributeTagProcessor
[THYMELEAF]             * [* {th:id,data-th-id}] [1000]: org.thymeleaf.standard.processor.StandardRemovableAttributeTagProcessor
[THYMELEAF]             * [* {th:usemap,data-th-usemap}] [1000]: org.thymeleaf.standard.processor.StandardRemovableAttributeTagProcessor
[THYMELEAF]             * [* {th:codetype,data-th-codetype}] [1000]: org.thymeleaf.standard.processor.StandardRemovableAttributeTagProcessor
[THYMELEAF]             * [* {th:marginheight,data-th-marginheight}] [1000]: org.thymeleaf.standard.processor.StandardRemovableAttributeTagProcessor
[THYMELEAF]             * [* {th:class,data-th-class}] [1000]: org.thymeleaf.standard.processor.StandardRemovableAttributeTagProcessor
[THYMELEAF]             * [* {th:rows,data-th-rows}] [1000]: org.thymeleaf.standard.processor.StandardRemovableAttributeTagProcessor
[THYMELEAF]             * [* {th:standby,data-th-standby}] [1000]: org.thymeleaf.standard.processor.StandardRemovableAttributeTagProcessor
[THYMELEAF]             * [* {th:srclang,data-th-srclang}] [1000]: org.thymeleaf.standard.processor.StandardRemovableAttributeTagProcessor
[THYMELEAF]             * [* {th:http-equiv,data-th-http-equiv}] [1000]: org.thymeleaf.standard.processor.StandardRemovableAttributeTagProcessor
[THYMELEAF]             * [* {th:frame,data-th-frame}] [1000]: org.thymeleaf.standard.processor.StandardRemovableAttributeTagProcessor
[THYMELEAF]             * [* {th:archive,data-th-archive}] [1000]: org.thymeleaf.standard.processor.StandardRemovableAttributeTagProcessor
[THYMELEAF]             * [* {th:optimum,data-th-optimum}] [1000]: org.thymeleaf.standard.processor.StandardRemovableAttributeTagProcessor
[THYMELEAF]             * [* {th:formtarget,data-th-formtarget}] [1000]: org.thymeleaf.standard.processor.StandardRemovableAttributeTagProcessor
[THYMELEAF]             * [* {th:abbr,data-th-abbr}] [1000]: org.thymeleaf.standard.processor.StandardRemovableAttributeTagProcessor
[THYMELEAF]             * [* {th:hspace,data-th-hspace}] [1000]: org.thymeleaf.standard.processor.StandardRemovableAttributeTagProcessor
[THYMELEAF]             * [* {th:alt,data-th-alt}] [1000]: org.thymeleaf.standard.processor.StandardRemovableAttributeTagProcessor
[THYMELEAF]             * [* {th:align,data-th-align}] [1000]: org.thymeleaf.standard.processor.StandardRemovableAttributeTagProcessor
[THYMELEAF]             * [* {th:hreflang,data-th-hreflang}] [1000]: org.thymeleaf.standard.processor.StandardRemovableAttributeTagProcessor
[THYMELEAF]             * [* {th:accesskey,data-th-accesskey}] [1000]: org.thymeleaf.standard.processor.StandardRemovableAttributeTagProcessor
[THYMELEAF]             * [* {th:longdesc,data-th-longdesc}] [1000]: org.thymeleaf.standard.processor.StandardRemovableAttributeTagProcessor
[THYMELEAF]             * [* {th:challenge,data-th-challenge}] [1000]: org.thymeleaf.standard.processor.StandardRemovableAttributeTagProcessor
[THYMELEAF]             * [* {th:maxlength,data-th-maxlength}] [1000]: org.thymeleaf.standard.processor.StandardRemovableAttributeTagProcessor
[THYMELEAF]             * [* {th:vspace,data-th-vspace}] [1000]: org.thymeleaf.standard.processor.StandardRemovableAttributeTagProcessor
[THYMELEAF]             * [* {th:media,data-th-media}] [1000]: org.thymeleaf.standard.processor.StandardRemovableAttributeTagProcessor
[THYMELEAF]             * [* {th:border,data-th-border}] [1000]: org.thymeleaf.standard.processor.StandardRemovableAttributeTagProcessor
[THYMELEAF]             * [* {th:datetime,data-th-datetime}] [1000]: org.thymeleaf.standard.processor.StandardRemovableAttributeTagProcessor
[THYMELEAF]             * [* {th:rev,data-th-rev}] [1000]: org.thymeleaf.standard.processor.StandardRemovableAttributeTagProcessor
[THYMELEAF]             * [* {th:cellpadding,data-th-cellpadding}] [1000]: org.thymeleaf.standard.processor.StandardRemovableAttributeTagProcessor
[THYMELEAF]             * [* {th:compact,data-th-compact}] [1000]: org.thymeleaf.standard.processor.StandardRemovableAttributeTagProcessor
[THYMELEAF]             * [* {th:preload,data-th-preload}] [1000]: org.thymeleaf.standard.processor.StandardRemovableAttributeTagProcessor
[THYMELEAF]             * [* {th:headers,data-th-headers}] [1000]: org.thymeleaf.standard.processor.StandardRemovableAttributeTagProcessor
[THYMELEAF]             * [* {th:height,data-th-height}] [1000]: org.thymeleaf.standard.processor.StandardRemovableAttributeTagProcessor
[THYMELEAF]             * [* {th:marginwidth,data-th-marginwidth}] [1000]: org.thymeleaf.standard.processor.StandardRemovableAttributeTagProcessor
[THYMELEAF]             * [* {th:manifest,data-th-manifest}] [1000]: org.thymeleaf.standard.processor.StandardRemovableAttributeTagProcessor
[THYMELEAF]             * [* {th:poster,data-th-poster}] [1000]: org.thymeleaf.standard.processor.StandardRemovableAttributeTagProcessor
[THYMELEAF]             * [* {th:lang,data-th-lang}] [1000]: org.thymeleaf.standard.processor.StandardRemovableAttributeTagProcessor
[THYMELEAF]             * [* {th:label,data-th-label}] [1000]: org.thymeleaf.standard.processor.StandardRemovableAttributeTagProcessor
[THYMELEAF]             * [* {th:span,data-th-span}] [1000]: org.thymeleaf.standard.processor.StandardRemovableAttributeTagProcessor
[THYMELEAF]             * [* {th:for,data-th-for}] [1000]: org.thymeleaf.standard.processor.StandardRemovableAttributeTagProcessor
[THYMELEAF]             * [* {th:keytype,data-th-keytype}] [1000]: org.thymeleaf.standard.processor.StandardRemovableAttributeTagProcessor
[THYMELEAF]             * [* {th:form,data-th-form}] [1000]: org.thymeleaf.standard.processor.StandardRemovableAttributeTagProcessor
[THYMELEAF]             * [* {th:cols,data-th-cols}] [1000]: org.thymeleaf.standard.processor.StandardRemovableAttributeTagProcessor
[THYMELEAF]             * [* {th:placeholder,data-th-placeholder}] [1000]: org.thymeleaf.standard.processor.StandardRemovableAttributeTagProcessor
[THYMELEAF]             * [* {th:dir,data-th-dir}] [1000]: org.thymeleaf.standard.processor.StandardRemovableAttributeTagProcessor
[THYMELEAF]             * [* {th:formaction,data-th-formaction}] [1000]: org.thymeleaf.standard.processor.StandardRemovableAttributeTagProcessor
[THYMELEAF]             * [* {th:data,data-th-data}] [1000]: org.thymeleaf.standard.processor.StandardRemovableAttributeTagProcessor
[THYMELEAF]             * [* {th:high,data-th-high}] [1000]: org.thymeleaf.standard.processor.StandardRemovableAttributeTagProcessor
[THYMELEAF]             * [* {th:step,data-th-step}] [1000]: org.thymeleaf.standard.processor.StandardRemovableAttributeTagProcessor
[THYMELEAF]             * [* {th:axis,data-th-axis}] [1000]: org.thymeleaf.standard.processor.StandardRemovableAttributeTagProcessor
[THYMELEAF]             * [* {th:spellcheck,data-th-spellcheck}] [1000]: org.thymeleaf.standard.processor.StandardRemovableAttributeTagProcessor
[THYMELEAF]             * [* {th:cellspacing,data-th-cellspacing}] [1000]: org.thymeleaf.standard.processor.StandardRemovableAttributeTagProcessor
[THYMELEAF]             * [* {th:draggable,data-th-draggable}] [1000]: org.thymeleaf.standard.processor.StandardRemovableAttributeTagProcessor
[THYMELEAF]             * [* {th:formenctype,data-th-formenctype}] [1000]: org.thymeleaf.standard.processor.StandardRemovableAttributeTagProcessor
[THYMELEAF]             * [* {th:low,data-th-low}] [1000]: org.thymeleaf.standard.processor.StandardRemovableAttributeTagProcessor
[THYMELEAF]             * [* {th:accept,data-th-accept}] [1000]: org.thymeleaf.standard.processor.StandardRemovableAttributeTagProcessor
[THYMELEAF]             * [* {th:sizes,data-th-sizes}] [1000]: org.thymeleaf.standard.processor.StandardRemovableAttributeTagProcessor
[THYMELEAF]             * [* {th:tabindex,data-th-tabindex}] [1000]: org.thymeleaf.standard.processor.StandardRemovableAttributeTagProcessor
[THYMELEAF]             * [* {th:size,data-th-size}] [1000]: org.thymeleaf.standard.processor.StandardRemovableAttributeTagProcessor
[THYMELEAF]             * [* {th:autocomplete,data-th-autocomplete}] [1000]: org.thymeleaf.standard.processor.StandardRemovableAttributeTagProcessor
[THYMELEAF]             * [* {th:valuetype,data-th-valuetype}] [1000]: org.thymeleaf.standard.processor.StandardRemovableAttributeTagProcessor
[THYMELEAF]             * [* {th:accept-charset,data-th-accept-charset}] [1000]: org.thymeleaf.standard.processor.StandardRemovableAttributeTagProcessor
[THYMELEAF]             * [* {th:scheme,data-th-scheme}] [1000]: org.thymeleaf.standard.processor.StandardRemovableAttributeTagProcessor
[THYMELEAF]             * [* {th:rules,data-th-rules}] [1000]: org.thymeleaf.standard.processor.StandardRemovableAttributeTagProcessor
[THYMELEAF]             * [* {th:wrap,data-th-wrap}] [1000]: org.thymeleaf.standard.processor.StandardRemovableAttributeTagProcessor
[THYMELEAF]             * [* {th:charset,data-th-charset}] [1000]: org.thymeleaf.standard.processor.StandardRemovableAttributeTagProcessor
[THYMELEAF]             * [* {th:scrolling,data-th-scrolling}] [1000]: org.thymeleaf.standard.processor.StandardRemovableAttributeTagProcessor
[THYMELEAF]             * [* {th:pattern,data-th-pattern}] [1000]: org.thymeleaf.standard.processor.StandardRemovableAttributeTagProcessor
[THYMELEAF]             * [* {th:frameborder,data-th-frameborder}] [1000]: org.thymeleaf.standard.processor.StandardRemovableAttributeTagProcessor
[THYMELEAF]             * [* {th:content,data-th-content}] [1000]: org.thymeleaf.standard.processor.StandardRemovableAttributeTagProcessor
[THYMELEAF]             * [* {th:background,data-th-background}] [1000]: org.thymeleaf.standard.processor.StandardRemovableAttributeTagProcessor
[THYMELEAF]             * [* {th:kind,data-th-kind}] [1000]: org.thymeleaf.standard.processor.StandardRemovableAttributeTagProcessor
[THYMELEAF]             * [* {th:width,data-th-width}] [1000]: org.thymeleaf.standard.processor.StandardRemovableAttributeTagProcessor
[THYMELEAF]             * [* {th:bgcolor,data-th-bgcolor}] [1000]: org.thymeleaf.standard.processor.StandardRemovableAttributeTagProcessor
[THYMELEAF]             * [* {th:formmethod,data-th-formmethod}] [1000]: org.thymeleaf.standard.processor.StandardRemovableAttributeTagProcessor
[THYMELEAF]             * [* {th:icon,data-th-icon}] [1000]: org.thymeleaf.standard.processor.StandardRemovableAttributeTagProcessor
[THYMELEAF]             * [* {th:rel,data-th-rel}] [1000]: org.thymeleaf.standard.processor.StandardRemovableAttributeTagProcessor
[THYMELEAF]             * [* {th:scope,data-th-scope}] [1000]: org.thymeleaf.standard.processor.StandardRemovableAttributeTagProcessor
[THYMELEAF]             * [* {th:summary,data-th-summary}] [1000]: org.thymeleaf.standard.processor.StandardRemovableAttributeTagProcessor
[THYMELEAF]             * [* {th:codebase,data-th-codebase}] [1000]: org.thymeleaf.standard.processor.StandardRemovableAttributeTagProcessor
[THYMELEAF]             * [* {th:title,data-th-title}] [1000]: org.thymeleaf.standard.processor.StandardRemovableAttributeTagProcessor
[THYMELEAF]             * [* {th:rowspan,data-th-rowspan}] [1000]: org.thymeleaf.standard.processor.StandardRemovableAttributeTagProcessor
[THYMELEAF]             * [* {th:list,data-th-list}] [1000]: org.thymeleaf.standard.processor.StandardRemovableAttributeTagProcessor
[THYMELEAF]             * [* {th:radiogroup,data-th-radiogroup}] [1000]: org.thymeleaf.standard.processor.StandardRemovableAttributeTagProcessor
[THYMELEAF]             * [* {th:start,data-th-start}] [1000]: org.thymeleaf.standard.processor.StandardRemovableAttributeTagProcessor
[THYMELEAF]             * [* {th:contextmenu,data-th-contextmenu}] [1000]: org.thymeleaf.standard.processor.StandardRemovableAttributeTagProcessor
[THYMELEAF]             * [* {th:target,data-th-target}] [1000]: org.thymeleaf.standard.processor.StandardRemovableAttributeTagProcessor
[THYMELEAF]             * [* {th:max,data-th-max}] [1000]: org.thymeleaf.standard.processor.StandardRemovableAttributeTagProcessor
[THYMELEAF]             * [* {th:style,data-th-style}] [1000]: org.thymeleaf.standard.processor.StandardRemovableAttributeTagProcessor
[THYMELEAF]             * [* {th:cite,data-th-cite}] [1000]: org.thymeleaf.standard.processor.StandardRemovableAttributeTagProcessor
[THYMELEAF]             * [* {th:contenteditable,data-th-contenteditable}] [1000]: org.thymeleaf.standard.processor.StandardRemovableAttributeTagProcessor
[THYMELEAF]             * [* {th:min,data-th-min}] [1000]: org.thymeleaf.standard.processor.StandardRemovableAttributeTagProcessor
[THYMELEAF]             * [* {th:enctype,data-th-enctype}] [1000]: org.thymeleaf.standard.processor.StandardRemovableAttributeTagProcessor
[THYMELEAF]             * [* {th:dropzone,data-th-dropzone}] [1000]: org.thymeleaf.standard.processor.StandardRemovableAttributeTagProcessor
[THYMELEAF]             * [* {th:src,data-th-src}] [1000]: org.thymeleaf.standard.processor.StandardSrcTagProcessor
[THYMELEAF]             * [* {th:value,data-th-value}] [1000]: org.thymeleaf.standard.processor.StandardValueTagProcessor
[THYMELEAF]             * [* {th:xmlbase,data-th-xmlbase}] [1000]: org.thymeleaf.standard.processor.StandardXmlBaseTagProcessor
[THYMELEAF]             * [* {th:xmllang,data-th-xmllang}] [1000]: org.thymeleaf.standard.processor.StandardXmlLangTagProcessor
[THYMELEAF]             * [* {xmlns:th}] [1000]: org.thymeleaf.standard.processor.StandardXmlNsTagProcessor
[THYMELEAF]             * [* {th:xmlspace,data-th-xmlspace}] [1000]: org.thymeleaf.standard.processor.StandardXmlSpaceTagProcessor
[THYMELEAF]             * [* {th:classappend,data-th-classappend}] [1100]: org.thymeleaf.standard.processor.StandardClassappendTagProcessor
[THYMELEAF]             * [* {th:styleappend,data-th-styleappend}] [1100]: org.thymeleaf.standard.processor.StandardStyleappendTagProcessor
[THYMELEAF]             * [* {th:text,data-th-text}] [1300]: org.thymeleaf.standard.processor.StandardTextTagProcessor
[THYMELEAF]             * [* {th:utext,data-th-utext}] [1400]: org.thymeleaf.standard.processor.StandardUtextTagProcessor
[THYMELEAF]             * [* {th:fragment,data-th-fragment}] [1500]: org.thymeleaf.standard.processor.StandardFragmentTagProcessor
[THYMELEAF]             * [* {th:assert,data-th-assert}] [1550]: org.thymeleaf.standard.processor.StandardAssertTagProcessor
[THYMELEAF]             * [* {th:remove,data-th-remove}] [1600]: org.thymeleaf.standard.processor.StandardRemoveTagProcessor
[THYMELEAF]             * [* {th:ref,data-th-ref}] [10000]: org.thymeleaf.standard.processor.StandardRefAttributeTagProcessor
[THYMELEAF]             * [{th:block,th-block} *] [100000]: org.thymeleaf.standard.processor.StandardBlockTagProcessor
[THYMELEAF]             * [* th:*] [2147483647]: org.thymeleaf.standard.processor.StandardDefaultAttributesTagProcessor
[THYMELEAF]         * Text Processors by [precedence]:
[THYMELEAF]             * [1000]: org.thymeleaf.standard.processor.StandardInliningTextProcessor
[THYMELEAF]         * DOCTYPE Processors by [precedence]:
[THYMELEAF]             * [1000]: org.thymeleaf.standard.processor.StandardTranslationDocTypeProcessor
[THYMELEAF]         * CDATA Section Processors by [precedence]:
[THYMELEAF]             * [1000]: org.thymeleaf.standard.processor.StandardInliningCDATASectionProcessor
[THYMELEAF]         * Comment Processors by [precedence]:
[THYMELEAF]             * [1000]: org.thymeleaf.standard.processor.StandardInliningCommentProcessor
[THYMELEAF]             * [1100]: org.thymeleaf.standard.processor.StandardConditionalCommentProcessor
[THYMELEAF]     * Processors for Template Mode: XML
[THYMELEAF]         * Element Tag Processors by [matching element and attribute name] [precedence]:
[THYMELEAF]             * [* {th:include}] [100]: org.thymeleaf.standard.processor.StandardIncludeTagProcessor
[THYMELEAF]             * [* {th:insert}] [100]: org.thymeleaf.standard.processor.StandardInsertTagProcessor
[THYMELEAF]             * [* {th:replace}] [100]: org.thymeleaf.standard.processor.StandardReplaceTagProcessor
[THYMELEAF]             * [* {th:substituteby}] [100]: org.thymeleaf.standard.processor.StandardSubstituteByTagProcessor
[THYMELEAF]             * [* {th:each}] [200]: com.intuit.karate.template.KarateEachTagProcessor
[THYMELEAF]             * [* {th:switch}] [250]: org.thymeleaf.standard.processor.StandardSwitchTagProcessor
[THYMELEAF]             * [* {th:case}] [275]: org.thymeleaf.standard.processor.StandardCaseTagProcessor
[THYMELEAF]             * [* {th:if}] [300]: org.thymeleaf.standard.processor.StandardIfTagProcessor
[THYMELEAF]             * [* {th:unless}] [400]: org.thymeleaf.standard.processor.StandardUnlessTagProcessor
[THYMELEAF]             * [* {th:object}] [500]: org.thymeleaf.standard.processor.StandardObjectTagProcessor
[THYMELEAF]             * [* {th:with}] [600]: com.intuit.karate.template.KarateWithTagProcessor
[THYMELEAF]             * [* {th:attr}] [700]: com.intuit.karate.template.KarateAttributeTagProcessor.KarateAttrTagProcessor
[THYMELEAF]             * [* {th:attrappend}] [900]: com.intuit.karate.template.KarateAttributeTagProcessor.KarateAttrappendTagProcessor
[THYMELEAF]             * [* {th:attrprepend}] [900]: com.intuit.karate.template.KarateAttributeTagProcessor.KarateAttrprependTagProcessor
[THYMELEAF]             * [* {th:inline}] [1000]: org.thymeleaf.standard.processor.StandardInlineXMLTagProcessor
[THYMELEAF]             * [* {xmlns:th}] [1000]: org.thymeleaf.standard.processor.StandardXmlNsTagProcessor
[THYMELEAF]             * [* {th:text}] [1300]: org.thymeleaf.standard.processor.StandardTextTagProcessor
[THYMELEAF]             * [* {th:utext}] [1400]: org.thymeleaf.standard.processor.StandardUtextTagProcessor
[THYMELEAF]             * [* {th:fragment}] [1500]: org.thymeleaf.standard.processor.StandardFragmentTagProcessor
[THYMELEAF]             * [* {th:assert}] [1550]: org.thymeleaf.standard.processor.StandardAssertTagProcessor
[THYMELEAF]             * [* {th:remove}] [1600]: org.thymeleaf.standard.processor.StandardRemoveTagProcessor
[THYMELEAF]             * [* {th:ref}] [10000]: org.thymeleaf.standard.processor.StandardRefAttributeTagProcessor
[THYMELEAF]             * [{th:block} *] [100000]: org.thymeleaf.standard.processor.StandardBlockTagProcessor
[THYMELEAF]             * [* th:*] [2147483647]: org.thymeleaf.standard.processor.StandardDefaultAttributesTagProcessor
[THYMELEAF]         * Text Processors by [precedence]:
[THYMELEAF]             * [1000]: org.thymeleaf.standard.processor.StandardInliningTextProcessor
[THYMELEAF]         * CDATA Section Processors by [precedence]:
[THYMELEAF]             * [1000]: org.thymeleaf.standard.processor.StandardInliningCDATASectionProcessor
[THYMELEAF]         * Comment Processors by [precedence]:
[THYMELEAF]             * [1000]: org.thymeleaf.standard.processor.StandardInliningCommentProcessor
[THYMELEAF]     * Processors for Template Mode: TEXT
[THYMELEAF]         * Element Tag Processors by [matching element and attribute name] [precedence]:
[THYMELEAF]             * [* {th:insert}] [100]: org.thymeleaf.standard.processor.StandardInsertTagProcessor
[THYMELEAF]             * [* {th:replace}] [100]: org.thymeleaf.standard.processor.StandardReplaceTagProcessor
[THYMELEAF]             * [* {th:each}] [200]: com.intuit.karate.template.KarateEachTagProcessor
[THYMELEAF]             * [* {th:switch}] [250]: org.thymeleaf.standard.processor.StandardSwitchTagProcessor
[THYMELEAF]             * [* {th:case}] [275]: org.thymeleaf.standard.processor.StandardCaseTagProcessor
[THYMELEAF]             * [* {th:if}] [300]: org.thymeleaf.standard.processor.StandardIfTagProcessor
[THYMELEAF]             * [* {th:unless}] [400]: org.thymeleaf.standard.processor.StandardUnlessTagProcessor
[THYMELEAF]             * [* {th:object}] [500]: org.thymeleaf.standard.processor.StandardObjectTagProcessor
[THYMELEAF]             * [* {th:with}] [600]: com.intuit.karate.template.KarateWithTagProcessor
[THYMELEAF]             * [* {th:inline}] [1000]: org.thymeleaf.standard.processor.StandardInlineTextualTagProcessor
[THYMELEAF]             * [* {th:text}] [1300]: org.thymeleaf.standard.processor.StandardTextTagProcessor
[THYMELEAF]             * [* {th:utext}] [1400]: org.thymeleaf.standard.processor.StandardUtextTagProcessor
[THYMELEAF]             * [* {th:assert}] [1550]: org.thymeleaf.standard.processor.StandardAssertTagProcessor
[THYMELEAF]             * [* {th:remove}] [1600]: org.thymeleaf.standard.processor.StandardRemoveTagProcessor
[THYMELEAF]             * [{th:block} *] [100000]: org.thymeleaf.standard.processor.StandardBlockTagProcessor
[THYMELEAF]             * [* 100000] [org.thymeleaf.standard.processor.StandardBlockTagProcessor]: {}
[THYMELEAF]         * Text Processors by [precedence]:
[THYMELEAF]             * [1000]: org.thymeleaf.standard.processor.StandardInliningTextProcessor
[THYMELEAF]     * Processors for Template Mode: JAVASCRIPT
[THYMELEAF]         * Element Tag Processors by [matching element and attribute name] [precedence]:
[THYMELEAF]             * [* {th:insert}] [100]: org.thymeleaf.standard.processor.StandardInsertTagProcessor
[THYMELEAF]             * [* {th:replace}] [100]: org.thymeleaf.standard.processor.StandardReplaceTagProcessor
[THYMELEAF]             * [* {th:each}] [200]: com.intuit.karate.template.KarateEachTagProcessor
[THYMELEAF]             * [* {th:switch}] [250]: org.thymeleaf.standard.processor.StandardSwitchTagProcessor
[THYMELEAF]             * [* {th:case}] [275]: org.thymeleaf.standard.processor.StandardCaseTagProcessor
[THYMELEAF]             * [* {th:if}] [300]: org.thymeleaf.standard.processor.StandardIfTagProcessor
[THYMELEAF]             * [* {th:unless}] [400]: org.thymeleaf.standard.processor.StandardUnlessTagProcessor
[THYMELEAF]             * [* {th:object}] [500]: org.thymeleaf.standard.processor.StandardObjectTagProcessor
[THYMELEAF]             * [* {th:with}] [600]: com.intuit.karate.template.KarateWithTagProcessor
[THYMELEAF]             * [* {th:inline}] [1000]: org.thymeleaf.standard.processor.StandardInlineTextualTagProcessor
[THYMELEAF]             * [* {th:text}] [1300]: org.thymeleaf.standard.processor.StandardTextTagProcessor
[THYMELEAF]             * [* {th:utext}] [1400]: org.thymeleaf.standard.processor.StandardUtextTagProcessor
[THYMELEAF]             * [* {th:assert}] [1550]: org.thymeleaf.standard.processor.StandardAssertTagProcessor
[THYMELEAF]             * [* {th:remove}] [1600]: org.thymeleaf.standard.processor.StandardRemoveTagProcessor
[THYMELEAF]             * [{th:block} *] [100000]: org.thymeleaf.standard.processor.StandardBlockTagProcessor
[THYMELEAF]             * [* 100000] [org.thymeleaf.standard.processor.StandardBlockTagProcessor]: {}
[THYMELEAF]         * Text Processors by [precedence]:
[THYMELEAF]             * [1000]: org.thymeleaf.standard.processor.StandardInliningTextProcessor
[THYMELEAF]     * Processors for Template Mode: CSS
[THYMELEAF]         * Element Tag Processors by [matching element and attribute name] [precedence]:
[THYMELEAF]             * [* {th:insert}] [100]: org.thymeleaf.standard.processor.StandardInsertTagProcessor
[THYMELEAF]             * [* {th:replace}] [100]: org.thymeleaf.standard.processor.StandardReplaceTagProcessor
[THYMELEAF]             * [* {th:each}] [200]: com.intuit.karate.template.KarateEachTagProcessor
[THYMELEAF]             * [* {th:switch}] [250]: org.thymeleaf.standard.processor.StandardSwitchTagProcessor
[THYMELEAF]             * [* {th:case}] [275]: org.thymeleaf.standard.processor.StandardCaseTagProcessor
[THYMELEAF]             * [* {th:if}] [300]: org.thymeleaf.standard.processor.StandardIfTagProcessor
[THYMELEAF]             * [* {th:unless}] [400]: org.thymeleaf.standard.processor.StandardUnlessTagProcessor
[THYMELEAF]             * [* {th:object}] [500]: org.thymeleaf.standard.processor.StandardObjectTagProcessor
[THYMELEAF]             * [* {th:with}] [600]: com.intuit.karate.template.KarateWithTagProcessor
[THYMELEAF]             * [* {th:inline}] [1000]: org.thymeleaf.standard.processor.StandardInlineTextualTagProcessor
[THYMELEAF]             * [* {th:text}] [1300]: org.thymeleaf.standard.processor.StandardTextTagProcessor
[THYMELEAF]             * [* {th:utext}] [1400]: org.thymeleaf.standard.processor.StandardUtextTagProcessor
[THYMELEAF]             * [* {th:assert}] [1550]: org.thymeleaf.standard.processor.StandardAssertTagProcessor
[THYMELEAF]             * [* {th:remove}] [1600]: org.thymeleaf.standard.processor.StandardRemoveTagProcessor
[THYMELEAF]             * [* 100000] [org.thymeleaf.standard.processor.StandardBlockTagProcessor]: {}
[THYMELEAF]             * [{th:block} *] [100000]: org.thymeleaf.standard.processor.StandardBlockTagProcessor
[THYMELEAF]         * Text Processors by [precedence]:
[THYMELEAF]             * [1000]: org.thymeleaf.standard.processor.StandardInliningTextProcessor
[THYMELEAF]     * Expression Objects:
[THYMELEAF]         * #ctx
[THYMELEAF]         * #root
[THYMELEAF]         * #vars
[THYMELEAF]         * #object
[THYMELEAF]         * #locale
[THYMELEAF]         * #request
[THYMELEAF]         * #response
[THYMELEAF]         * #session
[THYMELEAF]         * #servletContext
[THYMELEAF]         * #conversions
[THYMELEAF]         * #uris
[THYMELEAF]         * #calendars
[THYMELEAF]         * #dates
[THYMELEAF]         * #bools
[THYMELEAF]         * #numbers
[THYMELEAF]         * #objects
[THYMELEAF]         * #strings
[THYMELEAF]         * #arrays
[THYMELEAF]         * #lists
[THYMELEAF]         * #sets
[THYMELEAF]         * #maps
[THYMELEAF]         * #aggregates
[THYMELEAF]         * #messages
[THYMELEAF]         * #ids
[THYMELEAF]         * #execInfo
[THYMELEAF]         * #httpServletRequest
[THYMELEAF]         * #httpSession
[THYMELEAF]     * Execution Attributes:
[THYMELEAF]         * "StandardExpressionParser": com.intuit.karate.template.KarateStandardDialect@75f32817
[THYMELEAF]         * "StandardJavaScriptSerializer": org.thymeleaf.standard.serializer.StandardJavaScriptSerializer@4c28f97e
[THYMELEAF]         * "StandardCSSSerializer": org.thymeleaf.standard.serializer.StandardCSSSerializer@21d8da75
[THYMELEAF]         * "StandardVariableExpressionEvaluator": com.intuit.karate.template.KarateStandardDialect@75f32817
[THYMELEAF]         * "StandardConversionService": org.thymeleaf.standard.expression.StandardConversionService@5a1c7619
[THYMELEAF] * Dialect [2 of 2]: karate (com.intuit.karate.template.KarateScriptDialect)
[THYMELEAF]     * Prefix: "ka"
[THYMELEAF]     * Processors for Template Mode: HTML
[THYMELEAF]         * Element Tag Processors by [matching element and attribute name] [precedence]:
[THYMELEAF]             * [* {src}] [1000]: com.intuit.karate.template.KaScriptAttrProcessor
[THYMELEAF]         * Element Model Processors by [matching element and attribute name] [precedence]:
[THYMELEAF]             * [{script} {ka:scope,data-ka-scope}] [1000]: com.intuit.karate.template.KaScriptElemProcessor
[THYMELEAF]             * [* {ka:set,data-ka-set}] [1000]: com.intuit.karate.template.KaSetElemProcessor
[THYMELEAF] TEMPLATE ENGINE CONFIGURED OK
14:15:32.574 [main] DEBUG org.thymeleaf.TemplateEngine - [THYMELEAF] TEMPLATE ENGINE INITIALIZED
14:15:32.607 [main] DEBUG org.thymeleaf.TemplateEngine - [THYMELEAF] INITIALIZING TEMPLATE ENGINE
14:15:32.624 [main] DEBUG org.thymeleaf.TemplateEngine.CONFIG - Initializing Thymeleaf Template engine configuration...
[THYMELEAF] TEMPLATE ENGINE CONFIGURATION:
[THYMELEAF] * Thymeleaf version: 3.0.14.RELEASE (built 2021-12-08T00:45:29+0000)
[THYMELEAF] * Cache Manager implementation: org.thymeleaf.cache.StandardCacheManager
[THYMELEAF] * Template resolvers:
[THYMELEAF]     * [1] com.intuit.karate.template.ResourceHtmlTemplateResolver
[THYMELEAF] * Message resolvers:
[THYMELEAF]     * org.thymeleaf.messageresolver.StandardMessageResolver
[THYMELEAF] * Link builders:
[THYMELEAF]     * org.thymeleaf.linkbuilder.StandardLinkBuilder
[THYMELEAF] * Dialect [1 of 2]: Standard (com.intuit.karate.template.KarateStandardDialect)
[THYMELEAF]     * Prefix: "th"
[THYMELEAF]     * Processors for Template Mode: HTML
[THYMELEAF]         * Element Tag Processors by [matching element and attribute name] [precedence]:
[THYMELEAF]             * [* {th:include,data-th-include}] [100]: org.thymeleaf.standard.processor.StandardIncludeTagProcessor
[THYMELEAF]             * [* {th:insert,data-th-insert}] [100]: org.thymeleaf.standard.processor.StandardInsertTagProcessor
[THYMELEAF]             * [* {th:replace,data-th-replace}] [100]: org.thymeleaf.standard.processor.StandardReplaceTagProcessor
[THYMELEAF]             * [* {th:substituteby,data-th-substituteby}] [100]: org.thymeleaf.standard.processor.StandardSubstituteByTagProcessor
[THYMELEAF]             * [* {th:each,data-th-each}] [200]: com.intuit.karate.template.KarateEachTagProcessor
[THYMELEAF]             * [* {th:switch,data-th-switch}] [250]: org.thymeleaf.standard.processor.StandardSwitchTagProcessor
[THYMELEAF]             * [* {th:case,data-th-case}] [275]: org.thymeleaf.standard.processor.StandardCaseTagProcessor
[THYMELEAF]             * [* {th:if,data-th-if}] [300]: org.thymeleaf.standard.processor.StandardIfTagProcessor
[THYMELEAF]             * [* {th:unless,data-th-unless}] [400]: org.thymeleaf.standard.processor.StandardUnlessTagProcessor
[THYMELEAF]             * [* {th:object,data-th-object}] [500]: org.thymeleaf.standard.processor.StandardObjectTagProcessor
[THYMELEAF]             * [* {th:with,data-th-with}] [600]: com.intuit.karate.template.KarateWithTagProcessor
[THYMELEAF]             * [* {th:attr,data-th-attr}] [700]: com.intuit.karate.template.KarateAttributeTagProcessor.KarateAttrTagProcessor
[THYMELEAF]             * [* {th:attrappend,data-th-attrappend}] [900]: com.intuit.karate.template.KarateAttributeTagProcessor.KarateAttrappendTagProcessor
[THYMELEAF]             * [* {th:attrprepend,data-th-attrprepend}] [900]: com.intuit.karate.template.KarateAttributeTagProcessor.KarateAttrprependTagProcessor
[THYMELEAF]             * [* {th:alt-title,data-th-alt-title}] [990]: org.thymeleaf.standard.processor.StandardAltTitleTagProcessor
[THYMELEAF]             * [* {th:lang-xmllang,data-th-lang-xmllang}] [990]: org.thymeleaf.standard.processor.StandardLangXmlLangTagProcessor
[THYMELEAF]             * [* {th:action,data-th-action}] [1000]: org.thymeleaf.standard.processor.StandardActionTagProcessor
[THYMELEAF]             * [* {th:checked,data-th-checked}] [1000]: org.thymeleaf.standard.processor.StandardConditionalFixedValueTagProcessor
[THYMELEAF]             * [* {th:selected,data-th-selected}] [1000]: org.thymeleaf.standard.processor.StandardConditionalFixedValueTagProcessor
[THYMELEAF]             * [* {th:controls,data-th-controls}] [1000]: org.thymeleaf.standard.processor.StandardConditionalFixedValueTagProcessor
[THYMELEAF]             * [* {th:multiple,data-th-multiple}] [1000]: org.thymeleaf.standard.processor.StandardConditionalFixedValueTagProcessor
[THYMELEAF]             * [* {th:ismap,data-th-ismap}] [1000]: org.thymeleaf.standard.processor.StandardConditionalFixedValueTagProcessor
[THYMELEAF]             * [* {th:readonly,data-th-readonly}] [1000]: org.thymeleaf.standard.processor.StandardConditionalFixedValueTagProcessor
[THYMELEAF]             * [* {th:defer,data-th-defer}] [1000]: org.thymeleaf.standard.processor.StandardConditionalFixedValueTagProcessor
[THYMELEAF]             * [* {th:scoped,data-th-scoped}] [1000]: org.thymeleaf.standard.processor.StandardConditionalFixedValueTagProcessor
[THYMELEAF]             * [* {th:autofocus,data-th-autofocus}] [1000]: org.thymeleaf.standard.processor.StandardConditionalFixedValueTagProcessor
[THYMELEAF]             * [* {th:hidden,data-th-hidden}] [1000]: org.thymeleaf.standard.processor.StandardConditionalFixedValueTagProcessor
[THYMELEAF]             * [* {th:async,data-th-async}] [1000]: org.thymeleaf.standard.processor.StandardConditionalFixedValueTagProcessor
[THYMELEAF]             * [* {th:novalidate,data-th-novalidate}] [1000]: org.thymeleaf.standard.processor.StandardConditionalFixedValueTagProcessor
[THYMELEAF]             * [* {th:loop,data-th-loop}] [1000]: org.thymeleaf.standard.processor.StandardConditionalFixedValueTagProcessor
[THYMELEAF]             * [* {th:nowrap,data-th-nowrap}] [1000]: org.thymeleaf.standard.processor.StandardConditionalFixedValueTagProcessor
[THYMELEAF]             * [* {th:open,data-th-open}] [1000]: org.thymeleaf.standard.processor.StandardConditionalFixedValueTagProcessor
[THYMELEAF]             * [* {th:disabled,data-th-disabled}] [1000]: org.thymeleaf.standard.processor.StandardConditionalFixedValueTagProcessor
[THYMELEAF]             * [* {th:reversed,data-th-reversed}] [1000]: org.thymeleaf.standard.processor.StandardConditionalFixedValueTagProcessor
[THYMELEAF]             * [* {th:required,data-th-required}] [1000]: org.thymeleaf.standard.processor.StandardConditionalFixedValueTagProcessor
[THYMELEAF]             * [* {th:seamless,data-th-seamless}] [1000]: org.thymeleaf.standard.processor.StandardConditionalFixedValueTagProcessor
[THYMELEAF]             * [* {th:pubdate,data-th-pubdate}] [1000]: org.thymeleaf.standard.processor.StandardConditionalFixedValueTagProcessor
[THYMELEAF]             * [* {th:autoplay,data-th-autoplay}] [1000]: org.thymeleaf.standard.processor.StandardConditionalFixedValueTagProcessor
[THYMELEAF]             * [* {th:declare,data-th-declare}] [1000]: org.thymeleaf.standard.processor.StandardConditionalFixedValueTagProcessor
[THYMELEAF]             * [* {th:formnovalidate,data-th-formnovalidate}] [1000]: org.thymeleaf.standard.processor.StandardConditionalFixedValueTagProcessor
[THYMELEAF]             * [* {th:default,data-th-default}] [1000]: org.thymeleaf.standard.processor.StandardConditionalFixedValueTagProcessor
[THYMELEAF]             * [* {th:onoffline,data-th-onoffline}] [1000]: org.thymeleaf.standard.processor.StandardDOMEventAttributeTagProcessor
[THYMELEAF]             * [* {th:onmousemove,data-th-onmousemove}] [1000]: org.thymeleaf.standard.processor.StandardDOMEventAttributeTagProcessor
[THYMELEAF]             * [* {th:ononline,data-th-ononline}] [1000]: org.thymeleaf.standard.processor.StandardDOMEventAttributeTagProcessor
[THYMELEAF]             * [* {th:onbeforeprint,data-th-onbeforeprint}] [1000]: org.thymeleaf.standard.processor.StandardDOMEventAttributeTagProcessor
[THYMELEAF]             * [* {th:onplaying,data-th-onplaying}] [1000]: org.thymeleaf.standard.processor.StandardDOMEventAttributeTagProcessor
[THYMELEAF]             * [* {th:ondrag,data-th-ondrag}] [1000]: org.thymeleaf.standard.processor.StandardDOMEventAttributeTagProcessor
[THYMELEAF]             * [* {th:ondurationchange,data-th-ondurationchange}] [1000]: org.thymeleaf.standard.processor.StandardDOMEventAttributeTagProcessor
[THYMELEAF]             * [* {th:onmouseover,data-th-onmouseover}] [1000]: org.thymeleaf.standard.processor.StandardDOMEventAttributeTagProcessor
[THYMELEAF]             * [* {th:onvolumechange,data-th-onvolumechange}] [1000]: org.thymeleaf.standard.processor.StandardDOMEventAttributeTagProcessor
[THYMELEAF]             * [* {th:onstorage,data-th-onstorage}] [1000]: org.thymeleaf.standard.processor.StandardDOMEventAttributeTagProcessor
[THYMELEAF]             * [* {th:oncanplay,data-th-oncanplay}] [1000]: org.thymeleaf.standard.processor.StandardDOMEventAttributeTagProcessor
[THYMELEAF]             * [* {th:ontimeupdate,data-th-ontimeupdate}] [1000]: org.thymeleaf.standard.processor.StandardDOMEventAttributeTagProcessor
[THYMELEAF]             * [* {th:onbeforeunload,data-th-onbeforeunload}] [1000]: org.thymeleaf.standard.processor.StandardDOMEventAttributeTagProcessor
[THYMELEAF]             * [* {th:onfocus,data-th-onfocus}] [1000]: org.thymeleaf.standard.processor.StandardDOMEventAttributeTagProcessor
[THYMELEAF]             * [* {th:onafterprint,data-th-onafterprint}] [1000]: org.thymeleaf.standard.processor.StandardDOMEventAttributeTagProcessor
[THYMELEAF]             * [* {th:onloadeddata,data-th-onloadeddata}] [1000]: org.thymeleaf.standard.processor.StandardDOMEventAttributeTagProcessor
[THYMELEAF]             * [* {th:onkeyup,data-th-onkeyup}] [1000]: org.thymeleaf.standard.processor.StandardDOMEventAttributeTagProcessor
[THYMELEAF]             * [* {th:onscroll,data-th-onscroll}] [1000]: org.thymeleaf.standard.processor.StandardDOMEventAttributeTagProcessor
[THYMELEAF]             * [* {th:onsubmit,data-th-onsubmit}] [1000]: org.thymeleaf.standard.processor.StandardDOMEventAttributeTagProcessor
[THYMELEAF]             * [* {th:onkeydown,data-th-onkeydown}] [1000]: org.thymeleaf.standard.processor.StandardDOMEventAttributeTagProcessor
[THYMELEAF]             * [* {th:onmousewheel,data-th-onmousewheel}] [1000]: org.thymeleaf.standard.processor.StandardDOMEventAttributeTagProcessor
[THYMELEAF]             * [* {th:ondblclick,data-th-ondblclick}] [1000]: org.thymeleaf.standard.processor.StandardDOMEventAttributeTagProcessor
[THYMELEAF]             * [* {th:oncontextmenu,data-th-oncontextmenu}] [1000]: org.thymeleaf.standard.processor.StandardDOMEventAttributeTagProcessor
[THYMELEAF]             * [* {th:onundo,data-th-onundo}] [1000]: org.thymeleaf.standard.processor.StandardDOMEventAttributeTagProcessor
[THYMELEAF]             * [* {th:oninput,data-th-oninput}] [1000]: org.thymeleaf.standard.processor.StandardDOMEventAttributeTagProcessor
[THYMELEAF]             * [* {th:onmouseout,data-th-onmouseout}] [1000]: org.thymeleaf.standard.processor.StandardDOMEventAttributeTagProcessor
[THYMELEAF]             * [* {th:onstalled,data-th-onstalled}] [1000]: org.thymeleaf.standard.processor.StandardDOMEventAttributeTagProcessor
[THYMELEAF]             * [* {th:onselect,data-th-onselect}] [1000]: org.thymeleaf.standard.processor.StandardDOMEventAttributeTagProcessor
[THYMELEAF]             * [* {th:ondrop,data-th-ondrop}] [1000]: org.thymeleaf.standard.processor.StandardDOMEventAttributeTagProcessor
[THYMELEAF]             * [* {th:onwaiting,data-th-onwaiting}] [1000]: org.thymeleaf.standard.processor.StandardDOMEventAttributeTagProcessor
[THYMELEAF]             * [* {th:onshow,data-th-onshow}] [1000]: org.thymeleaf.standard.processor.StandardDOMEventAttributeTagProcessor
[THYMELEAF]             * [* {th:onblur,data-th-onblur}] [1000]: org.thymeleaf.standard.processor.StandardDOMEventAttributeTagProcessor
[THYMELEAF]             * [* {th:onerror,data-th-onerror}] [1000]: org.thymeleaf.standard.processor.StandardDOMEventAttributeTagProcessor
[THYMELEAF]             * [* {th:onemptied,data-th-onemptied}] [1000]: org.thymeleaf.standard.processor.StandardDOMEventAttributeTagProcessor
[THYMELEAF]             * [* {th:onpause,data-th-onpause}] [1000]: org.thymeleaf.standard.processor.StandardDOMEventAttributeTagProcessor
[THYMELEAF]             * [* {th:onsuspend,data-th-onsuspend}] [1000]: org.thymeleaf.standard.processor.StandardDOMEventAttributeTagProcessor
[THYMELEAF]             * [* {th:onended,data-th-onended}] [1000]: org.thymeleaf.standard.processor.StandardDOMEventAttributeTagProcessor
[THYMELEAF]             * [* {th:onloadstart,data-th-onloadstart}] [1000]: org.thymeleaf.standard.processor.StandardDOMEventAttributeTagProcessor
[THYMELEAF]             * [* {th:ondragleave,data-th-ondragleave}] [1000]: org.thymeleaf.standard.processor.StandardDOMEventAttributeTagProcessor
[THYMELEAF]             * [* {th:onreadystatechange,data-th-onreadystatechange}] [1000]: org.thymeleaf.standard.processor.StandardDOMEventAttributeTagProcessor
[THYMELEAF]             * [* {th:onclick,data-th-onclick}] [1000]: org.thymeleaf.standard.processor.StandardDOMEventAttributeTagProcessor
[THYMELEAF]             * [* {th:onmouseup,data-th-onmouseup}] [1000]: org.thymeleaf.standard.processor.StandardDOMEventAttributeTagProcessor
[THYMELEAF]             * [* {th:ondragover,data-th-ondragover}] [1000]: org.thymeleaf.standard.processor.StandardDOMEventAttributeTagProcessor
[THYMELEAF]             * [* {th:onseeked,data-th-onseeked}] [1000]: org.thymeleaf.standard.processor.StandardDOMEventAttributeTagProcessor
[THYMELEAF]             * [* {th:onkeypress,data-th-onkeypress}] [1000]: org.thymeleaf.standard.processor.StandardDOMEventAttributeTagProcessor
[THYMELEAF]             * [* {th:onhashchange,data-th-onhashchange}] [1000]: org.thymeleaf.standard.processor.StandardDOMEventAttributeTagProcessor
[THYMELEAF]             * [* {th:onunload,data-th-onunload}] [1000]: org.thymeleaf.standard.processor.StandardDOMEventAttributeTagProcessor
[THYMELEAF]             * [* {th:onload,data-th-onload}] [1000]: org.thymeleaf.standard.processor.StandardDOMEventAttributeTagProcessor
[THYMELEAF]             * [* {th:onforminput,data-th-onforminput}] [1000]: org.thymeleaf.standard.processor.StandardDOMEventAttributeTagProcessor
[THYMELEAF]             * [* {th:onmousedown,data-th-onmousedown}] [1000]: org.thymeleaf.standard.processor.StandardDOMEventAttributeTagProcessor
[THYMELEAF]             * [* {th:ondragend,data-th-ondragend}] [1000]: org.thymeleaf.standard.processor.StandardDOMEventAttributeTagProcessor
[THYMELEAF]             * [* {th:onformchange,data-th-onformchange}] [1000]: org.thymeleaf.standard.processor.StandardDOMEventAttributeTagProcessor
[THYMELEAF]             * [* {th:onresize,data-th-onresize}] [1000]: org.thymeleaf.standard.processor.StandardDOMEventAttributeTagProcessor
[THYMELEAF]             * [* {th:ondragstart,data-th-ondragstart}] [1000]: org.thymeleaf.standard.processor.StandardDOMEventAttributeTagProcessor
[THYMELEAF]             * [* {th:onratechange,data-th-onratechange}] [1000]: org.thymeleaf.standard.processor.StandardDOMEventAttributeTagProcessor
[THYMELEAF]             * [* {th:onchange,data-th-onchange}] [1000]: org.thymeleaf.standard.processor.StandardDOMEventAttributeTagProcessor
[THYMELEAF]             * [* {th:onabort,data-th-onabort}] [1000]: org.thymeleaf.standard.processor.StandardDOMEventAttributeTagProcessor
[THYMELEAF]             * [* {th:onplay,data-th-onplay}] [1000]: org.thymeleaf.standard.processor.StandardDOMEventAttributeTagProcessor
[THYMELEAF]             * [* {th:onpopstate,data-th-onpopstate}] [1000]: org.thymeleaf.standard.processor.StandardDOMEventAttributeTagProcessor
[THYMELEAF]             * [* {th:oninvalid,data-th-oninvalid}] [1000]: org.thymeleaf.standard.processor.StandardDOMEventAttributeTagProcessor
[THYMELEAF]             * [* {th:onreset,data-th-onreset}] [1000]: org.thymeleaf.standard.processor.StandardDOMEventAttributeTagProcessor
[THYMELEAF]             * [* {th:onprogress,data-th-onprogress}] [1000]: org.thymeleaf.standard.processor.StandardDOMEventAttributeTagProcessor
[THYMELEAF]             * [* {th:oncanplaythrough,data-th-oncanplaythrough}] [1000]: org.thymeleaf.standard.processor.StandardDOMEventAttributeTagProcessor
[THYMELEAF]             * [* {th:ondragenter,data-th-ondragenter}] [1000]: org.thymeleaf.standard.processor.StandardDOMEventAttributeTagProcessor
[THYMELEAF]             * [* {th:onredo,data-th-onredo}] [1000]: org.thymeleaf.standard.processor.StandardDOMEventAttributeTagProcessor
[THYMELEAF]             * [* {th:onmessage,data-th-onmessage}] [1000]: org.thymeleaf.standard.processor.StandardDOMEventAttributeTagProcessor
[THYMELEAF]             * [* {th:onseeking,data-th-onseeking}] [1000]: org.thymeleaf.standard.processor.StandardDOMEventAttributeTagProcessor
[THYMELEAF]             * [* {th:onloadedmetadata,data-th-onloadedmetadata}] [1000]: org.thymeleaf.standard.processor.StandardDOMEventAttributeTagProcessor
[THYMELEAF]             * [* {th:href,data-th-href}] [1000]: org.thymeleaf.standard.processor.StandardHrefTagProcessor
[THYMELEAF]             * [* {th:inline,data-th-inline}] [1000]: org.thymeleaf.standard.processor.StandardInlineHTMLTagProcessor
[THYMELEAF]             * [* {th:method,data-th-method}] [1000]: org.thymeleaf.standard.processor.StandardMethodTagProcessor
[THYMELEAF]             * [* {th:name,data-th-name}] [1000]: org.thymeleaf.standard.processor.StandardNonRemovableAttributeTagProcessor
[THYMELEAF]             * [* {th:type,data-th-type}] [1000]: org.thymeleaf.standard.processor.StandardNonRemovableAttributeTagProcessor
[THYMELEAF]             * [* {th:accept,data-th-accept}] [1000]: org.thymeleaf.standard.processor.StandardRemovableAttributeTagProcessor
[THYMELEAF]             * [* {th:draggable,data-th-draggable}] [1000]: org.thymeleaf.standard.processor.StandardRemovableAttributeTagProcessor
[THYMELEAF]             * [* {th:frameborder,data-th-frameborder}] [1000]: org.thymeleaf.standard.processor.StandardRemovableAttributeTagProcessor
[THYMELEAF]             * [* {th:hspace,data-th-hspace}] [1000]: org.thymeleaf.standard.processor.StandardRemovableAttributeTagProcessor
[THYMELEAF]             * [* {th:audio,data-th-audio}] [1000]: org.thymeleaf.standard.processor.StandardRemovableAttributeTagProcessor
[THYMELEAF]             * [* {th:contenteditable,data-th-contenteditable}] [1000]: org.thymeleaf.standard.processor.StandardRemovableAttributeTagProcessor
[THYMELEAF]             * [* {th:background,data-th-background}] [1000]: org.thymeleaf.standard.processor.StandardRemovableAttributeTagProcessor
[THYMELEAF]             * [* {th:scheme,data-th-scheme}] [1000]: org.thymeleaf.standard.processor.StandardRemovableAttributeTagProcessor
[THYMELEAF]             * [* {th:scope,data-th-scope}] [1000]: org.thymeleaf.standard.processor.StandardRemovableAttributeTagProcessor
[THYMELEAF]             * [* {th:for,data-th-for}] [1000]: org.thymeleaf.standard.processor.StandardRemovableAttributeTagProcessor
[THYMELEAF]             * [* {th:target,data-th-target}] [1000]: org.thymeleaf.standard.processor.StandardRemovableAttributeTagProcessor
[THYMELEAF]             * [* {th:id,data-th-id}] [1000]: org.thymeleaf.standard.processor.StandardRemovableAttributeTagProcessor
[THYMELEAF]             * [* {th:manifest,data-th-manifest}] [1000]: org.thymeleaf.standard.processor.StandardRemovableAttributeTagProcessor
[THYMELEAF]             * [* {th:rel,data-th-rel}] [1000]: org.thymeleaf.standard.processor.StandardRemovableAttributeTagProcessor
[THYMELEAF]             * [* {th:formmethod,data-th-formmethod}] [1000]: org.thymeleaf.standard.processor.StandardRemovableAttributeTagProcessor
[THYMELEAF]             * [* {th:codetype,data-th-codetype}] [1000]: org.thymeleaf.standard.processor.StandardRemovableAttributeTagProcessor
[THYMELEAF]             * [* {th:cellspacing,data-th-cellspacing}] [1000]: org.thymeleaf.standard.processor.StandardRemovableAttributeTagProcessor
[THYMELEAF]             * [* {th:placeholder,data-th-placeholder}] [1000]: org.thymeleaf.standard.processor.StandardRemovableAttributeTagProcessor
[THYMELEAF]             * [* {th:valuetype,data-th-valuetype}] [1000]: org.thymeleaf.standard.processor.StandardRemovableAttributeTagProcessor
[THYMELEAF]             * [* {th:axis,data-th-axis}] [1000]: org.thymeleaf.standard.processor.StandardRemovableAttributeTagProcessor
[THYMELEAF]             * [* {th:span,data-th-span}] [1000]: org.thymeleaf.standard.processor.StandardRemovableAttributeTagProcessor
[THYMELEAF]             * [* {th:formtarget,data-th-formtarget}] [1000]: org.thymeleaf.standard.processor.StandardRemovableAttributeTagProcessor
[THYMELEAF]             * [* {th:lang,data-th-lang}] [1000]: org.thymeleaf.standard.processor.StandardRemovableAttributeTagProcessor
[THYMELEAF]             * [* {th:frame,data-th-frame}] [1000]: org.thymeleaf.standard.processor.StandardRemovableAttributeTagProcessor
[THYMELEAF]             * [* {th:min,data-th-min}] [1000]: org.thymeleaf.standard.processor.StandardRemovableAttributeTagProcessor
[THYMELEAF]             * [* {th:spellcheck,data-th-spellcheck}] [1000]: org.thymeleaf.standard.processor.StandardRemovableAttributeTagProcessor
[THYMELEAF]             * [* {th:datetime,data-th-datetime}] [1000]: org.thymeleaf.standard.processor.StandardRemovableAttributeTagProcessor
[THYMELEAF]             * [* {th:start,data-th-start}] [1000]: org.thymeleaf.standard.processor.StandardRemovableAttributeTagProcessor
[THYMELEAF]             * [* {th:hreflang,data-th-hreflang}] [1000]: org.thymeleaf.standard.processor.StandardRemovableAttributeTagProcessor
[THYMELEAF]             * [* {th:height,data-th-height}] [1000]: org.thymeleaf.standard.processor.StandardRemovableAttributeTagProcessor
[THYMELEAF]             * [* {th:dir,data-th-dir}] [1000]: org.thymeleaf.standard.processor.StandardRemovableAttributeTagProcessor
[THYMELEAF]             * [* {th:wrap,data-th-wrap}] [1000]: org.thymeleaf.standard.processor.StandardRemovableAttributeTagProcessor
[THYMELEAF]             * [* {th:dropzone,data-th-dropzone}] [1000]: org.thymeleaf.standard.processor.StandardRemovableAttributeTagProcessor
[THYMELEAF]             * [* {th:abbr,data-th-abbr}] [1000]: org.thymeleaf.standard.processor.StandardRemovableAttributeTagProcessor
[THYMELEAF]             * [* {th:autocomplete,data-th-autocomplete}] [1000]: org.thymeleaf.standard.processor.StandardRemovableAttributeTagProcessor
[THYMELEAF]             * [* {th:content,data-th-content}] [1000]: org.thymeleaf.standard.processor.StandardRemovableAttributeTagProcessor
[THYMELEAF]             * [* {th:poster,data-th-poster}] [1000]: org.thymeleaf.standard.processor.StandardRemovableAttributeTagProcessor
[THYMELEAF]             * [* {th:size,data-th-size}] [1000]: org.thymeleaf.standard.processor.StandardRemovableAttributeTagProcessor
[THYMELEAF]             * [* {th:longdesc,data-th-longdesc}] [1000]: org.thymeleaf.standard.processor.StandardRemovableAttributeTagProcessor
[THYMELEAF]             * [* {th:usemap,data-th-usemap}] [1000]: org.thymeleaf.standard.processor.StandardRemovableAttributeTagProcessor
[THYMELEAF]             * [* {th:codebase,data-th-codebase}] [1000]: org.thymeleaf.standard.processor.StandardRemovableAttributeTagProcessor
[THYMELEAF]             * [* {th:enctype,data-th-enctype}] [1000]: org.thymeleaf.standard.processor.StandardRemovableAttributeTagProcessor
[THYMELEAF]             * [* {th:kind,data-th-kind}] [1000]: org.thymeleaf.standard.processor.StandardRemovableAttributeTagProcessor
[THYMELEAF]             * [* {th:class,data-th-class}] [1000]: org.thymeleaf.standard.processor.StandardRemovableAttributeTagProcessor
[THYMELEAF]             * [* {th:contextmenu,data-th-contextmenu}] [1000]: org.thymeleaf.standard.processor.StandardRemovableAttributeTagProcessor
[THYMELEAF]             * [* {th:accesskey,data-th-accesskey}] [1000]: org.thymeleaf.standard.processor.StandardRemovableAttributeTagProcessor
[THYMELEAF]             * [* {th:archive,data-th-archive}] [1000]: org.thymeleaf.standard.processor.StandardRemovableAttributeTagProcessor
[THYMELEAF]             * [* {th:colspan,data-th-colspan}] [1000]: org.thymeleaf.standard.processor.StandardRemovableAttributeTagProcessor
[THYMELEAF]             * [* {th:high,data-th-high}] [1000]: org.thymeleaf.standard.processor.StandardRemovableAttributeTagProcessor
[THYMELEAF]             * [* {th:summary,data-th-summary}] [1000]: org.thymeleaf.standard.processor.StandardRemovableAttributeTagProcessor
[THYMELEAF]             * [* {th:icon,data-th-icon}] [1000]: org.thymeleaf.standard.processor.StandardRemovableAttributeTagProcessor
[THYMELEAF]             * [* {th:max,data-th-max}] [1000]: org.thymeleaf.standard.processor.StandardRemovableAttributeTagProcessor
[THYMELEAF]             * [* {th:accept-charset,data-th-accept-charset}] [1000]: org.thymeleaf.standard.processor.StandardRemovableAttributeTagProcessor
[THYMELEAF]             * [* {th:standby,data-th-standby}] [1000]: org.thymeleaf.standard.processor.StandardRemovableAttributeTagProcessor
[THYMELEAF]             * [* {th:formaction,data-th-formaction}] [1000]: org.thymeleaf.standard.processor.StandardRemovableAttributeTagProcessor
[THYMELEAF]             * [* {th:cols,data-th-cols}] [1000]: org.thymeleaf.standard.processor.StandardRemovableAttributeTagProcessor
[THYMELEAF]             * [* {th:challenge,data-th-challenge}] [1000]: org.thymeleaf.standard.processor.StandardRemovableAttributeTagProcessor
[THYMELEAF]             * [* {th:border,data-th-border}] [1000]: org.thymeleaf.standard.processor.StandardRemovableAttributeTagProcessor
[THYMELEAF]             * [* {th:compact,data-th-compact}] [1000]: org.thymeleaf.standard.processor.StandardRemovableAttributeTagProcessor
[THYMELEAF]             * [* {th:width,data-th-width}] [1000]: org.thymeleaf.standard.processor.StandardRemovableAttributeTagProcessor
[THYMELEAF]             * [* {th:maxlength,data-th-maxlength}] [1000]: org.thymeleaf.standard.processor.StandardRemovableAttributeTagProcessor
[THYMELEAF]             * [* {th:keytype,data-th-keytype}] [1000]: org.thymeleaf.standard.processor.StandardRemovableAttributeTagProcessor
[THYMELEAF]             * [* {th:formenctype,data-th-formenctype}] [1000]: org.thymeleaf.standard.processor.StandardRemovableAttributeTagProcessor
[THYMELEAF]             * [* {th:radiogroup,data-th-radiogroup}] [1000]: org.thymeleaf.standard.processor.StandardRemovableAttributeTagProcessor
[THYMELEAF]             * [* {th:cellpadding,data-th-cellpadding}] [1000]: org.thymeleaf.standard.processor.StandardRemovableAttributeTagProcessor
[THYMELEAF]             * [* {th:align,data-th-align}] [1000]: org.thymeleaf.standard.processor.StandardRemovableAttributeTagProcessor
[THYMELEAF]             * [* {th:low,data-th-low}] [1000]: org.thymeleaf.standard.processor.StandardRemovableAttributeTagProcessor
[THYMELEAF]             * [* {th:title,data-th-title}] [1000]: org.thymeleaf.standard.processor.StandardRemovableAttributeTagProcessor
[THYMELEAF]             * [* {th:bgcolor,data-th-bgcolor}] [1000]: org.thymeleaf.standard.processor.StandardRemovableAttributeTagProcessor
[THYMELEAF]             * [* {th:headers,data-th-headers}] [1000]: org.thymeleaf.standard.processor.StandardRemovableAttributeTagProcessor
[THYMELEAF]             * [* {th:media,data-th-media}] [1000]: org.thymeleaf.standard.processor.StandardRemovableAttributeTagProcessor
[THYMELEAF]             * [* {th:step,data-th-step}] [1000]: org.thymeleaf.standard.processor.StandardRemovableAttributeTagProcessor
[THYMELEAF]             * [* {th:label,data-th-label}] [1000]: org.thymeleaf.standard.processor.StandardRemovableAttributeTagProcessor
[THYMELEAF]             * [* {th:charset,data-th-charset}] [1000]: org.thymeleaf.standard.processor.StandardRemovableAttributeTagProcessor
[THYMELEAF]             * [* {th:srclang,data-th-srclang}] [1000]: org.thymeleaf.standard.processor.StandardRemovableAttributeTagProcessor
[THYMELEAF]             * [* {th:optimum,data-th-optimum}] [1000]: org.thymeleaf.standard.processor.StandardRemovableAttributeTagProcessor
[THYMELEAF]             * [* {th:http-equiv,data-th-http-equiv}] [1000]: org.thymeleaf.standard.processor.StandardRemovableAttributeTagProcessor
[THYMELEAF]             * [* {th:rowspan,data-th-rowspan}] [1000]: org.thymeleaf.standard.processor.StandardRemovableAttributeTagProcessor
[THYMELEAF]             * [* {th:style,data-th-style}] [1000]: org.thymeleaf.standard.processor.StandardRemovableAttributeTagProcessor
[THYMELEAF]             * [* {th:form,data-th-form}] [1000]: org.thymeleaf.standard.processor.StandardRemovableAttributeTagProcessor
[THYMELEAF]             * [* {th:rules,data-th-rules}] [1000]: org.thymeleaf.standard.processor.StandardRemovableAttributeTagProcessor
[THYMELEAF]             * [* {th:tabindex,data-th-tabindex}] [1000]: org.thymeleaf.standard.processor.StandardRemovableAttributeTagProcessor
[THYMELEAF]             * [* {th:preload,data-th-preload}] [1000]: org.thymeleaf.standard.processor.StandardRemovableAttributeTagProcessor
[THYMELEAF]             * [* {th:sandbox,data-th-sandbox}] [1000]: org.thymeleaf.standard.processor.StandardRemovableAttributeTagProcessor
[THYMELEAF]             * [* {th:list,data-th-list}] [1000]: org.thymeleaf.standard.processor.StandardRemovableAttributeTagProcessor
[THYMELEAF]             * [* {th:marginheight,data-th-marginheight}] [1000]: org.thymeleaf.standard.processor.StandardRemovableAttributeTagProcessor
[THYMELEAF]             * [* {th:rows,data-th-rows}] [1000]: org.thymeleaf.standard.processor.StandardRemovableAttributeTagProcessor
[THYMELEAF]             * [* {th:alt,data-th-alt}] [1000]: org.thymeleaf.standard.processor.StandardRemovableAttributeTagProcessor
[THYMELEAF]             * [* {th:sizes,data-th-sizes}] [1000]: org.thymeleaf.standard.processor.StandardRemovableAttributeTagProcessor
[THYMELEAF]             * [* {th:pattern,data-th-pattern}] [1000]: org.thymeleaf.standard.processor.StandardRemovableAttributeTagProcessor
[THYMELEAF]             * [* {th:marginwidth,data-th-marginwidth}] [1000]: org.thymeleaf.standard.processor.StandardRemovableAttributeTagProcessor
[THYMELEAF]             * [* {th:classid,data-th-classid}] [1000]: org.thymeleaf.standard.processor.StandardRemovableAttributeTagProcessor
[THYMELEAF]             * [* {th:vspace,data-th-vspace}] [1000]: org.thymeleaf.standard.processor.StandardRemovableAttributeTagProcessor
[THYMELEAF]             * [* {th:rev,data-th-rev}] [1000]: org.thymeleaf.standard.processor.StandardRemovableAttributeTagProcessor
[THYMELEAF]             * [* {th:data,data-th-data}] [1000]: org.thymeleaf.standard.processor.StandardRemovableAttributeTagProcessor
[THYMELEAF]             * [* {th:scrolling,data-th-scrolling}] [1000]: org.thymeleaf.standard.processor.StandardRemovableAttributeTagProcessor
[THYMELEAF]             * [* {th:cite,data-th-cite}] [1000]: org.thymeleaf.standard.processor.StandardRemovableAttributeTagProcessor
[THYMELEAF]             * [* {th:src,data-th-src}] [1000]: org.thymeleaf.standard.processor.StandardSrcTagProcessor
[THYMELEAF]             * [* {th:value,data-th-value}] [1000]: org.thymeleaf.standard.processor.StandardValueTagProcessor
[THYMELEAF]             * [* {th:xmlbase,data-th-xmlbase}] [1000]: org.thymeleaf.standard.processor.StandardXmlBaseTagProcessor
[THYMELEAF]             * [* {th:xmllang,data-th-xmllang}] [1000]: org.thymeleaf.standard.processor.StandardXmlLangTagProcessor
[THYMELEAF]             * [* {xmlns:th}] [1000]: org.thymeleaf.standard.processor.StandardXmlNsTagProcessor
[THYMELEAF]             * [* {th:xmlspace,data-th-xmlspace}] [1000]: org.thymeleaf.standard.processor.StandardXmlSpaceTagProcessor
[THYMELEAF]             * [* {th:classappend,data-th-classappend}] [1100]: org.thymeleaf.standard.processor.StandardClassappendTagProcessor
[THYMELEAF]             * [* {th:styleappend,data-th-styleappend}] [1100]: org.thymeleaf.standard.processor.StandardStyleappendTagProcessor
[THYMELEAF]             * [* {th:text,data-th-text}] [1300]: org.thymeleaf.standard.processor.StandardTextTagProcessor
[THYMELEAF]             * [* {th:utext,data-th-utext}] [1400]: org.thymeleaf.standard.processor.StandardUtextTagProcessor
[THYMELEAF]             * [* {th:fragment,data-th-fragment}] [1500]: org.thymeleaf.standard.processor.StandardFragmentTagProcessor
[THYMELEAF]             * [* {th:assert,data-th-assert}] [1550]: org.thymeleaf.standard.processor.StandardAssertTagProcessor
[THYMELEAF]             * [* {th:remove,data-th-remove}] [1600]: org.thymeleaf.standard.processor.StandardRemoveTagProcessor
[THYMELEAF]             * [* {th:ref,data-th-ref}] [10000]: org.thymeleaf.standard.processor.StandardRefAttributeTagProcessor
[THYMELEAF]             * [{th:block,th-block} *] [100000]: org.thymeleaf.standard.processor.StandardBlockTagProcessor
[THYMELEAF]             * [* th:*] [2147483647]: org.thymeleaf.standard.processor.StandardDefaultAttributesTagProcessor
[THYMELEAF]         * Text Processors by [precedence]:
[THYMELEAF]             * [1000]: org.thymeleaf.standard.processor.StandardInliningTextProcessor
[THYMELEAF]         * DOCTYPE Processors by [precedence]:
[THYMELEAF]             * [1000]: org.thymeleaf.standard.processor.StandardTranslationDocTypeProcessor
[THYMELEAF]         * CDATA Section Processors by [precedence]:
[THYMELEAF]             * [1000]: org.thymeleaf.standard.processor.StandardInliningCDATASectionProcessor
[THYMELEAF]         * Comment Processors by [precedence]:
[THYMELEAF]             * [1000]: org.thymeleaf.standard.processor.StandardInliningCommentProcessor
[THYMELEAF]             * [1100]: org.thymeleaf.standard.processor.StandardConditionalCommentProcessor
[THYMELEAF]     * Processors for Template Mode: XML
[THYMELEAF]         * Element Tag Processors by [matching element and attribute name] [precedence]:
[THYMELEAF]             * [* {th:include}] [100]: org.thymeleaf.standard.processor.StandardIncludeTagProcessor
[THYMELEAF]             * [* {th:insert}] [100]: org.thymeleaf.standard.processor.StandardInsertTagProcessor
[THYMELEAF]             * [* {th:replace}] [100]: org.thymeleaf.standard.processor.StandardReplaceTagProcessor
[THYMELEAF]             * [* {th:substituteby}] [100]: org.thymeleaf.standard.processor.StandardSubstituteByTagProcessor
[THYMELEAF]             * [* {th:each}] [200]: com.intuit.karate.template.KarateEachTagProcessor
[THYMELEAF]             * [* {th:switch}] [250]: org.thymeleaf.standard.processor.StandardSwitchTagProcessor
[THYMELEAF]             * [* {th:case}] [275]: org.thymeleaf.standard.processor.StandardCaseTagProcessor
[THYMELEAF]             * [* {th:if}] [300]: org.thymeleaf.standard.processor.StandardIfTagProcessor
[THYMELEAF]             * [* {th:unless}] [400]: org.thymeleaf.standard.processor.StandardUnlessTagProcessor
[THYMELEAF]             * [* {th:object}] [500]: org.thymeleaf.standard.processor.StandardObjectTagProcessor
[THYMELEAF]             * [* {th:with}] [600]: com.intuit.karate.template.KarateWithTagProcessor
[THYMELEAF]             * [* {th:attr}] [700]: com.intuit.karate.template.KarateAttributeTagProcessor.KarateAttrTagProcessor
[THYMELEAF]             * [* {th:attrappend}] [900]: com.intuit.karate.template.KarateAttributeTagProcessor.KarateAttrappendTagProcessor
[THYMELEAF]             * [* {th:attrprepend}] [900]: com.intuit.karate.template.KarateAttributeTagProcessor.KarateAttrprependTagProcessor
[THYMELEAF]             * [* {th:inline}] [1000]: org.thymeleaf.standard.processor.StandardInlineXMLTagProcessor
[THYMELEAF]             * [* {xmlns:th}] [1000]: org.thymeleaf.standard.processor.StandardXmlNsTagProcessor
[THYMELEAF]             * [* {th:text}] [1300]: org.thymeleaf.standard.processor.StandardTextTagProcessor
[THYMELEAF]             * [* {th:utext}] [1400]: org.thymeleaf.standard.processor.StandardUtextTagProcessor
[THYMELEAF]             * [* {th:fragment}] [1500]: org.thymeleaf.standard.processor.StandardFragmentTagProcessor
[THYMELEAF]             * [* {th:assert}] [1550]: org.thymeleaf.standard.processor.StandardAssertTagProcessor
[THYMELEAF]             * [* {th:remove}] [1600]: org.thymeleaf.standard.processor.StandardRemoveTagProcessor
[THYMELEAF]             * [* {th:ref}] [10000]: org.thymeleaf.standard.processor.StandardRefAttributeTagProcessor
[THYMELEAF]             * [{th:block} *] [100000]: org.thymeleaf.standard.processor.StandardBlockTagProcessor
[THYMELEAF]             * [* th:*] [2147483647]: org.thymeleaf.standard.processor.StandardDefaultAttributesTagProcessor
[THYMELEAF]         * Text Processors by [precedence]:
[THYMELEAF]             * [1000]: org.thymeleaf.standard.processor.StandardInliningTextProcessor
[THYMELEAF]         * CDATA Section Processors by [precedence]:
[THYMELEAF]             * [1000]: org.thymeleaf.standard.processor.StandardInliningCDATASectionProcessor
[THYMELEAF]         * Comment Processors by [precedence]:
[THYMELEAF]             * [1000]: org.thymeleaf.standard.processor.StandardInliningCommentProcessor
[THYMELEAF]     * Processors for Template Mode: TEXT
[THYMELEAF]         * Element Tag Processors by [matching element and attribute name] [precedence]:
[THYMELEAF]             * [* {th:insert}] [100]: org.thymeleaf.standard.processor.StandardInsertTagProcessor
[THYMELEAF]             * [* {th:replace}] [100]: org.thymeleaf.standard.processor.StandardReplaceTagProcessor
[THYMELEAF]             * [* {th:each}] [200]: com.intuit.karate.template.KarateEachTagProcessor
[THYMELEAF]             * [* {th:switch}] [250]: org.thymeleaf.standard.processor.StandardSwitchTagProcessor
[THYMELEAF]             * [* {th:case}] [275]: org.thymeleaf.standard.processor.StandardCaseTagProcessor
[THYMELEAF]             * [* {th:if}] [300]: org.thymeleaf.standard.processor.StandardIfTagProcessor
[THYMELEAF]             * [* {th:unless}] [400]: org.thymeleaf.standard.processor.StandardUnlessTagProcessor
[THYMELEAF]             * [* {th:object}] [500]: org.thymeleaf.standard.processor.StandardObjectTagProcessor
[THYMELEAF]             * [* {th:with}] [600]: com.intuit.karate.template.KarateWithTagProcessor
[THYMELEAF]             * [* {th:inline}] [1000]: org.thymeleaf.standard.processor.StandardInlineTextualTagProcessor
[THYMELEAF]             * [* {th:text}] [1300]: org.thymeleaf.standard.processor.StandardTextTagProcessor
[THYMELEAF]             * [* {th:utext}] [1400]: org.thymeleaf.standard.processor.StandardUtextTagProcessor
[THYMELEAF]             * [* {th:assert}] [1550]: org.thymeleaf.standard.processor.StandardAssertTagProcessor
[THYMELEAF]             * [* {th:remove}] [1600]: org.thymeleaf.standard.processor.StandardRemoveTagProcessor
[THYMELEAF]             * [* 100000] [org.thymeleaf.standard.processor.StandardBlockTagProcessor]: {}
[THYMELEAF]             * [{th:block} *] [100000]: org.thymeleaf.standard.processor.StandardBlockTagProcessor
[THYMELEAF]         * Text Processors by [precedence]:
[THYMELEAF]             * [1000]: org.thymeleaf.standard.processor.StandardInliningTextProcessor
[THYMELEAF]     * Processors for Template Mode: JAVASCRIPT
[THYMELEAF]         * Element Tag Processors by [matching element and attribute name] [precedence]:
[THYMELEAF]             * [* {th:insert}] [100]: org.thymeleaf.standard.processor.StandardInsertTagProcessor
[THYMELEAF]             * [* {th:replace}] [100]: org.thymeleaf.standard.processor.StandardReplaceTagProcessor
[THYMELEAF]             * [* {th:each}] [200]: com.intuit.karate.template.KarateEachTagProcessor
[THYMELEAF]             * [* {th:switch}] [250]: org.thymeleaf.standard.processor.StandardSwitchTagProcessor
[THYMELEAF]             * [* {th:case}] [275]: org.thymeleaf.standard.processor.StandardCaseTagProcessor
[THYMELEAF]             * [* {th:if}] [300]: org.thymeleaf.standard.processor.StandardIfTagProcessor
[THYMELEAF]             * [* {th:unless}] [400]: org.thymeleaf.standard.processor.StandardUnlessTagProcessor
[THYMELEAF]             * [* {th:object}] [500]: org.thymeleaf.standard.processor.StandardObjectTagProcessor
[THYMELEAF]             * [* {th:with}] [600]: com.intuit.karate.template.KarateWithTagProcessor
[THYMELEAF]             * [* {th:inline}] [1000]: org.thymeleaf.standard.processor.StandardInlineTextualTagProcessor
[THYMELEAF]             * [* {th:text}] [1300]: org.thymeleaf.standard.processor.StandardTextTagProcessor
[THYMELEAF]             * [* {th:utext}] [1400]: org.thymeleaf.standard.processor.StandardUtextTagProcessor
[THYMELEAF]             * [* {th:assert}] [1550]: org.thymeleaf.standard.processor.StandardAssertTagProcessor
[THYMELEAF]             * [* {th:remove}] [1600]: org.thymeleaf.standard.processor.StandardRemoveTagProcessor
[THYMELEAF]             * [{th:block} *] [100000]: org.thymeleaf.standard.processor.StandardBlockTagProcessor
[THYMELEAF]             * [* 100000] [org.thymeleaf.standard.processor.StandardBlockTagProcessor]: {}
[THYMELEAF]         * Text Processors by [precedence]:
[THYMELEAF]             * [1000]: org.thymeleaf.standard.processor.StandardInliningTextProcessor
[THYMELEAF]     * Processors for Template Mode: CSS
[THYMELEAF]         * Element Tag Processors by [matching element and attribute name] [precedence]:
[THYMELEAF]             * [* {th:insert}] [100]: org.thymeleaf.standard.processor.StandardInsertTagProcessor
[THYMELEAF]             * [* {th:replace}] [100]: org.thymeleaf.standard.processor.StandardReplaceTagProcessor
[THYMELEAF]             * [* {th:each}] [200]: com.intuit.karate.template.KarateEachTagProcessor
[THYMELEAF]             * [* {th:switch}] [250]: org.thymeleaf.standard.processor.StandardSwitchTagProcessor
[THYMELEAF]             * [* {th:case}] [275]: org.thymeleaf.standard.processor.StandardCaseTagProcessor
[THYMELEAF]             * [* {th:if}] [300]: org.thymeleaf.standard.processor.StandardIfTagProcessor
[THYMELEAF]             * [* {th:unless}] [400]: org.thymeleaf.standard.processor.StandardUnlessTagProcessor
[THYMELEAF]             * [* {th:object}] [500]: org.thymeleaf.standard.processor.StandardObjectTagProcessor
[THYMELEAF]             * [* {th:with}] [600]: com.intuit.karate.template.KarateWithTagProcessor
[THYMELEAF]             * [* {th:inline}] [1000]: org.thymeleaf.standard.processor.StandardInlineTextualTagProcessor
[THYMELEAF]             * [* {th:text}] [1300]: org.thymeleaf.standard.processor.StandardTextTagProcessor
[THYMELEAF]             * [* {th:utext}] [1400]: org.thymeleaf.standard.processor.StandardUtextTagProcessor
[THYMELEAF]             * [* {th:assert}] [1550]: org.thymeleaf.standard.processor.StandardAssertTagProcessor
[THYMELEAF]             * [* {th:remove}] [1600]: org.thymeleaf.standard.processor.StandardRemoveTagProcessor
[THYMELEAF]             * [{th:block} *] [100000]: org.thymeleaf.standard.processor.StandardBlockTagProcessor
[THYMELEAF]             * [* 100000] [org.thymeleaf.standard.processor.StandardBlockTagProcessor]: {}
[THYMELEAF]         * Text Processors by [precedence]:
[THYMELEAF]             * [1000]: org.thymeleaf.standard.processor.StandardInliningTextProcessor
[THYMELEAF]     * Expression Objects:
[THYMELEAF]         * #ctx
[THYMELEAF]         * #root
[THYMELEAF]         * #vars
[THYMELEAF]         * #object
[THYMELEAF]         * #locale
[THYMELEAF]         * #request
[THYMELEAF]         * #response
[THYMELEAF]         * #session
[THYMELEAF]         * #servletContext
[THYMELEAF]         * #conversions
[THYMELEAF]         * #uris
[THYMELEAF]         * #calendars
[THYMELEAF]         * #dates
[THYMELEAF]         * #bools
[THYMELEAF]         * #numbers
[THYMELEAF]         * #objects
[THYMELEAF]         * #strings
[THYMELEAF]         * #arrays
[THYMELEAF]         * #lists
[THYMELEAF]         * #sets
[THYMELEAF]         * #maps
[THYMELEAF]         * #aggregates
[THYMELEAF]         * #messages
[THYMELEAF]         * #ids
[THYMELEAF]         * #execInfo
[THYMELEAF]         * #httpServletRequest
[THYMELEAF]         * #httpSession
[THYMELEAF]     * Execution Attributes:
[THYMELEAF]         * "StandardExpressionParser": com.intuit.karate.template.KarateStandardDialect@53918b5e
[THYMELEAF]         * "StandardJavaScriptSerializer": org.thymeleaf.standard.serializer.StandardJavaScriptSerializer@4f2b1e9f
[THYMELEAF]         * "StandardCSSSerializer": org.thymeleaf.standard.serializer.StandardCSSSerializer@7ef9c8a5
[THYMELEAF]         * "StandardVariableExpressionEvaluator": com.intuit.karate.template.KarateStandardDialect@53918b5e
[THYMELEAF]         * "StandardConversionService": org.thymeleaf.standard.expression.StandardConversionService@c6244e7
[THYMELEAF] * Dialect [2 of 2]: karate (com.intuit.karate.template.KarateScriptDialect)
[THYMELEAF]     * Prefix: "ka"
[THYMELEAF]     * Processors for Template Mode: HTML
[THYMELEAF]         * Element Tag Processors by [matching element and attribute name] [precedence]:
[THYMELEAF]             * [* {src}] [1000]: com.intuit.karate.template.KaScriptAttrProcessor
[THYMELEAF]         * Element Model Processors by [matching element and attribute name] [precedence]:
[THYMELEAF]             * [{script} {ka:scope,data-ka-scope}] [1000]: com.intuit.karate.template.KaScriptElemProcessor
[THYMELEAF]             * [* {ka:set,data-ka-set}] [1000]: com.intuit.karate.template.KaSetElemProcessor
[THYMELEAF] TEMPLATE ENGINE CONFIGURED OK
14:15:32.624 [main] DEBUG org.thymeleaf.TemplateEngine - [THYMELEAF] TEMPLATE ENGINE INITIALIZED

HTML report: (paste into browser to view) | Karate version: 1.4.0
file:///C:/Users/aromero/OneDrive%20-%20RED%20TRANSACCIONAL%20COOPERATIVA%20RTC%20COONECTA/Escritorio/PRUEBA%20-%20TATA/Karate-EJERCICIO2/target/karate-reports/karate-summary.html
===================================================================

]]></system-out>
  </testcase>
</testsuite>